<?xml version="1.0" encoding="UTF-8"?>
<testsuites name="Test_on_MS_Edge" time="401.873" tests="53" failures="40" errors="0">
   <testsuite name="Test_Admin_Page_Accessible" tests="8" failures="0" errors="0" time="200.511" skipped="0" timestamp="23-06-2024T20:41:31" hostname="Summer - DESKTOP-KG5V3HF" id="Test Suites/Test_Admin_Page_Accessible">
      <properties>
         <property name="deviceName" value=""/>
         <property name="devicePlatform"/>
         <property name="logFolder" value="C:\\DevPackage\\xampp\\htdocs\\SAD\\ArtLens\\Reports\\20240623_204104\\Test_Admin_Page_Accessible\\20240623_204105"/>
         <property name="logFiles" value="C:\\DevPackage\\xampp\\htdocs\\SAD\\ArtLens\\Reports\\20240623_204104\\Test_Admin_Page_Accessible\\20240623_204105\\execution0.log"/>
         <property name="attachments" value=""/>
         <property name="hostName" value="Summer - DESKTOP-KG5V3HF"/>
         <property name="os" value="Windows 10 64bit"/>
         <property name="katalonVersion" value="9.6.0.217"/>
         <property name="browser" value="Firefox 128.0"/>
         <property name="hostAddress" value="192.200.100.56"/>
         <property name="sessionId" value="048a1d81-53b3-48e2-a98e-237b6ed2b65e"/>
         <property name="seleniumVersion" value="3.141.59"/>
         <property name="proxyInformation" value="ProxyInformation { proxyOption=NO_PROXY, proxyServerType=HTTP, username=, password=********, proxyServerAddress=, proxyServerPort=0, executionList=&quot;&quot;, isApplyToDesiredCapabilities=true }"/>
         <property name="platform" value="Windows 10"/>
      </properties>
      <testcase name="Test Cases/admin/account_management/page_accessible" time="52.051" classname="Test Cases/admin/account_management/page_accessible" status="PASSED">
         <system-out><![CDATA[23-06-2024T20:41:32 - [TEST_CASE][PASSED] - Test Cases/admin/account_management/page_accessible: Test Cases/admin/account_management/page_accessible

23-06-2024T20:41:33 - [TEST_STEP][PASSED] - Start listener action : sampleBeforeTestCase: Browser is opened with url: ''

23-06-2024T20:41:33 - [TEST_STEP][PASSED] - println(testCaseContext.getTestCaseId()): null

23-06-2024T20:41:34 - [TEST_STEP][PASSED] - openBrowser(""): Browser is opened with url: ''

23-06-2024T20:41:36 - [MESSAGE][INFO] - Starting 'Firefox (headless)' driver

23-06-2024T20:41:38 - [MESSAGE][INFO] - Action delay is set to 0 milliseconds

23-06-2024T20:41:58 - [MESSAGE][PASSED] - Browser is opened with url: ''

23-06-2024T20:42:00 - [TEST_STEP][PASSED] - AdminUtils.openWebPage("adminaccount.php"): Navigate to 'http://localhost/SAD/ArtLens/adminaccount.php' successfully

23-06-2024T20:42:10 - [MESSAGE][INFO] - HAR: C:\DevPackage\xampp\htdocs\SAD\ArtLens\Reports\20240623_204104\Test_Admin_Page_Accessible\20240623_204105\requests\main\0.har

23-06-2024T20:42:10 - [MESSAGE][PASSED] - Send request successfully

23-06-2024T20:42:10 - [MESSAGE][PASSED] - All links are accessible

23-06-2024T20:42:13 - [MESSAGE][PASSED] - Navigate to 'http://localhost/SAD/ArtLens/adminaccount.php' successfully

23-06-2024T20:42:13 - [TEST_STEP][PASSED] - callTestCase(findTestCase("Common_TestCases/admin_login_all_valid"), [:], STOP_ON_FAILURE): Call Test Case 'Test Cases/Common_TestCases/admin_login_all_valid' successfully

23-06-2024T20:42:14 - [TEST_CASE][PASSED] - Test Cases/Common_TestCases/admin_login_all_valid: Test Cases/Common_TestCases/admin_login_all_valid

23-06-2024T20:42:15 - [TEST_STEP][PASSED] - try: The URL is correct: http://localhost/SAD/ArtLens/adminindex.php

23-06-2024T20:42:15 - [TEST_STEP][PASSED] - userIndex = userIndex: null

23-06-2024T20:42:15 - [TEST_STEP][PASSED] - callTestCase(findTestCase("admin/landing_page/header_bar_visible"), [:], STOP_ON_FAILURE): Call Test Case 'Test Cases/admin/landing_page/header_bar_visible' successfully

23-06-2024T20:42:15 - [TEST_CASE][PASSED] - Test Cases/admin/landing_page/header_bar_visible: Test Cases/admin/landing_page/header_bar_visible

23-06-2024T20:42:16 - [TEST_STEP][PASSED] - callTestCase(findTestCase("admin/landing_page/page_acessible"), [:], STOP_ON_FAILURE): Call Test Case 'Test Cases/admin/landing_page/page_acessible' successfully

23-06-2024T20:42:16 - [TEST_CASE][PASSED] - Test Cases/admin/landing_page/page_acessible: Test Cases/admin/landing_page/page_acessible

23-06-2024T20:42:17 - [TEST_STEP][PASSED] - AdminUtils.openWebPage("admin.php"): Navigate to 'http://localhost/SAD/ArtLens/admin.php' successfully

23-06-2024T20:42:17 - [MESSAGE][INFO] - HAR: C:\DevPackage\xampp\htdocs\SAD\ArtLens\Reports\20240623_204104\Test_Admin_Page_Accessible\20240623_204105\requests\main\1.har

23-06-2024T20:42:17 - [MESSAGE][PASSED] - Send request successfully

23-06-2024T20:42:17 - [MESSAGE][PASSED] - All links are accessible

23-06-2024T20:42:18 - [MESSAGE][PASSED] - Navigate to 'http://localhost/SAD/ArtLens/admin.php' successfully

23-06-2024T20:42:18 - [MESSAGE][PASSED] - Call Test Case 'Test Cases/admin/landing_page/page_acessible' successfully

23-06-2024T20:42:18 - [TEST_STEP][PASSED] - verifyElementPresent(findTestObject("admin/landing_page/nav_ArtLens            Admin Login"), 0): Object 'Object Repository/admin/landing_page/nav_ArtLens            Admin Login' is present

23-06-2024T20:42:18 - [MESSAGE][WARNING] - Timeout '0' is invalid. Using default page load timeout: '30'

23-06-2024T20:42:19 - [MESSAGE][PASSED] - Object 'Object Repository/admin/landing_page/nav_ArtLens            Admin Login' is present

23-06-2024T20:42:19 - [TEST_STEP][PASSED] - verifyElementVisible(findTestObject("admin/landing_page/nav_ArtLens            Admin Login")): Object 'Object Repository/admin/landing_page/nav_ArtLens            Admin Login' is visible

23-06-2024T20:42:19 - [MESSAGE][PASSED] - Object 'Object Repository/admin/landing_page/nav_ArtLens            Admin Login' is visible

23-06-2024T20:42:19 - [MESSAGE][PASSED] - Call Test Case 'Test Cases/admin/landing_page/header_bar_visible' successfully

23-06-2024T20:42:19 - [TEST_STEP][PASSED] - AdminUtils.adminLogin(ValidUsernameCredentials[userIndex], ValidPasswordCredentials[userIndex]): Object: 'Object Repository/admin/landing_page/button_Login' is clicked on

23-06-2024T20:42:19 - [MESSAGE][WARNING] - Timeout '0' is invalid. Using default page load timeout: '30'

23-06-2024T20:42:20 - [MESSAGE][PASSED] - Object 'Object Repository/admin/landing_page/a_Admin Login' is present

23-06-2024T20:42:20 - [MESSAGE][PASSED] - Object 'Object Repository/admin/landing_page/a_Admin Login' is visible

23-06-2024T20:42:21 - [MESSAGE][PASSED] - Object: 'Object Repository/admin/landing_page/a_Admin Login' is clicked on

23-06-2024T20:42:21 - [MESSAGE][PASSED] - Text 'admin@gmail.com' is set on object 'Object Repository/admin/landing_page/input_ARTLENS_uname'

23-06-2024T20:42:21 - [MESSAGE][PASSED] - Object: 'Object Repository/admin/landing_page/button_Show' is clicked on

23-06-2024T20:42:22 - [MESSAGE][PASSED] - Text '@Helloword' is set on object 'Object Repository/admin/landing_page/input_ARTLENS_pass_1'

23-06-2024T20:42:22 - [MESSAGE][WARNING] - Timeout '0' is invalid. Using default page load timeout: '30'

23-06-2024T20:42:22 - [MESSAGE][PASSED] - Object 'Object Repository/admin/landing_page/button_Login' is present

23-06-2024T20:42:22 - [MESSAGE][PASSED] - Object 'Object Repository/admin/landing_page/button_Login' is visible

23-06-2024T20:42:23 - [MESSAGE][PASSED] - Object: 'Object Repository/admin/landing_page/button_Login' is clicked on

23-06-2024T20:42:23 - [TEST_STEP][PASSED] - currentUrl = getUrl(): Current window's url is: 'http://localhost/SAD/ArtLens/adminindex.php'

23-06-2024T20:42:23 - [MESSAGE][PASSED] - Current window's url is: 'http://localhost/SAD/ArtLens/adminindex.php'

23-06-2024T20:42:23 - [TEST_STEP][PASSED] - expectedUrl = $GlobalVariable.appBaseLinkadminindex.php: null

23-06-2024T20:42:23 - [TEST_STEP][PASSED] - isUrlCorrect = verifyMatch(currentUrl, expectedUrl, false): Actual text 'http://localhost/SAD/ArtLens/adminindex.php' and expected text 'http://localhost/SAD/ArtLens/adminindex.php' are matched 

23-06-2024T20:42:23 - [MESSAGE][PASSED] - Actual text 'http://localhost/SAD/ArtLens/adminindex.php' and expected text 'http://localhost/SAD/ArtLens/adminindex.php' are matched 

23-06-2024T20:42:23 - [TEST_STEP][PASSED] - if (isUrlCorrect): The URL is correct: http://localhost/SAD/ArtLens/adminindex.php

23-06-2024T20:42:23 - [TEST_STEP][PASSED] - markPassed("The URL is correct: " + currentUrl): The URL is correct: http://localhost/SAD/ArtLens/adminindex.php

23-06-2024T20:42:23 - [MESSAGE][PASSED] - The URL is correct: http://localhost/SAD/ArtLens/adminindex.php

23-06-2024T20:42:23 - [TEST_STEP][PASSED] - Finally: null

23-06-2024T20:42:23 - [MESSAGE][PASSED] - Call Test Case 'Test Cases/Common_TestCases/admin_login_all_valid' successfully

23-06-2024T20:42:23 - [TEST_STEP][PASSED] - verifyElementPresent(findTestObject("Object Repository/admin/components/top_navbar/i_Logout_bi bi-person-circle fs-3 mr-3"), 0): Object 'Object Repository/admin/components/top_navbar/i_Logout_bi bi-person-circle fs-3 mr-3' is present

23-06-2024T20:42:23 - [MESSAGE][WARNING] - Timeout '0' is invalid. Using default page load timeout: '30'

23-06-2024T20:42:23 - [MESSAGE][PASSED] - Object 'Object Repository/admin/components/top_navbar/i_Logout_bi bi-person-circle fs-3 mr-3' is present

23-06-2024T20:42:23 - [TEST_STEP][PASSED] - verifyElementVisible(findTestObject("Object Repository/admin/components/top_navbar/i_Logout_bi bi-person-circle fs-3 mr-3"), STOP_ON_FAILURE): Object 'Object Repository/admin/components/top_navbar/i_Logout_bi bi-person-circle fs-3 mr-3' is visible

23-06-2024T20:42:23 - [MESSAGE][PASSED] - Object 'Object Repository/admin/components/top_navbar/i_Logout_bi bi-person-circle fs-3 mr-3' is visible

23-06-2024T20:42:23 - [TEST_STEP][PASSED] - click(findTestObject("Object Repository/admin/components/top_navbar/i_Logout_bi bi-person-circle fs-3 mr-3")): Object: 'Object Repository/admin/components/top_navbar/i_Logout_bi bi-person-circle fs-3 mr-3' is clicked on

23-06-2024T20:42:24 - [MESSAGE][PASSED] - Object: 'Object Repository/admin/components/top_navbar/i_Logout_bi bi-person-circle fs-3 mr-3' is clicked on

23-06-2024T20:42:24 - [TEST_STEP][PASSED] - currentUrl = getUrl(): Current window's url is: 'http://localhost/SAD/ArtLens/adminaccount.php'

23-06-2024T20:42:24 - [MESSAGE][PASSED] - Current window's url is: 'http://localhost/SAD/ArtLens/adminaccount.php'

23-06-2024T20:42:24 - [TEST_STEP][PASSED] - expectedUrl = $GlobalVariable.appBaseLinkadminaccount.php: null

23-06-2024T20:42:24 - [TEST_STEP][PASSED] - isUrlCorrect = verifyMatch(currentUrl, expectedUrl, false): Actual text 'http://localhost/SAD/ArtLens/adminaccount.php' and expected text 'http://localhost/SAD/ArtLens/adminaccount.php' are matched 

23-06-2024T20:42:24 - [MESSAGE][PASSED] - Actual text 'http://localhost/SAD/ArtLens/adminaccount.php' and expected text 'http://localhost/SAD/ArtLens/adminaccount.php' are matched 

23-06-2024T20:42:24 - [TEST_STEP][PASSED] - if (isUrlCorrect): The URL is correct: http://localhost/SAD/ArtLens/adminaccount.php

23-06-2024T20:42:24 - [TEST_STEP][PASSED] - markPassed("The URL is correct: " + currentUrl): The URL is correct: http://localhost/SAD/ArtLens/adminaccount.php

23-06-2024T20:42:24 - [MESSAGE][PASSED] - The URL is correct: http://localhost/SAD/ArtLens/adminaccount.php

23-06-2024T20:42:24 - [TEST_STEP][PASSED] - Start listener action : sampleAfterTestCase: null]]></system-out>
         <system-err><![CDATA[]]></system-err>
      </testcase>
      <testcase name="Test Cases/admin/announcement_management/page_accessible" time="24.552" classname="Test Cases/admin/announcement_management/page_accessible" status="PASSED">
         <system-out><![CDATA[23-06-2024T20:42:24 - [TEST_CASE][PASSED] - Test Cases/admin/announcement_management/page_accessible: Test Cases/admin/announcement_management/page_accessible

23-06-2024T20:42:25 - [TEST_STEP][PASSED] - Start listener action : sampleBeforeTestCase: Browser is opened with url: ''

23-06-2024T20:42:25 - [TEST_STEP][PASSED] - println(testCaseContext.getTestCaseId()): null

23-06-2024T20:42:25 - [TEST_STEP][PASSED] - openBrowser(""): Browser is opened with url: ''

23-06-2024T20:42:25 - [MESSAGE][WARNING] - A browser is already opened. Closing browser and opening a new one

23-06-2024T20:42:28 - [MESSAGE][INFO] - Starting 'Firefox (headless)' driver

23-06-2024T20:42:28 - [MESSAGE][INFO] - Action delay is set to 0 milliseconds

23-06-2024T20:42:36 - [MESSAGE][PASSED] - Browser is opened with url: ''

23-06-2024T20:42:37 - [TEST_STEP][PASSED] - AdminUtils.openWebPage("adminannouncements.php"): Navigate to 'http://localhost/SAD/ArtLens/adminannouncements.php' successfully

23-06-2024T20:42:37 - [MESSAGE][INFO] - HAR: C:\DevPackage\xampp\htdocs\SAD\ArtLens\Reports\20240623_204104\Test_Admin_Page_Accessible\20240623_204105\requests\main\2.har

23-06-2024T20:42:37 - [MESSAGE][PASSED] - Send request successfully

23-06-2024T20:42:37 - [MESSAGE][PASSED] - All links are accessible

23-06-2024T20:42:40 - [MESSAGE][PASSED] - Navigate to 'http://localhost/SAD/ArtLens/adminannouncements.php' successfully

23-06-2024T20:42:40 - [TEST_STEP][PASSED] - callTestCase(findTestCase("Common_TestCases/admin_login_all_valid"), [:], STOP_ON_FAILURE): Call Test Case 'Test Cases/Common_TestCases/admin_login_all_valid' successfully

23-06-2024T20:42:40 - [TEST_CASE][PASSED] - Test Cases/Common_TestCases/admin_login_all_valid: Test Cases/Common_TestCases/admin_login_all_valid

23-06-2024T20:42:40 - [TEST_STEP][PASSED] - try: The URL is correct: http://localhost/SAD/ArtLens/adminindex.php

23-06-2024T20:42:40 - [TEST_STEP][PASSED] - userIndex = userIndex: null

23-06-2024T20:42:40 - [TEST_STEP][PASSED] - callTestCase(findTestCase("admin/landing_page/header_bar_visible"), [:], STOP_ON_FAILURE): Call Test Case 'Test Cases/admin/landing_page/header_bar_visible' successfully

23-06-2024T20:42:41 - [TEST_CASE][PASSED] - Test Cases/admin/landing_page/header_bar_visible: Test Cases/admin/landing_page/header_bar_visible

23-06-2024T20:42:41 - [TEST_STEP][PASSED] - callTestCase(findTestCase("admin/landing_page/page_acessible"), [:], STOP_ON_FAILURE): Call Test Case 'Test Cases/admin/landing_page/page_acessible' successfully

23-06-2024T20:42:41 - [TEST_CASE][PASSED] - Test Cases/admin/landing_page/page_acessible: Test Cases/admin/landing_page/page_acessible

23-06-2024T20:42:41 - [TEST_STEP][PASSED] - AdminUtils.openWebPage("admin.php"): Navigate to 'http://localhost/SAD/ArtLens/admin.php' successfully

23-06-2024T20:42:41 - [MESSAGE][INFO] - HAR: C:\DevPackage\xampp\htdocs\SAD\ArtLens\Reports\20240623_204104\Test_Admin_Page_Accessible\20240623_204105\requests\main\3.har

23-06-2024T20:42:41 - [MESSAGE][PASSED] - Send request successfully

23-06-2024T20:42:41 - [MESSAGE][PASSED] - All links are accessible

23-06-2024T20:42:42 - [MESSAGE][PASSED] - Navigate to 'http://localhost/SAD/ArtLens/admin.php' successfully

23-06-2024T20:42:42 - [MESSAGE][PASSED] - Call Test Case 'Test Cases/admin/landing_page/page_acessible' successfully

23-06-2024T20:42:42 - [TEST_STEP][PASSED] - verifyElementPresent(findTestObject("admin/landing_page/nav_ArtLens            Admin Login"), 0): Object 'Object Repository/admin/landing_page/nav_ArtLens            Admin Login' is present

23-06-2024T20:42:42 - [MESSAGE][WARNING] - Timeout '0' is invalid. Using default page load timeout: '30'

23-06-2024T20:42:42 - [MESSAGE][PASSED] - Object 'Object Repository/admin/landing_page/nav_ArtLens            Admin Login' is present

23-06-2024T20:42:42 - [TEST_STEP][PASSED] - verifyElementVisible(findTestObject("admin/landing_page/nav_ArtLens            Admin Login")): Object 'Object Repository/admin/landing_page/nav_ArtLens            Admin Login' is visible

23-06-2024T20:42:42 - [MESSAGE][PASSED] - Object 'Object Repository/admin/landing_page/nav_ArtLens            Admin Login' is visible

23-06-2024T20:42:42 - [MESSAGE][PASSED] - Call Test Case 'Test Cases/admin/landing_page/header_bar_visible' successfully

23-06-2024T20:42:42 - [TEST_STEP][PASSED] - AdminUtils.adminLogin(ValidUsernameCredentials[userIndex], ValidPasswordCredentials[userIndex]): Object: 'Object Repository/admin/landing_page/button_Login' is clicked on

23-06-2024T20:42:42 - [MESSAGE][WARNING] - Timeout '0' is invalid. Using default page load timeout: '30'

23-06-2024T20:42:43 - [MESSAGE][PASSED] - Object 'Object Repository/admin/landing_page/a_Admin Login' is present

23-06-2024T20:42:43 - [MESSAGE][PASSED] - Object 'Object Repository/admin/landing_page/a_Admin Login' is visible

23-06-2024T20:42:46 - [MESSAGE][PASSED] - Object: 'Object Repository/admin/landing_page/a_Admin Login' is clicked on

23-06-2024T20:42:47 - [MESSAGE][PASSED] - Text 'admin@gmail.com' is set on object 'Object Repository/admin/landing_page/input_ARTLENS_uname'

23-06-2024T20:42:47 - [MESSAGE][PASSED] - Object: 'Object Repository/admin/landing_page/button_Show' is clicked on

23-06-2024T20:42:47 - [MESSAGE][PASSED] - Text '@Helloword' is set on object 'Object Repository/admin/landing_page/input_ARTLENS_pass_1'

23-06-2024T20:42:47 - [MESSAGE][WARNING] - Timeout '0' is invalid. Using default page load timeout: '30'

23-06-2024T20:42:47 - [MESSAGE][PASSED] - Object 'Object Repository/admin/landing_page/button_Login' is present

23-06-2024T20:42:48 - [MESSAGE][PASSED] - Object 'Object Repository/admin/landing_page/button_Login' is visible

23-06-2024T20:42:48 - [MESSAGE][PASSED] - Object: 'Object Repository/admin/landing_page/button_Login' is clicked on

23-06-2024T20:42:48 - [TEST_STEP][PASSED] - currentUrl = getUrl(): Current window's url is: 'http://localhost/SAD/ArtLens/adminindex.php'

23-06-2024T20:42:48 - [MESSAGE][PASSED] - Current window's url is: 'http://localhost/SAD/ArtLens/adminindex.php'

23-06-2024T20:42:48 - [TEST_STEP][PASSED] - expectedUrl = $GlobalVariable.appBaseLinkadminindex.php: null

23-06-2024T20:42:48 - [TEST_STEP][PASSED] - isUrlCorrect = verifyMatch(currentUrl, expectedUrl, false): Actual text 'http://localhost/SAD/ArtLens/adminindex.php' and expected text 'http://localhost/SAD/ArtLens/adminindex.php' are matched 

23-06-2024T20:42:48 - [MESSAGE][PASSED] - Actual text 'http://localhost/SAD/ArtLens/adminindex.php' and expected text 'http://localhost/SAD/ArtLens/adminindex.php' are matched 

23-06-2024T20:42:48 - [TEST_STEP][PASSED] - if (isUrlCorrect): The URL is correct: http://localhost/SAD/ArtLens/adminindex.php

23-06-2024T20:42:48 - [TEST_STEP][PASSED] - markPassed("The URL is correct: " + currentUrl): The URL is correct: http://localhost/SAD/ArtLens/adminindex.php

23-06-2024T20:42:48 - [MESSAGE][PASSED] - The URL is correct: http://localhost/SAD/ArtLens/adminindex.php

23-06-2024T20:42:48 - [TEST_STEP][PASSED] - Finally: null

23-06-2024T20:42:48 - [MESSAGE][PASSED] - Call Test Case 'Test Cases/Common_TestCases/admin_login_all_valid' successfully

23-06-2024T20:42:48 - [TEST_STEP][PASSED] - verifyElementPresent(findTestObject("Object Repository/admin/components/side_nav_drawer/a_Announcements"), 0): Object 'Object Repository/admin/components/side_nav_drawer/a_Announcements' is present

23-06-2024T20:42:48 - [MESSAGE][WARNING] - Timeout '0' is invalid. Using default page load timeout: '30'

23-06-2024T20:42:48 - [MESSAGE][PASSED] - Object 'Object Repository/admin/components/side_nav_drawer/a_Announcements' is present

23-06-2024T20:42:48 - [TEST_STEP][PASSED] - verifyElementVisible(findTestObject("Object Repository/admin/components/side_nav_drawer/a_Announcements"), STOP_ON_FAILURE): Object 'Object Repository/admin/components/side_nav_drawer/a_Announcements' is visible

23-06-2024T20:42:49 - [MESSAGE][PASSED] - Object 'Object Repository/admin/components/side_nav_drawer/a_Announcements' is visible

23-06-2024T20:42:49 - [TEST_STEP][PASSED] - click(findTestObject("Object Repository/admin/components/side_nav_drawer/a_Announcements")): Object: 'Object Repository/admin/components/side_nav_drawer/a_Announcements' is clicked on

23-06-2024T20:42:49 - [MESSAGE][PASSED] - Object: 'Object Repository/admin/components/side_nav_drawer/a_Announcements' is clicked on

23-06-2024T20:42:49 - [TEST_STEP][PASSED] - currentUrl = getUrl(): Current window's url is: 'http://localhost/SAD/ArtLens/adminannouncements.php'

23-06-2024T20:42:49 - [MESSAGE][PASSED] - Current window's url is: 'http://localhost/SAD/ArtLens/adminannouncements.php'

23-06-2024T20:42:49 - [TEST_STEP][PASSED] - expectedUrl = $GlobalVariable.appBaseLinkadminannouncements.php: null

23-06-2024T20:42:49 - [TEST_STEP][PASSED] - isUrlCorrect = verifyMatch(currentUrl, expectedUrl, false): Actual text 'http://localhost/SAD/ArtLens/adminannouncements.php' and expected text 'http://localhost/SAD/ArtLens/adminannouncements.php' are matched 

23-06-2024T20:42:49 - [MESSAGE][PASSED] - Actual text 'http://localhost/SAD/ArtLens/adminannouncements.php' and expected text 'http://localhost/SAD/ArtLens/adminannouncements.php' are matched 

23-06-2024T20:42:49 - [TEST_STEP][PASSED] - if (isUrlCorrect): The URL is correct: http://localhost/SAD/ArtLens/adminannouncements.php

23-06-2024T20:42:49 - [TEST_STEP][PASSED] - markPassed("The URL is correct: " + currentUrl): The URL is correct: http://localhost/SAD/ArtLens/adminannouncements.php

23-06-2024T20:42:49 - [MESSAGE][PASSED] - The URL is correct: http://localhost/SAD/ArtLens/adminannouncements.php

23-06-2024T20:42:49 - [TEST_STEP][PASSED] - Start listener action : sampleAfterTestCase: null]]></system-out>
         <system-err><![CDATA[]]></system-err>
      </testcase>
      <testcase name="Test Cases/admin/artwork_management/page_accessible" time="27.736" classname="Test Cases/admin/artwork_management/page_accessible" status="PASSED">
         <system-out><![CDATA[23-06-2024T20:42:49 - [TEST_CASE][PASSED] - Test Cases/admin/artwork_management/page_accessible: Test Cases/admin/artwork_management/page_accessible

23-06-2024T20:42:49 - [TEST_STEP][PASSED] - Start listener action : sampleBeforeTestCase: Browser is opened with url: ''

23-06-2024T20:42:49 - [TEST_STEP][PASSED] - println(testCaseContext.getTestCaseId()): null

23-06-2024T20:42:49 - [TEST_STEP][PASSED] - openBrowser(""): Browser is opened with url: ''

23-06-2024T20:42:49 - [MESSAGE][WARNING] - A browser is already opened. Closing browser and opening a new one

23-06-2024T20:42:53 - [MESSAGE][INFO] - Starting 'Firefox (headless)' driver

23-06-2024T20:42:53 - [MESSAGE][INFO] - Action delay is set to 0 milliseconds

23-06-2024T20:43:00 - [MESSAGE][PASSED] - Browser is opened with url: ''

23-06-2024T20:43:01 - [TEST_STEP][PASSED] - AdminUtils.openWebPage("adminartwork.php"): Navigate to 'http://localhost/SAD/ArtLens/adminartwork.php' successfully

23-06-2024T20:43:01 - [MESSAGE][INFO] - HAR: C:\DevPackage\xampp\htdocs\SAD\ArtLens\Reports\20240623_204104\Test_Admin_Page_Accessible\20240623_204105\requests\main\4.har

23-06-2024T20:43:01 - [MESSAGE][PASSED] - Send request successfully

23-06-2024T20:43:01 - [MESSAGE][PASSED] - All links are accessible

23-06-2024T20:43:04 - [MESSAGE][PASSED] - Navigate to 'http://localhost/SAD/ArtLens/adminartwork.php' successfully

23-06-2024T20:43:04 - [TEST_STEP][PASSED] - callTestCase(findTestCase("Common_TestCases/admin_login_all_valid"), [:], STOP_ON_FAILURE): Call Test Case 'Test Cases/Common_TestCases/admin_login_all_valid' successfully

23-06-2024T20:43:04 - [TEST_CASE][PASSED] - Test Cases/Common_TestCases/admin_login_all_valid: Test Cases/Common_TestCases/admin_login_all_valid

23-06-2024T20:43:04 - [TEST_STEP][PASSED] - try: The URL is correct: http://localhost/SAD/ArtLens/adminindex.php

23-06-2024T20:43:04 - [TEST_STEP][PASSED] - userIndex = userIndex: null

23-06-2024T20:43:04 - [TEST_STEP][PASSED] - callTestCase(findTestCase("admin/landing_page/header_bar_visible"), [:], STOP_ON_FAILURE): Call Test Case 'Test Cases/admin/landing_page/header_bar_visible' successfully

23-06-2024T20:43:04 - [TEST_CASE][PASSED] - Test Cases/admin/landing_page/header_bar_visible: Test Cases/admin/landing_page/header_bar_visible

23-06-2024T20:43:04 - [TEST_STEP][PASSED] - callTestCase(findTestCase("admin/landing_page/page_acessible"), [:], STOP_ON_FAILURE): Call Test Case 'Test Cases/admin/landing_page/page_acessible' successfully

23-06-2024T20:43:04 - [TEST_CASE][PASSED] - Test Cases/admin/landing_page/page_acessible: Test Cases/admin/landing_page/page_acessible

23-06-2024T20:43:04 - [TEST_STEP][PASSED] - AdminUtils.openWebPage("admin.php"): Navigate to 'http://localhost/SAD/ArtLens/admin.php' successfully

23-06-2024T20:43:05 - [MESSAGE][INFO] - HAR: C:\DevPackage\xampp\htdocs\SAD\ArtLens\Reports\20240623_204104\Test_Admin_Page_Accessible\20240623_204105\requests\main\5.har

23-06-2024T20:43:05 - [MESSAGE][PASSED] - Send request successfully

23-06-2024T20:43:05 - [MESSAGE][PASSED] - All links are accessible

23-06-2024T20:43:12 - [MESSAGE][PASSED] - Navigate to 'http://localhost/SAD/ArtLens/admin.php' successfully

23-06-2024T20:43:12 - [MESSAGE][PASSED] - Call Test Case 'Test Cases/admin/landing_page/page_acessible' successfully

23-06-2024T20:43:12 - [TEST_STEP][PASSED] - verifyElementPresent(findTestObject("admin/landing_page/nav_ArtLens            Admin Login"), 0): Object 'Object Repository/admin/landing_page/nav_ArtLens            Admin Login' is present

23-06-2024T20:43:12 - [MESSAGE][WARNING] - Timeout '0' is invalid. Using default page load timeout: '30'

23-06-2024T20:43:12 - [MESSAGE][PASSED] - Object 'Object Repository/admin/landing_page/nav_ArtLens            Admin Login' is present

23-06-2024T20:43:12 - [TEST_STEP][PASSED] - verifyElementVisible(findTestObject("admin/landing_page/nav_ArtLens            Admin Login")): Object 'Object Repository/admin/landing_page/nav_ArtLens            Admin Login' is visible

23-06-2024T20:43:12 - [MESSAGE][PASSED] - Object 'Object Repository/admin/landing_page/nav_ArtLens            Admin Login' is visible

23-06-2024T20:43:12 - [MESSAGE][PASSED] - Call Test Case 'Test Cases/admin/landing_page/header_bar_visible' successfully

23-06-2024T20:43:12 - [TEST_STEP][PASSED] - AdminUtils.adminLogin(ValidUsernameCredentials[userIndex], ValidPasswordCredentials[userIndex]): Object: 'Object Repository/admin/landing_page/button_Login' is clicked on

23-06-2024T20:43:12 - [MESSAGE][WARNING] - Timeout '0' is invalid. Using default page load timeout: '30'

23-06-2024T20:43:12 - [MESSAGE][PASSED] - Object 'Object Repository/admin/landing_page/a_Admin Login' is present

23-06-2024T20:43:12 - [MESSAGE][PASSED] - Object 'Object Repository/admin/landing_page/a_Admin Login' is visible

23-06-2024T20:43:14 - [MESSAGE][PASSED] - Object: 'Object Repository/admin/landing_page/a_Admin Login' is clicked on

23-06-2024T20:43:15 - [MESSAGE][PASSED] - Text 'admin@gmail.com' is set on object 'Object Repository/admin/landing_page/input_ARTLENS_uname'

23-06-2024T20:43:15 - [MESSAGE][PASSED] - Object: 'Object Repository/admin/landing_page/button_Show' is clicked on

23-06-2024T20:43:15 - [MESSAGE][PASSED] - Text '@Helloword' is set on object 'Object Repository/admin/landing_page/input_ARTLENS_pass_1'

23-06-2024T20:43:15 - [MESSAGE][WARNING] - Timeout '0' is invalid. Using default page load timeout: '30'

23-06-2024T20:43:15 - [MESSAGE][PASSED] - Object 'Object Repository/admin/landing_page/button_Login' is present

23-06-2024T20:43:16 - [MESSAGE][PASSED] - Object 'Object Repository/admin/landing_page/button_Login' is visible

23-06-2024T20:43:16 - [MESSAGE][PASSED] - Object: 'Object Repository/admin/landing_page/button_Login' is clicked on

23-06-2024T20:43:16 - [TEST_STEP][PASSED] - currentUrl = getUrl(): Current window's url is: 'http://localhost/SAD/ArtLens/adminindex.php'

23-06-2024T20:43:16 - [MESSAGE][PASSED] - Current window's url is: 'http://localhost/SAD/ArtLens/adminindex.php'

23-06-2024T20:43:16 - [TEST_STEP][PASSED] - expectedUrl = $GlobalVariable.appBaseLinkadminindex.php: null

23-06-2024T20:43:16 - [TEST_STEP][PASSED] - isUrlCorrect = verifyMatch(currentUrl, expectedUrl, false): Actual text 'http://localhost/SAD/ArtLens/adminindex.php' and expected text 'http://localhost/SAD/ArtLens/adminindex.php' are matched 

23-06-2024T20:43:16 - [MESSAGE][PASSED] - Actual text 'http://localhost/SAD/ArtLens/adminindex.php' and expected text 'http://localhost/SAD/ArtLens/adminindex.php' are matched 

23-06-2024T20:43:16 - [TEST_STEP][PASSED] - if (isUrlCorrect): The URL is correct: http://localhost/SAD/ArtLens/adminindex.php

23-06-2024T20:43:16 - [TEST_STEP][PASSED] - markPassed("The URL is correct: " + currentUrl): The URL is correct: http://localhost/SAD/ArtLens/adminindex.php

23-06-2024T20:43:16 - [MESSAGE][PASSED] - The URL is correct: http://localhost/SAD/ArtLens/adminindex.php

23-06-2024T20:43:16 - [TEST_STEP][PASSED] - Finally: null

23-06-2024T20:43:16 - [MESSAGE][PASSED] - Call Test Case 'Test Cases/Common_TestCases/admin_login_all_valid' successfully

23-06-2024T20:43:16 - [TEST_STEP][PASSED] - verifyElementPresent(findTestObject("Object Repository/admin/components/side_nav_drawer/a_Artworks"), 0): Object 'Object Repository/admin/components/side_nav_drawer/a_Artworks' is present

23-06-2024T20:43:16 - [MESSAGE][WARNING] - Timeout '0' is invalid. Using default page load timeout: '30'

23-06-2024T20:43:16 - [MESSAGE][PASSED] - Object 'Object Repository/admin/components/side_nav_drawer/a_Artworks' is present

23-06-2024T20:43:16 - [TEST_STEP][PASSED] - verifyElementVisible(findTestObject("Object Repository/admin/components/side_nav_drawer/a_Artworks"), STOP_ON_FAILURE): Object 'Object Repository/admin/components/side_nav_drawer/a_Artworks' is visible

23-06-2024T20:43:16 - [MESSAGE][PASSED] - Object 'Object Repository/admin/components/side_nav_drawer/a_Artworks' is visible

23-06-2024T20:43:16 - [TEST_STEP][PASSED] - click(findTestObject("Object Repository/admin/components/side_nav_drawer/a_Artworks")): Object: 'Object Repository/admin/components/side_nav_drawer/a_Artworks' is clicked on

23-06-2024T20:43:17 - [MESSAGE][PASSED] - Object: 'Object Repository/admin/components/side_nav_drawer/a_Artworks' is clicked on

23-06-2024T20:43:17 - [TEST_STEP][PASSED] - currentUrl = getUrl(): Current window's url is: 'http://localhost/SAD/ArtLens/adminartwork.php'

23-06-2024T20:43:17 - [MESSAGE][PASSED] - Current window's url is: 'http://localhost/SAD/ArtLens/adminartwork.php'

23-06-2024T20:43:17 - [TEST_STEP][PASSED] - expectedUrl = $GlobalVariable.appBaseLinkadminartwork.php: null

23-06-2024T20:43:17 - [TEST_STEP][PASSED] - isUrlCorrect = verifyMatch(currentUrl, expectedUrl, false): Actual text 'http://localhost/SAD/ArtLens/adminartwork.php' and expected text 'http://localhost/SAD/ArtLens/adminartwork.php' are matched 

23-06-2024T20:43:17 - [MESSAGE][PASSED] - Actual text 'http://localhost/SAD/ArtLens/adminartwork.php' and expected text 'http://localhost/SAD/ArtLens/adminartwork.php' are matched 

23-06-2024T20:43:17 - [TEST_STEP][PASSED] - if (isUrlCorrect): The URL is correct: http://localhost/SAD/ArtLens/adminartwork.php

23-06-2024T20:43:17 - [TEST_STEP][PASSED] - markPassed("The URL is correct: " + currentUrl): The URL is correct: http://localhost/SAD/ArtLens/adminartwork.php

23-06-2024T20:43:17 - [MESSAGE][PASSED] - The URL is correct: http://localhost/SAD/ArtLens/adminartwork.php

23-06-2024T20:43:17 - [TEST_STEP][PASSED] - Start listener action : sampleAfterTestCase: null]]></system-out>
         <system-err><![CDATA[]]></system-err>
      </testcase>
      <testcase name="Test Cases/admin/booking_management/page_accessible" time="23.346" classname="Test Cases/admin/booking_management/page_accessible" status="PASSED">
         <system-out><![CDATA[23-06-2024T20:43:17 - [TEST_CASE][PASSED] - Test Cases/admin/booking_management/page_accessible: Test Cases/admin/booking_management/page_accessible

23-06-2024T20:43:17 - [TEST_STEP][PASSED] - Start listener action : sampleBeforeTestCase: Browser is opened with url: ''

23-06-2024T20:43:17 - [TEST_STEP][PASSED] - println(testCaseContext.getTestCaseId()): null

23-06-2024T20:43:17 - [TEST_STEP][PASSED] - openBrowser(""): Browser is opened with url: ''

23-06-2024T20:43:17 - [MESSAGE][WARNING] - A browser is already opened. Closing browser and opening a new one

23-06-2024T20:43:24 - [MESSAGE][INFO] - Starting 'Firefox (headless)' driver

23-06-2024T20:43:24 - [MESSAGE][INFO] - Action delay is set to 0 milliseconds

23-06-2024T20:43:32 - [MESSAGE][PASSED] - Browser is opened with url: ''

23-06-2024T20:43:33 - [TEST_STEP][PASSED] - AdminUtils.openWebPage("adminbooking.php"): Navigate to 'http://localhost/SAD/ArtLens/adminbooking.php' successfully

23-06-2024T20:43:33 - [MESSAGE][INFO] - HAR: C:\DevPackage\xampp\htdocs\SAD\ArtLens\Reports\20240623_204104\Test_Admin_Page_Accessible\20240623_204105\requests\main\6.har

23-06-2024T20:43:33 - [MESSAGE][PASSED] - Send request successfully

23-06-2024T20:43:33 - [MESSAGE][PASSED] - All links are accessible

23-06-2024T20:43:34 - [MESSAGE][PASSED] - Navigate to 'http://localhost/SAD/ArtLens/adminbooking.php' successfully

23-06-2024T20:43:34 - [TEST_STEP][PASSED] - callTestCase(findTestCase("Common_TestCases/admin_login_all_valid"), [:], STOP_ON_FAILURE): Call Test Case 'Test Cases/Common_TestCases/admin_login_all_valid' successfully

23-06-2024T20:43:34 - [TEST_CASE][PASSED] - Test Cases/Common_TestCases/admin_login_all_valid: Test Cases/Common_TestCases/admin_login_all_valid

23-06-2024T20:43:34 - [TEST_STEP][PASSED] - try: The URL is correct: http://localhost/SAD/ArtLens/adminindex.php

23-06-2024T20:43:34 - [TEST_STEP][PASSED] - userIndex = userIndex: null

23-06-2024T20:43:34 - [TEST_STEP][PASSED] - callTestCase(findTestCase("admin/landing_page/header_bar_visible"), [:], STOP_ON_FAILURE): Call Test Case 'Test Cases/admin/landing_page/header_bar_visible' successfully

23-06-2024T20:43:35 - [TEST_CASE][PASSED] - Test Cases/admin/landing_page/header_bar_visible: Test Cases/admin/landing_page/header_bar_visible

23-06-2024T20:43:35 - [TEST_STEP][PASSED] - callTestCase(findTestCase("admin/landing_page/page_acessible"), [:], STOP_ON_FAILURE): Call Test Case 'Test Cases/admin/landing_page/page_acessible' successfully

23-06-2024T20:43:35 - [TEST_CASE][PASSED] - Test Cases/admin/landing_page/page_acessible: Test Cases/admin/landing_page/page_acessible

23-06-2024T20:43:35 - [TEST_STEP][PASSED] - AdminUtils.openWebPage("admin.php"): Navigate to 'http://localhost/SAD/ArtLens/admin.php' successfully

23-06-2024T20:43:35 - [MESSAGE][INFO] - HAR: C:\DevPackage\xampp\htdocs\SAD\ArtLens\Reports\20240623_204104\Test_Admin_Page_Accessible\20240623_204105\requests\main\7.har

23-06-2024T20:43:35 - [MESSAGE][PASSED] - Send request successfully

23-06-2024T20:43:35 - [MESSAGE][PASSED] - All links are accessible

23-06-2024T20:43:36 - [MESSAGE][PASSED] - Navigate to 'http://localhost/SAD/ArtLens/admin.php' successfully

23-06-2024T20:43:36 - [MESSAGE][PASSED] - Call Test Case 'Test Cases/admin/landing_page/page_acessible' successfully

23-06-2024T20:43:36 - [TEST_STEP][PASSED] - verifyElementPresent(findTestObject("admin/landing_page/nav_ArtLens            Admin Login"), 0): Object 'Object Repository/admin/landing_page/nav_ArtLens            Admin Login' is present

23-06-2024T20:43:36 - [MESSAGE][WARNING] - Timeout '0' is invalid. Using default page load timeout: '30'

23-06-2024T20:43:36 - [MESSAGE][PASSED] - Object 'Object Repository/admin/landing_page/nav_ArtLens            Admin Login' is present

23-06-2024T20:43:36 - [TEST_STEP][PASSED] - verifyElementVisible(findTestObject("admin/landing_page/nav_ArtLens            Admin Login")): Object 'Object Repository/admin/landing_page/nav_ArtLens            Admin Login' is visible

23-06-2024T20:43:36 - [MESSAGE][PASSED] - Object 'Object Repository/admin/landing_page/nav_ArtLens            Admin Login' is visible

23-06-2024T20:43:36 - [MESSAGE][PASSED] - Call Test Case 'Test Cases/admin/landing_page/header_bar_visible' successfully

23-06-2024T20:43:36 - [TEST_STEP][PASSED] - AdminUtils.adminLogin(ValidUsernameCredentials[userIndex], ValidPasswordCredentials[userIndex]): Object: 'Object Repository/admin/landing_page/button_Login' is clicked on

23-06-2024T20:43:36 - [MESSAGE][WARNING] - Timeout '0' is invalid. Using default page load timeout: '30'

23-06-2024T20:43:36 - [MESSAGE][PASSED] - Object 'Object Repository/admin/landing_page/a_Admin Login' is present

23-06-2024T20:43:37 - [MESSAGE][PASSED] - Object 'Object Repository/admin/landing_page/a_Admin Login' is visible

23-06-2024T20:43:38 - [MESSAGE][PASSED] - Object: 'Object Repository/admin/landing_page/a_Admin Login' is clicked on

23-06-2024T20:43:38 - [MESSAGE][PASSED] - Text 'admin@gmail.com' is set on object 'Object Repository/admin/landing_page/input_ARTLENS_uname'

23-06-2024T20:43:38 - [MESSAGE][PASSED] - Object: 'Object Repository/admin/landing_page/button_Show' is clicked on

23-06-2024T20:43:38 - [MESSAGE][PASSED] - Text '@Helloword' is set on object 'Object Repository/admin/landing_page/input_ARTLENS_pass_1'

23-06-2024T20:43:39 - [MESSAGE][WARNING] - Timeout '0' is invalid. Using default page load timeout: '30'

23-06-2024T20:43:39 - [MESSAGE][PASSED] - Object 'Object Repository/admin/landing_page/button_Login' is present

23-06-2024T20:43:39 - [MESSAGE][PASSED] - Object 'Object Repository/admin/landing_page/button_Login' is visible

23-06-2024T20:43:39 - [MESSAGE][PASSED] - Object: 'Object Repository/admin/landing_page/button_Login' is clicked on

23-06-2024T20:43:39 - [TEST_STEP][PASSED] - currentUrl = getUrl(): Current window's url is: 'http://localhost/SAD/ArtLens/adminindex.php'

23-06-2024T20:43:39 - [MESSAGE][PASSED] - Current window's url is: 'http://localhost/SAD/ArtLens/adminindex.php'

23-06-2024T20:43:39 - [TEST_STEP][PASSED] - expectedUrl = $GlobalVariable.appBaseLinkadminindex.php: null

23-06-2024T20:43:39 - [TEST_STEP][PASSED] - isUrlCorrect = verifyMatch(currentUrl, expectedUrl, false): Actual text 'http://localhost/SAD/ArtLens/adminindex.php' and expected text 'http://localhost/SAD/ArtLens/adminindex.php' are matched 

23-06-2024T20:43:39 - [MESSAGE][PASSED] - Actual text 'http://localhost/SAD/ArtLens/adminindex.php' and expected text 'http://localhost/SAD/ArtLens/adminindex.php' are matched 

23-06-2024T20:43:39 - [TEST_STEP][PASSED] - if (isUrlCorrect): The URL is correct: http://localhost/SAD/ArtLens/adminindex.php

23-06-2024T20:43:39 - [TEST_STEP][PASSED] - markPassed("The URL is correct: " + currentUrl): The URL is correct: http://localhost/SAD/ArtLens/adminindex.php

23-06-2024T20:43:39 - [MESSAGE][PASSED] - The URL is correct: http://localhost/SAD/ArtLens/adminindex.php

23-06-2024T20:43:39 - [TEST_STEP][PASSED] - Finally: null

23-06-2024T20:43:39 - [MESSAGE][PASSED] - Call Test Case 'Test Cases/Common_TestCases/admin_login_all_valid' successfully

23-06-2024T20:43:39 - [TEST_STEP][PASSED] - verifyElementPresent(findTestObject("Object Repository/admin/components/side_nav_drawer/a_Booking"), 0): Object 'Object Repository/admin/components/side_nav_drawer/a_Booking' is present

23-06-2024T20:43:39 - [MESSAGE][WARNING] - Timeout '0' is invalid. Using default page load timeout: '30'

23-06-2024T20:43:39 - [MESSAGE][PASSED] - Object 'Object Repository/admin/components/side_nav_drawer/a_Booking' is present

23-06-2024T20:43:39 - [TEST_STEP][PASSED] - verifyElementVisible(findTestObject("Object Repository/admin/components/side_nav_drawer/a_Booking"), STOP_ON_FAILURE): Object 'Object Repository/admin/components/side_nav_drawer/a_Booking' is visible

23-06-2024T20:43:39 - [MESSAGE][PASSED] - Object 'Object Repository/admin/components/side_nav_drawer/a_Booking' is visible

23-06-2024T20:43:39 - [TEST_STEP][PASSED] - click(findTestObject("Object Repository/admin/components/side_nav_drawer/a_Booking")): Object: 'Object Repository/admin/components/side_nav_drawer/a_Booking' is clicked on

23-06-2024T20:43:40 - [MESSAGE][PASSED] - Object: 'Object Repository/admin/components/side_nav_drawer/a_Booking' is clicked on

23-06-2024T20:43:40 - [TEST_STEP][PASSED] - currentUrl = getUrl(): Current window's url is: 'http://localhost/SAD/ArtLens/adminbooking.php'

23-06-2024T20:43:40 - [MESSAGE][PASSED] - Current window's url is: 'http://localhost/SAD/ArtLens/adminbooking.php'

23-06-2024T20:43:40 - [TEST_STEP][PASSED] - expectedUrl = $GlobalVariable.appBaseLinkadminbooking.php: null

23-06-2024T20:43:40 - [TEST_STEP][PASSED] - isUrlCorrect = verifyMatch(currentUrl, expectedUrl, false): Actual text 'http://localhost/SAD/ArtLens/adminbooking.php' and expected text 'http://localhost/SAD/ArtLens/adminbooking.php' are matched 

23-06-2024T20:43:40 - [MESSAGE][PASSED] - Actual text 'http://localhost/SAD/ArtLens/adminbooking.php' and expected text 'http://localhost/SAD/ArtLens/adminbooking.php' are matched 

23-06-2024T20:43:40 - [TEST_STEP][PASSED] - if (isUrlCorrect): The URL is correct: http://localhost/SAD/ArtLens/adminbooking.php

23-06-2024T20:43:40 - [TEST_STEP][PASSED] - markPassed("The URL is correct: " + currentUrl): The URL is correct: http://localhost/SAD/ArtLens/adminbooking.php

23-06-2024T20:43:40 - [MESSAGE][PASSED] - The URL is correct: http://localhost/SAD/ArtLens/adminbooking.php

23-06-2024T20:43:40 - [TEST_STEP][PASSED] - Start listener action : sampleAfterTestCase: null]]></system-out>
         <system-err><![CDATA[]]></system-err>
      </testcase>
      <testcase name="Test Cases/admin/dashboard/page_accessible" time="13.458" classname="Test Cases/admin/dashboard/page_accessible" status="PASSED">
         <system-out><![CDATA[23-06-2024T20:43:40 - [TEST_CASE][PASSED] - Test Cases/admin/dashboard/page_accessible: Test Cases/admin/dashboard/page_accessible

23-06-2024T20:43:40 - [TEST_STEP][PASSED] - Start listener action : sampleBeforeTestCase: Browser is opened with url: ''

23-06-2024T20:43:40 - [TEST_STEP][PASSED] - println(testCaseContext.getTestCaseId()): null

23-06-2024T20:43:40 - [TEST_STEP][PASSED] - openBrowser(""): Browser is opened with url: ''

23-06-2024T20:43:40 - [MESSAGE][WARNING] - A browser is already opened. Closing browser and opening a new one

23-06-2024T20:43:43 - [MESSAGE][INFO] - Starting 'Firefox (headless)' driver

23-06-2024T20:43:43 - [MESSAGE][INFO] - Action delay is set to 0 milliseconds

23-06-2024T20:43:50 - [MESSAGE][PASSED] - Browser is opened with url: ''

23-06-2024T20:43:51 - [TEST_STEP][PASSED] - AdminUtils.openWebPage("adminindex.php"): Navigate to 'http://localhost/SAD/ArtLens/adminindex.php' successfully

23-06-2024T20:43:51 - [MESSAGE][INFO] - HAR: C:\DevPackage\xampp\htdocs\SAD\ArtLens\Reports\20240623_204104\Test_Admin_Page_Accessible\20240623_204105\requests\main\8.har

23-06-2024T20:43:51 - [MESSAGE][PASSED] - Send request successfully

23-06-2024T20:43:51 - [MESSAGE][PASSED] - All links are accessible

23-06-2024T20:43:53 - [MESSAGE][PASSED] - Navigate to 'http://localhost/SAD/ArtLens/adminindex.php' successfully

23-06-2024T20:43:54 - [TEST_STEP][PASSED] - Start listener action : sampleAfterTestCase: null]]></system-out>
         <system-err><![CDATA[]]></system-err>
      </testcase>
      <testcase name="Test Cases/admin/landing_page/page_acessible" time="12.716" classname="Test Cases/admin/landing_page/page_acessible" status="PASSED">
         <system-out><![CDATA[23-06-2024T20:43:54 - [TEST_CASE][PASSED] - Test Cases/admin/landing_page/page_acessible: Test Cases/admin/landing_page/page_acessible

23-06-2024T20:43:54 - [TEST_STEP][PASSED] - Start listener action : sampleBeforeTestCase: Browser is opened with url: ''

23-06-2024T20:43:54 - [TEST_STEP][PASSED] - println(testCaseContext.getTestCaseId()): null

23-06-2024T20:43:54 - [TEST_STEP][PASSED] - openBrowser(""): Browser is opened with url: ''

23-06-2024T20:43:54 - [MESSAGE][WARNING] - A browser is already opened. Closing browser and opening a new one

23-06-2024T20:43:57 - [MESSAGE][INFO] - Starting 'Firefox (headless)' driver

23-06-2024T20:43:57 - [MESSAGE][INFO] - Action delay is set to 0 milliseconds

23-06-2024T20:44:04 - [MESSAGE][PASSED] - Browser is opened with url: ''

23-06-2024T20:44:04 - [TEST_STEP][PASSED] - AdminUtils.openWebPage("admin.php"): Navigate to 'http://localhost/SAD/ArtLens/admin.php' successfully

23-06-2024T20:44:04 - [MESSAGE][INFO] - HAR: C:\DevPackage\xampp\htdocs\SAD\ArtLens\Reports\20240623_204104\Test_Admin_Page_Accessible\20240623_204105\requests\main\9.har

23-06-2024T20:44:04 - [MESSAGE][PASSED] - Send request successfully

23-06-2024T20:44:04 - [MESSAGE][PASSED] - All links are accessible

23-06-2024T20:44:06 - [MESSAGE][PASSED] - Navigate to 'http://localhost/SAD/ArtLens/admin.php' successfully

23-06-2024T20:44:06 - [TEST_STEP][PASSED] - Start listener action : sampleAfterTestCase: null]]></system-out>
         <system-err><![CDATA[]]></system-err>
      </testcase>
      <testcase name="Test Cases/admin/quiz_management/page_accessible" time="21.564" classname="Test Cases/admin/quiz_management/page_accessible" status="PASSED">
         <system-out><![CDATA[23-06-2024T20:44:06 - [TEST_CASE][PASSED] - Test Cases/admin/quiz_management/page_accessible: Test Cases/admin/quiz_management/page_accessible

23-06-2024T20:44:06 - [TEST_STEP][PASSED] - Start listener action : sampleBeforeTestCase: Browser is opened with url: ''

23-06-2024T20:44:06 - [TEST_STEP][PASSED] - println(testCaseContext.getTestCaseId()): null

23-06-2024T20:44:06 - [TEST_STEP][PASSED] - openBrowser(""): Browser is opened with url: ''

23-06-2024T20:44:06 - [MESSAGE][WARNING] - A browser is already opened. Closing browser and opening a new one

23-06-2024T20:44:13 - [MESSAGE][INFO] - Starting 'Firefox (headless)' driver

23-06-2024T20:44:13 - [MESSAGE][INFO] - Action delay is set to 0 milliseconds

23-06-2024T20:44:19 - [MESSAGE][PASSED] - Browser is opened with url: ''

23-06-2024T20:44:19 - [TEST_STEP][PASSED] - AdminUtils.openWebPage("adminquiz.php"): Navigate to 'http://localhost/SAD/ArtLens/adminquiz.php' successfully

23-06-2024T20:44:19 - [MESSAGE][INFO] - HAR: C:\DevPackage\xampp\htdocs\SAD\ArtLens\Reports\20240623_204104\Test_Admin_Page_Accessible\20240623_204105\requests\main\10.har

23-06-2024T20:44:19 - [MESSAGE][PASSED] - Send request successfully

23-06-2024T20:44:19 - [MESSAGE][PASSED] - All links are accessible

23-06-2024T20:44:21 - [MESSAGE][PASSED] - Navigate to 'http://localhost/SAD/ArtLens/adminquiz.php' successfully

23-06-2024T20:44:21 - [TEST_STEP][PASSED] - callTestCase(findTestCase("Common_TestCases/admin_login_all_valid"), [:], STOP_ON_FAILURE): Call Test Case 'Test Cases/Common_TestCases/admin_login_all_valid' successfully

23-06-2024T20:44:21 - [TEST_CASE][PASSED] - Test Cases/Common_TestCases/admin_login_all_valid: Test Cases/Common_TestCases/admin_login_all_valid

23-06-2024T20:44:21 - [TEST_STEP][PASSED] - try: The URL is correct: http://localhost/SAD/ArtLens/adminindex.php

23-06-2024T20:44:21 - [TEST_STEP][PASSED] - userIndex = userIndex: null

23-06-2024T20:44:21 - [TEST_STEP][PASSED] - callTestCase(findTestCase("admin/landing_page/header_bar_visible"), [:], STOP_ON_FAILURE): Call Test Case 'Test Cases/admin/landing_page/header_bar_visible' successfully

23-06-2024T20:44:21 - [TEST_CASE][PASSED] - Test Cases/admin/landing_page/header_bar_visible: Test Cases/admin/landing_page/header_bar_visible

23-06-2024T20:44:21 - [TEST_STEP][PASSED] - callTestCase(findTestCase("admin/landing_page/page_acessible"), [:], STOP_ON_FAILURE): Call Test Case 'Test Cases/admin/landing_page/page_acessible' successfully

23-06-2024T20:44:21 - [TEST_CASE][PASSED] - Test Cases/admin/landing_page/page_acessible: Test Cases/admin/landing_page/page_acessible

23-06-2024T20:44:21 - [TEST_STEP][PASSED] - AdminUtils.openWebPage("admin.php"): Navigate to 'http://localhost/SAD/ArtLens/admin.php' successfully

23-06-2024T20:44:22 - [MESSAGE][INFO] - HAR: C:\DevPackage\xampp\htdocs\SAD\ArtLens\Reports\20240623_204104\Test_Admin_Page_Accessible\20240623_204105\requests\main\11.har

23-06-2024T20:44:22 - [MESSAGE][PASSED] - Send request successfully

23-06-2024T20:44:22 - [MESSAGE][PASSED] - All links are accessible

23-06-2024T20:44:22 - [MESSAGE][PASSED] - Navigate to 'http://localhost/SAD/ArtLens/admin.php' successfully

23-06-2024T20:44:22 - [MESSAGE][PASSED] - Call Test Case 'Test Cases/admin/landing_page/page_acessible' successfully

23-06-2024T20:44:22 - [TEST_STEP][PASSED] - verifyElementPresent(findTestObject("admin/landing_page/nav_ArtLens            Admin Login"), 0): Object 'Object Repository/admin/landing_page/nav_ArtLens            Admin Login' is present

23-06-2024T20:44:22 - [MESSAGE][WARNING] - Timeout '0' is invalid. Using default page load timeout: '30'

23-06-2024T20:44:22 - [MESSAGE][PASSED] - Object 'Object Repository/admin/landing_page/nav_ArtLens            Admin Login' is present

23-06-2024T20:44:22 - [TEST_STEP][PASSED] - verifyElementVisible(findTestObject("admin/landing_page/nav_ArtLens            Admin Login")): Object 'Object Repository/admin/landing_page/nav_ArtLens            Admin Login' is visible

23-06-2024T20:44:22 - [MESSAGE][PASSED] - Object 'Object Repository/admin/landing_page/nav_ArtLens            Admin Login' is visible

23-06-2024T20:44:22 - [MESSAGE][PASSED] - Call Test Case 'Test Cases/admin/landing_page/header_bar_visible' successfully

23-06-2024T20:44:22 - [TEST_STEP][PASSED] - AdminUtils.adminLogin(ValidUsernameCredentials[userIndex], ValidPasswordCredentials[userIndex]): Object: 'Object Repository/admin/landing_page/button_Login' is clicked on

23-06-2024T20:44:22 - [MESSAGE][WARNING] - Timeout '0' is invalid. Using default page load timeout: '30'

23-06-2024T20:44:23 - [MESSAGE][PASSED] - Object 'Object Repository/admin/landing_page/a_Admin Login' is present

23-06-2024T20:44:23 - [MESSAGE][PASSED] - Object 'Object Repository/admin/landing_page/a_Admin Login' is visible

23-06-2024T20:44:25 - [MESSAGE][PASSED] - Object: 'Object Repository/admin/landing_page/a_Admin Login' is clicked on

23-06-2024T20:44:26 - [MESSAGE][PASSED] - Text 'admin@gmail.com' is set on object 'Object Repository/admin/landing_page/input_ARTLENS_uname'

23-06-2024T20:44:26 - [MESSAGE][PASSED] - Object: 'Object Repository/admin/landing_page/button_Show' is clicked on

23-06-2024T20:44:26 - [MESSAGE][PASSED] - Text '@Helloword' is set on object 'Object Repository/admin/landing_page/input_ARTLENS_pass_1'

23-06-2024T20:44:26 - [MESSAGE][WARNING] - Timeout '0' is invalid. Using default page load timeout: '30'

23-06-2024T20:44:26 - [MESSAGE][PASSED] - Object 'Object Repository/admin/landing_page/button_Login' is present

23-06-2024T20:44:26 - [MESSAGE][PASSED] - Object 'Object Repository/admin/landing_page/button_Login' is visible

23-06-2024T20:44:27 - [MESSAGE][PASSED] - Object: 'Object Repository/admin/landing_page/button_Login' is clicked on

23-06-2024T20:44:27 - [TEST_STEP][PASSED] - currentUrl = getUrl(): Current window's url is: 'http://localhost/SAD/ArtLens/adminindex.php'

23-06-2024T20:44:27 - [MESSAGE][PASSED] - Current window's url is: 'http://localhost/SAD/ArtLens/adminindex.php'

23-06-2024T20:44:27 - [TEST_STEP][PASSED] - expectedUrl = $GlobalVariable.appBaseLinkadminindex.php: null

23-06-2024T20:44:27 - [TEST_STEP][PASSED] - isUrlCorrect = verifyMatch(currentUrl, expectedUrl, false): Actual text 'http://localhost/SAD/ArtLens/adminindex.php' and expected text 'http://localhost/SAD/ArtLens/adminindex.php' are matched 

23-06-2024T20:44:27 - [MESSAGE][PASSED] - Actual text 'http://localhost/SAD/ArtLens/adminindex.php' and expected text 'http://localhost/SAD/ArtLens/adminindex.php' are matched 

23-06-2024T20:44:27 - [TEST_STEP][PASSED] - if (isUrlCorrect): The URL is correct: http://localhost/SAD/ArtLens/adminindex.php

23-06-2024T20:44:27 - [TEST_STEP][PASSED] - markPassed("The URL is correct: " + currentUrl): The URL is correct: http://localhost/SAD/ArtLens/adminindex.php

23-06-2024T20:44:27 - [MESSAGE][PASSED] - The URL is correct: http://localhost/SAD/ArtLens/adminindex.php

23-06-2024T20:44:27 - [TEST_STEP][PASSED] - Finally: null

23-06-2024T20:44:27 - [MESSAGE][PASSED] - Call Test Case 'Test Cases/Common_TestCases/admin_login_all_valid' successfully

23-06-2024T20:44:27 - [TEST_STEP][PASSED] - verifyElementPresent(findTestObject("Object Repository/admin/components/side_nav_drawer/a_Quiz"), 0): Object 'Object Repository/admin/components/side_nav_drawer/a_Quiz' is present

23-06-2024T20:44:27 - [MESSAGE][WARNING] - Timeout '0' is invalid. Using default page load timeout: '30'

23-06-2024T20:44:27 - [MESSAGE][PASSED] - Object 'Object Repository/admin/components/side_nav_drawer/a_Quiz' is present

23-06-2024T20:44:27 - [TEST_STEP][PASSED] - verifyElementVisible(findTestObject("Object Repository/admin/components/side_nav_drawer/a_Quiz"), STOP_ON_FAILURE): Object 'Object Repository/admin/components/side_nav_drawer/a_Quiz' is visible

23-06-2024T20:44:27 - [MESSAGE][PASSED] - Object 'Object Repository/admin/components/side_nav_drawer/a_Quiz' is visible

23-06-2024T20:44:27 - [TEST_STEP][PASSED] - click(findTestObject("Object Repository/admin/components/side_nav_drawer/a_Quiz")): Object: 'Object Repository/admin/components/side_nav_drawer/a_Quiz' is clicked on

23-06-2024T20:44:28 - [MESSAGE][PASSED] - Object: 'Object Repository/admin/components/side_nav_drawer/a_Quiz' is clicked on

23-06-2024T20:44:28 - [TEST_STEP][PASSED] - currentUrl = getUrl(): Current window's url is: 'http://localhost/SAD/ArtLens/adminquiz.php'

23-06-2024T20:44:28 - [MESSAGE][PASSED] - Current window's url is: 'http://localhost/SAD/ArtLens/adminquiz.php'

23-06-2024T20:44:28 - [TEST_STEP][PASSED] - expectedUrl = $GlobalVariable.appBaseLinkadminquiz.php: null

23-06-2024T20:44:28 - [TEST_STEP][PASSED] - isUrlCorrect = verifyMatch(currentUrl, expectedUrl, false): Actual text 'http://localhost/SAD/ArtLens/adminquiz.php' and expected text 'http://localhost/SAD/ArtLens/adminquiz.php' are matched 

23-06-2024T20:44:28 - [MESSAGE][PASSED] - Actual text 'http://localhost/SAD/ArtLens/adminquiz.php' and expected text 'http://localhost/SAD/ArtLens/adminquiz.php' are matched 

23-06-2024T20:44:28 - [TEST_STEP][PASSED] - if (isUrlCorrect): The URL is correct: http://localhost/SAD/ArtLens/adminquiz.php

23-06-2024T20:44:28 - [TEST_STEP][PASSED] - markPassed("The URL is correct: " + currentUrl): The URL is correct: http://localhost/SAD/ArtLens/adminquiz.php

23-06-2024T20:44:28 - [MESSAGE][PASSED] - The URL is correct: http://localhost/SAD/ArtLens/adminquiz.php

23-06-2024T20:44:28 - [TEST_STEP][PASSED] - Start listener action : sampleAfterTestCase: null]]></system-out>
         <system-err><![CDATA[]]></system-err>
      </testcase>
      <testcase name="Test Cases/admin/visitor_log_management/page_accessible" time="23.825" classname="Test Cases/admin/visitor_log_management/page_accessible" status="PASSED">
         <system-out><![CDATA[23-06-2024T20:44:28 - [TEST_CASE][PASSED] - Test Cases/admin/visitor_log_management/page_accessible: Test Cases/admin/visitor_log_management/page_accessible

23-06-2024T20:44:28 - [TEST_STEP][PASSED] - Start listener action : sampleBeforeTestCase: Browser is opened with url: ''

23-06-2024T20:44:28 - [TEST_STEP][PASSED] - println(testCaseContext.getTestCaseId()): null

23-06-2024T20:44:28 - [TEST_STEP][PASSED] - openBrowser(""): Browser is opened with url: ''

23-06-2024T20:44:28 - [MESSAGE][WARNING] - A browser is already opened. Closing browser and opening a new one

23-06-2024T20:44:33 - [MESSAGE][INFO] - Starting 'Firefox (headless)' driver

23-06-2024T20:44:34 - [MESSAGE][INFO] - Action delay is set to 0 milliseconds

23-06-2024T20:44:41 - [MESSAGE][PASSED] - Browser is opened with url: ''

23-06-2024T20:44:43 - [TEST_STEP][PASSED] - AdminUtils.openWebPage("adminvisitorlog.php"): Navigate to 'http://localhost/SAD/ArtLens/adminvisitorlog.php' successfully

23-06-2024T20:44:43 - [MESSAGE][INFO] - HAR: C:\DevPackage\xampp\htdocs\SAD\ArtLens\Reports\20240623_204104\Test_Admin_Page_Accessible\20240623_204105\requests\main\12.har

23-06-2024T20:44:43 - [MESSAGE][PASSED] - Send request successfully

23-06-2024T20:44:43 - [MESSAGE][PASSED] - All links are accessible

23-06-2024T20:44:45 - [MESSAGE][PASSED] - Navigate to 'http://localhost/SAD/ArtLens/adminvisitorlog.php' successfully

23-06-2024T20:44:45 - [TEST_STEP][PASSED] - callTestCase(findTestCase("Common_TestCases/admin_login_all_valid"), [:], STOP_ON_FAILURE): Call Test Case 'Test Cases/Common_TestCases/admin_login_all_valid' successfully

23-06-2024T20:44:45 - [TEST_CASE][PASSED] - Test Cases/Common_TestCases/admin_login_all_valid: Test Cases/Common_TestCases/admin_login_all_valid

23-06-2024T20:44:45 - [TEST_STEP][PASSED] - try: The URL is correct: http://localhost/SAD/ArtLens/adminindex.php

23-06-2024T20:44:45 - [TEST_STEP][PASSED] - userIndex = userIndex: null

23-06-2024T20:44:45 - [TEST_STEP][PASSED] - callTestCase(findTestCase("admin/landing_page/header_bar_visible"), [:], STOP_ON_FAILURE): Call Test Case 'Test Cases/admin/landing_page/header_bar_visible' successfully

23-06-2024T20:44:45 - [TEST_CASE][PASSED] - Test Cases/admin/landing_page/header_bar_visible: Test Cases/admin/landing_page/header_bar_visible

23-06-2024T20:44:45 - [TEST_STEP][PASSED] - callTestCase(findTestCase("admin/landing_page/page_acessible"), [:], STOP_ON_FAILURE): Call Test Case 'Test Cases/admin/landing_page/page_acessible' successfully

23-06-2024T20:44:45 - [TEST_CASE][PASSED] - Test Cases/admin/landing_page/page_acessible: Test Cases/admin/landing_page/page_acessible

23-06-2024T20:44:45 - [TEST_STEP][PASSED] - AdminUtils.openWebPage("admin.php"): Navigate to 'http://localhost/SAD/ArtLens/admin.php' successfully

23-06-2024T20:44:45 - [MESSAGE][INFO] - HAR: C:\DevPackage\xampp\htdocs\SAD\ArtLens\Reports\20240623_204104\Test_Admin_Page_Accessible\20240623_204105\requests\main\13.har

23-06-2024T20:44:45 - [MESSAGE][PASSED] - Send request successfully

23-06-2024T20:44:45 - [MESSAGE][PASSED] - All links are accessible

23-06-2024T20:44:46 - [MESSAGE][PASSED] - Navigate to 'http://localhost/SAD/ArtLens/admin.php' successfully

23-06-2024T20:44:46 - [MESSAGE][PASSED] - Call Test Case 'Test Cases/admin/landing_page/page_acessible' successfully

23-06-2024T20:44:46 - [TEST_STEP][PASSED] - verifyElementPresent(findTestObject("admin/landing_page/nav_ArtLens            Admin Login"), 0): Object 'Object Repository/admin/landing_page/nav_ArtLens            Admin Login' is present

23-06-2024T20:44:46 - [MESSAGE][WARNING] - Timeout '0' is invalid. Using default page load timeout: '30'

23-06-2024T20:44:46 - [MESSAGE][PASSED] - Object 'Object Repository/admin/landing_page/nav_ArtLens            Admin Login' is present

23-06-2024T20:44:46 - [TEST_STEP][PASSED] - verifyElementVisible(findTestObject("admin/landing_page/nav_ArtLens            Admin Login")): Object 'Object Repository/admin/landing_page/nav_ArtLens            Admin Login' is visible

23-06-2024T20:44:47 - [MESSAGE][PASSED] - Object 'Object Repository/admin/landing_page/nav_ArtLens            Admin Login' is visible

23-06-2024T20:44:47 - [MESSAGE][PASSED] - Call Test Case 'Test Cases/admin/landing_page/header_bar_visible' successfully

23-06-2024T20:44:47 - [TEST_STEP][PASSED] - AdminUtils.adminLogin(ValidUsernameCredentials[userIndex], ValidPasswordCredentials[userIndex]): Object: 'Object Repository/admin/landing_page/button_Login' is clicked on

23-06-2024T20:44:47 - [MESSAGE][WARNING] - Timeout '0' is invalid. Using default page load timeout: '30'

23-06-2024T20:44:47 - [MESSAGE][PASSED] - Object 'Object Repository/admin/landing_page/a_Admin Login' is present

23-06-2024T20:44:48 - [MESSAGE][PASSED] - Object 'Object Repository/admin/landing_page/a_Admin Login' is visible

23-06-2024T20:44:49 - [MESSAGE][PASSED] - Object: 'Object Repository/admin/landing_page/a_Admin Login' is clicked on

23-06-2024T20:44:49 - [MESSAGE][PASSED] - Text 'admin@gmail.com' is set on object 'Object Repository/admin/landing_page/input_ARTLENS_uname'

23-06-2024T20:44:50 - [MESSAGE][PASSED] - Object: 'Object Repository/admin/landing_page/button_Show' is clicked on

23-06-2024T20:44:50 - [MESSAGE][PASSED] - Text '@Helloword' is set on object 'Object Repository/admin/landing_page/input_ARTLENS_pass_1'

23-06-2024T20:44:50 - [MESSAGE][WARNING] - Timeout '0' is invalid. Using default page load timeout: '30'

23-06-2024T20:44:50 - [MESSAGE][PASSED] - Object 'Object Repository/admin/landing_page/button_Login' is present

23-06-2024T20:44:50 - [MESSAGE][PASSED] - Object 'Object Repository/admin/landing_page/button_Login' is visible

23-06-2024T20:44:51 - [MESSAGE][PASSED] - Object: 'Object Repository/admin/landing_page/button_Login' is clicked on

23-06-2024T20:44:51 - [TEST_STEP][PASSED] - currentUrl = getUrl(): Current window's url is: 'http://localhost/SAD/ArtLens/adminindex.php'

23-06-2024T20:44:51 - [MESSAGE][PASSED] - Current window's url is: 'http://localhost/SAD/ArtLens/adminindex.php'

23-06-2024T20:44:51 - [TEST_STEP][PASSED] - expectedUrl = $GlobalVariable.appBaseLinkadminindex.php: null

23-06-2024T20:44:51 - [TEST_STEP][PASSED] - isUrlCorrect = verifyMatch(currentUrl, expectedUrl, false): Actual text 'http://localhost/SAD/ArtLens/adminindex.php' and expected text 'http://localhost/SAD/ArtLens/adminindex.php' are matched 

23-06-2024T20:44:51 - [MESSAGE][PASSED] - Actual text 'http://localhost/SAD/ArtLens/adminindex.php' and expected text 'http://localhost/SAD/ArtLens/adminindex.php' are matched 

23-06-2024T20:44:51 - [TEST_STEP][PASSED] - if (isUrlCorrect): The URL is correct: http://localhost/SAD/ArtLens/adminindex.php

23-06-2024T20:44:51 - [TEST_STEP][PASSED] - markPassed("The URL is correct: " + currentUrl): The URL is correct: http://localhost/SAD/ArtLens/adminindex.php

23-06-2024T20:44:51 - [MESSAGE][PASSED] - The URL is correct: http://localhost/SAD/ArtLens/adminindex.php

23-06-2024T20:44:51 - [TEST_STEP][PASSED] - Finally: null

23-06-2024T20:44:51 - [MESSAGE][PASSED] - Call Test Case 'Test Cases/Common_TestCases/admin_login_all_valid' successfully

23-06-2024T20:44:51 - [TEST_STEP][PASSED] - verifyElementPresent(findTestObject("Object Repository/admin/components/side_nav_drawer/a_Visitor Log"), 0): Object 'Object Repository/admin/components/side_nav_drawer/a_Visitor Log' is present

23-06-2024T20:44:51 - [MESSAGE][WARNING] - Timeout '0' is invalid. Using default page load timeout: '30'

23-06-2024T20:44:51 - [MESSAGE][PASSED] - Object 'Object Repository/admin/components/side_nav_drawer/a_Visitor Log' is present

23-06-2024T20:44:51 - [TEST_STEP][PASSED] - verifyElementVisible(findTestObject("Object Repository/admin/components/side_nav_drawer/a_Visitor Log"), STOP_ON_FAILURE): Object 'Object Repository/admin/components/side_nav_drawer/a_Visitor Log' is visible

23-06-2024T20:44:51 - [MESSAGE][PASSED] - Object 'Object Repository/admin/components/side_nav_drawer/a_Visitor Log' is visible

23-06-2024T20:44:51 - [TEST_STEP][PASSED] - click(findTestObject("Object Repository/admin/components/side_nav_drawer/a_Visitor Log")): Object: 'Object Repository/admin/components/side_nav_drawer/a_Visitor Log' is clicked on

23-06-2024T20:44:52 - [MESSAGE][PASSED] - Object: 'Object Repository/admin/components/side_nav_drawer/a_Visitor Log' is clicked on

23-06-2024T20:44:52 - [TEST_STEP][PASSED] - currentUrl = getUrl(): Current window's url is: 'http://localhost/SAD/ArtLens/adminvisitorlog.php'

23-06-2024T20:44:52 - [MESSAGE][PASSED] - Current window's url is: 'http://localhost/SAD/ArtLens/adminvisitorlog.php'

23-06-2024T20:44:52 - [TEST_STEP][PASSED] - expectedUrl = $GlobalVariable.appBaseLinkadminvisitorlog.php: null

23-06-2024T20:44:52 - [TEST_STEP][PASSED] - isUrlCorrect = verifyMatch(currentUrl, expectedUrl, false): Actual text 'http://localhost/SAD/ArtLens/adminvisitorlog.php' and expected text 'http://localhost/SAD/ArtLens/adminvisitorlog.php' are matched 

23-06-2024T20:44:52 - [MESSAGE][PASSED] - Actual text 'http://localhost/SAD/ArtLens/adminvisitorlog.php' and expected text 'http://localhost/SAD/ArtLens/adminvisitorlog.php' are matched 

23-06-2024T20:44:52 - [TEST_STEP][PASSED] - if (isUrlCorrect): The URL is correct: http://localhost/SAD/ArtLens/adminvisitorlog.php

23-06-2024T20:44:52 - [TEST_STEP][PASSED] - markPassed("The URL is correct: " + currentUrl): The URL is correct: http://localhost/SAD/ArtLens/adminvisitorlog.php

23-06-2024T20:44:52 - [MESSAGE][PASSED] - The URL is correct: http://localhost/SAD/ArtLens/adminvisitorlog.php

23-06-2024T20:44:52 - [TEST_STEP][PASSED] - Start listener action : sampleAfterTestCase: null]]></system-out>
         <system-err><![CDATA[]]></system-err>
      </testcase>
      <system-out><![CDATA[23-06-2024T20:41:31 - [TEST_SUITE][PASSED] - Test_Admin_Page_Accessible: Test Cases/admin/visitor_log_management/page_accessible]]></system-out>
      <system-err><![CDATA[]]></system-err>
   </testsuite>
   <testsuite name="Test_Admin_Pages_Authentication" tests="7" failures="7" errors="0" time="151.248" skipped="0" timestamp="23-06-2024T20:41:35" hostname="Summer - DESKTOP-KG5V3HF" id="Test Suites/Test_Admin_Pages_Authentication">
      <properties>
         <property name="deviceName" value=""/>
         <property name="devicePlatform"/>
         <property name="logFolder" value="C:\\DevPackage\\xampp\\htdocs\\SAD\\ArtLens\\Reports\\20240623_204104\\Test_Admin_Pages_Authentication\\20240623_204108"/>
         <property name="logFiles" value="C:\\DevPackage\\xampp\\htdocs\\SAD\\ArtLens\\Reports\\20240623_204104\\Test_Admin_Pages_Authentication\\20240623_204108\\execution0.log"/>
         <property name="attachments" value=""/>
         <property name="hostName" value="Summer - DESKTOP-KG5V3HF"/>
         <property name="os" value="Windows 10 64bit"/>
         <property name="katalonVersion" value="9.6.0.217"/>
         <property name="browser" value="Firefox 128.0"/>
         <property name="hostAddress" value="192.200.100.56"/>
         <property name="sessionId" value="63c89cd6-e0da-4738-a906-b3c49262def6"/>
         <property name="seleniumVersion" value="3.141.59"/>
         <property name="proxyInformation" value="ProxyInformation { proxyOption=NO_PROXY, proxyServerType=HTTP, username=, password=********, proxyServerAddress=, proxyServerPort=0, executionList=&quot;&quot;, isApplyToDesiredCapabilities=true }"/>
         <property name="platform" value="Windows 10"/>
      </properties>
      <testcase name="Test Cases/admin/account_management/page_accessible_logged_out" time="38.472" classname="Test Cases/admin/account_management/page_accessible_logged_out" status="FAILED">
         <failure type="FAILED" message="Test Cases/admin/account_management/page_accessible_logged_out FAILED.&#xa;Reason:&#xa;com.kms.katalon.core.exception.StepFailedException: Unable to verify match between actual text 'http://localhost/SAD/ArtLens/index.php' and expected text 'http://localhost/SAD/ArtLens/admin.php' (Root cause: com.kms.katalon.core.exception.StepFailedException: Actual text 'http://localhost/SAD/ArtLens/index.php' and expected text 'http://localhost/SAD/ArtLens/admin.php' are not matched&#xa;	at com.kms.katalon.core.keyword.builtin.VerifyMatchKeyword$_verifyMatch_closure1.doCall(VerifyMatchKeyword.groovy:57)&#xa;	at com.kms.katalon.core.keyword.builtin.VerifyMatchKeyword$_verifyMatch_closure1.call(VerifyMatchKeyword.groovy)&#xa;	at com.kms.katalon.core.keyword.internal.KeywordMain.runKeyword(KeywordMain.groovy:75)&#xa;	at com.kms.katalon.core.keyword.builtin.VerifyMatchKeyword.verifyMatch(VerifyMatchKeyword.groovy:60)&#xa;	at com.kms.katalon.core.keyword.builtin.VerifyMatchKeyword.execute(VerifyMatchKeyword.groovy:45)&#xa;	at com.kms.katalon.core.keyword.internal.KeywordExecutor.executeKeywordForPlatform(KeywordExecutor.groovy:74)&#xa;	at com.kms.katalon.core.keyword.BuiltinKeywords.verifyMatch(BuiltinKeywords.groovy:60)&#xa;	at java.base/jdk.internal.reflect.NativeMethodAccessorImpl.invoke0(Native Method)&#xa;	at java.base/jdk.internal.reflect.NativeMethodAccessorImpl.invoke(NativeMethodAccessorImpl.java:77)&#xa;	at java.base/jdk.internal.reflect.DelegatingMethodAccessorImpl.invoke(DelegatingMethodAccessorImpl.java:43)&#xa;	at com.artlens.utils.AdminUtils.verifyPageAccessLoggedOut(AdminUtils.groovy:112)&#xa;	at page_accessible_logged_out.run(page_accessible_logged_out:24)&#xa;	at com.kms.katalon.core.main.ScriptEngine.run(ScriptEngine.java:194)&#xa;	at com.kms.katalon.core.main.ScriptEngine.runScriptAsRawText(ScriptEngine.java:119)&#xa;	at com.kms.katalon.core.main.TestCaseExecutor.runScript(TestCaseExecutor.java:448)&#xa;	at com.kms.katalon.core.main.TestCaseExecutor.doExecute(TestCaseExecutor.java:439)&#xa;	at com.kms.katalon.core.main.TestCaseExecutor.processExecutionPhase(TestCaseExecutor.java:418)&#xa;	at com.kms.katalon.core.main.TestCaseExecutor.accessMainPhase(TestCaseExecutor.java:410)&#xa;	at com.kms.katalon.core.main.TestCaseExecutor.execute(TestCaseExecutor.java:285)&#xa;	at com.kms.katalon.core.common.CommonExecutor.accessTestCaseMainPhase(CommonExecutor.java:65)&#xa;	at com.kms.katalon.core.main.TestSuiteExecutor.accessTestSuiteMainPhase(TestSuiteExecutor.java:150)&#xa;	at com.kms.katalon.core.main.TestSuiteExecutor.execute(TestSuiteExecutor.java:106)&#xa;	at com.kms.katalon.core.main.TestCaseMain.startTestSuite(TestCaseMain.java:180)&#xa;	at TempTestSuite1719146468525.run(TempTestSuite1719146468525.groovy:35)&#xa;	at java.base/jdk.internal.reflect.NativeMethodAccessorImpl.invoke0(Native Method)&#xa;	at java.base/jdk.internal.reflect.NativeMethodAccessorImpl.invoke(NativeMethodAccessorImpl.java:77)&#xa;	at java.base/jdk.internal.reflect.DelegatingMethodAccessorImpl.invoke(DelegatingMethodAccessorImpl.java:43)&#xa;)&#xa;	at com.kms.katalon.core.keyword.internal.KeywordMain.stepFailed(KeywordMain.groovy:39)&#xa;	at com.kms.katalon.core.keyword.internal.KeywordMain.stepFailed(KeywordMain.groovy)&#xa;	at com.kms.katalon.core.keyword.internal.KeywordMain.runKeyword(KeywordMain.groovy:77)&#xa;	at com.kms.katalon.core.keyword.builtin.VerifyMatchKeyword.verifyMatch(VerifyMatchKeyword.groovy:60)&#xa;	at com.kms.katalon.core.keyword.builtin.VerifyMatchKeyword.execute(VerifyMatchKeyword.groovy:45)&#xa;	at com.kms.katalon.core.keyword.internal.KeywordExecutor.executeKeywordForPlatform(KeywordExecutor.groovy:74)&#xa;	at com.kms.katalon.core.keyword.BuiltinKeywords.verifyMatch(BuiltinKeywords.groovy:60)&#xa;	at java.base/jdk.internal.reflect.NativeMethodAccessorImpl.invoke0(Native Method)&#xa;	at java.base/jdk.internal.reflect.NativeMethodAccessorImpl.invoke(NativeMethodAccessorImpl.java:77)&#xa;	at java.base/jdk.internal.reflect.DelegatingMethodAccessorImpl.invoke(DelegatingMethodAccessorImpl.java:43)&#xa;	at com.artlens.utils.AdminUtils.verifyPageAccessLoggedOut(AdminUtils.groovy:112)&#xa;	at page_accessible_logged_out.run(page_accessible_logged_out:24)&#xa;	at com.kms.katalon.core.main.ScriptEngine.run(ScriptEngine.java:194)&#xa;	at com.kms.katalon.core.main.ScriptEngine.runScriptAsRawText(ScriptEngine.java:119)&#xa;	at com.kms.katalon.core.main.TestCaseExecutor.runScript(TestCaseExecutor.java:448)&#xa;	at com.kms.katalon.core.main.TestCaseExecutor.doExecute(TestCaseExecutor.java:439)&#xa;	at com.kms.katalon.core.main.TestCaseExecutor.processExecutionPhase(TestCaseExecutor.java:418)&#xa;	at com.kms.katalon.core.main.TestCaseExecutor.accessMainPhase(TestCaseExecutor.java:410)&#xa;	at com.kms.katalon.core.main.TestCaseExecutor.execute(TestCaseExecutor.java:285)&#xa;	at com.kms.katalon.core.common.CommonExecutor.accessTestCaseMainPhase(CommonExecutor.java:65)&#xa;	at com.kms.katalon.core.main.TestSuiteExecutor.accessTestSuiteMainPhase(TestSuiteExecutor.java:150)&#xa;	at com.kms.katalon.core.main.TestSuiteExecutor.execute(TestSuiteExecutor.java:106)&#xa;	at com.kms.katalon.core.main.TestCaseMain.startTestSuite(TestCaseMain.java:180)&#xa;	at TempTestSuite1719146468525.run(TempTestSuite1719146468525.groovy:35)&#xa;	at java.base/jdk.internal.reflect.NativeMethodAccessorImpl.invoke0(Native Method)&#xa;	at java.base/jdk.internal.reflect.NativeMethodAccessorImpl.invoke(NativeMethodAccessorImpl.java:77)&#xa;	at java.base/jdk.internal.reflect.DelegatingMethodAccessorImpl.invoke(DelegatingMethodAccessorImpl.java:43)&#xa;Caused by: com.kms.katalon.core.exception.StepFailedException: Actual text 'http://localhost/SAD/ArtLens/index.php' and expected text 'http://localhost/SAD/ArtLens/admin.php' are not matched&#xa;	at com.kms.katalon.core.keyword.builtin.VerifyMatchKeyword$_verifyMatch_closure1.doCall(VerifyMatchKeyword.groovy:57)&#xa;	at com.kms.katalon.core.keyword.builtin.VerifyMatchKeyword$_verifyMatch_closure1.call(VerifyMatchKeyword.groovy)&#xa;	at com.kms.katalon.core.keyword.internal.KeywordMain.runKeyword(KeywordMain.groovy:75)&#xa;	... 24 more&#xa;"/>
         <system-out><![CDATA[23-06-2024T20:41:36 - [TEST_CASE][FAILED] - Test Cases/admin/account_management/page_accessible_logged_out: Test Cases/admin/account_management/page_accessible_logged_out FAILED.
Reason:
com.kms.katalon.core.exception.StepFailedException: Unable to verify match between actual text 'http://localhost/SAD/ArtLens/index.php' and expected text 'http://localhost/SAD/ArtLens/admin.php' (Root cause: com.kms.katalon.core.exception.StepFailedException: Actual text 'http://localhost/SAD/ArtLens/index.php' and expected text 'http://localhost/SAD/ArtLens/admin.php' are not matched
	at com.kms.katalon.core.keyword.builtin.VerifyMatchKeyword$_verifyMatch_closure1.doCall(VerifyMatchKeyword.groovy:57)
	at com.kms.katalon.core.keyword.builtin.VerifyMatchKeyword$_verifyMatch_closure1.call(VerifyMatchKeyword.groovy)
	at com.kms.katalon.core.keyword.internal.KeywordMain.runKeyword(KeywordMain.groovy:75)
	at com.kms.katalon.core.keyword.builtin.VerifyMatchKeyword.verifyMatch(VerifyMatchKeyword.groovy:60)
	at com.kms.katalon.core.keyword.builtin.VerifyMatchKeyword.execute(VerifyMatchKeyword.groovy:45)
	at com.kms.katalon.core.keyword.internal.KeywordExecutor.executeKeywordForPlatform(KeywordExecutor.groovy:74)
	at com.kms.katalon.core.keyword.BuiltinKeywords.verifyMatch(BuiltinKeywords.groovy:60)
	at java.base/jdk.internal.reflect.NativeMethodAccessorImpl.invoke0(Native Method)
	at java.base/jdk.internal.reflect.NativeMethodAccessorImpl.invoke(NativeMethodAccessorImpl.java:77)
	at java.base/jdk.internal.reflect.DelegatingMethodAccessorImpl.invoke(DelegatingMethodAccessorImpl.java:43)
	at com.artlens.utils.AdminUtils.verifyPageAccessLoggedOut(AdminUtils.groovy:112)
	at page_accessible_logged_out.run(page_accessible_logged_out:24)
	at com.kms.katalon.core.main.ScriptEngine.run(ScriptEngine.java:194)
	at com.kms.katalon.core.main.ScriptEngine.runScriptAsRawText(ScriptEngine.java:119)
	at com.kms.katalon.core.main.TestCaseExecutor.runScript(TestCaseExecutor.java:448)
	at com.kms.katalon.core.main.TestCaseExecutor.doExecute(TestCaseExecutor.java:439)
	at com.kms.katalon.core.main.TestCaseExecutor.processExecutionPhase(TestCaseExecutor.java:418)
	at com.kms.katalon.core.main.TestCaseExecutor.accessMainPhase(TestCaseExecutor.java:410)
	at com.kms.katalon.core.main.TestCaseExecutor.execute(TestCaseExecutor.java:285)
	at com.kms.katalon.core.common.CommonExecutor.accessTestCaseMainPhase(CommonExecutor.java:65)
	at com.kms.katalon.core.main.TestSuiteExecutor.accessTestSuiteMainPhase(TestSuiteExecutor.java:150)
	at com.kms.katalon.core.main.TestSuiteExecutor.execute(TestSuiteExecutor.java:106)
	at com.kms.katalon.core.main.TestCaseMain.startTestSuite(TestCaseMain.java:180)
	at TempTestSuite1719146468525.run(TempTestSuite1719146468525.groovy:35)
	at java.base/jdk.internal.reflect.NativeMethodAccessorImpl.invoke0(Native Method)
	at java.base/jdk.internal.reflect.NativeMethodAccessorImpl.invoke(NativeMethodAccessorImpl.java:77)
	at java.base/jdk.internal.reflect.DelegatingMethodAccessorImpl.invoke(DelegatingMethodAccessorImpl.java:43)
)
	at com.kms.katalon.core.keyword.internal.KeywordMain.stepFailed(KeywordMain.groovy:39)
	at com.kms.katalon.core.keyword.internal.KeywordMain.stepFailed(KeywordMain.groovy)
	at com.kms.katalon.core.keyword.internal.KeywordMain.runKeyword(KeywordMain.groovy:77)
	at com.kms.katalon.core.keyword.builtin.VerifyMatchKeyword.verifyMatch(VerifyMatchKeyword.groovy:60)
	at com.kms.katalon.core.keyword.builtin.VerifyMatchKeyword.execute(VerifyMatchKeyword.groovy:45)
	at com.kms.katalon.core.keyword.internal.KeywordExecutor.executeKeywordForPlatform(KeywordExecutor.groovy:74)
	at com.kms.katalon.core.keyword.BuiltinKeywords.verifyMatch(BuiltinKeywords.groovy:60)
	at java.base/jdk.internal.reflect.NativeMethodAccessorImpl.invoke0(Native Method)
	at java.base/jdk.internal.reflect.NativeMethodAccessorImpl.invoke(NativeMethodAccessorImpl.java:77)
	at java.base/jdk.internal.reflect.DelegatingMethodAccessorImpl.invoke(DelegatingMethodAccessorImpl.java:43)
	at com.artlens.utils.AdminUtils.verifyPageAccessLoggedOut(AdminUtils.groovy:112)
	at page_accessible_logged_out.run(page_accessible_logged_out:24)
	at com.kms.katalon.core.main.ScriptEngine.run(ScriptEngine.java:194)
	at com.kms.katalon.core.main.ScriptEngine.runScriptAsRawText(ScriptEngine.java:119)
	at com.kms.katalon.core.main.TestCaseExecutor.runScript(TestCaseExecutor.java:448)
	at com.kms.katalon.core.main.TestCaseExecutor.doExecute(TestCaseExecutor.java:439)
	at com.kms.katalon.core.main.TestCaseExecutor.processExecutionPhase(TestCaseExecutor.java:418)
	at com.kms.katalon.core.main.TestCaseExecutor.accessMainPhase(TestCaseExecutor.java:410)
	at com.kms.katalon.core.main.TestCaseExecutor.execute(TestCaseExecutor.java:285)
	at com.kms.katalon.core.common.CommonExecutor.accessTestCaseMainPhase(CommonExecutor.java:65)
	at com.kms.katalon.core.main.TestSuiteExecutor.accessTestSuiteMainPhase(TestSuiteExecutor.java:150)
	at com.kms.katalon.core.main.TestSuiteExecutor.execute(TestSuiteExecutor.java:106)
	at com.kms.katalon.core.main.TestCaseMain.startTestSuite(TestCaseMain.java:180)
	at TempTestSuite1719146468525.run(TempTestSuite1719146468525.groovy:35)
	at java.base/jdk.internal.reflect.NativeMethodAccessorImpl.invoke0(Native Method)
	at java.base/jdk.internal.reflect.NativeMethodAccessorImpl.invoke(NativeMethodAccessorImpl.java:77)
	at java.base/jdk.internal.reflect.DelegatingMethodAccessorImpl.invoke(DelegatingMethodAccessorImpl.java:43)
Caused by: com.kms.katalon.core.exception.StepFailedException: Actual text 'http://localhost/SAD/ArtLens/index.php' and expected text 'http://localhost/SAD/ArtLens/admin.php' are not matched
	at com.kms.katalon.core.keyword.builtin.VerifyMatchKeyword$_verifyMatch_closure1.doCall(VerifyMatchKeyword.groovy:57)
	at com.kms.katalon.core.keyword.builtin.VerifyMatchKeyword$_verifyMatch_closure1.call(VerifyMatchKeyword.groovy)
	at com.kms.katalon.core.keyword.internal.KeywordMain.runKeyword(KeywordMain.groovy:75)
	... 24 more


23-06-2024T20:41:36 - [TEST_STEP][PASSED] - Start listener action : sampleBeforeTestCase: Browser is opened with url: ''

23-06-2024T20:41:36 - [TEST_STEP][PASSED] - println(testCaseContext.getTestCaseId()): null

23-06-2024T20:41:36 - [TEST_STEP][PASSED] - openBrowser(""): Browser is opened with url: ''

23-06-2024T20:41:39 - [MESSAGE][INFO] - Starting 'Firefox (headless)' driver

23-06-2024T20:41:40 - [MESSAGE][INFO] - Action delay is set to 0 milliseconds

23-06-2024T20:41:58 - [MESSAGE][PASSED] - Browser is opened with url: ''

23-06-2024T20:42:00 - [TEST_STEP][FAILED] - try: Unable to verify match between actual text 'http://localhost/SAD/ArtLens/index.php' and expected text 'http://localhost/SAD/ArtLens/admin.php' (Root cause: com.kms.katalon.core.exception.StepFailedException: Actual text 'http://localhost/SAD/ArtLens/index.php' and expected text 'http://localhost/SAD/ArtLens/admin.php' are not matched
	at com.kms.katalon.core.keyword.builtin.VerifyMatchKeyword$_verifyMatch_closure1.doCall(VerifyMatchKeyword.groovy:57)
	at com.kms.katalon.core.keyword.builtin.VerifyMatchKeyword$_verifyMatch_closure1.call(VerifyMatchKeyword.groovy)
	at com.kms.katalon.core.keyword.internal.KeywordMain.runKeyword(KeywordMain.groovy:75)
	at com.kms.katalon.core.keyword.builtin.VerifyMatchKeyword.verifyMatch(VerifyMatchKeyword.groovy:60)
	at com.kms.katalon.core.keyword.builtin.VerifyMatchKeyword.execute(VerifyMatchKeyword.groovy:45)
	at com.kms.katalon.core.keyword.internal.KeywordExecutor.executeKeywordForPlatform(KeywordExecutor.groovy:74)
	at com.kms.katalon.core.keyword.BuiltinKeywords.verifyMatch(BuiltinKeywords.groovy:60)
	at java.base/jdk.internal.reflect.NativeMethodAccessorImpl.invoke0(Native Method)
	at java.base/jdk.internal.reflect.NativeMethodAccessorImpl.invoke(NativeMethodAccessorImpl.java:77)
	at java.base/jdk.internal.reflect.DelegatingMethodAccessorImpl.invoke(DelegatingMethodAccessorImpl.java:43)
	at com.artlens.utils.AdminUtils.verifyPageAccessLoggedOut(AdminUtils.groovy:112)
	at page_accessible_logged_out.run(page_accessible_logged_out:24)
	at com.kms.katalon.core.main.ScriptEngine.run(ScriptEngine.java:194)
	at com.kms.katalon.core.main.ScriptEngine.runScriptAsRawText(ScriptEngine.java:119)
	at com.kms.katalon.core.main.TestCaseExecutor.runScript(TestCaseExecutor.java:448)
	at com.kms.katalon.core.main.TestCaseExecutor.doExecute(TestCaseExecutor.java:439)
	at com.kms.katalon.core.main.TestCaseExecutor.processExecutionPhase(TestCaseExecutor.java:418)
	at com.kms.katalon.core.main.TestCaseExecutor.accessMainPhase(TestCaseExecutor.java:410)
	at com.kms.katalon.core.main.TestCaseExecutor.execute(TestCaseExecutor.java:285)
	at com.kms.katalon.core.common.CommonExecutor.accessTestCaseMainPhase(CommonExecutor.java:65)
	at com.kms.katalon.core.main.TestSuiteExecutor.accessTestSuiteMainPhase(TestSuiteExecutor.java:150)
	at com.kms.katalon.core.main.TestSuiteExecutor.execute(TestSuiteExecutor.java:106)
	at com.kms.katalon.core.main.TestCaseMain.startTestSuite(TestCaseMain.java:180)
	at TempTestSuite1719146468525.run(TempTestSuite1719146468525.groovy:35)
	at java.base/jdk.internal.reflect.NativeMethodAccessorImpl.invoke0(Native Method)
	at java.base/jdk.internal.reflect.NativeMethodAccessorImpl.invoke(NativeMethodAccessorImpl.java:77)
	at java.base/jdk.internal.reflect.DelegatingMethodAccessorImpl.invoke(DelegatingMethodAccessorImpl.java:43)
)

23-06-2024T20:42:00 - [TEST_STEP][FAILED] - AdminUtils.verifyPageAccessLoggedOut("adminaccount.php"): Unable to verify match between actual text 'http://localhost/SAD/ArtLens/index.php' and expected text 'http://localhost/SAD/ArtLens/admin.php' (Root cause: com.kms.katalon.core.exception.StepFailedException: Actual text 'http://localhost/SAD/ArtLens/index.php' and expected text 'http://localhost/SAD/ArtLens/admin.php' are not matched
	at com.kms.katalon.core.keyword.builtin.VerifyMatchKeyword$_verifyMatch_closure1.doCall(VerifyMatchKeyword.groovy:57)
	at com.kms.katalon.core.keyword.builtin.VerifyMatchKeyword$_verifyMatch_closure1.call(VerifyMatchKeyword.groovy)
	at com.kms.katalon.core.keyword.internal.KeywordMain.runKeyword(KeywordMain.groovy:75)
	at com.kms.katalon.core.keyword.builtin.VerifyMatchKeyword.verifyMatch(VerifyMatchKeyword.groovy:60)
	at com.kms.katalon.core.keyword.builtin.VerifyMatchKeyword.execute(VerifyMatchKeyword.groovy:45)
	at com.kms.katalon.core.keyword.internal.KeywordExecutor.executeKeywordForPlatform(KeywordExecutor.groovy:74)
	at com.kms.katalon.core.keyword.BuiltinKeywords.verifyMatch(BuiltinKeywords.groovy:60)
	at java.base/jdk.internal.reflect.NativeMethodAccessorImpl.invoke0(Native Method)
	at java.base/jdk.internal.reflect.NativeMethodAccessorImpl.invoke(NativeMethodAccessorImpl.java:77)
	at java.base/jdk.internal.reflect.DelegatingMethodAccessorImpl.invoke(DelegatingMethodAccessorImpl.java:43)
	at com.artlens.utils.AdminUtils.verifyPageAccessLoggedOut(AdminUtils.groovy:112)
	at page_accessible_logged_out.run(page_accessible_logged_out:24)
	at com.kms.katalon.core.main.ScriptEngine.run(ScriptEngine.java:194)
	at com.kms.katalon.core.main.ScriptEngine.runScriptAsRawText(ScriptEngine.java:119)
	at com.kms.katalon.core.main.TestCaseExecutor.runScript(TestCaseExecutor.java:448)
	at com.kms.katalon.core.main.TestCaseExecutor.doExecute(TestCaseExecutor.java:439)
	at com.kms.katalon.core.main.TestCaseExecutor.processExecutionPhase(TestCaseExecutor.java:418)
	at com.kms.katalon.core.main.TestCaseExecutor.accessMainPhase(TestCaseExecutor.java:410)
	at com.kms.katalon.core.main.TestCaseExecutor.execute(TestCaseExecutor.java:285)
	at com.kms.katalon.core.common.CommonExecutor.accessTestCaseMainPhase(CommonExecutor.java:65)
	at com.kms.katalon.core.main.TestSuiteExecutor.accessTestSuiteMainPhase(TestSuiteExecutor.java:150)
	at com.kms.katalon.core.main.TestSuiteExecutor.execute(TestSuiteExecutor.java:106)
	at com.kms.katalon.core.main.TestCaseMain.startTestSuite(TestCaseMain.java:180)
	at TempTestSuite1719146468525.run(TempTestSuite1719146468525.groovy:35)
	at java.base/jdk.internal.reflect.NativeMethodAccessorImpl.invoke0(Native Method)
	at java.base/jdk.internal.reflect.NativeMethodAccessorImpl.invoke(NativeMethodAccessorImpl.java:77)
	at java.base/jdk.internal.reflect.DelegatingMethodAccessorImpl.invoke(DelegatingMethodAccessorImpl.java:43)
)

23-06-2024T20:42:10 - [MESSAGE][INFO] - HAR: C:\DevPackage\xampp\htdocs\SAD\ArtLens\Reports\20240623_204104\Test_Admin_Pages_Authentication\20240623_204108\requests\main\0.har

23-06-2024T20:42:11 - [MESSAGE][PASSED] - Send request successfully

23-06-2024T20:42:11 - [MESSAGE][PASSED] - All links are accessible

23-06-2024T20:42:12 - [MESSAGE][PASSED] - Navigate to 'http://localhost/SAD/ArtLens/adminaccount.php' successfully

23-06-2024T20:42:13 - [MESSAGE][PASSED] - Current window's url is: 'http://localhost/SAD/ArtLens/index.php'

23-06-2024T20:42:13 - [MESSAGE][INFO] - HAR: C:\DevPackage\xampp\htdocs\SAD\ArtLens\Reports\20240623_204104\Test_Admin_Pages_Authentication\20240623_204108\requests\main\1.har

23-06-2024T20:42:13 - [MESSAGE][PASSED] - Send request successfully

23-06-2024T20:42:13 - [MESSAGE][PASSED] - All links are accessible

23-06-2024T20:42:14 - [MESSAGE][PASSED] - Actual text 'http://localhost/SAD/ArtLens/index.php' and expected text 'http://localhost/SAD/ArtLens/adminaccount.php' are not matched 

23-06-2024T20:42:14 - [MESSAGE][FAILED] - Unable to verify match between actual text 'http://localhost/SAD/ArtLens/index.php' and expected text 'http://localhost/SAD/ArtLens/admin.php' (Root cause: com.kms.katalon.core.exception.StepFailedException: Actual text 'http://localhost/SAD/ArtLens/index.php' and expected text 'http://localhost/SAD/ArtLens/admin.php' are not matched
	at com.kms.katalon.core.keyword.builtin.VerifyMatchKeyword$_verifyMatch_closure1.doCall(VerifyMatchKeyword.groovy:57)
	at com.kms.katalon.core.keyword.builtin.VerifyMatchKeyword$_verifyMatch_closure1.call(VerifyMatchKeyword.groovy)
	at com.kms.katalon.core.keyword.internal.KeywordMain.runKeyword(KeywordMain.groovy:75)
	at com.kms.katalon.core.keyword.builtin.VerifyMatchKeyword.verifyMatch(VerifyMatchKeyword.groovy:60)
	at com.kms.katalon.core.keyword.builtin.VerifyMatchKeyword.execute(VerifyMatchKeyword.groovy:45)
	at com.kms.katalon.core.keyword.internal.KeywordExecutor.executeKeywordForPlatform(KeywordExecutor.groovy:74)
	at com.kms.katalon.core.keyword.BuiltinKeywords.verifyMatch(BuiltinKeywords.groovy:60)
	at java.base/jdk.internal.reflect.NativeMethodAccessorImpl.invoke0(Native Method)
	at java.base/jdk.internal.reflect.NativeMethodAccessorImpl.invoke(NativeMethodAccessorImpl.java:77)
	at java.base/jdk.internal.reflect.DelegatingMethodAccessorImpl.invoke(DelegatingMethodAccessorImpl.java:43)
	at com.artlens.utils.AdminUtils.verifyPageAccessLoggedOut(AdminUtils.groovy:112)
	at page_accessible_logged_out.run(page_accessible_logged_out:24)
	at com.kms.katalon.core.main.ScriptEngine.run(ScriptEngine.java:194)
	at com.kms.katalon.core.main.ScriptEngine.runScriptAsRawText(ScriptEngine.java:119)
	at com.kms.katalon.core.main.TestCaseExecutor.runScript(TestCaseExecutor.java:448)
	at com.kms.katalon.core.main.TestCaseExecutor.doExecute(TestCaseExecutor.java:439)
	at com.kms.katalon.core.main.TestCaseExecutor.processExecutionPhase(TestCaseExecutor.java:418)
	at com.kms.katalon.core.main.TestCaseExecutor.accessMainPhase(TestCaseExecutor.java:410)
	at com.kms.katalon.core.main.TestCaseExecutor.execute(TestCaseExecutor.java:285)
	at com.kms.katalon.core.common.CommonExecutor.accessTestCaseMainPhase(CommonExecutor.java:65)
	at com.kms.katalon.core.main.TestSuiteExecutor.accessTestSuiteMainPhase(TestSuiteExecutor.java:150)
	at com.kms.katalon.core.main.TestSuiteExecutor.execute(TestSuiteExecutor.java:106)
	at com.kms.katalon.core.main.TestCaseMain.startTestSuite(TestCaseMain.java:180)
	at TempTestSuite1719146468525.run(TempTestSuite1719146468525.groovy:35)
	at java.base/jdk.internal.reflect.NativeMethodAccessorImpl.invoke0(Native Method)
	at java.base/jdk.internal.reflect.NativeMethodAccessorImpl.invoke(NativeMethodAccessorImpl.java:77)
	at java.base/jdk.internal.reflect.DelegatingMethodAccessorImpl.invoke(DelegatingMethodAccessorImpl.java:43)
)

23-06-2024T20:42:14 - [TEST_STEP][PASSED] - Start listener action : sampleAfterTestCase: null]]></system-out>
         <system-err><![CDATA[23-06-2024T20:41:36 - [TEST_CASE][FAILED] - Test Cases/admin/account_management/page_accessible_logged_out: Test Cases/admin/account_management/page_accessible_logged_out FAILED.
Reason:
com.kms.katalon.core.exception.StepFailedException: Unable to verify match between actual text 'http://localhost/SAD/ArtLens/index.php' and expected text 'http://localhost/SAD/ArtLens/admin.php' (Root cause: com.kms.katalon.core.exception.StepFailedException: Actual text 'http://localhost/SAD/ArtLens/index.php' and expected text 'http://localhost/SAD/ArtLens/admin.php' are not matched
	at com.kms.katalon.core.keyword.builtin.VerifyMatchKeyword$_verifyMatch_closure1.doCall(VerifyMatchKeyword.groovy:57)
	at com.kms.katalon.core.keyword.builtin.VerifyMatchKeyword$_verifyMatch_closure1.call(VerifyMatchKeyword.groovy)
	at com.kms.katalon.core.keyword.internal.KeywordMain.runKeyword(KeywordMain.groovy:75)
	at com.kms.katalon.core.keyword.builtin.VerifyMatchKeyword.verifyMatch(VerifyMatchKeyword.groovy:60)
	at com.kms.katalon.core.keyword.builtin.VerifyMatchKeyword.execute(VerifyMatchKeyword.groovy:45)
	at com.kms.katalon.core.keyword.internal.KeywordExecutor.executeKeywordForPlatform(KeywordExecutor.groovy:74)
	at com.kms.katalon.core.keyword.BuiltinKeywords.verifyMatch(BuiltinKeywords.groovy:60)
	at java.base/jdk.internal.reflect.NativeMethodAccessorImpl.invoke0(Native Method)
	at java.base/jdk.internal.reflect.NativeMethodAccessorImpl.invoke(NativeMethodAccessorImpl.java:77)
	at java.base/jdk.internal.reflect.DelegatingMethodAccessorImpl.invoke(DelegatingMethodAccessorImpl.java:43)
	at com.artlens.utils.AdminUtils.verifyPageAccessLoggedOut(AdminUtils.groovy:112)
	at page_accessible_logged_out.run(page_accessible_logged_out:24)
	at com.kms.katalon.core.main.ScriptEngine.run(ScriptEngine.java:194)
	at com.kms.katalon.core.main.ScriptEngine.runScriptAsRawText(ScriptEngine.java:119)
	at com.kms.katalon.core.main.TestCaseExecutor.runScript(TestCaseExecutor.java:448)
	at com.kms.katalon.core.main.TestCaseExecutor.doExecute(TestCaseExecutor.java:439)
	at com.kms.katalon.core.main.TestCaseExecutor.processExecutionPhase(TestCaseExecutor.java:418)
	at com.kms.katalon.core.main.TestCaseExecutor.accessMainPhase(TestCaseExecutor.java:410)
	at com.kms.katalon.core.main.TestCaseExecutor.execute(TestCaseExecutor.java:285)
	at com.kms.katalon.core.common.CommonExecutor.accessTestCaseMainPhase(CommonExecutor.java:65)
	at com.kms.katalon.core.main.TestSuiteExecutor.accessTestSuiteMainPhase(TestSuiteExecutor.java:150)
	at com.kms.katalon.core.main.TestSuiteExecutor.execute(TestSuiteExecutor.java:106)
	at com.kms.katalon.core.main.TestCaseMain.startTestSuite(TestCaseMain.java:180)
	at TempTestSuite1719146468525.run(TempTestSuite1719146468525.groovy:35)
	at java.base/jdk.internal.reflect.NativeMethodAccessorImpl.invoke0(Native Method)
	at java.base/jdk.internal.reflect.NativeMethodAccessorImpl.invoke(NativeMethodAccessorImpl.java:77)
	at java.base/jdk.internal.reflect.DelegatingMethodAccessorImpl.invoke(DelegatingMethodAccessorImpl.java:43)
)
	at com.kms.katalon.core.keyword.internal.KeywordMain.stepFailed(KeywordMain.groovy:39)
	at com.kms.katalon.core.keyword.internal.KeywordMain.stepFailed(KeywordMain.groovy)
	at com.kms.katalon.core.keyword.internal.KeywordMain.runKeyword(KeywordMain.groovy:77)
	at com.kms.katalon.core.keyword.builtin.VerifyMatchKeyword.verifyMatch(VerifyMatchKeyword.groovy:60)
	at com.kms.katalon.core.keyword.builtin.VerifyMatchKeyword.execute(VerifyMatchKeyword.groovy:45)
	at com.kms.katalon.core.keyword.internal.KeywordExecutor.executeKeywordForPlatform(KeywordExecutor.groovy:74)
	at com.kms.katalon.core.keyword.BuiltinKeywords.verifyMatch(BuiltinKeywords.groovy:60)
	at java.base/jdk.internal.reflect.NativeMethodAccessorImpl.invoke0(Native Method)
	at java.base/jdk.internal.reflect.NativeMethodAccessorImpl.invoke(NativeMethodAccessorImpl.java:77)
	at java.base/jdk.internal.reflect.DelegatingMethodAccessorImpl.invoke(DelegatingMethodAccessorImpl.java:43)
	at com.artlens.utils.AdminUtils.verifyPageAccessLoggedOut(AdminUtils.groovy:112)
	at page_accessible_logged_out.run(page_accessible_logged_out:24)
	at com.kms.katalon.core.main.ScriptEngine.run(ScriptEngine.java:194)
	at com.kms.katalon.core.main.ScriptEngine.runScriptAsRawText(ScriptEngine.java:119)
	at com.kms.katalon.core.main.TestCaseExecutor.runScript(TestCaseExecutor.java:448)
	at com.kms.katalon.core.main.TestCaseExecutor.doExecute(TestCaseExecutor.java:439)
	at com.kms.katalon.core.main.TestCaseExecutor.processExecutionPhase(TestCaseExecutor.java:418)
	at com.kms.katalon.core.main.TestCaseExecutor.accessMainPhase(TestCaseExecutor.java:410)
	at com.kms.katalon.core.main.TestCaseExecutor.execute(TestCaseExecutor.java:285)
	at com.kms.katalon.core.common.CommonExecutor.accessTestCaseMainPhase(CommonExecutor.java:65)
	at com.kms.katalon.core.main.TestSuiteExecutor.accessTestSuiteMainPhase(TestSuiteExecutor.java:150)
	at com.kms.katalon.core.main.TestSuiteExecutor.execute(TestSuiteExecutor.java:106)
	at com.kms.katalon.core.main.TestCaseMain.startTestSuite(TestCaseMain.java:180)
	at TempTestSuite1719146468525.run(TempTestSuite1719146468525.groovy:35)
	at java.base/jdk.internal.reflect.NativeMethodAccessorImpl.invoke0(Native Method)
	at java.base/jdk.internal.reflect.NativeMethodAccessorImpl.invoke(NativeMethodAccessorImpl.java:77)
	at java.base/jdk.internal.reflect.DelegatingMethodAccessorImpl.invoke(DelegatingMethodAccessorImpl.java:43)
Caused by: com.kms.katalon.core.exception.StepFailedException: Actual text 'http://localhost/SAD/ArtLens/index.php' and expected text 'http://localhost/SAD/ArtLens/admin.php' are not matched
	at com.kms.katalon.core.keyword.builtin.VerifyMatchKeyword$_verifyMatch_closure1.doCall(VerifyMatchKeyword.groovy:57)
	at com.kms.katalon.core.keyword.builtin.VerifyMatchKeyword$_verifyMatch_closure1.call(VerifyMatchKeyword.groovy)
	at com.kms.katalon.core.keyword.internal.KeywordMain.runKeyword(KeywordMain.groovy:75)
	... 24 more]]></system-err>
      </testcase>
      <testcase name="Test Cases/admin/announcement_management/page_accessible_logged_out" time="18.17" classname="Test Cases/admin/announcement_management/page_accessible_logged_out" status="FAILED">
         <failure type="FAILED" message="Test Cases/admin/announcement_management/page_accessible_logged_out FAILED.&#xa;Reason:&#xa;com.kms.katalon.core.exception.StepFailedException: Unable to verify match between actual text 'http://localhost/SAD/ArtLens/index.php' and expected text 'http://localhost/SAD/ArtLens/admin.php' (Root cause: com.kms.katalon.core.exception.StepFailedException: Actual text 'http://localhost/SAD/ArtLens/index.php' and expected text 'http://localhost/SAD/ArtLens/admin.php' are not matched&#xa;	at com.kms.katalon.core.keyword.builtin.VerifyMatchKeyword$_verifyMatch_closure1.doCall(VerifyMatchKeyword.groovy:57)&#xa;	at com.kms.katalon.core.keyword.builtin.VerifyMatchKeyword$_verifyMatch_closure1.call(VerifyMatchKeyword.groovy)&#xa;	at com.kms.katalon.core.keyword.internal.KeywordMain.runKeyword(KeywordMain.groovy:75)&#xa;	at com.kms.katalon.core.keyword.builtin.VerifyMatchKeyword.verifyMatch(VerifyMatchKeyword.groovy:60)&#xa;	at com.kms.katalon.core.keyword.builtin.VerifyMatchKeyword.execute(VerifyMatchKeyword.groovy:45)&#xa;	at com.kms.katalon.core.keyword.internal.KeywordExecutor.executeKeywordForPlatform(KeywordExecutor.groovy:74)&#xa;	at com.kms.katalon.core.keyword.BuiltinKeywords.verifyMatch(BuiltinKeywords.groovy:60)&#xa;	at java.base/jdk.internal.reflect.NativeMethodAccessorImpl.invoke0(Native Method)&#xa;	at java.base/jdk.internal.reflect.NativeMethodAccessorImpl.invoke(NativeMethodAccessorImpl.java:77)&#xa;	at java.base/jdk.internal.reflect.DelegatingMethodAccessorImpl.invoke(DelegatingMethodAccessorImpl.java:43)&#xa;	at com.artlens.utils.AdminUtils.verifyPageAccessLoggedOut(AdminUtils.groovy:112)&#xa;	at page_accessible_logged_out.run(page_accessible_logged_out:24)&#xa;	at com.kms.katalon.core.main.ScriptEngine.run(ScriptEngine.java:194)&#xa;	at com.kms.katalon.core.main.ScriptEngine.runScriptAsRawText(ScriptEngine.java:119)&#xa;	at com.kms.katalon.core.main.TestCaseExecutor.runScript(TestCaseExecutor.java:448)&#xa;	at com.kms.katalon.core.main.TestCaseExecutor.doExecute(TestCaseExecutor.java:439)&#xa;	at com.kms.katalon.core.main.TestCaseExecutor.processExecutionPhase(TestCaseExecutor.java:418)&#xa;	at com.kms.katalon.core.main.TestCaseExecutor.accessMainPhase(TestCaseExecutor.java:410)&#xa;	at com.kms.katalon.core.main.TestCaseExecutor.execute(TestCaseExecutor.java:285)&#xa;	at com.kms.katalon.core.common.CommonExecutor.accessTestCaseMainPhase(CommonExecutor.java:65)&#xa;	at com.kms.katalon.core.main.TestSuiteExecutor.accessTestSuiteMainPhase(TestSuiteExecutor.java:150)&#xa;	at com.kms.katalon.core.main.TestSuiteExecutor.execute(TestSuiteExecutor.java:106)&#xa;	at com.kms.katalon.core.main.TestCaseMain.startTestSuite(TestCaseMain.java:180)&#xa;	at TempTestSuite1719146468525.run(TempTestSuite1719146468525.groovy:35)&#xa;	at java.base/jdk.internal.reflect.NativeMethodAccessorImpl.invoke0(Native Method)&#xa;	at java.base/jdk.internal.reflect.NativeMethodAccessorImpl.invoke(NativeMethodAccessorImpl.java:77)&#xa;	at java.base/jdk.internal.reflect.DelegatingMethodAccessorImpl.invoke(DelegatingMethodAccessorImpl.java:43)&#xa;)&#xa;	at com.kms.katalon.core.keyword.internal.KeywordMain.stepFailed(KeywordMain.groovy:39)&#xa;	at com.kms.katalon.core.keyword.internal.KeywordMain.stepFailed(KeywordMain.groovy)&#xa;	at com.kms.katalon.core.keyword.internal.KeywordMain.runKeyword(KeywordMain.groovy:77)&#xa;	at com.kms.katalon.core.keyword.builtin.VerifyMatchKeyword.verifyMatch(VerifyMatchKeyword.groovy:60)&#xa;	at com.kms.katalon.core.keyword.builtin.VerifyMatchKeyword.execute(VerifyMatchKeyword.groovy:45)&#xa;	at com.kms.katalon.core.keyword.internal.KeywordExecutor.executeKeywordForPlatform(KeywordExecutor.groovy:74)&#xa;	at com.kms.katalon.core.keyword.BuiltinKeywords.verifyMatch(BuiltinKeywords.groovy:60)&#xa;	at java.base/jdk.internal.reflect.NativeMethodAccessorImpl.invoke0(Native Method)&#xa;	at java.base/jdk.internal.reflect.NativeMethodAccessorImpl.invoke(NativeMethodAccessorImpl.java:77)&#xa;	at java.base/jdk.internal.reflect.DelegatingMethodAccessorImpl.invoke(DelegatingMethodAccessorImpl.java:43)&#xa;	at com.artlens.utils.AdminUtils.verifyPageAccessLoggedOut(AdminUtils.groovy:112)&#xa;	at page_accessible_logged_out.run(page_accessible_logged_out:24)&#xa;	at com.kms.katalon.core.main.ScriptEngine.run(ScriptEngine.java:194)&#xa;	at com.kms.katalon.core.main.ScriptEngine.runScriptAsRawText(ScriptEngine.java:119)&#xa;	at com.kms.katalon.core.main.TestCaseExecutor.runScript(TestCaseExecutor.java:448)&#xa;	at com.kms.katalon.core.main.TestCaseExecutor.doExecute(TestCaseExecutor.java:439)&#xa;	at com.kms.katalon.core.main.TestCaseExecutor.processExecutionPhase(TestCaseExecutor.java:418)&#xa;	at com.kms.katalon.core.main.TestCaseExecutor.accessMainPhase(TestCaseExecutor.java:410)&#xa;	at com.kms.katalon.core.main.TestCaseExecutor.execute(TestCaseExecutor.java:285)&#xa;	at com.kms.katalon.core.common.CommonExecutor.accessTestCaseMainPhase(CommonExecutor.java:65)&#xa;	at com.kms.katalon.core.main.TestSuiteExecutor.accessTestSuiteMainPhase(TestSuiteExecutor.java:150)&#xa;	at com.kms.katalon.core.main.TestSuiteExecutor.execute(TestSuiteExecutor.java:106)&#xa;	at com.kms.katalon.core.main.TestCaseMain.startTestSuite(TestCaseMain.java:180)&#xa;	at TempTestSuite1719146468525.run(TempTestSuite1719146468525.groovy:35)&#xa;	at java.base/jdk.internal.reflect.NativeMethodAccessorImpl.invoke0(Native Method)&#xa;	at java.base/jdk.internal.reflect.NativeMethodAccessorImpl.invoke(NativeMethodAccessorImpl.java:77)&#xa;	at java.base/jdk.internal.reflect.DelegatingMethodAccessorImpl.invoke(DelegatingMethodAccessorImpl.java:43)&#xa;Caused by: com.kms.katalon.core.exception.StepFailedException: Actual text 'http://localhost/SAD/ArtLens/index.php' and expected text 'http://localhost/SAD/ArtLens/admin.php' are not matched&#xa;	at com.kms.katalon.core.keyword.builtin.VerifyMatchKeyword$_verifyMatch_closure1.doCall(VerifyMatchKeyword.groovy:57)&#xa;	at com.kms.katalon.core.keyword.builtin.VerifyMatchKeyword$_verifyMatch_closure1.call(VerifyMatchKeyword.groovy)&#xa;	at com.kms.katalon.core.keyword.internal.KeywordMain.runKeyword(KeywordMain.groovy:75)&#xa;	... 24 more&#xa;"/>
         <system-out><![CDATA[23-06-2024T20:42:14 - [TEST_CASE][FAILED] - Test Cases/admin/announcement_management/page_accessible_logged_out: Test Cases/admin/announcement_management/page_accessible_logged_out FAILED.
Reason:
com.kms.katalon.core.exception.StepFailedException: Unable to verify match between actual text 'http://localhost/SAD/ArtLens/index.php' and expected text 'http://localhost/SAD/ArtLens/admin.php' (Root cause: com.kms.katalon.core.exception.StepFailedException: Actual text 'http://localhost/SAD/ArtLens/index.php' and expected text 'http://localhost/SAD/ArtLens/admin.php' are not matched
	at com.kms.katalon.core.keyword.builtin.VerifyMatchKeyword$_verifyMatch_closure1.doCall(VerifyMatchKeyword.groovy:57)
	at com.kms.katalon.core.keyword.builtin.VerifyMatchKeyword$_verifyMatch_closure1.call(VerifyMatchKeyword.groovy)
	at com.kms.katalon.core.keyword.internal.KeywordMain.runKeyword(KeywordMain.groovy:75)
	at com.kms.katalon.core.keyword.builtin.VerifyMatchKeyword.verifyMatch(VerifyMatchKeyword.groovy:60)
	at com.kms.katalon.core.keyword.builtin.VerifyMatchKeyword.execute(VerifyMatchKeyword.groovy:45)
	at com.kms.katalon.core.keyword.internal.KeywordExecutor.executeKeywordForPlatform(KeywordExecutor.groovy:74)
	at com.kms.katalon.core.keyword.BuiltinKeywords.verifyMatch(BuiltinKeywords.groovy:60)
	at java.base/jdk.internal.reflect.NativeMethodAccessorImpl.invoke0(Native Method)
	at java.base/jdk.internal.reflect.NativeMethodAccessorImpl.invoke(NativeMethodAccessorImpl.java:77)
	at java.base/jdk.internal.reflect.DelegatingMethodAccessorImpl.invoke(DelegatingMethodAccessorImpl.java:43)
	at com.artlens.utils.AdminUtils.verifyPageAccessLoggedOut(AdminUtils.groovy:112)
	at page_accessible_logged_out.run(page_accessible_logged_out:24)
	at com.kms.katalon.core.main.ScriptEngine.run(ScriptEngine.java:194)
	at com.kms.katalon.core.main.ScriptEngine.runScriptAsRawText(ScriptEngine.java:119)
	at com.kms.katalon.core.main.TestCaseExecutor.runScript(TestCaseExecutor.java:448)
	at com.kms.katalon.core.main.TestCaseExecutor.doExecute(TestCaseExecutor.java:439)
	at com.kms.katalon.core.main.TestCaseExecutor.processExecutionPhase(TestCaseExecutor.java:418)
	at com.kms.katalon.core.main.TestCaseExecutor.accessMainPhase(TestCaseExecutor.java:410)
	at com.kms.katalon.core.main.TestCaseExecutor.execute(TestCaseExecutor.java:285)
	at com.kms.katalon.core.common.CommonExecutor.accessTestCaseMainPhase(CommonExecutor.java:65)
	at com.kms.katalon.core.main.TestSuiteExecutor.accessTestSuiteMainPhase(TestSuiteExecutor.java:150)
	at com.kms.katalon.core.main.TestSuiteExecutor.execute(TestSuiteExecutor.java:106)
	at com.kms.katalon.core.main.TestCaseMain.startTestSuite(TestCaseMain.java:180)
	at TempTestSuite1719146468525.run(TempTestSuite1719146468525.groovy:35)
	at java.base/jdk.internal.reflect.NativeMethodAccessorImpl.invoke0(Native Method)
	at java.base/jdk.internal.reflect.NativeMethodAccessorImpl.invoke(NativeMethodAccessorImpl.java:77)
	at java.base/jdk.internal.reflect.DelegatingMethodAccessorImpl.invoke(DelegatingMethodAccessorImpl.java:43)
)
	at com.kms.katalon.core.keyword.internal.KeywordMain.stepFailed(KeywordMain.groovy:39)
	at com.kms.katalon.core.keyword.internal.KeywordMain.stepFailed(KeywordMain.groovy)
	at com.kms.katalon.core.keyword.internal.KeywordMain.runKeyword(KeywordMain.groovy:77)
	at com.kms.katalon.core.keyword.builtin.VerifyMatchKeyword.verifyMatch(VerifyMatchKeyword.groovy:60)
	at com.kms.katalon.core.keyword.builtin.VerifyMatchKeyword.execute(VerifyMatchKeyword.groovy:45)
	at com.kms.katalon.core.keyword.internal.KeywordExecutor.executeKeywordForPlatform(KeywordExecutor.groovy:74)
	at com.kms.katalon.core.keyword.BuiltinKeywords.verifyMatch(BuiltinKeywords.groovy:60)
	at java.base/jdk.internal.reflect.NativeMethodAccessorImpl.invoke0(Native Method)
	at java.base/jdk.internal.reflect.NativeMethodAccessorImpl.invoke(NativeMethodAccessorImpl.java:77)
	at java.base/jdk.internal.reflect.DelegatingMethodAccessorImpl.invoke(DelegatingMethodAccessorImpl.java:43)
	at com.artlens.utils.AdminUtils.verifyPageAccessLoggedOut(AdminUtils.groovy:112)
	at page_accessible_logged_out.run(page_accessible_logged_out:24)
	at com.kms.katalon.core.main.ScriptEngine.run(ScriptEngine.java:194)
	at com.kms.katalon.core.main.ScriptEngine.runScriptAsRawText(ScriptEngine.java:119)
	at com.kms.katalon.core.main.TestCaseExecutor.runScript(TestCaseExecutor.java:448)
	at com.kms.katalon.core.main.TestCaseExecutor.doExecute(TestCaseExecutor.java:439)
	at com.kms.katalon.core.main.TestCaseExecutor.processExecutionPhase(TestCaseExecutor.java:418)
	at com.kms.katalon.core.main.TestCaseExecutor.accessMainPhase(TestCaseExecutor.java:410)
	at com.kms.katalon.core.main.TestCaseExecutor.execute(TestCaseExecutor.java:285)
	at com.kms.katalon.core.common.CommonExecutor.accessTestCaseMainPhase(CommonExecutor.java:65)
	at com.kms.katalon.core.main.TestSuiteExecutor.accessTestSuiteMainPhase(TestSuiteExecutor.java:150)
	at com.kms.katalon.core.main.TestSuiteExecutor.execute(TestSuiteExecutor.java:106)
	at com.kms.katalon.core.main.TestCaseMain.startTestSuite(TestCaseMain.java:180)
	at TempTestSuite1719146468525.run(TempTestSuite1719146468525.groovy:35)
	at java.base/jdk.internal.reflect.NativeMethodAccessorImpl.invoke0(Native Method)
	at java.base/jdk.internal.reflect.NativeMethodAccessorImpl.invoke(NativeMethodAccessorImpl.java:77)
	at java.base/jdk.internal.reflect.DelegatingMethodAccessorImpl.invoke(DelegatingMethodAccessorImpl.java:43)
Caused by: com.kms.katalon.core.exception.StepFailedException: Actual text 'http://localhost/SAD/ArtLens/index.php' and expected text 'http://localhost/SAD/ArtLens/admin.php' are not matched
	at com.kms.katalon.core.keyword.builtin.VerifyMatchKeyword$_verifyMatch_closure1.doCall(VerifyMatchKeyword.groovy:57)
	at com.kms.katalon.core.keyword.builtin.VerifyMatchKeyword$_verifyMatch_closure1.call(VerifyMatchKeyword.groovy)
	at com.kms.katalon.core.keyword.internal.KeywordMain.runKeyword(KeywordMain.groovy:75)
	... 24 more


23-06-2024T20:42:14 - [TEST_STEP][PASSED] - Start listener action : sampleBeforeTestCase: Browser is opened with url: ''

23-06-2024T20:42:14 - [TEST_STEP][PASSED] - println(testCaseContext.getTestCaseId()): null

23-06-2024T20:42:14 - [TEST_STEP][PASSED] - openBrowser(""): Browser is opened with url: ''

23-06-2024T20:42:14 - [MESSAGE][WARNING] - A browser is already opened. Closing browser and opening a new one

23-06-2024T20:42:22 - [MESSAGE][INFO] - Starting 'Firefox (headless)' driver

23-06-2024T20:42:22 - [MESSAGE][INFO] - Action delay is set to 0 milliseconds

23-06-2024T20:42:31 - [MESSAGE][PASSED] - Browser is opened with url: ''

23-06-2024T20:42:31 - [TEST_STEP][FAILED] - try: Unable to verify match between actual text 'http://localhost/SAD/ArtLens/index.php' and expected text 'http://localhost/SAD/ArtLens/admin.php' (Root cause: com.kms.katalon.core.exception.StepFailedException: Actual text 'http://localhost/SAD/ArtLens/index.php' and expected text 'http://localhost/SAD/ArtLens/admin.php' are not matched
	at com.kms.katalon.core.keyword.builtin.VerifyMatchKeyword$_verifyMatch_closure1.doCall(VerifyMatchKeyword.groovy:57)
	at com.kms.katalon.core.keyword.builtin.VerifyMatchKeyword$_verifyMatch_closure1.call(VerifyMatchKeyword.groovy)
	at com.kms.katalon.core.keyword.internal.KeywordMain.runKeyword(KeywordMain.groovy:75)
	at com.kms.katalon.core.keyword.builtin.VerifyMatchKeyword.verifyMatch(VerifyMatchKeyword.groovy:60)
	at com.kms.katalon.core.keyword.builtin.VerifyMatchKeyword.execute(VerifyMatchKeyword.groovy:45)
	at com.kms.katalon.core.keyword.internal.KeywordExecutor.executeKeywordForPlatform(KeywordExecutor.groovy:74)
	at com.kms.katalon.core.keyword.BuiltinKeywords.verifyMatch(BuiltinKeywords.groovy:60)
	at java.base/jdk.internal.reflect.NativeMethodAccessorImpl.invoke0(Native Method)
	at java.base/jdk.internal.reflect.NativeMethodAccessorImpl.invoke(NativeMethodAccessorImpl.java:77)
	at java.base/jdk.internal.reflect.DelegatingMethodAccessorImpl.invoke(DelegatingMethodAccessorImpl.java:43)
	at com.artlens.utils.AdminUtils.verifyPageAccessLoggedOut(AdminUtils.groovy:112)
	at page_accessible_logged_out.run(page_accessible_logged_out:24)
	at com.kms.katalon.core.main.ScriptEngine.run(ScriptEngine.java:194)
	at com.kms.katalon.core.main.ScriptEngine.runScriptAsRawText(ScriptEngine.java:119)
	at com.kms.katalon.core.main.TestCaseExecutor.runScript(TestCaseExecutor.java:448)
	at com.kms.katalon.core.main.TestCaseExecutor.doExecute(TestCaseExecutor.java:439)
	at com.kms.katalon.core.main.TestCaseExecutor.processExecutionPhase(TestCaseExecutor.java:418)
	at com.kms.katalon.core.main.TestCaseExecutor.accessMainPhase(TestCaseExecutor.java:410)
	at com.kms.katalon.core.main.TestCaseExecutor.execute(TestCaseExecutor.java:285)
	at com.kms.katalon.core.common.CommonExecutor.accessTestCaseMainPhase(CommonExecutor.java:65)
	at com.kms.katalon.core.main.TestSuiteExecutor.accessTestSuiteMainPhase(TestSuiteExecutor.java:150)
	at com.kms.katalon.core.main.TestSuiteExecutor.execute(TestSuiteExecutor.java:106)
	at com.kms.katalon.core.main.TestCaseMain.startTestSuite(TestCaseMain.java:180)
	at TempTestSuite1719146468525.run(TempTestSuite1719146468525.groovy:35)
	at java.base/jdk.internal.reflect.NativeMethodAccessorImpl.invoke0(Native Method)
	at java.base/jdk.internal.reflect.NativeMethodAccessorImpl.invoke(NativeMethodAccessorImpl.java:77)
	at java.base/jdk.internal.reflect.DelegatingMethodAccessorImpl.invoke(DelegatingMethodAccessorImpl.java:43)
)

23-06-2024T20:42:31 - [TEST_STEP][FAILED] - AdminUtils.verifyPageAccessLoggedOut("adminindex.php"): Unable to verify match between actual text 'http://localhost/SAD/ArtLens/index.php' and expected text 'http://localhost/SAD/ArtLens/admin.php' (Root cause: com.kms.katalon.core.exception.StepFailedException: Actual text 'http://localhost/SAD/ArtLens/index.php' and expected text 'http://localhost/SAD/ArtLens/admin.php' are not matched
	at com.kms.katalon.core.keyword.builtin.VerifyMatchKeyword$_verifyMatch_closure1.doCall(VerifyMatchKeyword.groovy:57)
	at com.kms.katalon.core.keyword.builtin.VerifyMatchKeyword$_verifyMatch_closure1.call(VerifyMatchKeyword.groovy)
	at com.kms.katalon.core.keyword.internal.KeywordMain.runKeyword(KeywordMain.groovy:75)
	at com.kms.katalon.core.keyword.builtin.VerifyMatchKeyword.verifyMatch(VerifyMatchKeyword.groovy:60)
	at com.kms.katalon.core.keyword.builtin.VerifyMatchKeyword.execute(VerifyMatchKeyword.groovy:45)
	at com.kms.katalon.core.keyword.internal.KeywordExecutor.executeKeywordForPlatform(KeywordExecutor.groovy:74)
	at com.kms.katalon.core.keyword.BuiltinKeywords.verifyMatch(BuiltinKeywords.groovy:60)
	at java.base/jdk.internal.reflect.NativeMethodAccessorImpl.invoke0(Native Method)
	at java.base/jdk.internal.reflect.NativeMethodAccessorImpl.invoke(NativeMethodAccessorImpl.java:77)
	at java.base/jdk.internal.reflect.DelegatingMethodAccessorImpl.invoke(DelegatingMethodAccessorImpl.java:43)
	at com.artlens.utils.AdminUtils.verifyPageAccessLoggedOut(AdminUtils.groovy:112)
	at page_accessible_logged_out.run(page_accessible_logged_out:24)
	at com.kms.katalon.core.main.ScriptEngine.run(ScriptEngine.java:194)
	at com.kms.katalon.core.main.ScriptEngine.runScriptAsRawText(ScriptEngine.java:119)
	at com.kms.katalon.core.main.TestCaseExecutor.runScript(TestCaseExecutor.java:448)
	at com.kms.katalon.core.main.TestCaseExecutor.doExecute(TestCaseExecutor.java:439)
	at com.kms.katalon.core.main.TestCaseExecutor.processExecutionPhase(TestCaseExecutor.java:418)
	at com.kms.katalon.core.main.TestCaseExecutor.accessMainPhase(TestCaseExecutor.java:410)
	at com.kms.katalon.core.main.TestCaseExecutor.execute(TestCaseExecutor.java:285)
	at com.kms.katalon.core.common.CommonExecutor.accessTestCaseMainPhase(CommonExecutor.java:65)
	at com.kms.katalon.core.main.TestSuiteExecutor.accessTestSuiteMainPhase(TestSuiteExecutor.java:150)
	at com.kms.katalon.core.main.TestSuiteExecutor.execute(TestSuiteExecutor.java:106)
	at com.kms.katalon.core.main.TestCaseMain.startTestSuite(TestCaseMain.java:180)
	at TempTestSuite1719146468525.run(TempTestSuite1719146468525.groovy:35)
	at java.base/jdk.internal.reflect.NativeMethodAccessorImpl.invoke0(Native Method)
	at java.base/jdk.internal.reflect.NativeMethodAccessorImpl.invoke(NativeMethodAccessorImpl.java:77)
	at java.base/jdk.internal.reflect.DelegatingMethodAccessorImpl.invoke(DelegatingMethodAccessorImpl.java:43)
)

23-06-2024T20:42:31 - [MESSAGE][INFO] - HAR: C:\DevPackage\xampp\htdocs\SAD\ArtLens\Reports\20240623_204104\Test_Admin_Pages_Authentication\20240623_204108\requests\main\2.har

23-06-2024T20:42:31 - [MESSAGE][PASSED] - Send request successfully

23-06-2024T20:42:31 - [MESSAGE][PASSED] - All links are accessible

23-06-2024T20:42:32 - [MESSAGE][PASSED] - Navigate to 'http://localhost/SAD/ArtLens/adminindex.php' successfully

23-06-2024T20:42:32 - [MESSAGE][PASSED] - Current window's url is: 'http://localhost/SAD/ArtLens/index.php'

23-06-2024T20:42:32 - [MESSAGE][INFO] - HAR: C:\DevPackage\xampp\htdocs\SAD\ArtLens\Reports\20240623_204104\Test_Admin_Pages_Authentication\20240623_204108\requests\main\3.har

23-06-2024T20:42:32 - [MESSAGE][PASSED] - Send request successfully

23-06-2024T20:42:32 - [MESSAGE][PASSED] - All links are accessible

23-06-2024T20:42:32 - [MESSAGE][PASSED] - Actual text 'http://localhost/SAD/ArtLens/index.php' and expected text 'http://localhost/SAD/ArtLens/adminindex.php' are not matched 

23-06-2024T20:42:32 - [MESSAGE][FAILED] - Unable to verify match between actual text 'http://localhost/SAD/ArtLens/index.php' and expected text 'http://localhost/SAD/ArtLens/admin.php' (Root cause: com.kms.katalon.core.exception.StepFailedException: Actual text 'http://localhost/SAD/ArtLens/index.php' and expected text 'http://localhost/SAD/ArtLens/admin.php' are not matched
	at com.kms.katalon.core.keyword.builtin.VerifyMatchKeyword$_verifyMatch_closure1.doCall(VerifyMatchKeyword.groovy:57)
	at com.kms.katalon.core.keyword.builtin.VerifyMatchKeyword$_verifyMatch_closure1.call(VerifyMatchKeyword.groovy)
	at com.kms.katalon.core.keyword.internal.KeywordMain.runKeyword(KeywordMain.groovy:75)
	at com.kms.katalon.core.keyword.builtin.VerifyMatchKeyword.verifyMatch(VerifyMatchKeyword.groovy:60)
	at com.kms.katalon.core.keyword.builtin.VerifyMatchKeyword.execute(VerifyMatchKeyword.groovy:45)
	at com.kms.katalon.core.keyword.internal.KeywordExecutor.executeKeywordForPlatform(KeywordExecutor.groovy:74)
	at com.kms.katalon.core.keyword.BuiltinKeywords.verifyMatch(BuiltinKeywords.groovy:60)
	at java.base/jdk.internal.reflect.NativeMethodAccessorImpl.invoke0(Native Method)
	at java.base/jdk.internal.reflect.NativeMethodAccessorImpl.invoke(NativeMethodAccessorImpl.java:77)
	at java.base/jdk.internal.reflect.DelegatingMethodAccessorImpl.invoke(DelegatingMethodAccessorImpl.java:43)
	at com.artlens.utils.AdminUtils.verifyPageAccessLoggedOut(AdminUtils.groovy:112)
	at page_accessible_logged_out.run(page_accessible_logged_out:24)
	at com.kms.katalon.core.main.ScriptEngine.run(ScriptEngine.java:194)
	at com.kms.katalon.core.main.ScriptEngine.runScriptAsRawText(ScriptEngine.java:119)
	at com.kms.katalon.core.main.TestCaseExecutor.runScript(TestCaseExecutor.java:448)
	at com.kms.katalon.core.main.TestCaseExecutor.doExecute(TestCaseExecutor.java:439)
	at com.kms.katalon.core.main.TestCaseExecutor.processExecutionPhase(TestCaseExecutor.java:418)
	at com.kms.katalon.core.main.TestCaseExecutor.accessMainPhase(TestCaseExecutor.java:410)
	at com.kms.katalon.core.main.TestCaseExecutor.execute(TestCaseExecutor.java:285)
	at com.kms.katalon.core.common.CommonExecutor.accessTestCaseMainPhase(CommonExecutor.java:65)
	at com.kms.katalon.core.main.TestSuiteExecutor.accessTestSuiteMainPhase(TestSuiteExecutor.java:150)
	at com.kms.katalon.core.main.TestSuiteExecutor.execute(TestSuiteExecutor.java:106)
	at com.kms.katalon.core.main.TestCaseMain.startTestSuite(TestCaseMain.java:180)
	at TempTestSuite1719146468525.run(TempTestSuite1719146468525.groovy:35)
	at java.base/jdk.internal.reflect.NativeMethodAccessorImpl.invoke0(Native Method)
	at java.base/jdk.internal.reflect.NativeMethodAccessorImpl.invoke(NativeMethodAccessorImpl.java:77)
	at java.base/jdk.internal.reflect.DelegatingMethodAccessorImpl.invoke(DelegatingMethodAccessorImpl.java:43)
)

23-06-2024T20:42:32 - [TEST_STEP][PASSED] - Start listener action : sampleAfterTestCase: null]]></system-out>
         <system-err><![CDATA[23-06-2024T20:42:14 - [TEST_CASE][FAILED] - Test Cases/admin/announcement_management/page_accessible_logged_out: Test Cases/admin/announcement_management/page_accessible_logged_out FAILED.
Reason:
com.kms.katalon.core.exception.StepFailedException: Unable to verify match between actual text 'http://localhost/SAD/ArtLens/index.php' and expected text 'http://localhost/SAD/ArtLens/admin.php' (Root cause: com.kms.katalon.core.exception.StepFailedException: Actual text 'http://localhost/SAD/ArtLens/index.php' and expected text 'http://localhost/SAD/ArtLens/admin.php' are not matched
	at com.kms.katalon.core.keyword.builtin.VerifyMatchKeyword$_verifyMatch_closure1.doCall(VerifyMatchKeyword.groovy:57)
	at com.kms.katalon.core.keyword.builtin.VerifyMatchKeyword$_verifyMatch_closure1.call(VerifyMatchKeyword.groovy)
	at com.kms.katalon.core.keyword.internal.KeywordMain.runKeyword(KeywordMain.groovy:75)
	at com.kms.katalon.core.keyword.builtin.VerifyMatchKeyword.verifyMatch(VerifyMatchKeyword.groovy:60)
	at com.kms.katalon.core.keyword.builtin.VerifyMatchKeyword.execute(VerifyMatchKeyword.groovy:45)
	at com.kms.katalon.core.keyword.internal.KeywordExecutor.executeKeywordForPlatform(KeywordExecutor.groovy:74)
	at com.kms.katalon.core.keyword.BuiltinKeywords.verifyMatch(BuiltinKeywords.groovy:60)
	at java.base/jdk.internal.reflect.NativeMethodAccessorImpl.invoke0(Native Method)
	at java.base/jdk.internal.reflect.NativeMethodAccessorImpl.invoke(NativeMethodAccessorImpl.java:77)
	at java.base/jdk.internal.reflect.DelegatingMethodAccessorImpl.invoke(DelegatingMethodAccessorImpl.java:43)
	at com.artlens.utils.AdminUtils.verifyPageAccessLoggedOut(AdminUtils.groovy:112)
	at page_accessible_logged_out.run(page_accessible_logged_out:24)
	at com.kms.katalon.core.main.ScriptEngine.run(ScriptEngine.java:194)
	at com.kms.katalon.core.main.ScriptEngine.runScriptAsRawText(ScriptEngine.java:119)
	at com.kms.katalon.core.main.TestCaseExecutor.runScript(TestCaseExecutor.java:448)
	at com.kms.katalon.core.main.TestCaseExecutor.doExecute(TestCaseExecutor.java:439)
	at com.kms.katalon.core.main.TestCaseExecutor.processExecutionPhase(TestCaseExecutor.java:418)
	at com.kms.katalon.core.main.TestCaseExecutor.accessMainPhase(TestCaseExecutor.java:410)
	at com.kms.katalon.core.main.TestCaseExecutor.execute(TestCaseExecutor.java:285)
	at com.kms.katalon.core.common.CommonExecutor.accessTestCaseMainPhase(CommonExecutor.java:65)
	at com.kms.katalon.core.main.TestSuiteExecutor.accessTestSuiteMainPhase(TestSuiteExecutor.java:150)
	at com.kms.katalon.core.main.TestSuiteExecutor.execute(TestSuiteExecutor.java:106)
	at com.kms.katalon.core.main.TestCaseMain.startTestSuite(TestCaseMain.java:180)
	at TempTestSuite1719146468525.run(TempTestSuite1719146468525.groovy:35)
	at java.base/jdk.internal.reflect.NativeMethodAccessorImpl.invoke0(Native Method)
	at java.base/jdk.internal.reflect.NativeMethodAccessorImpl.invoke(NativeMethodAccessorImpl.java:77)
	at java.base/jdk.internal.reflect.DelegatingMethodAccessorImpl.invoke(DelegatingMethodAccessorImpl.java:43)
)
	at com.kms.katalon.core.keyword.internal.KeywordMain.stepFailed(KeywordMain.groovy:39)
	at com.kms.katalon.core.keyword.internal.KeywordMain.stepFailed(KeywordMain.groovy)
	at com.kms.katalon.core.keyword.internal.KeywordMain.runKeyword(KeywordMain.groovy:77)
	at com.kms.katalon.core.keyword.builtin.VerifyMatchKeyword.verifyMatch(VerifyMatchKeyword.groovy:60)
	at com.kms.katalon.core.keyword.builtin.VerifyMatchKeyword.execute(VerifyMatchKeyword.groovy:45)
	at com.kms.katalon.core.keyword.internal.KeywordExecutor.executeKeywordForPlatform(KeywordExecutor.groovy:74)
	at com.kms.katalon.core.keyword.BuiltinKeywords.verifyMatch(BuiltinKeywords.groovy:60)
	at java.base/jdk.internal.reflect.NativeMethodAccessorImpl.invoke0(Native Method)
	at java.base/jdk.internal.reflect.NativeMethodAccessorImpl.invoke(NativeMethodAccessorImpl.java:77)
	at java.base/jdk.internal.reflect.DelegatingMethodAccessorImpl.invoke(DelegatingMethodAccessorImpl.java:43)
	at com.artlens.utils.AdminUtils.verifyPageAccessLoggedOut(AdminUtils.groovy:112)
	at page_accessible_logged_out.run(page_accessible_logged_out:24)
	at com.kms.katalon.core.main.ScriptEngine.run(ScriptEngine.java:194)
	at com.kms.katalon.core.main.ScriptEngine.runScriptAsRawText(ScriptEngine.java:119)
	at com.kms.katalon.core.main.TestCaseExecutor.runScript(TestCaseExecutor.java:448)
	at com.kms.katalon.core.main.TestCaseExecutor.doExecute(TestCaseExecutor.java:439)
	at com.kms.katalon.core.main.TestCaseExecutor.processExecutionPhase(TestCaseExecutor.java:418)
	at com.kms.katalon.core.main.TestCaseExecutor.accessMainPhase(TestCaseExecutor.java:410)
	at com.kms.katalon.core.main.TestCaseExecutor.execute(TestCaseExecutor.java:285)
	at com.kms.katalon.core.common.CommonExecutor.accessTestCaseMainPhase(CommonExecutor.java:65)
	at com.kms.katalon.core.main.TestSuiteExecutor.accessTestSuiteMainPhase(TestSuiteExecutor.java:150)
	at com.kms.katalon.core.main.TestSuiteExecutor.execute(TestSuiteExecutor.java:106)
	at com.kms.katalon.core.main.TestCaseMain.startTestSuite(TestCaseMain.java:180)
	at TempTestSuite1719146468525.run(TempTestSuite1719146468525.groovy:35)
	at java.base/jdk.internal.reflect.NativeMethodAccessorImpl.invoke0(Native Method)
	at java.base/jdk.internal.reflect.NativeMethodAccessorImpl.invoke(NativeMethodAccessorImpl.java:77)
	at java.base/jdk.internal.reflect.DelegatingMethodAccessorImpl.invoke(DelegatingMethodAccessorImpl.java:43)
Caused by: com.kms.katalon.core.exception.StepFailedException: Actual text 'http://localhost/SAD/ArtLens/index.php' and expected text 'http://localhost/SAD/ArtLens/admin.php' are not matched
	at com.kms.katalon.core.keyword.builtin.VerifyMatchKeyword$_verifyMatch_closure1.doCall(VerifyMatchKeyword.groovy:57)
	at com.kms.katalon.core.keyword.builtin.VerifyMatchKeyword$_verifyMatch_closure1.call(VerifyMatchKeyword.groovy)
	at com.kms.katalon.core.keyword.internal.KeywordMain.runKeyword(KeywordMain.groovy:75)
	... 24 more]]></system-err>
      </testcase>
      <testcase name="Test Cases/admin/artwork_management/page_accessible_logged_out" time="33.778" classname="Test Cases/admin/artwork_management/page_accessible_logged_out" status="FAILED">
         <failure type="FAILED" message="Test Cases/admin/artwork_management/page_accessible_logged_out FAILED.&#xa;Reason:&#xa;com.kms.katalon.core.exception.StepFailedException: Unable to verify match between actual text 'http://localhost/SAD/ArtLens/index.php' and expected text 'http://localhost/SAD/ArtLens/admin.php' (Root cause: com.kms.katalon.core.exception.StepFailedException: Actual text 'http://localhost/SAD/ArtLens/index.php' and expected text 'http://localhost/SAD/ArtLens/admin.php' are not matched&#xa;	at com.kms.katalon.core.keyword.builtin.VerifyMatchKeyword$_verifyMatch_closure1.doCall(VerifyMatchKeyword.groovy:57)&#xa;	at com.kms.katalon.core.keyword.builtin.VerifyMatchKeyword$_verifyMatch_closure1.call(VerifyMatchKeyword.groovy)&#xa;	at com.kms.katalon.core.keyword.internal.KeywordMain.runKeyword(KeywordMain.groovy:75)&#xa;	at com.kms.katalon.core.keyword.builtin.VerifyMatchKeyword.verifyMatch(VerifyMatchKeyword.groovy:60)&#xa;	at com.kms.katalon.core.keyword.builtin.VerifyMatchKeyword.execute(VerifyMatchKeyword.groovy:45)&#xa;	at com.kms.katalon.core.keyword.internal.KeywordExecutor.executeKeywordForPlatform(KeywordExecutor.groovy:74)&#xa;	at com.kms.katalon.core.keyword.BuiltinKeywords.verifyMatch(BuiltinKeywords.groovy:60)&#xa;	at java.base/jdk.internal.reflect.NativeMethodAccessorImpl.invoke0(Native Method)&#xa;	at java.base/jdk.internal.reflect.NativeMethodAccessorImpl.invoke(NativeMethodAccessorImpl.java:77)&#xa;	at java.base/jdk.internal.reflect.DelegatingMethodAccessorImpl.invoke(DelegatingMethodAccessorImpl.java:43)&#xa;	at com.artlens.utils.AdminUtils.verifyPageAccessLoggedOut(AdminUtils.groovy:112)&#xa;	at page_accessible_logged_out.run(page_accessible_logged_out:24)&#xa;	at com.kms.katalon.core.main.ScriptEngine.run(ScriptEngine.java:194)&#xa;	at com.kms.katalon.core.main.ScriptEngine.runScriptAsRawText(ScriptEngine.java:119)&#xa;	at com.kms.katalon.core.main.TestCaseExecutor.runScript(TestCaseExecutor.java:448)&#xa;	at com.kms.katalon.core.main.TestCaseExecutor.doExecute(TestCaseExecutor.java:439)&#xa;	at com.kms.katalon.core.main.TestCaseExecutor.processExecutionPhase(TestCaseExecutor.java:418)&#xa;	at com.kms.katalon.core.main.TestCaseExecutor.accessMainPhase(TestCaseExecutor.java:410)&#xa;	at com.kms.katalon.core.main.TestCaseExecutor.execute(TestCaseExecutor.java:285)&#xa;	at com.kms.katalon.core.common.CommonExecutor.accessTestCaseMainPhase(CommonExecutor.java:65)&#xa;	at com.kms.katalon.core.main.TestSuiteExecutor.accessTestSuiteMainPhase(TestSuiteExecutor.java:150)&#xa;	at com.kms.katalon.core.main.TestSuiteExecutor.execute(TestSuiteExecutor.java:106)&#xa;	at com.kms.katalon.core.main.TestCaseMain.startTestSuite(TestCaseMain.java:180)&#xa;	at TempTestSuite1719146468525.run(TempTestSuite1719146468525.groovy:35)&#xa;	at java.base/jdk.internal.reflect.NativeMethodAccessorImpl.invoke0(Native Method)&#xa;	at java.base/jdk.internal.reflect.NativeMethodAccessorImpl.invoke(NativeMethodAccessorImpl.java:77)&#xa;	at java.base/jdk.internal.reflect.DelegatingMethodAccessorImpl.invoke(DelegatingMethodAccessorImpl.java:43)&#xa;)&#xa;	at com.kms.katalon.core.keyword.internal.KeywordMain.stepFailed(KeywordMain.groovy:39)&#xa;	at com.kms.katalon.core.keyword.internal.KeywordMain.stepFailed(KeywordMain.groovy)&#xa;	at com.kms.katalon.core.keyword.internal.KeywordMain.runKeyword(KeywordMain.groovy:77)&#xa;	at com.kms.katalon.core.keyword.builtin.VerifyMatchKeyword.verifyMatch(VerifyMatchKeyword.groovy:60)&#xa;	at com.kms.katalon.core.keyword.builtin.VerifyMatchKeyword.execute(VerifyMatchKeyword.groovy:45)&#xa;	at com.kms.katalon.core.keyword.internal.KeywordExecutor.executeKeywordForPlatform(KeywordExecutor.groovy:74)&#xa;	at com.kms.katalon.core.keyword.BuiltinKeywords.verifyMatch(BuiltinKeywords.groovy:60)&#xa;	at java.base/jdk.internal.reflect.NativeMethodAccessorImpl.invoke0(Native Method)&#xa;	at java.base/jdk.internal.reflect.NativeMethodAccessorImpl.invoke(NativeMethodAccessorImpl.java:77)&#xa;	at java.base/jdk.internal.reflect.DelegatingMethodAccessorImpl.invoke(DelegatingMethodAccessorImpl.java:43)&#xa;	at com.artlens.utils.AdminUtils.verifyPageAccessLoggedOut(AdminUtils.groovy:112)&#xa;	at page_accessible_logged_out.run(page_accessible_logged_out:24)&#xa;	at com.kms.katalon.core.main.ScriptEngine.run(ScriptEngine.java:194)&#xa;	at com.kms.katalon.core.main.ScriptEngine.runScriptAsRawText(ScriptEngine.java:119)&#xa;	at com.kms.katalon.core.main.TestCaseExecutor.runScript(TestCaseExecutor.java:448)&#xa;	at com.kms.katalon.core.main.TestCaseExecutor.doExecute(TestCaseExecutor.java:439)&#xa;	at com.kms.katalon.core.main.TestCaseExecutor.processExecutionPhase(TestCaseExecutor.java:418)&#xa;	at com.kms.katalon.core.main.TestCaseExecutor.accessMainPhase(TestCaseExecutor.java:410)&#xa;	at com.kms.katalon.core.main.TestCaseExecutor.execute(TestCaseExecutor.java:285)&#xa;	at com.kms.katalon.core.common.CommonExecutor.accessTestCaseMainPhase(CommonExecutor.java:65)&#xa;	at com.kms.katalon.core.main.TestSuiteExecutor.accessTestSuiteMainPhase(TestSuiteExecutor.java:150)&#xa;	at com.kms.katalon.core.main.TestSuiteExecutor.execute(TestSuiteExecutor.java:106)&#xa;	at com.kms.katalon.core.main.TestCaseMain.startTestSuite(TestCaseMain.java:180)&#xa;	at TempTestSuite1719146468525.run(TempTestSuite1719146468525.groovy:35)&#xa;	at java.base/jdk.internal.reflect.NativeMethodAccessorImpl.invoke0(Native Method)&#xa;	at java.base/jdk.internal.reflect.NativeMethodAccessorImpl.invoke(NativeMethodAccessorImpl.java:77)&#xa;	at java.base/jdk.internal.reflect.DelegatingMethodAccessorImpl.invoke(DelegatingMethodAccessorImpl.java:43)&#xa;Caused by: com.kms.katalon.core.exception.StepFailedException: Actual text 'http://localhost/SAD/ArtLens/index.php' and expected text 'http://localhost/SAD/ArtLens/admin.php' are not matched&#xa;	at com.kms.katalon.core.keyword.builtin.VerifyMatchKeyword$_verifyMatch_closure1.doCall(VerifyMatchKeyword.groovy:57)&#xa;	at com.kms.katalon.core.keyword.builtin.VerifyMatchKeyword$_verifyMatch_closure1.call(VerifyMatchKeyword.groovy)&#xa;	at com.kms.katalon.core.keyword.internal.KeywordMain.runKeyword(KeywordMain.groovy:75)&#xa;	... 24 more&#xa;"/>
         <system-out><![CDATA[23-06-2024T20:42:32 - [TEST_CASE][FAILED] - Test Cases/admin/artwork_management/page_accessible_logged_out: Test Cases/admin/artwork_management/page_accessible_logged_out FAILED.
Reason:
com.kms.katalon.core.exception.StepFailedException: Unable to verify match between actual text 'http://localhost/SAD/ArtLens/index.php' and expected text 'http://localhost/SAD/ArtLens/admin.php' (Root cause: com.kms.katalon.core.exception.StepFailedException: Actual text 'http://localhost/SAD/ArtLens/index.php' and expected text 'http://localhost/SAD/ArtLens/admin.php' are not matched
	at com.kms.katalon.core.keyword.builtin.VerifyMatchKeyword$_verifyMatch_closure1.doCall(VerifyMatchKeyword.groovy:57)
	at com.kms.katalon.core.keyword.builtin.VerifyMatchKeyword$_verifyMatch_closure1.call(VerifyMatchKeyword.groovy)
	at com.kms.katalon.core.keyword.internal.KeywordMain.runKeyword(KeywordMain.groovy:75)
	at com.kms.katalon.core.keyword.builtin.VerifyMatchKeyword.verifyMatch(VerifyMatchKeyword.groovy:60)
	at com.kms.katalon.core.keyword.builtin.VerifyMatchKeyword.execute(VerifyMatchKeyword.groovy:45)
	at com.kms.katalon.core.keyword.internal.KeywordExecutor.executeKeywordForPlatform(KeywordExecutor.groovy:74)
	at com.kms.katalon.core.keyword.BuiltinKeywords.verifyMatch(BuiltinKeywords.groovy:60)
	at java.base/jdk.internal.reflect.NativeMethodAccessorImpl.invoke0(Native Method)
	at java.base/jdk.internal.reflect.NativeMethodAccessorImpl.invoke(NativeMethodAccessorImpl.java:77)
	at java.base/jdk.internal.reflect.DelegatingMethodAccessorImpl.invoke(DelegatingMethodAccessorImpl.java:43)
	at com.artlens.utils.AdminUtils.verifyPageAccessLoggedOut(AdminUtils.groovy:112)
	at page_accessible_logged_out.run(page_accessible_logged_out:24)
	at com.kms.katalon.core.main.ScriptEngine.run(ScriptEngine.java:194)
	at com.kms.katalon.core.main.ScriptEngine.runScriptAsRawText(ScriptEngine.java:119)
	at com.kms.katalon.core.main.TestCaseExecutor.runScript(TestCaseExecutor.java:448)
	at com.kms.katalon.core.main.TestCaseExecutor.doExecute(TestCaseExecutor.java:439)
	at com.kms.katalon.core.main.TestCaseExecutor.processExecutionPhase(TestCaseExecutor.java:418)
	at com.kms.katalon.core.main.TestCaseExecutor.accessMainPhase(TestCaseExecutor.java:410)
	at com.kms.katalon.core.main.TestCaseExecutor.execute(TestCaseExecutor.java:285)
	at com.kms.katalon.core.common.CommonExecutor.accessTestCaseMainPhase(CommonExecutor.java:65)
	at com.kms.katalon.core.main.TestSuiteExecutor.accessTestSuiteMainPhase(TestSuiteExecutor.java:150)
	at com.kms.katalon.core.main.TestSuiteExecutor.execute(TestSuiteExecutor.java:106)
	at com.kms.katalon.core.main.TestCaseMain.startTestSuite(TestCaseMain.java:180)
	at TempTestSuite1719146468525.run(TempTestSuite1719146468525.groovy:35)
	at java.base/jdk.internal.reflect.NativeMethodAccessorImpl.invoke0(Native Method)
	at java.base/jdk.internal.reflect.NativeMethodAccessorImpl.invoke(NativeMethodAccessorImpl.java:77)
	at java.base/jdk.internal.reflect.DelegatingMethodAccessorImpl.invoke(DelegatingMethodAccessorImpl.java:43)
)
	at com.kms.katalon.core.keyword.internal.KeywordMain.stepFailed(KeywordMain.groovy:39)
	at com.kms.katalon.core.keyword.internal.KeywordMain.stepFailed(KeywordMain.groovy)
	at com.kms.katalon.core.keyword.internal.KeywordMain.runKeyword(KeywordMain.groovy:77)
	at com.kms.katalon.core.keyword.builtin.VerifyMatchKeyword.verifyMatch(VerifyMatchKeyword.groovy:60)
	at com.kms.katalon.core.keyword.builtin.VerifyMatchKeyword.execute(VerifyMatchKeyword.groovy:45)
	at com.kms.katalon.core.keyword.internal.KeywordExecutor.executeKeywordForPlatform(KeywordExecutor.groovy:74)
	at com.kms.katalon.core.keyword.BuiltinKeywords.verifyMatch(BuiltinKeywords.groovy:60)
	at java.base/jdk.internal.reflect.NativeMethodAccessorImpl.invoke0(Native Method)
	at java.base/jdk.internal.reflect.NativeMethodAccessorImpl.invoke(NativeMethodAccessorImpl.java:77)
	at java.base/jdk.internal.reflect.DelegatingMethodAccessorImpl.invoke(DelegatingMethodAccessorImpl.java:43)
	at com.artlens.utils.AdminUtils.verifyPageAccessLoggedOut(AdminUtils.groovy:112)
	at page_accessible_logged_out.run(page_accessible_logged_out:24)
	at com.kms.katalon.core.main.ScriptEngine.run(ScriptEngine.java:194)
	at com.kms.katalon.core.main.ScriptEngine.runScriptAsRawText(ScriptEngine.java:119)
	at com.kms.katalon.core.main.TestCaseExecutor.runScript(TestCaseExecutor.java:448)
	at com.kms.katalon.core.main.TestCaseExecutor.doExecute(TestCaseExecutor.java:439)
	at com.kms.katalon.core.main.TestCaseExecutor.processExecutionPhase(TestCaseExecutor.java:418)
	at com.kms.katalon.core.main.TestCaseExecutor.accessMainPhase(TestCaseExecutor.java:410)
	at com.kms.katalon.core.main.TestCaseExecutor.execute(TestCaseExecutor.java:285)
	at com.kms.katalon.core.common.CommonExecutor.accessTestCaseMainPhase(CommonExecutor.java:65)
	at com.kms.katalon.core.main.TestSuiteExecutor.accessTestSuiteMainPhase(TestSuiteExecutor.java:150)
	at com.kms.katalon.core.main.TestSuiteExecutor.execute(TestSuiteExecutor.java:106)
	at com.kms.katalon.core.main.TestCaseMain.startTestSuite(TestCaseMain.java:180)
	at TempTestSuite1719146468525.run(TempTestSuite1719146468525.groovy:35)
	at java.base/jdk.internal.reflect.NativeMethodAccessorImpl.invoke0(Native Method)
	at java.base/jdk.internal.reflect.NativeMethodAccessorImpl.invoke(NativeMethodAccessorImpl.java:77)
	at java.base/jdk.internal.reflect.DelegatingMethodAccessorImpl.invoke(DelegatingMethodAccessorImpl.java:43)
Caused by: com.kms.katalon.core.exception.StepFailedException: Actual text 'http://localhost/SAD/ArtLens/index.php' and expected text 'http://localhost/SAD/ArtLens/admin.php' are not matched
	at com.kms.katalon.core.keyword.builtin.VerifyMatchKeyword$_verifyMatch_closure1.doCall(VerifyMatchKeyword.groovy:57)
	at com.kms.katalon.core.keyword.builtin.VerifyMatchKeyword$_verifyMatch_closure1.call(VerifyMatchKeyword.groovy)
	at com.kms.katalon.core.keyword.internal.KeywordMain.runKeyword(KeywordMain.groovy:75)
	... 24 more


23-06-2024T20:42:33 - [TEST_STEP][PASSED] - Start listener action : sampleBeforeTestCase: Browser is opened with url: ''

23-06-2024T20:42:33 - [TEST_STEP][PASSED] - println(testCaseContext.getTestCaseId()): null

23-06-2024T20:42:33 - [TEST_STEP][PASSED] - openBrowser(""): Browser is opened with url: ''

23-06-2024T20:42:33 - [MESSAGE][WARNING] - A browser is already opened. Closing browser and opening a new one

23-06-2024T20:42:52 - [MESSAGE][INFO] - Starting 'Firefox (headless)' driver

23-06-2024T20:42:52 - [MESSAGE][INFO] - Action delay is set to 0 milliseconds

23-06-2024T20:43:00 - [MESSAGE][PASSED] - Browser is opened with url: ''

23-06-2024T20:43:01 - [TEST_STEP][FAILED] - try: Unable to verify match between actual text 'http://localhost/SAD/ArtLens/index.php' and expected text 'http://localhost/SAD/ArtLens/admin.php' (Root cause: com.kms.katalon.core.exception.StepFailedException: Actual text 'http://localhost/SAD/ArtLens/index.php' and expected text 'http://localhost/SAD/ArtLens/admin.php' are not matched
	at com.kms.katalon.core.keyword.builtin.VerifyMatchKeyword$_verifyMatch_closure1.doCall(VerifyMatchKeyword.groovy:57)
	at com.kms.katalon.core.keyword.builtin.VerifyMatchKeyword$_verifyMatch_closure1.call(VerifyMatchKeyword.groovy)
	at com.kms.katalon.core.keyword.internal.KeywordMain.runKeyword(KeywordMain.groovy:75)
	at com.kms.katalon.core.keyword.builtin.VerifyMatchKeyword.verifyMatch(VerifyMatchKeyword.groovy:60)
	at com.kms.katalon.core.keyword.builtin.VerifyMatchKeyword.execute(VerifyMatchKeyword.groovy:45)
	at com.kms.katalon.core.keyword.internal.KeywordExecutor.executeKeywordForPlatform(KeywordExecutor.groovy:74)
	at com.kms.katalon.core.keyword.BuiltinKeywords.verifyMatch(BuiltinKeywords.groovy:60)
	at java.base/jdk.internal.reflect.NativeMethodAccessorImpl.invoke0(Native Method)
	at java.base/jdk.internal.reflect.NativeMethodAccessorImpl.invoke(NativeMethodAccessorImpl.java:77)
	at java.base/jdk.internal.reflect.DelegatingMethodAccessorImpl.invoke(DelegatingMethodAccessorImpl.java:43)
	at com.artlens.utils.AdminUtils.verifyPageAccessLoggedOut(AdminUtils.groovy:112)
	at page_accessible_logged_out.run(page_accessible_logged_out:24)
	at com.kms.katalon.core.main.ScriptEngine.run(ScriptEngine.java:194)
	at com.kms.katalon.core.main.ScriptEngine.runScriptAsRawText(ScriptEngine.java:119)
	at com.kms.katalon.core.main.TestCaseExecutor.runScript(TestCaseExecutor.java:448)
	at com.kms.katalon.core.main.TestCaseExecutor.doExecute(TestCaseExecutor.java:439)
	at com.kms.katalon.core.main.TestCaseExecutor.processExecutionPhase(TestCaseExecutor.java:418)
	at com.kms.katalon.core.main.TestCaseExecutor.accessMainPhase(TestCaseExecutor.java:410)
	at com.kms.katalon.core.main.TestCaseExecutor.execute(TestCaseExecutor.java:285)
	at com.kms.katalon.core.common.CommonExecutor.accessTestCaseMainPhase(CommonExecutor.java:65)
	at com.kms.katalon.core.main.TestSuiteExecutor.accessTestSuiteMainPhase(TestSuiteExecutor.java:150)
	at com.kms.katalon.core.main.TestSuiteExecutor.execute(TestSuiteExecutor.java:106)
	at com.kms.katalon.core.main.TestCaseMain.startTestSuite(TestCaseMain.java:180)
	at TempTestSuite1719146468525.run(TempTestSuite1719146468525.groovy:35)
	at java.base/jdk.internal.reflect.NativeMethodAccessorImpl.invoke0(Native Method)
	at java.base/jdk.internal.reflect.NativeMethodAccessorImpl.invoke(NativeMethodAccessorImpl.java:77)
	at java.base/jdk.internal.reflect.DelegatingMethodAccessorImpl.invoke(DelegatingMethodAccessorImpl.java:43)
)

23-06-2024T20:43:01 - [TEST_STEP][FAILED] - AdminUtils.verifyPageAccessLoggedOut("adminartwork.php"): Unable to verify match between actual text 'http://localhost/SAD/ArtLens/index.php' and expected text 'http://localhost/SAD/ArtLens/admin.php' (Root cause: com.kms.katalon.core.exception.StepFailedException: Actual text 'http://localhost/SAD/ArtLens/index.php' and expected text 'http://localhost/SAD/ArtLens/admin.php' are not matched
	at com.kms.katalon.core.keyword.builtin.VerifyMatchKeyword$_verifyMatch_closure1.doCall(VerifyMatchKeyword.groovy:57)
	at com.kms.katalon.core.keyword.builtin.VerifyMatchKeyword$_verifyMatch_closure1.call(VerifyMatchKeyword.groovy)
	at com.kms.katalon.core.keyword.internal.KeywordMain.runKeyword(KeywordMain.groovy:75)
	at com.kms.katalon.core.keyword.builtin.VerifyMatchKeyword.verifyMatch(VerifyMatchKeyword.groovy:60)
	at com.kms.katalon.core.keyword.builtin.VerifyMatchKeyword.execute(VerifyMatchKeyword.groovy:45)
	at com.kms.katalon.core.keyword.internal.KeywordExecutor.executeKeywordForPlatform(KeywordExecutor.groovy:74)
	at com.kms.katalon.core.keyword.BuiltinKeywords.verifyMatch(BuiltinKeywords.groovy:60)
	at java.base/jdk.internal.reflect.NativeMethodAccessorImpl.invoke0(Native Method)
	at java.base/jdk.internal.reflect.NativeMethodAccessorImpl.invoke(NativeMethodAccessorImpl.java:77)
	at java.base/jdk.internal.reflect.DelegatingMethodAccessorImpl.invoke(DelegatingMethodAccessorImpl.java:43)
	at com.artlens.utils.AdminUtils.verifyPageAccessLoggedOut(AdminUtils.groovy:112)
	at page_accessible_logged_out.run(page_accessible_logged_out:24)
	at com.kms.katalon.core.main.ScriptEngine.run(ScriptEngine.java:194)
	at com.kms.katalon.core.main.ScriptEngine.runScriptAsRawText(ScriptEngine.java:119)
	at com.kms.katalon.core.main.TestCaseExecutor.runScript(TestCaseExecutor.java:448)
	at com.kms.katalon.core.main.TestCaseExecutor.doExecute(TestCaseExecutor.java:439)
	at com.kms.katalon.core.main.TestCaseExecutor.processExecutionPhase(TestCaseExecutor.java:418)
	at com.kms.katalon.core.main.TestCaseExecutor.accessMainPhase(TestCaseExecutor.java:410)
	at com.kms.katalon.core.main.TestCaseExecutor.execute(TestCaseExecutor.java:285)
	at com.kms.katalon.core.common.CommonExecutor.accessTestCaseMainPhase(CommonExecutor.java:65)
	at com.kms.katalon.core.main.TestSuiteExecutor.accessTestSuiteMainPhase(TestSuiteExecutor.java:150)
	at com.kms.katalon.core.main.TestSuiteExecutor.execute(TestSuiteExecutor.java:106)
	at com.kms.katalon.core.main.TestCaseMain.startTestSuite(TestCaseMain.java:180)
	at TempTestSuite1719146468525.run(TempTestSuite1719146468525.groovy:35)
	at java.base/jdk.internal.reflect.NativeMethodAccessorImpl.invoke0(Native Method)
	at java.base/jdk.internal.reflect.NativeMethodAccessorImpl.invoke(NativeMethodAccessorImpl.java:77)
	at java.base/jdk.internal.reflect.DelegatingMethodAccessorImpl.invoke(DelegatingMethodAccessorImpl.java:43)
)

23-06-2024T20:43:01 - [MESSAGE][INFO] - HAR: C:\DevPackage\xampp\htdocs\SAD\ArtLens\Reports\20240623_204104\Test_Admin_Pages_Authentication\20240623_204108\requests\main\4.har

23-06-2024T20:43:01 - [MESSAGE][PASSED] - Send request successfully

23-06-2024T20:43:01 - [MESSAGE][PASSED] - All links are accessible

23-06-2024T20:43:06 - [MESSAGE][PASSED] - Navigate to 'http://localhost/SAD/ArtLens/adminartwork.php' successfully

23-06-2024T20:43:06 - [MESSAGE][PASSED] - Current window's url is: 'http://localhost/SAD/ArtLens/index.php'

23-06-2024T20:43:06 - [MESSAGE][INFO] - HAR: C:\DevPackage\xampp\htdocs\SAD\ArtLens\Reports\20240623_204104\Test_Admin_Pages_Authentication\20240623_204108\requests\main\5.har

23-06-2024T20:43:06 - [MESSAGE][PASSED] - Send request successfully

23-06-2024T20:43:06 - [MESSAGE][PASSED] - All links are accessible

23-06-2024T20:43:06 - [MESSAGE][PASSED] - Actual text 'http://localhost/SAD/ArtLens/index.php' and expected text 'http://localhost/SAD/ArtLens/adminartwork.php' are not matched 

23-06-2024T20:43:06 - [MESSAGE][FAILED] - Unable to verify match between actual text 'http://localhost/SAD/ArtLens/index.php' and expected text 'http://localhost/SAD/ArtLens/admin.php' (Root cause: com.kms.katalon.core.exception.StepFailedException: Actual text 'http://localhost/SAD/ArtLens/index.php' and expected text 'http://localhost/SAD/ArtLens/admin.php' are not matched
	at com.kms.katalon.core.keyword.builtin.VerifyMatchKeyword$_verifyMatch_closure1.doCall(VerifyMatchKeyword.groovy:57)
	at com.kms.katalon.core.keyword.builtin.VerifyMatchKeyword$_verifyMatch_closure1.call(VerifyMatchKeyword.groovy)
	at com.kms.katalon.core.keyword.internal.KeywordMain.runKeyword(KeywordMain.groovy:75)
	at com.kms.katalon.core.keyword.builtin.VerifyMatchKeyword.verifyMatch(VerifyMatchKeyword.groovy:60)
	at com.kms.katalon.core.keyword.builtin.VerifyMatchKeyword.execute(VerifyMatchKeyword.groovy:45)
	at com.kms.katalon.core.keyword.internal.KeywordExecutor.executeKeywordForPlatform(KeywordExecutor.groovy:74)
	at com.kms.katalon.core.keyword.BuiltinKeywords.verifyMatch(BuiltinKeywords.groovy:60)
	at java.base/jdk.internal.reflect.NativeMethodAccessorImpl.invoke0(Native Method)
	at java.base/jdk.internal.reflect.NativeMethodAccessorImpl.invoke(NativeMethodAccessorImpl.java:77)
	at java.base/jdk.internal.reflect.DelegatingMethodAccessorImpl.invoke(DelegatingMethodAccessorImpl.java:43)
	at com.artlens.utils.AdminUtils.verifyPageAccessLoggedOut(AdminUtils.groovy:112)
	at page_accessible_logged_out.run(page_accessible_logged_out:24)
	at com.kms.katalon.core.main.ScriptEngine.run(ScriptEngine.java:194)
	at com.kms.katalon.core.main.ScriptEngine.runScriptAsRawText(ScriptEngine.java:119)
	at com.kms.katalon.core.main.TestCaseExecutor.runScript(TestCaseExecutor.java:448)
	at com.kms.katalon.core.main.TestCaseExecutor.doExecute(TestCaseExecutor.java:439)
	at com.kms.katalon.core.main.TestCaseExecutor.processExecutionPhase(TestCaseExecutor.java:418)
	at com.kms.katalon.core.main.TestCaseExecutor.accessMainPhase(TestCaseExecutor.java:410)
	at com.kms.katalon.core.main.TestCaseExecutor.execute(TestCaseExecutor.java:285)
	at com.kms.katalon.core.common.CommonExecutor.accessTestCaseMainPhase(CommonExecutor.java:65)
	at com.kms.katalon.core.main.TestSuiteExecutor.accessTestSuiteMainPhase(TestSuiteExecutor.java:150)
	at com.kms.katalon.core.main.TestSuiteExecutor.execute(TestSuiteExecutor.java:106)
	at com.kms.katalon.core.main.TestCaseMain.startTestSuite(TestCaseMain.java:180)
	at TempTestSuite1719146468525.run(TempTestSuite1719146468525.groovy:35)
	at java.base/jdk.internal.reflect.NativeMethodAccessorImpl.invoke0(Native Method)
	at java.base/jdk.internal.reflect.NativeMethodAccessorImpl.invoke(NativeMethodAccessorImpl.java:77)
	at java.base/jdk.internal.reflect.DelegatingMethodAccessorImpl.invoke(DelegatingMethodAccessorImpl.java:43)
)

23-06-2024T20:43:06 - [TEST_STEP][PASSED] - Start listener action : sampleAfterTestCase: null]]></system-out>
         <system-err><![CDATA[23-06-2024T20:42:32 - [TEST_CASE][FAILED] - Test Cases/admin/artwork_management/page_accessible_logged_out: Test Cases/admin/artwork_management/page_accessible_logged_out FAILED.
Reason:
com.kms.katalon.core.exception.StepFailedException: Unable to verify match between actual text 'http://localhost/SAD/ArtLens/index.php' and expected text 'http://localhost/SAD/ArtLens/admin.php' (Root cause: com.kms.katalon.core.exception.StepFailedException: Actual text 'http://localhost/SAD/ArtLens/index.php' and expected text 'http://localhost/SAD/ArtLens/admin.php' are not matched
	at com.kms.katalon.core.keyword.builtin.VerifyMatchKeyword$_verifyMatch_closure1.doCall(VerifyMatchKeyword.groovy:57)
	at com.kms.katalon.core.keyword.builtin.VerifyMatchKeyword$_verifyMatch_closure1.call(VerifyMatchKeyword.groovy)
	at com.kms.katalon.core.keyword.internal.KeywordMain.runKeyword(KeywordMain.groovy:75)
	at com.kms.katalon.core.keyword.builtin.VerifyMatchKeyword.verifyMatch(VerifyMatchKeyword.groovy:60)
	at com.kms.katalon.core.keyword.builtin.VerifyMatchKeyword.execute(VerifyMatchKeyword.groovy:45)
	at com.kms.katalon.core.keyword.internal.KeywordExecutor.executeKeywordForPlatform(KeywordExecutor.groovy:74)
	at com.kms.katalon.core.keyword.BuiltinKeywords.verifyMatch(BuiltinKeywords.groovy:60)
	at java.base/jdk.internal.reflect.NativeMethodAccessorImpl.invoke0(Native Method)
	at java.base/jdk.internal.reflect.NativeMethodAccessorImpl.invoke(NativeMethodAccessorImpl.java:77)
	at java.base/jdk.internal.reflect.DelegatingMethodAccessorImpl.invoke(DelegatingMethodAccessorImpl.java:43)
	at com.artlens.utils.AdminUtils.verifyPageAccessLoggedOut(AdminUtils.groovy:112)
	at page_accessible_logged_out.run(page_accessible_logged_out:24)
	at com.kms.katalon.core.main.ScriptEngine.run(ScriptEngine.java:194)
	at com.kms.katalon.core.main.ScriptEngine.runScriptAsRawText(ScriptEngine.java:119)
	at com.kms.katalon.core.main.TestCaseExecutor.runScript(TestCaseExecutor.java:448)
	at com.kms.katalon.core.main.TestCaseExecutor.doExecute(TestCaseExecutor.java:439)
	at com.kms.katalon.core.main.TestCaseExecutor.processExecutionPhase(TestCaseExecutor.java:418)
	at com.kms.katalon.core.main.TestCaseExecutor.accessMainPhase(TestCaseExecutor.java:410)
	at com.kms.katalon.core.main.TestCaseExecutor.execute(TestCaseExecutor.java:285)
	at com.kms.katalon.core.common.CommonExecutor.accessTestCaseMainPhase(CommonExecutor.java:65)
	at com.kms.katalon.core.main.TestSuiteExecutor.accessTestSuiteMainPhase(TestSuiteExecutor.java:150)
	at com.kms.katalon.core.main.TestSuiteExecutor.execute(TestSuiteExecutor.java:106)
	at com.kms.katalon.core.main.TestCaseMain.startTestSuite(TestCaseMain.java:180)
	at TempTestSuite1719146468525.run(TempTestSuite1719146468525.groovy:35)
	at java.base/jdk.internal.reflect.NativeMethodAccessorImpl.invoke0(Native Method)
	at java.base/jdk.internal.reflect.NativeMethodAccessorImpl.invoke(NativeMethodAccessorImpl.java:77)
	at java.base/jdk.internal.reflect.DelegatingMethodAccessorImpl.invoke(DelegatingMethodAccessorImpl.java:43)
)
	at com.kms.katalon.core.keyword.internal.KeywordMain.stepFailed(KeywordMain.groovy:39)
	at com.kms.katalon.core.keyword.internal.KeywordMain.stepFailed(KeywordMain.groovy)
	at com.kms.katalon.core.keyword.internal.KeywordMain.runKeyword(KeywordMain.groovy:77)
	at com.kms.katalon.core.keyword.builtin.VerifyMatchKeyword.verifyMatch(VerifyMatchKeyword.groovy:60)
	at com.kms.katalon.core.keyword.builtin.VerifyMatchKeyword.execute(VerifyMatchKeyword.groovy:45)
	at com.kms.katalon.core.keyword.internal.KeywordExecutor.executeKeywordForPlatform(KeywordExecutor.groovy:74)
	at com.kms.katalon.core.keyword.BuiltinKeywords.verifyMatch(BuiltinKeywords.groovy:60)
	at java.base/jdk.internal.reflect.NativeMethodAccessorImpl.invoke0(Native Method)
	at java.base/jdk.internal.reflect.NativeMethodAccessorImpl.invoke(NativeMethodAccessorImpl.java:77)
	at java.base/jdk.internal.reflect.DelegatingMethodAccessorImpl.invoke(DelegatingMethodAccessorImpl.java:43)
	at com.artlens.utils.AdminUtils.verifyPageAccessLoggedOut(AdminUtils.groovy:112)
	at page_accessible_logged_out.run(page_accessible_logged_out:24)
	at com.kms.katalon.core.main.ScriptEngine.run(ScriptEngine.java:194)
	at com.kms.katalon.core.main.ScriptEngine.runScriptAsRawText(ScriptEngine.java:119)
	at com.kms.katalon.core.main.TestCaseExecutor.runScript(TestCaseExecutor.java:448)
	at com.kms.katalon.core.main.TestCaseExecutor.doExecute(TestCaseExecutor.java:439)
	at com.kms.katalon.core.main.TestCaseExecutor.processExecutionPhase(TestCaseExecutor.java:418)
	at com.kms.katalon.core.main.TestCaseExecutor.accessMainPhase(TestCaseExecutor.java:410)
	at com.kms.katalon.core.main.TestCaseExecutor.execute(TestCaseExecutor.java:285)
	at com.kms.katalon.core.common.CommonExecutor.accessTestCaseMainPhase(CommonExecutor.java:65)
	at com.kms.katalon.core.main.TestSuiteExecutor.accessTestSuiteMainPhase(TestSuiteExecutor.java:150)
	at com.kms.katalon.core.main.TestSuiteExecutor.execute(TestSuiteExecutor.java:106)
	at com.kms.katalon.core.main.TestCaseMain.startTestSuite(TestCaseMain.java:180)
	at TempTestSuite1719146468525.run(TempTestSuite1719146468525.groovy:35)
	at java.base/jdk.internal.reflect.NativeMethodAccessorImpl.invoke0(Native Method)
	at java.base/jdk.internal.reflect.NativeMethodAccessorImpl.invoke(NativeMethodAccessorImpl.java:77)
	at java.base/jdk.internal.reflect.DelegatingMethodAccessorImpl.invoke(DelegatingMethodAccessorImpl.java:43)
Caused by: com.kms.katalon.core.exception.StepFailedException: Actual text 'http://localhost/SAD/ArtLens/index.php' and expected text 'http://localhost/SAD/ArtLens/admin.php' are not matched
	at com.kms.katalon.core.keyword.builtin.VerifyMatchKeyword$_verifyMatch_closure1.doCall(VerifyMatchKeyword.groovy:57)
	at com.kms.katalon.core.keyword.builtin.VerifyMatchKeyword$_verifyMatch_closure1.call(VerifyMatchKeyword.groovy)
	at com.kms.katalon.core.keyword.internal.KeywordMain.runKeyword(KeywordMain.groovy:75)
	... 24 more]]></system-err>
      </testcase>
      <testcase name="Test Cases/admin/booking_management/page_accessible_logged_out" time="17.301" classname="Test Cases/admin/booking_management/page_accessible_logged_out" status="FAILED">
         <failure type="FAILED" message="Test Cases/admin/booking_management/page_accessible_logged_out FAILED.&#xa;Reason:&#xa;com.kms.katalon.core.exception.StepFailedException: Unable to verify match between actual text 'http://localhost/SAD/ArtLens/index.php' and expected text 'http://localhost/SAD/ArtLens/admin.php' (Root cause: com.kms.katalon.core.exception.StepFailedException: Actual text 'http://localhost/SAD/ArtLens/index.php' and expected text 'http://localhost/SAD/ArtLens/admin.php' are not matched&#xa;	at com.kms.katalon.core.keyword.builtin.VerifyMatchKeyword$_verifyMatch_closure1.doCall(VerifyMatchKeyword.groovy:57)&#xa;	at com.kms.katalon.core.keyword.builtin.VerifyMatchKeyword$_verifyMatch_closure1.call(VerifyMatchKeyword.groovy)&#xa;	at com.kms.katalon.core.keyword.internal.KeywordMain.runKeyword(KeywordMain.groovy:75)&#xa;	at com.kms.katalon.core.keyword.builtin.VerifyMatchKeyword.verifyMatch(VerifyMatchKeyword.groovy:60)&#xa;	at com.kms.katalon.core.keyword.builtin.VerifyMatchKeyword.execute(VerifyMatchKeyword.groovy:45)&#xa;	at com.kms.katalon.core.keyword.internal.KeywordExecutor.executeKeywordForPlatform(KeywordExecutor.groovy:74)&#xa;	at com.kms.katalon.core.keyword.BuiltinKeywords.verifyMatch(BuiltinKeywords.groovy:60)&#xa;	at java.base/jdk.internal.reflect.NativeMethodAccessorImpl.invoke0(Native Method)&#xa;	at java.base/jdk.internal.reflect.NativeMethodAccessorImpl.invoke(NativeMethodAccessorImpl.java:77)&#xa;	at java.base/jdk.internal.reflect.DelegatingMethodAccessorImpl.invoke(DelegatingMethodAccessorImpl.java:43)&#xa;	at com.artlens.utils.AdminUtils.verifyPageAccessLoggedOut(AdminUtils.groovy:112)&#xa;	at page_accessible_logged_out.run(page_accessible_logged_out:24)&#xa;	at com.kms.katalon.core.main.ScriptEngine.run(ScriptEngine.java:194)&#xa;	at com.kms.katalon.core.main.ScriptEngine.runScriptAsRawText(ScriptEngine.java:119)&#xa;	at com.kms.katalon.core.main.TestCaseExecutor.runScript(TestCaseExecutor.java:448)&#xa;	at com.kms.katalon.core.main.TestCaseExecutor.doExecute(TestCaseExecutor.java:439)&#xa;	at com.kms.katalon.core.main.TestCaseExecutor.processExecutionPhase(TestCaseExecutor.java:418)&#xa;	at com.kms.katalon.core.main.TestCaseExecutor.accessMainPhase(TestCaseExecutor.java:410)&#xa;	at com.kms.katalon.core.main.TestCaseExecutor.execute(TestCaseExecutor.java:285)&#xa;	at com.kms.katalon.core.common.CommonExecutor.accessTestCaseMainPhase(CommonExecutor.java:65)&#xa;	at com.kms.katalon.core.main.TestSuiteExecutor.accessTestSuiteMainPhase(TestSuiteExecutor.java:150)&#xa;	at com.kms.katalon.core.main.TestSuiteExecutor.execute(TestSuiteExecutor.java:106)&#xa;	at com.kms.katalon.core.main.TestCaseMain.startTestSuite(TestCaseMain.java:180)&#xa;	at TempTestSuite1719146468525.run(TempTestSuite1719146468525.groovy:35)&#xa;	at java.base/jdk.internal.reflect.NativeMethodAccessorImpl.invoke0(Native Method)&#xa;	at java.base/jdk.internal.reflect.NativeMethodAccessorImpl.invoke(NativeMethodAccessorImpl.java:77)&#xa;	at java.base/jdk.internal.reflect.DelegatingMethodAccessorImpl.invoke(DelegatingMethodAccessorImpl.java:43)&#xa;)&#xa;	at com.kms.katalon.core.keyword.internal.KeywordMain.stepFailed(KeywordMain.groovy:39)&#xa;	at com.kms.katalon.core.keyword.internal.KeywordMain.stepFailed(KeywordMain.groovy)&#xa;	at com.kms.katalon.core.keyword.internal.KeywordMain.runKeyword(KeywordMain.groovy:77)&#xa;	at com.kms.katalon.core.keyword.builtin.VerifyMatchKeyword.verifyMatch(VerifyMatchKeyword.groovy:60)&#xa;	at com.kms.katalon.core.keyword.builtin.VerifyMatchKeyword.execute(VerifyMatchKeyword.groovy:45)&#xa;	at com.kms.katalon.core.keyword.internal.KeywordExecutor.executeKeywordForPlatform(KeywordExecutor.groovy:74)&#xa;	at com.kms.katalon.core.keyword.BuiltinKeywords.verifyMatch(BuiltinKeywords.groovy:60)&#xa;	at java.base/jdk.internal.reflect.NativeMethodAccessorImpl.invoke0(Native Method)&#xa;	at java.base/jdk.internal.reflect.NativeMethodAccessorImpl.invoke(NativeMethodAccessorImpl.java:77)&#xa;	at java.base/jdk.internal.reflect.DelegatingMethodAccessorImpl.invoke(DelegatingMethodAccessorImpl.java:43)&#xa;	at com.artlens.utils.AdminUtils.verifyPageAccessLoggedOut(AdminUtils.groovy:112)&#xa;	at page_accessible_logged_out.run(page_accessible_logged_out:24)&#xa;	at com.kms.katalon.core.main.ScriptEngine.run(ScriptEngine.java:194)&#xa;	at com.kms.katalon.core.main.ScriptEngine.runScriptAsRawText(ScriptEngine.java:119)&#xa;	at com.kms.katalon.core.main.TestCaseExecutor.runScript(TestCaseExecutor.java:448)&#xa;	at com.kms.katalon.core.main.TestCaseExecutor.doExecute(TestCaseExecutor.java:439)&#xa;	at com.kms.katalon.core.main.TestCaseExecutor.processExecutionPhase(TestCaseExecutor.java:418)&#xa;	at com.kms.katalon.core.main.TestCaseExecutor.accessMainPhase(TestCaseExecutor.java:410)&#xa;	at com.kms.katalon.core.main.TestCaseExecutor.execute(TestCaseExecutor.java:285)&#xa;	at com.kms.katalon.core.common.CommonExecutor.accessTestCaseMainPhase(CommonExecutor.java:65)&#xa;	at com.kms.katalon.core.main.TestSuiteExecutor.accessTestSuiteMainPhase(TestSuiteExecutor.java:150)&#xa;	at com.kms.katalon.core.main.TestSuiteExecutor.execute(TestSuiteExecutor.java:106)&#xa;	at com.kms.katalon.core.main.TestCaseMain.startTestSuite(TestCaseMain.java:180)&#xa;	at TempTestSuite1719146468525.run(TempTestSuite1719146468525.groovy:35)&#xa;	at java.base/jdk.internal.reflect.NativeMethodAccessorImpl.invoke0(Native Method)&#xa;	at java.base/jdk.internal.reflect.NativeMethodAccessorImpl.invoke(NativeMethodAccessorImpl.java:77)&#xa;	at java.base/jdk.internal.reflect.DelegatingMethodAccessorImpl.invoke(DelegatingMethodAccessorImpl.java:43)&#xa;Caused by: com.kms.katalon.core.exception.StepFailedException: Actual text 'http://localhost/SAD/ArtLens/index.php' and expected text 'http://localhost/SAD/ArtLens/admin.php' are not matched&#xa;	at com.kms.katalon.core.keyword.builtin.VerifyMatchKeyword$_verifyMatch_closure1.doCall(VerifyMatchKeyword.groovy:57)&#xa;	at com.kms.katalon.core.keyword.builtin.VerifyMatchKeyword$_verifyMatch_closure1.call(VerifyMatchKeyword.groovy)&#xa;	at com.kms.katalon.core.keyword.internal.KeywordMain.runKeyword(KeywordMain.groovy:75)&#xa;	... 24 more&#xa;"/>
         <system-out><![CDATA[23-06-2024T20:43:06 - [TEST_CASE][FAILED] - Test Cases/admin/booking_management/page_accessible_logged_out: Test Cases/admin/booking_management/page_accessible_logged_out FAILED.
Reason:
com.kms.katalon.core.exception.StepFailedException: Unable to verify match between actual text 'http://localhost/SAD/ArtLens/index.php' and expected text 'http://localhost/SAD/ArtLens/admin.php' (Root cause: com.kms.katalon.core.exception.StepFailedException: Actual text 'http://localhost/SAD/ArtLens/index.php' and expected text 'http://localhost/SAD/ArtLens/admin.php' are not matched
	at com.kms.katalon.core.keyword.builtin.VerifyMatchKeyword$_verifyMatch_closure1.doCall(VerifyMatchKeyword.groovy:57)
	at com.kms.katalon.core.keyword.builtin.VerifyMatchKeyword$_verifyMatch_closure1.call(VerifyMatchKeyword.groovy)
	at com.kms.katalon.core.keyword.internal.KeywordMain.runKeyword(KeywordMain.groovy:75)
	at com.kms.katalon.core.keyword.builtin.VerifyMatchKeyword.verifyMatch(VerifyMatchKeyword.groovy:60)
	at com.kms.katalon.core.keyword.builtin.VerifyMatchKeyword.execute(VerifyMatchKeyword.groovy:45)
	at com.kms.katalon.core.keyword.internal.KeywordExecutor.executeKeywordForPlatform(KeywordExecutor.groovy:74)
	at com.kms.katalon.core.keyword.BuiltinKeywords.verifyMatch(BuiltinKeywords.groovy:60)
	at java.base/jdk.internal.reflect.NativeMethodAccessorImpl.invoke0(Native Method)
	at java.base/jdk.internal.reflect.NativeMethodAccessorImpl.invoke(NativeMethodAccessorImpl.java:77)
	at java.base/jdk.internal.reflect.DelegatingMethodAccessorImpl.invoke(DelegatingMethodAccessorImpl.java:43)
	at com.artlens.utils.AdminUtils.verifyPageAccessLoggedOut(AdminUtils.groovy:112)
	at page_accessible_logged_out.run(page_accessible_logged_out:24)
	at com.kms.katalon.core.main.ScriptEngine.run(ScriptEngine.java:194)
	at com.kms.katalon.core.main.ScriptEngine.runScriptAsRawText(ScriptEngine.java:119)
	at com.kms.katalon.core.main.TestCaseExecutor.runScript(TestCaseExecutor.java:448)
	at com.kms.katalon.core.main.TestCaseExecutor.doExecute(TestCaseExecutor.java:439)
	at com.kms.katalon.core.main.TestCaseExecutor.processExecutionPhase(TestCaseExecutor.java:418)
	at com.kms.katalon.core.main.TestCaseExecutor.accessMainPhase(TestCaseExecutor.java:410)
	at com.kms.katalon.core.main.TestCaseExecutor.execute(TestCaseExecutor.java:285)
	at com.kms.katalon.core.common.CommonExecutor.accessTestCaseMainPhase(CommonExecutor.java:65)
	at com.kms.katalon.core.main.TestSuiteExecutor.accessTestSuiteMainPhase(TestSuiteExecutor.java:150)
	at com.kms.katalon.core.main.TestSuiteExecutor.execute(TestSuiteExecutor.java:106)
	at com.kms.katalon.core.main.TestCaseMain.startTestSuite(TestCaseMain.java:180)
	at TempTestSuite1719146468525.run(TempTestSuite1719146468525.groovy:35)
	at java.base/jdk.internal.reflect.NativeMethodAccessorImpl.invoke0(Native Method)
	at java.base/jdk.internal.reflect.NativeMethodAccessorImpl.invoke(NativeMethodAccessorImpl.java:77)
	at java.base/jdk.internal.reflect.DelegatingMethodAccessorImpl.invoke(DelegatingMethodAccessorImpl.java:43)
)
	at com.kms.katalon.core.keyword.internal.KeywordMain.stepFailed(KeywordMain.groovy:39)
	at com.kms.katalon.core.keyword.internal.KeywordMain.stepFailed(KeywordMain.groovy)
	at com.kms.katalon.core.keyword.internal.KeywordMain.runKeyword(KeywordMain.groovy:77)
	at com.kms.katalon.core.keyword.builtin.VerifyMatchKeyword.verifyMatch(VerifyMatchKeyword.groovy:60)
	at com.kms.katalon.core.keyword.builtin.VerifyMatchKeyword.execute(VerifyMatchKeyword.groovy:45)
	at com.kms.katalon.core.keyword.internal.KeywordExecutor.executeKeywordForPlatform(KeywordExecutor.groovy:74)
	at com.kms.katalon.core.keyword.BuiltinKeywords.verifyMatch(BuiltinKeywords.groovy:60)
	at java.base/jdk.internal.reflect.NativeMethodAccessorImpl.invoke0(Native Method)
	at java.base/jdk.internal.reflect.NativeMethodAccessorImpl.invoke(NativeMethodAccessorImpl.java:77)
	at java.base/jdk.internal.reflect.DelegatingMethodAccessorImpl.invoke(DelegatingMethodAccessorImpl.java:43)
	at com.artlens.utils.AdminUtils.verifyPageAccessLoggedOut(AdminUtils.groovy:112)
	at page_accessible_logged_out.run(page_accessible_logged_out:24)
	at com.kms.katalon.core.main.ScriptEngine.run(ScriptEngine.java:194)
	at com.kms.katalon.core.main.ScriptEngine.runScriptAsRawText(ScriptEngine.java:119)
	at com.kms.katalon.core.main.TestCaseExecutor.runScript(TestCaseExecutor.java:448)
	at com.kms.katalon.core.main.TestCaseExecutor.doExecute(TestCaseExecutor.java:439)
	at com.kms.katalon.core.main.TestCaseExecutor.processExecutionPhase(TestCaseExecutor.java:418)
	at com.kms.katalon.core.main.TestCaseExecutor.accessMainPhase(TestCaseExecutor.java:410)
	at com.kms.katalon.core.main.TestCaseExecutor.execute(TestCaseExecutor.java:285)
	at com.kms.katalon.core.common.CommonExecutor.accessTestCaseMainPhase(CommonExecutor.java:65)
	at com.kms.katalon.core.main.TestSuiteExecutor.accessTestSuiteMainPhase(TestSuiteExecutor.java:150)
	at com.kms.katalon.core.main.TestSuiteExecutor.execute(TestSuiteExecutor.java:106)
	at com.kms.katalon.core.main.TestCaseMain.startTestSuite(TestCaseMain.java:180)
	at TempTestSuite1719146468525.run(TempTestSuite1719146468525.groovy:35)
	at java.base/jdk.internal.reflect.NativeMethodAccessorImpl.invoke0(Native Method)
	at java.base/jdk.internal.reflect.NativeMethodAccessorImpl.invoke(NativeMethodAccessorImpl.java:77)
	at java.base/jdk.internal.reflect.DelegatingMethodAccessorImpl.invoke(DelegatingMethodAccessorImpl.java:43)
Caused by: com.kms.katalon.core.exception.StepFailedException: Actual text 'http://localhost/SAD/ArtLens/index.php' and expected text 'http://localhost/SAD/ArtLens/admin.php' are not matched
	at com.kms.katalon.core.keyword.builtin.VerifyMatchKeyword$_verifyMatch_closure1.doCall(VerifyMatchKeyword.groovy:57)
	at com.kms.katalon.core.keyword.builtin.VerifyMatchKeyword$_verifyMatch_closure1.call(VerifyMatchKeyword.groovy)
	at com.kms.katalon.core.keyword.internal.KeywordMain.runKeyword(KeywordMain.groovy:75)
	... 24 more


23-06-2024T20:43:06 - [TEST_STEP][PASSED] - Start listener action : sampleBeforeTestCase: Browser is opened with url: ''

23-06-2024T20:43:06 - [TEST_STEP][PASSED] - println(testCaseContext.getTestCaseId()): null

23-06-2024T20:43:06 - [TEST_STEP][PASSED] - openBrowser(""): Browser is opened with url: ''

23-06-2024T20:43:06 - [MESSAGE][WARNING] - A browser is already opened. Closing browser and opening a new one

23-06-2024T20:43:11 - [MESSAGE][INFO] - Starting 'Firefox (headless)' driver

23-06-2024T20:43:12 - [MESSAGE][INFO] - Action delay is set to 0 milliseconds

23-06-2024T20:43:22 - [MESSAGE][PASSED] - Browser is opened with url: ''

23-06-2024T20:43:22 - [TEST_STEP][FAILED] - try: Unable to verify match between actual text 'http://localhost/SAD/ArtLens/index.php' and expected text 'http://localhost/SAD/ArtLens/admin.php' (Root cause: com.kms.katalon.core.exception.StepFailedException: Actual text 'http://localhost/SAD/ArtLens/index.php' and expected text 'http://localhost/SAD/ArtLens/admin.php' are not matched
	at com.kms.katalon.core.keyword.builtin.VerifyMatchKeyword$_verifyMatch_closure1.doCall(VerifyMatchKeyword.groovy:57)
	at com.kms.katalon.core.keyword.builtin.VerifyMatchKeyword$_verifyMatch_closure1.call(VerifyMatchKeyword.groovy)
	at com.kms.katalon.core.keyword.internal.KeywordMain.runKeyword(KeywordMain.groovy:75)
	at com.kms.katalon.core.keyword.builtin.VerifyMatchKeyword.verifyMatch(VerifyMatchKeyword.groovy:60)
	at com.kms.katalon.core.keyword.builtin.VerifyMatchKeyword.execute(VerifyMatchKeyword.groovy:45)
	at com.kms.katalon.core.keyword.internal.KeywordExecutor.executeKeywordForPlatform(KeywordExecutor.groovy:74)
	at com.kms.katalon.core.keyword.BuiltinKeywords.verifyMatch(BuiltinKeywords.groovy:60)
	at java.base/jdk.internal.reflect.NativeMethodAccessorImpl.invoke0(Native Method)
	at java.base/jdk.internal.reflect.NativeMethodAccessorImpl.invoke(NativeMethodAccessorImpl.java:77)
	at java.base/jdk.internal.reflect.DelegatingMethodAccessorImpl.invoke(DelegatingMethodAccessorImpl.java:43)
	at com.artlens.utils.AdminUtils.verifyPageAccessLoggedOut(AdminUtils.groovy:112)
	at page_accessible_logged_out.run(page_accessible_logged_out:24)
	at com.kms.katalon.core.main.ScriptEngine.run(ScriptEngine.java:194)
	at com.kms.katalon.core.main.ScriptEngine.runScriptAsRawText(ScriptEngine.java:119)
	at com.kms.katalon.core.main.TestCaseExecutor.runScript(TestCaseExecutor.java:448)
	at com.kms.katalon.core.main.TestCaseExecutor.doExecute(TestCaseExecutor.java:439)
	at com.kms.katalon.core.main.TestCaseExecutor.processExecutionPhase(TestCaseExecutor.java:418)
	at com.kms.katalon.core.main.TestCaseExecutor.accessMainPhase(TestCaseExecutor.java:410)
	at com.kms.katalon.core.main.TestCaseExecutor.execute(TestCaseExecutor.java:285)
	at com.kms.katalon.core.common.CommonExecutor.accessTestCaseMainPhase(CommonExecutor.java:65)
	at com.kms.katalon.core.main.TestSuiteExecutor.accessTestSuiteMainPhase(TestSuiteExecutor.java:150)
	at com.kms.katalon.core.main.TestSuiteExecutor.execute(TestSuiteExecutor.java:106)
	at com.kms.katalon.core.main.TestCaseMain.startTestSuite(TestCaseMain.java:180)
	at TempTestSuite1719146468525.run(TempTestSuite1719146468525.groovy:35)
	at java.base/jdk.internal.reflect.NativeMethodAccessorImpl.invoke0(Native Method)
	at java.base/jdk.internal.reflect.NativeMethodAccessorImpl.invoke(NativeMethodAccessorImpl.java:77)
	at java.base/jdk.internal.reflect.DelegatingMethodAccessorImpl.invoke(DelegatingMethodAccessorImpl.java:43)
)

23-06-2024T20:43:22 - [TEST_STEP][FAILED] - AdminUtils.verifyPageAccessLoggedOut("adminbooking.php"): Unable to verify match between actual text 'http://localhost/SAD/ArtLens/index.php' and expected text 'http://localhost/SAD/ArtLens/admin.php' (Root cause: com.kms.katalon.core.exception.StepFailedException: Actual text 'http://localhost/SAD/ArtLens/index.php' and expected text 'http://localhost/SAD/ArtLens/admin.php' are not matched
	at com.kms.katalon.core.keyword.builtin.VerifyMatchKeyword$_verifyMatch_closure1.doCall(VerifyMatchKeyword.groovy:57)
	at com.kms.katalon.core.keyword.builtin.VerifyMatchKeyword$_verifyMatch_closure1.call(VerifyMatchKeyword.groovy)
	at com.kms.katalon.core.keyword.internal.KeywordMain.runKeyword(KeywordMain.groovy:75)
	at com.kms.katalon.core.keyword.builtin.VerifyMatchKeyword.verifyMatch(VerifyMatchKeyword.groovy:60)
	at com.kms.katalon.core.keyword.builtin.VerifyMatchKeyword.execute(VerifyMatchKeyword.groovy:45)
	at com.kms.katalon.core.keyword.internal.KeywordExecutor.executeKeywordForPlatform(KeywordExecutor.groovy:74)
	at com.kms.katalon.core.keyword.BuiltinKeywords.verifyMatch(BuiltinKeywords.groovy:60)
	at java.base/jdk.internal.reflect.NativeMethodAccessorImpl.invoke0(Native Method)
	at java.base/jdk.internal.reflect.NativeMethodAccessorImpl.invoke(NativeMethodAccessorImpl.java:77)
	at java.base/jdk.internal.reflect.DelegatingMethodAccessorImpl.invoke(DelegatingMethodAccessorImpl.java:43)
	at com.artlens.utils.AdminUtils.verifyPageAccessLoggedOut(AdminUtils.groovy:112)
	at page_accessible_logged_out.run(page_accessible_logged_out:24)
	at com.kms.katalon.core.main.ScriptEngine.run(ScriptEngine.java:194)
	at com.kms.katalon.core.main.ScriptEngine.runScriptAsRawText(ScriptEngine.java:119)
	at com.kms.katalon.core.main.TestCaseExecutor.runScript(TestCaseExecutor.java:448)
	at com.kms.katalon.core.main.TestCaseExecutor.doExecute(TestCaseExecutor.java:439)
	at com.kms.katalon.core.main.TestCaseExecutor.processExecutionPhase(TestCaseExecutor.java:418)
	at com.kms.katalon.core.main.TestCaseExecutor.accessMainPhase(TestCaseExecutor.java:410)
	at com.kms.katalon.core.main.TestCaseExecutor.execute(TestCaseExecutor.java:285)
	at com.kms.katalon.core.common.CommonExecutor.accessTestCaseMainPhase(CommonExecutor.java:65)
	at com.kms.katalon.core.main.TestSuiteExecutor.accessTestSuiteMainPhase(TestSuiteExecutor.java:150)
	at com.kms.katalon.core.main.TestSuiteExecutor.execute(TestSuiteExecutor.java:106)
	at com.kms.katalon.core.main.TestCaseMain.startTestSuite(TestCaseMain.java:180)
	at TempTestSuite1719146468525.run(TempTestSuite1719146468525.groovy:35)
	at java.base/jdk.internal.reflect.NativeMethodAccessorImpl.invoke0(Native Method)
	at java.base/jdk.internal.reflect.NativeMethodAccessorImpl.invoke(NativeMethodAccessorImpl.java:77)
	at java.base/jdk.internal.reflect.DelegatingMethodAccessorImpl.invoke(DelegatingMethodAccessorImpl.java:43)
)

23-06-2024T20:43:22 - [MESSAGE][INFO] - HAR: C:\DevPackage\xampp\htdocs\SAD\ArtLens\Reports\20240623_204104\Test_Admin_Pages_Authentication\20240623_204108\requests\main\6.har

23-06-2024T20:43:22 - [MESSAGE][PASSED] - Send request successfully

23-06-2024T20:43:22 - [MESSAGE][PASSED] - All links are accessible

23-06-2024T20:43:23 - [MESSAGE][PASSED] - Navigate to 'http://localhost/SAD/ArtLens/adminbooking.php' successfully

23-06-2024T20:43:23 - [MESSAGE][PASSED] - Current window's url is: 'http://localhost/SAD/ArtLens/index.php'

23-06-2024T20:43:23 - [MESSAGE][INFO] - HAR: C:\DevPackage\xampp\htdocs\SAD\ArtLens\Reports\20240623_204104\Test_Admin_Pages_Authentication\20240623_204108\requests\main\7.har

23-06-2024T20:43:23 - [MESSAGE][PASSED] - Send request successfully

23-06-2024T20:43:23 - [MESSAGE][PASSED] - All links are accessible

23-06-2024T20:43:23 - [MESSAGE][PASSED] - Actual text 'http://localhost/SAD/ArtLens/index.php' and expected text 'http://localhost/SAD/ArtLens/adminbooking.php' are not matched 

23-06-2024T20:43:23 - [MESSAGE][FAILED] - Unable to verify match between actual text 'http://localhost/SAD/ArtLens/index.php' and expected text 'http://localhost/SAD/ArtLens/admin.php' (Root cause: com.kms.katalon.core.exception.StepFailedException: Actual text 'http://localhost/SAD/ArtLens/index.php' and expected text 'http://localhost/SAD/ArtLens/admin.php' are not matched
	at com.kms.katalon.core.keyword.builtin.VerifyMatchKeyword$_verifyMatch_closure1.doCall(VerifyMatchKeyword.groovy:57)
	at com.kms.katalon.core.keyword.builtin.VerifyMatchKeyword$_verifyMatch_closure1.call(VerifyMatchKeyword.groovy)
	at com.kms.katalon.core.keyword.internal.KeywordMain.runKeyword(KeywordMain.groovy:75)
	at com.kms.katalon.core.keyword.builtin.VerifyMatchKeyword.verifyMatch(VerifyMatchKeyword.groovy:60)
	at com.kms.katalon.core.keyword.builtin.VerifyMatchKeyword.execute(VerifyMatchKeyword.groovy:45)
	at com.kms.katalon.core.keyword.internal.KeywordExecutor.executeKeywordForPlatform(KeywordExecutor.groovy:74)
	at com.kms.katalon.core.keyword.BuiltinKeywords.verifyMatch(BuiltinKeywords.groovy:60)
	at java.base/jdk.internal.reflect.NativeMethodAccessorImpl.invoke0(Native Method)
	at java.base/jdk.internal.reflect.NativeMethodAccessorImpl.invoke(NativeMethodAccessorImpl.java:77)
	at java.base/jdk.internal.reflect.DelegatingMethodAccessorImpl.invoke(DelegatingMethodAccessorImpl.java:43)
	at com.artlens.utils.AdminUtils.verifyPageAccessLoggedOut(AdminUtils.groovy:112)
	at page_accessible_logged_out.run(page_accessible_logged_out:24)
	at com.kms.katalon.core.main.ScriptEngine.run(ScriptEngine.java:194)
	at com.kms.katalon.core.main.ScriptEngine.runScriptAsRawText(ScriptEngine.java:119)
	at com.kms.katalon.core.main.TestCaseExecutor.runScript(TestCaseExecutor.java:448)
	at com.kms.katalon.core.main.TestCaseExecutor.doExecute(TestCaseExecutor.java:439)
	at com.kms.katalon.core.main.TestCaseExecutor.processExecutionPhase(TestCaseExecutor.java:418)
	at com.kms.katalon.core.main.TestCaseExecutor.accessMainPhase(TestCaseExecutor.java:410)
	at com.kms.katalon.core.main.TestCaseExecutor.execute(TestCaseExecutor.java:285)
	at com.kms.katalon.core.common.CommonExecutor.accessTestCaseMainPhase(CommonExecutor.java:65)
	at com.kms.katalon.core.main.TestSuiteExecutor.accessTestSuiteMainPhase(TestSuiteExecutor.java:150)
	at com.kms.katalon.core.main.TestSuiteExecutor.execute(TestSuiteExecutor.java:106)
	at com.kms.katalon.core.main.TestCaseMain.startTestSuite(TestCaseMain.java:180)
	at TempTestSuite1719146468525.run(TempTestSuite1719146468525.groovy:35)
	at java.base/jdk.internal.reflect.NativeMethodAccessorImpl.invoke0(Native Method)
	at java.base/jdk.internal.reflect.NativeMethodAccessorImpl.invoke(NativeMethodAccessorImpl.java:77)
	at java.base/jdk.internal.reflect.DelegatingMethodAccessorImpl.invoke(DelegatingMethodAccessorImpl.java:43)
)

23-06-2024T20:43:23 - [TEST_STEP][PASSED] - Start listener action : sampleAfterTestCase: null]]></system-out>
         <system-err><![CDATA[23-06-2024T20:43:06 - [TEST_CASE][FAILED] - Test Cases/admin/booking_management/page_accessible_logged_out: Test Cases/admin/booking_management/page_accessible_logged_out FAILED.
Reason:
com.kms.katalon.core.exception.StepFailedException: Unable to verify match between actual text 'http://localhost/SAD/ArtLens/index.php' and expected text 'http://localhost/SAD/ArtLens/admin.php' (Root cause: com.kms.katalon.core.exception.StepFailedException: Actual text 'http://localhost/SAD/ArtLens/index.php' and expected text 'http://localhost/SAD/ArtLens/admin.php' are not matched
	at com.kms.katalon.core.keyword.builtin.VerifyMatchKeyword$_verifyMatch_closure1.doCall(VerifyMatchKeyword.groovy:57)
	at com.kms.katalon.core.keyword.builtin.VerifyMatchKeyword$_verifyMatch_closure1.call(VerifyMatchKeyword.groovy)
	at com.kms.katalon.core.keyword.internal.KeywordMain.runKeyword(KeywordMain.groovy:75)
	at com.kms.katalon.core.keyword.builtin.VerifyMatchKeyword.verifyMatch(VerifyMatchKeyword.groovy:60)
	at com.kms.katalon.core.keyword.builtin.VerifyMatchKeyword.execute(VerifyMatchKeyword.groovy:45)
	at com.kms.katalon.core.keyword.internal.KeywordExecutor.executeKeywordForPlatform(KeywordExecutor.groovy:74)
	at com.kms.katalon.core.keyword.BuiltinKeywords.verifyMatch(BuiltinKeywords.groovy:60)
	at java.base/jdk.internal.reflect.NativeMethodAccessorImpl.invoke0(Native Method)
	at java.base/jdk.internal.reflect.NativeMethodAccessorImpl.invoke(NativeMethodAccessorImpl.java:77)
	at java.base/jdk.internal.reflect.DelegatingMethodAccessorImpl.invoke(DelegatingMethodAccessorImpl.java:43)
	at com.artlens.utils.AdminUtils.verifyPageAccessLoggedOut(AdminUtils.groovy:112)
	at page_accessible_logged_out.run(page_accessible_logged_out:24)
	at com.kms.katalon.core.main.ScriptEngine.run(ScriptEngine.java:194)
	at com.kms.katalon.core.main.ScriptEngine.runScriptAsRawText(ScriptEngine.java:119)
	at com.kms.katalon.core.main.TestCaseExecutor.runScript(TestCaseExecutor.java:448)
	at com.kms.katalon.core.main.TestCaseExecutor.doExecute(TestCaseExecutor.java:439)
	at com.kms.katalon.core.main.TestCaseExecutor.processExecutionPhase(TestCaseExecutor.java:418)
	at com.kms.katalon.core.main.TestCaseExecutor.accessMainPhase(TestCaseExecutor.java:410)
	at com.kms.katalon.core.main.TestCaseExecutor.execute(TestCaseExecutor.java:285)
	at com.kms.katalon.core.common.CommonExecutor.accessTestCaseMainPhase(CommonExecutor.java:65)
	at com.kms.katalon.core.main.TestSuiteExecutor.accessTestSuiteMainPhase(TestSuiteExecutor.java:150)
	at com.kms.katalon.core.main.TestSuiteExecutor.execute(TestSuiteExecutor.java:106)
	at com.kms.katalon.core.main.TestCaseMain.startTestSuite(TestCaseMain.java:180)
	at TempTestSuite1719146468525.run(TempTestSuite1719146468525.groovy:35)
	at java.base/jdk.internal.reflect.NativeMethodAccessorImpl.invoke0(Native Method)
	at java.base/jdk.internal.reflect.NativeMethodAccessorImpl.invoke(NativeMethodAccessorImpl.java:77)
	at java.base/jdk.internal.reflect.DelegatingMethodAccessorImpl.invoke(DelegatingMethodAccessorImpl.java:43)
)
	at com.kms.katalon.core.keyword.internal.KeywordMain.stepFailed(KeywordMain.groovy:39)
	at com.kms.katalon.core.keyword.internal.KeywordMain.stepFailed(KeywordMain.groovy)
	at com.kms.katalon.core.keyword.internal.KeywordMain.runKeyword(KeywordMain.groovy:77)
	at com.kms.katalon.core.keyword.builtin.VerifyMatchKeyword.verifyMatch(VerifyMatchKeyword.groovy:60)
	at com.kms.katalon.core.keyword.builtin.VerifyMatchKeyword.execute(VerifyMatchKeyword.groovy:45)
	at com.kms.katalon.core.keyword.internal.KeywordExecutor.executeKeywordForPlatform(KeywordExecutor.groovy:74)
	at com.kms.katalon.core.keyword.BuiltinKeywords.verifyMatch(BuiltinKeywords.groovy:60)
	at java.base/jdk.internal.reflect.NativeMethodAccessorImpl.invoke0(Native Method)
	at java.base/jdk.internal.reflect.NativeMethodAccessorImpl.invoke(NativeMethodAccessorImpl.java:77)
	at java.base/jdk.internal.reflect.DelegatingMethodAccessorImpl.invoke(DelegatingMethodAccessorImpl.java:43)
	at com.artlens.utils.AdminUtils.verifyPageAccessLoggedOut(AdminUtils.groovy:112)
	at page_accessible_logged_out.run(page_accessible_logged_out:24)
	at com.kms.katalon.core.main.ScriptEngine.run(ScriptEngine.java:194)
	at com.kms.katalon.core.main.ScriptEngine.runScriptAsRawText(ScriptEngine.java:119)
	at com.kms.katalon.core.main.TestCaseExecutor.runScript(TestCaseExecutor.java:448)
	at com.kms.katalon.core.main.TestCaseExecutor.doExecute(TestCaseExecutor.java:439)
	at com.kms.katalon.core.main.TestCaseExecutor.processExecutionPhase(TestCaseExecutor.java:418)
	at com.kms.katalon.core.main.TestCaseExecutor.accessMainPhase(TestCaseExecutor.java:410)
	at com.kms.katalon.core.main.TestCaseExecutor.execute(TestCaseExecutor.java:285)
	at com.kms.katalon.core.common.CommonExecutor.accessTestCaseMainPhase(CommonExecutor.java:65)
	at com.kms.katalon.core.main.TestSuiteExecutor.accessTestSuiteMainPhase(TestSuiteExecutor.java:150)
	at com.kms.katalon.core.main.TestSuiteExecutor.execute(TestSuiteExecutor.java:106)
	at com.kms.katalon.core.main.TestCaseMain.startTestSuite(TestCaseMain.java:180)
	at TempTestSuite1719146468525.run(TempTestSuite1719146468525.groovy:35)
	at java.base/jdk.internal.reflect.NativeMethodAccessorImpl.invoke0(Native Method)
	at java.base/jdk.internal.reflect.NativeMethodAccessorImpl.invoke(NativeMethodAccessorImpl.java:77)
	at java.base/jdk.internal.reflect.DelegatingMethodAccessorImpl.invoke(DelegatingMethodAccessorImpl.java:43)
Caused by: com.kms.katalon.core.exception.StepFailedException: Actual text 'http://localhost/SAD/ArtLens/index.php' and expected text 'http://localhost/SAD/ArtLens/admin.php' are not matched
	at com.kms.katalon.core.keyword.builtin.VerifyMatchKeyword$_verifyMatch_closure1.doCall(VerifyMatchKeyword.groovy:57)
	at com.kms.katalon.core.keyword.builtin.VerifyMatchKeyword$_verifyMatch_closure1.call(VerifyMatchKeyword.groovy)
	at com.kms.katalon.core.keyword.internal.KeywordMain.runKeyword(KeywordMain.groovy:75)
	... 24 more]]></system-err>
      </testcase>
      <testcase name="Test Cases/admin/dashboard/page_accessible_logged_out" time="16.361" classname="Test Cases/admin/dashboard/page_accessible_logged_out" status="FAILED">
         <failure type="FAILED" message="Test Cases/admin/dashboard/page_accessible_logged_out FAILED.&#xa;Reason:&#xa;com.kms.katalon.core.exception.StepFailedException: Unable to verify match between actual text 'http://localhost/SAD/ArtLens/index.php' and expected text 'http://localhost/SAD/ArtLens/admin.php' (Root cause: com.kms.katalon.core.exception.StepFailedException: Actual text 'http://localhost/SAD/ArtLens/index.php' and expected text 'http://localhost/SAD/ArtLens/admin.php' are not matched&#xa;	at com.kms.katalon.core.keyword.builtin.VerifyMatchKeyword$_verifyMatch_closure1.doCall(VerifyMatchKeyword.groovy:57)&#xa;	at com.kms.katalon.core.keyword.builtin.VerifyMatchKeyword$_verifyMatch_closure1.call(VerifyMatchKeyword.groovy)&#xa;	at com.kms.katalon.core.keyword.internal.KeywordMain.runKeyword(KeywordMain.groovy:75)&#xa;	at com.kms.katalon.core.keyword.builtin.VerifyMatchKeyword.verifyMatch(VerifyMatchKeyword.groovy:60)&#xa;	at com.kms.katalon.core.keyword.builtin.VerifyMatchKeyword.execute(VerifyMatchKeyword.groovy:45)&#xa;	at com.kms.katalon.core.keyword.internal.KeywordExecutor.executeKeywordForPlatform(KeywordExecutor.groovy:74)&#xa;	at com.kms.katalon.core.keyword.BuiltinKeywords.verifyMatch(BuiltinKeywords.groovy:60)&#xa;	at java.base/jdk.internal.reflect.NativeMethodAccessorImpl.invoke0(Native Method)&#xa;	at java.base/jdk.internal.reflect.NativeMethodAccessorImpl.invoke(NativeMethodAccessorImpl.java:77)&#xa;	at java.base/jdk.internal.reflect.DelegatingMethodAccessorImpl.invoke(DelegatingMethodAccessorImpl.java:43)&#xa;	at com.artlens.utils.AdminUtils.verifyPageAccessLoggedOut(AdminUtils.groovy:112)&#xa;	at page_accessible_logged_out.run(page_accessible_logged_out:24)&#xa;	at com.kms.katalon.core.main.ScriptEngine.run(ScriptEngine.java:194)&#xa;	at com.kms.katalon.core.main.ScriptEngine.runScriptAsRawText(ScriptEngine.java:119)&#xa;	at com.kms.katalon.core.main.TestCaseExecutor.runScript(TestCaseExecutor.java:448)&#xa;	at com.kms.katalon.core.main.TestCaseExecutor.doExecute(TestCaseExecutor.java:439)&#xa;	at com.kms.katalon.core.main.TestCaseExecutor.processExecutionPhase(TestCaseExecutor.java:418)&#xa;	at com.kms.katalon.core.main.TestCaseExecutor.accessMainPhase(TestCaseExecutor.java:410)&#xa;	at com.kms.katalon.core.main.TestCaseExecutor.execute(TestCaseExecutor.java:285)&#xa;	at com.kms.katalon.core.common.CommonExecutor.accessTestCaseMainPhase(CommonExecutor.java:65)&#xa;	at com.kms.katalon.core.main.TestSuiteExecutor.accessTestSuiteMainPhase(TestSuiteExecutor.java:150)&#xa;	at com.kms.katalon.core.main.TestSuiteExecutor.execute(TestSuiteExecutor.java:106)&#xa;	at com.kms.katalon.core.main.TestCaseMain.startTestSuite(TestCaseMain.java:180)&#xa;	at TempTestSuite1719146468525.run(TempTestSuite1719146468525.groovy:35)&#xa;	at java.base/jdk.internal.reflect.NativeMethodAccessorImpl.invoke0(Native Method)&#xa;	at java.base/jdk.internal.reflect.NativeMethodAccessorImpl.invoke(NativeMethodAccessorImpl.java:77)&#xa;	at java.base/jdk.internal.reflect.DelegatingMethodAccessorImpl.invoke(DelegatingMethodAccessorImpl.java:43)&#xa;)&#xa;	at com.kms.katalon.core.keyword.internal.KeywordMain.stepFailed(KeywordMain.groovy:39)&#xa;	at com.kms.katalon.core.keyword.internal.KeywordMain.stepFailed(KeywordMain.groovy)&#xa;	at com.kms.katalon.core.keyword.internal.KeywordMain.runKeyword(KeywordMain.groovy:77)&#xa;	at com.kms.katalon.core.keyword.builtin.VerifyMatchKeyword.verifyMatch(VerifyMatchKeyword.groovy:60)&#xa;	at com.kms.katalon.core.keyword.builtin.VerifyMatchKeyword.execute(VerifyMatchKeyword.groovy:45)&#xa;	at com.kms.katalon.core.keyword.internal.KeywordExecutor.executeKeywordForPlatform(KeywordExecutor.groovy:74)&#xa;	at com.kms.katalon.core.keyword.BuiltinKeywords.verifyMatch(BuiltinKeywords.groovy:60)&#xa;	at java.base/jdk.internal.reflect.NativeMethodAccessorImpl.invoke0(Native Method)&#xa;	at java.base/jdk.internal.reflect.NativeMethodAccessorImpl.invoke(NativeMethodAccessorImpl.java:77)&#xa;	at java.base/jdk.internal.reflect.DelegatingMethodAccessorImpl.invoke(DelegatingMethodAccessorImpl.java:43)&#xa;	at com.artlens.utils.AdminUtils.verifyPageAccessLoggedOut(AdminUtils.groovy:112)&#xa;	at page_accessible_logged_out.run(page_accessible_logged_out:24)&#xa;	at com.kms.katalon.core.main.ScriptEngine.run(ScriptEngine.java:194)&#xa;	at com.kms.katalon.core.main.ScriptEngine.runScriptAsRawText(ScriptEngine.java:119)&#xa;	at com.kms.katalon.core.main.TestCaseExecutor.runScript(TestCaseExecutor.java:448)&#xa;	at com.kms.katalon.core.main.TestCaseExecutor.doExecute(TestCaseExecutor.java:439)&#xa;	at com.kms.katalon.core.main.TestCaseExecutor.processExecutionPhase(TestCaseExecutor.java:418)&#xa;	at com.kms.katalon.core.main.TestCaseExecutor.accessMainPhase(TestCaseExecutor.java:410)&#xa;	at com.kms.katalon.core.main.TestCaseExecutor.execute(TestCaseExecutor.java:285)&#xa;	at com.kms.katalon.core.common.CommonExecutor.accessTestCaseMainPhase(CommonExecutor.java:65)&#xa;	at com.kms.katalon.core.main.TestSuiteExecutor.accessTestSuiteMainPhase(TestSuiteExecutor.java:150)&#xa;	at com.kms.katalon.core.main.TestSuiteExecutor.execute(TestSuiteExecutor.java:106)&#xa;	at com.kms.katalon.core.main.TestCaseMain.startTestSuite(TestCaseMain.java:180)&#xa;	at TempTestSuite1719146468525.run(TempTestSuite1719146468525.groovy:35)&#xa;	at java.base/jdk.internal.reflect.NativeMethodAccessorImpl.invoke0(Native Method)&#xa;	at java.base/jdk.internal.reflect.NativeMethodAccessorImpl.invoke(NativeMethodAccessorImpl.java:77)&#xa;	at java.base/jdk.internal.reflect.DelegatingMethodAccessorImpl.invoke(DelegatingMethodAccessorImpl.java:43)&#xa;Caused by: com.kms.katalon.core.exception.StepFailedException: Actual text 'http://localhost/SAD/ArtLens/index.php' and expected text 'http://localhost/SAD/ArtLens/admin.php' are not matched&#xa;	at com.kms.katalon.core.keyword.builtin.VerifyMatchKeyword$_verifyMatch_closure1.doCall(VerifyMatchKeyword.groovy:57)&#xa;	at com.kms.katalon.core.keyword.builtin.VerifyMatchKeyword$_verifyMatch_closure1.call(VerifyMatchKeyword.groovy)&#xa;	at com.kms.katalon.core.keyword.internal.KeywordMain.runKeyword(KeywordMain.groovy:75)&#xa;	... 24 more&#xa;"/>
         <system-out><![CDATA[23-06-2024T20:43:23 - [TEST_CASE][FAILED] - Test Cases/admin/dashboard/page_accessible_logged_out: Test Cases/admin/dashboard/page_accessible_logged_out FAILED.
Reason:
com.kms.katalon.core.exception.StepFailedException: Unable to verify match between actual text 'http://localhost/SAD/ArtLens/index.php' and expected text 'http://localhost/SAD/ArtLens/admin.php' (Root cause: com.kms.katalon.core.exception.StepFailedException: Actual text 'http://localhost/SAD/ArtLens/index.php' and expected text 'http://localhost/SAD/ArtLens/admin.php' are not matched
	at com.kms.katalon.core.keyword.builtin.VerifyMatchKeyword$_verifyMatch_closure1.doCall(VerifyMatchKeyword.groovy:57)
	at com.kms.katalon.core.keyword.builtin.VerifyMatchKeyword$_verifyMatch_closure1.call(VerifyMatchKeyword.groovy)
	at com.kms.katalon.core.keyword.internal.KeywordMain.runKeyword(KeywordMain.groovy:75)
	at com.kms.katalon.core.keyword.builtin.VerifyMatchKeyword.verifyMatch(VerifyMatchKeyword.groovy:60)
	at com.kms.katalon.core.keyword.builtin.VerifyMatchKeyword.execute(VerifyMatchKeyword.groovy:45)
	at com.kms.katalon.core.keyword.internal.KeywordExecutor.executeKeywordForPlatform(KeywordExecutor.groovy:74)
	at com.kms.katalon.core.keyword.BuiltinKeywords.verifyMatch(BuiltinKeywords.groovy:60)
	at java.base/jdk.internal.reflect.NativeMethodAccessorImpl.invoke0(Native Method)
	at java.base/jdk.internal.reflect.NativeMethodAccessorImpl.invoke(NativeMethodAccessorImpl.java:77)
	at java.base/jdk.internal.reflect.DelegatingMethodAccessorImpl.invoke(DelegatingMethodAccessorImpl.java:43)
	at com.artlens.utils.AdminUtils.verifyPageAccessLoggedOut(AdminUtils.groovy:112)
	at page_accessible_logged_out.run(page_accessible_logged_out:24)
	at com.kms.katalon.core.main.ScriptEngine.run(ScriptEngine.java:194)
	at com.kms.katalon.core.main.ScriptEngine.runScriptAsRawText(ScriptEngine.java:119)
	at com.kms.katalon.core.main.TestCaseExecutor.runScript(TestCaseExecutor.java:448)
	at com.kms.katalon.core.main.TestCaseExecutor.doExecute(TestCaseExecutor.java:439)
	at com.kms.katalon.core.main.TestCaseExecutor.processExecutionPhase(TestCaseExecutor.java:418)
	at com.kms.katalon.core.main.TestCaseExecutor.accessMainPhase(TestCaseExecutor.java:410)
	at com.kms.katalon.core.main.TestCaseExecutor.execute(TestCaseExecutor.java:285)
	at com.kms.katalon.core.common.CommonExecutor.accessTestCaseMainPhase(CommonExecutor.java:65)
	at com.kms.katalon.core.main.TestSuiteExecutor.accessTestSuiteMainPhase(TestSuiteExecutor.java:150)
	at com.kms.katalon.core.main.TestSuiteExecutor.execute(TestSuiteExecutor.java:106)
	at com.kms.katalon.core.main.TestCaseMain.startTestSuite(TestCaseMain.java:180)
	at TempTestSuite1719146468525.run(TempTestSuite1719146468525.groovy:35)
	at java.base/jdk.internal.reflect.NativeMethodAccessorImpl.invoke0(Native Method)
	at java.base/jdk.internal.reflect.NativeMethodAccessorImpl.invoke(NativeMethodAccessorImpl.java:77)
	at java.base/jdk.internal.reflect.DelegatingMethodAccessorImpl.invoke(DelegatingMethodAccessorImpl.java:43)
)
	at com.kms.katalon.core.keyword.internal.KeywordMain.stepFailed(KeywordMain.groovy:39)
	at com.kms.katalon.core.keyword.internal.KeywordMain.stepFailed(KeywordMain.groovy)
	at com.kms.katalon.core.keyword.internal.KeywordMain.runKeyword(KeywordMain.groovy:77)
	at com.kms.katalon.core.keyword.builtin.VerifyMatchKeyword.verifyMatch(VerifyMatchKeyword.groovy:60)
	at com.kms.katalon.core.keyword.builtin.VerifyMatchKeyword.execute(VerifyMatchKeyword.groovy:45)
	at com.kms.katalon.core.keyword.internal.KeywordExecutor.executeKeywordForPlatform(KeywordExecutor.groovy:74)
	at com.kms.katalon.core.keyword.BuiltinKeywords.verifyMatch(BuiltinKeywords.groovy:60)
	at java.base/jdk.internal.reflect.NativeMethodAccessorImpl.invoke0(Native Method)
	at java.base/jdk.internal.reflect.NativeMethodAccessorImpl.invoke(NativeMethodAccessorImpl.java:77)
	at java.base/jdk.internal.reflect.DelegatingMethodAccessorImpl.invoke(DelegatingMethodAccessorImpl.java:43)
	at com.artlens.utils.AdminUtils.verifyPageAccessLoggedOut(AdminUtils.groovy:112)
	at page_accessible_logged_out.run(page_accessible_logged_out:24)
	at com.kms.katalon.core.main.ScriptEngine.run(ScriptEngine.java:194)
	at com.kms.katalon.core.main.ScriptEngine.runScriptAsRawText(ScriptEngine.java:119)
	at com.kms.katalon.core.main.TestCaseExecutor.runScript(TestCaseExecutor.java:448)
	at com.kms.katalon.core.main.TestCaseExecutor.doExecute(TestCaseExecutor.java:439)
	at com.kms.katalon.core.main.TestCaseExecutor.processExecutionPhase(TestCaseExecutor.java:418)
	at com.kms.katalon.core.main.TestCaseExecutor.accessMainPhase(TestCaseExecutor.java:410)
	at com.kms.katalon.core.main.TestCaseExecutor.execute(TestCaseExecutor.java:285)
	at com.kms.katalon.core.common.CommonExecutor.accessTestCaseMainPhase(CommonExecutor.java:65)
	at com.kms.katalon.core.main.TestSuiteExecutor.accessTestSuiteMainPhase(TestSuiteExecutor.java:150)
	at com.kms.katalon.core.main.TestSuiteExecutor.execute(TestSuiteExecutor.java:106)
	at com.kms.katalon.core.main.TestCaseMain.startTestSuite(TestCaseMain.java:180)
	at TempTestSuite1719146468525.run(TempTestSuite1719146468525.groovy:35)
	at java.base/jdk.internal.reflect.NativeMethodAccessorImpl.invoke0(Native Method)
	at java.base/jdk.internal.reflect.NativeMethodAccessorImpl.invoke(NativeMethodAccessorImpl.java:77)
	at java.base/jdk.internal.reflect.DelegatingMethodAccessorImpl.invoke(DelegatingMethodAccessorImpl.java:43)
Caused by: com.kms.katalon.core.exception.StepFailedException: Actual text 'http://localhost/SAD/ArtLens/index.php' and expected text 'http://localhost/SAD/ArtLens/admin.php' are not matched
	at com.kms.katalon.core.keyword.builtin.VerifyMatchKeyword$_verifyMatch_closure1.doCall(VerifyMatchKeyword.groovy:57)
	at com.kms.katalon.core.keyword.builtin.VerifyMatchKeyword$_verifyMatch_closure1.call(VerifyMatchKeyword.groovy)
	at com.kms.katalon.core.keyword.internal.KeywordMain.runKeyword(KeywordMain.groovy:75)
	... 24 more


23-06-2024T20:43:23 - [TEST_STEP][PASSED] - Start listener action : sampleBeforeTestCase: Browser is opened with url: ''

23-06-2024T20:43:23 - [TEST_STEP][PASSED] - println(testCaseContext.getTestCaseId()): null

23-06-2024T20:43:23 - [TEST_STEP][PASSED] - openBrowser(""): Browser is opened with url: ''

23-06-2024T20:43:23 - [MESSAGE][WARNING] - A browser is already opened. Closing browser and opening a new one

23-06-2024T20:43:28 - [MESSAGE][INFO] - Starting 'Firefox (headless)' driver

23-06-2024T20:43:28 - [MESSAGE][INFO] - Action delay is set to 0 milliseconds

23-06-2024T20:43:36 - [MESSAGE][PASSED] - Browser is opened with url: ''

23-06-2024T20:43:36 - [TEST_STEP][FAILED] - try: Unable to verify match between actual text 'http://localhost/SAD/ArtLens/index.php' and expected text 'http://localhost/SAD/ArtLens/admin.php' (Root cause: com.kms.katalon.core.exception.StepFailedException: Actual text 'http://localhost/SAD/ArtLens/index.php' and expected text 'http://localhost/SAD/ArtLens/admin.php' are not matched
	at com.kms.katalon.core.keyword.builtin.VerifyMatchKeyword$_verifyMatch_closure1.doCall(VerifyMatchKeyword.groovy:57)
	at com.kms.katalon.core.keyword.builtin.VerifyMatchKeyword$_verifyMatch_closure1.call(VerifyMatchKeyword.groovy)
	at com.kms.katalon.core.keyword.internal.KeywordMain.runKeyword(KeywordMain.groovy:75)
	at com.kms.katalon.core.keyword.builtin.VerifyMatchKeyword.verifyMatch(VerifyMatchKeyword.groovy:60)
	at com.kms.katalon.core.keyword.builtin.VerifyMatchKeyword.execute(VerifyMatchKeyword.groovy:45)
	at com.kms.katalon.core.keyword.internal.KeywordExecutor.executeKeywordForPlatform(KeywordExecutor.groovy:74)
	at com.kms.katalon.core.keyword.BuiltinKeywords.verifyMatch(BuiltinKeywords.groovy:60)
	at java.base/jdk.internal.reflect.NativeMethodAccessorImpl.invoke0(Native Method)
	at java.base/jdk.internal.reflect.NativeMethodAccessorImpl.invoke(NativeMethodAccessorImpl.java:77)
	at java.base/jdk.internal.reflect.DelegatingMethodAccessorImpl.invoke(DelegatingMethodAccessorImpl.java:43)
	at com.artlens.utils.AdminUtils.verifyPageAccessLoggedOut(AdminUtils.groovy:112)
	at page_accessible_logged_out.run(page_accessible_logged_out:24)
	at com.kms.katalon.core.main.ScriptEngine.run(ScriptEngine.java:194)
	at com.kms.katalon.core.main.ScriptEngine.runScriptAsRawText(ScriptEngine.java:119)
	at com.kms.katalon.core.main.TestCaseExecutor.runScript(TestCaseExecutor.java:448)
	at com.kms.katalon.core.main.TestCaseExecutor.doExecute(TestCaseExecutor.java:439)
	at com.kms.katalon.core.main.TestCaseExecutor.processExecutionPhase(TestCaseExecutor.java:418)
	at com.kms.katalon.core.main.TestCaseExecutor.accessMainPhase(TestCaseExecutor.java:410)
	at com.kms.katalon.core.main.TestCaseExecutor.execute(TestCaseExecutor.java:285)
	at com.kms.katalon.core.common.CommonExecutor.accessTestCaseMainPhase(CommonExecutor.java:65)
	at com.kms.katalon.core.main.TestSuiteExecutor.accessTestSuiteMainPhase(TestSuiteExecutor.java:150)
	at com.kms.katalon.core.main.TestSuiteExecutor.execute(TestSuiteExecutor.java:106)
	at com.kms.katalon.core.main.TestCaseMain.startTestSuite(TestCaseMain.java:180)
	at TempTestSuite1719146468525.run(TempTestSuite1719146468525.groovy:35)
	at java.base/jdk.internal.reflect.NativeMethodAccessorImpl.invoke0(Native Method)
	at java.base/jdk.internal.reflect.NativeMethodAccessorImpl.invoke(NativeMethodAccessorImpl.java:77)
	at java.base/jdk.internal.reflect.DelegatingMethodAccessorImpl.invoke(DelegatingMethodAccessorImpl.java:43)
)

23-06-2024T20:43:36 - [TEST_STEP][FAILED] - AdminUtils.verifyPageAccessLoggedOut("adminindex.php"): Unable to verify match between actual text 'http://localhost/SAD/ArtLens/index.php' and expected text 'http://localhost/SAD/ArtLens/admin.php' (Root cause: com.kms.katalon.core.exception.StepFailedException: Actual text 'http://localhost/SAD/ArtLens/index.php' and expected text 'http://localhost/SAD/ArtLens/admin.php' are not matched
	at com.kms.katalon.core.keyword.builtin.VerifyMatchKeyword$_verifyMatch_closure1.doCall(VerifyMatchKeyword.groovy:57)
	at com.kms.katalon.core.keyword.builtin.VerifyMatchKeyword$_verifyMatch_closure1.call(VerifyMatchKeyword.groovy)
	at com.kms.katalon.core.keyword.internal.KeywordMain.runKeyword(KeywordMain.groovy:75)
	at com.kms.katalon.core.keyword.builtin.VerifyMatchKeyword.verifyMatch(VerifyMatchKeyword.groovy:60)
	at com.kms.katalon.core.keyword.builtin.VerifyMatchKeyword.execute(VerifyMatchKeyword.groovy:45)
	at com.kms.katalon.core.keyword.internal.KeywordExecutor.executeKeywordForPlatform(KeywordExecutor.groovy:74)
	at com.kms.katalon.core.keyword.BuiltinKeywords.verifyMatch(BuiltinKeywords.groovy:60)
	at java.base/jdk.internal.reflect.NativeMethodAccessorImpl.invoke0(Native Method)
	at java.base/jdk.internal.reflect.NativeMethodAccessorImpl.invoke(NativeMethodAccessorImpl.java:77)
	at java.base/jdk.internal.reflect.DelegatingMethodAccessorImpl.invoke(DelegatingMethodAccessorImpl.java:43)
	at com.artlens.utils.AdminUtils.verifyPageAccessLoggedOut(AdminUtils.groovy:112)
	at page_accessible_logged_out.run(page_accessible_logged_out:24)
	at com.kms.katalon.core.main.ScriptEngine.run(ScriptEngine.java:194)
	at com.kms.katalon.core.main.ScriptEngine.runScriptAsRawText(ScriptEngine.java:119)
	at com.kms.katalon.core.main.TestCaseExecutor.runScript(TestCaseExecutor.java:448)
	at com.kms.katalon.core.main.TestCaseExecutor.doExecute(TestCaseExecutor.java:439)
	at com.kms.katalon.core.main.TestCaseExecutor.processExecutionPhase(TestCaseExecutor.java:418)
	at com.kms.katalon.core.main.TestCaseExecutor.accessMainPhase(TestCaseExecutor.java:410)
	at com.kms.katalon.core.main.TestCaseExecutor.execute(TestCaseExecutor.java:285)
	at com.kms.katalon.core.common.CommonExecutor.accessTestCaseMainPhase(CommonExecutor.java:65)
	at com.kms.katalon.core.main.TestSuiteExecutor.accessTestSuiteMainPhase(TestSuiteExecutor.java:150)
	at com.kms.katalon.core.main.TestSuiteExecutor.execute(TestSuiteExecutor.java:106)
	at com.kms.katalon.core.main.TestCaseMain.startTestSuite(TestCaseMain.java:180)
	at TempTestSuite1719146468525.run(TempTestSuite1719146468525.groovy:35)
	at java.base/jdk.internal.reflect.NativeMethodAccessorImpl.invoke0(Native Method)
	at java.base/jdk.internal.reflect.NativeMethodAccessorImpl.invoke(NativeMethodAccessorImpl.java:77)
	at java.base/jdk.internal.reflect.DelegatingMethodAccessorImpl.invoke(DelegatingMethodAccessorImpl.java:43)
)

23-06-2024T20:43:36 - [MESSAGE][INFO] - HAR: C:\DevPackage\xampp\htdocs\SAD\ArtLens\Reports\20240623_204104\Test_Admin_Pages_Authentication\20240623_204108\requests\main\8.har

23-06-2024T20:43:36 - [MESSAGE][PASSED] - Send request successfully

23-06-2024T20:43:36 - [MESSAGE][PASSED] - All links are accessible

23-06-2024T20:43:40 - [MESSAGE][PASSED] - Navigate to 'http://localhost/SAD/ArtLens/adminindex.php' successfully

23-06-2024T20:43:40 - [MESSAGE][PASSED] - Current window's url is: 'http://localhost/SAD/ArtLens/index.php'

23-06-2024T20:43:40 - [MESSAGE][INFO] - HAR: C:\DevPackage\xampp\htdocs\SAD\ArtLens\Reports\20240623_204104\Test_Admin_Pages_Authentication\20240623_204108\requests\main\9.har

23-06-2024T20:43:40 - [MESSAGE][PASSED] - Send request successfully

23-06-2024T20:43:40 - [MESSAGE][PASSED] - All links are accessible

23-06-2024T20:43:40 - [MESSAGE][PASSED] - Actual text 'http://localhost/SAD/ArtLens/index.php' and expected text 'http://localhost/SAD/ArtLens/adminindex.php' are not matched 

23-06-2024T20:43:40 - [MESSAGE][FAILED] - Unable to verify match between actual text 'http://localhost/SAD/ArtLens/index.php' and expected text 'http://localhost/SAD/ArtLens/admin.php' (Root cause: com.kms.katalon.core.exception.StepFailedException: Actual text 'http://localhost/SAD/ArtLens/index.php' and expected text 'http://localhost/SAD/ArtLens/admin.php' are not matched
	at com.kms.katalon.core.keyword.builtin.VerifyMatchKeyword$_verifyMatch_closure1.doCall(VerifyMatchKeyword.groovy:57)
	at com.kms.katalon.core.keyword.builtin.VerifyMatchKeyword$_verifyMatch_closure1.call(VerifyMatchKeyword.groovy)
	at com.kms.katalon.core.keyword.internal.KeywordMain.runKeyword(KeywordMain.groovy:75)
	at com.kms.katalon.core.keyword.builtin.VerifyMatchKeyword.verifyMatch(VerifyMatchKeyword.groovy:60)
	at com.kms.katalon.core.keyword.builtin.VerifyMatchKeyword.execute(VerifyMatchKeyword.groovy:45)
	at com.kms.katalon.core.keyword.internal.KeywordExecutor.executeKeywordForPlatform(KeywordExecutor.groovy:74)
	at com.kms.katalon.core.keyword.BuiltinKeywords.verifyMatch(BuiltinKeywords.groovy:60)
	at java.base/jdk.internal.reflect.NativeMethodAccessorImpl.invoke0(Native Method)
	at java.base/jdk.internal.reflect.NativeMethodAccessorImpl.invoke(NativeMethodAccessorImpl.java:77)
	at java.base/jdk.internal.reflect.DelegatingMethodAccessorImpl.invoke(DelegatingMethodAccessorImpl.java:43)
	at com.artlens.utils.AdminUtils.verifyPageAccessLoggedOut(AdminUtils.groovy:112)
	at page_accessible_logged_out.run(page_accessible_logged_out:24)
	at com.kms.katalon.core.main.ScriptEngine.run(ScriptEngine.java:194)
	at com.kms.katalon.core.main.ScriptEngine.runScriptAsRawText(ScriptEngine.java:119)
	at com.kms.katalon.core.main.TestCaseExecutor.runScript(TestCaseExecutor.java:448)
	at com.kms.katalon.core.main.TestCaseExecutor.doExecute(TestCaseExecutor.java:439)
	at com.kms.katalon.core.main.TestCaseExecutor.processExecutionPhase(TestCaseExecutor.java:418)
	at com.kms.katalon.core.main.TestCaseExecutor.accessMainPhase(TestCaseExecutor.java:410)
	at com.kms.katalon.core.main.TestCaseExecutor.execute(TestCaseExecutor.java:285)
	at com.kms.katalon.core.common.CommonExecutor.accessTestCaseMainPhase(CommonExecutor.java:65)
	at com.kms.katalon.core.main.TestSuiteExecutor.accessTestSuiteMainPhase(TestSuiteExecutor.java:150)
	at com.kms.katalon.core.main.TestSuiteExecutor.execute(TestSuiteExecutor.java:106)
	at com.kms.katalon.core.main.TestCaseMain.startTestSuite(TestCaseMain.java:180)
	at TempTestSuite1719146468525.run(TempTestSuite1719146468525.groovy:35)
	at java.base/jdk.internal.reflect.NativeMethodAccessorImpl.invoke0(Native Method)
	at java.base/jdk.internal.reflect.NativeMethodAccessorImpl.invoke(NativeMethodAccessorImpl.java:77)
	at java.base/jdk.internal.reflect.DelegatingMethodAccessorImpl.invoke(DelegatingMethodAccessorImpl.java:43)
)

23-06-2024T20:43:40 - [TEST_STEP][PASSED] - Start listener action : sampleAfterTestCase: null]]></system-out>
         <system-err><![CDATA[23-06-2024T20:43:23 - [TEST_CASE][FAILED] - Test Cases/admin/dashboard/page_accessible_logged_out: Test Cases/admin/dashboard/page_accessible_logged_out FAILED.
Reason:
com.kms.katalon.core.exception.StepFailedException: Unable to verify match between actual text 'http://localhost/SAD/ArtLens/index.php' and expected text 'http://localhost/SAD/ArtLens/admin.php' (Root cause: com.kms.katalon.core.exception.StepFailedException: Actual text 'http://localhost/SAD/ArtLens/index.php' and expected text 'http://localhost/SAD/ArtLens/admin.php' are not matched
	at com.kms.katalon.core.keyword.builtin.VerifyMatchKeyword$_verifyMatch_closure1.doCall(VerifyMatchKeyword.groovy:57)
	at com.kms.katalon.core.keyword.builtin.VerifyMatchKeyword$_verifyMatch_closure1.call(VerifyMatchKeyword.groovy)
	at com.kms.katalon.core.keyword.internal.KeywordMain.runKeyword(KeywordMain.groovy:75)
	at com.kms.katalon.core.keyword.builtin.VerifyMatchKeyword.verifyMatch(VerifyMatchKeyword.groovy:60)
	at com.kms.katalon.core.keyword.builtin.VerifyMatchKeyword.execute(VerifyMatchKeyword.groovy:45)
	at com.kms.katalon.core.keyword.internal.KeywordExecutor.executeKeywordForPlatform(KeywordExecutor.groovy:74)
	at com.kms.katalon.core.keyword.BuiltinKeywords.verifyMatch(BuiltinKeywords.groovy:60)
	at java.base/jdk.internal.reflect.NativeMethodAccessorImpl.invoke0(Native Method)
	at java.base/jdk.internal.reflect.NativeMethodAccessorImpl.invoke(NativeMethodAccessorImpl.java:77)
	at java.base/jdk.internal.reflect.DelegatingMethodAccessorImpl.invoke(DelegatingMethodAccessorImpl.java:43)
	at com.artlens.utils.AdminUtils.verifyPageAccessLoggedOut(AdminUtils.groovy:112)
	at page_accessible_logged_out.run(page_accessible_logged_out:24)
	at com.kms.katalon.core.main.ScriptEngine.run(ScriptEngine.java:194)
	at com.kms.katalon.core.main.ScriptEngine.runScriptAsRawText(ScriptEngine.java:119)
	at com.kms.katalon.core.main.TestCaseExecutor.runScript(TestCaseExecutor.java:448)
	at com.kms.katalon.core.main.TestCaseExecutor.doExecute(TestCaseExecutor.java:439)
	at com.kms.katalon.core.main.TestCaseExecutor.processExecutionPhase(TestCaseExecutor.java:418)
	at com.kms.katalon.core.main.TestCaseExecutor.accessMainPhase(TestCaseExecutor.java:410)
	at com.kms.katalon.core.main.TestCaseExecutor.execute(TestCaseExecutor.java:285)
	at com.kms.katalon.core.common.CommonExecutor.accessTestCaseMainPhase(CommonExecutor.java:65)
	at com.kms.katalon.core.main.TestSuiteExecutor.accessTestSuiteMainPhase(TestSuiteExecutor.java:150)
	at com.kms.katalon.core.main.TestSuiteExecutor.execute(TestSuiteExecutor.java:106)
	at com.kms.katalon.core.main.TestCaseMain.startTestSuite(TestCaseMain.java:180)
	at TempTestSuite1719146468525.run(TempTestSuite1719146468525.groovy:35)
	at java.base/jdk.internal.reflect.NativeMethodAccessorImpl.invoke0(Native Method)
	at java.base/jdk.internal.reflect.NativeMethodAccessorImpl.invoke(NativeMethodAccessorImpl.java:77)
	at java.base/jdk.internal.reflect.DelegatingMethodAccessorImpl.invoke(DelegatingMethodAccessorImpl.java:43)
)
	at com.kms.katalon.core.keyword.internal.KeywordMain.stepFailed(KeywordMain.groovy:39)
	at com.kms.katalon.core.keyword.internal.KeywordMain.stepFailed(KeywordMain.groovy)
	at com.kms.katalon.core.keyword.internal.KeywordMain.runKeyword(KeywordMain.groovy:77)
	at com.kms.katalon.core.keyword.builtin.VerifyMatchKeyword.verifyMatch(VerifyMatchKeyword.groovy:60)
	at com.kms.katalon.core.keyword.builtin.VerifyMatchKeyword.execute(VerifyMatchKeyword.groovy:45)
	at com.kms.katalon.core.keyword.internal.KeywordExecutor.executeKeywordForPlatform(KeywordExecutor.groovy:74)
	at com.kms.katalon.core.keyword.BuiltinKeywords.verifyMatch(BuiltinKeywords.groovy:60)
	at java.base/jdk.internal.reflect.NativeMethodAccessorImpl.invoke0(Native Method)
	at java.base/jdk.internal.reflect.NativeMethodAccessorImpl.invoke(NativeMethodAccessorImpl.java:77)
	at java.base/jdk.internal.reflect.DelegatingMethodAccessorImpl.invoke(DelegatingMethodAccessorImpl.java:43)
	at com.artlens.utils.AdminUtils.verifyPageAccessLoggedOut(AdminUtils.groovy:112)
	at page_accessible_logged_out.run(page_accessible_logged_out:24)
	at com.kms.katalon.core.main.ScriptEngine.run(ScriptEngine.java:194)
	at com.kms.katalon.core.main.ScriptEngine.runScriptAsRawText(ScriptEngine.java:119)
	at com.kms.katalon.core.main.TestCaseExecutor.runScript(TestCaseExecutor.java:448)
	at com.kms.katalon.core.main.TestCaseExecutor.doExecute(TestCaseExecutor.java:439)
	at com.kms.katalon.core.main.TestCaseExecutor.processExecutionPhase(TestCaseExecutor.java:418)
	at com.kms.katalon.core.main.TestCaseExecutor.accessMainPhase(TestCaseExecutor.java:410)
	at com.kms.katalon.core.main.TestCaseExecutor.execute(TestCaseExecutor.java:285)
	at com.kms.katalon.core.common.CommonExecutor.accessTestCaseMainPhase(CommonExecutor.java:65)
	at com.kms.katalon.core.main.TestSuiteExecutor.accessTestSuiteMainPhase(TestSuiteExecutor.java:150)
	at com.kms.katalon.core.main.TestSuiteExecutor.execute(TestSuiteExecutor.java:106)
	at com.kms.katalon.core.main.TestCaseMain.startTestSuite(TestCaseMain.java:180)
	at TempTestSuite1719146468525.run(TempTestSuite1719146468525.groovy:35)
	at java.base/jdk.internal.reflect.NativeMethodAccessorImpl.invoke0(Native Method)
	at java.base/jdk.internal.reflect.NativeMethodAccessorImpl.invoke(NativeMethodAccessorImpl.java:77)
	at java.base/jdk.internal.reflect.DelegatingMethodAccessorImpl.invoke(DelegatingMethodAccessorImpl.java:43)
Caused by: com.kms.katalon.core.exception.StepFailedException: Actual text 'http://localhost/SAD/ArtLens/index.php' and expected text 'http://localhost/SAD/ArtLens/admin.php' are not matched
	at com.kms.katalon.core.keyword.builtin.VerifyMatchKeyword$_verifyMatch_closure1.doCall(VerifyMatchKeyword.groovy:57)
	at com.kms.katalon.core.keyword.builtin.VerifyMatchKeyword$_verifyMatch_closure1.call(VerifyMatchKeyword.groovy)
	at com.kms.katalon.core.keyword.internal.KeywordMain.runKeyword(KeywordMain.groovy:75)
	... 24 more]]></system-err>
      </testcase>
      <testcase name="Test Cases/admin/quiz_management/page_accessible_logged_out" time="13.773" classname="Test Cases/admin/quiz_management/page_accessible_logged_out" status="FAILED">
         <failure type="FAILED" message="Test Cases/admin/quiz_management/page_accessible_logged_out FAILED.&#xa;Reason:&#xa;com.kms.katalon.core.exception.StepFailedException: Unable to verify match between actual text 'http://localhost/SAD/ArtLens/index.php' and expected text 'http://localhost/SAD/ArtLens/admin.php' (Root cause: com.kms.katalon.core.exception.StepFailedException: Actual text 'http://localhost/SAD/ArtLens/index.php' and expected text 'http://localhost/SAD/ArtLens/admin.php' are not matched&#xa;	at com.kms.katalon.core.keyword.builtin.VerifyMatchKeyword$_verifyMatch_closure1.doCall(VerifyMatchKeyword.groovy:57)&#xa;	at com.kms.katalon.core.keyword.builtin.VerifyMatchKeyword$_verifyMatch_closure1.call(VerifyMatchKeyword.groovy)&#xa;	at com.kms.katalon.core.keyword.internal.KeywordMain.runKeyword(KeywordMain.groovy:75)&#xa;	at com.kms.katalon.core.keyword.builtin.VerifyMatchKeyword.verifyMatch(VerifyMatchKeyword.groovy:60)&#xa;	at com.kms.katalon.core.keyword.builtin.VerifyMatchKeyword.execute(VerifyMatchKeyword.groovy:45)&#xa;	at com.kms.katalon.core.keyword.internal.KeywordExecutor.executeKeywordForPlatform(KeywordExecutor.groovy:74)&#xa;	at com.kms.katalon.core.keyword.BuiltinKeywords.verifyMatch(BuiltinKeywords.groovy:60)&#xa;	at java.base/jdk.internal.reflect.NativeMethodAccessorImpl.invoke0(Native Method)&#xa;	at java.base/jdk.internal.reflect.NativeMethodAccessorImpl.invoke(NativeMethodAccessorImpl.java:77)&#xa;	at java.base/jdk.internal.reflect.DelegatingMethodAccessorImpl.invoke(DelegatingMethodAccessorImpl.java:43)&#xa;	at com.artlens.utils.AdminUtils.verifyPageAccessLoggedOut(AdminUtils.groovy:112)&#xa;	at page_accessible_logged_out.run(page_accessible_logged_out:24)&#xa;	at com.kms.katalon.core.main.ScriptEngine.run(ScriptEngine.java:194)&#xa;	at com.kms.katalon.core.main.ScriptEngine.runScriptAsRawText(ScriptEngine.java:119)&#xa;	at com.kms.katalon.core.main.TestCaseExecutor.runScript(TestCaseExecutor.java:448)&#xa;	at com.kms.katalon.core.main.TestCaseExecutor.doExecute(TestCaseExecutor.java:439)&#xa;	at com.kms.katalon.core.main.TestCaseExecutor.processExecutionPhase(TestCaseExecutor.java:418)&#xa;	at com.kms.katalon.core.main.TestCaseExecutor.accessMainPhase(TestCaseExecutor.java:410)&#xa;	at com.kms.katalon.core.main.TestCaseExecutor.execute(TestCaseExecutor.java:285)&#xa;	at com.kms.katalon.core.common.CommonExecutor.accessTestCaseMainPhase(CommonExecutor.java:65)&#xa;	at com.kms.katalon.core.main.TestSuiteExecutor.accessTestSuiteMainPhase(TestSuiteExecutor.java:150)&#xa;	at com.kms.katalon.core.main.TestSuiteExecutor.execute(TestSuiteExecutor.java:106)&#xa;	at com.kms.katalon.core.main.TestCaseMain.startTestSuite(TestCaseMain.java:180)&#xa;	at TempTestSuite1719146468525.run(TempTestSuite1719146468525.groovy:35)&#xa;	at java.base/jdk.internal.reflect.NativeMethodAccessorImpl.invoke0(Native Method)&#xa;	at java.base/jdk.internal.reflect.NativeMethodAccessorImpl.invoke(NativeMethodAccessorImpl.java:77)&#xa;	at java.base/jdk.internal.reflect.DelegatingMethodAccessorImpl.invoke(DelegatingMethodAccessorImpl.java:43)&#xa;)&#xa;	at com.kms.katalon.core.keyword.internal.KeywordMain.stepFailed(KeywordMain.groovy:39)&#xa;	at com.kms.katalon.core.keyword.internal.KeywordMain.stepFailed(KeywordMain.groovy)&#xa;	at com.kms.katalon.core.keyword.internal.KeywordMain.runKeyword(KeywordMain.groovy:77)&#xa;	at com.kms.katalon.core.keyword.builtin.VerifyMatchKeyword.verifyMatch(VerifyMatchKeyword.groovy:60)&#xa;	at com.kms.katalon.core.keyword.builtin.VerifyMatchKeyword.execute(VerifyMatchKeyword.groovy:45)&#xa;	at com.kms.katalon.core.keyword.internal.KeywordExecutor.executeKeywordForPlatform(KeywordExecutor.groovy:74)&#xa;	at com.kms.katalon.core.keyword.BuiltinKeywords.verifyMatch(BuiltinKeywords.groovy:60)&#xa;	at java.base/jdk.internal.reflect.NativeMethodAccessorImpl.invoke0(Native Method)&#xa;	at java.base/jdk.internal.reflect.NativeMethodAccessorImpl.invoke(NativeMethodAccessorImpl.java:77)&#xa;	at java.base/jdk.internal.reflect.DelegatingMethodAccessorImpl.invoke(DelegatingMethodAccessorImpl.java:43)&#xa;	at com.artlens.utils.AdminUtils.verifyPageAccessLoggedOut(AdminUtils.groovy:112)&#xa;	at page_accessible_logged_out.run(page_accessible_logged_out:24)&#xa;	at com.kms.katalon.core.main.ScriptEngine.run(ScriptEngine.java:194)&#xa;	at com.kms.katalon.core.main.ScriptEngine.runScriptAsRawText(ScriptEngine.java:119)&#xa;	at com.kms.katalon.core.main.TestCaseExecutor.runScript(TestCaseExecutor.java:448)&#xa;	at com.kms.katalon.core.main.TestCaseExecutor.doExecute(TestCaseExecutor.java:439)&#xa;	at com.kms.katalon.core.main.TestCaseExecutor.processExecutionPhase(TestCaseExecutor.java:418)&#xa;	at com.kms.katalon.core.main.TestCaseExecutor.accessMainPhase(TestCaseExecutor.java:410)&#xa;	at com.kms.katalon.core.main.TestCaseExecutor.execute(TestCaseExecutor.java:285)&#xa;	at com.kms.katalon.core.common.CommonExecutor.accessTestCaseMainPhase(CommonExecutor.java:65)&#xa;	at com.kms.katalon.core.main.TestSuiteExecutor.accessTestSuiteMainPhase(TestSuiteExecutor.java:150)&#xa;	at com.kms.katalon.core.main.TestSuiteExecutor.execute(TestSuiteExecutor.java:106)&#xa;	at com.kms.katalon.core.main.TestCaseMain.startTestSuite(TestCaseMain.java:180)&#xa;	at TempTestSuite1719146468525.run(TempTestSuite1719146468525.groovy:35)&#xa;	at java.base/jdk.internal.reflect.NativeMethodAccessorImpl.invoke0(Native Method)&#xa;	at java.base/jdk.internal.reflect.NativeMethodAccessorImpl.invoke(NativeMethodAccessorImpl.java:77)&#xa;	at java.base/jdk.internal.reflect.DelegatingMethodAccessorImpl.invoke(DelegatingMethodAccessorImpl.java:43)&#xa;Caused by: com.kms.katalon.core.exception.StepFailedException: Actual text 'http://localhost/SAD/ArtLens/index.php' and expected text 'http://localhost/SAD/ArtLens/admin.php' are not matched&#xa;	at com.kms.katalon.core.keyword.builtin.VerifyMatchKeyword$_verifyMatch_closure1.doCall(VerifyMatchKeyword.groovy:57)&#xa;	at com.kms.katalon.core.keyword.builtin.VerifyMatchKeyword$_verifyMatch_closure1.call(VerifyMatchKeyword.groovy)&#xa;	at com.kms.katalon.core.keyword.internal.KeywordMain.runKeyword(KeywordMain.groovy:75)&#xa;	... 24 more&#xa;"/>
         <system-out><![CDATA[23-06-2024T20:43:40 - [TEST_CASE][FAILED] - Test Cases/admin/quiz_management/page_accessible_logged_out: Test Cases/admin/quiz_management/page_accessible_logged_out FAILED.
Reason:
com.kms.katalon.core.exception.StepFailedException: Unable to verify match between actual text 'http://localhost/SAD/ArtLens/index.php' and expected text 'http://localhost/SAD/ArtLens/admin.php' (Root cause: com.kms.katalon.core.exception.StepFailedException: Actual text 'http://localhost/SAD/ArtLens/index.php' and expected text 'http://localhost/SAD/ArtLens/admin.php' are not matched
	at com.kms.katalon.core.keyword.builtin.VerifyMatchKeyword$_verifyMatch_closure1.doCall(VerifyMatchKeyword.groovy:57)
	at com.kms.katalon.core.keyword.builtin.VerifyMatchKeyword$_verifyMatch_closure1.call(VerifyMatchKeyword.groovy)
	at com.kms.katalon.core.keyword.internal.KeywordMain.runKeyword(KeywordMain.groovy:75)
	at com.kms.katalon.core.keyword.builtin.VerifyMatchKeyword.verifyMatch(VerifyMatchKeyword.groovy:60)
	at com.kms.katalon.core.keyword.builtin.VerifyMatchKeyword.execute(VerifyMatchKeyword.groovy:45)
	at com.kms.katalon.core.keyword.internal.KeywordExecutor.executeKeywordForPlatform(KeywordExecutor.groovy:74)
	at com.kms.katalon.core.keyword.BuiltinKeywords.verifyMatch(BuiltinKeywords.groovy:60)
	at java.base/jdk.internal.reflect.NativeMethodAccessorImpl.invoke0(Native Method)
	at java.base/jdk.internal.reflect.NativeMethodAccessorImpl.invoke(NativeMethodAccessorImpl.java:77)
	at java.base/jdk.internal.reflect.DelegatingMethodAccessorImpl.invoke(DelegatingMethodAccessorImpl.java:43)
	at com.artlens.utils.AdminUtils.verifyPageAccessLoggedOut(AdminUtils.groovy:112)
	at page_accessible_logged_out.run(page_accessible_logged_out:24)
	at com.kms.katalon.core.main.ScriptEngine.run(ScriptEngine.java:194)
	at com.kms.katalon.core.main.ScriptEngine.runScriptAsRawText(ScriptEngine.java:119)
	at com.kms.katalon.core.main.TestCaseExecutor.runScript(TestCaseExecutor.java:448)
	at com.kms.katalon.core.main.TestCaseExecutor.doExecute(TestCaseExecutor.java:439)
	at com.kms.katalon.core.main.TestCaseExecutor.processExecutionPhase(TestCaseExecutor.java:418)
	at com.kms.katalon.core.main.TestCaseExecutor.accessMainPhase(TestCaseExecutor.java:410)
	at com.kms.katalon.core.main.TestCaseExecutor.execute(TestCaseExecutor.java:285)
	at com.kms.katalon.core.common.CommonExecutor.accessTestCaseMainPhase(CommonExecutor.java:65)
	at com.kms.katalon.core.main.TestSuiteExecutor.accessTestSuiteMainPhase(TestSuiteExecutor.java:150)
	at com.kms.katalon.core.main.TestSuiteExecutor.execute(TestSuiteExecutor.java:106)
	at com.kms.katalon.core.main.TestCaseMain.startTestSuite(TestCaseMain.java:180)
	at TempTestSuite1719146468525.run(TempTestSuite1719146468525.groovy:35)
	at java.base/jdk.internal.reflect.NativeMethodAccessorImpl.invoke0(Native Method)
	at java.base/jdk.internal.reflect.NativeMethodAccessorImpl.invoke(NativeMethodAccessorImpl.java:77)
	at java.base/jdk.internal.reflect.DelegatingMethodAccessorImpl.invoke(DelegatingMethodAccessorImpl.java:43)
)
	at com.kms.katalon.core.keyword.internal.KeywordMain.stepFailed(KeywordMain.groovy:39)
	at com.kms.katalon.core.keyword.internal.KeywordMain.stepFailed(KeywordMain.groovy)
	at com.kms.katalon.core.keyword.internal.KeywordMain.runKeyword(KeywordMain.groovy:77)
	at com.kms.katalon.core.keyword.builtin.VerifyMatchKeyword.verifyMatch(VerifyMatchKeyword.groovy:60)
	at com.kms.katalon.core.keyword.builtin.VerifyMatchKeyword.execute(VerifyMatchKeyword.groovy:45)
	at com.kms.katalon.core.keyword.internal.KeywordExecutor.executeKeywordForPlatform(KeywordExecutor.groovy:74)
	at com.kms.katalon.core.keyword.BuiltinKeywords.verifyMatch(BuiltinKeywords.groovy:60)
	at java.base/jdk.internal.reflect.NativeMethodAccessorImpl.invoke0(Native Method)
	at java.base/jdk.internal.reflect.NativeMethodAccessorImpl.invoke(NativeMethodAccessorImpl.java:77)
	at java.base/jdk.internal.reflect.DelegatingMethodAccessorImpl.invoke(DelegatingMethodAccessorImpl.java:43)
	at com.artlens.utils.AdminUtils.verifyPageAccessLoggedOut(AdminUtils.groovy:112)
	at page_accessible_logged_out.run(page_accessible_logged_out:24)
	at com.kms.katalon.core.main.ScriptEngine.run(ScriptEngine.java:194)
	at com.kms.katalon.core.main.ScriptEngine.runScriptAsRawText(ScriptEngine.java:119)
	at com.kms.katalon.core.main.TestCaseExecutor.runScript(TestCaseExecutor.java:448)
	at com.kms.katalon.core.main.TestCaseExecutor.doExecute(TestCaseExecutor.java:439)
	at com.kms.katalon.core.main.TestCaseExecutor.processExecutionPhase(TestCaseExecutor.java:418)
	at com.kms.katalon.core.main.TestCaseExecutor.accessMainPhase(TestCaseExecutor.java:410)
	at com.kms.katalon.core.main.TestCaseExecutor.execute(TestCaseExecutor.java:285)
	at com.kms.katalon.core.common.CommonExecutor.accessTestCaseMainPhase(CommonExecutor.java:65)
	at com.kms.katalon.core.main.TestSuiteExecutor.accessTestSuiteMainPhase(TestSuiteExecutor.java:150)
	at com.kms.katalon.core.main.TestSuiteExecutor.execute(TestSuiteExecutor.java:106)
	at com.kms.katalon.core.main.TestCaseMain.startTestSuite(TestCaseMain.java:180)
	at TempTestSuite1719146468525.run(TempTestSuite1719146468525.groovy:35)
	at java.base/jdk.internal.reflect.NativeMethodAccessorImpl.invoke0(Native Method)
	at java.base/jdk.internal.reflect.NativeMethodAccessorImpl.invoke(NativeMethodAccessorImpl.java:77)
	at java.base/jdk.internal.reflect.DelegatingMethodAccessorImpl.invoke(DelegatingMethodAccessorImpl.java:43)
Caused by: com.kms.katalon.core.exception.StepFailedException: Actual text 'http://localhost/SAD/ArtLens/index.php' and expected text 'http://localhost/SAD/ArtLens/admin.php' are not matched
	at com.kms.katalon.core.keyword.builtin.VerifyMatchKeyword$_verifyMatch_closure1.doCall(VerifyMatchKeyword.groovy:57)
	at com.kms.katalon.core.keyword.builtin.VerifyMatchKeyword$_verifyMatch_closure1.call(VerifyMatchKeyword.groovy)
	at com.kms.katalon.core.keyword.internal.KeywordMain.runKeyword(KeywordMain.groovy:75)
	... 24 more


23-06-2024T20:43:40 - [TEST_STEP][PASSED] - Start listener action : sampleBeforeTestCase: Browser is opened with url: ''

23-06-2024T20:43:40 - [TEST_STEP][PASSED] - println(testCaseContext.getTestCaseId()): null

23-06-2024T20:43:40 - [TEST_STEP][PASSED] - openBrowser(""): Browser is opened with url: ''

23-06-2024T20:43:40 - [MESSAGE][WARNING] - A browser is already opened. Closing browser and opening a new one

23-06-2024T20:43:43 - [MESSAGE][INFO] - Starting 'Firefox (headless)' driver

23-06-2024T20:43:43 - [MESSAGE][INFO] - Action delay is set to 0 milliseconds

23-06-2024T20:43:50 - [MESSAGE][PASSED] - Browser is opened with url: ''

23-06-2024T20:43:51 - [TEST_STEP][FAILED] - try: Unable to verify match between actual text 'http://localhost/SAD/ArtLens/index.php' and expected text 'http://localhost/SAD/ArtLens/admin.php' (Root cause: com.kms.katalon.core.exception.StepFailedException: Actual text 'http://localhost/SAD/ArtLens/index.php' and expected text 'http://localhost/SAD/ArtLens/admin.php' are not matched
	at com.kms.katalon.core.keyword.builtin.VerifyMatchKeyword$_verifyMatch_closure1.doCall(VerifyMatchKeyword.groovy:57)
	at com.kms.katalon.core.keyword.builtin.VerifyMatchKeyword$_verifyMatch_closure1.call(VerifyMatchKeyword.groovy)
	at com.kms.katalon.core.keyword.internal.KeywordMain.runKeyword(KeywordMain.groovy:75)
	at com.kms.katalon.core.keyword.builtin.VerifyMatchKeyword.verifyMatch(VerifyMatchKeyword.groovy:60)
	at com.kms.katalon.core.keyword.builtin.VerifyMatchKeyword.execute(VerifyMatchKeyword.groovy:45)
	at com.kms.katalon.core.keyword.internal.KeywordExecutor.executeKeywordForPlatform(KeywordExecutor.groovy:74)
	at com.kms.katalon.core.keyword.BuiltinKeywords.verifyMatch(BuiltinKeywords.groovy:60)
	at java.base/jdk.internal.reflect.NativeMethodAccessorImpl.invoke0(Native Method)
	at java.base/jdk.internal.reflect.NativeMethodAccessorImpl.invoke(NativeMethodAccessorImpl.java:77)
	at java.base/jdk.internal.reflect.DelegatingMethodAccessorImpl.invoke(DelegatingMethodAccessorImpl.java:43)
	at com.artlens.utils.AdminUtils.verifyPageAccessLoggedOut(AdminUtils.groovy:112)
	at page_accessible_logged_out.run(page_accessible_logged_out:24)
	at com.kms.katalon.core.main.ScriptEngine.run(ScriptEngine.java:194)
	at com.kms.katalon.core.main.ScriptEngine.runScriptAsRawText(ScriptEngine.java:119)
	at com.kms.katalon.core.main.TestCaseExecutor.runScript(TestCaseExecutor.java:448)
	at com.kms.katalon.core.main.TestCaseExecutor.doExecute(TestCaseExecutor.java:439)
	at com.kms.katalon.core.main.TestCaseExecutor.processExecutionPhase(TestCaseExecutor.java:418)
	at com.kms.katalon.core.main.TestCaseExecutor.accessMainPhase(TestCaseExecutor.java:410)
	at com.kms.katalon.core.main.TestCaseExecutor.execute(TestCaseExecutor.java:285)
	at com.kms.katalon.core.common.CommonExecutor.accessTestCaseMainPhase(CommonExecutor.java:65)
	at com.kms.katalon.core.main.TestSuiteExecutor.accessTestSuiteMainPhase(TestSuiteExecutor.java:150)
	at com.kms.katalon.core.main.TestSuiteExecutor.execute(TestSuiteExecutor.java:106)
	at com.kms.katalon.core.main.TestCaseMain.startTestSuite(TestCaseMain.java:180)
	at TempTestSuite1719146468525.run(TempTestSuite1719146468525.groovy:35)
	at java.base/jdk.internal.reflect.NativeMethodAccessorImpl.invoke0(Native Method)
	at java.base/jdk.internal.reflect.NativeMethodAccessorImpl.invoke(NativeMethodAccessorImpl.java:77)
	at java.base/jdk.internal.reflect.DelegatingMethodAccessorImpl.invoke(DelegatingMethodAccessorImpl.java:43)
)

23-06-2024T20:43:51 - [TEST_STEP][FAILED] - AdminUtils.verifyPageAccessLoggedOut("adminquiz.php"): Unable to verify match between actual text 'http://localhost/SAD/ArtLens/index.php' and expected text 'http://localhost/SAD/ArtLens/admin.php' (Root cause: com.kms.katalon.core.exception.StepFailedException: Actual text 'http://localhost/SAD/ArtLens/index.php' and expected text 'http://localhost/SAD/ArtLens/admin.php' are not matched
	at com.kms.katalon.core.keyword.builtin.VerifyMatchKeyword$_verifyMatch_closure1.doCall(VerifyMatchKeyword.groovy:57)
	at com.kms.katalon.core.keyword.builtin.VerifyMatchKeyword$_verifyMatch_closure1.call(VerifyMatchKeyword.groovy)
	at com.kms.katalon.core.keyword.internal.KeywordMain.runKeyword(KeywordMain.groovy:75)
	at com.kms.katalon.core.keyword.builtin.VerifyMatchKeyword.verifyMatch(VerifyMatchKeyword.groovy:60)
	at com.kms.katalon.core.keyword.builtin.VerifyMatchKeyword.execute(VerifyMatchKeyword.groovy:45)
	at com.kms.katalon.core.keyword.internal.KeywordExecutor.executeKeywordForPlatform(KeywordExecutor.groovy:74)
	at com.kms.katalon.core.keyword.BuiltinKeywords.verifyMatch(BuiltinKeywords.groovy:60)
	at java.base/jdk.internal.reflect.NativeMethodAccessorImpl.invoke0(Native Method)
	at java.base/jdk.internal.reflect.NativeMethodAccessorImpl.invoke(NativeMethodAccessorImpl.java:77)
	at java.base/jdk.internal.reflect.DelegatingMethodAccessorImpl.invoke(DelegatingMethodAccessorImpl.java:43)
	at com.artlens.utils.AdminUtils.verifyPageAccessLoggedOut(AdminUtils.groovy:112)
	at page_accessible_logged_out.run(page_accessible_logged_out:24)
	at com.kms.katalon.core.main.ScriptEngine.run(ScriptEngine.java:194)
	at com.kms.katalon.core.main.ScriptEngine.runScriptAsRawText(ScriptEngine.java:119)
	at com.kms.katalon.core.main.TestCaseExecutor.runScript(TestCaseExecutor.java:448)
	at com.kms.katalon.core.main.TestCaseExecutor.doExecute(TestCaseExecutor.java:439)
	at com.kms.katalon.core.main.TestCaseExecutor.processExecutionPhase(TestCaseExecutor.java:418)
	at com.kms.katalon.core.main.TestCaseExecutor.accessMainPhase(TestCaseExecutor.java:410)
	at com.kms.katalon.core.main.TestCaseExecutor.execute(TestCaseExecutor.java:285)
	at com.kms.katalon.core.common.CommonExecutor.accessTestCaseMainPhase(CommonExecutor.java:65)
	at com.kms.katalon.core.main.TestSuiteExecutor.accessTestSuiteMainPhase(TestSuiteExecutor.java:150)
	at com.kms.katalon.core.main.TestSuiteExecutor.execute(TestSuiteExecutor.java:106)
	at com.kms.katalon.core.main.TestCaseMain.startTestSuite(TestCaseMain.java:180)
	at TempTestSuite1719146468525.run(TempTestSuite1719146468525.groovy:35)
	at java.base/jdk.internal.reflect.NativeMethodAccessorImpl.invoke0(Native Method)
	at java.base/jdk.internal.reflect.NativeMethodAccessorImpl.invoke(NativeMethodAccessorImpl.java:77)
	at java.base/jdk.internal.reflect.DelegatingMethodAccessorImpl.invoke(DelegatingMethodAccessorImpl.java:43)
)

23-06-2024T20:43:51 - [MESSAGE][INFO] - HAR: C:\DevPackage\xampp\htdocs\SAD\ArtLens\Reports\20240623_204104\Test_Admin_Pages_Authentication\20240623_204108\requests\main\10.har

23-06-2024T20:43:51 - [MESSAGE][PASSED] - Send request successfully

23-06-2024T20:43:51 - [MESSAGE][PASSED] - All links are accessible

23-06-2024T20:43:53 - [MESSAGE][PASSED] - Navigate to 'http://localhost/SAD/ArtLens/adminquiz.php' successfully

23-06-2024T20:43:53 - [MESSAGE][PASSED] - Current window's url is: 'http://localhost/SAD/ArtLens/index.php'

23-06-2024T20:43:54 - [MESSAGE][INFO] - HAR: C:\DevPackage\xampp\htdocs\SAD\ArtLens\Reports\20240623_204104\Test_Admin_Pages_Authentication\20240623_204108\requests\main\11.har

23-06-2024T20:43:54 - [MESSAGE][PASSED] - Send request successfully

23-06-2024T20:43:54 - [MESSAGE][PASSED] - All links are accessible

23-06-2024T20:43:54 - [MESSAGE][PASSED] - Actual text 'http://localhost/SAD/ArtLens/index.php' and expected text 'http://localhost/SAD/ArtLens/adminquiz.php' are not matched 

23-06-2024T20:43:54 - [MESSAGE][FAILED] - Unable to verify match between actual text 'http://localhost/SAD/ArtLens/index.php' and expected text 'http://localhost/SAD/ArtLens/admin.php' (Root cause: com.kms.katalon.core.exception.StepFailedException: Actual text 'http://localhost/SAD/ArtLens/index.php' and expected text 'http://localhost/SAD/ArtLens/admin.php' are not matched
	at com.kms.katalon.core.keyword.builtin.VerifyMatchKeyword$_verifyMatch_closure1.doCall(VerifyMatchKeyword.groovy:57)
	at com.kms.katalon.core.keyword.builtin.VerifyMatchKeyword$_verifyMatch_closure1.call(VerifyMatchKeyword.groovy)
	at com.kms.katalon.core.keyword.internal.KeywordMain.runKeyword(KeywordMain.groovy:75)
	at com.kms.katalon.core.keyword.builtin.VerifyMatchKeyword.verifyMatch(VerifyMatchKeyword.groovy:60)
	at com.kms.katalon.core.keyword.builtin.VerifyMatchKeyword.execute(VerifyMatchKeyword.groovy:45)
	at com.kms.katalon.core.keyword.internal.KeywordExecutor.executeKeywordForPlatform(KeywordExecutor.groovy:74)
	at com.kms.katalon.core.keyword.BuiltinKeywords.verifyMatch(BuiltinKeywords.groovy:60)
	at java.base/jdk.internal.reflect.NativeMethodAccessorImpl.invoke0(Native Method)
	at java.base/jdk.internal.reflect.NativeMethodAccessorImpl.invoke(NativeMethodAccessorImpl.java:77)
	at java.base/jdk.internal.reflect.DelegatingMethodAccessorImpl.invoke(DelegatingMethodAccessorImpl.java:43)
	at com.artlens.utils.AdminUtils.verifyPageAccessLoggedOut(AdminUtils.groovy:112)
	at page_accessible_logged_out.run(page_accessible_logged_out:24)
	at com.kms.katalon.core.main.ScriptEngine.run(ScriptEngine.java:194)
	at com.kms.katalon.core.main.ScriptEngine.runScriptAsRawText(ScriptEngine.java:119)
	at com.kms.katalon.core.main.TestCaseExecutor.runScript(TestCaseExecutor.java:448)
	at com.kms.katalon.core.main.TestCaseExecutor.doExecute(TestCaseExecutor.java:439)
	at com.kms.katalon.core.main.TestCaseExecutor.processExecutionPhase(TestCaseExecutor.java:418)
	at com.kms.katalon.core.main.TestCaseExecutor.accessMainPhase(TestCaseExecutor.java:410)
	at com.kms.katalon.core.main.TestCaseExecutor.execute(TestCaseExecutor.java:285)
	at com.kms.katalon.core.common.CommonExecutor.accessTestCaseMainPhase(CommonExecutor.java:65)
	at com.kms.katalon.core.main.TestSuiteExecutor.accessTestSuiteMainPhase(TestSuiteExecutor.java:150)
	at com.kms.katalon.core.main.TestSuiteExecutor.execute(TestSuiteExecutor.java:106)
	at com.kms.katalon.core.main.TestCaseMain.startTestSuite(TestCaseMain.java:180)
	at TempTestSuite1719146468525.run(TempTestSuite1719146468525.groovy:35)
	at java.base/jdk.internal.reflect.NativeMethodAccessorImpl.invoke0(Native Method)
	at java.base/jdk.internal.reflect.NativeMethodAccessorImpl.invoke(NativeMethodAccessorImpl.java:77)
	at java.base/jdk.internal.reflect.DelegatingMethodAccessorImpl.invoke(DelegatingMethodAccessorImpl.java:43)
)

23-06-2024T20:43:54 - [TEST_STEP][PASSED] - Start listener action : sampleAfterTestCase: null]]></system-out>
         <system-err><![CDATA[23-06-2024T20:43:40 - [TEST_CASE][FAILED] - Test Cases/admin/quiz_management/page_accessible_logged_out: Test Cases/admin/quiz_management/page_accessible_logged_out FAILED.
Reason:
com.kms.katalon.core.exception.StepFailedException: Unable to verify match between actual text 'http://localhost/SAD/ArtLens/index.php' and expected text 'http://localhost/SAD/ArtLens/admin.php' (Root cause: com.kms.katalon.core.exception.StepFailedException: Actual text 'http://localhost/SAD/ArtLens/index.php' and expected text 'http://localhost/SAD/ArtLens/admin.php' are not matched
	at com.kms.katalon.core.keyword.builtin.VerifyMatchKeyword$_verifyMatch_closure1.doCall(VerifyMatchKeyword.groovy:57)
	at com.kms.katalon.core.keyword.builtin.VerifyMatchKeyword$_verifyMatch_closure1.call(VerifyMatchKeyword.groovy)
	at com.kms.katalon.core.keyword.internal.KeywordMain.runKeyword(KeywordMain.groovy:75)
	at com.kms.katalon.core.keyword.builtin.VerifyMatchKeyword.verifyMatch(VerifyMatchKeyword.groovy:60)
	at com.kms.katalon.core.keyword.builtin.VerifyMatchKeyword.execute(VerifyMatchKeyword.groovy:45)
	at com.kms.katalon.core.keyword.internal.KeywordExecutor.executeKeywordForPlatform(KeywordExecutor.groovy:74)
	at com.kms.katalon.core.keyword.BuiltinKeywords.verifyMatch(BuiltinKeywords.groovy:60)
	at java.base/jdk.internal.reflect.NativeMethodAccessorImpl.invoke0(Native Method)
	at java.base/jdk.internal.reflect.NativeMethodAccessorImpl.invoke(NativeMethodAccessorImpl.java:77)
	at java.base/jdk.internal.reflect.DelegatingMethodAccessorImpl.invoke(DelegatingMethodAccessorImpl.java:43)
	at com.artlens.utils.AdminUtils.verifyPageAccessLoggedOut(AdminUtils.groovy:112)
	at page_accessible_logged_out.run(page_accessible_logged_out:24)
	at com.kms.katalon.core.main.ScriptEngine.run(ScriptEngine.java:194)
	at com.kms.katalon.core.main.ScriptEngine.runScriptAsRawText(ScriptEngine.java:119)
	at com.kms.katalon.core.main.TestCaseExecutor.runScript(TestCaseExecutor.java:448)
	at com.kms.katalon.core.main.TestCaseExecutor.doExecute(TestCaseExecutor.java:439)
	at com.kms.katalon.core.main.TestCaseExecutor.processExecutionPhase(TestCaseExecutor.java:418)
	at com.kms.katalon.core.main.TestCaseExecutor.accessMainPhase(TestCaseExecutor.java:410)
	at com.kms.katalon.core.main.TestCaseExecutor.execute(TestCaseExecutor.java:285)
	at com.kms.katalon.core.common.CommonExecutor.accessTestCaseMainPhase(CommonExecutor.java:65)
	at com.kms.katalon.core.main.TestSuiteExecutor.accessTestSuiteMainPhase(TestSuiteExecutor.java:150)
	at com.kms.katalon.core.main.TestSuiteExecutor.execute(TestSuiteExecutor.java:106)
	at com.kms.katalon.core.main.TestCaseMain.startTestSuite(TestCaseMain.java:180)
	at TempTestSuite1719146468525.run(TempTestSuite1719146468525.groovy:35)
	at java.base/jdk.internal.reflect.NativeMethodAccessorImpl.invoke0(Native Method)
	at java.base/jdk.internal.reflect.NativeMethodAccessorImpl.invoke(NativeMethodAccessorImpl.java:77)
	at java.base/jdk.internal.reflect.DelegatingMethodAccessorImpl.invoke(DelegatingMethodAccessorImpl.java:43)
)
	at com.kms.katalon.core.keyword.internal.KeywordMain.stepFailed(KeywordMain.groovy:39)
	at com.kms.katalon.core.keyword.internal.KeywordMain.stepFailed(KeywordMain.groovy)
	at com.kms.katalon.core.keyword.internal.KeywordMain.runKeyword(KeywordMain.groovy:77)
	at com.kms.katalon.core.keyword.builtin.VerifyMatchKeyword.verifyMatch(VerifyMatchKeyword.groovy:60)
	at com.kms.katalon.core.keyword.builtin.VerifyMatchKeyword.execute(VerifyMatchKeyword.groovy:45)
	at com.kms.katalon.core.keyword.internal.KeywordExecutor.executeKeywordForPlatform(KeywordExecutor.groovy:74)
	at com.kms.katalon.core.keyword.BuiltinKeywords.verifyMatch(BuiltinKeywords.groovy:60)
	at java.base/jdk.internal.reflect.NativeMethodAccessorImpl.invoke0(Native Method)
	at java.base/jdk.internal.reflect.NativeMethodAccessorImpl.invoke(NativeMethodAccessorImpl.java:77)
	at java.base/jdk.internal.reflect.DelegatingMethodAccessorImpl.invoke(DelegatingMethodAccessorImpl.java:43)
	at com.artlens.utils.AdminUtils.verifyPageAccessLoggedOut(AdminUtils.groovy:112)
	at page_accessible_logged_out.run(page_accessible_logged_out:24)
	at com.kms.katalon.core.main.ScriptEngine.run(ScriptEngine.java:194)
	at com.kms.katalon.core.main.ScriptEngine.runScriptAsRawText(ScriptEngine.java:119)
	at com.kms.katalon.core.main.TestCaseExecutor.runScript(TestCaseExecutor.java:448)
	at com.kms.katalon.core.main.TestCaseExecutor.doExecute(TestCaseExecutor.java:439)
	at com.kms.katalon.core.main.TestCaseExecutor.processExecutionPhase(TestCaseExecutor.java:418)
	at com.kms.katalon.core.main.TestCaseExecutor.accessMainPhase(TestCaseExecutor.java:410)
	at com.kms.katalon.core.main.TestCaseExecutor.execute(TestCaseExecutor.java:285)
	at com.kms.katalon.core.common.CommonExecutor.accessTestCaseMainPhase(CommonExecutor.java:65)
	at com.kms.katalon.core.main.TestSuiteExecutor.accessTestSuiteMainPhase(TestSuiteExecutor.java:150)
	at com.kms.katalon.core.main.TestSuiteExecutor.execute(TestSuiteExecutor.java:106)
	at com.kms.katalon.core.main.TestCaseMain.startTestSuite(TestCaseMain.java:180)
	at TempTestSuite1719146468525.run(TempTestSuite1719146468525.groovy:35)
	at java.base/jdk.internal.reflect.NativeMethodAccessorImpl.invoke0(Native Method)
	at java.base/jdk.internal.reflect.NativeMethodAccessorImpl.invoke(NativeMethodAccessorImpl.java:77)
	at java.base/jdk.internal.reflect.DelegatingMethodAccessorImpl.invoke(DelegatingMethodAccessorImpl.java:43)
Caused by: com.kms.katalon.core.exception.StepFailedException: Actual text 'http://localhost/SAD/ArtLens/index.php' and expected text 'http://localhost/SAD/ArtLens/admin.php' are not matched
	at com.kms.katalon.core.keyword.builtin.VerifyMatchKeyword$_verifyMatch_closure1.doCall(VerifyMatchKeyword.groovy:57)
	at com.kms.katalon.core.keyword.builtin.VerifyMatchKeyword$_verifyMatch_closure1.call(VerifyMatchKeyword.groovy)
	at com.kms.katalon.core.keyword.internal.KeywordMain.runKeyword(KeywordMain.groovy:75)
	... 24 more]]></system-err>
      </testcase>
      <testcase name="Test Cases/admin/visitor_log_management/page_accessible_logged_out" time="12.722" classname="Test Cases/admin/visitor_log_management/page_accessible_logged_out" status="FAILED">
         <failure type="FAILED" message="Test Cases/admin/visitor_log_management/page_accessible_logged_out FAILED.&#xa;Reason:&#xa;com.kms.katalon.core.exception.StepFailedException: Unable to verify match between actual text 'http://localhost/SAD/ArtLens/index.php' and expected text 'http://localhost/SAD/ArtLens/admin.php' (Root cause: com.kms.katalon.core.exception.StepFailedException: Actual text 'http://localhost/SAD/ArtLens/index.php' and expected text 'http://localhost/SAD/ArtLens/admin.php' are not matched&#xa;	at com.kms.katalon.core.keyword.builtin.VerifyMatchKeyword$_verifyMatch_closure1.doCall(VerifyMatchKeyword.groovy:57)&#xa;	at com.kms.katalon.core.keyword.builtin.VerifyMatchKeyword$_verifyMatch_closure1.call(VerifyMatchKeyword.groovy)&#xa;	at com.kms.katalon.core.keyword.internal.KeywordMain.runKeyword(KeywordMain.groovy:75)&#xa;	at com.kms.katalon.core.keyword.builtin.VerifyMatchKeyword.verifyMatch(VerifyMatchKeyword.groovy:60)&#xa;	at com.kms.katalon.core.keyword.builtin.VerifyMatchKeyword.execute(VerifyMatchKeyword.groovy:45)&#xa;	at com.kms.katalon.core.keyword.internal.KeywordExecutor.executeKeywordForPlatform(KeywordExecutor.groovy:74)&#xa;	at com.kms.katalon.core.keyword.BuiltinKeywords.verifyMatch(BuiltinKeywords.groovy:60)&#xa;	at java.base/jdk.internal.reflect.NativeMethodAccessorImpl.invoke0(Native Method)&#xa;	at java.base/jdk.internal.reflect.NativeMethodAccessorImpl.invoke(NativeMethodAccessorImpl.java:77)&#xa;	at java.base/jdk.internal.reflect.DelegatingMethodAccessorImpl.invoke(DelegatingMethodAccessorImpl.java:43)&#xa;	at com.artlens.utils.AdminUtils.verifyPageAccessLoggedOut(AdminUtils.groovy:112)&#xa;	at page_accessible_logged_out.run(page_accessible_logged_out:24)&#xa;	at com.kms.katalon.core.main.ScriptEngine.run(ScriptEngine.java:194)&#xa;	at com.kms.katalon.core.main.ScriptEngine.runScriptAsRawText(ScriptEngine.java:119)&#xa;	at com.kms.katalon.core.main.TestCaseExecutor.runScript(TestCaseExecutor.java:448)&#xa;	at com.kms.katalon.core.main.TestCaseExecutor.doExecute(TestCaseExecutor.java:439)&#xa;	at com.kms.katalon.core.main.TestCaseExecutor.processExecutionPhase(TestCaseExecutor.java:418)&#xa;	at com.kms.katalon.core.main.TestCaseExecutor.accessMainPhase(TestCaseExecutor.java:410)&#xa;	at com.kms.katalon.core.main.TestCaseExecutor.execute(TestCaseExecutor.java:285)&#xa;	at com.kms.katalon.core.common.CommonExecutor.accessTestCaseMainPhase(CommonExecutor.java:65)&#xa;	at com.kms.katalon.core.main.TestSuiteExecutor.accessTestSuiteMainPhase(TestSuiteExecutor.java:150)&#xa;	at com.kms.katalon.core.main.TestSuiteExecutor.execute(TestSuiteExecutor.java:106)&#xa;	at com.kms.katalon.core.main.TestCaseMain.startTestSuite(TestCaseMain.java:180)&#xa;	at TempTestSuite1719146468525.run(TempTestSuite1719146468525.groovy:35)&#xa;	at java.base/jdk.internal.reflect.NativeMethodAccessorImpl.invoke0(Native Method)&#xa;	at java.base/jdk.internal.reflect.NativeMethodAccessorImpl.invoke(NativeMethodAccessorImpl.java:77)&#xa;	at java.base/jdk.internal.reflect.DelegatingMethodAccessorImpl.invoke(DelegatingMethodAccessorImpl.java:43)&#xa;)&#xa;	at com.kms.katalon.core.keyword.internal.KeywordMain.stepFailed(KeywordMain.groovy:39)&#xa;	at com.kms.katalon.core.keyword.internal.KeywordMain.stepFailed(KeywordMain.groovy)&#xa;	at com.kms.katalon.core.keyword.internal.KeywordMain.runKeyword(KeywordMain.groovy:77)&#xa;	at com.kms.katalon.core.keyword.builtin.VerifyMatchKeyword.verifyMatch(VerifyMatchKeyword.groovy:60)&#xa;	at com.kms.katalon.core.keyword.builtin.VerifyMatchKeyword.execute(VerifyMatchKeyword.groovy:45)&#xa;	at com.kms.katalon.core.keyword.internal.KeywordExecutor.executeKeywordForPlatform(KeywordExecutor.groovy:74)&#xa;	at com.kms.katalon.core.keyword.BuiltinKeywords.verifyMatch(BuiltinKeywords.groovy:60)&#xa;	at java.base/jdk.internal.reflect.NativeMethodAccessorImpl.invoke0(Native Method)&#xa;	at java.base/jdk.internal.reflect.NativeMethodAccessorImpl.invoke(NativeMethodAccessorImpl.java:77)&#xa;	at java.base/jdk.internal.reflect.DelegatingMethodAccessorImpl.invoke(DelegatingMethodAccessorImpl.java:43)&#xa;	at com.artlens.utils.AdminUtils.verifyPageAccessLoggedOut(AdminUtils.groovy:112)&#xa;	at page_accessible_logged_out.run(page_accessible_logged_out:24)&#xa;	at com.kms.katalon.core.main.ScriptEngine.run(ScriptEngine.java:194)&#xa;	at com.kms.katalon.core.main.ScriptEngine.runScriptAsRawText(ScriptEngine.java:119)&#xa;	at com.kms.katalon.core.main.TestCaseExecutor.runScript(TestCaseExecutor.java:448)&#xa;	at com.kms.katalon.core.main.TestCaseExecutor.doExecute(TestCaseExecutor.java:439)&#xa;	at com.kms.katalon.core.main.TestCaseExecutor.processExecutionPhase(TestCaseExecutor.java:418)&#xa;	at com.kms.katalon.core.main.TestCaseExecutor.accessMainPhase(TestCaseExecutor.java:410)&#xa;	at com.kms.katalon.core.main.TestCaseExecutor.execute(TestCaseExecutor.java:285)&#xa;	at com.kms.katalon.core.common.CommonExecutor.accessTestCaseMainPhase(CommonExecutor.java:65)&#xa;	at com.kms.katalon.core.main.TestSuiteExecutor.accessTestSuiteMainPhase(TestSuiteExecutor.java:150)&#xa;	at com.kms.katalon.core.main.TestSuiteExecutor.execute(TestSuiteExecutor.java:106)&#xa;	at com.kms.katalon.core.main.TestCaseMain.startTestSuite(TestCaseMain.java:180)&#xa;	at TempTestSuite1719146468525.run(TempTestSuite1719146468525.groovy:35)&#xa;	at java.base/jdk.internal.reflect.NativeMethodAccessorImpl.invoke0(Native Method)&#xa;	at java.base/jdk.internal.reflect.NativeMethodAccessorImpl.invoke(NativeMethodAccessorImpl.java:77)&#xa;	at java.base/jdk.internal.reflect.DelegatingMethodAccessorImpl.invoke(DelegatingMethodAccessorImpl.java:43)&#xa;Caused by: com.kms.katalon.core.exception.StepFailedException: Actual text 'http://localhost/SAD/ArtLens/index.php' and expected text 'http://localhost/SAD/ArtLens/admin.php' are not matched&#xa;	at com.kms.katalon.core.keyword.builtin.VerifyMatchKeyword$_verifyMatch_closure1.doCall(VerifyMatchKeyword.groovy:57)&#xa;	at com.kms.katalon.core.keyword.builtin.VerifyMatchKeyword$_verifyMatch_closure1.call(VerifyMatchKeyword.groovy)&#xa;	at com.kms.katalon.core.keyword.internal.KeywordMain.runKeyword(KeywordMain.groovy:75)&#xa;	... 24 more&#xa;"/>
         <system-out><![CDATA[23-06-2024T20:43:54 - [TEST_CASE][FAILED] - Test Cases/admin/visitor_log_management/page_accessible_logged_out: Test Cases/admin/visitor_log_management/page_accessible_logged_out FAILED.
Reason:
com.kms.katalon.core.exception.StepFailedException: Unable to verify match between actual text 'http://localhost/SAD/ArtLens/index.php' and expected text 'http://localhost/SAD/ArtLens/admin.php' (Root cause: com.kms.katalon.core.exception.StepFailedException: Actual text 'http://localhost/SAD/ArtLens/index.php' and expected text 'http://localhost/SAD/ArtLens/admin.php' are not matched
	at com.kms.katalon.core.keyword.builtin.VerifyMatchKeyword$_verifyMatch_closure1.doCall(VerifyMatchKeyword.groovy:57)
	at com.kms.katalon.core.keyword.builtin.VerifyMatchKeyword$_verifyMatch_closure1.call(VerifyMatchKeyword.groovy)
	at com.kms.katalon.core.keyword.internal.KeywordMain.runKeyword(KeywordMain.groovy:75)
	at com.kms.katalon.core.keyword.builtin.VerifyMatchKeyword.verifyMatch(VerifyMatchKeyword.groovy:60)
	at com.kms.katalon.core.keyword.builtin.VerifyMatchKeyword.execute(VerifyMatchKeyword.groovy:45)
	at com.kms.katalon.core.keyword.internal.KeywordExecutor.executeKeywordForPlatform(KeywordExecutor.groovy:74)
	at com.kms.katalon.core.keyword.BuiltinKeywords.verifyMatch(BuiltinKeywords.groovy:60)
	at java.base/jdk.internal.reflect.NativeMethodAccessorImpl.invoke0(Native Method)
	at java.base/jdk.internal.reflect.NativeMethodAccessorImpl.invoke(NativeMethodAccessorImpl.java:77)
	at java.base/jdk.internal.reflect.DelegatingMethodAccessorImpl.invoke(DelegatingMethodAccessorImpl.java:43)
	at com.artlens.utils.AdminUtils.verifyPageAccessLoggedOut(AdminUtils.groovy:112)
	at page_accessible_logged_out.run(page_accessible_logged_out:24)
	at com.kms.katalon.core.main.ScriptEngine.run(ScriptEngine.java:194)
	at com.kms.katalon.core.main.ScriptEngine.runScriptAsRawText(ScriptEngine.java:119)
	at com.kms.katalon.core.main.TestCaseExecutor.runScript(TestCaseExecutor.java:448)
	at com.kms.katalon.core.main.TestCaseExecutor.doExecute(TestCaseExecutor.java:439)
	at com.kms.katalon.core.main.TestCaseExecutor.processExecutionPhase(TestCaseExecutor.java:418)
	at com.kms.katalon.core.main.TestCaseExecutor.accessMainPhase(TestCaseExecutor.java:410)
	at com.kms.katalon.core.main.TestCaseExecutor.execute(TestCaseExecutor.java:285)
	at com.kms.katalon.core.common.CommonExecutor.accessTestCaseMainPhase(CommonExecutor.java:65)
	at com.kms.katalon.core.main.TestSuiteExecutor.accessTestSuiteMainPhase(TestSuiteExecutor.java:150)
	at com.kms.katalon.core.main.TestSuiteExecutor.execute(TestSuiteExecutor.java:106)
	at com.kms.katalon.core.main.TestCaseMain.startTestSuite(TestCaseMain.java:180)
	at TempTestSuite1719146468525.run(TempTestSuite1719146468525.groovy:35)
	at java.base/jdk.internal.reflect.NativeMethodAccessorImpl.invoke0(Native Method)
	at java.base/jdk.internal.reflect.NativeMethodAccessorImpl.invoke(NativeMethodAccessorImpl.java:77)
	at java.base/jdk.internal.reflect.DelegatingMethodAccessorImpl.invoke(DelegatingMethodAccessorImpl.java:43)
)
	at com.kms.katalon.core.keyword.internal.KeywordMain.stepFailed(KeywordMain.groovy:39)
	at com.kms.katalon.core.keyword.internal.KeywordMain.stepFailed(KeywordMain.groovy)
	at com.kms.katalon.core.keyword.internal.KeywordMain.runKeyword(KeywordMain.groovy:77)
	at com.kms.katalon.core.keyword.builtin.VerifyMatchKeyword.verifyMatch(VerifyMatchKeyword.groovy:60)
	at com.kms.katalon.core.keyword.builtin.VerifyMatchKeyword.execute(VerifyMatchKeyword.groovy:45)
	at com.kms.katalon.core.keyword.internal.KeywordExecutor.executeKeywordForPlatform(KeywordExecutor.groovy:74)
	at com.kms.katalon.core.keyword.BuiltinKeywords.verifyMatch(BuiltinKeywords.groovy:60)
	at java.base/jdk.internal.reflect.NativeMethodAccessorImpl.invoke0(Native Method)
	at java.base/jdk.internal.reflect.NativeMethodAccessorImpl.invoke(NativeMethodAccessorImpl.java:77)
	at java.base/jdk.internal.reflect.DelegatingMethodAccessorImpl.invoke(DelegatingMethodAccessorImpl.java:43)
	at com.artlens.utils.AdminUtils.verifyPageAccessLoggedOut(AdminUtils.groovy:112)
	at page_accessible_logged_out.run(page_accessible_logged_out:24)
	at com.kms.katalon.core.main.ScriptEngine.run(ScriptEngine.java:194)
	at com.kms.katalon.core.main.ScriptEngine.runScriptAsRawText(ScriptEngine.java:119)
	at com.kms.katalon.core.main.TestCaseExecutor.runScript(TestCaseExecutor.java:448)
	at com.kms.katalon.core.main.TestCaseExecutor.doExecute(TestCaseExecutor.java:439)
	at com.kms.katalon.core.main.TestCaseExecutor.processExecutionPhase(TestCaseExecutor.java:418)
	at com.kms.katalon.core.main.TestCaseExecutor.accessMainPhase(TestCaseExecutor.java:410)
	at com.kms.katalon.core.main.TestCaseExecutor.execute(TestCaseExecutor.java:285)
	at com.kms.katalon.core.common.CommonExecutor.accessTestCaseMainPhase(CommonExecutor.java:65)
	at com.kms.katalon.core.main.TestSuiteExecutor.accessTestSuiteMainPhase(TestSuiteExecutor.java:150)
	at com.kms.katalon.core.main.TestSuiteExecutor.execute(TestSuiteExecutor.java:106)
	at com.kms.katalon.core.main.TestCaseMain.startTestSuite(TestCaseMain.java:180)
	at TempTestSuite1719146468525.run(TempTestSuite1719146468525.groovy:35)
	at java.base/jdk.internal.reflect.NativeMethodAccessorImpl.invoke0(Native Method)
	at java.base/jdk.internal.reflect.NativeMethodAccessorImpl.invoke(NativeMethodAccessorImpl.java:77)
	at java.base/jdk.internal.reflect.DelegatingMethodAccessorImpl.invoke(DelegatingMethodAccessorImpl.java:43)
Caused by: com.kms.katalon.core.exception.StepFailedException: Actual text 'http://localhost/SAD/ArtLens/index.php' and expected text 'http://localhost/SAD/ArtLens/admin.php' are not matched
	at com.kms.katalon.core.keyword.builtin.VerifyMatchKeyword$_verifyMatch_closure1.doCall(VerifyMatchKeyword.groovy:57)
	at com.kms.katalon.core.keyword.builtin.VerifyMatchKeyword$_verifyMatch_closure1.call(VerifyMatchKeyword.groovy)
	at com.kms.katalon.core.keyword.internal.KeywordMain.runKeyword(KeywordMain.groovy:75)
	... 24 more


23-06-2024T20:43:54 - [TEST_STEP][PASSED] - Start listener action : sampleBeforeTestCase: Browser is opened with url: ''

23-06-2024T20:43:54 - [TEST_STEP][PASSED] - println(testCaseContext.getTestCaseId()): null

23-06-2024T20:43:54 - [TEST_STEP][PASSED] - openBrowser(""): Browser is opened with url: ''

23-06-2024T20:43:54 - [MESSAGE][WARNING] - A browser is already opened. Closing browser and opening a new one

23-06-2024T20:43:57 - [MESSAGE][INFO] - Starting 'Firefox (headless)' driver

23-06-2024T20:43:57 - [MESSAGE][INFO] - Action delay is set to 0 milliseconds

23-06-2024T20:44:04 - [MESSAGE][PASSED] - Browser is opened with url: ''

23-06-2024T20:44:04 - [TEST_STEP][FAILED] - try: Unable to verify match between actual text 'http://localhost/SAD/ArtLens/index.php' and expected text 'http://localhost/SAD/ArtLens/admin.php' (Root cause: com.kms.katalon.core.exception.StepFailedException: Actual text 'http://localhost/SAD/ArtLens/index.php' and expected text 'http://localhost/SAD/ArtLens/admin.php' are not matched
	at com.kms.katalon.core.keyword.builtin.VerifyMatchKeyword$_verifyMatch_closure1.doCall(VerifyMatchKeyword.groovy:57)
	at com.kms.katalon.core.keyword.builtin.VerifyMatchKeyword$_verifyMatch_closure1.call(VerifyMatchKeyword.groovy)
	at com.kms.katalon.core.keyword.internal.KeywordMain.runKeyword(KeywordMain.groovy:75)
	at com.kms.katalon.core.keyword.builtin.VerifyMatchKeyword.verifyMatch(VerifyMatchKeyword.groovy:60)
	at com.kms.katalon.core.keyword.builtin.VerifyMatchKeyword.execute(VerifyMatchKeyword.groovy:45)
	at com.kms.katalon.core.keyword.internal.KeywordExecutor.executeKeywordForPlatform(KeywordExecutor.groovy:74)
	at com.kms.katalon.core.keyword.BuiltinKeywords.verifyMatch(BuiltinKeywords.groovy:60)
	at java.base/jdk.internal.reflect.NativeMethodAccessorImpl.invoke0(Native Method)
	at java.base/jdk.internal.reflect.NativeMethodAccessorImpl.invoke(NativeMethodAccessorImpl.java:77)
	at java.base/jdk.internal.reflect.DelegatingMethodAccessorImpl.invoke(DelegatingMethodAccessorImpl.java:43)
	at com.artlens.utils.AdminUtils.verifyPageAccessLoggedOut(AdminUtils.groovy:112)
	at page_accessible_logged_out.run(page_accessible_logged_out:24)
	at com.kms.katalon.core.main.ScriptEngine.run(ScriptEngine.java:194)
	at com.kms.katalon.core.main.ScriptEngine.runScriptAsRawText(ScriptEngine.java:119)
	at com.kms.katalon.core.main.TestCaseExecutor.runScript(TestCaseExecutor.java:448)
	at com.kms.katalon.core.main.TestCaseExecutor.doExecute(TestCaseExecutor.java:439)
	at com.kms.katalon.core.main.TestCaseExecutor.processExecutionPhase(TestCaseExecutor.java:418)
	at com.kms.katalon.core.main.TestCaseExecutor.accessMainPhase(TestCaseExecutor.java:410)
	at com.kms.katalon.core.main.TestCaseExecutor.execute(TestCaseExecutor.java:285)
	at com.kms.katalon.core.common.CommonExecutor.accessTestCaseMainPhase(CommonExecutor.java:65)
	at com.kms.katalon.core.main.TestSuiteExecutor.accessTestSuiteMainPhase(TestSuiteExecutor.java:150)
	at com.kms.katalon.core.main.TestSuiteExecutor.execute(TestSuiteExecutor.java:106)
	at com.kms.katalon.core.main.TestCaseMain.startTestSuite(TestCaseMain.java:180)
	at TempTestSuite1719146468525.run(TempTestSuite1719146468525.groovy:35)
	at java.base/jdk.internal.reflect.NativeMethodAccessorImpl.invoke0(Native Method)
	at java.base/jdk.internal.reflect.NativeMethodAccessorImpl.invoke(NativeMethodAccessorImpl.java:77)
	at java.base/jdk.internal.reflect.DelegatingMethodAccessorImpl.invoke(DelegatingMethodAccessorImpl.java:43)
)

23-06-2024T20:44:04 - [TEST_STEP][FAILED] - AdminUtils.verifyPageAccessLoggedOut("adminvisitorlog.php"): Unable to verify match between actual text 'http://localhost/SAD/ArtLens/index.php' and expected text 'http://localhost/SAD/ArtLens/admin.php' (Root cause: com.kms.katalon.core.exception.StepFailedException: Actual text 'http://localhost/SAD/ArtLens/index.php' and expected text 'http://localhost/SAD/ArtLens/admin.php' are not matched
	at com.kms.katalon.core.keyword.builtin.VerifyMatchKeyword$_verifyMatch_closure1.doCall(VerifyMatchKeyword.groovy:57)
	at com.kms.katalon.core.keyword.builtin.VerifyMatchKeyword$_verifyMatch_closure1.call(VerifyMatchKeyword.groovy)
	at com.kms.katalon.core.keyword.internal.KeywordMain.runKeyword(KeywordMain.groovy:75)
	at com.kms.katalon.core.keyword.builtin.VerifyMatchKeyword.verifyMatch(VerifyMatchKeyword.groovy:60)
	at com.kms.katalon.core.keyword.builtin.VerifyMatchKeyword.execute(VerifyMatchKeyword.groovy:45)
	at com.kms.katalon.core.keyword.internal.KeywordExecutor.executeKeywordForPlatform(KeywordExecutor.groovy:74)
	at com.kms.katalon.core.keyword.BuiltinKeywords.verifyMatch(BuiltinKeywords.groovy:60)
	at java.base/jdk.internal.reflect.NativeMethodAccessorImpl.invoke0(Native Method)
	at java.base/jdk.internal.reflect.NativeMethodAccessorImpl.invoke(NativeMethodAccessorImpl.java:77)
	at java.base/jdk.internal.reflect.DelegatingMethodAccessorImpl.invoke(DelegatingMethodAccessorImpl.java:43)
	at com.artlens.utils.AdminUtils.verifyPageAccessLoggedOut(AdminUtils.groovy:112)
	at page_accessible_logged_out.run(page_accessible_logged_out:24)
	at com.kms.katalon.core.main.ScriptEngine.run(ScriptEngine.java:194)
	at com.kms.katalon.core.main.ScriptEngine.runScriptAsRawText(ScriptEngine.java:119)
	at com.kms.katalon.core.main.TestCaseExecutor.runScript(TestCaseExecutor.java:448)
	at com.kms.katalon.core.main.TestCaseExecutor.doExecute(TestCaseExecutor.java:439)
	at com.kms.katalon.core.main.TestCaseExecutor.processExecutionPhase(TestCaseExecutor.java:418)
	at com.kms.katalon.core.main.TestCaseExecutor.accessMainPhase(TestCaseExecutor.java:410)
	at com.kms.katalon.core.main.TestCaseExecutor.execute(TestCaseExecutor.java:285)
	at com.kms.katalon.core.common.CommonExecutor.accessTestCaseMainPhase(CommonExecutor.java:65)
	at com.kms.katalon.core.main.TestSuiteExecutor.accessTestSuiteMainPhase(TestSuiteExecutor.java:150)
	at com.kms.katalon.core.main.TestSuiteExecutor.execute(TestSuiteExecutor.java:106)
	at com.kms.katalon.core.main.TestCaseMain.startTestSuite(TestCaseMain.java:180)
	at TempTestSuite1719146468525.run(TempTestSuite1719146468525.groovy:35)
	at java.base/jdk.internal.reflect.NativeMethodAccessorImpl.invoke0(Native Method)
	at java.base/jdk.internal.reflect.NativeMethodAccessorImpl.invoke(NativeMethodAccessorImpl.java:77)
	at java.base/jdk.internal.reflect.DelegatingMethodAccessorImpl.invoke(DelegatingMethodAccessorImpl.java:43)
)

23-06-2024T20:44:04 - [MESSAGE][INFO] - HAR: C:\DevPackage\xampp\htdocs\SAD\ArtLens\Reports\20240623_204104\Test_Admin_Pages_Authentication\20240623_204108\requests\main\12.har

23-06-2024T20:44:04 - [MESSAGE][PASSED] - Send request successfully

23-06-2024T20:44:04 - [MESSAGE][PASSED] - All links are accessible

23-06-2024T20:44:06 - [MESSAGE][PASSED] - Navigate to 'http://localhost/SAD/ArtLens/adminvisitorlog.php' successfully

23-06-2024T20:44:06 - [MESSAGE][PASSED] - Current window's url is: 'http://localhost/SAD/ArtLens/index.php'

23-06-2024T20:44:06 - [MESSAGE][INFO] - HAR: C:\DevPackage\xampp\htdocs\SAD\ArtLens\Reports\20240623_204104\Test_Admin_Pages_Authentication\20240623_204108\requests\main\13.har

23-06-2024T20:44:06 - [MESSAGE][PASSED] - Send request successfully

23-06-2024T20:44:06 - [MESSAGE][PASSED] - All links are accessible

23-06-2024T20:44:06 - [MESSAGE][PASSED] - Actual text 'http://localhost/SAD/ArtLens/index.php' and expected text 'http://localhost/SAD/ArtLens/adminvisitorlog.php' are not matched 

23-06-2024T20:44:06 - [MESSAGE][FAILED] - Unable to verify match between actual text 'http://localhost/SAD/ArtLens/index.php' and expected text 'http://localhost/SAD/ArtLens/admin.php' (Root cause: com.kms.katalon.core.exception.StepFailedException: Actual text 'http://localhost/SAD/ArtLens/index.php' and expected text 'http://localhost/SAD/ArtLens/admin.php' are not matched
	at com.kms.katalon.core.keyword.builtin.VerifyMatchKeyword$_verifyMatch_closure1.doCall(VerifyMatchKeyword.groovy:57)
	at com.kms.katalon.core.keyword.builtin.VerifyMatchKeyword$_verifyMatch_closure1.call(VerifyMatchKeyword.groovy)
	at com.kms.katalon.core.keyword.internal.KeywordMain.runKeyword(KeywordMain.groovy:75)
	at com.kms.katalon.core.keyword.builtin.VerifyMatchKeyword.verifyMatch(VerifyMatchKeyword.groovy:60)
	at com.kms.katalon.core.keyword.builtin.VerifyMatchKeyword.execute(VerifyMatchKeyword.groovy:45)
	at com.kms.katalon.core.keyword.internal.KeywordExecutor.executeKeywordForPlatform(KeywordExecutor.groovy:74)
	at com.kms.katalon.core.keyword.BuiltinKeywords.verifyMatch(BuiltinKeywords.groovy:60)
	at java.base/jdk.internal.reflect.NativeMethodAccessorImpl.invoke0(Native Method)
	at java.base/jdk.internal.reflect.NativeMethodAccessorImpl.invoke(NativeMethodAccessorImpl.java:77)
	at java.base/jdk.internal.reflect.DelegatingMethodAccessorImpl.invoke(DelegatingMethodAccessorImpl.java:43)
	at com.artlens.utils.AdminUtils.verifyPageAccessLoggedOut(AdminUtils.groovy:112)
	at page_accessible_logged_out.run(page_accessible_logged_out:24)
	at com.kms.katalon.core.main.ScriptEngine.run(ScriptEngine.java:194)
	at com.kms.katalon.core.main.ScriptEngine.runScriptAsRawText(ScriptEngine.java:119)
	at com.kms.katalon.core.main.TestCaseExecutor.runScript(TestCaseExecutor.java:448)
	at com.kms.katalon.core.main.TestCaseExecutor.doExecute(TestCaseExecutor.java:439)
	at com.kms.katalon.core.main.TestCaseExecutor.processExecutionPhase(TestCaseExecutor.java:418)
	at com.kms.katalon.core.main.TestCaseExecutor.accessMainPhase(TestCaseExecutor.java:410)
	at com.kms.katalon.core.main.TestCaseExecutor.execute(TestCaseExecutor.java:285)
	at com.kms.katalon.core.common.CommonExecutor.accessTestCaseMainPhase(CommonExecutor.java:65)
	at com.kms.katalon.core.main.TestSuiteExecutor.accessTestSuiteMainPhase(TestSuiteExecutor.java:150)
	at com.kms.katalon.core.main.TestSuiteExecutor.execute(TestSuiteExecutor.java:106)
	at com.kms.katalon.core.main.TestCaseMain.startTestSuite(TestCaseMain.java:180)
	at TempTestSuite1719146468525.run(TempTestSuite1719146468525.groovy:35)
	at java.base/jdk.internal.reflect.NativeMethodAccessorImpl.invoke0(Native Method)
	at java.base/jdk.internal.reflect.NativeMethodAccessorImpl.invoke(NativeMethodAccessorImpl.java:77)
	at java.base/jdk.internal.reflect.DelegatingMethodAccessorImpl.invoke(DelegatingMethodAccessorImpl.java:43)
)

23-06-2024T20:44:06 - [TEST_STEP][PASSED] - Start listener action : sampleAfterTestCase: null]]></system-out>
         <system-err><![CDATA[23-06-2024T20:43:54 - [TEST_CASE][FAILED] - Test Cases/admin/visitor_log_management/page_accessible_logged_out: Test Cases/admin/visitor_log_management/page_accessible_logged_out FAILED.
Reason:
com.kms.katalon.core.exception.StepFailedException: Unable to verify match between actual text 'http://localhost/SAD/ArtLens/index.php' and expected text 'http://localhost/SAD/ArtLens/admin.php' (Root cause: com.kms.katalon.core.exception.StepFailedException: Actual text 'http://localhost/SAD/ArtLens/index.php' and expected text 'http://localhost/SAD/ArtLens/admin.php' are not matched
	at com.kms.katalon.core.keyword.builtin.VerifyMatchKeyword$_verifyMatch_closure1.doCall(VerifyMatchKeyword.groovy:57)
	at com.kms.katalon.core.keyword.builtin.VerifyMatchKeyword$_verifyMatch_closure1.call(VerifyMatchKeyword.groovy)
	at com.kms.katalon.core.keyword.internal.KeywordMain.runKeyword(KeywordMain.groovy:75)
	at com.kms.katalon.core.keyword.builtin.VerifyMatchKeyword.verifyMatch(VerifyMatchKeyword.groovy:60)
	at com.kms.katalon.core.keyword.builtin.VerifyMatchKeyword.execute(VerifyMatchKeyword.groovy:45)
	at com.kms.katalon.core.keyword.internal.KeywordExecutor.executeKeywordForPlatform(KeywordExecutor.groovy:74)
	at com.kms.katalon.core.keyword.BuiltinKeywords.verifyMatch(BuiltinKeywords.groovy:60)
	at java.base/jdk.internal.reflect.NativeMethodAccessorImpl.invoke0(Native Method)
	at java.base/jdk.internal.reflect.NativeMethodAccessorImpl.invoke(NativeMethodAccessorImpl.java:77)
	at java.base/jdk.internal.reflect.DelegatingMethodAccessorImpl.invoke(DelegatingMethodAccessorImpl.java:43)
	at com.artlens.utils.AdminUtils.verifyPageAccessLoggedOut(AdminUtils.groovy:112)
	at page_accessible_logged_out.run(page_accessible_logged_out:24)
	at com.kms.katalon.core.main.ScriptEngine.run(ScriptEngine.java:194)
	at com.kms.katalon.core.main.ScriptEngine.runScriptAsRawText(ScriptEngine.java:119)
	at com.kms.katalon.core.main.TestCaseExecutor.runScript(TestCaseExecutor.java:448)
	at com.kms.katalon.core.main.TestCaseExecutor.doExecute(TestCaseExecutor.java:439)
	at com.kms.katalon.core.main.TestCaseExecutor.processExecutionPhase(TestCaseExecutor.java:418)
	at com.kms.katalon.core.main.TestCaseExecutor.accessMainPhase(TestCaseExecutor.java:410)
	at com.kms.katalon.core.main.TestCaseExecutor.execute(TestCaseExecutor.java:285)
	at com.kms.katalon.core.common.CommonExecutor.accessTestCaseMainPhase(CommonExecutor.java:65)
	at com.kms.katalon.core.main.TestSuiteExecutor.accessTestSuiteMainPhase(TestSuiteExecutor.java:150)
	at com.kms.katalon.core.main.TestSuiteExecutor.execute(TestSuiteExecutor.java:106)
	at com.kms.katalon.core.main.TestCaseMain.startTestSuite(TestCaseMain.java:180)
	at TempTestSuite1719146468525.run(TempTestSuite1719146468525.groovy:35)
	at java.base/jdk.internal.reflect.NativeMethodAccessorImpl.invoke0(Native Method)
	at java.base/jdk.internal.reflect.NativeMethodAccessorImpl.invoke(NativeMethodAccessorImpl.java:77)
	at java.base/jdk.internal.reflect.DelegatingMethodAccessorImpl.invoke(DelegatingMethodAccessorImpl.java:43)
)
	at com.kms.katalon.core.keyword.internal.KeywordMain.stepFailed(KeywordMain.groovy:39)
	at com.kms.katalon.core.keyword.internal.KeywordMain.stepFailed(KeywordMain.groovy)
	at com.kms.katalon.core.keyword.internal.KeywordMain.runKeyword(KeywordMain.groovy:77)
	at com.kms.katalon.core.keyword.builtin.VerifyMatchKeyword.verifyMatch(VerifyMatchKeyword.groovy:60)
	at com.kms.katalon.core.keyword.builtin.VerifyMatchKeyword.execute(VerifyMatchKeyword.groovy:45)
	at com.kms.katalon.core.keyword.internal.KeywordExecutor.executeKeywordForPlatform(KeywordExecutor.groovy:74)
	at com.kms.katalon.core.keyword.BuiltinKeywords.verifyMatch(BuiltinKeywords.groovy:60)
	at java.base/jdk.internal.reflect.NativeMethodAccessorImpl.invoke0(Native Method)
	at java.base/jdk.internal.reflect.NativeMethodAccessorImpl.invoke(NativeMethodAccessorImpl.java:77)
	at java.base/jdk.internal.reflect.DelegatingMethodAccessorImpl.invoke(DelegatingMethodAccessorImpl.java:43)
	at com.artlens.utils.AdminUtils.verifyPageAccessLoggedOut(AdminUtils.groovy:112)
	at page_accessible_logged_out.run(page_accessible_logged_out:24)
	at com.kms.katalon.core.main.ScriptEngine.run(ScriptEngine.java:194)
	at com.kms.katalon.core.main.ScriptEngine.runScriptAsRawText(ScriptEngine.java:119)
	at com.kms.katalon.core.main.TestCaseExecutor.runScript(TestCaseExecutor.java:448)
	at com.kms.katalon.core.main.TestCaseExecutor.doExecute(TestCaseExecutor.java:439)
	at com.kms.katalon.core.main.TestCaseExecutor.processExecutionPhase(TestCaseExecutor.java:418)
	at com.kms.katalon.core.main.TestCaseExecutor.accessMainPhase(TestCaseExecutor.java:410)
	at com.kms.katalon.core.main.TestCaseExecutor.execute(TestCaseExecutor.java:285)
	at com.kms.katalon.core.common.CommonExecutor.accessTestCaseMainPhase(CommonExecutor.java:65)
	at com.kms.katalon.core.main.TestSuiteExecutor.accessTestSuiteMainPhase(TestSuiteExecutor.java:150)
	at com.kms.katalon.core.main.TestSuiteExecutor.execute(TestSuiteExecutor.java:106)
	at com.kms.katalon.core.main.TestCaseMain.startTestSuite(TestCaseMain.java:180)
	at TempTestSuite1719146468525.run(TempTestSuite1719146468525.groovy:35)
	at java.base/jdk.internal.reflect.NativeMethodAccessorImpl.invoke0(Native Method)
	at java.base/jdk.internal.reflect.NativeMethodAccessorImpl.invoke(NativeMethodAccessorImpl.java:77)
	at java.base/jdk.internal.reflect.DelegatingMethodAccessorImpl.invoke(DelegatingMethodAccessorImpl.java:43)
Caused by: com.kms.katalon.core.exception.StepFailedException: Actual text 'http://localhost/SAD/ArtLens/index.php' and expected text 'http://localhost/SAD/ArtLens/admin.php' are not matched
	at com.kms.katalon.core.keyword.builtin.VerifyMatchKeyword$_verifyMatch_closure1.doCall(VerifyMatchKeyword.groovy:57)
	at com.kms.katalon.core.keyword.builtin.VerifyMatchKeyword$_verifyMatch_closure1.call(VerifyMatchKeyword.groovy)
	at com.kms.katalon.core.keyword.internal.KeywordMain.runKeyword(KeywordMain.groovy:75)
	... 24 more]]></system-err>
      </testcase>
      <system-out><![CDATA[23-06-2024T20:41:35 - [TEST_SUITE][FAILED] - Test_Admin_Pages_Authentication: Test Cases/admin/account_management/page_accessible_logged_out FAILED.
Reason:
com.kms.katalon.core.exception.StepFailedException: Unable to verify match between actual text 'http://localhost/SAD/ArtLens/index.php' and expected text 'http://localhost/SAD/ArtLens/admin.php' (Root cause: com.kms.katalon.core.exception.StepFailedException: Actual text 'http://localhost/SAD/ArtLens/index.php' and expected text 'http://localhost/SAD/ArtLens/admin.php' are not matched
	at com.kms.katalon.core.keyword.builtin.VerifyMatchKeyword$_verifyMatch_closure1.doCall(VerifyMatchKeyword.groovy:57)
	at com.kms.katalon.core.keyword.builtin.VerifyMatchKeyword$_verifyMatch_closure1.call(VerifyMatchKeyword.groovy)
	at com.kms.katalon.core.keyword.internal.KeywordMain.runKeyword(KeywordMain.groovy:75)
	at com.kms.katalon.core.keyword.builtin.VerifyMatchKeyword.verifyMatch(VerifyMatchKeyword.groovy:60)
	at com.kms.katalon.core.keyword.builtin.VerifyMatchKeyword.execute(VerifyMatchKeyword.groovy:45)
	at com.kms.katalon.core.keyword.internal.KeywordExecutor.executeKeywordForPlatform(KeywordExecutor.groovy:74)
	at com.kms.katalon.core.keyword.BuiltinKeywords.verifyMatch(BuiltinKeywords.groovy:60)
	at java.base/jdk.internal.reflect.NativeMethodAccessorImpl.invoke0(Native Method)
	at java.base/jdk.internal.reflect.NativeMethodAccessorImpl.invoke(NativeMethodAccessorImpl.java:77)
	at java.base/jdk.internal.reflect.DelegatingMethodAccessorImpl.invoke(DelegatingMethodAccessorImpl.java:43)
	at com.artlens.utils.AdminUtils.verifyPageAccessLoggedOut(AdminUtils.groovy:112)
	at page_accessible_logged_out.run(page_accessible_logged_out:24)
	at com.kms.katalon.core.main.ScriptEngine.run(ScriptEngine.java:194)
	at com.kms.katalon.core.main.ScriptEngine.runScriptAsRawText(ScriptEngine.java:119)
	at com.kms.katalon.core.main.TestCaseExecutor.runScript(TestCaseExecutor.java:448)
	at com.kms.katalon.core.main.TestCaseExecutor.doExecute(TestCaseExecutor.java:439)
	at com.kms.katalon.core.main.TestCaseExecutor.processExecutionPhase(TestCaseExecutor.java:418)
	at com.kms.katalon.core.main.TestCaseExecutor.accessMainPhase(TestCaseExecutor.java:410)
	at com.kms.katalon.core.main.TestCaseExecutor.execute(TestCaseExecutor.java:285)
	at com.kms.katalon.core.common.CommonExecutor.accessTestCaseMainPhase(CommonExecutor.java:65)
	at com.kms.katalon.core.main.TestSuiteExecutor.accessTestSuiteMainPhase(TestSuiteExecutor.java:150)
	at com.kms.katalon.core.main.TestSuiteExecutor.execute(TestSuiteExecutor.java:106)
	at com.kms.katalon.core.main.TestCaseMain.startTestSuite(TestCaseMain.java:180)
	at TempTestSuite1719146468525.run(TempTestSuite1719146468525.groovy:35)
	at java.base/jdk.internal.reflect.NativeMethodAccessorImpl.invoke0(Native Method)
	at java.base/jdk.internal.reflect.NativeMethodAccessorImpl.invoke(NativeMethodAccessorImpl.java:77)
	at java.base/jdk.internal.reflect.DelegatingMethodAccessorImpl.invoke(DelegatingMethodAccessorImpl.java:43)
)
	at com.kms.katalon.core.keyword.internal.KeywordMain.stepFailed(KeywordMain.groovy:39)
	at com.kms.katalon.core.keyword.internal.KeywordMain.stepFailed(KeywordMain.groovy)
	at com.kms.katalon.core.keyword.internal.KeywordMain.runKeyword(KeywordMain.groovy:77)
	at com.kms.katalon.core.keyword.builtin.VerifyMatchKeyword.verifyMatch(VerifyMatchKeyword.groovy:60)
	at com.kms.katalon.core.keyword.builtin.VerifyMatchKeyword.execute(VerifyMatchKeyword.groovy:45)
	at com.kms.katalon.core.keyword.internal.KeywordExecutor.executeKeywordForPlatform(KeywordExecutor.groovy:74)
	at com.kms.katalon.core.keyword.BuiltinKeywords.verifyMatch(BuiltinKeywords.groovy:60)
	at java.base/jdk.internal.reflect.NativeMethodAccessorImpl.invoke0(Native Method)
	at java.base/jdk.internal.reflect.NativeMethodAccessorImpl.invoke(NativeMethodAccessorImpl.java:77)
	at java.base/jdk.internal.reflect.DelegatingMethodAccessorImpl.invoke(DelegatingMethodAccessorImpl.java:43)
	at com.artlens.utils.AdminUtils.verifyPageAccessLoggedOut(AdminUtils.groovy:112)
	at page_accessible_logged_out.run(page_accessible_logged_out:24)
	at com.kms.katalon.core.main.ScriptEngine.run(ScriptEngine.java:194)
	at com.kms.katalon.core.main.ScriptEngine.runScriptAsRawText(ScriptEngine.java:119)
	at com.kms.katalon.core.main.TestCaseExecutor.runScript(TestCaseExecutor.java:448)
	at com.kms.katalon.core.main.TestCaseExecutor.doExecute(TestCaseExecutor.java:439)
	at com.kms.katalon.core.main.TestCaseExecutor.processExecutionPhase(TestCaseExecutor.java:418)
	at com.kms.katalon.core.main.TestCaseExecutor.accessMainPhase(TestCaseExecutor.java:410)
	at com.kms.katalon.core.main.TestCaseExecutor.execute(TestCaseExecutor.java:285)
	at com.kms.katalon.core.common.CommonExecutor.accessTestCaseMainPhase(CommonExecutor.java:65)
	at com.kms.katalon.core.main.TestSuiteExecutor.accessTestSuiteMainPhase(TestSuiteExecutor.java:150)
	at com.kms.katalon.core.main.TestSuiteExecutor.execute(TestSuiteExecutor.java:106)
	at com.kms.katalon.core.main.TestCaseMain.startTestSuite(TestCaseMain.java:180)
	at TempTestSuite1719146468525.run(TempTestSuite1719146468525.groovy:35)
	at java.base/jdk.internal.reflect.NativeMethodAccessorImpl.invoke0(Native Method)
	at java.base/jdk.internal.reflect.NativeMethodAccessorImpl.invoke(NativeMethodAccessorImpl.java:77)
	at java.base/jdk.internal.reflect.DelegatingMethodAccessorImpl.invoke(DelegatingMethodAccessorImpl.java:43)
Caused by: com.kms.katalon.core.exception.StepFailedException: Actual text 'http://localhost/SAD/ArtLens/index.php' and expected text 'http://localhost/SAD/ArtLens/admin.php' are not matched
	at com.kms.katalon.core.keyword.builtin.VerifyMatchKeyword$_verifyMatch_closure1.doCall(VerifyMatchKeyword.groovy:57)
	at com.kms.katalon.core.keyword.builtin.VerifyMatchKeyword$_verifyMatch_closure1.call(VerifyMatchKeyword.groovy)
	at com.kms.katalon.core.keyword.internal.KeywordMain.runKeyword(KeywordMain.groovy:75)
	... 24 more]]></system-out>
      <system-err><![CDATA[23-06-2024T20:41:35 - [TEST_SUITE][FAILED] - Test_Admin_Pages_Authentication: Test Cases/admin/account_management/page_accessible_logged_out FAILED.
Reason:
com.kms.katalon.core.exception.StepFailedException: Unable to verify match between actual text 'http://localhost/SAD/ArtLens/index.php' and expected text 'http://localhost/SAD/ArtLens/admin.php' (Root cause: com.kms.katalon.core.exception.StepFailedException: Actual text 'http://localhost/SAD/ArtLens/index.php' and expected text 'http://localhost/SAD/ArtLens/admin.php' are not matched
	at com.kms.katalon.core.keyword.builtin.VerifyMatchKeyword$_verifyMatch_closure1.doCall(VerifyMatchKeyword.groovy:57)
	at com.kms.katalon.core.keyword.builtin.VerifyMatchKeyword$_verifyMatch_closure1.call(VerifyMatchKeyword.groovy)
	at com.kms.katalon.core.keyword.internal.KeywordMain.runKeyword(KeywordMain.groovy:75)
	at com.kms.katalon.core.keyword.builtin.VerifyMatchKeyword.verifyMatch(VerifyMatchKeyword.groovy:60)
	at com.kms.katalon.core.keyword.builtin.VerifyMatchKeyword.execute(VerifyMatchKeyword.groovy:45)
	at com.kms.katalon.core.keyword.internal.KeywordExecutor.executeKeywordForPlatform(KeywordExecutor.groovy:74)
	at com.kms.katalon.core.keyword.BuiltinKeywords.verifyMatch(BuiltinKeywords.groovy:60)
	at java.base/jdk.internal.reflect.NativeMethodAccessorImpl.invoke0(Native Method)
	at java.base/jdk.internal.reflect.NativeMethodAccessorImpl.invoke(NativeMethodAccessorImpl.java:77)
	at java.base/jdk.internal.reflect.DelegatingMethodAccessorImpl.invoke(DelegatingMethodAccessorImpl.java:43)
	at com.artlens.utils.AdminUtils.verifyPageAccessLoggedOut(AdminUtils.groovy:112)
	at page_accessible_logged_out.run(page_accessible_logged_out:24)
	at com.kms.katalon.core.main.ScriptEngine.run(ScriptEngine.java:194)
	at com.kms.katalon.core.main.ScriptEngine.runScriptAsRawText(ScriptEngine.java:119)
	at com.kms.katalon.core.main.TestCaseExecutor.runScript(TestCaseExecutor.java:448)
	at com.kms.katalon.core.main.TestCaseExecutor.doExecute(TestCaseExecutor.java:439)
	at com.kms.katalon.core.main.TestCaseExecutor.processExecutionPhase(TestCaseExecutor.java:418)
	at com.kms.katalon.core.main.TestCaseExecutor.accessMainPhase(TestCaseExecutor.java:410)
	at com.kms.katalon.core.main.TestCaseExecutor.execute(TestCaseExecutor.java:285)
	at com.kms.katalon.core.common.CommonExecutor.accessTestCaseMainPhase(CommonExecutor.java:65)
	at com.kms.katalon.core.main.TestSuiteExecutor.accessTestSuiteMainPhase(TestSuiteExecutor.java:150)
	at com.kms.katalon.core.main.TestSuiteExecutor.execute(TestSuiteExecutor.java:106)
	at com.kms.katalon.core.main.TestCaseMain.startTestSuite(TestCaseMain.java:180)
	at TempTestSuite1719146468525.run(TempTestSuite1719146468525.groovy:35)
	at java.base/jdk.internal.reflect.NativeMethodAccessorImpl.invoke0(Native Method)
	at java.base/jdk.internal.reflect.NativeMethodAccessorImpl.invoke(NativeMethodAccessorImpl.java:77)
	at java.base/jdk.internal.reflect.DelegatingMethodAccessorImpl.invoke(DelegatingMethodAccessorImpl.java:43)
)
	at com.kms.katalon.core.keyword.internal.KeywordMain.stepFailed(KeywordMain.groovy:39)
	at com.kms.katalon.core.keyword.internal.KeywordMain.stepFailed(KeywordMain.groovy)
	at com.kms.katalon.core.keyword.internal.KeywordMain.runKeyword(KeywordMain.groovy:77)
	at com.kms.katalon.core.keyword.builtin.VerifyMatchKeyword.verifyMatch(VerifyMatchKeyword.groovy:60)
	at com.kms.katalon.core.keyword.builtin.VerifyMatchKeyword.execute(VerifyMatchKeyword.groovy:45)
	at com.kms.katalon.core.keyword.internal.KeywordExecutor.executeKeywordForPlatform(KeywordExecutor.groovy:74)
	at com.kms.katalon.core.keyword.BuiltinKeywords.verifyMatch(BuiltinKeywords.groovy:60)
	at java.base/jdk.internal.reflect.NativeMethodAccessorImpl.invoke0(Native Method)
	at java.base/jdk.internal.reflect.NativeMethodAccessorImpl.invoke(NativeMethodAccessorImpl.java:77)
	at java.base/jdk.internal.reflect.DelegatingMethodAccessorImpl.invoke(DelegatingMethodAccessorImpl.java:43)
	at com.artlens.utils.AdminUtils.verifyPageAccessLoggedOut(AdminUtils.groovy:112)
	at page_accessible_logged_out.run(page_accessible_logged_out:24)
	at com.kms.katalon.core.main.ScriptEngine.run(ScriptEngine.java:194)
	at com.kms.katalon.core.main.ScriptEngine.runScriptAsRawText(ScriptEngine.java:119)
	at com.kms.katalon.core.main.TestCaseExecutor.runScript(TestCaseExecutor.java:448)
	at com.kms.katalon.core.main.TestCaseExecutor.doExecute(TestCaseExecutor.java:439)
	at com.kms.katalon.core.main.TestCaseExecutor.processExecutionPhase(TestCaseExecutor.java:418)
	at com.kms.katalon.core.main.TestCaseExecutor.accessMainPhase(TestCaseExecutor.java:410)
	at com.kms.katalon.core.main.TestCaseExecutor.execute(TestCaseExecutor.java:285)
	at com.kms.katalon.core.common.CommonExecutor.accessTestCaseMainPhase(CommonExecutor.java:65)
	at com.kms.katalon.core.main.TestSuiteExecutor.accessTestSuiteMainPhase(TestSuiteExecutor.java:150)
	at com.kms.katalon.core.main.TestSuiteExecutor.execute(TestSuiteExecutor.java:106)
	at com.kms.katalon.core.main.TestCaseMain.startTestSuite(TestCaseMain.java:180)
	at TempTestSuite1719146468525.run(TempTestSuite1719146468525.groovy:35)
	at java.base/jdk.internal.reflect.NativeMethodAccessorImpl.invoke0(Native Method)
	at java.base/jdk.internal.reflect.NativeMethodAccessorImpl.invoke(NativeMethodAccessorImpl.java:77)
	at java.base/jdk.internal.reflect.DelegatingMethodAccessorImpl.invoke(DelegatingMethodAccessorImpl.java:43)
Caused by: com.kms.katalon.core.exception.StepFailedException: Actual text 'http://localhost/SAD/ArtLens/index.php' and expected text 'http://localhost/SAD/ArtLens/admin.php' are not matched
	at com.kms.katalon.core.keyword.builtin.VerifyMatchKeyword$_verifyMatch_closure1.doCall(VerifyMatchKeyword.groovy:57)
	at com.kms.katalon.core.keyword.builtin.VerifyMatchKeyword$_verifyMatch_closure1.call(VerifyMatchKeyword.groovy)
	at com.kms.katalon.core.keyword.internal.KeywordMain.runKeyword(KeywordMain.groovy:75)
	... 24 more]]></system-err>
   </testsuite>
   <testsuite name="Test_Admin_Login" tests="9" failures="4" errors="0" time="211.71" skipped="0" timestamp="23-06-2024T20:41:42" hostname="Summer - DESKTOP-KG5V3HF" id="Test Suites/Test_Admin_Login">
      <properties>
         <property name="deviceName" value=""/>
         <property name="devicePlatform"/>
         <property name="logFolder" value="C:\\DevPackage\\xampp\\htdocs\\SAD\\ArtLens\\Reports\\20240623_204104\\Test_Admin_Login\\20240623_204110"/>
         <property name="logFiles" value="C:\\DevPackage\\xampp\\htdocs\\SAD\\ArtLens\\Reports\\20240623_204104\\Test_Admin_Login\\20240623_204110\\execution0.log"/>
         <property name="attachments" value=""/>
         <property name="hostName" value="Summer - DESKTOP-KG5V3HF"/>
         <property name="os" value="Windows 10 64bit"/>
         <property name="katalonVersion" value="9.6.0.217"/>
         <property name="browser" value="Firefox 128.0"/>
         <property name="hostAddress" value="192.200.100.56"/>
         <property name="sessionId" value="b8f73661-ab02-4f43-8ecd-d8ef1fd1b1a6"/>
         <property name="seleniumVersion" value="3.141.59"/>
         <property name="proxyInformation" value="ProxyInformation { proxyOption=NO_PROXY, proxyServerType=HTTP, username=, password=********, proxyServerAddress=, proxyServerPort=0, executionList=&quot;&quot;, isApplyToDesiredCapabilities=true }"/>
         <property name="platform" value="Windows 10"/>
      </properties>
      <testcase name="Test Cases/admin/landing_page/login_blank" time="37.724" classname="Test Cases/admin/landing_page/login_blank" status="PASSED">
         <system-out><![CDATA[23-06-2024T20:41:42 - [TEST_CASE][PASSED] - Test Cases/admin/landing_page/login_blank: Test Cases/admin/landing_page/login_blank

23-06-2024T20:41:43 - [TEST_STEP][PASSED] - Start listener action : sampleBeforeTestCase: Browser is opened with url: ''

23-06-2024T20:41:43 - [TEST_STEP][PASSED] - println(testCaseContext.getTestCaseId()): null

23-06-2024T20:41:43 - [TEST_STEP][PASSED] - openBrowser(""): Browser is opened with url: ''

23-06-2024T20:41:45 - [MESSAGE][INFO] - Starting 'Firefox (headless)' driver

23-06-2024T20:41:48 - [MESSAGE][INFO] - Action delay is set to 0 milliseconds

23-06-2024T20:41:58 - [MESSAGE][PASSED] - Browser is opened with url: ''

23-06-2024T20:42:00 - [TEST_STEP][PASSED] - try: The URL is correct: http://localhost/SAD/ArtLens/admin.php

23-06-2024T20:42:00 - [TEST_STEP][PASSED] - callTestCase(findTestCase("admin/landing_page/header_bar_visible"), [:], STOP_ON_FAILURE): Call Test Case 'Test Cases/admin/landing_page/header_bar_visible' successfully

23-06-2024T20:42:01 - [TEST_CASE][PASSED] - Test Cases/admin/landing_page/header_bar_visible: Test Cases/admin/landing_page/header_bar_visible

23-06-2024T20:42:01 - [TEST_STEP][PASSED] - callTestCase(findTestCase("admin/landing_page/page_acessible"), [:], STOP_ON_FAILURE): Call Test Case 'Test Cases/admin/landing_page/page_acessible' successfully

23-06-2024T20:42:01 - [TEST_CASE][PASSED] - Test Cases/admin/landing_page/page_acessible: Test Cases/admin/landing_page/page_acessible

23-06-2024T20:42:03 - [TEST_STEP][PASSED] - AdminUtils.openWebPage("admin.php"): Navigate to 'http://localhost/SAD/ArtLens/admin.php' successfully

23-06-2024T20:42:10 - [MESSAGE][INFO] - HAR: C:\DevPackage\xampp\htdocs\SAD\ArtLens\Reports\20240623_204104\Test_Admin_Login\20240623_204110\requests\main\0.har

23-06-2024T20:42:10 - [MESSAGE][PASSED] - Send request successfully

23-06-2024T20:42:10 - [MESSAGE][PASSED] - All links are accessible

23-06-2024T20:42:13 - [MESSAGE][PASSED] - Navigate to 'http://localhost/SAD/ArtLens/admin.php' successfully

23-06-2024T20:42:13 - [MESSAGE][PASSED] - Call Test Case 'Test Cases/admin/landing_page/page_acessible' successfully

23-06-2024T20:42:13 - [TEST_STEP][PASSED] - verifyElementPresent(findTestObject("admin/landing_page/nav_ArtLens            Admin Login"), 0): Object 'Object Repository/admin/landing_page/nav_ArtLens            Admin Login' is present

23-06-2024T20:42:14 - [MESSAGE][WARNING] - Timeout '0' is invalid. Using default page load timeout: '30'

23-06-2024T20:42:15 - [MESSAGE][PASSED] - Object 'Object Repository/admin/landing_page/nav_ArtLens            Admin Login' is present

23-06-2024T20:42:15 - [TEST_STEP][PASSED] - verifyElementVisible(findTestObject("admin/landing_page/nav_ArtLens            Admin Login")): Object 'Object Repository/admin/landing_page/nav_ArtLens            Admin Login' is visible

23-06-2024T20:42:15 - [MESSAGE][PASSED] - Object 'Object Repository/admin/landing_page/nav_ArtLens            Admin Login' is visible

23-06-2024T20:42:15 - [MESSAGE][PASSED] - Call Test Case 'Test Cases/admin/landing_page/header_bar_visible' successfully

23-06-2024T20:42:15 - [TEST_STEP][PASSED] - AdminUtils.adminLogin("", ""): Object: 'Object Repository/admin/landing_page/button_Login' is clicked on

23-06-2024T20:42:15 - [MESSAGE][WARNING] - Timeout '0' is invalid. Using default page load timeout: '30'

23-06-2024T20:42:15 - [MESSAGE][PASSED] - Object 'Object Repository/admin/landing_page/a_Admin Login' is present

23-06-2024T20:42:15 - [MESSAGE][PASSED] - Object 'Object Repository/admin/landing_page/a_Admin Login' is visible

23-06-2024T20:42:16 - [MESSAGE][PASSED] - Object: 'Object Repository/admin/landing_page/a_Admin Login' is clicked on

23-06-2024T20:42:17 - [MESSAGE][PASSED] - Text '' is set on object 'Object Repository/admin/landing_page/input_ARTLENS_uname'

23-06-2024T20:42:18 - [MESSAGE][PASSED] - Object: 'Object Repository/admin/landing_page/button_Show' is clicked on

23-06-2024T20:42:19 - [MESSAGE][PASSED] - Text '' is set on object 'Object Repository/admin/landing_page/input_ARTLENS_pass_1'

23-06-2024T20:42:19 - [MESSAGE][WARNING] - Timeout '0' is invalid. Using default page load timeout: '30'

23-06-2024T20:42:19 - [MESSAGE][PASSED] - Object 'Object Repository/admin/landing_page/button_Login' is present

23-06-2024T20:42:19 - [MESSAGE][PASSED] - Object 'Object Repository/admin/landing_page/button_Login' is visible

23-06-2024T20:42:20 - [MESSAGE][PASSED] - Object: 'Object Repository/admin/landing_page/button_Login' is clicked on

23-06-2024T20:42:20 - [TEST_STEP][PASSED] - currentUrl = getUrl(): Current window's url is: 'http://localhost/SAD/ArtLens/admin.php'

23-06-2024T20:42:20 - [MESSAGE][PASSED] - Current window's url is: 'http://localhost/SAD/ArtLens/admin.php'

23-06-2024T20:42:20 - [TEST_STEP][PASSED] - expectedUrl = $GlobalVariable.appBaseLinkadmin.php: null

23-06-2024T20:42:20 - [TEST_STEP][PASSED] - isUrlCorrect = verifyMatch(currentUrl, expectedUrl, false): Actual text 'http://localhost/SAD/ArtLens/admin.php' and expected text 'http://localhost/SAD/ArtLens/admin.php' are matched 

23-06-2024T20:42:20 - [MESSAGE][PASSED] - Actual text 'http://localhost/SAD/ArtLens/admin.php' and expected text 'http://localhost/SAD/ArtLens/admin.php' are matched 

23-06-2024T20:42:20 - [TEST_STEP][PASSED] - if (isUrlCorrect): The URL is correct: http://localhost/SAD/ArtLens/admin.php

23-06-2024T20:42:20 - [TEST_STEP][PASSED] - markPassed("The URL is correct: " + currentUrl): The URL is correct: http://localhost/SAD/ArtLens/admin.php

23-06-2024T20:42:20 - [MESSAGE][PASSED] - The URL is correct: http://localhost/SAD/ArtLens/admin.php

23-06-2024T20:42:20 - [TEST_STEP][PASSED] - Finally: null

23-06-2024T20:42:20 - [TEST_STEP][PASSED] - Start listener action : sampleAfterTestCase: null]]></system-out>
         <system-err><![CDATA[]]></system-err>
      </testcase>
      <testcase name="Test Cases/admin/landing_page/login_username_blank" time="21.314" classname="Test Cases/admin/landing_page/login_username_blank" status="PASSED">
         <system-out><![CDATA[23-06-2024T20:42:20 - [TEST_CASE][PASSED] - Test Cases/admin/landing_page/login_username_blank: Test Cases/admin/landing_page/login_username_blank

23-06-2024T20:42:20 - [TEST_STEP][PASSED] - Start listener action : sampleBeforeTestCase: Browser is opened with url: ''

23-06-2024T20:42:20 - [TEST_STEP][PASSED] - println(testCaseContext.getTestCaseId()): null

23-06-2024T20:42:20 - [TEST_STEP][PASSED] - openBrowser(""): Browser is opened with url: ''

23-06-2024T20:42:20 - [MESSAGE][WARNING] - A browser is already opened. Closing browser and opening a new one

23-06-2024T20:42:26 - [MESSAGE][INFO] - Starting 'Firefox (headless)' driver

23-06-2024T20:42:26 - [MESSAGE][INFO] - Action delay is set to 0 milliseconds

23-06-2024T20:42:34 - [MESSAGE][PASSED] - Browser is opened with url: ''

23-06-2024T20:42:35 - [TEST_STEP][PASSED] - try: The URL is correct: http://localhost/SAD/ArtLens/admin.php

23-06-2024T20:42:35 - [TEST_STEP][PASSED] - userIndex = userIndex: null

23-06-2024T20:42:35 - [TEST_STEP][PASSED] - callTestCase(findTestCase("admin/landing_page/header_bar_visible"), [:], STOP_ON_FAILURE): Call Test Case 'Test Cases/admin/landing_page/header_bar_visible' successfully

23-06-2024T20:42:35 - [TEST_CASE][PASSED] - Test Cases/admin/landing_page/header_bar_visible: Test Cases/admin/landing_page/header_bar_visible

23-06-2024T20:42:35 - [TEST_STEP][PASSED] - callTestCase(findTestCase("admin/landing_page/page_acessible"), [:], STOP_ON_FAILURE): Call Test Case 'Test Cases/admin/landing_page/page_acessible' successfully

23-06-2024T20:42:35 - [TEST_CASE][PASSED] - Test Cases/admin/landing_page/page_acessible: Test Cases/admin/landing_page/page_acessible

23-06-2024T20:42:35 - [TEST_STEP][PASSED] - AdminUtils.openWebPage("admin.php"): Navigate to 'http://localhost/SAD/ArtLens/admin.php' successfully

23-06-2024T20:42:35 - [MESSAGE][INFO] - HAR: C:\DevPackage\xampp\htdocs\SAD\ArtLens\Reports\20240623_204104\Test_Admin_Login\20240623_204110\requests\main\1.har

23-06-2024T20:42:35 - [MESSAGE][PASSED] - Send request successfully

23-06-2024T20:42:35 - [MESSAGE][PASSED] - All links are accessible

23-06-2024T20:42:36 - [MESSAGE][PASSED] - Navigate to 'http://localhost/SAD/ArtLens/admin.php' successfully

23-06-2024T20:42:36 - [MESSAGE][PASSED] - Call Test Case 'Test Cases/admin/landing_page/page_acessible' successfully

23-06-2024T20:42:36 - [TEST_STEP][PASSED] - verifyElementPresent(findTestObject("admin/landing_page/nav_ArtLens            Admin Login"), 0): Object 'Object Repository/admin/landing_page/nav_ArtLens            Admin Login' is present

23-06-2024T20:42:37 - [MESSAGE][WARNING] - Timeout '0' is invalid. Using default page load timeout: '30'

23-06-2024T20:42:37 - [MESSAGE][PASSED] - Object 'Object Repository/admin/landing_page/nav_ArtLens            Admin Login' is present

23-06-2024T20:42:37 - [TEST_STEP][PASSED] - verifyElementVisible(findTestObject("admin/landing_page/nav_ArtLens            Admin Login")): Object 'Object Repository/admin/landing_page/nav_ArtLens            Admin Login' is visible

23-06-2024T20:42:37 - [MESSAGE][PASSED] - Object 'Object Repository/admin/landing_page/nav_ArtLens            Admin Login' is visible

23-06-2024T20:42:37 - [MESSAGE][PASSED] - Call Test Case 'Test Cases/admin/landing_page/header_bar_visible' successfully

23-06-2024T20:42:37 - [TEST_STEP][PASSED] - AdminUtils.adminLogin("", ValidPasswordCredentials[userIndex]): Object: 'Object Repository/admin/landing_page/button_Login' is clicked on

23-06-2024T20:42:37 - [MESSAGE][WARNING] - Timeout '0' is invalid. Using default page load timeout: '30'

23-06-2024T20:42:37 - [MESSAGE][PASSED] - Object 'Object Repository/admin/landing_page/a_Admin Login' is present

23-06-2024T20:42:38 - [MESSAGE][PASSED] - Object 'Object Repository/admin/landing_page/a_Admin Login' is visible

23-06-2024T20:42:38 - [MESSAGE][PASSED] - Object: 'Object Repository/admin/landing_page/a_Admin Login' is clicked on

23-06-2024T20:42:39 - [MESSAGE][PASSED] - Text '' is set on object 'Object Repository/admin/landing_page/input_ARTLENS_uname'

23-06-2024T20:42:39 - [MESSAGE][PASSED] - Object: 'Object Repository/admin/landing_page/button_Show' is clicked on

23-06-2024T20:42:40 - [MESSAGE][PASSED] - Text '@Helloword' is set on object 'Object Repository/admin/landing_page/input_ARTLENS_pass_1'

23-06-2024T20:42:40 - [MESSAGE][WARNING] - Timeout '0' is invalid. Using default page load timeout: '30'

23-06-2024T20:42:41 - [MESSAGE][PASSED] - Object 'Object Repository/admin/landing_page/button_Login' is present

23-06-2024T20:42:41 - [MESSAGE][PASSED] - Object 'Object Repository/admin/landing_page/button_Login' is visible

23-06-2024T20:42:41 - [MESSAGE][PASSED] - Object: 'Object Repository/admin/landing_page/button_Login' is clicked on

23-06-2024T20:42:41 - [TEST_STEP][PASSED] - currentUrl = getUrl(): Current window's url is: 'http://localhost/SAD/ArtLens/admin.php'

23-06-2024T20:42:41 - [MESSAGE][PASSED] - Current window's url is: 'http://localhost/SAD/ArtLens/admin.php'

23-06-2024T20:42:41 - [TEST_STEP][PASSED] - expectedUrl = $GlobalVariable.appBaseLinkadmin.php: null

23-06-2024T20:42:41 - [TEST_STEP][PASSED] - isUrlCorrect = verifyMatch(currentUrl, expectedUrl, false): Actual text 'http://localhost/SAD/ArtLens/admin.php' and expected text 'http://localhost/SAD/ArtLens/admin.php' are matched 

23-06-2024T20:42:41 - [MESSAGE][PASSED] - Actual text 'http://localhost/SAD/ArtLens/admin.php' and expected text 'http://localhost/SAD/ArtLens/admin.php' are matched 

23-06-2024T20:42:41 - [TEST_STEP][PASSED] - if (isUrlCorrect): The URL is correct: http://localhost/SAD/ArtLens/admin.php

23-06-2024T20:42:41 - [TEST_STEP][PASSED] - markPassed("The URL is correct: " + currentUrl): The URL is correct: http://localhost/SAD/ArtLens/admin.php

23-06-2024T20:42:41 - [MESSAGE][PASSED] - The URL is correct: http://localhost/SAD/ArtLens/admin.php

23-06-2024T20:42:41 - [TEST_STEP][PASSED] - Finally: null

23-06-2024T20:42:41 - [TEST_STEP][PASSED] - Start listener action : sampleAfterTestCase: null]]></system-out>
         <system-err><![CDATA[]]></system-err>
      </testcase>
      <testcase name="Test Cases/admin/landing_page/login_password_blank" time="27.531" classname="Test Cases/admin/landing_page/login_password_blank" status="PASSED">
         <system-out><![CDATA[23-06-2024T20:42:42 - [TEST_CASE][PASSED] - Test Cases/admin/landing_page/login_password_blank: Test Cases/admin/landing_page/login_password_blank

23-06-2024T20:42:42 - [TEST_STEP][PASSED] - Start listener action : sampleBeforeTestCase: Browser is opened with url: ''

23-06-2024T20:42:42 - [TEST_STEP][PASSED] - println(testCaseContext.getTestCaseId()): null

23-06-2024T20:42:42 - [TEST_STEP][PASSED] - openBrowser(""): Browser is opened with url: ''

23-06-2024T20:42:42 - [MESSAGE][WARNING] - A browser is already opened. Closing browser and opening a new one

23-06-2024T20:42:53 - [MESSAGE][INFO] - Starting 'Firefox (headless)' driver

23-06-2024T20:42:53 - [MESSAGE][INFO] - Action delay is set to 0 milliseconds

23-06-2024T20:43:00 - [MESSAGE][PASSED] - Browser is opened with url: ''

23-06-2024T20:43:01 - [TEST_STEP][PASSED] - try: The URL is correct: http://localhost/SAD/ArtLens/admin.php

23-06-2024T20:43:01 - [TEST_STEP][PASSED] - userIndex = userIndex: null

23-06-2024T20:43:01 - [TEST_STEP][PASSED] - callTestCase(findTestCase("admin/landing_page/header_bar_visible"), [:], STOP_ON_FAILURE): Call Test Case 'Test Cases/admin/landing_page/header_bar_visible' successfully

23-06-2024T20:43:01 - [TEST_CASE][PASSED] - Test Cases/admin/landing_page/header_bar_visible: Test Cases/admin/landing_page/header_bar_visible

23-06-2024T20:43:01 - [TEST_STEP][PASSED] - callTestCase(findTestCase("admin/landing_page/page_acessible"), [:], STOP_ON_FAILURE): Call Test Case 'Test Cases/admin/landing_page/page_acessible' successfully

23-06-2024T20:43:01 - [TEST_CASE][PASSED] - Test Cases/admin/landing_page/page_acessible: Test Cases/admin/landing_page/page_acessible

23-06-2024T20:43:01 - [TEST_STEP][PASSED] - AdminUtils.openWebPage("admin.php"): Navigate to 'http://localhost/SAD/ArtLens/admin.php' successfully

23-06-2024T20:43:02 - [MESSAGE][INFO] - HAR: C:\DevPackage\xampp\htdocs\SAD\ArtLens\Reports\20240623_204104\Test_Admin_Login\20240623_204110\requests\main\2.har

23-06-2024T20:43:02 - [MESSAGE][PASSED] - Send request successfully

23-06-2024T20:43:02 - [MESSAGE][PASSED] - All links are accessible

23-06-2024T20:43:06 - [MESSAGE][PASSED] - Navigate to 'http://localhost/SAD/ArtLens/admin.php' successfully

23-06-2024T20:43:06 - [MESSAGE][PASSED] - Call Test Case 'Test Cases/admin/landing_page/page_acessible' successfully

23-06-2024T20:43:06 - [TEST_STEP][PASSED] - verifyElementPresent(findTestObject("admin/landing_page/nav_ArtLens            Admin Login"), 0): Object 'Object Repository/admin/landing_page/nav_ArtLens            Admin Login' is present

23-06-2024T20:43:06 - [MESSAGE][WARNING] - Timeout '0' is invalid. Using default page load timeout: '30'

23-06-2024T20:43:07 - [MESSAGE][PASSED] - Object 'Object Repository/admin/landing_page/nav_ArtLens            Admin Login' is present

23-06-2024T20:43:07 - [TEST_STEP][PASSED] - verifyElementVisible(findTestObject("admin/landing_page/nav_ArtLens            Admin Login")): Object 'Object Repository/admin/landing_page/nav_ArtLens            Admin Login' is visible

23-06-2024T20:43:07 - [MESSAGE][PASSED] - Object 'Object Repository/admin/landing_page/nav_ArtLens            Admin Login' is visible

23-06-2024T20:43:07 - [MESSAGE][PASSED] - Call Test Case 'Test Cases/admin/landing_page/header_bar_visible' successfully

23-06-2024T20:43:07 - [TEST_STEP][PASSED] - AdminUtils.adminLogin(ValidUsernameCredentials[userIndex], ""): Object: 'Object Repository/admin/landing_page/button_Login' is clicked on

23-06-2024T20:43:07 - [MESSAGE][WARNING] - Timeout '0' is invalid. Using default page load timeout: '30'

23-06-2024T20:43:07 - [MESSAGE][PASSED] - Object 'Object Repository/admin/landing_page/a_Admin Login' is present

23-06-2024T20:43:07 - [MESSAGE][PASSED] - Object 'Object Repository/admin/landing_page/a_Admin Login' is visible

23-06-2024T20:43:08 - [MESSAGE][PASSED] - Object: 'Object Repository/admin/landing_page/a_Admin Login' is clicked on

23-06-2024T20:43:08 - [MESSAGE][PASSED] - Text 'admin@gmail.com' is set on object 'Object Repository/admin/landing_page/input_ARTLENS_uname'

23-06-2024T20:43:08 - [MESSAGE][PASSED] - Object: 'Object Repository/admin/landing_page/button_Show' is clicked on

23-06-2024T20:43:09 - [MESSAGE][PASSED] - Text '' is set on object 'Object Repository/admin/landing_page/input_ARTLENS_pass_1'

23-06-2024T20:43:09 - [MESSAGE][WARNING] - Timeout '0' is invalid. Using default page load timeout: '30'

23-06-2024T20:43:09 - [MESSAGE][PASSED] - Object 'Object Repository/admin/landing_page/button_Login' is present

23-06-2024T20:43:09 - [MESSAGE][PASSED] - Object 'Object Repository/admin/landing_page/button_Login' is visible

23-06-2024T20:43:09 - [MESSAGE][PASSED] - Object: 'Object Repository/admin/landing_page/button_Login' is clicked on

23-06-2024T20:43:09 - [TEST_STEP][PASSED] - currentUrl = getUrl(): Current window's url is: 'http://localhost/SAD/ArtLens/admin.php'

23-06-2024T20:43:09 - [MESSAGE][PASSED] - Current window's url is: 'http://localhost/SAD/ArtLens/admin.php'

23-06-2024T20:43:09 - [TEST_STEP][PASSED] - expectedUrl = $GlobalVariable.appBaseLinkadmin.php: null

23-06-2024T20:43:09 - [TEST_STEP][PASSED] - isUrlCorrect = verifyMatch(currentUrl, expectedUrl, false): Actual text 'http://localhost/SAD/ArtLens/admin.php' and expected text 'http://localhost/SAD/ArtLens/admin.php' are matched 

23-06-2024T20:43:09 - [MESSAGE][PASSED] - Actual text 'http://localhost/SAD/ArtLens/admin.php' and expected text 'http://localhost/SAD/ArtLens/admin.php' are matched 

23-06-2024T20:43:09 - [TEST_STEP][PASSED] - if (isUrlCorrect): The URL is correct: http://localhost/SAD/ArtLens/admin.php

23-06-2024T20:43:09 - [TEST_STEP][PASSED] - markPassed("The URL is correct: " + currentUrl): The URL is correct: http://localhost/SAD/ArtLens/admin.php

23-06-2024T20:43:09 - [MESSAGE][PASSED] - The URL is correct: http://localhost/SAD/ArtLens/admin.php

23-06-2024T20:43:09 - [TEST_STEP][PASSED] - Finally: null

23-06-2024T20:43:09 - [TEST_STEP][PASSED] - Start listener action : sampleAfterTestCase: null]]></system-out>
         <system-err><![CDATA[]]></system-err>
      </testcase>
      <testcase name="Test Cases/admin/landing_page/login_username_password_space_only" time="21.214" classname="Test Cases/admin/landing_page/login_username_password_space_only" status="FAILED">
         <failure type="FAILED" message="Test Cases/admin/landing_page/login_username_password_space_only FAILED.&#xa;Reason:&#xa;com.kms.katalon.core.exception.StepFailedException: Validation failed. Username has no invalid feedback: &#xa;	at com.kms.katalon.core.util.KeywordUtil.markFailed(KeywordUtil.java:19)&#xa;	at Script1718796904306$1.execute(Script1718796904306.groovy:39)&#xa;	at com.artlens.utils.AdminUtils.adminLogin(AdminUtils.groovy:60)&#xa;	at login_username_password_space_only.run(login_username_password_space_only:28)&#xa;	at com.kms.katalon.core.main.ScriptEngine.run(ScriptEngine.java:194)&#xa;	at com.kms.katalon.core.main.ScriptEngine.runScriptAsRawText(ScriptEngine.java:119)&#xa;	at com.kms.katalon.core.main.TestCaseExecutor.runScript(TestCaseExecutor.java:448)&#xa;	at com.kms.katalon.core.main.TestCaseExecutor.doExecute(TestCaseExecutor.java:439)&#xa;	at com.kms.katalon.core.main.TestCaseExecutor.processExecutionPhase(TestCaseExecutor.java:418)&#xa;	at com.kms.katalon.core.main.TestCaseExecutor.accessMainPhase(TestCaseExecutor.java:410)&#xa;	at com.kms.katalon.core.main.TestCaseExecutor.execute(TestCaseExecutor.java:285)&#xa;	at com.kms.katalon.core.common.CommonExecutor.accessTestCaseMainPhase(CommonExecutor.java:65)&#xa;	at com.kms.katalon.core.main.TestSuiteExecutor.accessTestSuiteMainPhase(TestSuiteExecutor.java:150)&#xa;	at com.kms.katalon.core.main.TestSuiteExecutor.execute(TestSuiteExecutor.java:106)&#xa;	at com.kms.katalon.core.main.TestCaseMain.startTestSuite(TestCaseMain.java:180)&#xa;	at TempTestSuite1719146470130.run(TempTestSuite1719146470130.groovy:35)&#xa;	at java.base/jdk.internal.reflect.NativeMethodAccessorImpl.invoke0(Native Method)&#xa;	at java.base/jdk.internal.reflect.NativeMethodAccessorImpl.invoke(NativeMethodAccessorImpl.java:77)&#xa;	at java.base/jdk.internal.reflect.DelegatingMethodAccessorImpl.invoke(DelegatingMethodAccessorImpl.java:43)&#xa;"/>
         <system-out><![CDATA[23-06-2024T20:43:09 - [TEST_CASE][FAILED] - Test Cases/admin/landing_page/login_username_password_space_only: Test Cases/admin/landing_page/login_username_password_space_only FAILED.
Reason:
com.kms.katalon.core.exception.StepFailedException: Validation failed. Username has no invalid feedback: 
	at com.kms.katalon.core.util.KeywordUtil.markFailed(KeywordUtil.java:19)
	at Script1718796904306$1.execute(Script1718796904306.groovy:39)
	at com.artlens.utils.AdminUtils.adminLogin(AdminUtils.groovy:60)
	at login_username_password_space_only.run(login_username_password_space_only:28)
	at com.kms.katalon.core.main.ScriptEngine.run(ScriptEngine.java:194)
	at com.kms.katalon.core.main.ScriptEngine.runScriptAsRawText(ScriptEngine.java:119)
	at com.kms.katalon.core.main.TestCaseExecutor.runScript(TestCaseExecutor.java:448)
	at com.kms.katalon.core.main.TestCaseExecutor.doExecute(TestCaseExecutor.java:439)
	at com.kms.katalon.core.main.TestCaseExecutor.processExecutionPhase(TestCaseExecutor.java:418)
	at com.kms.katalon.core.main.TestCaseExecutor.accessMainPhase(TestCaseExecutor.java:410)
	at com.kms.katalon.core.main.TestCaseExecutor.execute(TestCaseExecutor.java:285)
	at com.kms.katalon.core.common.CommonExecutor.accessTestCaseMainPhase(CommonExecutor.java:65)
	at com.kms.katalon.core.main.TestSuiteExecutor.accessTestSuiteMainPhase(TestSuiteExecutor.java:150)
	at com.kms.katalon.core.main.TestSuiteExecutor.execute(TestSuiteExecutor.java:106)
	at com.kms.katalon.core.main.TestCaseMain.startTestSuite(TestCaseMain.java:180)
	at TempTestSuite1719146470130.run(TempTestSuite1719146470130.groovy:35)
	at java.base/jdk.internal.reflect.NativeMethodAccessorImpl.invoke0(Native Method)
	at java.base/jdk.internal.reflect.NativeMethodAccessorImpl.invoke(NativeMethodAccessorImpl.java:77)
	at java.base/jdk.internal.reflect.DelegatingMethodAccessorImpl.invoke(DelegatingMethodAccessorImpl.java:43)


23-06-2024T20:43:10 - [TEST_STEP][PASSED] - Start listener action : sampleBeforeTestCase: Browser is opened with url: ''

23-06-2024T20:43:10 - [TEST_STEP][PASSED] - println(testCaseContext.getTestCaseId()): null

23-06-2024T20:43:10 - [TEST_STEP][PASSED] - openBrowser(""): Browser is opened with url: ''

23-06-2024T20:43:10 - [MESSAGE][WARNING] - A browser is already opened. Closing browser and opening a new one

23-06-2024T20:43:14 - [MESSAGE][INFO] - Starting 'Firefox (headless)' driver

23-06-2024T20:43:14 - [MESSAGE][INFO] - Action delay is set to 0 milliseconds

23-06-2024T20:43:24 - [MESSAGE][PASSED] - Browser is opened with url: ''

23-06-2024T20:43:25 - [TEST_STEP][PASSED] - try: Text '@Helloword' is set on object 'Object Repository/admin/landing_page/input_ARTLENS_pass_1'

23-06-2024T20:43:25 - [TEST_STEP][PASSED] - userIndex = userIndex: null

23-06-2024T20:43:25 - [TEST_STEP][PASSED] - callTestCase(findTestCase("admin/landing_page/header_bar_visible"), [:], STOP_ON_FAILURE): Call Test Case 'Test Cases/admin/landing_page/header_bar_visible' successfully

23-06-2024T20:43:25 - [TEST_CASE][PASSED] - Test Cases/admin/landing_page/header_bar_visible: Test Cases/admin/landing_page/header_bar_visible

23-06-2024T20:43:25 - [TEST_STEP][PASSED] - callTestCase(findTestCase("admin/landing_page/page_acessible"), [:], STOP_ON_FAILURE): Call Test Case 'Test Cases/admin/landing_page/page_acessible' successfully

23-06-2024T20:43:25 - [TEST_CASE][PASSED] - Test Cases/admin/landing_page/page_acessible: Test Cases/admin/landing_page/page_acessible

23-06-2024T20:43:25 - [TEST_STEP][PASSED] - AdminUtils.openWebPage("admin.php"): Navigate to 'http://localhost/SAD/ArtLens/admin.php' successfully

23-06-2024T20:43:25 - [MESSAGE][INFO] - HAR: C:\DevPackage\xampp\htdocs\SAD\ArtLens\Reports\20240623_204104\Test_Admin_Login\20240623_204110\requests\main\3.har

23-06-2024T20:43:25 - [MESSAGE][PASSED] - Send request successfully

23-06-2024T20:43:25 - [MESSAGE][PASSED] - All links are accessible

23-06-2024T20:43:26 - [MESSAGE][PASSED] - Navigate to 'http://localhost/SAD/ArtLens/admin.php' successfully

23-06-2024T20:43:26 - [MESSAGE][PASSED] - Call Test Case 'Test Cases/admin/landing_page/page_acessible' successfully

23-06-2024T20:43:26 - [TEST_STEP][PASSED] - verifyElementPresent(findTestObject("admin/landing_page/nav_ArtLens            Admin Login"), 0): Object 'Object Repository/admin/landing_page/nav_ArtLens            Admin Login' is present

23-06-2024T20:43:26 - [MESSAGE][WARNING] - Timeout '0' is invalid. Using default page load timeout: '30'

23-06-2024T20:43:26 - [MESSAGE][PASSED] - Object 'Object Repository/admin/landing_page/nav_ArtLens            Admin Login' is present

23-06-2024T20:43:26 - [TEST_STEP][PASSED] - verifyElementVisible(findTestObject("admin/landing_page/nav_ArtLens            Admin Login")): Object 'Object Repository/admin/landing_page/nav_ArtLens            Admin Login' is visible

23-06-2024T20:43:26 - [MESSAGE][PASSED] - Object 'Object Repository/admin/landing_page/nav_ArtLens            Admin Login' is visible

23-06-2024T20:43:26 - [MESSAGE][PASSED] - Call Test Case 'Test Cases/admin/landing_page/header_bar_visible' successfully

23-06-2024T20:43:26 - [TEST_STEP][PASSED] - AdminUtils.adminLogin(" ", ValidPasswordCredentials[userIndex], new Script1718796904306$1(this)): Text '@Helloword' is set on object 'Object Repository/admin/landing_page/input_ARTLENS_pass_1'

23-06-2024T20:43:26 - [MESSAGE][WARNING] - Timeout '0' is invalid. Using default page load timeout: '30'

23-06-2024T20:43:26 - [MESSAGE][PASSED] - Object 'Object Repository/admin/landing_page/a_Admin Login' is present

23-06-2024T20:43:27 - [MESSAGE][PASSED] - Object 'Object Repository/admin/landing_page/a_Admin Login' is visible

23-06-2024T20:43:28 - [MESSAGE][PASSED] - Object: 'Object Repository/admin/landing_page/a_Admin Login' is clicked on

23-06-2024T20:43:28 - [MESSAGE][PASSED] - Text ' ' is set on object 'Object Repository/admin/landing_page/input_ARTLENS_uname'

23-06-2024T20:43:29 - [MESSAGE][PASSED] - Object: 'Object Repository/admin/landing_page/button_Show' is clicked on

23-06-2024T20:43:29 - [MESSAGE][PASSED] - Text '@Helloword' is set on object 'Object Repository/admin/landing_page/input_ARTLENS_pass_1'

23-06-2024T20:43:29 - [TEST_STEP][PASSED] - click(findTestObject("admin/landing_page/div_ARTLENS_Modal_Login_Form")): Object: 'Object Repository/admin/landing_page/div_ARTLENS_Modal_Login_Form' is clicked on

23-06-2024T20:43:29 - [MESSAGE][PASSED] - Object: 'Object Repository/admin/landing_page/div_ARTLENS_Modal_Login_Form' is clicked on

23-06-2024T20:43:29 - [TEST_STEP][PASSED] - Thread.sleep(500): null

23-06-2024T20:43:30 - [TEST_STEP][PASSED] - isUsernameInvalid = AdminUtils.containsClass(findTestObject("Object Repository/admin/landing_page/input_ARTLENS_uname"), "is-invalid"): Attribute 'class' of object 'Object Repository/admin/landing_page/input_ARTLENS_uname' is: 'form-control input1'

23-06-2024T20:43:30 - [MESSAGE][PASSED] - Attribute 'class' of object 'Object Repository/admin/landing_page/input_ARTLENS_uname' is: 'form-control input1'

23-06-2024T20:43:30 - [TEST_STEP][PASSED] - if (!(isUsernameInvalid)): The URL is correct: http://localhost/SAD/ArtLens/admin.php

23-06-2024T20:43:30 - [TEST_STEP][PASSED] - markFailed("Validation failed. Username has no invalid feedback: "): Object: 'Object Repository/admin/landing_page/button_Login' is clicked on

23-06-2024T20:43:30 - [MESSAGE][FAILED] - Validation failed. Username has no invalid feedback: 

23-06-2024T20:43:30 - [MESSAGE][WARNING] - Timeout '0' is invalid. Using default page load timeout: '30'

23-06-2024T20:43:30 - [MESSAGE][PASSED] - Object 'Object Repository/admin/landing_page/button_Login' is present

23-06-2024T20:43:30 - [MESSAGE][PASSED] - Object 'Object Repository/admin/landing_page/button_Login' is visible

23-06-2024T20:43:30 - [MESSAGE][PASSED] - Object: 'Object Repository/admin/landing_page/button_Login' is clicked on

23-06-2024T20:43:30 - [TEST_STEP][PASSED] - currentUrl = getUrl(): Current window's url is: 'http://localhost/SAD/ArtLens/admin.php'

23-06-2024T20:43:30 - [MESSAGE][PASSED] - Current window's url is: 'http://localhost/SAD/ArtLens/admin.php'

23-06-2024T20:43:30 - [TEST_STEP][PASSED] - expectedUrl = $GlobalVariable.appBaseLinkadmin.php: null

23-06-2024T20:43:30 - [TEST_STEP][PASSED] - isUrlCorrect = verifyMatch(currentUrl, expectedUrl, false): Actual text 'http://localhost/SAD/ArtLens/admin.php' and expected text 'http://localhost/SAD/ArtLens/admin.php' are matched 

23-06-2024T20:43:30 - [MESSAGE][PASSED] - Actual text 'http://localhost/SAD/ArtLens/admin.php' and expected text 'http://localhost/SAD/ArtLens/admin.php' are matched 

23-06-2024T20:43:30 - [TEST_STEP][PASSED] - if (isUrlCorrect): The URL is correct: http://localhost/SAD/ArtLens/admin.php

23-06-2024T20:43:30 - [TEST_STEP][PASSED] - markPassed("The URL is correct: " + currentUrl): The URL is correct: http://localhost/SAD/ArtLens/admin.php

23-06-2024T20:43:30 - [MESSAGE][PASSED] - The URL is correct: http://localhost/SAD/ArtLens/admin.php

23-06-2024T20:43:30 - [TEST_STEP][PASSED] - Finally: null

23-06-2024T20:43:30 - [TEST_STEP][PASSED] - Start listener action : sampleAfterTestCase: null]]></system-out>
         <system-err><![CDATA[23-06-2024T20:43:09 - [TEST_CASE][FAILED] - Test Cases/admin/landing_page/login_username_password_space_only: Test Cases/admin/landing_page/login_username_password_space_only FAILED.
Reason:
com.kms.katalon.core.exception.StepFailedException: Validation failed. Username has no invalid feedback: 
	at com.kms.katalon.core.util.KeywordUtil.markFailed(KeywordUtil.java:19)
	at Script1718796904306$1.execute(Script1718796904306.groovy:39)
	at com.artlens.utils.AdminUtils.adminLogin(AdminUtils.groovy:60)
	at login_username_password_space_only.run(login_username_password_space_only:28)
	at com.kms.katalon.core.main.ScriptEngine.run(ScriptEngine.java:194)
	at com.kms.katalon.core.main.ScriptEngine.runScriptAsRawText(ScriptEngine.java:119)
	at com.kms.katalon.core.main.TestCaseExecutor.runScript(TestCaseExecutor.java:448)
	at com.kms.katalon.core.main.TestCaseExecutor.doExecute(TestCaseExecutor.java:439)
	at com.kms.katalon.core.main.TestCaseExecutor.processExecutionPhase(TestCaseExecutor.java:418)
	at com.kms.katalon.core.main.TestCaseExecutor.accessMainPhase(TestCaseExecutor.java:410)
	at com.kms.katalon.core.main.TestCaseExecutor.execute(TestCaseExecutor.java:285)
	at com.kms.katalon.core.common.CommonExecutor.accessTestCaseMainPhase(CommonExecutor.java:65)
	at com.kms.katalon.core.main.TestSuiteExecutor.accessTestSuiteMainPhase(TestSuiteExecutor.java:150)
	at com.kms.katalon.core.main.TestSuiteExecutor.execute(TestSuiteExecutor.java:106)
	at com.kms.katalon.core.main.TestCaseMain.startTestSuite(TestCaseMain.java:180)
	at TempTestSuite1719146470130.run(TempTestSuite1719146470130.groovy:35)
	at java.base/jdk.internal.reflect.NativeMethodAccessorImpl.invoke0(Native Method)
	at java.base/jdk.internal.reflect.NativeMethodAccessorImpl.invoke(NativeMethodAccessorImpl.java:77)
	at java.base/jdk.internal.reflect.DelegatingMethodAccessorImpl.invoke(DelegatingMethodAccessorImpl.java:43)]]></system-err>
      </testcase>
      <testcase name="Test Cases/admin/landing_page/login_username_space_only" time="20.315" classname="Test Cases/admin/landing_page/login_username_space_only" status="FAILED">
         <failure type="FAILED" message="Test Cases/admin/landing_page/login_username_space_only FAILED.&#xa;Reason:&#xa;com.kms.katalon.core.exception.StepFailedException&#xa;	at com.kms.katalon.core.util.KeywordUtil.markFailed(KeywordUtil.java:19)&#xa;	at Script1718796813888$1.execute(Script1718796813888.groovy:41)&#xa;	at com.artlens.utils.AdminUtils.adminLogin(AdminUtils.groovy:60)&#xa;	at login_username_space_only.run(login_username_space_only:31)&#xa;	at com.kms.katalon.core.main.ScriptEngine.run(ScriptEngine.java:194)&#xa;	at com.kms.katalon.core.main.ScriptEngine.runScriptAsRawText(ScriptEngine.java:119)&#xa;	at com.kms.katalon.core.main.TestCaseExecutor.runScript(TestCaseExecutor.java:448)&#xa;	at com.kms.katalon.core.main.TestCaseExecutor.doExecute(TestCaseExecutor.java:439)&#xa;	at com.kms.katalon.core.main.TestCaseExecutor.processExecutionPhase(TestCaseExecutor.java:418)&#xa;	at com.kms.katalon.core.main.TestCaseExecutor.accessMainPhase(TestCaseExecutor.java:410)&#xa;	at com.kms.katalon.core.main.TestCaseExecutor.execute(TestCaseExecutor.java:285)&#xa;	at com.kms.katalon.core.common.CommonExecutor.accessTestCaseMainPhase(CommonExecutor.java:65)&#xa;	at com.kms.katalon.core.main.TestSuiteExecutor.accessTestSuiteMainPhase(TestSuiteExecutor.java:150)&#xa;	at com.kms.katalon.core.main.TestSuiteExecutor.execute(TestSuiteExecutor.java:106)&#xa;	at com.kms.katalon.core.main.TestCaseMain.startTestSuite(TestCaseMain.java:180)&#xa;	at TempTestSuite1719146470130.run(TempTestSuite1719146470130.groovy:35)&#xa;	at java.base/jdk.internal.reflect.NativeMethodAccessorImpl.invoke0(Native Method)&#xa;	at java.base/jdk.internal.reflect.NativeMethodAccessorImpl.invoke(NativeMethodAccessorImpl.java:77)&#xa;	at java.base/jdk.internal.reflect.DelegatingMethodAccessorImpl.invoke(DelegatingMethodAccessorImpl.java:43)&#xa;"/>
         <system-out><![CDATA[23-06-2024T20:43:30 - [TEST_CASE][FAILED] - Test Cases/admin/landing_page/login_username_space_only: Test Cases/admin/landing_page/login_username_space_only FAILED.
Reason:
com.kms.katalon.core.exception.StepFailedException
	at com.kms.katalon.core.util.KeywordUtil.markFailed(KeywordUtil.java:19)
	at Script1718796813888$1.execute(Script1718796813888.groovy:41)
	at com.artlens.utils.AdminUtils.adminLogin(AdminUtils.groovy:60)
	at login_username_space_only.run(login_username_space_only:31)
	at com.kms.katalon.core.main.ScriptEngine.run(ScriptEngine.java:194)
	at com.kms.katalon.core.main.ScriptEngine.runScriptAsRawText(ScriptEngine.java:119)
	at com.kms.katalon.core.main.TestCaseExecutor.runScript(TestCaseExecutor.java:448)
	at com.kms.katalon.core.main.TestCaseExecutor.doExecute(TestCaseExecutor.java:439)
	at com.kms.katalon.core.main.TestCaseExecutor.processExecutionPhase(TestCaseExecutor.java:418)
	at com.kms.katalon.core.main.TestCaseExecutor.accessMainPhase(TestCaseExecutor.java:410)
	at com.kms.katalon.core.main.TestCaseExecutor.execute(TestCaseExecutor.java:285)
	at com.kms.katalon.core.common.CommonExecutor.accessTestCaseMainPhase(CommonExecutor.java:65)
	at com.kms.katalon.core.main.TestSuiteExecutor.accessTestSuiteMainPhase(TestSuiteExecutor.java:150)
	at com.kms.katalon.core.main.TestSuiteExecutor.execute(TestSuiteExecutor.java:106)
	at com.kms.katalon.core.main.TestCaseMain.startTestSuite(TestCaseMain.java:180)
	at TempTestSuite1719146470130.run(TempTestSuite1719146470130.groovy:35)
	at java.base/jdk.internal.reflect.NativeMethodAccessorImpl.invoke0(Native Method)
	at java.base/jdk.internal.reflect.NativeMethodAccessorImpl.invoke(NativeMethodAccessorImpl.java:77)
	at java.base/jdk.internal.reflect.DelegatingMethodAccessorImpl.invoke(DelegatingMethodAccessorImpl.java:43)


23-06-2024T20:43:31 - [TEST_STEP][PASSED] - Start listener action : sampleBeforeTestCase: Browser is opened with url: ''

23-06-2024T20:43:31 - [TEST_STEP][PASSED] - println(testCaseContext.getTestCaseId()): null

23-06-2024T20:43:31 - [TEST_STEP][PASSED] - openBrowser(""): Browser is opened with url: ''

23-06-2024T20:43:31 - [MESSAGE][WARNING] - A browser is already opened. Closing browser and opening a new one

23-06-2024T20:43:37 - [MESSAGE][INFO] - Starting 'Firefox (headless)' driver

23-06-2024T20:43:37 - [MESSAGE][INFO] - Action delay is set to 0 milliseconds

23-06-2024T20:43:44 - [MESSAGE][PASSED] - Browser is opened with url: ''

23-06-2024T20:43:45 - [TEST_STEP][PASSED] - try: Text '@Helloword' is set on object 'Object Repository/admin/landing_page/input_ARTLENS_pass_1'

23-06-2024T20:43:45 - [TEST_STEP][PASSED] - userIndex = userIndex: null

23-06-2024T20:43:45 - [TEST_STEP][PASSED] - callTestCase(findTestCase("admin/landing_page/header_bar_visible"), [:], STOP_ON_FAILURE): Call Test Case 'Test Cases/admin/landing_page/header_bar_visible' successfully

23-06-2024T20:43:45 - [TEST_CASE][PASSED] - Test Cases/admin/landing_page/header_bar_visible: Test Cases/admin/landing_page/header_bar_visible

23-06-2024T20:43:45 - [TEST_STEP][PASSED] - callTestCase(findTestCase("admin/landing_page/page_acessible"), [:], STOP_ON_FAILURE): Call Test Case 'Test Cases/admin/landing_page/page_acessible' successfully

23-06-2024T20:43:45 - [TEST_CASE][PASSED] - Test Cases/admin/landing_page/page_acessible: Test Cases/admin/landing_page/page_acessible

23-06-2024T20:43:45 - [TEST_STEP][PASSED] - AdminUtils.openWebPage("admin.php"): Navigate to 'http://localhost/SAD/ArtLens/admin.php' successfully

23-06-2024T20:43:45 - [MESSAGE][INFO] - HAR: C:\DevPackage\xampp\htdocs\SAD\ArtLens\Reports\20240623_204104\Test_Admin_Login\20240623_204110\requests\main\4.har

23-06-2024T20:43:45 - [MESSAGE][PASSED] - Send request successfully

23-06-2024T20:43:45 - [MESSAGE][PASSED] - All links are accessible

23-06-2024T20:43:46 - [MESSAGE][PASSED] - Navigate to 'http://localhost/SAD/ArtLens/admin.php' successfully

23-06-2024T20:43:46 - [MESSAGE][PASSED] - Call Test Case 'Test Cases/admin/landing_page/page_acessible' successfully

23-06-2024T20:43:46 - [TEST_STEP][PASSED] - verifyElementPresent(findTestObject("admin/landing_page/nav_ArtLens            Admin Login"), 0): Object 'Object Repository/admin/landing_page/nav_ArtLens            Admin Login' is present

23-06-2024T20:43:46 - [MESSAGE][WARNING] - Timeout '0' is invalid. Using default page load timeout: '30'

23-06-2024T20:43:47 - [MESSAGE][PASSED] - Object 'Object Repository/admin/landing_page/nav_ArtLens            Admin Login' is present

23-06-2024T20:43:47 - [TEST_STEP][PASSED] - verifyElementVisible(findTestObject("admin/landing_page/nav_ArtLens            Admin Login")): Object 'Object Repository/admin/landing_page/nav_ArtLens            Admin Login' is visible

23-06-2024T20:43:47 - [MESSAGE][PASSED] - Object 'Object Repository/admin/landing_page/nav_ArtLens            Admin Login' is visible

23-06-2024T20:43:47 - [MESSAGE][PASSED] - Call Test Case 'Test Cases/admin/landing_page/header_bar_visible' successfully

23-06-2024T20:43:47 - [TEST_STEP][PASSED] - AdminUtils.adminLogin(" ", ValidPasswordCredentials[userIndex], new Script1718796813888$1(this)): Text '@Helloword' is set on object 'Object Repository/admin/landing_page/input_ARTLENS_pass_1'

23-06-2024T20:43:47 - [MESSAGE][WARNING] - Timeout '0' is invalid. Using default page load timeout: '30'

23-06-2024T20:43:47 - [MESSAGE][PASSED] - Object 'Object Repository/admin/landing_page/a_Admin Login' is present

23-06-2024T20:43:47 - [MESSAGE][PASSED] - Object 'Object Repository/admin/landing_page/a_Admin Login' is visible

23-06-2024T20:43:48 - [MESSAGE][PASSED] - Object: 'Object Repository/admin/landing_page/a_Admin Login' is clicked on

23-06-2024T20:43:49 - [MESSAGE][PASSED] - Text ' ' is set on object 'Object Repository/admin/landing_page/input_ARTLENS_uname'

23-06-2024T20:43:49 - [MESSAGE][PASSED] - Object: 'Object Repository/admin/landing_page/button_Show' is clicked on

23-06-2024T20:43:49 - [MESSAGE][PASSED] - Text '@Helloword' is set on object 'Object Repository/admin/landing_page/input_ARTLENS_pass_1'

23-06-2024T20:43:49 - [TEST_STEP][PASSED] - click(findTestObject("admin/landing_page/div_ARTLENS_Modal_Login_Form")): Object: 'Object Repository/admin/landing_page/div_ARTLENS_Modal_Login_Form' is clicked on

23-06-2024T20:43:49 - [MESSAGE][PASSED] - Object: 'Object Repository/admin/landing_page/div_ARTLENS_Modal_Login_Form' is clicked on

23-06-2024T20:43:49 - [TEST_STEP][PASSED] - Thread.sleep(500): null

23-06-2024T20:43:50 - [TEST_STEP][PASSED] - isUsernameInvalid = AdminUtils.containsClass(findTestObject("Object Repository/admin/landing_page/input_ARTLENS_uname"), "is-invalid"): Attribute 'class' of object 'Object Repository/admin/landing_page/input_ARTLENS_uname' is: 'form-control input1'

23-06-2024T20:43:50 - [MESSAGE][PASSED] - Attribute 'class' of object 'Object Repository/admin/landing_page/input_ARTLENS_uname' is: 'form-control input1'

23-06-2024T20:43:50 - [TEST_STEP][FAILED] - if (!(isUsernameInvalid)): 

23-06-2024T20:43:50 - [TEST_STEP][PASSED] - markFailed(): Object: 'Object Repository/admin/landing_page/button_Login' is clicked on

23-06-2024T20:43:50 - [MESSAGE][FAILED] - 

23-06-2024T20:43:50 - [MESSAGE][WARNING] - Timeout '0' is invalid. Using default page load timeout: '30'

23-06-2024T20:43:50 - [MESSAGE][PASSED] - Object 'Object Repository/admin/landing_page/button_Login' is present

23-06-2024T20:43:50 - [MESSAGE][PASSED] - Object 'Object Repository/admin/landing_page/button_Login' is visible

23-06-2024T20:43:51 - [MESSAGE][PASSED] - Object: 'Object Repository/admin/landing_page/button_Login' is clicked on

23-06-2024T20:43:51 - [TEST_STEP][PASSED] - currentUrl = getUrl(): Current window's url is: 'http://localhost/SAD/ArtLens/admin.php'

23-06-2024T20:43:51 - [MESSAGE][PASSED] - Current window's url is: 'http://localhost/SAD/ArtLens/admin.php'

23-06-2024T20:43:51 - [TEST_STEP][PASSED] - expectedUrl = $GlobalVariable.appBaseLinkadmin.php: null

23-06-2024T20:43:51 - [TEST_STEP][PASSED] - isUrlCorrect = verifyMatch(currentUrl, expectedUrl, false): Actual text 'http://localhost/SAD/ArtLens/admin.php' and expected text 'http://localhost/SAD/ArtLens/admin.php' are matched 

23-06-2024T20:43:51 - [MESSAGE][PASSED] - Actual text 'http://localhost/SAD/ArtLens/admin.php' and expected text 'http://localhost/SAD/ArtLens/admin.php' are matched 

23-06-2024T20:43:51 - [TEST_STEP][FAILED] - if (isUrlCorrect): 

23-06-2024T20:43:51 - [TEST_STEP][PASSED] - markPassed("The URL is correct: " + currentUrl): The URL is correct: http://localhost/SAD/ArtLens/admin.php

23-06-2024T20:43:51 - [MESSAGE][PASSED] - The URL is correct: http://localhost/SAD/ArtLens/admin.php

23-06-2024T20:43:51 - [TEST_STEP][PASSED] - isUsernameInvalid = AdminUtils.containsClass(findTestObject("Object Repository/admin/landing_page/input_ARTLENS_uname"), "is-invalid"): Attribute 'class' of object 'Object Repository/admin/landing_page/input_ARTLENS_uname' is: 'form-control input1'

23-06-2024T20:43:51 - [MESSAGE][PASSED] - Attribute 'class' of object 'Object Repository/admin/landing_page/input_ARTLENS_uname' is: 'form-control input1'

23-06-2024T20:43:51 - [TEST_STEP][FAILED] - if (!(isUsernameInvalid)): 

23-06-2024T20:43:51 - [TEST_STEP][FAILED] - markFailed(): 

23-06-2024T20:43:51 - [MESSAGE][FAILED] - 

23-06-2024T20:43:51 - [TEST_STEP][PASSED] - Finally: null

23-06-2024T20:43:51 - [TEST_STEP][PASSED] - Start listener action : sampleAfterTestCase: null]]></system-out>
         <system-err><![CDATA[23-06-2024T20:43:30 - [TEST_CASE][FAILED] - Test Cases/admin/landing_page/login_username_space_only: Test Cases/admin/landing_page/login_username_space_only FAILED.
Reason:
com.kms.katalon.core.exception.StepFailedException
	at com.kms.katalon.core.util.KeywordUtil.markFailed(KeywordUtil.java:19)
	at Script1718796813888$1.execute(Script1718796813888.groovy:41)
	at com.artlens.utils.AdminUtils.adminLogin(AdminUtils.groovy:60)
	at login_username_space_only.run(login_username_space_only:31)
	at com.kms.katalon.core.main.ScriptEngine.run(ScriptEngine.java:194)
	at com.kms.katalon.core.main.ScriptEngine.runScriptAsRawText(ScriptEngine.java:119)
	at com.kms.katalon.core.main.TestCaseExecutor.runScript(TestCaseExecutor.java:448)
	at com.kms.katalon.core.main.TestCaseExecutor.doExecute(TestCaseExecutor.java:439)
	at com.kms.katalon.core.main.TestCaseExecutor.processExecutionPhase(TestCaseExecutor.java:418)
	at com.kms.katalon.core.main.TestCaseExecutor.accessMainPhase(TestCaseExecutor.java:410)
	at com.kms.katalon.core.main.TestCaseExecutor.execute(TestCaseExecutor.java:285)
	at com.kms.katalon.core.common.CommonExecutor.accessTestCaseMainPhase(CommonExecutor.java:65)
	at com.kms.katalon.core.main.TestSuiteExecutor.accessTestSuiteMainPhase(TestSuiteExecutor.java:150)
	at com.kms.katalon.core.main.TestSuiteExecutor.execute(TestSuiteExecutor.java:106)
	at com.kms.katalon.core.main.TestCaseMain.startTestSuite(TestCaseMain.java:180)
	at TempTestSuite1719146470130.run(TempTestSuite1719146470130.groovy:35)
	at java.base/jdk.internal.reflect.NativeMethodAccessorImpl.invoke0(Native Method)
	at java.base/jdk.internal.reflect.NativeMethodAccessorImpl.invoke(NativeMethodAccessorImpl.java:77)
	at java.base/jdk.internal.reflect.DelegatingMethodAccessorImpl.invoke(DelegatingMethodAccessorImpl.java:43)]]></system-err>
      </testcase>
      <testcase name="Test Cases/admin/landing_page/login_password_space_only" time="21.224" classname="Test Cases/admin/landing_page/login_password_space_only" status="PASSED">
         <system-out><![CDATA[23-06-2024T20:43:51 - [TEST_CASE][PASSED] - Test Cases/admin/landing_page/login_password_space_only: Test Cases/admin/landing_page/login_password_space_only

23-06-2024T20:43:51 - [TEST_STEP][PASSED] - Start listener action : sampleBeforeTestCase: Browser is opened with url: ''

23-06-2024T20:43:51 - [TEST_STEP][PASSED] - println(testCaseContext.getTestCaseId()): null

23-06-2024T20:43:51 - [TEST_STEP][PASSED] - openBrowser(""): Browser is opened with url: ''

23-06-2024T20:43:51 - [MESSAGE][WARNING] - A browser is already opened. Closing browser and opening a new one

23-06-2024T20:43:57 - [MESSAGE][INFO] - Starting 'Firefox (headless)' driver

23-06-2024T20:43:57 - [MESSAGE][INFO] - Action delay is set to 0 milliseconds

23-06-2024T20:44:03 - [MESSAGE][PASSED] - Browser is opened with url: ''

23-06-2024T20:44:05 - [TEST_STEP][PASSED] - try: The URL is correct: http://localhost/SAD/ArtLens/admin.php

23-06-2024T20:44:05 - [TEST_STEP][PASSED] - userIndex = userIndex: null

23-06-2024T20:44:05 - [TEST_STEP][PASSED] - callTestCase(findTestCase("admin/landing_page/header_bar_visible"), [:], STOP_ON_FAILURE): Call Test Case 'Test Cases/admin/landing_page/header_bar_visible' successfully

23-06-2024T20:44:05 - [TEST_CASE][PASSED] - Test Cases/admin/landing_page/header_bar_visible: Test Cases/admin/landing_page/header_bar_visible

23-06-2024T20:44:05 - [TEST_STEP][PASSED] - callTestCase(findTestCase("admin/landing_page/page_acessible"), [:], STOP_ON_FAILURE): Call Test Case 'Test Cases/admin/landing_page/page_acessible' successfully

23-06-2024T20:44:05 - [TEST_CASE][PASSED] - Test Cases/admin/landing_page/page_acessible: Test Cases/admin/landing_page/page_acessible

23-06-2024T20:44:05 - [TEST_STEP][PASSED] - AdminUtils.openWebPage("admin.php"): Navigate to 'http://localhost/SAD/ArtLens/admin.php' successfully

23-06-2024T20:44:05 - [MESSAGE][INFO] - HAR: C:\DevPackage\xampp\htdocs\SAD\ArtLens\Reports\20240623_204104\Test_Admin_Login\20240623_204110\requests\main\5.har

23-06-2024T20:44:05 - [MESSAGE][PASSED] - Send request successfully

23-06-2024T20:44:05 - [MESSAGE][PASSED] - All links are accessible

23-06-2024T20:44:08 - [MESSAGE][PASSED] - Navigate to 'http://localhost/SAD/ArtLens/admin.php' successfully

23-06-2024T20:44:08 - [MESSAGE][PASSED] - Call Test Case 'Test Cases/admin/landing_page/page_acessible' successfully

23-06-2024T20:44:08 - [TEST_STEP][PASSED] - verifyElementPresent(findTestObject("admin/landing_page/nav_ArtLens            Admin Login"), 0): Object 'Object Repository/admin/landing_page/nav_ArtLens            Admin Login' is present

23-06-2024T20:44:08 - [MESSAGE][WARNING] - Timeout '0' is invalid. Using default page load timeout: '30'

23-06-2024T20:44:09 - [MESSAGE][PASSED] - Object 'Object Repository/admin/landing_page/nav_ArtLens            Admin Login' is present

23-06-2024T20:44:09 - [TEST_STEP][PASSED] - verifyElementVisible(findTestObject("admin/landing_page/nav_ArtLens            Admin Login")): Object 'Object Repository/admin/landing_page/nav_ArtLens            Admin Login' is visible

23-06-2024T20:44:09 - [MESSAGE][PASSED] - Object 'Object Repository/admin/landing_page/nav_ArtLens            Admin Login' is visible

23-06-2024T20:44:09 - [MESSAGE][PASSED] - Call Test Case 'Test Cases/admin/landing_page/header_bar_visible' successfully

23-06-2024T20:44:09 - [TEST_STEP][PASSED] - AdminUtils.adminLogin(ValidUsernameCredentials[userIndex], " "): Object: 'Object Repository/admin/landing_page/button_Login' is clicked on

23-06-2024T20:44:09 - [MESSAGE][WARNING] - Timeout '0' is invalid. Using default page load timeout: '30'

23-06-2024T20:44:09 - [MESSAGE][PASSED] - Object 'Object Repository/admin/landing_page/a_Admin Login' is present

23-06-2024T20:44:09 - [MESSAGE][PASSED] - Object 'Object Repository/admin/landing_page/a_Admin Login' is visible

23-06-2024T20:44:09 - [MESSAGE][PASSED] - Object: 'Object Repository/admin/landing_page/a_Admin Login' is clicked on

23-06-2024T20:44:10 - [MESSAGE][PASSED] - Text 'admin@gmail.com' is set on object 'Object Repository/admin/landing_page/input_ARTLENS_uname'

23-06-2024T20:44:10 - [MESSAGE][PASSED] - Object: 'Object Repository/admin/landing_page/button_Show' is clicked on

23-06-2024T20:44:11 - [MESSAGE][PASSED] - Text ' ' is set on object 'Object Repository/admin/landing_page/input_ARTLENS_pass_1'

23-06-2024T20:44:11 - [MESSAGE][WARNING] - Timeout '0' is invalid. Using default page load timeout: '30'

23-06-2024T20:44:11 - [MESSAGE][PASSED] - Object 'Object Repository/admin/landing_page/button_Login' is present

23-06-2024T20:44:11 - [MESSAGE][PASSED] - Object 'Object Repository/admin/landing_page/button_Login' is visible

23-06-2024T20:44:12 - [MESSAGE][PASSED] - Object: 'Object Repository/admin/landing_page/button_Login' is clicked on

23-06-2024T20:44:12 - [TEST_STEP][PASSED] - currentUrl = getUrl(): Current window's url is: 'http://localhost/SAD/ArtLens/admin.php'

23-06-2024T20:44:12 - [MESSAGE][PASSED] - Current window's url is: 'http://localhost/SAD/ArtLens/admin.php'

23-06-2024T20:44:12 - [TEST_STEP][PASSED] - expectedUrl = $GlobalVariable.appBaseLinkadmin.php: null

23-06-2024T20:44:12 - [TEST_STEP][PASSED] - isUrlCorrect = verifyMatch(currentUrl, expectedUrl, false): Actual text 'http://localhost/SAD/ArtLens/admin.php' and expected text 'http://localhost/SAD/ArtLens/admin.php' are matched 

23-06-2024T20:44:12 - [MESSAGE][PASSED] - Actual text 'http://localhost/SAD/ArtLens/admin.php' and expected text 'http://localhost/SAD/ArtLens/admin.php' are matched 

23-06-2024T20:44:12 - [TEST_STEP][PASSED] - if (isUrlCorrect): The URL is correct: http://localhost/SAD/ArtLens/admin.php

23-06-2024T20:44:12 - [TEST_STEP][PASSED] - markPassed("The URL is correct: " + currentUrl): The URL is correct: http://localhost/SAD/ArtLens/admin.php

23-06-2024T20:44:12 - [MESSAGE][PASSED] - The URL is correct: http://localhost/SAD/ArtLens/admin.php

23-06-2024T20:44:12 - [TEST_STEP][PASSED] - Finally: null

23-06-2024T20:44:12 - [TEST_STEP][PASSED] - Start listener action : sampleAfterTestCase: null]]></system-out>
         <system-err><![CDATA[]]></system-err>
      </testcase>
      <testcase name="Test Cases/admin/landing_page/login_all_valid_email_case_incorrect" time="19.714" classname="Test Cases/admin/landing_page/login_all_valid_email_case_incorrect" status="FAILED">
         <failure type="FAILED" message="Test Cases/admin/landing_page/login_all_valid_email_case_incorrect FAILED.&#xa;Reason:&#xa;com.kms.katalon.core.exception.StepFailedException: An error occurred: Actual text 'http://localhost/SAD/ArtLens/adminindex.php' and expected text 'http://localhost/SAD/ArtLens/admin.php' are not matched&#xa;	at com.kms.katalon.core.util.KeywordUtil.markFailed(KeywordUtil.java:19)&#xa;	at login_all_valid_email_case_incorrect.run(login_all_valid_email_case_incorrect:72)&#xa;	at com.kms.katalon.core.main.ScriptEngine.run(ScriptEngine.java:194)&#xa;	at com.kms.katalon.core.main.ScriptEngine.runScriptAsRawText(ScriptEngine.java:119)&#xa;	at com.kms.katalon.core.main.TestCaseExecutor.runScript(TestCaseExecutor.java:448)&#xa;	at com.kms.katalon.core.main.TestCaseExecutor.doExecute(TestCaseExecutor.java:439)&#xa;	at com.kms.katalon.core.main.TestCaseExecutor.processExecutionPhase(TestCaseExecutor.java:418)&#xa;	at com.kms.katalon.core.main.TestCaseExecutor.accessMainPhase(TestCaseExecutor.java:410)&#xa;	at com.kms.katalon.core.main.TestCaseExecutor.execute(TestCaseExecutor.java:285)&#xa;	at com.kms.katalon.core.common.CommonExecutor.accessTestCaseMainPhase(CommonExecutor.java:65)&#xa;	at com.kms.katalon.core.main.TestSuiteExecutor.accessTestSuiteMainPhase(TestSuiteExecutor.java:150)&#xa;	at com.kms.katalon.core.main.TestSuiteExecutor.execute(TestSuiteExecutor.java:106)&#xa;	at com.kms.katalon.core.main.TestCaseMain.startTestSuite(TestCaseMain.java:180)&#xa;	at TempTestSuite1719146470130.run(TempTestSuite1719146470130.groovy:35)&#xa;	at java.base/jdk.internal.reflect.NativeMethodAccessorImpl.invoke0(Native Method)&#xa;	at java.base/jdk.internal.reflect.NativeMethodAccessorImpl.invoke(NativeMethodAccessorImpl.java:77)&#xa;	at java.base/jdk.internal.reflect.DelegatingMethodAccessorImpl.invoke(DelegatingMethodAccessorImpl.java:43)&#xa;"/>
         <system-out><![CDATA[23-06-2024T20:44:12 - [TEST_CASE][FAILED] - Test Cases/admin/landing_page/login_all_valid_email_case_incorrect: Test Cases/admin/landing_page/login_all_valid_email_case_incorrect FAILED.
Reason:
com.kms.katalon.core.exception.StepFailedException: An error occurred: Actual text 'http://localhost/SAD/ArtLens/adminindex.php' and expected text 'http://localhost/SAD/ArtLens/admin.php' are not matched
	at com.kms.katalon.core.util.KeywordUtil.markFailed(KeywordUtil.java:19)
	at login_all_valid_email_case_incorrect.run(login_all_valid_email_case_incorrect:72)
	at com.kms.katalon.core.main.ScriptEngine.run(ScriptEngine.java:194)
	at com.kms.katalon.core.main.ScriptEngine.runScriptAsRawText(ScriptEngine.java:119)
	at com.kms.katalon.core.main.TestCaseExecutor.runScript(TestCaseExecutor.java:448)
	at com.kms.katalon.core.main.TestCaseExecutor.doExecute(TestCaseExecutor.java:439)
	at com.kms.katalon.core.main.TestCaseExecutor.processExecutionPhase(TestCaseExecutor.java:418)
	at com.kms.katalon.core.main.TestCaseExecutor.accessMainPhase(TestCaseExecutor.java:410)
	at com.kms.katalon.core.main.TestCaseExecutor.execute(TestCaseExecutor.java:285)
	at com.kms.katalon.core.common.CommonExecutor.accessTestCaseMainPhase(CommonExecutor.java:65)
	at com.kms.katalon.core.main.TestSuiteExecutor.accessTestSuiteMainPhase(TestSuiteExecutor.java:150)
	at com.kms.katalon.core.main.TestSuiteExecutor.execute(TestSuiteExecutor.java:106)
	at com.kms.katalon.core.main.TestCaseMain.startTestSuite(TestCaseMain.java:180)
	at TempTestSuite1719146470130.run(TempTestSuite1719146470130.groovy:35)
	at java.base/jdk.internal.reflect.NativeMethodAccessorImpl.invoke0(Native Method)
	at java.base/jdk.internal.reflect.NativeMethodAccessorImpl.invoke(NativeMethodAccessorImpl.java:77)
	at java.base/jdk.internal.reflect.DelegatingMethodAccessorImpl.invoke(DelegatingMethodAccessorImpl.java:43)


23-06-2024T20:44:12 - [TEST_STEP][PASSED] - Start listener action : sampleBeforeTestCase: Browser is opened with url: ''

23-06-2024T20:44:12 - [TEST_STEP][PASSED] - println(testCaseContext.getTestCaseId()): null

23-06-2024T20:44:12 - [TEST_STEP][PASSED] - openBrowser(""): Browser is opened with url: ''

23-06-2024T20:44:12 - [MESSAGE][WARNING] - A browser is already opened. Closing browser and opening a new one

23-06-2024T20:44:15 - [MESSAGE][INFO] - Starting 'Firefox (headless)' driver

23-06-2024T20:44:15 - [MESSAGE][INFO] - Action delay is set to 0 milliseconds

23-06-2024T20:44:22 - [MESSAGE][PASSED] - Browser is opened with url: ''

23-06-2024T20:44:23 - [TEST_STEP][FAILED] - try: Unable to verify match between actual text 'http://localhost/SAD/ArtLens/adminindex.php' and expected text 'http://localhost/SAD/ArtLens/admin.php' (Root cause: com.kms.katalon.core.exception.StepFailedException: Actual text 'http://localhost/SAD/ArtLens/adminindex.php' and expected text 'http://localhost/SAD/ArtLens/admin.php' are not matched
	at com.kms.katalon.core.keyword.builtin.VerifyMatchKeyword$_verifyMatch_closure1.doCall(VerifyMatchKeyword.groovy:57)
	at com.kms.katalon.core.keyword.builtin.VerifyMatchKeyword$_verifyMatch_closure1.call(VerifyMatchKeyword.groovy)
	at com.kms.katalon.core.keyword.internal.KeywordMain.runKeyword(KeywordMain.groovy:75)
	at com.kms.katalon.core.keyword.builtin.VerifyMatchKeyword.verifyMatch(VerifyMatchKeyword.groovy:60)
	at com.kms.katalon.core.keyword.builtin.VerifyMatchKeyword.execute(VerifyMatchKeyword.groovy:45)
	at com.kms.katalon.core.keyword.internal.KeywordExecutor.executeKeywordForPlatform(KeywordExecutor.groovy:74)
	at com.kms.katalon.core.keyword.BuiltinKeywords.verifyMatch(BuiltinKeywords.groovy:78)
	at java.base/jdk.internal.reflect.NativeMethodAccessorImpl.invoke0(Native Method)
	at java.base/jdk.internal.reflect.NativeMethodAccessorImpl.invoke(NativeMethodAccessorImpl.java:77)
	at java.base/jdk.internal.reflect.DelegatingMethodAccessorImpl.invoke(DelegatingMethodAccessorImpl.java:43)
	at login_all_valid_email_case_incorrect.run(login_all_valid_email_case_incorrect:62)
	at com.kms.katalon.core.main.ScriptEngine.run(ScriptEngine.java:194)
	at com.kms.katalon.core.main.ScriptEngine.runScriptAsRawText(ScriptEngine.java:119)
	at com.kms.katalon.core.main.TestCaseExecutor.runScript(TestCaseExecutor.java:448)
	at com.kms.katalon.core.main.TestCaseExecutor.doExecute(TestCaseExecutor.java:439)
	at com.kms.katalon.core.main.TestCaseExecutor.processExecutionPhase(TestCaseExecutor.java:418)
	at com.kms.katalon.core.main.TestCaseExecutor.accessMainPhase(TestCaseExecutor.java:410)
	at com.kms.katalon.core.main.TestCaseExecutor.execute(TestCaseExecutor.java:285)
	at com.kms.katalon.core.common.CommonExecutor.accessTestCaseMainPhase(CommonExecutor.java:65)
	at com.kms.katalon.core.main.TestSuiteExecutor.accessTestSuiteMainPhase(TestSuiteExecutor.java:150)
	at com.kms.katalon.core.main.TestSuiteExecutor.execute(TestSuiteExecutor.java:106)
	at com.kms.katalon.core.main.TestCaseMain.startTestSuite(TestCaseMain.java:180)
	at TempTestSuite1719146470130.run(TempTestSuite1719146470130.groovy:35)
	at java.base/jdk.internal.reflect.NativeMethodAccessorImpl.invoke0(Native Method)
	at java.base/jdk.internal.reflect.NativeMethodAccessorImpl.invoke(NativeMethodAccessorImpl.java:77)
	at java.base/jdk.internal.reflect.DelegatingMethodAccessorImpl.invoke(DelegatingMethodAccessorImpl.java:43)
)

23-06-2024T20:44:23 - [TEST_STEP][PASSED] - userIndex = userIndex: null

23-06-2024T20:44:23 - [TEST_STEP][PASSED] - callTestCase(findTestCase("admin/landing_page/header_bar_visible"), [:], STOP_ON_FAILURE): Call Test Case 'Test Cases/admin/landing_page/header_bar_visible' successfully

23-06-2024T20:44:23 - [TEST_CASE][PASSED] - Test Cases/admin/landing_page/header_bar_visible: Test Cases/admin/landing_page/header_bar_visible

23-06-2024T20:44:23 - [TEST_STEP][PASSED] - callTestCase(findTestCase("admin/landing_page/page_acessible"), [:], STOP_ON_FAILURE): Call Test Case 'Test Cases/admin/landing_page/page_acessible' successfully

23-06-2024T20:44:23 - [TEST_CASE][PASSED] - Test Cases/admin/landing_page/page_acessible: Test Cases/admin/landing_page/page_acessible

23-06-2024T20:44:24 - [TEST_STEP][PASSED] - AdminUtils.openWebPage("admin.php"): Navigate to 'http://localhost/SAD/ArtLens/admin.php' successfully

23-06-2024T20:44:24 - [MESSAGE][INFO] - HAR: C:\DevPackage\xampp\htdocs\SAD\ArtLens\Reports\20240623_204104\Test_Admin_Login\20240623_204110\requests\main\6.har

23-06-2024T20:44:24 - [MESSAGE][PASSED] - Send request successfully

23-06-2024T20:44:24 - [MESSAGE][PASSED] - All links are accessible

23-06-2024T20:44:25 - [MESSAGE][PASSED] - Navigate to 'http://localhost/SAD/ArtLens/admin.php' successfully

23-06-2024T20:44:25 - [MESSAGE][PASSED] - Call Test Case 'Test Cases/admin/landing_page/page_acessible' successfully

23-06-2024T20:44:25 - [TEST_STEP][PASSED] - verifyElementPresent(findTestObject("admin/landing_page/nav_ArtLens            Admin Login"), 0): Object 'Object Repository/admin/landing_page/nav_ArtLens            Admin Login' is present

23-06-2024T20:44:25 - [MESSAGE][WARNING] - Timeout '0' is invalid. Using default page load timeout: '30'

23-06-2024T20:44:25 - [MESSAGE][PASSED] - Object 'Object Repository/admin/landing_page/nav_ArtLens            Admin Login' is present

23-06-2024T20:44:25 - [TEST_STEP][PASSED] - verifyElementVisible(findTestObject("admin/landing_page/nav_ArtLens            Admin Login")): Object 'Object Repository/admin/landing_page/nav_ArtLens            Admin Login' is visible

23-06-2024T20:44:25 - [MESSAGE][PASSED] - Object 'Object Repository/admin/landing_page/nav_ArtLens            Admin Login' is visible

23-06-2024T20:44:25 - [MESSAGE][PASSED] - Call Test Case 'Test Cases/admin/landing_page/header_bar_visible' successfully

23-06-2024T20:44:25 - [TEST_STEP][PASSED] - email = ValidUsernameCredentials[userIndex]: null

23-06-2024T20:44:25 - [TEST_STEP][PASSED] - parts = email.split("@"): null

23-06-2024T20:44:25 - [TEST_STEP][PASSED] - usernamePart = parts[0]: null

23-06-2024T20:44:25 - [TEST_STEP][PASSED] - domainPart = parts[1]: null

23-06-2024T20:44:25 - [TEST_STEP][PASSED] - if (Character.isUpperCase(usernamePart.charAt(0))): null

23-06-2024T20:44:26 - [TEST_STEP][PASSED] - else: null

23-06-2024T20:44:26 - [TEST_STEP][PASSED] - usernamePart = usernamePart.toUpperCase(): null

23-06-2024T20:44:26 - [TEST_STEP][PASSED] - modifiedEmail = usernamePart + "@" + domainPart: null

23-06-2024T20:44:26 - [TEST_STEP][PASSED] - logInfo("Modified Email: " + modifiedEmail): Modified Email: ADMIN@gmail.com

23-06-2024T20:44:26 - [MESSAGE][INFO] - Modified Email: ADMIN@gmail.com

23-06-2024T20:44:26 - [TEST_STEP][PASSED] - password = ValidPasswordCredentials[userIndex]: null

23-06-2024T20:44:26 - [TEST_STEP][PASSED] - AdminUtils.adminLogin(modifiedEmail, password): Object: 'Object Repository/admin/landing_page/button_Login' is clicked on

23-06-2024T20:44:26 - [MESSAGE][WARNING] - Timeout '0' is invalid. Using default page load timeout: '30'

23-06-2024T20:44:26 - [MESSAGE][PASSED] - Object 'Object Repository/admin/landing_page/a_Admin Login' is present

23-06-2024T20:44:26 - [MESSAGE][PASSED] - Object 'Object Repository/admin/landing_page/a_Admin Login' is visible

23-06-2024T20:44:27 - [MESSAGE][PASSED] - Object: 'Object Repository/admin/landing_page/a_Admin Login' is clicked on

23-06-2024T20:44:28 - [MESSAGE][PASSED] - Text 'ADMIN@gmail.com' is set on object 'Object Repository/admin/landing_page/input_ARTLENS_uname'

23-06-2024T20:44:28 - [MESSAGE][PASSED] - Object: 'Object Repository/admin/landing_page/button_Show' is clicked on

23-06-2024T20:44:28 - [MESSAGE][PASSED] - Text '@Helloword' is set on object 'Object Repository/admin/landing_page/input_ARTLENS_pass_1'

23-06-2024T20:44:28 - [MESSAGE][WARNING] - Timeout '0' is invalid. Using default page load timeout: '30'

23-06-2024T20:44:28 - [MESSAGE][PASSED] - Object 'Object Repository/admin/landing_page/button_Login' is present

23-06-2024T20:44:28 - [MESSAGE][PASSED] - Object 'Object Repository/admin/landing_page/button_Login' is visible

23-06-2024T20:44:31 - [MESSAGE][PASSED] - Object: 'Object Repository/admin/landing_page/button_Login' is clicked on

23-06-2024T20:44:31 - [TEST_STEP][PASSED] - currentUrl = getUrl(): Current window's url is: 'http://localhost/SAD/ArtLens/adminindex.php'

23-06-2024T20:44:31 - [MESSAGE][PASSED] - Current window's url is: 'http://localhost/SAD/ArtLens/adminindex.php'

23-06-2024T20:44:31 - [TEST_STEP][PASSED] - expectedUrl = $GlobalVariable.appBaseLinkadmin.php: null

23-06-2024T20:44:31 - [TEST_STEP][FAILED] - isUrlCorrect = verifyMatch(currentUrl, expectedUrl, false): Unable to verify match between actual text 'http://localhost/SAD/ArtLens/adminindex.php' and expected text 'http://localhost/SAD/ArtLens/admin.php' (Root cause: com.kms.katalon.core.exception.StepFailedException: Actual text 'http://localhost/SAD/ArtLens/adminindex.php' and expected text 'http://localhost/SAD/ArtLens/admin.php' are not matched
	at com.kms.katalon.core.keyword.builtin.VerifyMatchKeyword$_verifyMatch_closure1.doCall(VerifyMatchKeyword.groovy:57)
	at com.kms.katalon.core.keyword.builtin.VerifyMatchKeyword$_verifyMatch_closure1.call(VerifyMatchKeyword.groovy)
	at com.kms.katalon.core.keyword.internal.KeywordMain.runKeyword(KeywordMain.groovy:75)
	at com.kms.katalon.core.keyword.builtin.VerifyMatchKeyword.verifyMatch(VerifyMatchKeyword.groovy:60)
	at com.kms.katalon.core.keyword.builtin.VerifyMatchKeyword.execute(VerifyMatchKeyword.groovy:45)
	at com.kms.katalon.core.keyword.internal.KeywordExecutor.executeKeywordForPlatform(KeywordExecutor.groovy:74)
	at com.kms.katalon.core.keyword.BuiltinKeywords.verifyMatch(BuiltinKeywords.groovy:78)
	at java.base/jdk.internal.reflect.NativeMethodAccessorImpl.invoke0(Native Method)
	at java.base/jdk.internal.reflect.NativeMethodAccessorImpl.invoke(NativeMethodAccessorImpl.java:77)
	at java.base/jdk.internal.reflect.DelegatingMethodAccessorImpl.invoke(DelegatingMethodAccessorImpl.java:43)
	at login_all_valid_email_case_incorrect.run(login_all_valid_email_case_incorrect:62)
	at com.kms.katalon.core.main.ScriptEngine.run(ScriptEngine.java:194)
	at com.kms.katalon.core.main.ScriptEngine.runScriptAsRawText(ScriptEngine.java:119)
	at com.kms.katalon.core.main.TestCaseExecutor.runScript(TestCaseExecutor.java:448)
	at com.kms.katalon.core.main.TestCaseExecutor.doExecute(TestCaseExecutor.java:439)
	at com.kms.katalon.core.main.TestCaseExecutor.processExecutionPhase(TestCaseExecutor.java:418)
	at com.kms.katalon.core.main.TestCaseExecutor.accessMainPhase(TestCaseExecutor.java:410)
	at com.kms.katalon.core.main.TestCaseExecutor.execute(TestCaseExecutor.java:285)
	at com.kms.katalon.core.common.CommonExecutor.accessTestCaseMainPhase(CommonExecutor.java:65)
	at com.kms.katalon.core.main.TestSuiteExecutor.accessTestSuiteMainPhase(TestSuiteExecutor.java:150)
	at com.kms.katalon.core.main.TestSuiteExecutor.execute(TestSuiteExecutor.java:106)
	at com.kms.katalon.core.main.TestCaseMain.startTestSuite(TestCaseMain.java:180)
	at TempTestSuite1719146470130.run(TempTestSuite1719146470130.groovy:35)
	at java.base/jdk.internal.reflect.NativeMethodAccessorImpl.invoke0(Native Method)
	at java.base/jdk.internal.reflect.NativeMethodAccessorImpl.invoke(NativeMethodAccessorImpl.java:77)
	at java.base/jdk.internal.reflect.DelegatingMethodAccessorImpl.invoke(DelegatingMethodAccessorImpl.java:43)
)

23-06-2024T20:44:31 - [MESSAGE][FAILED] - Unable to verify match between actual text 'http://localhost/SAD/ArtLens/adminindex.php' and expected text 'http://localhost/SAD/ArtLens/admin.php' (Root cause: com.kms.katalon.core.exception.StepFailedException: Actual text 'http://localhost/SAD/ArtLens/adminindex.php' and expected text 'http://localhost/SAD/ArtLens/admin.php' are not matched
	at com.kms.katalon.core.keyword.builtin.VerifyMatchKeyword$_verifyMatch_closure1.doCall(VerifyMatchKeyword.groovy:57)
	at com.kms.katalon.core.keyword.builtin.VerifyMatchKeyword$_verifyMatch_closure1.call(VerifyMatchKeyword.groovy)
	at com.kms.katalon.core.keyword.internal.KeywordMain.runKeyword(KeywordMain.groovy:75)
	at com.kms.katalon.core.keyword.builtin.VerifyMatchKeyword.verifyMatch(VerifyMatchKeyword.groovy:60)
	at com.kms.katalon.core.keyword.builtin.VerifyMatchKeyword.execute(VerifyMatchKeyword.groovy:45)
	at com.kms.katalon.core.keyword.internal.KeywordExecutor.executeKeywordForPlatform(KeywordExecutor.groovy:74)
	at com.kms.katalon.core.keyword.BuiltinKeywords.verifyMatch(BuiltinKeywords.groovy:78)
	at java.base/jdk.internal.reflect.NativeMethodAccessorImpl.invoke0(Native Method)
	at java.base/jdk.internal.reflect.NativeMethodAccessorImpl.invoke(NativeMethodAccessorImpl.java:77)
	at java.base/jdk.internal.reflect.DelegatingMethodAccessorImpl.invoke(DelegatingMethodAccessorImpl.java:43)
	at login_all_valid_email_case_incorrect.run(login_all_valid_email_case_incorrect:62)
	at com.kms.katalon.core.main.ScriptEngine.run(ScriptEngine.java:194)
	at com.kms.katalon.core.main.ScriptEngine.runScriptAsRawText(ScriptEngine.java:119)
	at com.kms.katalon.core.main.TestCaseExecutor.runScript(TestCaseExecutor.java:448)
	at com.kms.katalon.core.main.TestCaseExecutor.doExecute(TestCaseExecutor.java:439)
	at com.kms.katalon.core.main.TestCaseExecutor.processExecutionPhase(TestCaseExecutor.java:418)
	at com.kms.katalon.core.main.TestCaseExecutor.accessMainPhase(TestCaseExecutor.java:410)
	at com.kms.katalon.core.main.TestCaseExecutor.execute(TestCaseExecutor.java:285)
	at com.kms.katalon.core.common.CommonExecutor.accessTestCaseMainPhase(CommonExecutor.java:65)
	at com.kms.katalon.core.main.TestSuiteExecutor.accessTestSuiteMainPhase(TestSuiteExecutor.java:150)
	at com.kms.katalon.core.main.TestSuiteExecutor.execute(TestSuiteExecutor.java:106)
	at com.kms.katalon.core.main.TestCaseMain.startTestSuite(TestCaseMain.java:180)
	at TempTestSuite1719146470130.run(TempTestSuite1719146470130.groovy:35)
	at java.base/jdk.internal.reflect.NativeMethodAccessorImpl.invoke0(Native Method)
	at java.base/jdk.internal.reflect.NativeMethodAccessorImpl.invoke(NativeMethodAccessorImpl.java:77)
	at java.base/jdk.internal.reflect.DelegatingMethodAccessorImpl.invoke(DelegatingMethodAccessorImpl.java:43)
)

23-06-2024T20:44:31 - [TEST_STEP][FAILED] - catch (Exception e): An error occurred: Actual text 'http://localhost/SAD/ArtLens/adminindex.php' and expected text 'http://localhost/SAD/ArtLens/admin.php' are not matched

23-06-2024T20:44:31 - [TEST_STEP][FAILED] - markFailed("An error occurred: " + message): An error occurred: Actual text 'http://localhost/SAD/ArtLens/adminindex.php' and expected text 'http://localhost/SAD/ArtLens/admin.php' are not matched

23-06-2024T20:44:32 - [MESSAGE][FAILED] - An error occurred: Actual text 'http://localhost/SAD/ArtLens/adminindex.php' and expected text 'http://localhost/SAD/ArtLens/admin.php' are not matched

23-06-2024T20:44:32 - [TEST_STEP][PASSED] - Finally: null

23-06-2024T20:44:32 - [TEST_STEP][PASSED] - Start listener action : sampleAfterTestCase: null]]></system-out>
         <system-err><![CDATA[23-06-2024T20:44:12 - [TEST_CASE][FAILED] - Test Cases/admin/landing_page/login_all_valid_email_case_incorrect: Test Cases/admin/landing_page/login_all_valid_email_case_incorrect FAILED.
Reason:
com.kms.katalon.core.exception.StepFailedException: An error occurred: Actual text 'http://localhost/SAD/ArtLens/adminindex.php' and expected text 'http://localhost/SAD/ArtLens/admin.php' are not matched
	at com.kms.katalon.core.util.KeywordUtil.markFailed(KeywordUtil.java:19)
	at login_all_valid_email_case_incorrect.run(login_all_valid_email_case_incorrect:72)
	at com.kms.katalon.core.main.ScriptEngine.run(ScriptEngine.java:194)
	at com.kms.katalon.core.main.ScriptEngine.runScriptAsRawText(ScriptEngine.java:119)
	at com.kms.katalon.core.main.TestCaseExecutor.runScript(TestCaseExecutor.java:448)
	at com.kms.katalon.core.main.TestCaseExecutor.doExecute(TestCaseExecutor.java:439)
	at com.kms.katalon.core.main.TestCaseExecutor.processExecutionPhase(TestCaseExecutor.java:418)
	at com.kms.katalon.core.main.TestCaseExecutor.accessMainPhase(TestCaseExecutor.java:410)
	at com.kms.katalon.core.main.TestCaseExecutor.execute(TestCaseExecutor.java:285)
	at com.kms.katalon.core.common.CommonExecutor.accessTestCaseMainPhase(CommonExecutor.java:65)
	at com.kms.katalon.core.main.TestSuiteExecutor.accessTestSuiteMainPhase(TestSuiteExecutor.java:150)
	at com.kms.katalon.core.main.TestSuiteExecutor.execute(TestSuiteExecutor.java:106)
	at com.kms.katalon.core.main.TestCaseMain.startTestSuite(TestCaseMain.java:180)
	at TempTestSuite1719146470130.run(TempTestSuite1719146470130.groovy:35)
	at java.base/jdk.internal.reflect.NativeMethodAccessorImpl.invoke0(Native Method)
	at java.base/jdk.internal.reflect.NativeMethodAccessorImpl.invoke(NativeMethodAccessorImpl.java:77)
	at java.base/jdk.internal.reflect.DelegatingMethodAccessorImpl.invoke(DelegatingMethodAccessorImpl.java:43)]]></system-err>
      </testcase>
      <testcase name="Test Cases/admin/landing_page/login_all_valid_passwords_case_incorrect" time="21.613" classname="Test Cases/admin/landing_page/login_all_valid_passwords_case_incorrect" status="FAILED">
         <failure type="FAILED" message="Test Cases/admin/landing_page/login_all_valid_passwords_case_incorrect FAILED.&#xa;Reason:&#xa;com.kms.katalon.core.exception.StepFailedException: An error occurred: Actual text 'http://localhost/SAD/ArtLens/adminindex.php' and expected text 'http://localhost/SAD/ArtLens/admin.php' are not matched&#xa;	at com.kms.katalon.core.util.KeywordUtil.markFailed(KeywordUtil.java:19)&#xa;	at login_all_valid_passwords_case_incorrect.run(login_all_valid_passwords_case_incorrect:79)&#xa;	at com.kms.katalon.core.main.ScriptEngine.run(ScriptEngine.java:194)&#xa;	at com.kms.katalon.core.main.ScriptEngine.runScriptAsRawText(ScriptEngine.java:119)&#xa;	at com.kms.katalon.core.main.TestCaseExecutor.runScript(TestCaseExecutor.java:448)&#xa;	at com.kms.katalon.core.main.TestCaseExecutor.doExecute(TestCaseExecutor.java:439)&#xa;	at com.kms.katalon.core.main.TestCaseExecutor.processExecutionPhase(TestCaseExecutor.java:418)&#xa;	at com.kms.katalon.core.main.TestCaseExecutor.accessMainPhase(TestCaseExecutor.java:410)&#xa;	at com.kms.katalon.core.main.TestCaseExecutor.execute(TestCaseExecutor.java:285)&#xa;	at com.kms.katalon.core.common.CommonExecutor.accessTestCaseMainPhase(CommonExecutor.java:65)&#xa;	at com.kms.katalon.core.main.TestSuiteExecutor.accessTestSuiteMainPhase(TestSuiteExecutor.java:150)&#xa;	at com.kms.katalon.core.main.TestSuiteExecutor.execute(TestSuiteExecutor.java:106)&#xa;	at com.kms.katalon.core.main.TestCaseMain.startTestSuite(TestCaseMain.java:180)&#xa;	at TempTestSuite1719146470130.run(TempTestSuite1719146470130.groovy:35)&#xa;	at java.base/jdk.internal.reflect.NativeMethodAccessorImpl.invoke0(Native Method)&#xa;	at java.base/jdk.internal.reflect.NativeMethodAccessorImpl.invoke(NativeMethodAccessorImpl.java:77)&#xa;	at java.base/jdk.internal.reflect.DelegatingMethodAccessorImpl.invoke(DelegatingMethodAccessorImpl.java:43)&#xa;"/>
         <system-out><![CDATA[23-06-2024T20:44:32 - [TEST_CASE][FAILED] - Test Cases/admin/landing_page/login_all_valid_passwords_case_incorrect: Test Cases/admin/landing_page/login_all_valid_passwords_case_incorrect FAILED.
Reason:
com.kms.katalon.core.exception.StepFailedException: An error occurred: Actual text 'http://localhost/SAD/ArtLens/adminindex.php' and expected text 'http://localhost/SAD/ArtLens/admin.php' are not matched
	at com.kms.katalon.core.util.KeywordUtil.markFailed(KeywordUtil.java:19)
	at login_all_valid_passwords_case_incorrect.run(login_all_valid_passwords_case_incorrect:79)
	at com.kms.katalon.core.main.ScriptEngine.run(ScriptEngine.java:194)
	at com.kms.katalon.core.main.ScriptEngine.runScriptAsRawText(ScriptEngine.java:119)
	at com.kms.katalon.core.main.TestCaseExecutor.runScript(TestCaseExecutor.java:448)
	at com.kms.katalon.core.main.TestCaseExecutor.doExecute(TestCaseExecutor.java:439)
	at com.kms.katalon.core.main.TestCaseExecutor.processExecutionPhase(TestCaseExecutor.java:418)
	at com.kms.katalon.core.main.TestCaseExecutor.accessMainPhase(TestCaseExecutor.java:410)
	at com.kms.katalon.core.main.TestCaseExecutor.execute(TestCaseExecutor.java:285)
	at com.kms.katalon.core.common.CommonExecutor.accessTestCaseMainPhase(CommonExecutor.java:65)
	at com.kms.katalon.core.main.TestSuiteExecutor.accessTestSuiteMainPhase(TestSuiteExecutor.java:150)
	at com.kms.katalon.core.main.TestSuiteExecutor.execute(TestSuiteExecutor.java:106)
	at com.kms.katalon.core.main.TestCaseMain.startTestSuite(TestCaseMain.java:180)
	at TempTestSuite1719146470130.run(TempTestSuite1719146470130.groovy:35)
	at java.base/jdk.internal.reflect.NativeMethodAccessorImpl.invoke0(Native Method)
	at java.base/jdk.internal.reflect.NativeMethodAccessorImpl.invoke(NativeMethodAccessorImpl.java:77)
	at java.base/jdk.internal.reflect.DelegatingMethodAccessorImpl.invoke(DelegatingMethodAccessorImpl.java:43)


23-06-2024T20:44:32 - [TEST_STEP][PASSED] - Start listener action : sampleBeforeTestCase: Browser is opened with url: ''

23-06-2024T20:44:32 - [TEST_STEP][PASSED] - println(testCaseContext.getTestCaseId()): null

23-06-2024T20:44:32 - [TEST_STEP][PASSED] - openBrowser(""): Browser is opened with url: ''

23-06-2024T20:44:32 - [MESSAGE][WARNING] - A browser is already opened. Closing browser and opening a new one

23-06-2024T20:44:34 - [MESSAGE][INFO] - Starting 'Firefox (headless)' driver

23-06-2024T20:44:35 - [MESSAGE][INFO] - Action delay is set to 0 milliseconds

23-06-2024T20:44:48 - [MESSAGE][PASSED] - Browser is opened with url: ''

23-06-2024T20:44:48 - [TEST_STEP][FAILED] - try: Unable to verify match between actual text 'http://localhost/SAD/ArtLens/adminindex.php' and expected text 'http://localhost/SAD/ArtLens/admin.php' (Root cause: com.kms.katalon.core.exception.StepFailedException: Actual text 'http://localhost/SAD/ArtLens/adminindex.php' and expected text 'http://localhost/SAD/ArtLens/admin.php' are not matched
	at com.kms.katalon.core.keyword.builtin.VerifyMatchKeyword$_verifyMatch_closure1.doCall(VerifyMatchKeyword.groovy:57)
	at com.kms.katalon.core.keyword.builtin.VerifyMatchKeyword$_verifyMatch_closure1.call(VerifyMatchKeyword.groovy)
	at com.kms.katalon.core.keyword.internal.KeywordMain.runKeyword(KeywordMain.groovy:75)
	at com.kms.katalon.core.keyword.builtin.VerifyMatchKeyword.verifyMatch(VerifyMatchKeyword.groovy:60)
	at com.kms.katalon.core.keyword.builtin.VerifyMatchKeyword.execute(VerifyMatchKeyword.groovy:45)
	at com.kms.katalon.core.keyword.internal.KeywordExecutor.executeKeywordForPlatform(KeywordExecutor.groovy:74)
	at com.kms.katalon.core.keyword.BuiltinKeywords.verifyMatch(BuiltinKeywords.groovy:78)
	at java.base/jdk.internal.reflect.NativeMethodAccessorImpl.invoke0(Native Method)
	at java.base/jdk.internal.reflect.NativeMethodAccessorImpl.invoke(NativeMethodAccessorImpl.java:77)
	at java.base/jdk.internal.reflect.DelegatingMethodAccessorImpl.invoke(DelegatingMethodAccessorImpl.java:43)
	at login_all_valid_passwords_case_incorrect.run(login_all_valid_passwords_case_incorrect:69)
	at com.kms.katalon.core.main.ScriptEngine.run(ScriptEngine.java:194)
	at com.kms.katalon.core.main.ScriptEngine.runScriptAsRawText(ScriptEngine.java:119)
	at com.kms.katalon.core.main.TestCaseExecutor.runScript(TestCaseExecutor.java:448)
	at com.kms.katalon.core.main.TestCaseExecutor.doExecute(TestCaseExecutor.java:439)
	at com.kms.katalon.core.main.TestCaseExecutor.processExecutionPhase(TestCaseExecutor.java:418)
	at com.kms.katalon.core.main.TestCaseExecutor.accessMainPhase(TestCaseExecutor.java:410)
	at com.kms.katalon.core.main.TestCaseExecutor.execute(TestCaseExecutor.java:285)
	at com.kms.katalon.core.common.CommonExecutor.accessTestCaseMainPhase(CommonExecutor.java:65)
	at com.kms.katalon.core.main.TestSuiteExecutor.accessTestSuiteMainPhase(TestSuiteExecutor.java:150)
	at com.kms.katalon.core.main.TestSuiteExecutor.execute(TestSuiteExecutor.java:106)
	at com.kms.katalon.core.main.TestCaseMain.startTestSuite(TestCaseMain.java:180)
	at TempTestSuite1719146470130.run(TempTestSuite1719146470130.groovy:35)
	at java.base/jdk.internal.reflect.NativeMethodAccessorImpl.invoke0(Native Method)
	at java.base/jdk.internal.reflect.NativeMethodAccessorImpl.invoke(NativeMethodAccessorImpl.java:77)
	at java.base/jdk.internal.reflect.DelegatingMethodAccessorImpl.invoke(DelegatingMethodAccessorImpl.java:43)
)

23-06-2024T20:44:48 - [TEST_STEP][PASSED] - userIndex = userIndex: null

23-06-2024T20:44:48 - [TEST_STEP][PASSED] - callTestCase(findTestCase("admin/landing_page/header_bar_visible"), [:], STOP_ON_FAILURE): Call Test Case 'Test Cases/admin/landing_page/header_bar_visible' successfully

23-06-2024T20:44:48 - [TEST_CASE][PASSED] - Test Cases/admin/landing_page/header_bar_visible: Test Cases/admin/landing_page/header_bar_visible

23-06-2024T20:44:48 - [TEST_STEP][PASSED] - callTestCase(findTestCase("admin/landing_page/page_acessible"), [:], STOP_ON_FAILURE): Call Test Case 'Test Cases/admin/landing_page/page_acessible' successfully

23-06-2024T20:44:48 - [TEST_CASE][PASSED] - Test Cases/admin/landing_page/page_acessible: Test Cases/admin/landing_page/page_acessible

23-06-2024T20:44:48 - [TEST_STEP][PASSED] - AdminUtils.openWebPage("admin.php"): Navigate to 'http://localhost/SAD/ArtLens/admin.php' successfully

23-06-2024T20:44:48 - [MESSAGE][INFO] - HAR: C:\DevPackage\xampp\htdocs\SAD\ArtLens\Reports\20240623_204104\Test_Admin_Login\20240623_204110\requests\main\7.har

23-06-2024T20:44:48 - [MESSAGE][PASSED] - Send request successfully

23-06-2024T20:44:48 - [MESSAGE][PASSED] - All links are accessible

23-06-2024T20:44:50 - [MESSAGE][PASSED] - Navigate to 'http://localhost/SAD/ArtLens/admin.php' successfully

23-06-2024T20:44:50 - [MESSAGE][PASSED] - Call Test Case 'Test Cases/admin/landing_page/page_acessible' successfully

23-06-2024T20:44:50 - [TEST_STEP][PASSED] - verifyElementPresent(findTestObject("admin/landing_page/nav_ArtLens            Admin Login"), 0): Object 'Object Repository/admin/landing_page/nav_ArtLens            Admin Login' is present

23-06-2024T20:44:50 - [MESSAGE][WARNING] - Timeout '0' is invalid. Using default page load timeout: '30'

23-06-2024T20:44:50 - [MESSAGE][PASSED] - Object 'Object Repository/admin/landing_page/nav_ArtLens            Admin Login' is present

23-06-2024T20:44:50 - [TEST_STEP][PASSED] - verifyElementVisible(findTestObject("admin/landing_page/nav_ArtLens            Admin Login")): Object 'Object Repository/admin/landing_page/nav_ArtLens            Admin Login' is visible

23-06-2024T20:44:50 - [MESSAGE][PASSED] - Object 'Object Repository/admin/landing_page/nav_ArtLens            Admin Login' is visible

23-06-2024T20:44:50 - [MESSAGE][PASSED] - Call Test Case 'Test Cases/admin/landing_page/header_bar_visible' successfully

23-06-2024T20:44:50 - [TEST_STEP][PASSED] - password = ValidPasswordCredentials[userIndex]: null

23-06-2024T20:44:50 - [TEST_STEP][PASSED] - passwordChars = password.toCharArray(): null

23-06-2024T20:44:50 - [TEST_STEP][PASSED] - caseChanged = false: null

23-06-2024T20:44:50 - [TEST_STEP][PASSED] - for ([i = 0, i < length, (i++)]): null

23-06-2024T20:44:50 - [TEST_STEP][PASSED] - currentChar = passwordChars[i]: null

23-06-2024T20:44:50 - [TEST_STEP][PASSED] - if (Character.isLetter(currentChar)): null

23-06-2024T20:44:51 - [TEST_STEP][PASSED] - currentChar = passwordChars[i]: null

23-06-2024T20:44:51 - [TEST_STEP][PASSED] - if (Character.isLetter(currentChar)): null

23-06-2024T20:44:51 - [TEST_STEP][PASSED] - if (Character.isUpperCase(currentChar)): null

23-06-2024T20:44:51 - [TEST_STEP][PASSED] - passwordChars[i] = Character.toLowerCase(currentChar): null

23-06-2024T20:44:51 - [TEST_STEP][PASSED] - caseChanged = true: null

23-06-2024T20:44:51 - [TEST_STEP][PASSED] - break: null

23-06-2024T20:44:51 - [TEST_STEP][PASSED] - if (!(caseChanged) && length > 0): null

23-06-2024T20:44:51 - [TEST_STEP][PASSED] - password = new java.lang.String(passwordChars): null

23-06-2024T20:44:51 - [TEST_STEP][PASSED] - logInfo("Modified Password: " + password): Modified Password: @helloword

23-06-2024T20:44:51 - [MESSAGE][INFO] - Modified Password: @helloword

23-06-2024T20:44:51 - [TEST_STEP][PASSED] - AdminUtils.adminLogin(ValidUsernameCredentials[userIndex], password): Object: 'Object Repository/admin/landing_page/button_Login' is clicked on

23-06-2024T20:44:51 - [MESSAGE][WARNING] - Timeout '0' is invalid. Using default page load timeout: '30'

23-06-2024T20:44:51 - [MESSAGE][PASSED] - Object 'Object Repository/admin/landing_page/a_Admin Login' is present

23-06-2024T20:44:51 - [MESSAGE][PASSED] - Object 'Object Repository/admin/landing_page/a_Admin Login' is visible

23-06-2024T20:44:52 - [MESSAGE][PASSED] - Object: 'Object Repository/admin/landing_page/a_Admin Login' is clicked on

23-06-2024T20:44:52 - [MESSAGE][PASSED] - Text 'admin@gmail.com' is set on object 'Object Repository/admin/landing_page/input_ARTLENS_uname'

23-06-2024T20:44:52 - [MESSAGE][PASSED] - Object: 'Object Repository/admin/landing_page/button_Show' is clicked on

23-06-2024T20:44:53 - [MESSAGE][PASSED] - Text '@helloword' is set on object 'Object Repository/admin/landing_page/input_ARTLENS_pass_1'

23-06-2024T20:44:53 - [MESSAGE][WARNING] - Timeout '0' is invalid. Using default page load timeout: '30'

23-06-2024T20:44:53 - [MESSAGE][PASSED] - Object 'Object Repository/admin/landing_page/button_Login' is present

23-06-2024T20:44:53 - [MESSAGE][PASSED] - Object 'Object Repository/admin/landing_page/button_Login' is visible

23-06-2024T20:44:53 - [MESSAGE][PASSED] - Object: 'Object Repository/admin/landing_page/button_Login' is clicked on

23-06-2024T20:44:53 - [TEST_STEP][PASSED] - currentUrl = getUrl(): Current window's url is: 'http://localhost/SAD/ArtLens/adminindex.php'

23-06-2024T20:44:53 - [MESSAGE][PASSED] - Current window's url is: 'http://localhost/SAD/ArtLens/adminindex.php'

23-06-2024T20:44:53 - [TEST_STEP][PASSED] - expectedUrl = $GlobalVariable.appBaseLinkadmin.php: null

23-06-2024T20:44:53 - [TEST_STEP][FAILED] - isUrlCorrect = verifyMatch(currentUrl, expectedUrl, false): Unable to verify match between actual text 'http://localhost/SAD/ArtLens/adminindex.php' and expected text 'http://localhost/SAD/ArtLens/admin.php' (Root cause: com.kms.katalon.core.exception.StepFailedException: Actual text 'http://localhost/SAD/ArtLens/adminindex.php' and expected text 'http://localhost/SAD/ArtLens/admin.php' are not matched
	at com.kms.katalon.core.keyword.builtin.VerifyMatchKeyword$_verifyMatch_closure1.doCall(VerifyMatchKeyword.groovy:57)
	at com.kms.katalon.core.keyword.builtin.VerifyMatchKeyword$_verifyMatch_closure1.call(VerifyMatchKeyword.groovy)
	at com.kms.katalon.core.keyword.internal.KeywordMain.runKeyword(KeywordMain.groovy:75)
	at com.kms.katalon.core.keyword.builtin.VerifyMatchKeyword.verifyMatch(VerifyMatchKeyword.groovy:60)
	at com.kms.katalon.core.keyword.builtin.VerifyMatchKeyword.execute(VerifyMatchKeyword.groovy:45)
	at com.kms.katalon.core.keyword.internal.KeywordExecutor.executeKeywordForPlatform(KeywordExecutor.groovy:74)
	at com.kms.katalon.core.keyword.BuiltinKeywords.verifyMatch(BuiltinKeywords.groovy:78)
	at java.base/jdk.internal.reflect.NativeMethodAccessorImpl.invoke0(Native Method)
	at java.base/jdk.internal.reflect.NativeMethodAccessorImpl.invoke(NativeMethodAccessorImpl.java:77)
	at java.base/jdk.internal.reflect.DelegatingMethodAccessorImpl.invoke(DelegatingMethodAccessorImpl.java:43)
	at login_all_valid_passwords_case_incorrect.run(login_all_valid_passwords_case_incorrect:69)
	at com.kms.katalon.core.main.ScriptEngine.run(ScriptEngine.java:194)
	at com.kms.katalon.core.main.ScriptEngine.runScriptAsRawText(ScriptEngine.java:119)
	at com.kms.katalon.core.main.TestCaseExecutor.runScript(TestCaseExecutor.java:448)
	at com.kms.katalon.core.main.TestCaseExecutor.doExecute(TestCaseExecutor.java:439)
	at com.kms.katalon.core.main.TestCaseExecutor.processExecutionPhase(TestCaseExecutor.java:418)
	at com.kms.katalon.core.main.TestCaseExecutor.accessMainPhase(TestCaseExecutor.java:410)
	at com.kms.katalon.core.main.TestCaseExecutor.execute(TestCaseExecutor.java:285)
	at com.kms.katalon.core.common.CommonExecutor.accessTestCaseMainPhase(CommonExecutor.java:65)
	at com.kms.katalon.core.main.TestSuiteExecutor.accessTestSuiteMainPhase(TestSuiteExecutor.java:150)
	at com.kms.katalon.core.main.TestSuiteExecutor.execute(TestSuiteExecutor.java:106)
	at com.kms.katalon.core.main.TestCaseMain.startTestSuite(TestCaseMain.java:180)
	at TempTestSuite1719146470130.run(TempTestSuite1719146470130.groovy:35)
	at java.base/jdk.internal.reflect.NativeMethodAccessorImpl.invoke0(Native Method)
	at java.base/jdk.internal.reflect.NativeMethodAccessorImpl.invoke(NativeMethodAccessorImpl.java:77)
	at java.base/jdk.internal.reflect.DelegatingMethodAccessorImpl.invoke(DelegatingMethodAccessorImpl.java:43)
)

23-06-2024T20:44:53 - [MESSAGE][FAILED] - Unable to verify match between actual text 'http://localhost/SAD/ArtLens/adminindex.php' and expected text 'http://localhost/SAD/ArtLens/admin.php' (Root cause: com.kms.katalon.core.exception.StepFailedException: Actual text 'http://localhost/SAD/ArtLens/adminindex.php' and expected text 'http://localhost/SAD/ArtLens/admin.php' are not matched
	at com.kms.katalon.core.keyword.builtin.VerifyMatchKeyword$_verifyMatch_closure1.doCall(VerifyMatchKeyword.groovy:57)
	at com.kms.katalon.core.keyword.builtin.VerifyMatchKeyword$_verifyMatch_closure1.call(VerifyMatchKeyword.groovy)
	at com.kms.katalon.core.keyword.internal.KeywordMain.runKeyword(KeywordMain.groovy:75)
	at com.kms.katalon.core.keyword.builtin.VerifyMatchKeyword.verifyMatch(VerifyMatchKeyword.groovy:60)
	at com.kms.katalon.core.keyword.builtin.VerifyMatchKeyword.execute(VerifyMatchKeyword.groovy:45)
	at com.kms.katalon.core.keyword.internal.KeywordExecutor.executeKeywordForPlatform(KeywordExecutor.groovy:74)
	at com.kms.katalon.core.keyword.BuiltinKeywords.verifyMatch(BuiltinKeywords.groovy:78)
	at java.base/jdk.internal.reflect.NativeMethodAccessorImpl.invoke0(Native Method)
	at java.base/jdk.internal.reflect.NativeMethodAccessorImpl.invoke(NativeMethodAccessorImpl.java:77)
	at java.base/jdk.internal.reflect.DelegatingMethodAccessorImpl.invoke(DelegatingMethodAccessorImpl.java:43)
	at login_all_valid_passwords_case_incorrect.run(login_all_valid_passwords_case_incorrect:69)
	at com.kms.katalon.core.main.ScriptEngine.run(ScriptEngine.java:194)
	at com.kms.katalon.core.main.ScriptEngine.runScriptAsRawText(ScriptEngine.java:119)
	at com.kms.katalon.core.main.TestCaseExecutor.runScript(TestCaseExecutor.java:448)
	at com.kms.katalon.core.main.TestCaseExecutor.doExecute(TestCaseExecutor.java:439)
	at com.kms.katalon.core.main.TestCaseExecutor.processExecutionPhase(TestCaseExecutor.java:418)
	at com.kms.katalon.core.main.TestCaseExecutor.accessMainPhase(TestCaseExecutor.java:410)
	at com.kms.katalon.core.main.TestCaseExecutor.execute(TestCaseExecutor.java:285)
	at com.kms.katalon.core.common.CommonExecutor.accessTestCaseMainPhase(CommonExecutor.java:65)
	at com.kms.katalon.core.main.TestSuiteExecutor.accessTestSuiteMainPhase(TestSuiteExecutor.java:150)
	at com.kms.katalon.core.main.TestSuiteExecutor.execute(TestSuiteExecutor.java:106)
	at com.kms.katalon.core.main.TestCaseMain.startTestSuite(TestCaseMain.java:180)
	at TempTestSuite1719146470130.run(TempTestSuite1719146470130.groovy:35)
	at java.base/jdk.internal.reflect.NativeMethodAccessorImpl.invoke0(Native Method)
	at java.base/jdk.internal.reflect.NativeMethodAccessorImpl.invoke(NativeMethodAccessorImpl.java:77)
	at java.base/jdk.internal.reflect.DelegatingMethodAccessorImpl.invoke(DelegatingMethodAccessorImpl.java:43)
)

23-06-2024T20:44:53 - [TEST_STEP][FAILED] - catch (Exception e): An error occurred: Actual text 'http://localhost/SAD/ArtLens/adminindex.php' and expected text 'http://localhost/SAD/ArtLens/admin.php' are not matched

23-06-2024T20:44:53 - [TEST_STEP][FAILED] - markFailed("An error occurred: " + message): An error occurred: Actual text 'http://localhost/SAD/ArtLens/adminindex.php' and expected text 'http://localhost/SAD/ArtLens/admin.php' are not matched

23-06-2024T20:44:53 - [MESSAGE][FAILED] - An error occurred: Actual text 'http://localhost/SAD/ArtLens/adminindex.php' and expected text 'http://localhost/SAD/ArtLens/admin.php' are not matched

23-06-2024T20:44:53 - [TEST_STEP][PASSED] - Finally: null

23-06-2024T20:44:53 - [TEST_STEP][PASSED] - Start listener action : sampleAfterTestCase: null]]></system-out>
         <system-err><![CDATA[23-06-2024T20:44:32 - [TEST_CASE][FAILED] - Test Cases/admin/landing_page/login_all_valid_passwords_case_incorrect: Test Cases/admin/landing_page/login_all_valid_passwords_case_incorrect FAILED.
Reason:
com.kms.katalon.core.exception.StepFailedException: An error occurred: Actual text 'http://localhost/SAD/ArtLens/adminindex.php' and expected text 'http://localhost/SAD/ArtLens/admin.php' are not matched
	at com.kms.katalon.core.util.KeywordUtil.markFailed(KeywordUtil.java:19)
	at login_all_valid_passwords_case_incorrect.run(login_all_valid_passwords_case_incorrect:79)
	at com.kms.katalon.core.main.ScriptEngine.run(ScriptEngine.java:194)
	at com.kms.katalon.core.main.ScriptEngine.runScriptAsRawText(ScriptEngine.java:119)
	at com.kms.katalon.core.main.TestCaseExecutor.runScript(TestCaseExecutor.java:448)
	at com.kms.katalon.core.main.TestCaseExecutor.doExecute(TestCaseExecutor.java:439)
	at com.kms.katalon.core.main.TestCaseExecutor.processExecutionPhase(TestCaseExecutor.java:418)
	at com.kms.katalon.core.main.TestCaseExecutor.accessMainPhase(TestCaseExecutor.java:410)
	at com.kms.katalon.core.main.TestCaseExecutor.execute(TestCaseExecutor.java:285)
	at com.kms.katalon.core.common.CommonExecutor.accessTestCaseMainPhase(CommonExecutor.java:65)
	at com.kms.katalon.core.main.TestSuiteExecutor.accessTestSuiteMainPhase(TestSuiteExecutor.java:150)
	at com.kms.katalon.core.main.TestSuiteExecutor.execute(TestSuiteExecutor.java:106)
	at com.kms.katalon.core.main.TestCaseMain.startTestSuite(TestCaseMain.java:180)
	at TempTestSuite1719146470130.run(TempTestSuite1719146470130.groovy:35)
	at java.base/jdk.internal.reflect.NativeMethodAccessorImpl.invoke0(Native Method)
	at java.base/jdk.internal.reflect.NativeMethodAccessorImpl.invoke(NativeMethodAccessorImpl.java:77)
	at java.base/jdk.internal.reflect.DelegatingMethodAccessorImpl.invoke(DelegatingMethodAccessorImpl.java:43)]]></system-err>
      </testcase>
      <testcase name="Test Cases/Common_TestCases/admin_login_all_valid" time="20.22" classname="Test Cases/Common_TestCases/admin_login_all_valid" status="PASSED">
         <system-out><![CDATA[23-06-2024T20:44:53 - [TEST_CASE][PASSED] - Test Cases/Common_TestCases/admin_login_all_valid: Test Cases/Common_TestCases/admin_login_all_valid

23-06-2024T20:44:53 - [TEST_STEP][PASSED] - Start listener action : sampleBeforeTestCase: Browser is opened with url: ''

23-06-2024T20:44:53 - [TEST_STEP][PASSED] - println(testCaseContext.getTestCaseId()): null

23-06-2024T20:44:53 - [TEST_STEP][PASSED] - openBrowser(""): Browser is opened with url: ''

23-06-2024T20:44:53 - [MESSAGE][WARNING] - A browser is already opened. Closing browser and opening a new one

23-06-2024T20:44:58 - [MESSAGE][INFO] - Starting 'Firefox (headless)' driver

23-06-2024T20:44:59 - [MESSAGE][INFO] - Action delay is set to 0 milliseconds

23-06-2024T20:45:06 - [MESSAGE][PASSED] - Browser is opened with url: ''

23-06-2024T20:45:07 - [TEST_STEP][PASSED] - try: The URL is correct: http://localhost/SAD/ArtLens/adminindex.php

23-06-2024T20:45:07 - [TEST_STEP][PASSED] - userIndex = userIndex: null

23-06-2024T20:45:07 - [TEST_STEP][PASSED] - callTestCase(findTestCase("admin/landing_page/header_bar_visible"), [:], STOP_ON_FAILURE): Call Test Case 'Test Cases/admin/landing_page/header_bar_visible' successfully

23-06-2024T20:45:07 - [TEST_CASE][PASSED] - Test Cases/admin/landing_page/header_bar_visible: Test Cases/admin/landing_page/header_bar_visible

23-06-2024T20:45:07 - [TEST_STEP][PASSED] - callTestCase(findTestCase("admin/landing_page/page_acessible"), [:], STOP_ON_FAILURE): Call Test Case 'Test Cases/admin/landing_page/page_acessible' successfully

23-06-2024T20:45:07 - [TEST_CASE][PASSED] - Test Cases/admin/landing_page/page_acessible: Test Cases/admin/landing_page/page_acessible

23-06-2024T20:45:07 - [TEST_STEP][PASSED] - AdminUtils.openWebPage("admin.php"): Navigate to 'http://localhost/SAD/ArtLens/admin.php' successfully

23-06-2024T20:45:07 - [MESSAGE][INFO] - HAR: C:\DevPackage\xampp\htdocs\SAD\ArtLens\Reports\20240623_204104\Test_Admin_Login\20240623_204110\requests\main\8.har

23-06-2024T20:45:07 - [MESSAGE][PASSED] - Send request successfully

23-06-2024T20:45:07 - [MESSAGE][PASSED] - All links are accessible

23-06-2024T20:45:10 - [MESSAGE][PASSED] - Navigate to 'http://localhost/SAD/ArtLens/admin.php' successfully

23-06-2024T20:45:10 - [MESSAGE][PASSED] - Call Test Case 'Test Cases/admin/landing_page/page_acessible' successfully

23-06-2024T20:45:10 - [TEST_STEP][PASSED] - verifyElementPresent(findTestObject("admin/landing_page/nav_ArtLens            Admin Login"), 0): Object 'Object Repository/admin/landing_page/nav_ArtLens            Admin Login' is present

23-06-2024T20:45:10 - [MESSAGE][WARNING] - Timeout '0' is invalid. Using default page load timeout: '30'

23-06-2024T20:45:10 - [MESSAGE][PASSED] - Object 'Object Repository/admin/landing_page/nav_ArtLens            Admin Login' is present

23-06-2024T20:45:10 - [TEST_STEP][PASSED] - verifyElementVisible(findTestObject("admin/landing_page/nav_ArtLens            Admin Login")): Object 'Object Repository/admin/landing_page/nav_ArtLens            Admin Login' is visible

23-06-2024T20:45:10 - [MESSAGE][PASSED] - Object 'Object Repository/admin/landing_page/nav_ArtLens            Admin Login' is visible

23-06-2024T20:45:10 - [MESSAGE][PASSED] - Call Test Case 'Test Cases/admin/landing_page/header_bar_visible' successfully

23-06-2024T20:45:10 - [TEST_STEP][PASSED] - AdminUtils.adminLogin(ValidUsernameCredentials[userIndex], ValidPasswordCredentials[userIndex]): Object: 'Object Repository/admin/landing_page/button_Login' is clicked on

23-06-2024T20:45:10 - [MESSAGE][WARNING] - Timeout '0' is invalid. Using default page load timeout: '30'

23-06-2024T20:45:10 - [MESSAGE][PASSED] - Object 'Object Repository/admin/landing_page/a_Admin Login' is present

23-06-2024T20:45:10 - [MESSAGE][PASSED] - Object 'Object Repository/admin/landing_page/a_Admin Login' is visible

23-06-2024T20:45:12 - [MESSAGE][PASSED] - Object: 'Object Repository/admin/landing_page/a_Admin Login' is clicked on

23-06-2024T20:45:12 - [MESSAGE][PASSED] - Text 'admin@gmail.com' is set on object 'Object Repository/admin/landing_page/input_ARTLENS_uname'

23-06-2024T20:45:13 - [MESSAGE][PASSED] - Object: 'Object Repository/admin/landing_page/button_Show' is clicked on

23-06-2024T20:45:13 - [MESSAGE][PASSED] - Text '@Helloword' is set on object 'Object Repository/admin/landing_page/input_ARTLENS_pass_1'

23-06-2024T20:45:13 - [MESSAGE][WARNING] - Timeout '0' is invalid. Using default page load timeout: '30'

23-06-2024T20:45:13 - [MESSAGE][PASSED] - Object 'Object Repository/admin/landing_page/button_Login' is present

23-06-2024T20:45:13 - [MESSAGE][PASSED] - Object 'Object Repository/admin/landing_page/button_Login' is visible

23-06-2024T20:45:13 - [MESSAGE][PASSED] - Object: 'Object Repository/admin/landing_page/button_Login' is clicked on

23-06-2024T20:45:13 - [TEST_STEP][PASSED] - currentUrl = getUrl(): Current window's url is: 'http://localhost/SAD/ArtLens/adminindex.php'

23-06-2024T20:45:13 - [MESSAGE][PASSED] - Current window's url is: 'http://localhost/SAD/ArtLens/adminindex.php'

23-06-2024T20:45:13 - [TEST_STEP][PASSED] - expectedUrl = $GlobalVariable.appBaseLinkadminindex.php: null

23-06-2024T20:45:13 - [TEST_STEP][PASSED] - isUrlCorrect = verifyMatch(currentUrl, expectedUrl, false): Actual text 'http://localhost/SAD/ArtLens/adminindex.php' and expected text 'http://localhost/SAD/ArtLens/adminindex.php' are matched 

23-06-2024T20:45:13 - [MESSAGE][PASSED] - Actual text 'http://localhost/SAD/ArtLens/adminindex.php' and expected text 'http://localhost/SAD/ArtLens/adminindex.php' are matched 

23-06-2024T20:45:13 - [TEST_STEP][PASSED] - if (isUrlCorrect): The URL is correct: http://localhost/SAD/ArtLens/adminindex.php

23-06-2024T20:45:13 - [TEST_STEP][PASSED] - markPassed("The URL is correct: " + currentUrl): The URL is correct: http://localhost/SAD/ArtLens/adminindex.php

23-06-2024T20:45:13 - [MESSAGE][PASSED] - The URL is correct: http://localhost/SAD/ArtLens/adminindex.php

23-06-2024T20:45:13 - [TEST_STEP][PASSED] - Finally: null

23-06-2024T20:45:13 - [TEST_STEP][PASSED] - Start listener action : sampleAfterTestCase: null]]></system-out>
         <system-err><![CDATA[]]></system-err>
      </testcase>
      <system-out><![CDATA[23-06-2024T20:41:42 - [TEST_SUITE][FAILED] - Test_Admin_Login: Test Cases/admin/landing_page/login_username_password_space_only FAILED.
Reason:
com.kms.katalon.core.exception.StepFailedException: Validation failed. Username has no invalid feedback: 
	at com.kms.katalon.core.util.KeywordUtil.markFailed(KeywordUtil.java:19)
	at Script1718796904306$1.execute(Script1718796904306.groovy:39)
	at com.artlens.utils.AdminUtils.adminLogin(AdminUtils.groovy:60)
	at login_username_password_space_only.run(login_username_password_space_only:28)
	at com.kms.katalon.core.main.ScriptEngine.run(ScriptEngine.java:194)
	at com.kms.katalon.core.main.ScriptEngine.runScriptAsRawText(ScriptEngine.java:119)
	at com.kms.katalon.core.main.TestCaseExecutor.runScript(TestCaseExecutor.java:448)
	at com.kms.katalon.core.main.TestCaseExecutor.doExecute(TestCaseExecutor.java:439)
	at com.kms.katalon.core.main.TestCaseExecutor.processExecutionPhase(TestCaseExecutor.java:418)
	at com.kms.katalon.core.main.TestCaseExecutor.accessMainPhase(TestCaseExecutor.java:410)
	at com.kms.katalon.core.main.TestCaseExecutor.execute(TestCaseExecutor.java:285)
	at com.kms.katalon.core.common.CommonExecutor.accessTestCaseMainPhase(CommonExecutor.java:65)
	at com.kms.katalon.core.main.TestSuiteExecutor.accessTestSuiteMainPhase(TestSuiteExecutor.java:150)
	at com.kms.katalon.core.main.TestSuiteExecutor.execute(TestSuiteExecutor.java:106)
	at com.kms.katalon.core.main.TestCaseMain.startTestSuite(TestCaseMain.java:180)
	at TempTestSuite1719146470130.run(TempTestSuite1719146470130.groovy:35)
	at java.base/jdk.internal.reflect.NativeMethodAccessorImpl.invoke0(Native Method)
	at java.base/jdk.internal.reflect.NativeMethodAccessorImpl.invoke(NativeMethodAccessorImpl.java:77)
	at java.base/jdk.internal.reflect.DelegatingMethodAccessorImpl.invoke(DelegatingMethodAccessorImpl.java:43)]]></system-out>
      <system-err><![CDATA[23-06-2024T20:41:42 - [TEST_SUITE][FAILED] - Test_Admin_Login: Test Cases/admin/landing_page/login_username_password_space_only FAILED.
Reason:
com.kms.katalon.core.exception.StepFailedException: Validation failed. Username has no invalid feedback: 
	at com.kms.katalon.core.util.KeywordUtil.markFailed(KeywordUtil.java:19)
	at Script1718796904306$1.execute(Script1718796904306.groovy:39)
	at com.artlens.utils.AdminUtils.adminLogin(AdminUtils.groovy:60)
	at login_username_password_space_only.run(login_username_password_space_only:28)
	at com.kms.katalon.core.main.ScriptEngine.run(ScriptEngine.java:194)
	at com.kms.katalon.core.main.ScriptEngine.runScriptAsRawText(ScriptEngine.java:119)
	at com.kms.katalon.core.main.TestCaseExecutor.runScript(TestCaseExecutor.java:448)
	at com.kms.katalon.core.main.TestCaseExecutor.doExecute(TestCaseExecutor.java:439)
	at com.kms.katalon.core.main.TestCaseExecutor.processExecutionPhase(TestCaseExecutor.java:418)
	at com.kms.katalon.core.main.TestCaseExecutor.accessMainPhase(TestCaseExecutor.java:410)
	at com.kms.katalon.core.main.TestCaseExecutor.execute(TestCaseExecutor.java:285)
	at com.kms.katalon.core.common.CommonExecutor.accessTestCaseMainPhase(CommonExecutor.java:65)
	at com.kms.katalon.core.main.TestSuiteExecutor.accessTestSuiteMainPhase(TestSuiteExecutor.java:150)
	at com.kms.katalon.core.main.TestSuiteExecutor.execute(TestSuiteExecutor.java:106)
	at com.kms.katalon.core.main.TestCaseMain.startTestSuite(TestCaseMain.java:180)
	at TempTestSuite1719146470130.run(TempTestSuite1719146470130.groovy:35)
	at java.base/jdk.internal.reflect.NativeMethodAccessorImpl.invoke0(Native Method)
	at java.base/jdk.internal.reflect.NativeMethodAccessorImpl.invoke(NativeMethodAccessorImpl.java:77)
	at java.base/jdk.internal.reflect.DelegatingMethodAccessorImpl.invoke(DelegatingMethodAccessorImpl.java:43)]]></system-err>
   </testsuite>
   <testsuite name="Test_Admin_Logout" tests="7" failures="7" errors="0" time="172.165" skipped="0" timestamp="23-06-2024T20:41:45" hostname="Summer - DESKTOP-KG5V3HF" id="Test Suites/Test_Admin_Logout">
      <properties>
         <property name="deviceName" value=""/>
         <property name="devicePlatform"/>
         <property name="logFolder" value="C:\\DevPackage\\xampp\\htdocs\\SAD\\ArtLens\\Reports\\20240623_204104\\Test_Admin_Logout\\20240623_204112"/>
         <property name="logFiles" value="C:\\DevPackage\\xampp\\htdocs\\SAD\\ArtLens\\Reports\\20240623_204104\\Test_Admin_Logout\\20240623_204112\\execution0.log"/>
         <property name="attachments" value=""/>
         <property name="hostName" value="Summer - DESKTOP-KG5V3HF"/>
         <property name="os" value="Windows 10 64bit"/>
         <property name="katalonVersion" value="9.6.0.217"/>
         <property name="browser" value="Firefox 128.0"/>
         <property name="hostAddress" value="192.200.100.56"/>
         <property name="sessionId" value="a78c8f4e-e98e-4bad-ad99-75ce5f86d5a5"/>
         <property name="seleniumVersion" value="3.141.59"/>
         <property name="proxyInformation" value="ProxyInformation { proxyOption=NO_PROXY, proxyServerType=HTTP, username=, password=********, proxyServerAddress=, proxyServerPort=0, executionList=&quot;&quot;, isApplyToDesiredCapabilities=true }"/>
         <property name="platform" value="Windows 10"/>
      </properties>
      <testcase name="Test Cases/admin/account_management/logout" time="39.067" classname="Test Cases/admin/account_management/logout" status="FAILED">
         <failure type="FAILED" message="Test Cases/admin/account_management/logout FAILED.&#xa;Reason:&#xa;com.kms.katalon.core.exception.StepFailedException: An error occurred: Actual text 'http://localhost/SAD/ArtLens/index.php' and expected text 'http://localhost/SAD/ArtLens/admin.php' are not matched&#xa;	at com.kms.katalon.core.util.KeywordUtil.markFailed(KeywordUtil.java:19)&#xa;	at logout.run(logout:36)&#xa;	at com.kms.katalon.core.main.ScriptEngine.run(ScriptEngine.java:194)&#xa;	at com.kms.katalon.core.main.ScriptEngine.runScriptAsRawText(ScriptEngine.java:119)&#xa;	at com.kms.katalon.core.main.TestCaseExecutor.runScript(TestCaseExecutor.java:448)&#xa;	at com.kms.katalon.core.main.TestCaseExecutor.doExecute(TestCaseExecutor.java:439)&#xa;	at com.kms.katalon.core.main.TestCaseExecutor.processExecutionPhase(TestCaseExecutor.java:418)&#xa;	at com.kms.katalon.core.main.TestCaseExecutor.accessMainPhase(TestCaseExecutor.java:410)&#xa;	at com.kms.katalon.core.main.TestCaseExecutor.execute(TestCaseExecutor.java:285)&#xa;	at com.kms.katalon.core.common.CommonExecutor.accessTestCaseMainPhase(CommonExecutor.java:65)&#xa;	at com.kms.katalon.core.main.TestSuiteExecutor.accessTestSuiteMainPhase(TestSuiteExecutor.java:150)&#xa;	at com.kms.katalon.core.main.TestSuiteExecutor.execute(TestSuiteExecutor.java:106)&#xa;	at com.kms.katalon.core.main.TestCaseMain.startTestSuite(TestCaseMain.java:180)&#xa;	at TempTestSuite1719146472667.run(TempTestSuite1719146472667.groovy:35)&#xa;	at java.base/jdk.internal.reflect.NativeMethodAccessorImpl.invoke0(Native Method)&#xa;	at java.base/jdk.internal.reflect.NativeMethodAccessorImpl.invoke(NativeMethodAccessorImpl.java:77)&#xa;	at java.base/jdk.internal.reflect.DelegatingMethodAccessorImpl.invoke(DelegatingMethodAccessorImpl.java:43)&#xa;"/>
         <system-out><![CDATA[23-06-2024T20:41:46 - [TEST_CASE][FAILED] - Test Cases/admin/account_management/logout: Test Cases/admin/account_management/logout FAILED.
Reason:
com.kms.katalon.core.exception.StepFailedException: An error occurred: Actual text 'http://localhost/SAD/ArtLens/index.php' and expected text 'http://localhost/SAD/ArtLens/admin.php' are not matched
	at com.kms.katalon.core.util.KeywordUtil.markFailed(KeywordUtil.java:19)
	at logout.run(logout:36)
	at com.kms.katalon.core.main.ScriptEngine.run(ScriptEngine.java:194)
	at com.kms.katalon.core.main.ScriptEngine.runScriptAsRawText(ScriptEngine.java:119)
	at com.kms.katalon.core.main.TestCaseExecutor.runScript(TestCaseExecutor.java:448)
	at com.kms.katalon.core.main.TestCaseExecutor.doExecute(TestCaseExecutor.java:439)
	at com.kms.katalon.core.main.TestCaseExecutor.processExecutionPhase(TestCaseExecutor.java:418)
	at com.kms.katalon.core.main.TestCaseExecutor.accessMainPhase(TestCaseExecutor.java:410)
	at com.kms.katalon.core.main.TestCaseExecutor.execute(TestCaseExecutor.java:285)
	at com.kms.katalon.core.common.CommonExecutor.accessTestCaseMainPhase(CommonExecutor.java:65)
	at com.kms.katalon.core.main.TestSuiteExecutor.accessTestSuiteMainPhase(TestSuiteExecutor.java:150)
	at com.kms.katalon.core.main.TestSuiteExecutor.execute(TestSuiteExecutor.java:106)
	at com.kms.katalon.core.main.TestCaseMain.startTestSuite(TestCaseMain.java:180)
	at TempTestSuite1719146472667.run(TempTestSuite1719146472667.groovy:35)
	at java.base/jdk.internal.reflect.NativeMethodAccessorImpl.invoke0(Native Method)
	at java.base/jdk.internal.reflect.NativeMethodAccessorImpl.invoke(NativeMethodAccessorImpl.java:77)
	at java.base/jdk.internal.reflect.DelegatingMethodAccessorImpl.invoke(DelegatingMethodAccessorImpl.java:43)


23-06-2024T20:41:48 - [TEST_STEP][PASSED] - Start listener action : sampleBeforeTestCase: Browser is opened with url: ''

23-06-2024T20:41:48 - [TEST_STEP][PASSED] - println(testCaseContext.getTestCaseId()): null

23-06-2024T20:41:48 - [TEST_STEP][PASSED] - openBrowser(""): Browser is opened with url: ''

23-06-2024T20:41:49 - [MESSAGE][INFO] - Starting 'Firefox (headless)' driver

23-06-2024T20:41:50 - [MESSAGE][INFO] - Action delay is set to 0 milliseconds

23-06-2024T20:42:04 - [MESSAGE][PASSED] - Browser is opened with url: ''

23-06-2024T20:42:05 - [TEST_STEP][FAILED] - try: Unable to verify match between actual text 'http://localhost/SAD/ArtLens/index.php' and expected text 'http://localhost/SAD/ArtLens/admin.php' (Root cause: com.kms.katalon.core.exception.StepFailedException: Actual text 'http://localhost/SAD/ArtLens/index.php' and expected text 'http://localhost/SAD/ArtLens/admin.php' are not matched
	at com.kms.katalon.core.keyword.builtin.VerifyMatchKeyword$_verifyMatch_closure1.doCall(VerifyMatchKeyword.groovy:57)
	at com.kms.katalon.core.keyword.builtin.VerifyMatchKeyword$_verifyMatch_closure1.call(VerifyMatchKeyword.groovy)
	at com.kms.katalon.core.keyword.internal.KeywordMain.runKeyword(KeywordMain.groovy:75)
	at com.kms.katalon.core.keyword.builtin.VerifyMatchKeyword.verifyMatch(VerifyMatchKeyword.groovy:60)
	at com.kms.katalon.core.keyword.builtin.VerifyMatchKeyword.execute(VerifyMatchKeyword.groovy:45)
	at com.kms.katalon.core.keyword.internal.KeywordExecutor.executeKeywordForPlatform(KeywordExecutor.groovy:74)
	at com.kms.katalon.core.keyword.BuiltinKeywords.verifyMatch(BuiltinKeywords.groovy:78)
	at java.base/jdk.internal.reflect.NativeMethodAccessorImpl.invoke0(Native Method)
	at java.base/jdk.internal.reflect.NativeMethodAccessorImpl.invoke(NativeMethodAccessorImpl.java:77)
	at java.base/jdk.internal.reflect.DelegatingMethodAccessorImpl.invoke(DelegatingMethodAccessorImpl.java:43)
	at com.artlens.utils.AdminUtils.adminLogout(AdminUtils.groovy:78)
	at logout.run(logout:30)
	at com.kms.katalon.core.main.ScriptEngine.run(ScriptEngine.java:194)
	at com.kms.katalon.core.main.ScriptEngine.runScriptAsRawText(ScriptEngine.java:119)
	at com.kms.katalon.core.main.TestCaseExecutor.runScript(TestCaseExecutor.java:448)
	at com.kms.katalon.core.main.TestCaseExecutor.doExecute(TestCaseExecutor.java:439)
	at com.kms.katalon.core.main.TestCaseExecutor.processExecutionPhase(TestCaseExecutor.java:418)
	at com.kms.katalon.core.main.TestCaseExecutor.accessMainPhase(TestCaseExecutor.java:410)
	at com.kms.katalon.core.main.TestCaseExecutor.execute(TestCaseExecutor.java:285)
	at com.kms.katalon.core.common.CommonExecutor.accessTestCaseMainPhase(CommonExecutor.java:65)
	at com.kms.katalon.core.main.TestSuiteExecutor.accessTestSuiteMainPhase(TestSuiteExecutor.java:150)
	at com.kms.katalon.core.main.TestSuiteExecutor.execute(TestSuiteExecutor.java:106)
	at com.kms.katalon.core.main.TestCaseMain.startTestSuite(TestCaseMain.java:180)
	at TempTestSuite1719146472667.run(TempTestSuite1719146472667.groovy:35)
	at java.base/jdk.internal.reflect.NativeMethodAccessorImpl.invoke0(Native Method)
	at java.base/jdk.internal.reflect.NativeMethodAccessorImpl.invoke(NativeMethodAccessorImpl.java:77)
	at java.base/jdk.internal.reflect.DelegatingMethodAccessorImpl.invoke(DelegatingMethodAccessorImpl.java:43)
)

23-06-2024T20:42:05 - [TEST_STEP][PASSED] - callTestCase(findTestCase("Common_TestCases/admin_login_all_valid"), [:], STOP_ON_FAILURE): Call Test Case 'Test Cases/Common_TestCases/admin_login_all_valid' successfully

23-06-2024T20:42:05 - [TEST_CASE][PASSED] - Test Cases/Common_TestCases/admin_login_all_valid: Test Cases/Common_TestCases/admin_login_all_valid

23-06-2024T20:42:06 - [TEST_STEP][PASSED] - try: The URL is correct: http://localhost/SAD/ArtLens/adminindex.php

23-06-2024T20:42:06 - [TEST_STEP][PASSED] - userIndex = userIndex: null

23-06-2024T20:42:07 - [TEST_STEP][PASSED] - callTestCase(findTestCase("admin/landing_page/header_bar_visible"), [:], STOP_ON_FAILURE): Call Test Case 'Test Cases/admin/landing_page/header_bar_visible' successfully

23-06-2024T20:42:07 - [TEST_CASE][PASSED] - Test Cases/admin/landing_page/header_bar_visible: Test Cases/admin/landing_page/header_bar_visible

23-06-2024T20:42:08 - [TEST_STEP][PASSED] - callTestCase(findTestCase("admin/landing_page/page_acessible"), [:], STOP_ON_FAILURE): Call Test Case 'Test Cases/admin/landing_page/page_acessible' successfully

23-06-2024T20:42:08 - [TEST_CASE][PASSED] - Test Cases/admin/landing_page/page_acessible: Test Cases/admin/landing_page/page_acessible

23-06-2024T20:42:08 - [TEST_STEP][PASSED] - AdminUtils.openWebPage("admin.php"): Navigate to 'http://localhost/SAD/ArtLens/admin.php' successfully

23-06-2024T20:42:15 - [MESSAGE][INFO] - HAR: C:\DevPackage\xampp\htdocs\SAD\ArtLens\Reports\20240623_204104\Test_Admin_Logout\20240623_204112\requests\main\0.har

23-06-2024T20:42:15 - [MESSAGE][PASSED] - Send request successfully

23-06-2024T20:42:15 - [MESSAGE][PASSED] - All links are accessible

23-06-2024T20:42:18 - [MESSAGE][PASSED] - Navigate to 'http://localhost/SAD/ArtLens/admin.php' successfully

23-06-2024T20:42:18 - [MESSAGE][PASSED] - Call Test Case 'Test Cases/admin/landing_page/page_acessible' successfully

23-06-2024T20:42:18 - [TEST_STEP][PASSED] - verifyElementPresent(findTestObject("admin/landing_page/nav_ArtLens            Admin Login"), 0): Object 'Object Repository/admin/landing_page/nav_ArtLens            Admin Login' is present

23-06-2024T20:42:18 - [MESSAGE][WARNING] - Timeout '0' is invalid. Using default page load timeout: '30'

23-06-2024T20:42:18 - [MESSAGE][PASSED] - Object 'Object Repository/admin/landing_page/nav_ArtLens            Admin Login' is present

23-06-2024T20:42:18 - [TEST_STEP][PASSED] - verifyElementVisible(findTestObject("admin/landing_page/nav_ArtLens            Admin Login")): Object 'Object Repository/admin/landing_page/nav_ArtLens            Admin Login' is visible

23-06-2024T20:42:19 - [MESSAGE][PASSED] - Object 'Object Repository/admin/landing_page/nav_ArtLens            Admin Login' is visible

23-06-2024T20:42:19 - [MESSAGE][PASSED] - Call Test Case 'Test Cases/admin/landing_page/header_bar_visible' successfully

23-06-2024T20:42:19 - [TEST_STEP][PASSED] - AdminUtils.adminLogin(ValidUsernameCredentials[userIndex], ValidPasswordCredentials[userIndex]): Object: 'Object Repository/admin/landing_page/button_Login' is clicked on

23-06-2024T20:42:19 - [MESSAGE][WARNING] - Timeout '0' is invalid. Using default page load timeout: '30'

23-06-2024T20:42:19 - [MESSAGE][PASSED] - Object 'Object Repository/admin/landing_page/a_Admin Login' is present

23-06-2024T20:42:19 - [MESSAGE][PASSED] - Object 'Object Repository/admin/landing_page/a_Admin Login' is visible

23-06-2024T20:42:19 - [MESSAGE][PASSED] - Object: 'Object Repository/admin/landing_page/a_Admin Login' is clicked on

23-06-2024T20:42:20 - [MESSAGE][PASSED] - Text 'admin@gmail.com' is set on object 'Object Repository/admin/landing_page/input_ARTLENS_uname'

23-06-2024T20:42:20 - [MESSAGE][PASSED] - Object: 'Object Repository/admin/landing_page/button_Show' is clicked on

23-06-2024T20:42:21 - [MESSAGE][PASSED] - Text '@Helloword' is set on object 'Object Repository/admin/landing_page/input_ARTLENS_pass_1'

23-06-2024T20:42:21 - [MESSAGE][WARNING] - Timeout '0' is invalid. Using default page load timeout: '30'

23-06-2024T20:42:21 - [MESSAGE][PASSED] - Object 'Object Repository/admin/landing_page/button_Login' is present

23-06-2024T20:42:21 - [MESSAGE][PASSED] - Object 'Object Repository/admin/landing_page/button_Login' is visible

23-06-2024T20:42:22 - [MESSAGE][PASSED] - Object: 'Object Repository/admin/landing_page/button_Login' is clicked on

23-06-2024T20:42:22 - [TEST_STEP][PASSED] - currentUrl = getUrl(): Current window's url is: 'http://localhost/SAD/ArtLens/adminindex.php'

23-06-2024T20:42:22 - [MESSAGE][PASSED] - Current window's url is: 'http://localhost/SAD/ArtLens/adminindex.php'

23-06-2024T20:42:22 - [TEST_STEP][PASSED] - expectedUrl = $GlobalVariable.appBaseLinkadminindex.php: null

23-06-2024T20:42:22 - [TEST_STEP][PASSED] - isUrlCorrect = verifyMatch(currentUrl, expectedUrl, false): Actual text 'http://localhost/SAD/ArtLens/adminindex.php' and expected text 'http://localhost/SAD/ArtLens/adminindex.php' are matched 

23-06-2024T20:42:22 - [MESSAGE][PASSED] - Actual text 'http://localhost/SAD/ArtLens/adminindex.php' and expected text 'http://localhost/SAD/ArtLens/adminindex.php' are matched 

23-06-2024T20:42:22 - [TEST_STEP][PASSED] - if (isUrlCorrect): The URL is correct: http://localhost/SAD/ArtLens/adminindex.php

23-06-2024T20:42:22 - [TEST_STEP][PASSED] - markPassed("The URL is correct: " + currentUrl): The URL is correct: http://localhost/SAD/ArtLens/adminindex.php

23-06-2024T20:42:22 - [MESSAGE][PASSED] - The URL is correct: http://localhost/SAD/ArtLens/adminindex.php

23-06-2024T20:42:22 - [TEST_STEP][PASSED] - Finally: null

23-06-2024T20:42:22 - [MESSAGE][PASSED] - Call Test Case 'Test Cases/Common_TestCases/admin_login_all_valid' successfully

23-06-2024T20:42:22 - [TEST_STEP][PASSED] - verifyElementPresent(findTestObject("Object Repository/admin/components/top_navbar/i_Logout_bi bi-person-circle fs-3 mr-3"), 0): Object 'Object Repository/admin/components/top_navbar/i_Logout_bi bi-person-circle fs-3 mr-3' is present

23-06-2024T20:42:22 - [MESSAGE][WARNING] - Timeout '0' is invalid. Using default page load timeout: '30'

23-06-2024T20:42:22 - [MESSAGE][PASSED] - Object 'Object Repository/admin/components/top_navbar/i_Logout_bi bi-person-circle fs-3 mr-3' is present

23-06-2024T20:42:22 - [TEST_STEP][PASSED] - verifyElementVisible(findTestObject("Object Repository/admin/components/top_navbar/i_Logout_bi bi-person-circle fs-3 mr-3"), STOP_ON_FAILURE): Object 'Object Repository/admin/components/top_navbar/i_Logout_bi bi-person-circle fs-3 mr-3' is visible

23-06-2024T20:42:22 - [MESSAGE][PASSED] - Object 'Object Repository/admin/components/top_navbar/i_Logout_bi bi-person-circle fs-3 mr-3' is visible

23-06-2024T20:42:22 - [TEST_STEP][PASSED] - click(findTestObject("Object Repository/admin/components/top_navbar/i_Logout_bi bi-person-circle fs-3 mr-3")): Object: 'Object Repository/admin/components/top_navbar/i_Logout_bi bi-person-circle fs-3 mr-3' is clicked on

23-06-2024T20:42:22 - [MESSAGE][PASSED] - Object: 'Object Repository/admin/components/top_navbar/i_Logout_bi bi-person-circle fs-3 mr-3' is clicked on

23-06-2024T20:42:22 - [TEST_STEP][FAILED] - AdminUtils.adminLogout(): Unable to verify match between actual text 'http://localhost/SAD/ArtLens/index.php' and expected text 'http://localhost/SAD/ArtLens/admin.php' (Root cause: com.kms.katalon.core.exception.StepFailedException: Actual text 'http://localhost/SAD/ArtLens/index.php' and expected text 'http://localhost/SAD/ArtLens/admin.php' are not matched
	at com.kms.katalon.core.keyword.builtin.VerifyMatchKeyword$_verifyMatch_closure1.doCall(VerifyMatchKeyword.groovy:57)
	at com.kms.katalon.core.keyword.builtin.VerifyMatchKeyword$_verifyMatch_closure1.call(VerifyMatchKeyword.groovy)
	at com.kms.katalon.core.keyword.internal.KeywordMain.runKeyword(KeywordMain.groovy:75)
	at com.kms.katalon.core.keyword.builtin.VerifyMatchKeyword.verifyMatch(VerifyMatchKeyword.groovy:60)
	at com.kms.katalon.core.keyword.builtin.VerifyMatchKeyword.execute(VerifyMatchKeyword.groovy:45)
	at com.kms.katalon.core.keyword.internal.KeywordExecutor.executeKeywordForPlatform(KeywordExecutor.groovy:74)
	at com.kms.katalon.core.keyword.BuiltinKeywords.verifyMatch(BuiltinKeywords.groovy:78)
	at java.base/jdk.internal.reflect.NativeMethodAccessorImpl.invoke0(Native Method)
	at java.base/jdk.internal.reflect.NativeMethodAccessorImpl.invoke(NativeMethodAccessorImpl.java:77)
	at java.base/jdk.internal.reflect.DelegatingMethodAccessorImpl.invoke(DelegatingMethodAccessorImpl.java:43)
	at com.artlens.utils.AdminUtils.adminLogout(AdminUtils.groovy:78)
	at logout.run(logout:30)
	at com.kms.katalon.core.main.ScriptEngine.run(ScriptEngine.java:194)
	at com.kms.katalon.core.main.ScriptEngine.runScriptAsRawText(ScriptEngine.java:119)
	at com.kms.katalon.core.main.TestCaseExecutor.runScript(TestCaseExecutor.java:448)
	at com.kms.katalon.core.main.TestCaseExecutor.doExecute(TestCaseExecutor.java:439)
	at com.kms.katalon.core.main.TestCaseExecutor.processExecutionPhase(TestCaseExecutor.java:418)
	at com.kms.katalon.core.main.TestCaseExecutor.accessMainPhase(TestCaseExecutor.java:410)
	at com.kms.katalon.core.main.TestCaseExecutor.execute(TestCaseExecutor.java:285)
	at com.kms.katalon.core.common.CommonExecutor.accessTestCaseMainPhase(CommonExecutor.java:65)
	at com.kms.katalon.core.main.TestSuiteExecutor.accessTestSuiteMainPhase(TestSuiteExecutor.java:150)
	at com.kms.katalon.core.main.TestSuiteExecutor.execute(TestSuiteExecutor.java:106)
	at com.kms.katalon.core.main.TestCaseMain.startTestSuite(TestCaseMain.java:180)
	at TempTestSuite1719146472667.run(TempTestSuite1719146472667.groovy:35)
	at java.base/jdk.internal.reflect.NativeMethodAccessorImpl.invoke0(Native Method)
	at java.base/jdk.internal.reflect.NativeMethodAccessorImpl.invoke(NativeMethodAccessorImpl.java:77)
	at java.base/jdk.internal.reflect.DelegatingMethodAccessorImpl.invoke(DelegatingMethodAccessorImpl.java:43)
)

23-06-2024T20:42:24 - [MESSAGE][PASSED] - Object: 'Object Repository/admin/components/side_nav_drawer/a_Logout' is clicked on

23-06-2024T20:42:24 - [MESSAGE][PASSED] - Current window's url is: 'http://localhost/SAD/ArtLens/index.php'

23-06-2024T20:42:24 - [MESSAGE][FAILED] - Unable to verify match between actual text 'http://localhost/SAD/ArtLens/index.php' and expected text 'http://localhost/SAD/ArtLens/admin.php' (Root cause: com.kms.katalon.core.exception.StepFailedException: Actual text 'http://localhost/SAD/ArtLens/index.php' and expected text 'http://localhost/SAD/ArtLens/admin.php' are not matched
	at com.kms.katalon.core.keyword.builtin.VerifyMatchKeyword$_verifyMatch_closure1.doCall(VerifyMatchKeyword.groovy:57)
	at com.kms.katalon.core.keyword.builtin.VerifyMatchKeyword$_verifyMatch_closure1.call(VerifyMatchKeyword.groovy)
	at com.kms.katalon.core.keyword.internal.KeywordMain.runKeyword(KeywordMain.groovy:75)
	at com.kms.katalon.core.keyword.builtin.VerifyMatchKeyword.verifyMatch(VerifyMatchKeyword.groovy:60)
	at com.kms.katalon.core.keyword.builtin.VerifyMatchKeyword.execute(VerifyMatchKeyword.groovy:45)
	at com.kms.katalon.core.keyword.internal.KeywordExecutor.executeKeywordForPlatform(KeywordExecutor.groovy:74)
	at com.kms.katalon.core.keyword.BuiltinKeywords.verifyMatch(BuiltinKeywords.groovy:78)
	at java.base/jdk.internal.reflect.NativeMethodAccessorImpl.invoke0(Native Method)
	at java.base/jdk.internal.reflect.NativeMethodAccessorImpl.invoke(NativeMethodAccessorImpl.java:77)
	at java.base/jdk.internal.reflect.DelegatingMethodAccessorImpl.invoke(DelegatingMethodAccessorImpl.java:43)
	at com.artlens.utils.AdminUtils.adminLogout(AdminUtils.groovy:78)
	at logout.run(logout:30)
	at com.kms.katalon.core.main.ScriptEngine.run(ScriptEngine.java:194)
	at com.kms.katalon.core.main.ScriptEngine.runScriptAsRawText(ScriptEngine.java:119)
	at com.kms.katalon.core.main.TestCaseExecutor.runScript(TestCaseExecutor.java:448)
	at com.kms.katalon.core.main.TestCaseExecutor.doExecute(TestCaseExecutor.java:439)
	at com.kms.katalon.core.main.TestCaseExecutor.processExecutionPhase(TestCaseExecutor.java:418)
	at com.kms.katalon.core.main.TestCaseExecutor.accessMainPhase(TestCaseExecutor.java:410)
	at com.kms.katalon.core.main.TestCaseExecutor.execute(TestCaseExecutor.java:285)
	at com.kms.katalon.core.common.CommonExecutor.accessTestCaseMainPhase(CommonExecutor.java:65)
	at com.kms.katalon.core.main.TestSuiteExecutor.accessTestSuiteMainPhase(TestSuiteExecutor.java:150)
	at com.kms.katalon.core.main.TestSuiteExecutor.execute(TestSuiteExecutor.java:106)
	at com.kms.katalon.core.main.TestCaseMain.startTestSuite(TestCaseMain.java:180)
	at TempTestSuite1719146472667.run(TempTestSuite1719146472667.groovy:35)
	at java.base/jdk.internal.reflect.NativeMethodAccessorImpl.invoke0(Native Method)
	at java.base/jdk.internal.reflect.NativeMethodAccessorImpl.invoke(NativeMethodAccessorImpl.java:77)
	at java.base/jdk.internal.reflect.DelegatingMethodAccessorImpl.invoke(DelegatingMethodAccessorImpl.java:43)
)

23-06-2024T20:42:24 - [TEST_STEP][FAILED] - catch (Exception e): An error occurred: Actual text 'http://localhost/SAD/ArtLens/index.php' and expected text 'http://localhost/SAD/ArtLens/admin.php' are not matched

23-06-2024T20:42:24 - [TEST_STEP][FAILED] - markFailed("An error occurred: " + message): An error occurred: Actual text 'http://localhost/SAD/ArtLens/index.php' and expected text 'http://localhost/SAD/ArtLens/admin.php' are not matched

23-06-2024T20:42:25 - [MESSAGE][FAILED] - An error occurred: Actual text 'http://localhost/SAD/ArtLens/index.php' and expected text 'http://localhost/SAD/ArtLens/admin.php' are not matched

23-06-2024T20:42:25 - [TEST_STEP][PASSED] - Finally: null

23-06-2024T20:42:25 - [TEST_STEP][PASSED] - Start listener action : sampleAfterTestCase: null]]></system-out>
         <system-err><![CDATA[23-06-2024T20:41:46 - [TEST_CASE][FAILED] - Test Cases/admin/account_management/logout: Test Cases/admin/account_management/logout FAILED.
Reason:
com.kms.katalon.core.exception.StepFailedException: An error occurred: Actual text 'http://localhost/SAD/ArtLens/index.php' and expected text 'http://localhost/SAD/ArtLens/admin.php' are not matched
	at com.kms.katalon.core.util.KeywordUtil.markFailed(KeywordUtil.java:19)
	at logout.run(logout:36)
	at com.kms.katalon.core.main.ScriptEngine.run(ScriptEngine.java:194)
	at com.kms.katalon.core.main.ScriptEngine.runScriptAsRawText(ScriptEngine.java:119)
	at com.kms.katalon.core.main.TestCaseExecutor.runScript(TestCaseExecutor.java:448)
	at com.kms.katalon.core.main.TestCaseExecutor.doExecute(TestCaseExecutor.java:439)
	at com.kms.katalon.core.main.TestCaseExecutor.processExecutionPhase(TestCaseExecutor.java:418)
	at com.kms.katalon.core.main.TestCaseExecutor.accessMainPhase(TestCaseExecutor.java:410)
	at com.kms.katalon.core.main.TestCaseExecutor.execute(TestCaseExecutor.java:285)
	at com.kms.katalon.core.common.CommonExecutor.accessTestCaseMainPhase(CommonExecutor.java:65)
	at com.kms.katalon.core.main.TestSuiteExecutor.accessTestSuiteMainPhase(TestSuiteExecutor.java:150)
	at com.kms.katalon.core.main.TestSuiteExecutor.execute(TestSuiteExecutor.java:106)
	at com.kms.katalon.core.main.TestCaseMain.startTestSuite(TestCaseMain.java:180)
	at TempTestSuite1719146472667.run(TempTestSuite1719146472667.groovy:35)
	at java.base/jdk.internal.reflect.NativeMethodAccessorImpl.invoke0(Native Method)
	at java.base/jdk.internal.reflect.NativeMethodAccessorImpl.invoke(NativeMethodAccessorImpl.java:77)
	at java.base/jdk.internal.reflect.DelegatingMethodAccessorImpl.invoke(DelegatingMethodAccessorImpl.java:43)]]></system-err>
      </testcase>
      <testcase name="Test Cases/admin/announcement_management/logout" time="24.386" classname="Test Cases/admin/announcement_management/logout" status="FAILED">
         <failure type="FAILED" message="Test Cases/admin/announcement_management/logout FAILED.&#xa;Reason:&#xa;com.kms.katalon.core.exception.StepFailedException: An error occurred: Actual text 'http://localhost/SAD/ArtLens/index.php' and expected text 'http://localhost/SAD/ArtLens/admin.php' are not matched&#xa;	at com.kms.katalon.core.util.KeywordUtil.markFailed(KeywordUtil.java:19)&#xa;	at logout.run(logout:36)&#xa;	at com.kms.katalon.core.main.ScriptEngine.run(ScriptEngine.java:194)&#xa;	at com.kms.katalon.core.main.ScriptEngine.runScriptAsRawText(ScriptEngine.java:119)&#xa;	at com.kms.katalon.core.main.TestCaseExecutor.runScript(TestCaseExecutor.java:448)&#xa;	at com.kms.katalon.core.main.TestCaseExecutor.doExecute(TestCaseExecutor.java:439)&#xa;	at com.kms.katalon.core.main.TestCaseExecutor.processExecutionPhase(TestCaseExecutor.java:418)&#xa;	at com.kms.katalon.core.main.TestCaseExecutor.accessMainPhase(TestCaseExecutor.java:410)&#xa;	at com.kms.katalon.core.main.TestCaseExecutor.execute(TestCaseExecutor.java:285)&#xa;	at com.kms.katalon.core.common.CommonExecutor.accessTestCaseMainPhase(CommonExecutor.java:65)&#xa;	at com.kms.katalon.core.main.TestSuiteExecutor.accessTestSuiteMainPhase(TestSuiteExecutor.java:150)&#xa;	at com.kms.katalon.core.main.TestSuiteExecutor.execute(TestSuiteExecutor.java:106)&#xa;	at com.kms.katalon.core.main.TestCaseMain.startTestSuite(TestCaseMain.java:180)&#xa;	at TempTestSuite1719146472667.run(TempTestSuite1719146472667.groovy:35)&#xa;	at java.base/jdk.internal.reflect.NativeMethodAccessorImpl.invoke0(Native Method)&#xa;	at java.base/jdk.internal.reflect.NativeMethodAccessorImpl.invoke(NativeMethodAccessorImpl.java:77)&#xa;	at java.base/jdk.internal.reflect.DelegatingMethodAccessorImpl.invoke(DelegatingMethodAccessorImpl.java:43)&#xa;"/>
         <system-out><![CDATA[23-06-2024T20:42:25 - [TEST_CASE][FAILED] - Test Cases/admin/announcement_management/logout: Test Cases/admin/announcement_management/logout FAILED.
Reason:
com.kms.katalon.core.exception.StepFailedException: An error occurred: Actual text 'http://localhost/SAD/ArtLens/index.php' and expected text 'http://localhost/SAD/ArtLens/admin.php' are not matched
	at com.kms.katalon.core.util.KeywordUtil.markFailed(KeywordUtil.java:19)
	at logout.run(logout:36)
	at com.kms.katalon.core.main.ScriptEngine.run(ScriptEngine.java:194)
	at com.kms.katalon.core.main.ScriptEngine.runScriptAsRawText(ScriptEngine.java:119)
	at com.kms.katalon.core.main.TestCaseExecutor.runScript(TestCaseExecutor.java:448)
	at com.kms.katalon.core.main.TestCaseExecutor.doExecute(TestCaseExecutor.java:439)
	at com.kms.katalon.core.main.TestCaseExecutor.processExecutionPhase(TestCaseExecutor.java:418)
	at com.kms.katalon.core.main.TestCaseExecutor.accessMainPhase(TestCaseExecutor.java:410)
	at com.kms.katalon.core.main.TestCaseExecutor.execute(TestCaseExecutor.java:285)
	at com.kms.katalon.core.common.CommonExecutor.accessTestCaseMainPhase(CommonExecutor.java:65)
	at com.kms.katalon.core.main.TestSuiteExecutor.accessTestSuiteMainPhase(TestSuiteExecutor.java:150)
	at com.kms.katalon.core.main.TestSuiteExecutor.execute(TestSuiteExecutor.java:106)
	at com.kms.katalon.core.main.TestCaseMain.startTestSuite(TestCaseMain.java:180)
	at TempTestSuite1719146472667.run(TempTestSuite1719146472667.groovy:35)
	at java.base/jdk.internal.reflect.NativeMethodAccessorImpl.invoke0(Native Method)
	at java.base/jdk.internal.reflect.NativeMethodAccessorImpl.invoke(NativeMethodAccessorImpl.java:77)
	at java.base/jdk.internal.reflect.DelegatingMethodAccessorImpl.invoke(DelegatingMethodAccessorImpl.java:43)


23-06-2024T20:42:25 - [TEST_STEP][PASSED] - Start listener action : sampleBeforeTestCase: Browser is opened with url: ''

23-06-2024T20:42:25 - [TEST_STEP][PASSED] - println(testCaseContext.getTestCaseId()): null

23-06-2024T20:42:25 - [TEST_STEP][PASSED] - openBrowser(""): Browser is opened with url: ''

23-06-2024T20:42:25 - [MESSAGE][WARNING] - A browser is already opened. Closing browser and opening a new one

23-06-2024T20:42:27 - [MESSAGE][INFO] - Starting 'Firefox (headless)' driver

23-06-2024T20:42:27 - [MESSAGE][INFO] - Action delay is set to 0 milliseconds

23-06-2024T20:42:35 - [MESSAGE][PASSED] - Browser is opened with url: ''

23-06-2024T20:42:36 - [TEST_STEP][FAILED] - try: Unable to verify match between actual text 'http://localhost/SAD/ArtLens/index.php' and expected text 'http://localhost/SAD/ArtLens/admin.php' (Root cause: com.kms.katalon.core.exception.StepFailedException: Actual text 'http://localhost/SAD/ArtLens/index.php' and expected text 'http://localhost/SAD/ArtLens/admin.php' are not matched
	at com.kms.katalon.core.keyword.builtin.VerifyMatchKeyword$_verifyMatch_closure1.doCall(VerifyMatchKeyword.groovy:57)
	at com.kms.katalon.core.keyword.builtin.VerifyMatchKeyword$_verifyMatch_closure1.call(VerifyMatchKeyword.groovy)
	at com.kms.katalon.core.keyword.internal.KeywordMain.runKeyword(KeywordMain.groovy:75)
	at com.kms.katalon.core.keyword.builtin.VerifyMatchKeyword.verifyMatch(VerifyMatchKeyword.groovy:60)
	at com.kms.katalon.core.keyword.builtin.VerifyMatchKeyword.execute(VerifyMatchKeyword.groovy:45)
	at com.kms.katalon.core.keyword.internal.KeywordExecutor.executeKeywordForPlatform(KeywordExecutor.groovy:74)
	at com.kms.katalon.core.keyword.BuiltinKeywords.verifyMatch(BuiltinKeywords.groovy:78)
	at java.base/jdk.internal.reflect.NativeMethodAccessorImpl.invoke0(Native Method)
	at java.base/jdk.internal.reflect.NativeMethodAccessorImpl.invoke(NativeMethodAccessorImpl.java:77)
	at java.base/jdk.internal.reflect.DelegatingMethodAccessorImpl.invoke(DelegatingMethodAccessorImpl.java:43)
	at com.artlens.utils.AdminUtils.adminLogout(AdminUtils.groovy:78)
	at logout.run(logout:30)
	at com.kms.katalon.core.main.ScriptEngine.run(ScriptEngine.java:194)
	at com.kms.katalon.core.main.ScriptEngine.runScriptAsRawText(ScriptEngine.java:119)
	at com.kms.katalon.core.main.TestCaseExecutor.runScript(TestCaseExecutor.java:448)
	at com.kms.katalon.core.main.TestCaseExecutor.doExecute(TestCaseExecutor.java:439)
	at com.kms.katalon.core.main.TestCaseExecutor.processExecutionPhase(TestCaseExecutor.java:418)
	at com.kms.katalon.core.main.TestCaseExecutor.accessMainPhase(TestCaseExecutor.java:410)
	at com.kms.katalon.core.main.TestCaseExecutor.execute(TestCaseExecutor.java:285)
	at com.kms.katalon.core.common.CommonExecutor.accessTestCaseMainPhase(CommonExecutor.java:65)
	at com.kms.katalon.core.main.TestSuiteExecutor.accessTestSuiteMainPhase(TestSuiteExecutor.java:150)
	at com.kms.katalon.core.main.TestSuiteExecutor.execute(TestSuiteExecutor.java:106)
	at com.kms.katalon.core.main.TestCaseMain.startTestSuite(TestCaseMain.java:180)
	at TempTestSuite1719146472667.run(TempTestSuite1719146472667.groovy:35)
	at java.base/jdk.internal.reflect.NativeMethodAccessorImpl.invoke0(Native Method)
	at java.base/jdk.internal.reflect.NativeMethodAccessorImpl.invoke(NativeMethodAccessorImpl.java:77)
	at java.base/jdk.internal.reflect.DelegatingMethodAccessorImpl.invoke(DelegatingMethodAccessorImpl.java:43)
)

23-06-2024T20:42:36 - [TEST_STEP][PASSED] - callTestCase(findTestCase("Common_TestCases/admin_login_all_valid"), [:], STOP_ON_FAILURE): Call Test Case 'Test Cases/Common_TestCases/admin_login_all_valid' successfully

23-06-2024T20:42:36 - [TEST_CASE][PASSED] - Test Cases/Common_TestCases/admin_login_all_valid: Test Cases/Common_TestCases/admin_login_all_valid

23-06-2024T20:42:36 - [TEST_STEP][PASSED] - try: The URL is correct: http://localhost/SAD/ArtLens/adminindex.php

23-06-2024T20:42:36 - [TEST_STEP][PASSED] - userIndex = userIndex: null

23-06-2024T20:42:36 - [TEST_STEP][PASSED] - callTestCase(findTestCase("admin/landing_page/header_bar_visible"), [:], STOP_ON_FAILURE): Call Test Case 'Test Cases/admin/landing_page/header_bar_visible' successfully

23-06-2024T20:42:36 - [TEST_CASE][PASSED] - Test Cases/admin/landing_page/header_bar_visible: Test Cases/admin/landing_page/header_bar_visible

23-06-2024T20:42:36 - [TEST_STEP][PASSED] - callTestCase(findTestCase("admin/landing_page/page_acessible"), [:], STOP_ON_FAILURE): Call Test Case 'Test Cases/admin/landing_page/page_acessible' successfully

23-06-2024T20:42:37 - [TEST_CASE][PASSED] - Test Cases/admin/landing_page/page_acessible: Test Cases/admin/landing_page/page_acessible

23-06-2024T20:42:37 - [TEST_STEP][PASSED] - AdminUtils.openWebPage("admin.php"): Navigate to 'http://localhost/SAD/ArtLens/admin.php' successfully

23-06-2024T20:42:37 - [MESSAGE][INFO] - HAR: C:\DevPackage\xampp\htdocs\SAD\ArtLens\Reports\20240623_204104\Test_Admin_Logout\20240623_204112\requests\main\1.har

23-06-2024T20:42:37 - [MESSAGE][PASSED] - Send request successfully

23-06-2024T20:42:37 - [MESSAGE][PASSED] - All links are accessible

23-06-2024T20:42:39 - [MESSAGE][PASSED] - Navigate to 'http://localhost/SAD/ArtLens/admin.php' successfully

23-06-2024T20:42:39 - [MESSAGE][PASSED] - Call Test Case 'Test Cases/admin/landing_page/page_acessible' successfully

23-06-2024T20:42:39 - [TEST_STEP][PASSED] - verifyElementPresent(findTestObject("admin/landing_page/nav_ArtLens            Admin Login"), 0): Object 'Object Repository/admin/landing_page/nav_ArtLens            Admin Login' is present

23-06-2024T20:42:39 - [MESSAGE][WARNING] - Timeout '0' is invalid. Using default page load timeout: '30'

23-06-2024T20:42:39 - [MESSAGE][PASSED] - Object 'Object Repository/admin/landing_page/nav_ArtLens            Admin Login' is present

23-06-2024T20:42:39 - [TEST_STEP][PASSED] - verifyElementVisible(findTestObject("admin/landing_page/nav_ArtLens            Admin Login")): Object 'Object Repository/admin/landing_page/nav_ArtLens            Admin Login' is visible

23-06-2024T20:42:39 - [MESSAGE][PASSED] - Object 'Object Repository/admin/landing_page/nav_ArtLens            Admin Login' is visible

23-06-2024T20:42:39 - [MESSAGE][PASSED] - Call Test Case 'Test Cases/admin/landing_page/header_bar_visible' successfully

23-06-2024T20:42:39 - [TEST_STEP][PASSED] - AdminUtils.adminLogin(ValidUsernameCredentials[userIndex], ValidPasswordCredentials[userIndex]): Object: 'Object Repository/admin/landing_page/button_Login' is clicked on

23-06-2024T20:42:39 - [MESSAGE][WARNING] - Timeout '0' is invalid. Using default page load timeout: '30'

23-06-2024T20:42:39 - [MESSAGE][PASSED] - Object 'Object Repository/admin/landing_page/a_Admin Login' is present

23-06-2024T20:42:39 - [MESSAGE][PASSED] - Object 'Object Repository/admin/landing_page/a_Admin Login' is visible

23-06-2024T20:42:42 - [MESSAGE][PASSED] - Object: 'Object Repository/admin/landing_page/a_Admin Login' is clicked on

23-06-2024T20:42:43 - [MESSAGE][PASSED] - Text 'admin@gmail.com' is set on object 'Object Repository/admin/landing_page/input_ARTLENS_uname'

23-06-2024T20:42:43 - [MESSAGE][PASSED] - Object: 'Object Repository/admin/landing_page/button_Show' is clicked on

23-06-2024T20:42:43 - [MESSAGE][PASSED] - Text '@Helloword' is set on object 'Object Repository/admin/landing_page/input_ARTLENS_pass_1'

23-06-2024T20:42:43 - [MESSAGE][WARNING] - Timeout '0' is invalid. Using default page load timeout: '30'

23-06-2024T20:42:43 - [MESSAGE][PASSED] - Object 'Object Repository/admin/landing_page/button_Login' is present

23-06-2024T20:42:43 - [MESSAGE][PASSED] - Object 'Object Repository/admin/landing_page/button_Login' is visible

23-06-2024T20:42:46 - [MESSAGE][PASSED] - Object: 'Object Repository/admin/landing_page/button_Login' is clicked on

23-06-2024T20:42:46 - [TEST_STEP][PASSED] - currentUrl = getUrl(): Current window's url is: 'http://localhost/SAD/ArtLens/adminindex.php'

23-06-2024T20:42:46 - [MESSAGE][PASSED] - Current window's url is: 'http://localhost/SAD/ArtLens/adminindex.php'

23-06-2024T20:42:46 - [TEST_STEP][PASSED] - expectedUrl = $GlobalVariable.appBaseLinkadminindex.php: null

23-06-2024T20:42:46 - [TEST_STEP][PASSED] - isUrlCorrect = verifyMatch(currentUrl, expectedUrl, false): Actual text 'http://localhost/SAD/ArtLens/adminindex.php' and expected text 'http://localhost/SAD/ArtLens/adminindex.php' are matched 

23-06-2024T20:42:46 - [MESSAGE][PASSED] - Actual text 'http://localhost/SAD/ArtLens/adminindex.php' and expected text 'http://localhost/SAD/ArtLens/adminindex.php' are matched 

23-06-2024T20:42:46 - [TEST_STEP][PASSED] - if (isUrlCorrect): The URL is correct: http://localhost/SAD/ArtLens/adminindex.php

23-06-2024T20:42:46 - [TEST_STEP][PASSED] - markPassed("The URL is correct: " + currentUrl): The URL is correct: http://localhost/SAD/ArtLens/adminindex.php

23-06-2024T20:42:46 - [MESSAGE][PASSED] - The URL is correct: http://localhost/SAD/ArtLens/adminindex.php

23-06-2024T20:42:46 - [TEST_STEP][PASSED] - Finally: null

23-06-2024T20:42:46 - [MESSAGE][PASSED] - Call Test Case 'Test Cases/Common_TestCases/admin_login_all_valid' successfully

23-06-2024T20:42:46 - [TEST_STEP][PASSED] - verifyElementPresent(findTestObject("Object Repository/admin/components/side_nav_drawer/a_Announcements"), 0): Object 'Object Repository/admin/components/side_nav_drawer/a_Announcements' is present

23-06-2024T20:42:46 - [MESSAGE][WARNING] - Timeout '0' is invalid. Using default page load timeout: '30'

23-06-2024T20:42:46 - [MESSAGE][PASSED] - Object 'Object Repository/admin/components/side_nav_drawer/a_Announcements' is present

23-06-2024T20:42:46 - [TEST_STEP][PASSED] - verifyElementVisible(findTestObject("Object Repository/admin/components/side_nav_drawer/a_Announcements"), STOP_ON_FAILURE): Object 'Object Repository/admin/components/side_nav_drawer/a_Announcements' is visible

23-06-2024T20:42:46 - [MESSAGE][PASSED] - Object 'Object Repository/admin/components/side_nav_drawer/a_Announcements' is visible

23-06-2024T20:42:46 - [TEST_STEP][PASSED] - click(findTestObject("Object Repository/admin/components/side_nav_drawer/a_Announcements")): Object: 'Object Repository/admin/components/side_nav_drawer/a_Announcements' is clicked on

23-06-2024T20:42:47 - [MESSAGE][PASSED] - Object: 'Object Repository/admin/components/side_nav_drawer/a_Announcements' is clicked on

23-06-2024T20:42:47 - [TEST_STEP][FAILED] - AdminUtils.adminLogout(): Unable to verify match between actual text 'http://localhost/SAD/ArtLens/index.php' and expected text 'http://localhost/SAD/ArtLens/admin.php' (Root cause: com.kms.katalon.core.exception.StepFailedException: Actual text 'http://localhost/SAD/ArtLens/index.php' and expected text 'http://localhost/SAD/ArtLens/admin.php' are not matched
	at com.kms.katalon.core.keyword.builtin.VerifyMatchKeyword$_verifyMatch_closure1.doCall(VerifyMatchKeyword.groovy:57)
	at com.kms.katalon.core.keyword.builtin.VerifyMatchKeyword$_verifyMatch_closure1.call(VerifyMatchKeyword.groovy)
	at com.kms.katalon.core.keyword.internal.KeywordMain.runKeyword(KeywordMain.groovy:75)
	at com.kms.katalon.core.keyword.builtin.VerifyMatchKeyword.verifyMatch(VerifyMatchKeyword.groovy:60)
	at com.kms.katalon.core.keyword.builtin.VerifyMatchKeyword.execute(VerifyMatchKeyword.groovy:45)
	at com.kms.katalon.core.keyword.internal.KeywordExecutor.executeKeywordForPlatform(KeywordExecutor.groovy:74)
	at com.kms.katalon.core.keyword.BuiltinKeywords.verifyMatch(BuiltinKeywords.groovy:78)
	at java.base/jdk.internal.reflect.NativeMethodAccessorImpl.invoke0(Native Method)
	at java.base/jdk.internal.reflect.NativeMethodAccessorImpl.invoke(NativeMethodAccessorImpl.java:77)
	at java.base/jdk.internal.reflect.DelegatingMethodAccessorImpl.invoke(DelegatingMethodAccessorImpl.java:43)
	at com.artlens.utils.AdminUtils.adminLogout(AdminUtils.groovy:78)
	at logout.run(logout:30)
	at com.kms.katalon.core.main.ScriptEngine.run(ScriptEngine.java:194)
	at com.kms.katalon.core.main.ScriptEngine.runScriptAsRawText(ScriptEngine.java:119)
	at com.kms.katalon.core.main.TestCaseExecutor.runScript(TestCaseExecutor.java:448)
	at com.kms.katalon.core.main.TestCaseExecutor.doExecute(TestCaseExecutor.java:439)
	at com.kms.katalon.core.main.TestCaseExecutor.processExecutionPhase(TestCaseExecutor.java:418)
	at com.kms.katalon.core.main.TestCaseExecutor.accessMainPhase(TestCaseExecutor.java:410)
	at com.kms.katalon.core.main.TestCaseExecutor.execute(TestCaseExecutor.java:285)
	at com.kms.katalon.core.common.CommonExecutor.accessTestCaseMainPhase(CommonExecutor.java:65)
	at com.kms.katalon.core.main.TestSuiteExecutor.accessTestSuiteMainPhase(TestSuiteExecutor.java:150)
	at com.kms.katalon.core.main.TestSuiteExecutor.execute(TestSuiteExecutor.java:106)
	at com.kms.katalon.core.main.TestCaseMain.startTestSuite(TestCaseMain.java:180)
	at TempTestSuite1719146472667.run(TempTestSuite1719146472667.groovy:35)
	at java.base/jdk.internal.reflect.NativeMethodAccessorImpl.invoke0(Native Method)
	at java.base/jdk.internal.reflect.NativeMethodAccessorImpl.invoke(NativeMethodAccessorImpl.java:77)
	at java.base/jdk.internal.reflect.DelegatingMethodAccessorImpl.invoke(DelegatingMethodAccessorImpl.java:43)
)

23-06-2024T20:42:48 - [MESSAGE][PASSED] - Object: 'Object Repository/admin/components/side_nav_drawer/a_Logout' is clicked on

23-06-2024T20:42:48 - [MESSAGE][PASSED] - Current window's url is: 'http://localhost/SAD/ArtLens/index.php'

23-06-2024T20:42:48 - [MESSAGE][FAILED] - Unable to verify match between actual text 'http://localhost/SAD/ArtLens/index.php' and expected text 'http://localhost/SAD/ArtLens/admin.php' (Root cause: com.kms.katalon.core.exception.StepFailedException: Actual text 'http://localhost/SAD/ArtLens/index.php' and expected text 'http://localhost/SAD/ArtLens/admin.php' are not matched
	at com.kms.katalon.core.keyword.builtin.VerifyMatchKeyword$_verifyMatch_closure1.doCall(VerifyMatchKeyword.groovy:57)
	at com.kms.katalon.core.keyword.builtin.VerifyMatchKeyword$_verifyMatch_closure1.call(VerifyMatchKeyword.groovy)
	at com.kms.katalon.core.keyword.internal.KeywordMain.runKeyword(KeywordMain.groovy:75)
	at com.kms.katalon.core.keyword.builtin.VerifyMatchKeyword.verifyMatch(VerifyMatchKeyword.groovy:60)
	at com.kms.katalon.core.keyword.builtin.VerifyMatchKeyword.execute(VerifyMatchKeyword.groovy:45)
	at com.kms.katalon.core.keyword.internal.KeywordExecutor.executeKeywordForPlatform(KeywordExecutor.groovy:74)
	at com.kms.katalon.core.keyword.BuiltinKeywords.verifyMatch(BuiltinKeywords.groovy:78)
	at java.base/jdk.internal.reflect.NativeMethodAccessorImpl.invoke0(Native Method)
	at java.base/jdk.internal.reflect.NativeMethodAccessorImpl.invoke(NativeMethodAccessorImpl.java:77)
	at java.base/jdk.internal.reflect.DelegatingMethodAccessorImpl.invoke(DelegatingMethodAccessorImpl.java:43)
	at com.artlens.utils.AdminUtils.adminLogout(AdminUtils.groovy:78)
	at logout.run(logout:30)
	at com.kms.katalon.core.main.ScriptEngine.run(ScriptEngine.java:194)
	at com.kms.katalon.core.main.ScriptEngine.runScriptAsRawText(ScriptEngine.java:119)
	at com.kms.katalon.core.main.TestCaseExecutor.runScript(TestCaseExecutor.java:448)
	at com.kms.katalon.core.main.TestCaseExecutor.doExecute(TestCaseExecutor.java:439)
	at com.kms.katalon.core.main.TestCaseExecutor.processExecutionPhase(TestCaseExecutor.java:418)
	at com.kms.katalon.core.main.TestCaseExecutor.accessMainPhase(TestCaseExecutor.java:410)
	at com.kms.katalon.core.main.TestCaseExecutor.execute(TestCaseExecutor.java:285)
	at com.kms.katalon.core.common.CommonExecutor.accessTestCaseMainPhase(CommonExecutor.java:65)
	at com.kms.katalon.core.main.TestSuiteExecutor.accessTestSuiteMainPhase(TestSuiteExecutor.java:150)
	at com.kms.katalon.core.main.TestSuiteExecutor.execute(TestSuiteExecutor.java:106)
	at com.kms.katalon.core.main.TestCaseMain.startTestSuite(TestCaseMain.java:180)
	at TempTestSuite1719146472667.run(TempTestSuite1719146472667.groovy:35)
	at java.base/jdk.internal.reflect.NativeMethodAccessorImpl.invoke0(Native Method)
	at java.base/jdk.internal.reflect.NativeMethodAccessorImpl.invoke(NativeMethodAccessorImpl.java:77)
	at java.base/jdk.internal.reflect.DelegatingMethodAccessorImpl.invoke(DelegatingMethodAccessorImpl.java:43)
)

23-06-2024T20:42:48 - [TEST_STEP][FAILED] - catch (Exception e): An error occurred: Actual text 'http://localhost/SAD/ArtLens/index.php' and expected text 'http://localhost/SAD/ArtLens/admin.php' are not matched

23-06-2024T20:42:48 - [TEST_STEP][FAILED] - markFailed("An error occurred: " + message): An error occurred: Actual text 'http://localhost/SAD/ArtLens/index.php' and expected text 'http://localhost/SAD/ArtLens/admin.php' are not matched

23-06-2024T20:42:48 - [MESSAGE][FAILED] - An error occurred: Actual text 'http://localhost/SAD/ArtLens/index.php' and expected text 'http://localhost/SAD/ArtLens/admin.php' are not matched

23-06-2024T20:42:48 - [TEST_STEP][PASSED] - Finally: null

23-06-2024T20:42:49 - [TEST_STEP][PASSED] - Start listener action : sampleAfterTestCase: null]]></system-out>
         <system-err><![CDATA[23-06-2024T20:42:25 - [TEST_CASE][FAILED] - Test Cases/admin/announcement_management/logout: Test Cases/admin/announcement_management/logout FAILED.
Reason:
com.kms.katalon.core.exception.StepFailedException: An error occurred: Actual text 'http://localhost/SAD/ArtLens/index.php' and expected text 'http://localhost/SAD/ArtLens/admin.php' are not matched
	at com.kms.katalon.core.util.KeywordUtil.markFailed(KeywordUtil.java:19)
	at logout.run(logout:36)
	at com.kms.katalon.core.main.ScriptEngine.run(ScriptEngine.java:194)
	at com.kms.katalon.core.main.ScriptEngine.runScriptAsRawText(ScriptEngine.java:119)
	at com.kms.katalon.core.main.TestCaseExecutor.runScript(TestCaseExecutor.java:448)
	at com.kms.katalon.core.main.TestCaseExecutor.doExecute(TestCaseExecutor.java:439)
	at com.kms.katalon.core.main.TestCaseExecutor.processExecutionPhase(TestCaseExecutor.java:418)
	at com.kms.katalon.core.main.TestCaseExecutor.accessMainPhase(TestCaseExecutor.java:410)
	at com.kms.katalon.core.main.TestCaseExecutor.execute(TestCaseExecutor.java:285)
	at com.kms.katalon.core.common.CommonExecutor.accessTestCaseMainPhase(CommonExecutor.java:65)
	at com.kms.katalon.core.main.TestSuiteExecutor.accessTestSuiteMainPhase(TestSuiteExecutor.java:150)
	at com.kms.katalon.core.main.TestSuiteExecutor.execute(TestSuiteExecutor.java:106)
	at com.kms.katalon.core.main.TestCaseMain.startTestSuite(TestCaseMain.java:180)
	at TempTestSuite1719146472667.run(TempTestSuite1719146472667.groovy:35)
	at java.base/jdk.internal.reflect.NativeMethodAccessorImpl.invoke0(Native Method)
	at java.base/jdk.internal.reflect.NativeMethodAccessorImpl.invoke(NativeMethodAccessorImpl.java:77)
	at java.base/jdk.internal.reflect.DelegatingMethodAccessorImpl.invoke(DelegatingMethodAccessorImpl.java:43)]]></system-err>
      </testcase>
      <testcase name="Test Cases/admin/artwork_management/logout" time="23.256" classname="Test Cases/admin/artwork_management/logout" status="FAILED">
         <failure type="FAILED" message="Test Cases/admin/artwork_management/logout FAILED.&#xa;Reason:&#xa;com.kms.katalon.core.exception.StepFailedException: An error occurred: Actual text 'http://localhost/SAD/ArtLens/index.php' and expected text 'http://localhost/SAD/ArtLens/admin.php' are not matched&#xa;	at com.kms.katalon.core.util.KeywordUtil.markFailed(KeywordUtil.java:19)&#xa;	at logout.run(logout:36)&#xa;	at com.kms.katalon.core.main.ScriptEngine.run(ScriptEngine.java:194)&#xa;	at com.kms.katalon.core.main.ScriptEngine.runScriptAsRawText(ScriptEngine.java:119)&#xa;	at com.kms.katalon.core.main.TestCaseExecutor.runScript(TestCaseExecutor.java:448)&#xa;	at com.kms.katalon.core.main.TestCaseExecutor.doExecute(TestCaseExecutor.java:439)&#xa;	at com.kms.katalon.core.main.TestCaseExecutor.processExecutionPhase(TestCaseExecutor.java:418)&#xa;	at com.kms.katalon.core.main.TestCaseExecutor.accessMainPhase(TestCaseExecutor.java:410)&#xa;	at com.kms.katalon.core.main.TestCaseExecutor.execute(TestCaseExecutor.java:285)&#xa;	at com.kms.katalon.core.common.CommonExecutor.accessTestCaseMainPhase(CommonExecutor.java:65)&#xa;	at com.kms.katalon.core.main.TestSuiteExecutor.accessTestSuiteMainPhase(TestSuiteExecutor.java:150)&#xa;	at com.kms.katalon.core.main.TestSuiteExecutor.execute(TestSuiteExecutor.java:106)&#xa;	at com.kms.katalon.core.main.TestCaseMain.startTestSuite(TestCaseMain.java:180)&#xa;	at TempTestSuite1719146472667.run(TempTestSuite1719146472667.groovy:35)&#xa;	at java.base/jdk.internal.reflect.NativeMethodAccessorImpl.invoke0(Native Method)&#xa;	at java.base/jdk.internal.reflect.NativeMethodAccessorImpl.invoke(NativeMethodAccessorImpl.java:77)&#xa;	at java.base/jdk.internal.reflect.DelegatingMethodAccessorImpl.invoke(DelegatingMethodAccessorImpl.java:43)&#xa;"/>
         <system-out><![CDATA[23-06-2024T20:42:49 - [TEST_CASE][FAILED] - Test Cases/admin/artwork_management/logout: Test Cases/admin/artwork_management/logout FAILED.
Reason:
com.kms.katalon.core.exception.StepFailedException: An error occurred: Actual text 'http://localhost/SAD/ArtLens/index.php' and expected text 'http://localhost/SAD/ArtLens/admin.php' are not matched
	at com.kms.katalon.core.util.KeywordUtil.markFailed(KeywordUtil.java:19)
	at logout.run(logout:36)
	at com.kms.katalon.core.main.ScriptEngine.run(ScriptEngine.java:194)
	at com.kms.katalon.core.main.ScriptEngine.runScriptAsRawText(ScriptEngine.java:119)
	at com.kms.katalon.core.main.TestCaseExecutor.runScript(TestCaseExecutor.java:448)
	at com.kms.katalon.core.main.TestCaseExecutor.doExecute(TestCaseExecutor.java:439)
	at com.kms.katalon.core.main.TestCaseExecutor.processExecutionPhase(TestCaseExecutor.java:418)
	at com.kms.katalon.core.main.TestCaseExecutor.accessMainPhase(TestCaseExecutor.java:410)
	at com.kms.katalon.core.main.TestCaseExecutor.execute(TestCaseExecutor.java:285)
	at com.kms.katalon.core.common.CommonExecutor.accessTestCaseMainPhase(CommonExecutor.java:65)
	at com.kms.katalon.core.main.TestSuiteExecutor.accessTestSuiteMainPhase(TestSuiteExecutor.java:150)
	at com.kms.katalon.core.main.TestSuiteExecutor.execute(TestSuiteExecutor.java:106)
	at com.kms.katalon.core.main.TestCaseMain.startTestSuite(TestCaseMain.java:180)
	at TempTestSuite1719146472667.run(TempTestSuite1719146472667.groovy:35)
	at java.base/jdk.internal.reflect.NativeMethodAccessorImpl.invoke0(Native Method)
	at java.base/jdk.internal.reflect.NativeMethodAccessorImpl.invoke(NativeMethodAccessorImpl.java:77)
	at java.base/jdk.internal.reflect.DelegatingMethodAccessorImpl.invoke(DelegatingMethodAccessorImpl.java:43)


23-06-2024T20:42:49 - [TEST_STEP][PASSED] - Start listener action : sampleBeforeTestCase: Browser is opened with url: ''

23-06-2024T20:42:49 - [TEST_STEP][PASSED] - println(testCaseContext.getTestCaseId()): null

23-06-2024T20:42:49 - [TEST_STEP][PASSED] - openBrowser(""): Browser is opened with url: ''

23-06-2024T20:42:49 - [MESSAGE][WARNING] - A browser is already opened. Closing browser and opening a new one

23-06-2024T20:42:52 - [MESSAGE][INFO] - Starting 'Firefox (headless)' driver

23-06-2024T20:42:53 - [MESSAGE][INFO] - Action delay is set to 0 milliseconds

23-06-2024T20:43:00 - [MESSAGE][PASSED] - Browser is opened with url: ''

23-06-2024T20:43:01 - [TEST_STEP][FAILED] - try: Unable to verify match between actual text 'http://localhost/SAD/ArtLens/index.php' and expected text 'http://localhost/SAD/ArtLens/admin.php' (Root cause: com.kms.katalon.core.exception.StepFailedException: Actual text 'http://localhost/SAD/ArtLens/index.php' and expected text 'http://localhost/SAD/ArtLens/admin.php' are not matched
	at com.kms.katalon.core.keyword.builtin.VerifyMatchKeyword$_verifyMatch_closure1.doCall(VerifyMatchKeyword.groovy:57)
	at com.kms.katalon.core.keyword.builtin.VerifyMatchKeyword$_verifyMatch_closure1.call(VerifyMatchKeyword.groovy)
	at com.kms.katalon.core.keyword.internal.KeywordMain.runKeyword(KeywordMain.groovy:75)
	at com.kms.katalon.core.keyword.builtin.VerifyMatchKeyword.verifyMatch(VerifyMatchKeyword.groovy:60)
	at com.kms.katalon.core.keyword.builtin.VerifyMatchKeyword.execute(VerifyMatchKeyword.groovy:45)
	at com.kms.katalon.core.keyword.internal.KeywordExecutor.executeKeywordForPlatform(KeywordExecutor.groovy:74)
	at com.kms.katalon.core.keyword.BuiltinKeywords.verifyMatch(BuiltinKeywords.groovy:78)
	at java.base/jdk.internal.reflect.NativeMethodAccessorImpl.invoke0(Native Method)
	at java.base/jdk.internal.reflect.NativeMethodAccessorImpl.invoke(NativeMethodAccessorImpl.java:77)
	at java.base/jdk.internal.reflect.DelegatingMethodAccessorImpl.invoke(DelegatingMethodAccessorImpl.java:43)
	at com.artlens.utils.AdminUtils.adminLogout(AdminUtils.groovy:78)
	at logout.run(logout:30)
	at com.kms.katalon.core.main.ScriptEngine.run(ScriptEngine.java:194)
	at com.kms.katalon.core.main.ScriptEngine.runScriptAsRawText(ScriptEngine.java:119)
	at com.kms.katalon.core.main.TestCaseExecutor.runScript(TestCaseExecutor.java:448)
	at com.kms.katalon.core.main.TestCaseExecutor.doExecute(TestCaseExecutor.java:439)
	at com.kms.katalon.core.main.TestCaseExecutor.processExecutionPhase(TestCaseExecutor.java:418)
	at com.kms.katalon.core.main.TestCaseExecutor.accessMainPhase(TestCaseExecutor.java:410)
	at com.kms.katalon.core.main.TestCaseExecutor.execute(TestCaseExecutor.java:285)
	at com.kms.katalon.core.common.CommonExecutor.accessTestCaseMainPhase(CommonExecutor.java:65)
	at com.kms.katalon.core.main.TestSuiteExecutor.accessTestSuiteMainPhase(TestSuiteExecutor.java:150)
	at com.kms.katalon.core.main.TestSuiteExecutor.execute(TestSuiteExecutor.java:106)
	at com.kms.katalon.core.main.TestCaseMain.startTestSuite(TestCaseMain.java:180)
	at TempTestSuite1719146472667.run(TempTestSuite1719146472667.groovy:35)
	at java.base/jdk.internal.reflect.NativeMethodAccessorImpl.invoke0(Native Method)
	at java.base/jdk.internal.reflect.NativeMethodAccessorImpl.invoke(NativeMethodAccessorImpl.java:77)
	at java.base/jdk.internal.reflect.DelegatingMethodAccessorImpl.invoke(DelegatingMethodAccessorImpl.java:43)
)

23-06-2024T20:43:01 - [TEST_STEP][PASSED] - callTestCase(findTestCase("Common_TestCases/admin_login_all_valid"), [:], STOP_ON_FAILURE): Call Test Case 'Test Cases/Common_TestCases/admin_login_all_valid' successfully

23-06-2024T20:43:01 - [TEST_CASE][PASSED] - Test Cases/Common_TestCases/admin_login_all_valid: Test Cases/Common_TestCases/admin_login_all_valid

23-06-2024T20:43:01 - [TEST_STEP][PASSED] - try: The URL is correct: http://localhost/SAD/ArtLens/adminindex.php

23-06-2024T20:43:01 - [TEST_STEP][PASSED] - userIndex = userIndex: null

23-06-2024T20:43:01 - [TEST_STEP][PASSED] - callTestCase(findTestCase("admin/landing_page/header_bar_visible"), [:], STOP_ON_FAILURE): Call Test Case 'Test Cases/admin/landing_page/header_bar_visible' successfully

23-06-2024T20:43:01 - [TEST_CASE][PASSED] - Test Cases/admin/landing_page/header_bar_visible: Test Cases/admin/landing_page/header_bar_visible

23-06-2024T20:43:01 - [TEST_STEP][PASSED] - callTestCase(findTestCase("admin/landing_page/page_acessible"), [:], STOP_ON_FAILURE): Call Test Case 'Test Cases/admin/landing_page/page_acessible' successfully

23-06-2024T20:43:02 - [TEST_CASE][PASSED] - Test Cases/admin/landing_page/page_acessible: Test Cases/admin/landing_page/page_acessible

23-06-2024T20:43:02 - [TEST_STEP][PASSED] - AdminUtils.openWebPage("admin.php"): Navigate to 'http://localhost/SAD/ArtLens/admin.php' successfully

23-06-2024T20:43:02 - [MESSAGE][INFO] - HAR: C:\DevPackage\xampp\htdocs\SAD\ArtLens\Reports\20240623_204104\Test_Admin_Logout\20240623_204112\requests\main\2.har

23-06-2024T20:43:02 - [MESSAGE][PASSED] - Send request successfully

23-06-2024T20:43:02 - [MESSAGE][PASSED] - All links are accessible

23-06-2024T20:43:05 - [MESSAGE][PASSED] - Navigate to 'http://localhost/SAD/ArtLens/admin.php' successfully

23-06-2024T20:43:05 - [MESSAGE][PASSED] - Call Test Case 'Test Cases/admin/landing_page/page_acessible' successfully

23-06-2024T20:43:05 - [TEST_STEP][PASSED] - verifyElementPresent(findTestObject("admin/landing_page/nav_ArtLens            Admin Login"), 0): Object 'Object Repository/admin/landing_page/nav_ArtLens            Admin Login' is present

23-06-2024T20:43:05 - [MESSAGE][WARNING] - Timeout '0' is invalid. Using default page load timeout: '30'

23-06-2024T20:43:06 - [MESSAGE][PASSED] - Object 'Object Repository/admin/landing_page/nav_ArtLens            Admin Login' is present

23-06-2024T20:43:06 - [TEST_STEP][PASSED] - verifyElementVisible(findTestObject("admin/landing_page/nav_ArtLens            Admin Login")): Object 'Object Repository/admin/landing_page/nav_ArtLens            Admin Login' is visible

23-06-2024T20:43:06 - [MESSAGE][PASSED] - Object 'Object Repository/admin/landing_page/nav_ArtLens            Admin Login' is visible

23-06-2024T20:43:06 - [MESSAGE][PASSED] - Call Test Case 'Test Cases/admin/landing_page/header_bar_visible' successfully

23-06-2024T20:43:06 - [TEST_STEP][PASSED] - AdminUtils.adminLogin(ValidUsernameCredentials[userIndex], ValidPasswordCredentials[userIndex]): Object: 'Object Repository/admin/landing_page/button_Login' is clicked on

23-06-2024T20:43:06 - [MESSAGE][WARNING] - Timeout '0' is invalid. Using default page load timeout: '30'

23-06-2024T20:43:06 - [MESSAGE][PASSED] - Object 'Object Repository/admin/landing_page/a_Admin Login' is present

23-06-2024T20:43:06 - [MESSAGE][PASSED] - Object 'Object Repository/admin/landing_page/a_Admin Login' is visible

23-06-2024T20:43:07 - [MESSAGE][PASSED] - Object: 'Object Repository/admin/landing_page/a_Admin Login' is clicked on

23-06-2024T20:43:07 - [MESSAGE][PASSED] - Text 'admin@gmail.com' is set on object 'Object Repository/admin/landing_page/input_ARTLENS_uname'

23-06-2024T20:43:07 - [MESSAGE][PASSED] - Object: 'Object Repository/admin/landing_page/button_Show' is clicked on

23-06-2024T20:43:09 - [MESSAGE][PASSED] - Text '@Helloword' is set on object 'Object Repository/admin/landing_page/input_ARTLENS_pass_1'

23-06-2024T20:43:09 - [MESSAGE][WARNING] - Timeout '0' is invalid. Using default page load timeout: '30'

23-06-2024T20:43:09 - [MESSAGE][PASSED] - Object 'Object Repository/admin/landing_page/button_Login' is present

23-06-2024T20:43:09 - [MESSAGE][PASSED] - Object 'Object Repository/admin/landing_page/button_Login' is visible

23-06-2024T20:43:10 - [MESSAGE][PASSED] - Object: 'Object Repository/admin/landing_page/button_Login' is clicked on

23-06-2024T20:43:10 - [TEST_STEP][PASSED] - currentUrl = getUrl(): Current window's url is: 'http://localhost/SAD/ArtLens/adminindex.php'

23-06-2024T20:43:10 - [MESSAGE][PASSED] - Current window's url is: 'http://localhost/SAD/ArtLens/adminindex.php'

23-06-2024T20:43:10 - [TEST_STEP][PASSED] - expectedUrl = $GlobalVariable.appBaseLinkadminindex.php: null

23-06-2024T20:43:10 - [TEST_STEP][PASSED] - isUrlCorrect = verifyMatch(currentUrl, expectedUrl, false): Actual text 'http://localhost/SAD/ArtLens/adminindex.php' and expected text 'http://localhost/SAD/ArtLens/adminindex.php' are matched 

23-06-2024T20:43:10 - [MESSAGE][PASSED] - Actual text 'http://localhost/SAD/ArtLens/adminindex.php' and expected text 'http://localhost/SAD/ArtLens/adminindex.php' are matched 

23-06-2024T20:43:10 - [TEST_STEP][PASSED] - if (isUrlCorrect): The URL is correct: http://localhost/SAD/ArtLens/adminindex.php

23-06-2024T20:43:10 - [TEST_STEP][PASSED] - markPassed("The URL is correct: " + currentUrl): The URL is correct: http://localhost/SAD/ArtLens/adminindex.php

23-06-2024T20:43:10 - [MESSAGE][PASSED] - The URL is correct: http://localhost/SAD/ArtLens/adminindex.php

23-06-2024T20:43:10 - [TEST_STEP][PASSED] - Finally: null

23-06-2024T20:43:10 - [MESSAGE][PASSED] - Call Test Case 'Test Cases/Common_TestCases/admin_login_all_valid' successfully

23-06-2024T20:43:10 - [TEST_STEP][PASSED] - verifyElementPresent(findTestObject("Object Repository/admin/components/side_nav_drawer/a_Artworks"), 0): Object 'Object Repository/admin/components/side_nav_drawer/a_Artworks' is present

23-06-2024T20:43:10 - [MESSAGE][WARNING] - Timeout '0' is invalid. Using default page load timeout: '30'

23-06-2024T20:43:10 - [MESSAGE][PASSED] - Object 'Object Repository/admin/components/side_nav_drawer/a_Artworks' is present

23-06-2024T20:43:10 - [TEST_STEP][PASSED] - verifyElementVisible(findTestObject("Object Repository/admin/components/side_nav_drawer/a_Artworks"), STOP_ON_FAILURE): Object 'Object Repository/admin/components/side_nav_drawer/a_Artworks' is visible

23-06-2024T20:43:11 - [MESSAGE][PASSED] - Object 'Object Repository/admin/components/side_nav_drawer/a_Artworks' is visible

23-06-2024T20:43:11 - [TEST_STEP][PASSED] - click(findTestObject("Object Repository/admin/components/side_nav_drawer/a_Artworks")): Object: 'Object Repository/admin/components/side_nav_drawer/a_Artworks' is clicked on

23-06-2024T20:43:11 - [MESSAGE][PASSED] - Object: 'Object Repository/admin/components/side_nav_drawer/a_Artworks' is clicked on

23-06-2024T20:43:11 - [TEST_STEP][FAILED] - AdminUtils.adminLogout(): Unable to verify match between actual text 'http://localhost/SAD/ArtLens/index.php' and expected text 'http://localhost/SAD/ArtLens/admin.php' (Root cause: com.kms.katalon.core.exception.StepFailedException: Actual text 'http://localhost/SAD/ArtLens/index.php' and expected text 'http://localhost/SAD/ArtLens/admin.php' are not matched
	at com.kms.katalon.core.keyword.builtin.VerifyMatchKeyword$_verifyMatch_closure1.doCall(VerifyMatchKeyword.groovy:57)
	at com.kms.katalon.core.keyword.builtin.VerifyMatchKeyword$_verifyMatch_closure1.call(VerifyMatchKeyword.groovy)
	at com.kms.katalon.core.keyword.internal.KeywordMain.runKeyword(KeywordMain.groovy:75)
	at com.kms.katalon.core.keyword.builtin.VerifyMatchKeyword.verifyMatch(VerifyMatchKeyword.groovy:60)
	at com.kms.katalon.core.keyword.builtin.VerifyMatchKeyword.execute(VerifyMatchKeyword.groovy:45)
	at com.kms.katalon.core.keyword.internal.KeywordExecutor.executeKeywordForPlatform(KeywordExecutor.groovy:74)
	at com.kms.katalon.core.keyword.BuiltinKeywords.verifyMatch(BuiltinKeywords.groovy:78)
	at java.base/jdk.internal.reflect.NativeMethodAccessorImpl.invoke0(Native Method)
	at java.base/jdk.internal.reflect.NativeMethodAccessorImpl.invoke(NativeMethodAccessorImpl.java:77)
	at java.base/jdk.internal.reflect.DelegatingMethodAccessorImpl.invoke(DelegatingMethodAccessorImpl.java:43)
	at com.artlens.utils.AdminUtils.adminLogout(AdminUtils.groovy:78)
	at logout.run(logout:30)
	at com.kms.katalon.core.main.ScriptEngine.run(ScriptEngine.java:194)
	at com.kms.katalon.core.main.ScriptEngine.runScriptAsRawText(ScriptEngine.java:119)
	at com.kms.katalon.core.main.TestCaseExecutor.runScript(TestCaseExecutor.java:448)
	at com.kms.katalon.core.main.TestCaseExecutor.doExecute(TestCaseExecutor.java:439)
	at com.kms.katalon.core.main.TestCaseExecutor.processExecutionPhase(TestCaseExecutor.java:418)
	at com.kms.katalon.core.main.TestCaseExecutor.accessMainPhase(TestCaseExecutor.java:410)
	at com.kms.katalon.core.main.TestCaseExecutor.execute(TestCaseExecutor.java:285)
	at com.kms.katalon.core.common.CommonExecutor.accessTestCaseMainPhase(CommonExecutor.java:65)
	at com.kms.katalon.core.main.TestSuiteExecutor.accessTestSuiteMainPhase(TestSuiteExecutor.java:150)
	at com.kms.katalon.core.main.TestSuiteExecutor.execute(TestSuiteExecutor.java:106)
	at com.kms.katalon.core.main.TestCaseMain.startTestSuite(TestCaseMain.java:180)
	at TempTestSuite1719146472667.run(TempTestSuite1719146472667.groovy:35)
	at java.base/jdk.internal.reflect.NativeMethodAccessorImpl.invoke0(Native Method)
	at java.base/jdk.internal.reflect.NativeMethodAccessorImpl.invoke(NativeMethodAccessorImpl.java:77)
	at java.base/jdk.internal.reflect.DelegatingMethodAccessorImpl.invoke(DelegatingMethodAccessorImpl.java:43)
)

23-06-2024T20:43:12 - [MESSAGE][PASSED] - Object: 'Object Repository/admin/components/side_nav_drawer/a_Logout' is clicked on

23-06-2024T20:43:12 - [MESSAGE][PASSED] - Current window's url is: 'http://localhost/SAD/ArtLens/index.php'

23-06-2024T20:43:12 - [MESSAGE][FAILED] - Unable to verify match between actual text 'http://localhost/SAD/ArtLens/index.php' and expected text 'http://localhost/SAD/ArtLens/admin.php' (Root cause: com.kms.katalon.core.exception.StepFailedException: Actual text 'http://localhost/SAD/ArtLens/index.php' and expected text 'http://localhost/SAD/ArtLens/admin.php' are not matched
	at com.kms.katalon.core.keyword.builtin.VerifyMatchKeyword$_verifyMatch_closure1.doCall(VerifyMatchKeyword.groovy:57)
	at com.kms.katalon.core.keyword.builtin.VerifyMatchKeyword$_verifyMatch_closure1.call(VerifyMatchKeyword.groovy)
	at com.kms.katalon.core.keyword.internal.KeywordMain.runKeyword(KeywordMain.groovy:75)
	at com.kms.katalon.core.keyword.builtin.VerifyMatchKeyword.verifyMatch(VerifyMatchKeyword.groovy:60)
	at com.kms.katalon.core.keyword.builtin.VerifyMatchKeyword.execute(VerifyMatchKeyword.groovy:45)
	at com.kms.katalon.core.keyword.internal.KeywordExecutor.executeKeywordForPlatform(KeywordExecutor.groovy:74)
	at com.kms.katalon.core.keyword.BuiltinKeywords.verifyMatch(BuiltinKeywords.groovy:78)
	at java.base/jdk.internal.reflect.NativeMethodAccessorImpl.invoke0(Native Method)
	at java.base/jdk.internal.reflect.NativeMethodAccessorImpl.invoke(NativeMethodAccessorImpl.java:77)
	at java.base/jdk.internal.reflect.DelegatingMethodAccessorImpl.invoke(DelegatingMethodAccessorImpl.java:43)
	at com.artlens.utils.AdminUtils.adminLogout(AdminUtils.groovy:78)
	at logout.run(logout:30)
	at com.kms.katalon.core.main.ScriptEngine.run(ScriptEngine.java:194)
	at com.kms.katalon.core.main.ScriptEngine.runScriptAsRawText(ScriptEngine.java:119)
	at com.kms.katalon.core.main.TestCaseExecutor.runScript(TestCaseExecutor.java:448)
	at com.kms.katalon.core.main.TestCaseExecutor.doExecute(TestCaseExecutor.java:439)
	at com.kms.katalon.core.main.TestCaseExecutor.processExecutionPhase(TestCaseExecutor.java:418)
	at com.kms.katalon.core.main.TestCaseExecutor.accessMainPhase(TestCaseExecutor.java:410)
	at com.kms.katalon.core.main.TestCaseExecutor.execute(TestCaseExecutor.java:285)
	at com.kms.katalon.core.common.CommonExecutor.accessTestCaseMainPhase(CommonExecutor.java:65)
	at com.kms.katalon.core.main.TestSuiteExecutor.accessTestSuiteMainPhase(TestSuiteExecutor.java:150)
	at com.kms.katalon.core.main.TestSuiteExecutor.execute(TestSuiteExecutor.java:106)
	at com.kms.katalon.core.main.TestCaseMain.startTestSuite(TestCaseMain.java:180)
	at TempTestSuite1719146472667.run(TempTestSuite1719146472667.groovy:35)
	at java.base/jdk.internal.reflect.NativeMethodAccessorImpl.invoke0(Native Method)
	at java.base/jdk.internal.reflect.NativeMethodAccessorImpl.invoke(NativeMethodAccessorImpl.java:77)
	at java.base/jdk.internal.reflect.DelegatingMethodAccessorImpl.invoke(DelegatingMethodAccessorImpl.java:43)
)

23-06-2024T20:43:12 - [TEST_STEP][FAILED] - catch (Exception e): An error occurred: Actual text 'http://localhost/SAD/ArtLens/index.php' and expected text 'http://localhost/SAD/ArtLens/admin.php' are not matched

23-06-2024T20:43:12 - [TEST_STEP][FAILED] - markFailed("An error occurred: " + message): An error occurred: Actual text 'http://localhost/SAD/ArtLens/index.php' and expected text 'http://localhost/SAD/ArtLens/admin.php' are not matched

23-06-2024T20:43:12 - [MESSAGE][FAILED] - An error occurred: Actual text 'http://localhost/SAD/ArtLens/index.php' and expected text 'http://localhost/SAD/ArtLens/admin.php' are not matched

23-06-2024T20:43:12 - [TEST_STEP][PASSED] - Finally: null

23-06-2024T20:43:12 - [TEST_STEP][PASSED] - Start listener action : sampleAfterTestCase: null]]></system-out>
         <system-err><![CDATA[23-06-2024T20:42:49 - [TEST_CASE][FAILED] - Test Cases/admin/artwork_management/logout: Test Cases/admin/artwork_management/logout FAILED.
Reason:
com.kms.katalon.core.exception.StepFailedException: An error occurred: Actual text 'http://localhost/SAD/ArtLens/index.php' and expected text 'http://localhost/SAD/ArtLens/admin.php' are not matched
	at com.kms.katalon.core.util.KeywordUtil.markFailed(KeywordUtil.java:19)
	at logout.run(logout:36)
	at com.kms.katalon.core.main.ScriptEngine.run(ScriptEngine.java:194)
	at com.kms.katalon.core.main.ScriptEngine.runScriptAsRawText(ScriptEngine.java:119)
	at com.kms.katalon.core.main.TestCaseExecutor.runScript(TestCaseExecutor.java:448)
	at com.kms.katalon.core.main.TestCaseExecutor.doExecute(TestCaseExecutor.java:439)
	at com.kms.katalon.core.main.TestCaseExecutor.processExecutionPhase(TestCaseExecutor.java:418)
	at com.kms.katalon.core.main.TestCaseExecutor.accessMainPhase(TestCaseExecutor.java:410)
	at com.kms.katalon.core.main.TestCaseExecutor.execute(TestCaseExecutor.java:285)
	at com.kms.katalon.core.common.CommonExecutor.accessTestCaseMainPhase(CommonExecutor.java:65)
	at com.kms.katalon.core.main.TestSuiteExecutor.accessTestSuiteMainPhase(TestSuiteExecutor.java:150)
	at com.kms.katalon.core.main.TestSuiteExecutor.execute(TestSuiteExecutor.java:106)
	at com.kms.katalon.core.main.TestCaseMain.startTestSuite(TestCaseMain.java:180)
	at TempTestSuite1719146472667.run(TempTestSuite1719146472667.groovy:35)
	at java.base/jdk.internal.reflect.NativeMethodAccessorImpl.invoke0(Native Method)
	at java.base/jdk.internal.reflect.NativeMethodAccessorImpl.invoke(NativeMethodAccessorImpl.java:77)
	at java.base/jdk.internal.reflect.DelegatingMethodAccessorImpl.invoke(DelegatingMethodAccessorImpl.java:43)]]></system-err>
      </testcase>
      <testcase name="Test Cases/admin/booking_management/logout" time="23.65" classname="Test Cases/admin/booking_management/logout" status="FAILED">
         <failure type="FAILED" message="Test Cases/admin/booking_management/logout FAILED.&#xa;Reason:&#xa;com.kms.katalon.core.exception.StepFailedException: An error occurred: Actual text 'http://localhost/SAD/ArtLens/index.php' and expected text 'http://localhost/SAD/ArtLens/admin.php' are not matched&#xa;	at com.kms.katalon.core.util.KeywordUtil.markFailed(KeywordUtil.java:19)&#xa;	at logout.run(logout:36)&#xa;	at com.kms.katalon.core.main.ScriptEngine.run(ScriptEngine.java:194)&#xa;	at com.kms.katalon.core.main.ScriptEngine.runScriptAsRawText(ScriptEngine.java:119)&#xa;	at com.kms.katalon.core.main.TestCaseExecutor.runScript(TestCaseExecutor.java:448)&#xa;	at com.kms.katalon.core.main.TestCaseExecutor.doExecute(TestCaseExecutor.java:439)&#xa;	at com.kms.katalon.core.main.TestCaseExecutor.processExecutionPhase(TestCaseExecutor.java:418)&#xa;	at com.kms.katalon.core.main.TestCaseExecutor.accessMainPhase(TestCaseExecutor.java:410)&#xa;	at com.kms.katalon.core.main.TestCaseExecutor.execute(TestCaseExecutor.java:285)&#xa;	at com.kms.katalon.core.common.CommonExecutor.accessTestCaseMainPhase(CommonExecutor.java:65)&#xa;	at com.kms.katalon.core.main.TestSuiteExecutor.accessTestSuiteMainPhase(TestSuiteExecutor.java:150)&#xa;	at com.kms.katalon.core.main.TestSuiteExecutor.execute(TestSuiteExecutor.java:106)&#xa;	at com.kms.katalon.core.main.TestCaseMain.startTestSuite(TestCaseMain.java:180)&#xa;	at TempTestSuite1719146472667.run(TempTestSuite1719146472667.groovy:35)&#xa;	at java.base/jdk.internal.reflect.NativeMethodAccessorImpl.invoke0(Native Method)&#xa;	at java.base/jdk.internal.reflect.NativeMethodAccessorImpl.invoke(NativeMethodAccessorImpl.java:77)&#xa;	at java.base/jdk.internal.reflect.DelegatingMethodAccessorImpl.invoke(DelegatingMethodAccessorImpl.java:43)&#xa;"/>
         <system-out><![CDATA[23-06-2024T20:43:12 - [TEST_CASE][FAILED] - Test Cases/admin/booking_management/logout: Test Cases/admin/booking_management/logout FAILED.
Reason:
com.kms.katalon.core.exception.StepFailedException: An error occurred: Actual text 'http://localhost/SAD/ArtLens/index.php' and expected text 'http://localhost/SAD/ArtLens/admin.php' are not matched
	at com.kms.katalon.core.util.KeywordUtil.markFailed(KeywordUtil.java:19)
	at logout.run(logout:36)
	at com.kms.katalon.core.main.ScriptEngine.run(ScriptEngine.java:194)
	at com.kms.katalon.core.main.ScriptEngine.runScriptAsRawText(ScriptEngine.java:119)
	at com.kms.katalon.core.main.TestCaseExecutor.runScript(TestCaseExecutor.java:448)
	at com.kms.katalon.core.main.TestCaseExecutor.doExecute(TestCaseExecutor.java:439)
	at com.kms.katalon.core.main.TestCaseExecutor.processExecutionPhase(TestCaseExecutor.java:418)
	at com.kms.katalon.core.main.TestCaseExecutor.accessMainPhase(TestCaseExecutor.java:410)
	at com.kms.katalon.core.main.TestCaseExecutor.execute(TestCaseExecutor.java:285)
	at com.kms.katalon.core.common.CommonExecutor.accessTestCaseMainPhase(CommonExecutor.java:65)
	at com.kms.katalon.core.main.TestSuiteExecutor.accessTestSuiteMainPhase(TestSuiteExecutor.java:150)
	at com.kms.katalon.core.main.TestSuiteExecutor.execute(TestSuiteExecutor.java:106)
	at com.kms.katalon.core.main.TestCaseMain.startTestSuite(TestCaseMain.java:180)
	at TempTestSuite1719146472667.run(TempTestSuite1719146472667.groovy:35)
	at java.base/jdk.internal.reflect.NativeMethodAccessorImpl.invoke0(Native Method)
	at java.base/jdk.internal.reflect.NativeMethodAccessorImpl.invoke(NativeMethodAccessorImpl.java:77)
	at java.base/jdk.internal.reflect.DelegatingMethodAccessorImpl.invoke(DelegatingMethodAccessorImpl.java:43)


23-06-2024T20:43:12 - [TEST_STEP][PASSED] - Start listener action : sampleBeforeTestCase: Browser is opened with url: ''

23-06-2024T20:43:12 - [TEST_STEP][PASSED] - println(testCaseContext.getTestCaseId()): null

23-06-2024T20:43:12 - [TEST_STEP][PASSED] - openBrowser(""): Browser is opened with url: ''

23-06-2024T20:43:12 - [MESSAGE][WARNING] - A browser is already opened. Closing browser and opening a new one

23-06-2024T20:43:18 - [MESSAGE][INFO] - Starting 'Firefox (headless)' driver

23-06-2024T20:43:18 - [MESSAGE][INFO] - Action delay is set to 0 milliseconds

23-06-2024T20:43:28 - [MESSAGE][PASSED] - Browser is opened with url: ''

23-06-2024T20:43:29 - [TEST_STEP][FAILED] - try: Unable to verify match between actual text 'http://localhost/SAD/ArtLens/index.php' and expected text 'http://localhost/SAD/ArtLens/admin.php' (Root cause: com.kms.katalon.core.exception.StepFailedException: Actual text 'http://localhost/SAD/ArtLens/index.php' and expected text 'http://localhost/SAD/ArtLens/admin.php' are not matched
	at com.kms.katalon.core.keyword.builtin.VerifyMatchKeyword$_verifyMatch_closure1.doCall(VerifyMatchKeyword.groovy:57)
	at com.kms.katalon.core.keyword.builtin.VerifyMatchKeyword$_verifyMatch_closure1.call(VerifyMatchKeyword.groovy)
	at com.kms.katalon.core.keyword.internal.KeywordMain.runKeyword(KeywordMain.groovy:75)
	at com.kms.katalon.core.keyword.builtin.VerifyMatchKeyword.verifyMatch(VerifyMatchKeyword.groovy:60)
	at com.kms.katalon.core.keyword.builtin.VerifyMatchKeyword.execute(VerifyMatchKeyword.groovy:45)
	at com.kms.katalon.core.keyword.internal.KeywordExecutor.executeKeywordForPlatform(KeywordExecutor.groovy:74)
	at com.kms.katalon.core.keyword.BuiltinKeywords.verifyMatch(BuiltinKeywords.groovy:78)
	at java.base/jdk.internal.reflect.NativeMethodAccessorImpl.invoke0(Native Method)
	at java.base/jdk.internal.reflect.NativeMethodAccessorImpl.invoke(NativeMethodAccessorImpl.java:77)
	at java.base/jdk.internal.reflect.DelegatingMethodAccessorImpl.invoke(DelegatingMethodAccessorImpl.java:43)
	at com.artlens.utils.AdminUtils.adminLogout(AdminUtils.groovy:78)
	at logout.run(logout:30)
	at com.kms.katalon.core.main.ScriptEngine.run(ScriptEngine.java:194)
	at com.kms.katalon.core.main.ScriptEngine.runScriptAsRawText(ScriptEngine.java:119)
	at com.kms.katalon.core.main.TestCaseExecutor.runScript(TestCaseExecutor.java:448)
	at com.kms.katalon.core.main.TestCaseExecutor.doExecute(TestCaseExecutor.java:439)
	at com.kms.katalon.core.main.TestCaseExecutor.processExecutionPhase(TestCaseExecutor.java:418)
	at com.kms.katalon.core.main.TestCaseExecutor.accessMainPhase(TestCaseExecutor.java:410)
	at com.kms.katalon.core.main.TestCaseExecutor.execute(TestCaseExecutor.java:285)
	at com.kms.katalon.core.common.CommonExecutor.accessTestCaseMainPhase(CommonExecutor.java:65)
	at com.kms.katalon.core.main.TestSuiteExecutor.accessTestSuiteMainPhase(TestSuiteExecutor.java:150)
	at com.kms.katalon.core.main.TestSuiteExecutor.execute(TestSuiteExecutor.java:106)
	at com.kms.katalon.core.main.TestCaseMain.startTestSuite(TestCaseMain.java:180)
	at TempTestSuite1719146472667.run(TempTestSuite1719146472667.groovy:35)
	at java.base/jdk.internal.reflect.NativeMethodAccessorImpl.invoke0(Native Method)
	at java.base/jdk.internal.reflect.NativeMethodAccessorImpl.invoke(NativeMethodAccessorImpl.java:77)
	at java.base/jdk.internal.reflect.DelegatingMethodAccessorImpl.invoke(DelegatingMethodAccessorImpl.java:43)
)

23-06-2024T20:43:29 - [TEST_STEP][PASSED] - callTestCase(findTestCase("Common_TestCases/admin_login_all_valid"), [:], STOP_ON_FAILURE): Call Test Case 'Test Cases/Common_TestCases/admin_login_all_valid' successfully

23-06-2024T20:43:29 - [TEST_CASE][PASSED] - Test Cases/Common_TestCases/admin_login_all_valid: Test Cases/Common_TestCases/admin_login_all_valid

23-06-2024T20:43:29 - [TEST_STEP][PASSED] - try: The URL is correct: http://localhost/SAD/ArtLens/adminindex.php

23-06-2024T20:43:29 - [TEST_STEP][PASSED] - userIndex = userIndex: null

23-06-2024T20:43:29 - [TEST_STEP][PASSED] - callTestCase(findTestCase("admin/landing_page/header_bar_visible"), [:], STOP_ON_FAILURE): Call Test Case 'Test Cases/admin/landing_page/header_bar_visible' successfully

23-06-2024T20:43:29 - [TEST_CASE][PASSED] - Test Cases/admin/landing_page/header_bar_visible: Test Cases/admin/landing_page/header_bar_visible

23-06-2024T20:43:29 - [TEST_STEP][PASSED] - callTestCase(findTestCase("admin/landing_page/page_acessible"), [:], STOP_ON_FAILURE): Call Test Case 'Test Cases/admin/landing_page/page_acessible' successfully

23-06-2024T20:43:29 - [TEST_CASE][PASSED] - Test Cases/admin/landing_page/page_acessible: Test Cases/admin/landing_page/page_acessible

23-06-2024T20:43:29 - [TEST_STEP][PASSED] - AdminUtils.openWebPage("admin.php"): Navigate to 'http://localhost/SAD/ArtLens/admin.php' successfully

23-06-2024T20:43:29 - [MESSAGE][INFO] - HAR: C:\DevPackage\xampp\htdocs\SAD\ArtLens\Reports\20240623_204104\Test_Admin_Logout\20240623_204112\requests\main\3.har

23-06-2024T20:43:29 - [MESSAGE][PASSED] - Send request successfully

23-06-2024T20:43:29 - [MESSAGE][PASSED] - All links are accessible

23-06-2024T20:43:30 - [MESSAGE][PASSED] - Navigate to 'http://localhost/SAD/ArtLens/admin.php' successfully

23-06-2024T20:43:30 - [MESSAGE][PASSED] - Call Test Case 'Test Cases/admin/landing_page/page_acessible' successfully

23-06-2024T20:43:30 - [TEST_STEP][PASSED] - verifyElementPresent(findTestObject("admin/landing_page/nav_ArtLens            Admin Login"), 0): Object 'Object Repository/admin/landing_page/nav_ArtLens            Admin Login' is present

23-06-2024T20:43:30 - [MESSAGE][WARNING] - Timeout '0' is invalid. Using default page load timeout: '30'

23-06-2024T20:43:30 - [MESSAGE][PASSED] - Object 'Object Repository/admin/landing_page/nav_ArtLens            Admin Login' is present

23-06-2024T20:43:30 - [TEST_STEP][PASSED] - verifyElementVisible(findTestObject("admin/landing_page/nav_ArtLens            Admin Login")): Object 'Object Repository/admin/landing_page/nav_ArtLens            Admin Login' is visible

23-06-2024T20:43:31 - [MESSAGE][PASSED] - Object 'Object Repository/admin/landing_page/nav_ArtLens            Admin Login' is visible

23-06-2024T20:43:31 - [MESSAGE][PASSED] - Call Test Case 'Test Cases/admin/landing_page/header_bar_visible' successfully

23-06-2024T20:43:31 - [TEST_STEP][PASSED] - AdminUtils.adminLogin(ValidUsernameCredentials[userIndex], ValidPasswordCredentials[userIndex]): Object: 'Object Repository/admin/landing_page/button_Login' is clicked on

23-06-2024T20:43:31 - [MESSAGE][WARNING] - Timeout '0' is invalid. Using default page load timeout: '30'

23-06-2024T20:43:31 - [MESSAGE][PASSED] - Object 'Object Repository/admin/landing_page/a_Admin Login' is present

23-06-2024T20:43:31 - [MESSAGE][PASSED] - Object 'Object Repository/admin/landing_page/a_Admin Login' is visible

23-06-2024T20:43:32 - [MESSAGE][PASSED] - Object: 'Object Repository/admin/landing_page/a_Admin Login' is clicked on

23-06-2024T20:43:33 - [MESSAGE][PASSED] - Text 'admin@gmail.com' is set on object 'Object Repository/admin/landing_page/input_ARTLENS_uname'

23-06-2024T20:43:33 - [MESSAGE][PASSED] - Object: 'Object Repository/admin/landing_page/button_Show' is clicked on

23-06-2024T20:43:33 - [MESSAGE][PASSED] - Text '@Helloword' is set on object 'Object Repository/admin/landing_page/input_ARTLENS_pass_1'

23-06-2024T20:43:33 - [MESSAGE][WARNING] - Timeout '0' is invalid. Using default page load timeout: '30'

23-06-2024T20:43:33 - [MESSAGE][PASSED] - Object 'Object Repository/admin/landing_page/button_Login' is present

23-06-2024T20:43:33 - [MESSAGE][PASSED] - Object 'Object Repository/admin/landing_page/button_Login' is visible

23-06-2024T20:43:34 - [MESSAGE][PASSED] - Object: 'Object Repository/admin/landing_page/button_Login' is clicked on

23-06-2024T20:43:34 - [TEST_STEP][PASSED] - currentUrl = getUrl(): Current window's url is: 'http://localhost/SAD/ArtLens/adminindex.php'

23-06-2024T20:43:34 - [MESSAGE][PASSED] - Current window's url is: 'http://localhost/SAD/ArtLens/adminindex.php'

23-06-2024T20:43:34 - [TEST_STEP][PASSED] - expectedUrl = $GlobalVariable.appBaseLinkadminindex.php: null

23-06-2024T20:43:34 - [TEST_STEP][PASSED] - isUrlCorrect = verifyMatch(currentUrl, expectedUrl, false): Actual text 'http://localhost/SAD/ArtLens/adminindex.php' and expected text 'http://localhost/SAD/ArtLens/adminindex.php' are matched 

23-06-2024T20:43:34 - [MESSAGE][PASSED] - Actual text 'http://localhost/SAD/ArtLens/adminindex.php' and expected text 'http://localhost/SAD/ArtLens/adminindex.php' are matched 

23-06-2024T20:43:34 - [TEST_STEP][PASSED] - if (isUrlCorrect): The URL is correct: http://localhost/SAD/ArtLens/adminindex.php

23-06-2024T20:43:34 - [TEST_STEP][PASSED] - markPassed("The URL is correct: " + currentUrl): The URL is correct: http://localhost/SAD/ArtLens/adminindex.php

23-06-2024T20:43:34 - [MESSAGE][PASSED] - The URL is correct: http://localhost/SAD/ArtLens/adminindex.php

23-06-2024T20:43:34 - [TEST_STEP][PASSED] - Finally: null

23-06-2024T20:43:34 - [MESSAGE][PASSED] - Call Test Case 'Test Cases/Common_TestCases/admin_login_all_valid' successfully

23-06-2024T20:43:34 - [TEST_STEP][PASSED] - verifyElementPresent(findTestObject("Object Repository/admin/components/side_nav_drawer/a_Booking"), 0): Object 'Object Repository/admin/components/side_nav_drawer/a_Booking' is present

23-06-2024T20:43:34 - [MESSAGE][WARNING] - Timeout '0' is invalid. Using default page load timeout: '30'

23-06-2024T20:43:34 - [MESSAGE][PASSED] - Object 'Object Repository/admin/components/side_nav_drawer/a_Booking' is present

23-06-2024T20:43:34 - [TEST_STEP][PASSED] - verifyElementVisible(findTestObject("Object Repository/admin/components/side_nav_drawer/a_Booking"), STOP_ON_FAILURE): Object 'Object Repository/admin/components/side_nav_drawer/a_Booking' is visible

23-06-2024T20:43:34 - [MESSAGE][PASSED] - Object 'Object Repository/admin/components/side_nav_drawer/a_Booking' is visible

23-06-2024T20:43:34 - [TEST_STEP][PASSED] - click(findTestObject("Object Repository/admin/components/side_nav_drawer/a_Booking")): Object: 'Object Repository/admin/components/side_nav_drawer/a_Booking' is clicked on

23-06-2024T20:43:35 - [MESSAGE][PASSED] - Object: 'Object Repository/admin/components/side_nav_drawer/a_Booking' is clicked on

23-06-2024T20:43:35 - [TEST_STEP][FAILED] - AdminUtils.adminLogout(): Unable to verify match between actual text 'http://localhost/SAD/ArtLens/index.php' and expected text 'http://localhost/SAD/ArtLens/admin.php' (Root cause: com.kms.katalon.core.exception.StepFailedException: Actual text 'http://localhost/SAD/ArtLens/index.php' and expected text 'http://localhost/SAD/ArtLens/admin.php' are not matched
	at com.kms.katalon.core.keyword.builtin.VerifyMatchKeyword$_verifyMatch_closure1.doCall(VerifyMatchKeyword.groovy:57)
	at com.kms.katalon.core.keyword.builtin.VerifyMatchKeyword$_verifyMatch_closure1.call(VerifyMatchKeyword.groovy)
	at com.kms.katalon.core.keyword.internal.KeywordMain.runKeyword(KeywordMain.groovy:75)
	at com.kms.katalon.core.keyword.builtin.VerifyMatchKeyword.verifyMatch(VerifyMatchKeyword.groovy:60)
	at com.kms.katalon.core.keyword.builtin.VerifyMatchKeyword.execute(VerifyMatchKeyword.groovy:45)
	at com.kms.katalon.core.keyword.internal.KeywordExecutor.executeKeywordForPlatform(KeywordExecutor.groovy:74)
	at com.kms.katalon.core.keyword.BuiltinKeywords.verifyMatch(BuiltinKeywords.groovy:78)
	at java.base/jdk.internal.reflect.NativeMethodAccessorImpl.invoke0(Native Method)
	at java.base/jdk.internal.reflect.NativeMethodAccessorImpl.invoke(NativeMethodAccessorImpl.java:77)
	at java.base/jdk.internal.reflect.DelegatingMethodAccessorImpl.invoke(DelegatingMethodAccessorImpl.java:43)
	at com.artlens.utils.AdminUtils.adminLogout(AdminUtils.groovy:78)
	at logout.run(logout:30)
	at com.kms.katalon.core.main.ScriptEngine.run(ScriptEngine.java:194)
	at com.kms.katalon.core.main.ScriptEngine.runScriptAsRawText(ScriptEngine.java:119)
	at com.kms.katalon.core.main.TestCaseExecutor.runScript(TestCaseExecutor.java:448)
	at com.kms.katalon.core.main.TestCaseExecutor.doExecute(TestCaseExecutor.java:439)
	at com.kms.katalon.core.main.TestCaseExecutor.processExecutionPhase(TestCaseExecutor.java:418)
	at com.kms.katalon.core.main.TestCaseExecutor.accessMainPhase(TestCaseExecutor.java:410)
	at com.kms.katalon.core.main.TestCaseExecutor.execute(TestCaseExecutor.java:285)
	at com.kms.katalon.core.common.CommonExecutor.accessTestCaseMainPhase(CommonExecutor.java:65)
	at com.kms.katalon.core.main.TestSuiteExecutor.accessTestSuiteMainPhase(TestSuiteExecutor.java:150)
	at com.kms.katalon.core.main.TestSuiteExecutor.execute(TestSuiteExecutor.java:106)
	at com.kms.katalon.core.main.TestCaseMain.startTestSuite(TestCaseMain.java:180)
	at TempTestSuite1719146472667.run(TempTestSuite1719146472667.groovy:35)
	at java.base/jdk.internal.reflect.NativeMethodAccessorImpl.invoke0(Native Method)
	at java.base/jdk.internal.reflect.NativeMethodAccessorImpl.invoke(NativeMethodAccessorImpl.java:77)
	at java.base/jdk.internal.reflect.DelegatingMethodAccessorImpl.invoke(DelegatingMethodAccessorImpl.java:43)
)

23-06-2024T20:43:36 - [MESSAGE][PASSED] - Object: 'Object Repository/admin/components/side_nav_drawer/a_Logout' is clicked on

23-06-2024T20:43:36 - [MESSAGE][PASSED] - Current window's url is: 'http://localhost/SAD/ArtLens/index.php'

23-06-2024T20:43:36 - [MESSAGE][FAILED] - Unable to verify match between actual text 'http://localhost/SAD/ArtLens/index.php' and expected text 'http://localhost/SAD/ArtLens/admin.php' (Root cause: com.kms.katalon.core.exception.StepFailedException: Actual text 'http://localhost/SAD/ArtLens/index.php' and expected text 'http://localhost/SAD/ArtLens/admin.php' are not matched
	at com.kms.katalon.core.keyword.builtin.VerifyMatchKeyword$_verifyMatch_closure1.doCall(VerifyMatchKeyword.groovy:57)
	at com.kms.katalon.core.keyword.builtin.VerifyMatchKeyword$_verifyMatch_closure1.call(VerifyMatchKeyword.groovy)
	at com.kms.katalon.core.keyword.internal.KeywordMain.runKeyword(KeywordMain.groovy:75)
	at com.kms.katalon.core.keyword.builtin.VerifyMatchKeyword.verifyMatch(VerifyMatchKeyword.groovy:60)
	at com.kms.katalon.core.keyword.builtin.VerifyMatchKeyword.execute(VerifyMatchKeyword.groovy:45)
	at com.kms.katalon.core.keyword.internal.KeywordExecutor.executeKeywordForPlatform(KeywordExecutor.groovy:74)
	at com.kms.katalon.core.keyword.BuiltinKeywords.verifyMatch(BuiltinKeywords.groovy:78)
	at java.base/jdk.internal.reflect.NativeMethodAccessorImpl.invoke0(Native Method)
	at java.base/jdk.internal.reflect.NativeMethodAccessorImpl.invoke(NativeMethodAccessorImpl.java:77)
	at java.base/jdk.internal.reflect.DelegatingMethodAccessorImpl.invoke(DelegatingMethodAccessorImpl.java:43)
	at com.artlens.utils.AdminUtils.adminLogout(AdminUtils.groovy:78)
	at logout.run(logout:30)
	at com.kms.katalon.core.main.ScriptEngine.run(ScriptEngine.java:194)
	at com.kms.katalon.core.main.ScriptEngine.runScriptAsRawText(ScriptEngine.java:119)
	at com.kms.katalon.core.main.TestCaseExecutor.runScript(TestCaseExecutor.java:448)
	at com.kms.katalon.core.main.TestCaseExecutor.doExecute(TestCaseExecutor.java:439)
	at com.kms.katalon.core.main.TestCaseExecutor.processExecutionPhase(TestCaseExecutor.java:418)
	at com.kms.katalon.core.main.TestCaseExecutor.accessMainPhase(TestCaseExecutor.java:410)
	at com.kms.katalon.core.main.TestCaseExecutor.execute(TestCaseExecutor.java:285)
	at com.kms.katalon.core.common.CommonExecutor.accessTestCaseMainPhase(CommonExecutor.java:65)
	at com.kms.katalon.core.main.TestSuiteExecutor.accessTestSuiteMainPhase(TestSuiteExecutor.java:150)
	at com.kms.katalon.core.main.TestSuiteExecutor.execute(TestSuiteExecutor.java:106)
	at com.kms.katalon.core.main.TestCaseMain.startTestSuite(TestCaseMain.java:180)
	at TempTestSuite1719146472667.run(TempTestSuite1719146472667.groovy:35)
	at java.base/jdk.internal.reflect.NativeMethodAccessorImpl.invoke0(Native Method)
	at java.base/jdk.internal.reflect.NativeMethodAccessorImpl.invoke(NativeMethodAccessorImpl.java:77)
	at java.base/jdk.internal.reflect.DelegatingMethodAccessorImpl.invoke(DelegatingMethodAccessorImpl.java:43)
)

23-06-2024T20:43:36 - [TEST_STEP][FAILED] - catch (Exception e): An error occurred: Actual text 'http://localhost/SAD/ArtLens/index.php' and expected text 'http://localhost/SAD/ArtLens/admin.php' are not matched

23-06-2024T20:43:36 - [TEST_STEP][FAILED] - markFailed("An error occurred: " + message): An error occurred: Actual text 'http://localhost/SAD/ArtLens/index.php' and expected text 'http://localhost/SAD/ArtLens/admin.php' are not matched

23-06-2024T20:43:36 - [MESSAGE][FAILED] - An error occurred: Actual text 'http://localhost/SAD/ArtLens/index.php' and expected text 'http://localhost/SAD/ArtLens/admin.php' are not matched

23-06-2024T20:43:36 - [TEST_STEP][PASSED] - Finally: null

23-06-2024T20:43:36 - [TEST_STEP][PASSED] - Start listener action : sampleAfterTestCase: null]]></system-out>
         <system-err><![CDATA[23-06-2024T20:43:12 - [TEST_CASE][FAILED] - Test Cases/admin/booking_management/logout: Test Cases/admin/booking_management/logout FAILED.
Reason:
com.kms.katalon.core.exception.StepFailedException: An error occurred: Actual text 'http://localhost/SAD/ArtLens/index.php' and expected text 'http://localhost/SAD/ArtLens/admin.php' are not matched
	at com.kms.katalon.core.util.KeywordUtil.markFailed(KeywordUtil.java:19)
	at logout.run(logout:36)
	at com.kms.katalon.core.main.ScriptEngine.run(ScriptEngine.java:194)
	at com.kms.katalon.core.main.ScriptEngine.runScriptAsRawText(ScriptEngine.java:119)
	at com.kms.katalon.core.main.TestCaseExecutor.runScript(TestCaseExecutor.java:448)
	at com.kms.katalon.core.main.TestCaseExecutor.doExecute(TestCaseExecutor.java:439)
	at com.kms.katalon.core.main.TestCaseExecutor.processExecutionPhase(TestCaseExecutor.java:418)
	at com.kms.katalon.core.main.TestCaseExecutor.accessMainPhase(TestCaseExecutor.java:410)
	at com.kms.katalon.core.main.TestCaseExecutor.execute(TestCaseExecutor.java:285)
	at com.kms.katalon.core.common.CommonExecutor.accessTestCaseMainPhase(CommonExecutor.java:65)
	at com.kms.katalon.core.main.TestSuiteExecutor.accessTestSuiteMainPhase(TestSuiteExecutor.java:150)
	at com.kms.katalon.core.main.TestSuiteExecutor.execute(TestSuiteExecutor.java:106)
	at com.kms.katalon.core.main.TestCaseMain.startTestSuite(TestCaseMain.java:180)
	at TempTestSuite1719146472667.run(TempTestSuite1719146472667.groovy:35)
	at java.base/jdk.internal.reflect.NativeMethodAccessorImpl.invoke0(Native Method)
	at java.base/jdk.internal.reflect.NativeMethodAccessorImpl.invoke(NativeMethodAccessorImpl.java:77)
	at java.base/jdk.internal.reflect.DelegatingMethodAccessorImpl.invoke(DelegatingMethodAccessorImpl.java:43)]]></system-err>
      </testcase>
      <testcase name="Test Cases/admin/dashboard/logout" time="20.359" classname="Test Cases/admin/dashboard/logout" status="FAILED">
         <failure type="FAILED" message="Test Cases/admin/dashboard/logout FAILED.&#xa;Reason:&#xa;com.kms.katalon.core.exception.StepFailedException: An error occurred: Actual text 'http://localhost/SAD/ArtLens/index.php' and expected text 'http://localhost/SAD/ArtLens/admin.php' are not matched&#xa;	at com.kms.katalon.core.util.KeywordUtil.markFailed(KeywordUtil.java:19)&#xa;	at logout.run(logout:32)&#xa;	at com.kms.katalon.core.main.ScriptEngine.run(ScriptEngine.java:194)&#xa;	at com.kms.katalon.core.main.ScriptEngine.runScriptAsRawText(ScriptEngine.java:119)&#xa;	at com.kms.katalon.core.main.TestCaseExecutor.runScript(TestCaseExecutor.java:448)&#xa;	at com.kms.katalon.core.main.TestCaseExecutor.doExecute(TestCaseExecutor.java:439)&#xa;	at com.kms.katalon.core.main.TestCaseExecutor.processExecutionPhase(TestCaseExecutor.java:418)&#xa;	at com.kms.katalon.core.main.TestCaseExecutor.accessMainPhase(TestCaseExecutor.java:410)&#xa;	at com.kms.katalon.core.main.TestCaseExecutor.execute(TestCaseExecutor.java:285)&#xa;	at com.kms.katalon.core.common.CommonExecutor.accessTestCaseMainPhase(CommonExecutor.java:65)&#xa;	at com.kms.katalon.core.main.TestSuiteExecutor.accessTestSuiteMainPhase(TestSuiteExecutor.java:150)&#xa;	at com.kms.katalon.core.main.TestSuiteExecutor.execute(TestSuiteExecutor.java:106)&#xa;	at com.kms.katalon.core.main.TestCaseMain.startTestSuite(TestCaseMain.java:180)&#xa;	at TempTestSuite1719146472667.run(TempTestSuite1719146472667.groovy:35)&#xa;	at java.base/jdk.internal.reflect.NativeMethodAccessorImpl.invoke0(Native Method)&#xa;	at java.base/jdk.internal.reflect.NativeMethodAccessorImpl.invoke(NativeMethodAccessorImpl.java:77)&#xa;	at java.base/jdk.internal.reflect.DelegatingMethodAccessorImpl.invoke(DelegatingMethodAccessorImpl.java:43)&#xa;"/>
         <system-out><![CDATA[23-06-2024T20:43:36 - [TEST_CASE][FAILED] - Test Cases/admin/dashboard/logout: Test Cases/admin/dashboard/logout FAILED.
Reason:
com.kms.katalon.core.exception.StepFailedException: An error occurred: Actual text 'http://localhost/SAD/ArtLens/index.php' and expected text 'http://localhost/SAD/ArtLens/admin.php' are not matched
	at com.kms.katalon.core.util.KeywordUtil.markFailed(KeywordUtil.java:19)
	at logout.run(logout:32)
	at com.kms.katalon.core.main.ScriptEngine.run(ScriptEngine.java:194)
	at com.kms.katalon.core.main.ScriptEngine.runScriptAsRawText(ScriptEngine.java:119)
	at com.kms.katalon.core.main.TestCaseExecutor.runScript(TestCaseExecutor.java:448)
	at com.kms.katalon.core.main.TestCaseExecutor.doExecute(TestCaseExecutor.java:439)
	at com.kms.katalon.core.main.TestCaseExecutor.processExecutionPhase(TestCaseExecutor.java:418)
	at com.kms.katalon.core.main.TestCaseExecutor.accessMainPhase(TestCaseExecutor.java:410)
	at com.kms.katalon.core.main.TestCaseExecutor.execute(TestCaseExecutor.java:285)
	at com.kms.katalon.core.common.CommonExecutor.accessTestCaseMainPhase(CommonExecutor.java:65)
	at com.kms.katalon.core.main.TestSuiteExecutor.accessTestSuiteMainPhase(TestSuiteExecutor.java:150)
	at com.kms.katalon.core.main.TestSuiteExecutor.execute(TestSuiteExecutor.java:106)
	at com.kms.katalon.core.main.TestCaseMain.startTestSuite(TestCaseMain.java:180)
	at TempTestSuite1719146472667.run(TempTestSuite1719146472667.groovy:35)
	at java.base/jdk.internal.reflect.NativeMethodAccessorImpl.invoke0(Native Method)
	at java.base/jdk.internal.reflect.NativeMethodAccessorImpl.invoke(NativeMethodAccessorImpl.java:77)
	at java.base/jdk.internal.reflect.DelegatingMethodAccessorImpl.invoke(DelegatingMethodAccessorImpl.java:43)


23-06-2024T20:43:36 - [TEST_STEP][PASSED] - Start listener action : sampleBeforeTestCase: Browser is opened with url: ''

23-06-2024T20:43:36 - [TEST_STEP][PASSED] - println(testCaseContext.getTestCaseId()): null

23-06-2024T20:43:36 - [TEST_STEP][PASSED] - openBrowser(""): Browser is opened with url: ''

23-06-2024T20:43:36 - [MESSAGE][WARNING] - A browser is already opened. Closing browser and opening a new one

23-06-2024T20:43:40 - [MESSAGE][INFO] - Starting 'Firefox (headless)' driver

23-06-2024T20:43:40 - [MESSAGE][INFO] - Action delay is set to 0 milliseconds

23-06-2024T20:43:47 - [MESSAGE][PASSED] - Browser is opened with url: ''

23-06-2024T20:43:48 - [TEST_STEP][FAILED] - try: Unable to verify match between actual text 'http://localhost/SAD/ArtLens/index.php' and expected text 'http://localhost/SAD/ArtLens/admin.php' (Root cause: com.kms.katalon.core.exception.StepFailedException: Actual text 'http://localhost/SAD/ArtLens/index.php' and expected text 'http://localhost/SAD/ArtLens/admin.php' are not matched
	at com.kms.katalon.core.keyword.builtin.VerifyMatchKeyword$_verifyMatch_closure1.doCall(VerifyMatchKeyword.groovy:57)
	at com.kms.katalon.core.keyword.builtin.VerifyMatchKeyword$_verifyMatch_closure1.call(VerifyMatchKeyword.groovy)
	at com.kms.katalon.core.keyword.internal.KeywordMain.runKeyword(KeywordMain.groovy:75)
	at com.kms.katalon.core.keyword.builtin.VerifyMatchKeyword.verifyMatch(VerifyMatchKeyword.groovy:60)
	at com.kms.katalon.core.keyword.builtin.VerifyMatchKeyword.execute(VerifyMatchKeyword.groovy:45)
	at com.kms.katalon.core.keyword.internal.KeywordExecutor.executeKeywordForPlatform(KeywordExecutor.groovy:74)
	at com.kms.katalon.core.keyword.BuiltinKeywords.verifyMatch(BuiltinKeywords.groovy:78)
	at java.base/jdk.internal.reflect.NativeMethodAccessorImpl.invoke0(Native Method)
	at java.base/jdk.internal.reflect.NativeMethodAccessorImpl.invoke(NativeMethodAccessorImpl.java:77)
	at java.base/jdk.internal.reflect.DelegatingMethodAccessorImpl.invoke(DelegatingMethodAccessorImpl.java:43)
	at com.artlens.utils.AdminUtils.adminLogout(AdminUtils.groovy:78)
	at logout.run(logout:26)
	at com.kms.katalon.core.main.ScriptEngine.run(ScriptEngine.java:194)
	at com.kms.katalon.core.main.ScriptEngine.runScriptAsRawText(ScriptEngine.java:119)
	at com.kms.katalon.core.main.TestCaseExecutor.runScript(TestCaseExecutor.java:448)
	at com.kms.katalon.core.main.TestCaseExecutor.doExecute(TestCaseExecutor.java:439)
	at com.kms.katalon.core.main.TestCaseExecutor.processExecutionPhase(TestCaseExecutor.java:418)
	at com.kms.katalon.core.main.TestCaseExecutor.accessMainPhase(TestCaseExecutor.java:410)
	at com.kms.katalon.core.main.TestCaseExecutor.execute(TestCaseExecutor.java:285)
	at com.kms.katalon.core.common.CommonExecutor.accessTestCaseMainPhase(CommonExecutor.java:65)
	at com.kms.katalon.core.main.TestSuiteExecutor.accessTestSuiteMainPhase(TestSuiteExecutor.java:150)
	at com.kms.katalon.core.main.TestSuiteExecutor.execute(TestSuiteExecutor.java:106)
	at com.kms.katalon.core.main.TestCaseMain.startTestSuite(TestCaseMain.java:180)
	at TempTestSuite1719146472667.run(TempTestSuite1719146472667.groovy:35)
	at java.base/jdk.internal.reflect.NativeMethodAccessorImpl.invoke0(Native Method)
	at java.base/jdk.internal.reflect.NativeMethodAccessorImpl.invoke(NativeMethodAccessorImpl.java:77)
	at java.base/jdk.internal.reflect.DelegatingMethodAccessorImpl.invoke(DelegatingMethodAccessorImpl.java:43)
)

23-06-2024T20:43:48 - [TEST_STEP][PASSED] - callTestCase(findTestCase("Common_TestCases/admin_login_all_valid"), [:], STOP_ON_FAILURE): Call Test Case 'Test Cases/Common_TestCases/admin_login_all_valid' successfully

23-06-2024T20:43:48 - [TEST_CASE][PASSED] - Test Cases/Common_TestCases/admin_login_all_valid: Test Cases/Common_TestCases/admin_login_all_valid

23-06-2024T20:43:48 - [TEST_STEP][PASSED] - try: The URL is correct: http://localhost/SAD/ArtLens/adminindex.php

23-06-2024T20:43:48 - [TEST_STEP][PASSED] - userIndex = userIndex: null

23-06-2024T20:43:48 - [TEST_STEP][PASSED] - callTestCase(findTestCase("admin/landing_page/header_bar_visible"), [:], STOP_ON_FAILURE): Call Test Case 'Test Cases/admin/landing_page/header_bar_visible' successfully

23-06-2024T20:43:48 - [TEST_CASE][PASSED] - Test Cases/admin/landing_page/header_bar_visible: Test Cases/admin/landing_page/header_bar_visible

23-06-2024T20:43:48 - [TEST_STEP][PASSED] - callTestCase(findTestCase("admin/landing_page/page_acessible"), [:], STOP_ON_FAILURE): Call Test Case 'Test Cases/admin/landing_page/page_acessible' successfully

23-06-2024T20:43:48 - [TEST_CASE][PASSED] - Test Cases/admin/landing_page/page_acessible: Test Cases/admin/landing_page/page_acessible

23-06-2024T20:43:48 - [TEST_STEP][PASSED] - AdminUtils.openWebPage("admin.php"): Navigate to 'http://localhost/SAD/ArtLens/admin.php' successfully

23-06-2024T20:43:48 - [MESSAGE][INFO] - HAR: C:\DevPackage\xampp\htdocs\SAD\ArtLens\Reports\20240623_204104\Test_Admin_Logout\20240623_204112\requests\main\4.har

23-06-2024T20:43:48 - [MESSAGE][PASSED] - Send request successfully

23-06-2024T20:43:48 - [MESSAGE][PASSED] - All links are accessible

23-06-2024T20:43:51 - [MESSAGE][PASSED] - Navigate to 'http://localhost/SAD/ArtLens/admin.php' successfully

23-06-2024T20:43:51 - [MESSAGE][PASSED] - Call Test Case 'Test Cases/admin/landing_page/page_acessible' successfully

23-06-2024T20:43:51 - [TEST_STEP][PASSED] - verifyElementPresent(findTestObject("admin/landing_page/nav_ArtLens            Admin Login"), 0): Object 'Object Repository/admin/landing_page/nav_ArtLens            Admin Login' is present

23-06-2024T20:43:51 - [MESSAGE][WARNING] - Timeout '0' is invalid. Using default page load timeout: '30'

23-06-2024T20:43:52 - [MESSAGE][PASSED] - Object 'Object Repository/admin/landing_page/nav_ArtLens            Admin Login' is present

23-06-2024T20:43:52 - [TEST_STEP][PASSED] - verifyElementVisible(findTestObject("admin/landing_page/nav_ArtLens            Admin Login")): Object 'Object Repository/admin/landing_page/nav_ArtLens            Admin Login' is visible

23-06-2024T20:43:52 - [MESSAGE][PASSED] - Object 'Object Repository/admin/landing_page/nav_ArtLens            Admin Login' is visible

23-06-2024T20:43:52 - [MESSAGE][PASSED] - Call Test Case 'Test Cases/admin/landing_page/header_bar_visible' successfully

23-06-2024T20:43:52 - [TEST_STEP][PASSED] - AdminUtils.adminLogin(ValidUsernameCredentials[userIndex], ValidPasswordCredentials[userIndex]): Object: 'Object Repository/admin/landing_page/button_Login' is clicked on

23-06-2024T20:43:52 - [MESSAGE][WARNING] - Timeout '0' is invalid. Using default page load timeout: '30'

23-06-2024T20:43:52 - [MESSAGE][PASSED] - Object 'Object Repository/admin/landing_page/a_Admin Login' is present

23-06-2024T20:43:52 - [MESSAGE][PASSED] - Object 'Object Repository/admin/landing_page/a_Admin Login' is visible

23-06-2024T20:43:54 - [MESSAGE][PASSED] - Object: 'Object Repository/admin/landing_page/a_Admin Login' is clicked on

23-06-2024T20:43:54 - [MESSAGE][PASSED] - Text 'admin@gmail.com' is set on object 'Object Repository/admin/landing_page/input_ARTLENS_uname'

23-06-2024T20:43:55 - [MESSAGE][PASSED] - Object: 'Object Repository/admin/landing_page/button_Show' is clicked on

23-06-2024T20:43:55 - [MESSAGE][PASSED] - Text '@Helloword' is set on object 'Object Repository/admin/landing_page/input_ARTLENS_pass_1'

23-06-2024T20:43:55 - [MESSAGE][WARNING] - Timeout '0' is invalid. Using default page load timeout: '30'

23-06-2024T20:43:55 - [MESSAGE][PASSED] - Object 'Object Repository/admin/landing_page/button_Login' is present

23-06-2024T20:43:55 - [MESSAGE][PASSED] - Object 'Object Repository/admin/landing_page/button_Login' is visible

23-06-2024T20:43:56 - [MESSAGE][PASSED] - Object: 'Object Repository/admin/landing_page/button_Login' is clicked on

23-06-2024T20:43:56 - [TEST_STEP][PASSED] - currentUrl = getUrl(): Current window's url is: 'http://localhost/SAD/ArtLens/adminindex.php'

23-06-2024T20:43:56 - [MESSAGE][PASSED] - Current window's url is: 'http://localhost/SAD/ArtLens/adminindex.php'

23-06-2024T20:43:56 - [TEST_STEP][PASSED] - expectedUrl = $GlobalVariable.appBaseLinkadminindex.php: null

23-06-2024T20:43:56 - [TEST_STEP][PASSED] - isUrlCorrect = verifyMatch(currentUrl, expectedUrl, false): Actual text 'http://localhost/SAD/ArtLens/adminindex.php' and expected text 'http://localhost/SAD/ArtLens/adminindex.php' are matched 

23-06-2024T20:43:56 - [MESSAGE][PASSED] - Actual text 'http://localhost/SAD/ArtLens/adminindex.php' and expected text 'http://localhost/SAD/ArtLens/adminindex.php' are matched 

23-06-2024T20:43:56 - [TEST_STEP][PASSED] - if (isUrlCorrect): The URL is correct: http://localhost/SAD/ArtLens/adminindex.php

23-06-2024T20:43:56 - [TEST_STEP][PASSED] - markPassed("The URL is correct: " + currentUrl): The URL is correct: http://localhost/SAD/ArtLens/adminindex.php

23-06-2024T20:43:56 - [MESSAGE][PASSED] - The URL is correct: http://localhost/SAD/ArtLens/adminindex.php

23-06-2024T20:43:56 - [TEST_STEP][PASSED] - Finally: null

23-06-2024T20:43:56 - [MESSAGE][PASSED] - Call Test Case 'Test Cases/Common_TestCases/admin_login_all_valid' successfully

23-06-2024T20:43:56 - [TEST_STEP][FAILED] - AdminUtils.adminLogout(): Unable to verify match between actual text 'http://localhost/SAD/ArtLens/index.php' and expected text 'http://localhost/SAD/ArtLens/admin.php' (Root cause: com.kms.katalon.core.exception.StepFailedException: Actual text 'http://localhost/SAD/ArtLens/index.php' and expected text 'http://localhost/SAD/ArtLens/admin.php' are not matched
	at com.kms.katalon.core.keyword.builtin.VerifyMatchKeyword$_verifyMatch_closure1.doCall(VerifyMatchKeyword.groovy:57)
	at com.kms.katalon.core.keyword.builtin.VerifyMatchKeyword$_verifyMatch_closure1.call(VerifyMatchKeyword.groovy)
	at com.kms.katalon.core.keyword.internal.KeywordMain.runKeyword(KeywordMain.groovy:75)
	at com.kms.katalon.core.keyword.builtin.VerifyMatchKeyword.verifyMatch(VerifyMatchKeyword.groovy:60)
	at com.kms.katalon.core.keyword.builtin.VerifyMatchKeyword.execute(VerifyMatchKeyword.groovy:45)
	at com.kms.katalon.core.keyword.internal.KeywordExecutor.executeKeywordForPlatform(KeywordExecutor.groovy:74)
	at com.kms.katalon.core.keyword.BuiltinKeywords.verifyMatch(BuiltinKeywords.groovy:78)
	at java.base/jdk.internal.reflect.NativeMethodAccessorImpl.invoke0(Native Method)
	at java.base/jdk.internal.reflect.NativeMethodAccessorImpl.invoke(NativeMethodAccessorImpl.java:77)
	at java.base/jdk.internal.reflect.DelegatingMethodAccessorImpl.invoke(DelegatingMethodAccessorImpl.java:43)
	at com.artlens.utils.AdminUtils.adminLogout(AdminUtils.groovy:78)
	at logout.run(logout:26)
	at com.kms.katalon.core.main.ScriptEngine.run(ScriptEngine.java:194)
	at com.kms.katalon.core.main.ScriptEngine.runScriptAsRawText(ScriptEngine.java:119)
	at com.kms.katalon.core.main.TestCaseExecutor.runScript(TestCaseExecutor.java:448)
	at com.kms.katalon.core.main.TestCaseExecutor.doExecute(TestCaseExecutor.java:439)
	at com.kms.katalon.core.main.TestCaseExecutor.processExecutionPhase(TestCaseExecutor.java:418)
	at com.kms.katalon.core.main.TestCaseExecutor.accessMainPhase(TestCaseExecutor.java:410)
	at com.kms.katalon.core.main.TestCaseExecutor.execute(TestCaseExecutor.java:285)
	at com.kms.katalon.core.common.CommonExecutor.accessTestCaseMainPhase(CommonExecutor.java:65)
	at com.kms.katalon.core.main.TestSuiteExecutor.accessTestSuiteMainPhase(TestSuiteExecutor.java:150)
	at com.kms.katalon.core.main.TestSuiteExecutor.execute(TestSuiteExecutor.java:106)
	at com.kms.katalon.core.main.TestCaseMain.startTestSuite(TestCaseMain.java:180)
	at TempTestSuite1719146472667.run(TempTestSuite1719146472667.groovy:35)
	at java.base/jdk.internal.reflect.NativeMethodAccessorImpl.invoke0(Native Method)
	at java.base/jdk.internal.reflect.NativeMethodAccessorImpl.invoke(NativeMethodAccessorImpl.java:77)
	at java.base/jdk.internal.reflect.DelegatingMethodAccessorImpl.invoke(DelegatingMethodAccessorImpl.java:43)
)

23-06-2024T20:43:56 - [MESSAGE][PASSED] - Object: 'Object Repository/admin/components/side_nav_drawer/a_Logout' is clicked on

23-06-2024T20:43:56 - [MESSAGE][PASSED] - Current window's url is: 'http://localhost/SAD/ArtLens/index.php'

23-06-2024T20:43:56 - [MESSAGE][FAILED] - Unable to verify match between actual text 'http://localhost/SAD/ArtLens/index.php' and expected text 'http://localhost/SAD/ArtLens/admin.php' (Root cause: com.kms.katalon.core.exception.StepFailedException: Actual text 'http://localhost/SAD/ArtLens/index.php' and expected text 'http://localhost/SAD/ArtLens/admin.php' are not matched
	at com.kms.katalon.core.keyword.builtin.VerifyMatchKeyword$_verifyMatch_closure1.doCall(VerifyMatchKeyword.groovy:57)
	at com.kms.katalon.core.keyword.builtin.VerifyMatchKeyword$_verifyMatch_closure1.call(VerifyMatchKeyword.groovy)
	at com.kms.katalon.core.keyword.internal.KeywordMain.runKeyword(KeywordMain.groovy:75)
	at com.kms.katalon.core.keyword.builtin.VerifyMatchKeyword.verifyMatch(VerifyMatchKeyword.groovy:60)
	at com.kms.katalon.core.keyword.builtin.VerifyMatchKeyword.execute(VerifyMatchKeyword.groovy:45)
	at com.kms.katalon.core.keyword.internal.KeywordExecutor.executeKeywordForPlatform(KeywordExecutor.groovy:74)
	at com.kms.katalon.core.keyword.BuiltinKeywords.verifyMatch(BuiltinKeywords.groovy:78)
	at java.base/jdk.internal.reflect.NativeMethodAccessorImpl.invoke0(Native Method)
	at java.base/jdk.internal.reflect.NativeMethodAccessorImpl.invoke(NativeMethodAccessorImpl.java:77)
	at java.base/jdk.internal.reflect.DelegatingMethodAccessorImpl.invoke(DelegatingMethodAccessorImpl.java:43)
	at com.artlens.utils.AdminUtils.adminLogout(AdminUtils.groovy:78)
	at logout.run(logout:26)
	at com.kms.katalon.core.main.ScriptEngine.run(ScriptEngine.java:194)
	at com.kms.katalon.core.main.ScriptEngine.runScriptAsRawText(ScriptEngine.java:119)
	at com.kms.katalon.core.main.TestCaseExecutor.runScript(TestCaseExecutor.java:448)
	at com.kms.katalon.core.main.TestCaseExecutor.doExecute(TestCaseExecutor.java:439)
	at com.kms.katalon.core.main.TestCaseExecutor.processExecutionPhase(TestCaseExecutor.java:418)
	at com.kms.katalon.core.main.TestCaseExecutor.accessMainPhase(TestCaseExecutor.java:410)
	at com.kms.katalon.core.main.TestCaseExecutor.execute(TestCaseExecutor.java:285)
	at com.kms.katalon.core.common.CommonExecutor.accessTestCaseMainPhase(CommonExecutor.java:65)
	at com.kms.katalon.core.main.TestSuiteExecutor.accessTestSuiteMainPhase(TestSuiteExecutor.java:150)
	at com.kms.katalon.core.main.TestSuiteExecutor.execute(TestSuiteExecutor.java:106)
	at com.kms.katalon.core.main.TestCaseMain.startTestSuite(TestCaseMain.java:180)
	at TempTestSuite1719146472667.run(TempTestSuite1719146472667.groovy:35)
	at java.base/jdk.internal.reflect.NativeMethodAccessorImpl.invoke0(Native Method)
	at java.base/jdk.internal.reflect.NativeMethodAccessorImpl.invoke(NativeMethodAccessorImpl.java:77)
	at java.base/jdk.internal.reflect.DelegatingMethodAccessorImpl.invoke(DelegatingMethodAccessorImpl.java:43)
)

23-06-2024T20:43:56 - [TEST_STEP][FAILED] - catch (Exception e): An error occurred: Actual text 'http://localhost/SAD/ArtLens/index.php' and expected text 'http://localhost/SAD/ArtLens/admin.php' are not matched

23-06-2024T20:43:56 - [TEST_STEP][FAILED] - markFailed("An error occurred: " + message): An error occurred: Actual text 'http://localhost/SAD/ArtLens/index.php' and expected text 'http://localhost/SAD/ArtLens/admin.php' are not matched

23-06-2024T20:43:56 - [MESSAGE][FAILED] - An error occurred: Actual text 'http://localhost/SAD/ArtLens/index.php' and expected text 'http://localhost/SAD/ArtLens/admin.php' are not matched

23-06-2024T20:43:56 - [TEST_STEP][PASSED] - Finally: null

23-06-2024T20:43:56 - [TEST_STEP][PASSED] - Start listener action : sampleAfterTestCase: null]]></system-out>
         <system-err><![CDATA[23-06-2024T20:43:36 - [TEST_CASE][FAILED] - Test Cases/admin/dashboard/logout: Test Cases/admin/dashboard/logout FAILED.
Reason:
com.kms.katalon.core.exception.StepFailedException: An error occurred: Actual text 'http://localhost/SAD/ArtLens/index.php' and expected text 'http://localhost/SAD/ArtLens/admin.php' are not matched
	at com.kms.katalon.core.util.KeywordUtil.markFailed(KeywordUtil.java:19)
	at logout.run(logout:32)
	at com.kms.katalon.core.main.ScriptEngine.run(ScriptEngine.java:194)
	at com.kms.katalon.core.main.ScriptEngine.runScriptAsRawText(ScriptEngine.java:119)
	at com.kms.katalon.core.main.TestCaseExecutor.runScript(TestCaseExecutor.java:448)
	at com.kms.katalon.core.main.TestCaseExecutor.doExecute(TestCaseExecutor.java:439)
	at com.kms.katalon.core.main.TestCaseExecutor.processExecutionPhase(TestCaseExecutor.java:418)
	at com.kms.katalon.core.main.TestCaseExecutor.accessMainPhase(TestCaseExecutor.java:410)
	at com.kms.katalon.core.main.TestCaseExecutor.execute(TestCaseExecutor.java:285)
	at com.kms.katalon.core.common.CommonExecutor.accessTestCaseMainPhase(CommonExecutor.java:65)
	at com.kms.katalon.core.main.TestSuiteExecutor.accessTestSuiteMainPhase(TestSuiteExecutor.java:150)
	at com.kms.katalon.core.main.TestSuiteExecutor.execute(TestSuiteExecutor.java:106)
	at com.kms.katalon.core.main.TestCaseMain.startTestSuite(TestCaseMain.java:180)
	at TempTestSuite1719146472667.run(TempTestSuite1719146472667.groovy:35)
	at java.base/jdk.internal.reflect.NativeMethodAccessorImpl.invoke0(Native Method)
	at java.base/jdk.internal.reflect.NativeMethodAccessorImpl.invoke(NativeMethodAccessorImpl.java:77)
	at java.base/jdk.internal.reflect.DelegatingMethodAccessorImpl.invoke(DelegatingMethodAccessorImpl.java:43)]]></system-err>
      </testcase>
      <testcase name="Test Cases/admin/quiz_management/logout" time="18.909" classname="Test Cases/admin/quiz_management/logout" status="FAILED">
         <failure type="FAILED" message="Test Cases/admin/quiz_management/logout FAILED.&#xa;Reason:&#xa;com.kms.katalon.core.exception.StepFailedException: An error occurred: Actual text 'http://localhost/SAD/ArtLens/index.php' and expected text 'http://localhost/SAD/ArtLens/admin.php' are not matched&#xa;	at com.kms.katalon.core.util.KeywordUtil.markFailed(KeywordUtil.java:19)&#xa;	at logout.run(logout:36)&#xa;	at com.kms.katalon.core.main.ScriptEngine.run(ScriptEngine.java:194)&#xa;	at com.kms.katalon.core.main.ScriptEngine.runScriptAsRawText(ScriptEngine.java:119)&#xa;	at com.kms.katalon.core.main.TestCaseExecutor.runScript(TestCaseExecutor.java:448)&#xa;	at com.kms.katalon.core.main.TestCaseExecutor.doExecute(TestCaseExecutor.java:439)&#xa;	at com.kms.katalon.core.main.TestCaseExecutor.processExecutionPhase(TestCaseExecutor.java:418)&#xa;	at com.kms.katalon.core.main.TestCaseExecutor.accessMainPhase(TestCaseExecutor.java:410)&#xa;	at com.kms.katalon.core.main.TestCaseExecutor.execute(TestCaseExecutor.java:285)&#xa;	at com.kms.katalon.core.common.CommonExecutor.accessTestCaseMainPhase(CommonExecutor.java:65)&#xa;	at com.kms.katalon.core.main.TestSuiteExecutor.accessTestSuiteMainPhase(TestSuiteExecutor.java:150)&#xa;	at com.kms.katalon.core.main.TestSuiteExecutor.execute(TestSuiteExecutor.java:106)&#xa;	at com.kms.katalon.core.main.TestCaseMain.startTestSuite(TestCaseMain.java:180)&#xa;	at TempTestSuite1719146472667.run(TempTestSuite1719146472667.groovy:35)&#xa;	at java.base/jdk.internal.reflect.NativeMethodAccessorImpl.invoke0(Native Method)&#xa;	at java.base/jdk.internal.reflect.NativeMethodAccessorImpl.invoke(NativeMethodAccessorImpl.java:77)&#xa;	at java.base/jdk.internal.reflect.DelegatingMethodAccessorImpl.invoke(DelegatingMethodAccessorImpl.java:43)&#xa;"/>
         <system-out><![CDATA[23-06-2024T20:43:56 - [TEST_CASE][FAILED] - Test Cases/admin/quiz_management/logout: Test Cases/admin/quiz_management/logout FAILED.
Reason:
com.kms.katalon.core.exception.StepFailedException: An error occurred: Actual text 'http://localhost/SAD/ArtLens/index.php' and expected text 'http://localhost/SAD/ArtLens/admin.php' are not matched
	at com.kms.katalon.core.util.KeywordUtil.markFailed(KeywordUtil.java:19)
	at logout.run(logout:36)
	at com.kms.katalon.core.main.ScriptEngine.run(ScriptEngine.java:194)
	at com.kms.katalon.core.main.ScriptEngine.runScriptAsRawText(ScriptEngine.java:119)
	at com.kms.katalon.core.main.TestCaseExecutor.runScript(TestCaseExecutor.java:448)
	at com.kms.katalon.core.main.TestCaseExecutor.doExecute(TestCaseExecutor.java:439)
	at com.kms.katalon.core.main.TestCaseExecutor.processExecutionPhase(TestCaseExecutor.java:418)
	at com.kms.katalon.core.main.TestCaseExecutor.accessMainPhase(TestCaseExecutor.java:410)
	at com.kms.katalon.core.main.TestCaseExecutor.execute(TestCaseExecutor.java:285)
	at com.kms.katalon.core.common.CommonExecutor.accessTestCaseMainPhase(CommonExecutor.java:65)
	at com.kms.katalon.core.main.TestSuiteExecutor.accessTestSuiteMainPhase(TestSuiteExecutor.java:150)
	at com.kms.katalon.core.main.TestSuiteExecutor.execute(TestSuiteExecutor.java:106)
	at com.kms.katalon.core.main.TestCaseMain.startTestSuite(TestCaseMain.java:180)
	at TempTestSuite1719146472667.run(TempTestSuite1719146472667.groovy:35)
	at java.base/jdk.internal.reflect.NativeMethodAccessorImpl.invoke0(Native Method)
	at java.base/jdk.internal.reflect.NativeMethodAccessorImpl.invoke(NativeMethodAccessorImpl.java:77)
	at java.base/jdk.internal.reflect.DelegatingMethodAccessorImpl.invoke(DelegatingMethodAccessorImpl.java:43)


23-06-2024T20:43:57 - [TEST_STEP][PASSED] - Start listener action : sampleBeforeTestCase: Browser is opened with url: ''

23-06-2024T20:43:57 - [TEST_STEP][PASSED] - println(testCaseContext.getTestCaseId()): null

23-06-2024T20:43:57 - [TEST_STEP][PASSED] - openBrowser(""): Browser is opened with url: ''

23-06-2024T20:43:57 - [MESSAGE][WARNING] - A browser is already opened. Closing browser and opening a new one

23-06-2024T20:43:59 - [MESSAGE][INFO] - Starting 'Firefox (headless)' driver

23-06-2024T20:43:59 - [MESSAGE][INFO] - Action delay is set to 0 milliseconds

23-06-2024T20:44:08 - [MESSAGE][PASSED] - Browser is opened with url: ''

23-06-2024T20:44:08 - [TEST_STEP][FAILED] - try: Unable to verify match between actual text 'http://localhost/SAD/ArtLens/index.php' and expected text 'http://localhost/SAD/ArtLens/admin.php' (Root cause: com.kms.katalon.core.exception.StepFailedException: Actual text 'http://localhost/SAD/ArtLens/index.php' and expected text 'http://localhost/SAD/ArtLens/admin.php' are not matched
	at com.kms.katalon.core.keyword.builtin.VerifyMatchKeyword$_verifyMatch_closure1.doCall(VerifyMatchKeyword.groovy:57)
	at com.kms.katalon.core.keyword.builtin.VerifyMatchKeyword$_verifyMatch_closure1.call(VerifyMatchKeyword.groovy)
	at com.kms.katalon.core.keyword.internal.KeywordMain.runKeyword(KeywordMain.groovy:75)
	at com.kms.katalon.core.keyword.builtin.VerifyMatchKeyword.verifyMatch(VerifyMatchKeyword.groovy:60)
	at com.kms.katalon.core.keyword.builtin.VerifyMatchKeyword.execute(VerifyMatchKeyword.groovy:45)
	at com.kms.katalon.core.keyword.internal.KeywordExecutor.executeKeywordForPlatform(KeywordExecutor.groovy:74)
	at com.kms.katalon.core.keyword.BuiltinKeywords.verifyMatch(BuiltinKeywords.groovy:78)
	at java.base/jdk.internal.reflect.NativeMethodAccessorImpl.invoke0(Native Method)
	at java.base/jdk.internal.reflect.NativeMethodAccessorImpl.invoke(NativeMethodAccessorImpl.java:77)
	at java.base/jdk.internal.reflect.DelegatingMethodAccessorImpl.invoke(DelegatingMethodAccessorImpl.java:43)
	at com.artlens.utils.AdminUtils.adminLogout(AdminUtils.groovy:78)
	at logout.run(logout:30)
	at com.kms.katalon.core.main.ScriptEngine.run(ScriptEngine.java:194)
	at com.kms.katalon.core.main.ScriptEngine.runScriptAsRawText(ScriptEngine.java:119)
	at com.kms.katalon.core.main.TestCaseExecutor.runScript(TestCaseExecutor.java:448)
	at com.kms.katalon.core.main.TestCaseExecutor.doExecute(TestCaseExecutor.java:439)
	at com.kms.katalon.core.main.TestCaseExecutor.processExecutionPhase(TestCaseExecutor.java:418)
	at com.kms.katalon.core.main.TestCaseExecutor.accessMainPhase(TestCaseExecutor.java:410)
	at com.kms.katalon.core.main.TestCaseExecutor.execute(TestCaseExecutor.java:285)
	at com.kms.katalon.core.common.CommonExecutor.accessTestCaseMainPhase(CommonExecutor.java:65)
	at com.kms.katalon.core.main.TestSuiteExecutor.accessTestSuiteMainPhase(TestSuiteExecutor.java:150)
	at com.kms.katalon.core.main.TestSuiteExecutor.execute(TestSuiteExecutor.java:106)
	at com.kms.katalon.core.main.TestCaseMain.startTestSuite(TestCaseMain.java:180)
	at TempTestSuite1719146472667.run(TempTestSuite1719146472667.groovy:35)
	at java.base/jdk.internal.reflect.NativeMethodAccessorImpl.invoke0(Native Method)
	at java.base/jdk.internal.reflect.NativeMethodAccessorImpl.invoke(NativeMethodAccessorImpl.java:77)
	at java.base/jdk.internal.reflect.DelegatingMethodAccessorImpl.invoke(DelegatingMethodAccessorImpl.java:43)
)

23-06-2024T20:44:08 - [TEST_STEP][PASSED] - callTestCase(findTestCase("Common_TestCases/admin_login_all_valid"), [:], STOP_ON_FAILURE): Call Test Case 'Test Cases/Common_TestCases/admin_login_all_valid' successfully

23-06-2024T20:44:08 - [TEST_CASE][PASSED] - Test Cases/Common_TestCases/admin_login_all_valid: Test Cases/Common_TestCases/admin_login_all_valid

23-06-2024T20:44:09 - [TEST_STEP][PASSED] - try: The URL is correct: http://localhost/SAD/ArtLens/adminindex.php

23-06-2024T20:44:09 - [TEST_STEP][PASSED] - userIndex = userIndex: null

23-06-2024T20:44:09 - [TEST_STEP][PASSED] - callTestCase(findTestCase("admin/landing_page/header_bar_visible"), [:], STOP_ON_FAILURE): Call Test Case 'Test Cases/admin/landing_page/header_bar_visible' successfully

23-06-2024T20:44:09 - [TEST_CASE][PASSED] - Test Cases/admin/landing_page/header_bar_visible: Test Cases/admin/landing_page/header_bar_visible

23-06-2024T20:44:09 - [TEST_STEP][PASSED] - callTestCase(findTestCase("admin/landing_page/page_acessible"), [:], STOP_ON_FAILURE): Call Test Case 'Test Cases/admin/landing_page/page_acessible' successfully

23-06-2024T20:44:09 - [TEST_CASE][PASSED] - Test Cases/admin/landing_page/page_acessible: Test Cases/admin/landing_page/page_acessible

23-06-2024T20:44:09 - [TEST_STEP][PASSED] - AdminUtils.openWebPage("admin.php"): Navigate to 'http://localhost/SAD/ArtLens/admin.php' successfully

23-06-2024T20:44:09 - [MESSAGE][INFO] - HAR: C:\DevPackage\xampp\htdocs\SAD\ArtLens\Reports\20240623_204104\Test_Admin_Logout\20240623_204112\requests\main\5.har

23-06-2024T20:44:09 - [MESSAGE][PASSED] - Send request successfully

23-06-2024T20:44:09 - [MESSAGE][PASSED] - All links are accessible

23-06-2024T20:44:10 - [MESSAGE][PASSED] - Navigate to 'http://localhost/SAD/ArtLens/admin.php' successfully

23-06-2024T20:44:10 - [MESSAGE][PASSED] - Call Test Case 'Test Cases/admin/landing_page/page_acessible' successfully

23-06-2024T20:44:10 - [TEST_STEP][PASSED] - verifyElementPresent(findTestObject("admin/landing_page/nav_ArtLens            Admin Login"), 0): Object 'Object Repository/admin/landing_page/nav_ArtLens            Admin Login' is present

23-06-2024T20:44:10 - [MESSAGE][WARNING] - Timeout '0' is invalid. Using default page load timeout: '30'

23-06-2024T20:44:10 - [MESSAGE][PASSED] - Object 'Object Repository/admin/landing_page/nav_ArtLens            Admin Login' is present

23-06-2024T20:44:10 - [TEST_STEP][PASSED] - verifyElementVisible(findTestObject("admin/landing_page/nav_ArtLens            Admin Login")): Object 'Object Repository/admin/landing_page/nav_ArtLens            Admin Login' is visible

23-06-2024T20:44:10 - [MESSAGE][PASSED] - Object 'Object Repository/admin/landing_page/nav_ArtLens            Admin Login' is visible

23-06-2024T20:44:10 - [MESSAGE][PASSED] - Call Test Case 'Test Cases/admin/landing_page/header_bar_visible' successfully

23-06-2024T20:44:10 - [TEST_STEP][PASSED] - AdminUtils.adminLogin(ValidUsernameCredentials[userIndex], ValidPasswordCredentials[userIndex]): Object: 'Object Repository/admin/landing_page/button_Login' is clicked on

23-06-2024T20:44:10 - [MESSAGE][WARNING] - Timeout '0' is invalid. Using default page load timeout: '30'

23-06-2024T20:44:10 - [MESSAGE][PASSED] - Object 'Object Repository/admin/landing_page/a_Admin Login' is present

23-06-2024T20:44:11 - [MESSAGE][PASSED] - Object 'Object Repository/admin/landing_page/a_Admin Login' is visible

23-06-2024T20:44:12 - [MESSAGE][PASSED] - Object: 'Object Repository/admin/landing_page/a_Admin Login' is clicked on

23-06-2024T20:44:12 - [MESSAGE][PASSED] - Text 'admin@gmail.com' is set on object 'Object Repository/admin/landing_page/input_ARTLENS_uname'

23-06-2024T20:44:13 - [MESSAGE][PASSED] - Object: 'Object Repository/admin/landing_page/button_Show' is clicked on

23-06-2024T20:44:13 - [MESSAGE][PASSED] - Text '@Helloword' is set on object 'Object Repository/admin/landing_page/input_ARTLENS_pass_1'

23-06-2024T20:44:13 - [MESSAGE][WARNING] - Timeout '0' is invalid. Using default page load timeout: '30'

23-06-2024T20:44:13 - [MESSAGE][PASSED] - Object 'Object Repository/admin/landing_page/button_Login' is present

23-06-2024T20:44:13 - [MESSAGE][PASSED] - Object 'Object Repository/admin/landing_page/button_Login' is visible

23-06-2024T20:44:14 - [MESSAGE][PASSED] - Object: 'Object Repository/admin/landing_page/button_Login' is clicked on

23-06-2024T20:44:14 - [TEST_STEP][PASSED] - currentUrl = getUrl(): Current window's url is: 'http://localhost/SAD/ArtLens/adminindex.php'

23-06-2024T20:44:14 - [MESSAGE][PASSED] - Current window's url is: 'http://localhost/SAD/ArtLens/adminindex.php'

23-06-2024T20:44:14 - [TEST_STEP][PASSED] - expectedUrl = $GlobalVariable.appBaseLinkadminindex.php: null

23-06-2024T20:44:14 - [TEST_STEP][PASSED] - isUrlCorrect = verifyMatch(currentUrl, expectedUrl, false): Actual text 'http://localhost/SAD/ArtLens/adminindex.php' and expected text 'http://localhost/SAD/ArtLens/adminindex.php' are matched 

23-06-2024T20:44:14 - [MESSAGE][PASSED] - Actual text 'http://localhost/SAD/ArtLens/adminindex.php' and expected text 'http://localhost/SAD/ArtLens/adminindex.php' are matched 

23-06-2024T20:44:14 - [TEST_STEP][PASSED] - if (isUrlCorrect): The URL is correct: http://localhost/SAD/ArtLens/adminindex.php

23-06-2024T20:44:14 - [TEST_STEP][PASSED] - markPassed("The URL is correct: " + currentUrl): The URL is correct: http://localhost/SAD/ArtLens/adminindex.php

23-06-2024T20:44:14 - [MESSAGE][PASSED] - The URL is correct: http://localhost/SAD/ArtLens/adminindex.php

23-06-2024T20:44:14 - [TEST_STEP][PASSED] - Finally: null

23-06-2024T20:44:14 - [MESSAGE][PASSED] - Call Test Case 'Test Cases/Common_TestCases/admin_login_all_valid' successfully

23-06-2024T20:44:14 - [TEST_STEP][PASSED] - verifyElementPresent(findTestObject("Object Repository/admin/components/side_nav_drawer/a_Quiz"), 0): Object 'Object Repository/admin/components/side_nav_drawer/a_Quiz' is present

23-06-2024T20:44:14 - [MESSAGE][WARNING] - Timeout '0' is invalid. Using default page load timeout: '30'

23-06-2024T20:44:14 - [MESSAGE][PASSED] - Object 'Object Repository/admin/components/side_nav_drawer/a_Quiz' is present

23-06-2024T20:44:14 - [TEST_STEP][PASSED] - verifyElementVisible(findTestObject("Object Repository/admin/components/side_nav_drawer/a_Quiz"), STOP_ON_FAILURE): Object 'Object Repository/admin/components/side_nav_drawer/a_Quiz' is visible

23-06-2024T20:44:14 - [MESSAGE][PASSED] - Object 'Object Repository/admin/components/side_nav_drawer/a_Quiz' is visible

23-06-2024T20:44:14 - [TEST_STEP][PASSED] - click(findTestObject("Object Repository/admin/components/side_nav_drawer/a_Quiz")): Object: 'Object Repository/admin/components/side_nav_drawer/a_Quiz' is clicked on

23-06-2024T20:44:15 - [MESSAGE][PASSED] - Object: 'Object Repository/admin/components/side_nav_drawer/a_Quiz' is clicked on

23-06-2024T20:44:15 - [TEST_STEP][FAILED] - AdminUtils.adminLogout(): Unable to verify match between actual text 'http://localhost/SAD/ArtLens/index.php' and expected text 'http://localhost/SAD/ArtLens/admin.php' (Root cause: com.kms.katalon.core.exception.StepFailedException: Actual text 'http://localhost/SAD/ArtLens/index.php' and expected text 'http://localhost/SAD/ArtLens/admin.php' are not matched
	at com.kms.katalon.core.keyword.builtin.VerifyMatchKeyword$_verifyMatch_closure1.doCall(VerifyMatchKeyword.groovy:57)
	at com.kms.katalon.core.keyword.builtin.VerifyMatchKeyword$_verifyMatch_closure1.call(VerifyMatchKeyword.groovy)
	at com.kms.katalon.core.keyword.internal.KeywordMain.runKeyword(KeywordMain.groovy:75)
	at com.kms.katalon.core.keyword.builtin.VerifyMatchKeyword.verifyMatch(VerifyMatchKeyword.groovy:60)
	at com.kms.katalon.core.keyword.builtin.VerifyMatchKeyword.execute(VerifyMatchKeyword.groovy:45)
	at com.kms.katalon.core.keyword.internal.KeywordExecutor.executeKeywordForPlatform(KeywordExecutor.groovy:74)
	at com.kms.katalon.core.keyword.BuiltinKeywords.verifyMatch(BuiltinKeywords.groovy:78)
	at java.base/jdk.internal.reflect.NativeMethodAccessorImpl.invoke0(Native Method)
	at java.base/jdk.internal.reflect.NativeMethodAccessorImpl.invoke(NativeMethodAccessorImpl.java:77)
	at java.base/jdk.internal.reflect.DelegatingMethodAccessorImpl.invoke(DelegatingMethodAccessorImpl.java:43)
	at com.artlens.utils.AdminUtils.adminLogout(AdminUtils.groovy:78)
	at logout.run(logout:30)
	at com.kms.katalon.core.main.ScriptEngine.run(ScriptEngine.java:194)
	at com.kms.katalon.core.main.ScriptEngine.runScriptAsRawText(ScriptEngine.java:119)
	at com.kms.katalon.core.main.TestCaseExecutor.runScript(TestCaseExecutor.java:448)
	at com.kms.katalon.core.main.TestCaseExecutor.doExecute(TestCaseExecutor.java:439)
	at com.kms.katalon.core.main.TestCaseExecutor.processExecutionPhase(TestCaseExecutor.java:418)
	at com.kms.katalon.core.main.TestCaseExecutor.accessMainPhase(TestCaseExecutor.java:410)
	at com.kms.katalon.core.main.TestCaseExecutor.execute(TestCaseExecutor.java:285)
	at com.kms.katalon.core.common.CommonExecutor.accessTestCaseMainPhase(CommonExecutor.java:65)
	at com.kms.katalon.core.main.TestSuiteExecutor.accessTestSuiteMainPhase(TestSuiteExecutor.java:150)
	at com.kms.katalon.core.main.TestSuiteExecutor.execute(TestSuiteExecutor.java:106)
	at com.kms.katalon.core.main.TestCaseMain.startTestSuite(TestCaseMain.java:180)
	at TempTestSuite1719146472667.run(TempTestSuite1719146472667.groovy:35)
	at java.base/jdk.internal.reflect.NativeMethodAccessorImpl.invoke0(Native Method)
	at java.base/jdk.internal.reflect.NativeMethodAccessorImpl.invoke(NativeMethodAccessorImpl.java:77)
	at java.base/jdk.internal.reflect.DelegatingMethodAccessorImpl.invoke(DelegatingMethodAccessorImpl.java:43)
)

23-06-2024T20:44:15 - [MESSAGE][PASSED] - Object: 'Object Repository/admin/components/side_nav_drawer/a_Logout' is clicked on

23-06-2024T20:44:15 - [MESSAGE][PASSED] - Current window's url is: 'http://localhost/SAD/ArtLens/index.php'

23-06-2024T20:44:15 - [MESSAGE][FAILED] - Unable to verify match between actual text 'http://localhost/SAD/ArtLens/index.php' and expected text 'http://localhost/SAD/ArtLens/admin.php' (Root cause: com.kms.katalon.core.exception.StepFailedException: Actual text 'http://localhost/SAD/ArtLens/index.php' and expected text 'http://localhost/SAD/ArtLens/admin.php' are not matched
	at com.kms.katalon.core.keyword.builtin.VerifyMatchKeyword$_verifyMatch_closure1.doCall(VerifyMatchKeyword.groovy:57)
	at com.kms.katalon.core.keyword.builtin.VerifyMatchKeyword$_verifyMatch_closure1.call(VerifyMatchKeyword.groovy)
	at com.kms.katalon.core.keyword.internal.KeywordMain.runKeyword(KeywordMain.groovy:75)
	at com.kms.katalon.core.keyword.builtin.VerifyMatchKeyword.verifyMatch(VerifyMatchKeyword.groovy:60)
	at com.kms.katalon.core.keyword.builtin.VerifyMatchKeyword.execute(VerifyMatchKeyword.groovy:45)
	at com.kms.katalon.core.keyword.internal.KeywordExecutor.executeKeywordForPlatform(KeywordExecutor.groovy:74)
	at com.kms.katalon.core.keyword.BuiltinKeywords.verifyMatch(BuiltinKeywords.groovy:78)
	at java.base/jdk.internal.reflect.NativeMethodAccessorImpl.invoke0(Native Method)
	at java.base/jdk.internal.reflect.NativeMethodAccessorImpl.invoke(NativeMethodAccessorImpl.java:77)
	at java.base/jdk.internal.reflect.DelegatingMethodAccessorImpl.invoke(DelegatingMethodAccessorImpl.java:43)
	at com.artlens.utils.AdminUtils.adminLogout(AdminUtils.groovy:78)
	at logout.run(logout:30)
	at com.kms.katalon.core.main.ScriptEngine.run(ScriptEngine.java:194)
	at com.kms.katalon.core.main.ScriptEngine.runScriptAsRawText(ScriptEngine.java:119)
	at com.kms.katalon.core.main.TestCaseExecutor.runScript(TestCaseExecutor.java:448)
	at com.kms.katalon.core.main.TestCaseExecutor.doExecute(TestCaseExecutor.java:439)
	at com.kms.katalon.core.main.TestCaseExecutor.processExecutionPhase(TestCaseExecutor.java:418)
	at com.kms.katalon.core.main.TestCaseExecutor.accessMainPhase(TestCaseExecutor.java:410)
	at com.kms.katalon.core.main.TestCaseExecutor.execute(TestCaseExecutor.java:285)
	at com.kms.katalon.core.common.CommonExecutor.accessTestCaseMainPhase(CommonExecutor.java:65)
	at com.kms.katalon.core.main.TestSuiteExecutor.accessTestSuiteMainPhase(TestSuiteExecutor.java:150)
	at com.kms.katalon.core.main.TestSuiteExecutor.execute(TestSuiteExecutor.java:106)
	at com.kms.katalon.core.main.TestCaseMain.startTestSuite(TestCaseMain.java:180)
	at TempTestSuite1719146472667.run(TempTestSuite1719146472667.groovy:35)
	at java.base/jdk.internal.reflect.NativeMethodAccessorImpl.invoke0(Native Method)
	at java.base/jdk.internal.reflect.NativeMethodAccessorImpl.invoke(NativeMethodAccessorImpl.java:77)
	at java.base/jdk.internal.reflect.DelegatingMethodAccessorImpl.invoke(DelegatingMethodAccessorImpl.java:43)
)

23-06-2024T20:44:15 - [TEST_STEP][FAILED] - catch (Exception e): An error occurred: Actual text 'http://localhost/SAD/ArtLens/index.php' and expected text 'http://localhost/SAD/ArtLens/admin.php' are not matched

23-06-2024T20:44:15 - [TEST_STEP][FAILED] - markFailed("An error occurred: " + message): An error occurred: Actual text 'http://localhost/SAD/ArtLens/index.php' and expected text 'http://localhost/SAD/ArtLens/admin.php' are not matched

23-06-2024T20:44:15 - [MESSAGE][FAILED] - An error occurred: Actual text 'http://localhost/SAD/ArtLens/index.php' and expected text 'http://localhost/SAD/ArtLens/admin.php' are not matched

23-06-2024T20:44:15 - [TEST_STEP][PASSED] - Finally: null

23-06-2024T20:44:15 - [TEST_STEP][PASSED] - Start listener action : sampleAfterTestCase: null]]></system-out>
         <system-err><![CDATA[23-06-2024T20:43:56 - [TEST_CASE][FAILED] - Test Cases/admin/quiz_management/logout: Test Cases/admin/quiz_management/logout FAILED.
Reason:
com.kms.katalon.core.exception.StepFailedException: An error occurred: Actual text 'http://localhost/SAD/ArtLens/index.php' and expected text 'http://localhost/SAD/ArtLens/admin.php' are not matched
	at com.kms.katalon.core.util.KeywordUtil.markFailed(KeywordUtil.java:19)
	at logout.run(logout:36)
	at com.kms.katalon.core.main.ScriptEngine.run(ScriptEngine.java:194)
	at com.kms.katalon.core.main.ScriptEngine.runScriptAsRawText(ScriptEngine.java:119)
	at com.kms.katalon.core.main.TestCaseExecutor.runScript(TestCaseExecutor.java:448)
	at com.kms.katalon.core.main.TestCaseExecutor.doExecute(TestCaseExecutor.java:439)
	at com.kms.katalon.core.main.TestCaseExecutor.processExecutionPhase(TestCaseExecutor.java:418)
	at com.kms.katalon.core.main.TestCaseExecutor.accessMainPhase(TestCaseExecutor.java:410)
	at com.kms.katalon.core.main.TestCaseExecutor.execute(TestCaseExecutor.java:285)
	at com.kms.katalon.core.common.CommonExecutor.accessTestCaseMainPhase(CommonExecutor.java:65)
	at com.kms.katalon.core.main.TestSuiteExecutor.accessTestSuiteMainPhase(TestSuiteExecutor.java:150)
	at com.kms.katalon.core.main.TestSuiteExecutor.execute(TestSuiteExecutor.java:106)
	at com.kms.katalon.core.main.TestCaseMain.startTestSuite(TestCaseMain.java:180)
	at TempTestSuite1719146472667.run(TempTestSuite1719146472667.groovy:35)
	at java.base/jdk.internal.reflect.NativeMethodAccessorImpl.invoke0(Native Method)
	at java.base/jdk.internal.reflect.NativeMethodAccessorImpl.invoke(NativeMethodAccessorImpl.java:77)
	at java.base/jdk.internal.reflect.DelegatingMethodAccessorImpl.invoke(DelegatingMethodAccessorImpl.java:43)]]></system-err>
      </testcase>
      <testcase name="Test Cases/admin/visitor_log_management/logout" time="21.925" classname="Test Cases/admin/visitor_log_management/logout" status="FAILED">
         <failure type="FAILED" message="Test Cases/admin/visitor_log_management/logout FAILED.&#xa;Reason:&#xa;com.kms.katalon.core.exception.StepFailedException: An error occurred: Actual text 'http://localhost/SAD/ArtLens/index.php' and expected text 'http://localhost/SAD/ArtLens/admin.php' are not matched&#xa;	at com.kms.katalon.core.util.KeywordUtil.markFailed(KeywordUtil.java:19)&#xa;	at logout.run(logout:36)&#xa;	at com.kms.katalon.core.main.ScriptEngine.run(ScriptEngine.java:194)&#xa;	at com.kms.katalon.core.main.ScriptEngine.runScriptAsRawText(ScriptEngine.java:119)&#xa;	at com.kms.katalon.core.main.TestCaseExecutor.runScript(TestCaseExecutor.java:448)&#xa;	at com.kms.katalon.core.main.TestCaseExecutor.doExecute(TestCaseExecutor.java:439)&#xa;	at com.kms.katalon.core.main.TestCaseExecutor.processExecutionPhase(TestCaseExecutor.java:418)&#xa;	at com.kms.katalon.core.main.TestCaseExecutor.accessMainPhase(TestCaseExecutor.java:410)&#xa;	at com.kms.katalon.core.main.TestCaseExecutor.execute(TestCaseExecutor.java:285)&#xa;	at com.kms.katalon.core.common.CommonExecutor.accessTestCaseMainPhase(CommonExecutor.java:65)&#xa;	at com.kms.katalon.core.main.TestSuiteExecutor.accessTestSuiteMainPhase(TestSuiteExecutor.java:150)&#xa;	at com.kms.katalon.core.main.TestSuiteExecutor.execute(TestSuiteExecutor.java:106)&#xa;	at com.kms.katalon.core.main.TestCaseMain.startTestSuite(TestCaseMain.java:180)&#xa;	at TempTestSuite1719146472667.run(TempTestSuite1719146472667.groovy:35)&#xa;	at java.base/jdk.internal.reflect.NativeMethodAccessorImpl.invoke0(Native Method)&#xa;	at java.base/jdk.internal.reflect.NativeMethodAccessorImpl.invoke(NativeMethodAccessorImpl.java:77)&#xa;	at java.base/jdk.internal.reflect.DelegatingMethodAccessorImpl.invoke(DelegatingMethodAccessorImpl.java:43)&#xa;"/>
         <system-out><![CDATA[23-06-2024T20:44:15 - [TEST_CASE][FAILED] - Test Cases/admin/visitor_log_management/logout: Test Cases/admin/visitor_log_management/logout FAILED.
Reason:
com.kms.katalon.core.exception.StepFailedException: An error occurred: Actual text 'http://localhost/SAD/ArtLens/index.php' and expected text 'http://localhost/SAD/ArtLens/admin.php' are not matched
	at com.kms.katalon.core.util.KeywordUtil.markFailed(KeywordUtil.java:19)
	at logout.run(logout:36)
	at com.kms.katalon.core.main.ScriptEngine.run(ScriptEngine.java:194)
	at com.kms.katalon.core.main.ScriptEngine.runScriptAsRawText(ScriptEngine.java:119)
	at com.kms.katalon.core.main.TestCaseExecutor.runScript(TestCaseExecutor.java:448)
	at com.kms.katalon.core.main.TestCaseExecutor.doExecute(TestCaseExecutor.java:439)
	at com.kms.katalon.core.main.TestCaseExecutor.processExecutionPhase(TestCaseExecutor.java:418)
	at com.kms.katalon.core.main.TestCaseExecutor.accessMainPhase(TestCaseExecutor.java:410)
	at com.kms.katalon.core.main.TestCaseExecutor.execute(TestCaseExecutor.java:285)
	at com.kms.katalon.core.common.CommonExecutor.accessTestCaseMainPhase(CommonExecutor.java:65)
	at com.kms.katalon.core.main.TestSuiteExecutor.accessTestSuiteMainPhase(TestSuiteExecutor.java:150)
	at com.kms.katalon.core.main.TestSuiteExecutor.execute(TestSuiteExecutor.java:106)
	at com.kms.katalon.core.main.TestCaseMain.startTestSuite(TestCaseMain.java:180)
	at TempTestSuite1719146472667.run(TempTestSuite1719146472667.groovy:35)
	at java.base/jdk.internal.reflect.NativeMethodAccessorImpl.invoke0(Native Method)
	at java.base/jdk.internal.reflect.NativeMethodAccessorImpl.invoke(NativeMethodAccessorImpl.java:77)
	at java.base/jdk.internal.reflect.DelegatingMethodAccessorImpl.invoke(DelegatingMethodAccessorImpl.java:43)


23-06-2024T20:44:15 - [TEST_STEP][PASSED] - Start listener action : sampleBeforeTestCase: Browser is opened with url: ''

23-06-2024T20:44:15 - [TEST_STEP][PASSED] - println(testCaseContext.getTestCaseId()): null

23-06-2024T20:44:15 - [TEST_STEP][PASSED] - openBrowser(""): Browser is opened with url: ''

23-06-2024T20:44:15 - [MESSAGE][WARNING] - A browser is already opened. Closing browser and opening a new one

23-06-2024T20:44:18 - [MESSAGE][INFO] - Starting 'Firefox (headless)' driver

23-06-2024T20:44:18 - [MESSAGE][INFO] - Action delay is set to 0 milliseconds

23-06-2024T20:44:29 - [MESSAGE][PASSED] - Browser is opened with url: ''

23-06-2024T20:44:30 - [TEST_STEP][FAILED] - try: Unable to verify match between actual text 'http://localhost/SAD/ArtLens/index.php' and expected text 'http://localhost/SAD/ArtLens/admin.php' (Root cause: com.kms.katalon.core.exception.StepFailedException: Actual text 'http://localhost/SAD/ArtLens/index.php' and expected text 'http://localhost/SAD/ArtLens/admin.php' are not matched
	at com.kms.katalon.core.keyword.builtin.VerifyMatchKeyword$_verifyMatch_closure1.doCall(VerifyMatchKeyword.groovy:57)
	at com.kms.katalon.core.keyword.builtin.VerifyMatchKeyword$_verifyMatch_closure1.call(VerifyMatchKeyword.groovy)
	at com.kms.katalon.core.keyword.internal.KeywordMain.runKeyword(KeywordMain.groovy:75)
	at com.kms.katalon.core.keyword.builtin.VerifyMatchKeyword.verifyMatch(VerifyMatchKeyword.groovy:60)
	at com.kms.katalon.core.keyword.builtin.VerifyMatchKeyword.execute(VerifyMatchKeyword.groovy:45)
	at com.kms.katalon.core.keyword.internal.KeywordExecutor.executeKeywordForPlatform(KeywordExecutor.groovy:74)
	at com.kms.katalon.core.keyword.BuiltinKeywords.verifyMatch(BuiltinKeywords.groovy:78)
	at java.base/jdk.internal.reflect.NativeMethodAccessorImpl.invoke0(Native Method)
	at java.base/jdk.internal.reflect.NativeMethodAccessorImpl.invoke(NativeMethodAccessorImpl.java:77)
	at java.base/jdk.internal.reflect.DelegatingMethodAccessorImpl.invoke(DelegatingMethodAccessorImpl.java:43)
	at com.artlens.utils.AdminUtils.adminLogout(AdminUtils.groovy:78)
	at logout.run(logout:30)
	at com.kms.katalon.core.main.ScriptEngine.run(ScriptEngine.java:194)
	at com.kms.katalon.core.main.ScriptEngine.runScriptAsRawText(ScriptEngine.java:119)
	at com.kms.katalon.core.main.TestCaseExecutor.runScript(TestCaseExecutor.java:448)
	at com.kms.katalon.core.main.TestCaseExecutor.doExecute(TestCaseExecutor.java:439)
	at com.kms.katalon.core.main.TestCaseExecutor.processExecutionPhase(TestCaseExecutor.java:418)
	at com.kms.katalon.core.main.TestCaseExecutor.accessMainPhase(TestCaseExecutor.java:410)
	at com.kms.katalon.core.main.TestCaseExecutor.execute(TestCaseExecutor.java:285)
	at com.kms.katalon.core.common.CommonExecutor.accessTestCaseMainPhase(CommonExecutor.java:65)
	at com.kms.katalon.core.main.TestSuiteExecutor.accessTestSuiteMainPhase(TestSuiteExecutor.java:150)
	at com.kms.katalon.core.main.TestSuiteExecutor.execute(TestSuiteExecutor.java:106)
	at com.kms.katalon.core.main.TestCaseMain.startTestSuite(TestCaseMain.java:180)
	at TempTestSuite1719146472667.run(TempTestSuite1719146472667.groovy:35)
	at java.base/jdk.internal.reflect.NativeMethodAccessorImpl.invoke0(Native Method)
	at java.base/jdk.internal.reflect.NativeMethodAccessorImpl.invoke(NativeMethodAccessorImpl.java:77)
	at java.base/jdk.internal.reflect.DelegatingMethodAccessorImpl.invoke(DelegatingMethodAccessorImpl.java:43)
)

23-06-2024T20:44:30 - [TEST_STEP][PASSED] - callTestCase(findTestCase("Common_TestCases/admin_login_all_valid"), [:], STOP_ON_FAILURE): Call Test Case 'Test Cases/Common_TestCases/admin_login_all_valid' successfully

23-06-2024T20:44:30 - [TEST_CASE][PASSED] - Test Cases/Common_TestCases/admin_login_all_valid: Test Cases/Common_TestCases/admin_login_all_valid

23-06-2024T20:44:30 - [TEST_STEP][PASSED] - try: The URL is correct: http://localhost/SAD/ArtLens/adminindex.php

23-06-2024T20:44:30 - [TEST_STEP][PASSED] - userIndex = userIndex: null

23-06-2024T20:44:30 - [TEST_STEP][PASSED] - callTestCase(findTestCase("admin/landing_page/header_bar_visible"), [:], STOP_ON_FAILURE): Call Test Case 'Test Cases/admin/landing_page/header_bar_visible' successfully

23-06-2024T20:44:30 - [TEST_CASE][PASSED] - Test Cases/admin/landing_page/header_bar_visible: Test Cases/admin/landing_page/header_bar_visible

23-06-2024T20:44:30 - [TEST_STEP][PASSED] - callTestCase(findTestCase("admin/landing_page/page_acessible"), [:], STOP_ON_FAILURE): Call Test Case 'Test Cases/admin/landing_page/page_acessible' successfully

23-06-2024T20:44:30 - [TEST_CASE][PASSED] - Test Cases/admin/landing_page/page_acessible: Test Cases/admin/landing_page/page_acessible

23-06-2024T20:44:30 - [TEST_STEP][PASSED] - AdminUtils.openWebPage("admin.php"): Navigate to 'http://localhost/SAD/ArtLens/admin.php' successfully

23-06-2024T20:44:30 - [MESSAGE][INFO] - HAR: C:\DevPackage\xampp\htdocs\SAD\ArtLens\Reports\20240623_204104\Test_Admin_Logout\20240623_204112\requests\main\6.har

23-06-2024T20:44:30 - [MESSAGE][PASSED] - Send request successfully

23-06-2024T20:44:30 - [MESSAGE][PASSED] - All links are accessible

23-06-2024T20:44:32 - [MESSAGE][PASSED] - Navigate to 'http://localhost/SAD/ArtLens/admin.php' successfully

23-06-2024T20:44:32 - [MESSAGE][PASSED] - Call Test Case 'Test Cases/admin/landing_page/page_acessible' successfully

23-06-2024T20:44:32 - [TEST_STEP][PASSED] - verifyElementPresent(findTestObject("admin/landing_page/nav_ArtLens            Admin Login"), 0): Object 'Object Repository/admin/landing_page/nav_ArtLens            Admin Login' is present

23-06-2024T20:44:32 - [MESSAGE][WARNING] - Timeout '0' is invalid. Using default page load timeout: '30'

23-06-2024T20:44:33 - [MESSAGE][PASSED] - Object 'Object Repository/admin/landing_page/nav_ArtLens            Admin Login' is present

23-06-2024T20:44:33 - [TEST_STEP][PASSED] - verifyElementVisible(findTestObject("admin/landing_page/nav_ArtLens            Admin Login")): Object 'Object Repository/admin/landing_page/nav_ArtLens            Admin Login' is visible

23-06-2024T20:44:33 - [MESSAGE][PASSED] - Object 'Object Repository/admin/landing_page/nav_ArtLens            Admin Login' is visible

23-06-2024T20:44:33 - [MESSAGE][PASSED] - Call Test Case 'Test Cases/admin/landing_page/header_bar_visible' successfully

23-06-2024T20:44:33 - [TEST_STEP][PASSED] - AdminUtils.adminLogin(ValidUsernameCredentials[userIndex], ValidPasswordCredentials[userIndex]): Object: 'Object Repository/admin/landing_page/button_Login' is clicked on

23-06-2024T20:44:33 - [MESSAGE][WARNING] - Timeout '0' is invalid. Using default page load timeout: '30'

23-06-2024T20:44:33 - [MESSAGE][PASSED] - Object 'Object Repository/admin/landing_page/a_Admin Login' is present

23-06-2024T20:44:33 - [MESSAGE][PASSED] - Object 'Object Repository/admin/landing_page/a_Admin Login' is visible

23-06-2024T20:44:34 - [MESSAGE][PASSED] - Object: 'Object Repository/admin/landing_page/a_Admin Login' is clicked on

23-06-2024T20:44:35 - [MESSAGE][PASSED] - Text 'admin@gmail.com' is set on object 'Object Repository/admin/landing_page/input_ARTLENS_uname'

23-06-2024T20:44:35 - [MESSAGE][PASSED] - Object: 'Object Repository/admin/landing_page/button_Show' is clicked on

23-06-2024T20:44:35 - [MESSAGE][PASSED] - Text '@Helloword' is set on object 'Object Repository/admin/landing_page/input_ARTLENS_pass_1'

23-06-2024T20:44:35 - [MESSAGE][WARNING] - Timeout '0' is invalid. Using default page load timeout: '30'

23-06-2024T20:44:35 - [MESSAGE][PASSED] - Object 'Object Repository/admin/landing_page/button_Login' is present

23-06-2024T20:44:35 - [MESSAGE][PASSED] - Object 'Object Repository/admin/landing_page/button_Login' is visible

23-06-2024T20:44:36 - [MESSAGE][PASSED] - Object: 'Object Repository/admin/landing_page/button_Login' is clicked on

23-06-2024T20:44:36 - [TEST_STEP][PASSED] - currentUrl = getUrl(): Current window's url is: 'http://localhost/SAD/ArtLens/adminindex.php'

23-06-2024T20:44:36 - [MESSAGE][PASSED] - Current window's url is: 'http://localhost/SAD/ArtLens/adminindex.php'

23-06-2024T20:44:36 - [TEST_STEP][PASSED] - expectedUrl = $GlobalVariable.appBaseLinkadminindex.php: null

23-06-2024T20:44:36 - [TEST_STEP][PASSED] - isUrlCorrect = verifyMatch(currentUrl, expectedUrl, false): Actual text 'http://localhost/SAD/ArtLens/adminindex.php' and expected text 'http://localhost/SAD/ArtLens/adminindex.php' are matched 

23-06-2024T20:44:36 - [MESSAGE][PASSED] - Actual text 'http://localhost/SAD/ArtLens/adminindex.php' and expected text 'http://localhost/SAD/ArtLens/adminindex.php' are matched 

23-06-2024T20:44:36 - [TEST_STEP][PASSED] - if (isUrlCorrect): The URL is correct: http://localhost/SAD/ArtLens/adminindex.php

23-06-2024T20:44:36 - [TEST_STEP][PASSED] - markPassed("The URL is correct: " + currentUrl): The URL is correct: http://localhost/SAD/ArtLens/adminindex.php

23-06-2024T20:44:36 - [MESSAGE][PASSED] - The URL is correct: http://localhost/SAD/ArtLens/adminindex.php

23-06-2024T20:44:36 - [TEST_STEP][PASSED] - Finally: null

23-06-2024T20:44:36 - [MESSAGE][PASSED] - Call Test Case 'Test Cases/Common_TestCases/admin_login_all_valid' successfully

23-06-2024T20:44:36 - [TEST_STEP][PASSED] - verifyElementPresent(findTestObject("Object Repository/admin/components/side_nav_drawer/a_Visitor Log"), 0): Object 'Object Repository/admin/components/side_nav_drawer/a_Visitor Log' is present

23-06-2024T20:44:36 - [MESSAGE][WARNING] - Timeout '0' is invalid. Using default page load timeout: '30'

23-06-2024T20:44:36 - [MESSAGE][PASSED] - Object 'Object Repository/admin/components/side_nav_drawer/a_Visitor Log' is present

23-06-2024T20:44:36 - [TEST_STEP][PASSED] - verifyElementVisible(findTestObject("Object Repository/admin/components/side_nav_drawer/a_Visitor Log"), STOP_ON_FAILURE): Object 'Object Repository/admin/components/side_nav_drawer/a_Visitor Log' is visible

23-06-2024T20:44:36 - [MESSAGE][PASSED] - Object 'Object Repository/admin/components/side_nav_drawer/a_Visitor Log' is visible

23-06-2024T20:44:36 - [TEST_STEP][PASSED] - click(findTestObject("Object Repository/admin/components/side_nav_drawer/a_Visitor Log")): Object: 'Object Repository/admin/components/side_nav_drawer/a_Visitor Log' is clicked on

23-06-2024T20:44:37 - [MESSAGE][PASSED] - Object: 'Object Repository/admin/components/side_nav_drawer/a_Visitor Log' is clicked on

23-06-2024T20:44:37 - [TEST_STEP][FAILED] - AdminUtils.adminLogout(): Unable to verify match between actual text 'http://localhost/SAD/ArtLens/index.php' and expected text 'http://localhost/SAD/ArtLens/admin.php' (Root cause: com.kms.katalon.core.exception.StepFailedException: Actual text 'http://localhost/SAD/ArtLens/index.php' and expected text 'http://localhost/SAD/ArtLens/admin.php' are not matched
	at com.kms.katalon.core.keyword.builtin.VerifyMatchKeyword$_verifyMatch_closure1.doCall(VerifyMatchKeyword.groovy:57)
	at com.kms.katalon.core.keyword.builtin.VerifyMatchKeyword$_verifyMatch_closure1.call(VerifyMatchKeyword.groovy)
	at com.kms.katalon.core.keyword.internal.KeywordMain.runKeyword(KeywordMain.groovy:75)
	at com.kms.katalon.core.keyword.builtin.VerifyMatchKeyword.verifyMatch(VerifyMatchKeyword.groovy:60)
	at com.kms.katalon.core.keyword.builtin.VerifyMatchKeyword.execute(VerifyMatchKeyword.groovy:45)
	at com.kms.katalon.core.keyword.internal.KeywordExecutor.executeKeywordForPlatform(KeywordExecutor.groovy:74)
	at com.kms.katalon.core.keyword.BuiltinKeywords.verifyMatch(BuiltinKeywords.groovy:78)
	at java.base/jdk.internal.reflect.NativeMethodAccessorImpl.invoke0(Native Method)
	at java.base/jdk.internal.reflect.NativeMethodAccessorImpl.invoke(NativeMethodAccessorImpl.java:77)
	at java.base/jdk.internal.reflect.DelegatingMethodAccessorImpl.invoke(DelegatingMethodAccessorImpl.java:43)
	at com.artlens.utils.AdminUtils.adminLogout(AdminUtils.groovy:78)
	at logout.run(logout:30)
	at com.kms.katalon.core.main.ScriptEngine.run(ScriptEngine.java:194)
	at com.kms.katalon.core.main.ScriptEngine.runScriptAsRawText(ScriptEngine.java:119)
	at com.kms.katalon.core.main.TestCaseExecutor.runScript(TestCaseExecutor.java:448)
	at com.kms.katalon.core.main.TestCaseExecutor.doExecute(TestCaseExecutor.java:439)
	at com.kms.katalon.core.main.TestCaseExecutor.processExecutionPhase(TestCaseExecutor.java:418)
	at com.kms.katalon.core.main.TestCaseExecutor.accessMainPhase(TestCaseExecutor.java:410)
	at com.kms.katalon.core.main.TestCaseExecutor.execute(TestCaseExecutor.java:285)
	at com.kms.katalon.core.common.CommonExecutor.accessTestCaseMainPhase(CommonExecutor.java:65)
	at com.kms.katalon.core.main.TestSuiteExecutor.accessTestSuiteMainPhase(TestSuiteExecutor.java:150)
	at com.kms.katalon.core.main.TestSuiteExecutor.execute(TestSuiteExecutor.java:106)
	at com.kms.katalon.core.main.TestCaseMain.startTestSuite(TestCaseMain.java:180)
	at TempTestSuite1719146472667.run(TempTestSuite1719146472667.groovy:35)
	at java.base/jdk.internal.reflect.NativeMethodAccessorImpl.invoke0(Native Method)
	at java.base/jdk.internal.reflect.NativeMethodAccessorImpl.invoke(NativeMethodAccessorImpl.java:77)
	at java.base/jdk.internal.reflect.DelegatingMethodAccessorImpl.invoke(DelegatingMethodAccessorImpl.java:43)
)

23-06-2024T20:44:37 - [MESSAGE][PASSED] - Object: 'Object Repository/admin/components/side_nav_drawer/a_Logout' is clicked on

23-06-2024T20:44:37 - [MESSAGE][PASSED] - Current window's url is: 'http://localhost/SAD/ArtLens/index.php'

23-06-2024T20:44:37 - [MESSAGE][FAILED] - Unable to verify match between actual text 'http://localhost/SAD/ArtLens/index.php' and expected text 'http://localhost/SAD/ArtLens/admin.php' (Root cause: com.kms.katalon.core.exception.StepFailedException: Actual text 'http://localhost/SAD/ArtLens/index.php' and expected text 'http://localhost/SAD/ArtLens/admin.php' are not matched
	at com.kms.katalon.core.keyword.builtin.VerifyMatchKeyword$_verifyMatch_closure1.doCall(VerifyMatchKeyword.groovy:57)
	at com.kms.katalon.core.keyword.builtin.VerifyMatchKeyword$_verifyMatch_closure1.call(VerifyMatchKeyword.groovy)
	at com.kms.katalon.core.keyword.internal.KeywordMain.runKeyword(KeywordMain.groovy:75)
	at com.kms.katalon.core.keyword.builtin.VerifyMatchKeyword.verifyMatch(VerifyMatchKeyword.groovy:60)
	at com.kms.katalon.core.keyword.builtin.VerifyMatchKeyword.execute(VerifyMatchKeyword.groovy:45)
	at com.kms.katalon.core.keyword.internal.KeywordExecutor.executeKeywordForPlatform(KeywordExecutor.groovy:74)
	at com.kms.katalon.core.keyword.BuiltinKeywords.verifyMatch(BuiltinKeywords.groovy:78)
	at java.base/jdk.internal.reflect.NativeMethodAccessorImpl.invoke0(Native Method)
	at java.base/jdk.internal.reflect.NativeMethodAccessorImpl.invoke(NativeMethodAccessorImpl.java:77)
	at java.base/jdk.internal.reflect.DelegatingMethodAccessorImpl.invoke(DelegatingMethodAccessorImpl.java:43)
	at com.artlens.utils.AdminUtils.adminLogout(AdminUtils.groovy:78)
	at logout.run(logout:30)
	at com.kms.katalon.core.main.ScriptEngine.run(ScriptEngine.java:194)
	at com.kms.katalon.core.main.ScriptEngine.runScriptAsRawText(ScriptEngine.java:119)
	at com.kms.katalon.core.main.TestCaseExecutor.runScript(TestCaseExecutor.java:448)
	at com.kms.katalon.core.main.TestCaseExecutor.doExecute(TestCaseExecutor.java:439)
	at com.kms.katalon.core.main.TestCaseExecutor.processExecutionPhase(TestCaseExecutor.java:418)
	at com.kms.katalon.core.main.TestCaseExecutor.accessMainPhase(TestCaseExecutor.java:410)
	at com.kms.katalon.core.main.TestCaseExecutor.execute(TestCaseExecutor.java:285)
	at com.kms.katalon.core.common.CommonExecutor.accessTestCaseMainPhase(CommonExecutor.java:65)
	at com.kms.katalon.core.main.TestSuiteExecutor.accessTestSuiteMainPhase(TestSuiteExecutor.java:150)
	at com.kms.katalon.core.main.TestSuiteExecutor.execute(TestSuiteExecutor.java:106)
	at com.kms.katalon.core.main.TestCaseMain.startTestSuite(TestCaseMain.java:180)
	at TempTestSuite1719146472667.run(TempTestSuite1719146472667.groovy:35)
	at java.base/jdk.internal.reflect.NativeMethodAccessorImpl.invoke0(Native Method)
	at java.base/jdk.internal.reflect.NativeMethodAccessorImpl.invoke(NativeMethodAccessorImpl.java:77)
	at java.base/jdk.internal.reflect.DelegatingMethodAccessorImpl.invoke(DelegatingMethodAccessorImpl.java:43)
)

23-06-2024T20:44:37 - [TEST_STEP][FAILED] - catch (Exception e): An error occurred: Actual text 'http://localhost/SAD/ArtLens/index.php' and expected text 'http://localhost/SAD/ArtLens/admin.php' are not matched

23-06-2024T20:44:37 - [TEST_STEP][FAILED] - markFailed("An error occurred: " + message): An error occurred: Actual text 'http://localhost/SAD/ArtLens/index.php' and expected text 'http://localhost/SAD/ArtLens/admin.php' are not matched

23-06-2024T20:44:37 - [MESSAGE][FAILED] - An error occurred: Actual text 'http://localhost/SAD/ArtLens/index.php' and expected text 'http://localhost/SAD/ArtLens/admin.php' are not matched

23-06-2024T20:44:37 - [TEST_STEP][PASSED] - Finally: null

23-06-2024T20:44:37 - [TEST_STEP][PASSED] - Start listener action : sampleAfterTestCase: null]]></system-out>
         <system-err><![CDATA[23-06-2024T20:44:15 - [TEST_CASE][FAILED] - Test Cases/admin/visitor_log_management/logout: Test Cases/admin/visitor_log_management/logout FAILED.
Reason:
com.kms.katalon.core.exception.StepFailedException: An error occurred: Actual text 'http://localhost/SAD/ArtLens/index.php' and expected text 'http://localhost/SAD/ArtLens/admin.php' are not matched
	at com.kms.katalon.core.util.KeywordUtil.markFailed(KeywordUtil.java:19)
	at logout.run(logout:36)
	at com.kms.katalon.core.main.ScriptEngine.run(ScriptEngine.java:194)
	at com.kms.katalon.core.main.ScriptEngine.runScriptAsRawText(ScriptEngine.java:119)
	at com.kms.katalon.core.main.TestCaseExecutor.runScript(TestCaseExecutor.java:448)
	at com.kms.katalon.core.main.TestCaseExecutor.doExecute(TestCaseExecutor.java:439)
	at com.kms.katalon.core.main.TestCaseExecutor.processExecutionPhase(TestCaseExecutor.java:418)
	at com.kms.katalon.core.main.TestCaseExecutor.accessMainPhase(TestCaseExecutor.java:410)
	at com.kms.katalon.core.main.TestCaseExecutor.execute(TestCaseExecutor.java:285)
	at com.kms.katalon.core.common.CommonExecutor.accessTestCaseMainPhase(CommonExecutor.java:65)
	at com.kms.katalon.core.main.TestSuiteExecutor.accessTestSuiteMainPhase(TestSuiteExecutor.java:150)
	at com.kms.katalon.core.main.TestSuiteExecutor.execute(TestSuiteExecutor.java:106)
	at com.kms.katalon.core.main.TestCaseMain.startTestSuite(TestCaseMain.java:180)
	at TempTestSuite1719146472667.run(TempTestSuite1719146472667.groovy:35)
	at java.base/jdk.internal.reflect.NativeMethodAccessorImpl.invoke0(Native Method)
	at java.base/jdk.internal.reflect.NativeMethodAccessorImpl.invoke(NativeMethodAccessorImpl.java:77)
	at java.base/jdk.internal.reflect.DelegatingMethodAccessorImpl.invoke(DelegatingMethodAccessorImpl.java:43)]]></system-err>
      </testcase>
      <system-out><![CDATA[23-06-2024T20:41:45 - [TEST_SUITE][FAILED] - Test_Admin_Logout: Test Cases/admin/account_management/logout FAILED.
Reason:
com.kms.katalon.core.exception.StepFailedException: An error occurred: Actual text 'http://localhost/SAD/ArtLens/index.php' and expected text 'http://localhost/SAD/ArtLens/admin.php' are not matched
	at com.kms.katalon.core.util.KeywordUtil.markFailed(KeywordUtil.java:19)
	at logout.run(logout:36)
	at com.kms.katalon.core.main.ScriptEngine.run(ScriptEngine.java:194)
	at com.kms.katalon.core.main.ScriptEngine.runScriptAsRawText(ScriptEngine.java:119)
	at com.kms.katalon.core.main.TestCaseExecutor.runScript(TestCaseExecutor.java:448)
	at com.kms.katalon.core.main.TestCaseExecutor.doExecute(TestCaseExecutor.java:439)
	at com.kms.katalon.core.main.TestCaseExecutor.processExecutionPhase(TestCaseExecutor.java:418)
	at com.kms.katalon.core.main.TestCaseExecutor.accessMainPhase(TestCaseExecutor.java:410)
	at com.kms.katalon.core.main.TestCaseExecutor.execute(TestCaseExecutor.java:285)
	at com.kms.katalon.core.common.CommonExecutor.accessTestCaseMainPhase(CommonExecutor.java:65)
	at com.kms.katalon.core.main.TestSuiteExecutor.accessTestSuiteMainPhase(TestSuiteExecutor.java:150)
	at com.kms.katalon.core.main.TestSuiteExecutor.execute(TestSuiteExecutor.java:106)
	at com.kms.katalon.core.main.TestCaseMain.startTestSuite(TestCaseMain.java:180)
	at TempTestSuite1719146472667.run(TempTestSuite1719146472667.groovy:35)
	at java.base/jdk.internal.reflect.NativeMethodAccessorImpl.invoke0(Native Method)
	at java.base/jdk.internal.reflect.NativeMethodAccessorImpl.invoke(NativeMethodAccessorImpl.java:77)
	at java.base/jdk.internal.reflect.DelegatingMethodAccessorImpl.invoke(DelegatingMethodAccessorImpl.java:43)]]></system-out>
      <system-err><![CDATA[23-06-2024T20:41:45 - [TEST_SUITE][FAILED] - Test_Admin_Logout: Test Cases/admin/account_management/logout FAILED.
Reason:
com.kms.katalon.core.exception.StepFailedException: An error occurred: Actual text 'http://localhost/SAD/ArtLens/index.php' and expected text 'http://localhost/SAD/ArtLens/admin.php' are not matched
	at com.kms.katalon.core.util.KeywordUtil.markFailed(KeywordUtil.java:19)
	at logout.run(logout:36)
	at com.kms.katalon.core.main.ScriptEngine.run(ScriptEngine.java:194)
	at com.kms.katalon.core.main.ScriptEngine.runScriptAsRawText(ScriptEngine.java:119)
	at com.kms.katalon.core.main.TestCaseExecutor.runScript(TestCaseExecutor.java:448)
	at com.kms.katalon.core.main.TestCaseExecutor.doExecute(TestCaseExecutor.java:439)
	at com.kms.katalon.core.main.TestCaseExecutor.processExecutionPhase(TestCaseExecutor.java:418)
	at com.kms.katalon.core.main.TestCaseExecutor.accessMainPhase(TestCaseExecutor.java:410)
	at com.kms.katalon.core.main.TestCaseExecutor.execute(TestCaseExecutor.java:285)
	at com.kms.katalon.core.common.CommonExecutor.accessTestCaseMainPhase(CommonExecutor.java:65)
	at com.kms.katalon.core.main.TestSuiteExecutor.accessTestSuiteMainPhase(TestSuiteExecutor.java:150)
	at com.kms.katalon.core.main.TestSuiteExecutor.execute(TestSuiteExecutor.java:106)
	at com.kms.katalon.core.main.TestCaseMain.startTestSuite(TestCaseMain.java:180)
	at TempTestSuite1719146472667.run(TempTestSuite1719146472667.groovy:35)
	at java.base/jdk.internal.reflect.NativeMethodAccessorImpl.invoke0(Native Method)
	at java.base/jdk.internal.reflect.NativeMethodAccessorImpl.invoke(NativeMethodAccessorImpl.java:77)
	at java.base/jdk.internal.reflect.DelegatingMethodAccessorImpl.invoke(DelegatingMethodAccessorImpl.java:43)]]></system-err>
   </testsuite>
   <testsuite name="Test_Admin_Pages_Authentication" tests="7" failures="7" errors="0" time="102.109" skipped="0" timestamp="23-06-2024T20:44:43" hostname="Summer - DESKTOP-KG5V3HF" id="Test Suites/Test_Admin_Pages_Authentication">
      <properties>
         <property name="deviceName" value=""/>
         <property name="devicePlatform"/>
         <property name="logFolder" value="C:\\DevPackage\\xampp\\htdocs\\SAD\\ArtLens\\Reports\\20240623_204104\\Test_Admin_Pages_Authentication\\20240623_204417"/>
         <property name="logFiles" value="C:\\DevPackage\\xampp\\htdocs\\SAD\\ArtLens\\Reports\\20240623_204104\\Test_Admin_Pages_Authentication\\20240623_204417\\execution0.log"/>
         <property name="attachments" value=""/>
         <property name="hostName" value="Summer - DESKTOP-KG5V3HF"/>
         <property name="os" value="Windows 10 64bit"/>
         <property name="katalonVersion" value="9.6.0.217"/>
         <property name="browser" value="Firefox 128.0"/>
         <property name="hostAddress" value="192.200.100.56"/>
         <property name="sessionId" value="74bbf234-1fb7-47bc-bde1-629ef0f2b6cd"/>
         <property name="seleniumVersion" value="3.141.59"/>
         <property name="proxyInformation" value="ProxyInformation { proxyOption=NO_PROXY, proxyServerType=HTTP, username=, password=********, proxyServerAddress=, proxyServerPort=0, executionList=&quot;&quot;, isApplyToDesiredCapabilities=true }"/>
         <property name="platform" value="Windows 10"/>
      </properties>
      <testcase name="Test Cases/admin/account_management/page_accessible_logged_out" time="28.113" classname="Test Cases/admin/account_management/page_accessible_logged_out" status="FAILED">
         <failure type="FAILED" message="Test Cases/admin/account_management/page_accessible_logged_out FAILED.&#xa;Reason:&#xa;com.kms.katalon.core.exception.StepFailedException: Unable to verify match between actual text 'http://localhost/SAD/ArtLens/index.php' and expected text 'http://localhost/SAD/ArtLens/admin.php' (Root cause: com.kms.katalon.core.exception.StepFailedException: Actual text 'http://localhost/SAD/ArtLens/index.php' and expected text 'http://localhost/SAD/ArtLens/admin.php' are not matched&#xa;	at com.kms.katalon.core.keyword.builtin.VerifyMatchKeyword$_verifyMatch_closure1.doCall(VerifyMatchKeyword.groovy:57)&#xa;	at com.kms.katalon.core.keyword.builtin.VerifyMatchKeyword$_verifyMatch_closure1.call(VerifyMatchKeyword.groovy)&#xa;	at com.kms.katalon.core.keyword.internal.KeywordMain.runKeyword(KeywordMain.groovy:75)&#xa;	at com.kms.katalon.core.keyword.builtin.VerifyMatchKeyword.verifyMatch(VerifyMatchKeyword.groovy:60)&#xa;	at com.kms.katalon.core.keyword.builtin.VerifyMatchKeyword.execute(VerifyMatchKeyword.groovy:45)&#xa;	at com.kms.katalon.core.keyword.internal.KeywordExecutor.executeKeywordForPlatform(KeywordExecutor.groovy:74)&#xa;	at com.kms.katalon.core.keyword.BuiltinKeywords.verifyMatch(BuiltinKeywords.groovy:60)&#xa;	at java.base/jdk.internal.reflect.NativeMethodAccessorImpl.invoke0(Native Method)&#xa;	at java.base/jdk.internal.reflect.NativeMethodAccessorImpl.invoke(NativeMethodAccessorImpl.java:77)&#xa;	at java.base/jdk.internal.reflect.DelegatingMethodAccessorImpl.invoke(DelegatingMethodAccessorImpl.java:43)&#xa;	at com.artlens.utils.AdminUtils.verifyPageAccessLoggedOut(AdminUtils.groovy:112)&#xa;	at page_accessible_logged_out.run(page_accessible_logged_out:24)&#xa;	at com.kms.katalon.core.main.ScriptEngine.run(ScriptEngine.java:194)&#xa;	at com.kms.katalon.core.main.ScriptEngine.runScriptAsRawText(ScriptEngine.java:119)&#xa;	at com.kms.katalon.core.main.TestCaseExecutor.runScript(TestCaseExecutor.java:448)&#xa;	at com.kms.katalon.core.main.TestCaseExecutor.doExecute(TestCaseExecutor.java:439)&#xa;	at com.kms.katalon.core.main.TestCaseExecutor.processExecutionPhase(TestCaseExecutor.java:418)&#xa;	at com.kms.katalon.core.main.TestCaseExecutor.accessMainPhase(TestCaseExecutor.java:410)&#xa;	at com.kms.katalon.core.main.TestCaseExecutor.execute(TestCaseExecutor.java:285)&#xa;	at com.kms.katalon.core.common.CommonExecutor.accessTestCaseMainPhase(CommonExecutor.java:65)&#xa;	at com.kms.katalon.core.main.TestSuiteExecutor.accessTestSuiteMainPhase(TestSuiteExecutor.java:150)&#xa;	at com.kms.katalon.core.main.TestSuiteExecutor.execute(TestSuiteExecutor.java:106)&#xa;	at com.kms.katalon.core.main.TestCaseMain.startTestSuite(TestCaseMain.java:180)&#xa;	at TempTestSuite1719146657080.run(TempTestSuite1719146657080.groovy:35)&#xa;	at java.base/jdk.internal.reflect.NativeMethodAccessorImpl.invoke0(Native Method)&#xa;	at java.base/jdk.internal.reflect.NativeMethodAccessorImpl.invoke(NativeMethodAccessorImpl.java:77)&#xa;	at java.base/jdk.internal.reflect.DelegatingMethodAccessorImpl.invoke(DelegatingMethodAccessorImpl.java:43)&#xa;)&#xa;	at com.kms.katalon.core.keyword.internal.KeywordMain.stepFailed(KeywordMain.groovy:39)&#xa;	at com.kms.katalon.core.keyword.internal.KeywordMain.stepFailed(KeywordMain.groovy)&#xa;	at com.kms.katalon.core.keyword.internal.KeywordMain.runKeyword(KeywordMain.groovy:77)&#xa;	at com.kms.katalon.core.keyword.builtin.VerifyMatchKeyword.verifyMatch(VerifyMatchKeyword.groovy:60)&#xa;	at com.kms.katalon.core.keyword.builtin.VerifyMatchKeyword.execute(VerifyMatchKeyword.groovy:45)&#xa;	at com.kms.katalon.core.keyword.internal.KeywordExecutor.executeKeywordForPlatform(KeywordExecutor.groovy:74)&#xa;	at com.kms.katalon.core.keyword.BuiltinKeywords.verifyMatch(BuiltinKeywords.groovy:60)&#xa;	at java.base/jdk.internal.reflect.NativeMethodAccessorImpl.invoke0(Native Method)&#xa;	at java.base/jdk.internal.reflect.NativeMethodAccessorImpl.invoke(NativeMethodAccessorImpl.java:77)&#xa;	at java.base/jdk.internal.reflect.DelegatingMethodAccessorImpl.invoke(DelegatingMethodAccessorImpl.java:43)&#xa;	at com.artlens.utils.AdminUtils.verifyPageAccessLoggedOut(AdminUtils.groovy:112)&#xa;	at page_accessible_logged_out.run(page_accessible_logged_out:24)&#xa;	at com.kms.katalon.core.main.ScriptEngine.run(ScriptEngine.java:194)&#xa;	at com.kms.katalon.core.main.ScriptEngine.runScriptAsRawText(ScriptEngine.java:119)&#xa;	at com.kms.katalon.core.main.TestCaseExecutor.runScript(TestCaseExecutor.java:448)&#xa;	at com.kms.katalon.core.main.TestCaseExecutor.doExecute(TestCaseExecutor.java:439)&#xa;	at com.kms.katalon.core.main.TestCaseExecutor.processExecutionPhase(TestCaseExecutor.java:418)&#xa;	at com.kms.katalon.core.main.TestCaseExecutor.accessMainPhase(TestCaseExecutor.java:410)&#xa;	at com.kms.katalon.core.main.TestCaseExecutor.execute(TestCaseExecutor.java:285)&#xa;	at com.kms.katalon.core.common.CommonExecutor.accessTestCaseMainPhase(CommonExecutor.java:65)&#xa;	at com.kms.katalon.core.main.TestSuiteExecutor.accessTestSuiteMainPhase(TestSuiteExecutor.java:150)&#xa;	at com.kms.katalon.core.main.TestSuiteExecutor.execute(TestSuiteExecutor.java:106)&#xa;	at com.kms.katalon.core.main.TestCaseMain.startTestSuite(TestCaseMain.java:180)&#xa;	at TempTestSuite1719146657080.run(TempTestSuite1719146657080.groovy:35)&#xa;	at java.base/jdk.internal.reflect.NativeMethodAccessorImpl.invoke0(Native Method)&#xa;	at java.base/jdk.internal.reflect.NativeMethodAccessorImpl.invoke(NativeMethodAccessorImpl.java:77)&#xa;	at java.base/jdk.internal.reflect.DelegatingMethodAccessorImpl.invoke(DelegatingMethodAccessorImpl.java:43)&#xa;Caused by: com.kms.katalon.core.exception.StepFailedException: Actual text 'http://localhost/SAD/ArtLens/index.php' and expected text 'http://localhost/SAD/ArtLens/admin.php' are not matched&#xa;	at com.kms.katalon.core.keyword.builtin.VerifyMatchKeyword$_verifyMatch_closure1.doCall(VerifyMatchKeyword.groovy:57)&#xa;	at com.kms.katalon.core.keyword.builtin.VerifyMatchKeyword$_verifyMatch_closure1.call(VerifyMatchKeyword.groovy)&#xa;	at com.kms.katalon.core.keyword.internal.KeywordMain.runKeyword(KeywordMain.groovy:75)&#xa;	... 24 more&#xa;"/>
         <system-out><![CDATA[23-06-2024T20:44:44 - [TEST_CASE][FAILED] - Test Cases/admin/account_management/page_accessible_logged_out: Test Cases/admin/account_management/page_accessible_logged_out FAILED.
Reason:
com.kms.katalon.core.exception.StepFailedException: Unable to verify match between actual text 'http://localhost/SAD/ArtLens/index.php' and expected text 'http://localhost/SAD/ArtLens/admin.php' (Root cause: com.kms.katalon.core.exception.StepFailedException: Actual text 'http://localhost/SAD/ArtLens/index.php' and expected text 'http://localhost/SAD/ArtLens/admin.php' are not matched
	at com.kms.katalon.core.keyword.builtin.VerifyMatchKeyword$_verifyMatch_closure1.doCall(VerifyMatchKeyword.groovy:57)
	at com.kms.katalon.core.keyword.builtin.VerifyMatchKeyword$_verifyMatch_closure1.call(VerifyMatchKeyword.groovy)
	at com.kms.katalon.core.keyword.internal.KeywordMain.runKeyword(KeywordMain.groovy:75)
	at com.kms.katalon.core.keyword.builtin.VerifyMatchKeyword.verifyMatch(VerifyMatchKeyword.groovy:60)
	at com.kms.katalon.core.keyword.builtin.VerifyMatchKeyword.execute(VerifyMatchKeyword.groovy:45)
	at com.kms.katalon.core.keyword.internal.KeywordExecutor.executeKeywordForPlatform(KeywordExecutor.groovy:74)
	at com.kms.katalon.core.keyword.BuiltinKeywords.verifyMatch(BuiltinKeywords.groovy:60)
	at java.base/jdk.internal.reflect.NativeMethodAccessorImpl.invoke0(Native Method)
	at java.base/jdk.internal.reflect.NativeMethodAccessorImpl.invoke(NativeMethodAccessorImpl.java:77)
	at java.base/jdk.internal.reflect.DelegatingMethodAccessorImpl.invoke(DelegatingMethodAccessorImpl.java:43)
	at com.artlens.utils.AdminUtils.verifyPageAccessLoggedOut(AdminUtils.groovy:112)
	at page_accessible_logged_out.run(page_accessible_logged_out:24)
	at com.kms.katalon.core.main.ScriptEngine.run(ScriptEngine.java:194)
	at com.kms.katalon.core.main.ScriptEngine.runScriptAsRawText(ScriptEngine.java:119)
	at com.kms.katalon.core.main.TestCaseExecutor.runScript(TestCaseExecutor.java:448)
	at com.kms.katalon.core.main.TestCaseExecutor.doExecute(TestCaseExecutor.java:439)
	at com.kms.katalon.core.main.TestCaseExecutor.processExecutionPhase(TestCaseExecutor.java:418)
	at com.kms.katalon.core.main.TestCaseExecutor.accessMainPhase(TestCaseExecutor.java:410)
	at com.kms.katalon.core.main.TestCaseExecutor.execute(TestCaseExecutor.java:285)
	at com.kms.katalon.core.common.CommonExecutor.accessTestCaseMainPhase(CommonExecutor.java:65)
	at com.kms.katalon.core.main.TestSuiteExecutor.accessTestSuiteMainPhase(TestSuiteExecutor.java:150)
	at com.kms.katalon.core.main.TestSuiteExecutor.execute(TestSuiteExecutor.java:106)
	at com.kms.katalon.core.main.TestCaseMain.startTestSuite(TestCaseMain.java:180)
	at TempTestSuite1719146657080.run(TempTestSuite1719146657080.groovy:35)
	at java.base/jdk.internal.reflect.NativeMethodAccessorImpl.invoke0(Native Method)
	at java.base/jdk.internal.reflect.NativeMethodAccessorImpl.invoke(NativeMethodAccessorImpl.java:77)
	at java.base/jdk.internal.reflect.DelegatingMethodAccessorImpl.invoke(DelegatingMethodAccessorImpl.java:43)
)
	at com.kms.katalon.core.keyword.internal.KeywordMain.stepFailed(KeywordMain.groovy:39)
	at com.kms.katalon.core.keyword.internal.KeywordMain.stepFailed(KeywordMain.groovy)
	at com.kms.katalon.core.keyword.internal.KeywordMain.runKeyword(KeywordMain.groovy:77)
	at com.kms.katalon.core.keyword.builtin.VerifyMatchKeyword.verifyMatch(VerifyMatchKeyword.groovy:60)
	at com.kms.katalon.core.keyword.builtin.VerifyMatchKeyword.execute(VerifyMatchKeyword.groovy:45)
	at com.kms.katalon.core.keyword.internal.KeywordExecutor.executeKeywordForPlatform(KeywordExecutor.groovy:74)
	at com.kms.katalon.core.keyword.BuiltinKeywords.verifyMatch(BuiltinKeywords.groovy:60)
	at java.base/jdk.internal.reflect.NativeMethodAccessorImpl.invoke0(Native Method)
	at java.base/jdk.internal.reflect.NativeMethodAccessorImpl.invoke(NativeMethodAccessorImpl.java:77)
	at java.base/jdk.internal.reflect.DelegatingMethodAccessorImpl.invoke(DelegatingMethodAccessorImpl.java:43)
	at com.artlens.utils.AdminUtils.verifyPageAccessLoggedOut(AdminUtils.groovy:112)
	at page_accessible_logged_out.run(page_accessible_logged_out:24)
	at com.kms.katalon.core.main.ScriptEngine.run(ScriptEngine.java:194)
	at com.kms.katalon.core.main.ScriptEngine.runScriptAsRawText(ScriptEngine.java:119)
	at com.kms.katalon.core.main.TestCaseExecutor.runScript(TestCaseExecutor.java:448)
	at com.kms.katalon.core.main.TestCaseExecutor.doExecute(TestCaseExecutor.java:439)
	at com.kms.katalon.core.main.TestCaseExecutor.processExecutionPhase(TestCaseExecutor.java:418)
	at com.kms.katalon.core.main.TestCaseExecutor.accessMainPhase(TestCaseExecutor.java:410)
	at com.kms.katalon.core.main.TestCaseExecutor.execute(TestCaseExecutor.java:285)
	at com.kms.katalon.core.common.CommonExecutor.accessTestCaseMainPhase(CommonExecutor.java:65)
	at com.kms.katalon.core.main.TestSuiteExecutor.accessTestSuiteMainPhase(TestSuiteExecutor.java:150)
	at com.kms.katalon.core.main.TestSuiteExecutor.execute(TestSuiteExecutor.java:106)
	at com.kms.katalon.core.main.TestCaseMain.startTestSuite(TestCaseMain.java:180)
	at TempTestSuite1719146657080.run(TempTestSuite1719146657080.groovy:35)
	at java.base/jdk.internal.reflect.NativeMethodAccessorImpl.invoke0(Native Method)
	at java.base/jdk.internal.reflect.NativeMethodAccessorImpl.invoke(NativeMethodAccessorImpl.java:77)
	at java.base/jdk.internal.reflect.DelegatingMethodAccessorImpl.invoke(DelegatingMethodAccessorImpl.java:43)
Caused by: com.kms.katalon.core.exception.StepFailedException: Actual text 'http://localhost/SAD/ArtLens/index.php' and expected text 'http://localhost/SAD/ArtLens/admin.php' are not matched
	at com.kms.katalon.core.keyword.builtin.VerifyMatchKeyword$_verifyMatch_closure1.doCall(VerifyMatchKeyword.groovy:57)
	at com.kms.katalon.core.keyword.builtin.VerifyMatchKeyword$_verifyMatch_closure1.call(VerifyMatchKeyword.groovy)
	at com.kms.katalon.core.keyword.internal.KeywordMain.runKeyword(KeywordMain.groovy:75)
	... 24 more


23-06-2024T20:44:44 - [TEST_STEP][PASSED] - Start listener action : sampleBeforeTestCase: Browser is opened with url: ''

23-06-2024T20:44:44 - [TEST_STEP][PASSED] - println(testCaseContext.getTestCaseId()): null

23-06-2024T20:44:45 - [TEST_STEP][PASSED] - openBrowser(""): Browser is opened with url: ''

23-06-2024T20:44:48 - [MESSAGE][INFO] - Starting 'Firefox (headless)' driver

23-06-2024T20:44:48 - [MESSAGE][INFO] - Action delay is set to 0 milliseconds

23-06-2024T20:45:01 - [MESSAGE][PASSED] - Browser is opened with url: ''

23-06-2024T20:45:01 - [TEST_STEP][FAILED] - try: Unable to verify match between actual text 'http://localhost/SAD/ArtLens/index.php' and expected text 'http://localhost/SAD/ArtLens/admin.php' (Root cause: com.kms.katalon.core.exception.StepFailedException: Actual text 'http://localhost/SAD/ArtLens/index.php' and expected text 'http://localhost/SAD/ArtLens/admin.php' are not matched
	at com.kms.katalon.core.keyword.builtin.VerifyMatchKeyword$_verifyMatch_closure1.doCall(VerifyMatchKeyword.groovy:57)
	at com.kms.katalon.core.keyword.builtin.VerifyMatchKeyword$_verifyMatch_closure1.call(VerifyMatchKeyword.groovy)
	at com.kms.katalon.core.keyword.internal.KeywordMain.runKeyword(KeywordMain.groovy:75)
	at com.kms.katalon.core.keyword.builtin.VerifyMatchKeyword.verifyMatch(VerifyMatchKeyword.groovy:60)
	at com.kms.katalon.core.keyword.builtin.VerifyMatchKeyword.execute(VerifyMatchKeyword.groovy:45)
	at com.kms.katalon.core.keyword.internal.KeywordExecutor.executeKeywordForPlatform(KeywordExecutor.groovy:74)
	at com.kms.katalon.core.keyword.BuiltinKeywords.verifyMatch(BuiltinKeywords.groovy:60)
	at java.base/jdk.internal.reflect.NativeMethodAccessorImpl.invoke0(Native Method)
	at java.base/jdk.internal.reflect.NativeMethodAccessorImpl.invoke(NativeMethodAccessorImpl.java:77)
	at java.base/jdk.internal.reflect.DelegatingMethodAccessorImpl.invoke(DelegatingMethodAccessorImpl.java:43)
	at com.artlens.utils.AdminUtils.verifyPageAccessLoggedOut(AdminUtils.groovy:112)
	at page_accessible_logged_out.run(page_accessible_logged_out:24)
	at com.kms.katalon.core.main.ScriptEngine.run(ScriptEngine.java:194)
	at com.kms.katalon.core.main.ScriptEngine.runScriptAsRawText(ScriptEngine.java:119)
	at com.kms.katalon.core.main.TestCaseExecutor.runScript(TestCaseExecutor.java:448)
	at com.kms.katalon.core.main.TestCaseExecutor.doExecute(TestCaseExecutor.java:439)
	at com.kms.katalon.core.main.TestCaseExecutor.processExecutionPhase(TestCaseExecutor.java:418)
	at com.kms.katalon.core.main.TestCaseExecutor.accessMainPhase(TestCaseExecutor.java:410)
	at com.kms.katalon.core.main.TestCaseExecutor.execute(TestCaseExecutor.java:285)
	at com.kms.katalon.core.common.CommonExecutor.accessTestCaseMainPhase(CommonExecutor.java:65)
	at com.kms.katalon.core.main.TestSuiteExecutor.accessTestSuiteMainPhase(TestSuiteExecutor.java:150)
	at com.kms.katalon.core.main.TestSuiteExecutor.execute(TestSuiteExecutor.java:106)
	at com.kms.katalon.core.main.TestCaseMain.startTestSuite(TestCaseMain.java:180)
	at TempTestSuite1719146657080.run(TempTestSuite1719146657080.groovy:35)
	at java.base/jdk.internal.reflect.NativeMethodAccessorImpl.invoke0(Native Method)
	at java.base/jdk.internal.reflect.NativeMethodAccessorImpl.invoke(NativeMethodAccessorImpl.java:77)
	at java.base/jdk.internal.reflect.DelegatingMethodAccessorImpl.invoke(DelegatingMethodAccessorImpl.java:43)
)

23-06-2024T20:45:01 - [TEST_STEP][FAILED] - AdminUtils.verifyPageAccessLoggedOut("adminaccount.php"): Unable to verify match between actual text 'http://localhost/SAD/ArtLens/index.php' and expected text 'http://localhost/SAD/ArtLens/admin.php' (Root cause: com.kms.katalon.core.exception.StepFailedException: Actual text 'http://localhost/SAD/ArtLens/index.php' and expected text 'http://localhost/SAD/ArtLens/admin.php' are not matched
	at com.kms.katalon.core.keyword.builtin.VerifyMatchKeyword$_verifyMatch_closure1.doCall(VerifyMatchKeyword.groovy:57)
	at com.kms.katalon.core.keyword.builtin.VerifyMatchKeyword$_verifyMatch_closure1.call(VerifyMatchKeyword.groovy)
	at com.kms.katalon.core.keyword.internal.KeywordMain.runKeyword(KeywordMain.groovy:75)
	at com.kms.katalon.core.keyword.builtin.VerifyMatchKeyword.verifyMatch(VerifyMatchKeyword.groovy:60)
	at com.kms.katalon.core.keyword.builtin.VerifyMatchKeyword.execute(VerifyMatchKeyword.groovy:45)
	at com.kms.katalon.core.keyword.internal.KeywordExecutor.executeKeywordForPlatform(KeywordExecutor.groovy:74)
	at com.kms.katalon.core.keyword.BuiltinKeywords.verifyMatch(BuiltinKeywords.groovy:60)
	at java.base/jdk.internal.reflect.NativeMethodAccessorImpl.invoke0(Native Method)
	at java.base/jdk.internal.reflect.NativeMethodAccessorImpl.invoke(NativeMethodAccessorImpl.java:77)
	at java.base/jdk.internal.reflect.DelegatingMethodAccessorImpl.invoke(DelegatingMethodAccessorImpl.java:43)
	at com.artlens.utils.AdminUtils.verifyPageAccessLoggedOut(AdminUtils.groovy:112)
	at page_accessible_logged_out.run(page_accessible_logged_out:24)
	at com.kms.katalon.core.main.ScriptEngine.run(ScriptEngine.java:194)
	at com.kms.katalon.core.main.ScriptEngine.runScriptAsRawText(ScriptEngine.java:119)
	at com.kms.katalon.core.main.TestCaseExecutor.runScript(TestCaseExecutor.java:448)
	at com.kms.katalon.core.main.TestCaseExecutor.doExecute(TestCaseExecutor.java:439)
	at com.kms.katalon.core.main.TestCaseExecutor.processExecutionPhase(TestCaseExecutor.java:418)
	at com.kms.katalon.core.main.TestCaseExecutor.accessMainPhase(TestCaseExecutor.java:410)
	at com.kms.katalon.core.main.TestCaseExecutor.execute(TestCaseExecutor.java:285)
	at com.kms.katalon.core.common.CommonExecutor.accessTestCaseMainPhase(CommonExecutor.java:65)
	at com.kms.katalon.core.main.TestSuiteExecutor.accessTestSuiteMainPhase(TestSuiteExecutor.java:150)
	at com.kms.katalon.core.main.TestSuiteExecutor.execute(TestSuiteExecutor.java:106)
	at com.kms.katalon.core.main.TestCaseMain.startTestSuite(TestCaseMain.java:180)
	at TempTestSuite1719146657080.run(TempTestSuite1719146657080.groovy:35)
	at java.base/jdk.internal.reflect.NativeMethodAccessorImpl.invoke0(Native Method)
	at java.base/jdk.internal.reflect.NativeMethodAccessorImpl.invoke(NativeMethodAccessorImpl.java:77)
	at java.base/jdk.internal.reflect.DelegatingMethodAccessorImpl.invoke(DelegatingMethodAccessorImpl.java:43)
)

23-06-2024T20:45:10 - [MESSAGE][INFO] - HAR: C:\DevPackage\xampp\htdocs\SAD\ArtLens\Reports\20240623_204104\Test_Admin_Pages_Authentication\20240623_204417\requests\main\0.har

23-06-2024T20:45:11 - [MESSAGE][PASSED] - Send request successfully

23-06-2024T20:45:11 - [MESSAGE][PASSED] - All links are accessible

23-06-2024T20:45:12 - [MESSAGE][PASSED] - Navigate to 'http://localhost/SAD/ArtLens/adminaccount.php' successfully

23-06-2024T20:45:12 - [MESSAGE][PASSED] - Current window's url is: 'http://localhost/SAD/ArtLens/index.php'

23-06-2024T20:45:12 - [MESSAGE][INFO] - HAR: C:\DevPackage\xampp\htdocs\SAD\ArtLens\Reports\20240623_204104\Test_Admin_Pages_Authentication\20240623_204417\requests\main\1.har

23-06-2024T20:45:12 - [MESSAGE][PASSED] - Send request successfully

23-06-2024T20:45:12 - [MESSAGE][PASSED] - All links are accessible

23-06-2024T20:45:12 - [MESSAGE][PASSED] - Actual text 'http://localhost/SAD/ArtLens/index.php' and expected text 'http://localhost/SAD/ArtLens/adminaccount.php' are not matched 

23-06-2024T20:45:12 - [MESSAGE][FAILED] - Unable to verify match between actual text 'http://localhost/SAD/ArtLens/index.php' and expected text 'http://localhost/SAD/ArtLens/admin.php' (Root cause: com.kms.katalon.core.exception.StepFailedException: Actual text 'http://localhost/SAD/ArtLens/index.php' and expected text 'http://localhost/SAD/ArtLens/admin.php' are not matched
	at com.kms.katalon.core.keyword.builtin.VerifyMatchKeyword$_verifyMatch_closure1.doCall(VerifyMatchKeyword.groovy:57)
	at com.kms.katalon.core.keyword.builtin.VerifyMatchKeyword$_verifyMatch_closure1.call(VerifyMatchKeyword.groovy)
	at com.kms.katalon.core.keyword.internal.KeywordMain.runKeyword(KeywordMain.groovy:75)
	at com.kms.katalon.core.keyword.builtin.VerifyMatchKeyword.verifyMatch(VerifyMatchKeyword.groovy:60)
	at com.kms.katalon.core.keyword.builtin.VerifyMatchKeyword.execute(VerifyMatchKeyword.groovy:45)
	at com.kms.katalon.core.keyword.internal.KeywordExecutor.executeKeywordForPlatform(KeywordExecutor.groovy:74)
	at com.kms.katalon.core.keyword.BuiltinKeywords.verifyMatch(BuiltinKeywords.groovy:60)
	at java.base/jdk.internal.reflect.NativeMethodAccessorImpl.invoke0(Native Method)
	at java.base/jdk.internal.reflect.NativeMethodAccessorImpl.invoke(NativeMethodAccessorImpl.java:77)
	at java.base/jdk.internal.reflect.DelegatingMethodAccessorImpl.invoke(DelegatingMethodAccessorImpl.java:43)
	at com.artlens.utils.AdminUtils.verifyPageAccessLoggedOut(AdminUtils.groovy:112)
	at page_accessible_logged_out.run(page_accessible_logged_out:24)
	at com.kms.katalon.core.main.ScriptEngine.run(ScriptEngine.java:194)
	at com.kms.katalon.core.main.ScriptEngine.runScriptAsRawText(ScriptEngine.java:119)
	at com.kms.katalon.core.main.TestCaseExecutor.runScript(TestCaseExecutor.java:448)
	at com.kms.katalon.core.main.TestCaseExecutor.doExecute(TestCaseExecutor.java:439)
	at com.kms.katalon.core.main.TestCaseExecutor.processExecutionPhase(TestCaseExecutor.java:418)
	at com.kms.katalon.core.main.TestCaseExecutor.accessMainPhase(TestCaseExecutor.java:410)
	at com.kms.katalon.core.main.TestCaseExecutor.execute(TestCaseExecutor.java:285)
	at com.kms.katalon.core.common.CommonExecutor.accessTestCaseMainPhase(CommonExecutor.java:65)
	at com.kms.katalon.core.main.TestSuiteExecutor.accessTestSuiteMainPhase(TestSuiteExecutor.java:150)
	at com.kms.katalon.core.main.TestSuiteExecutor.execute(TestSuiteExecutor.java:106)
	at com.kms.katalon.core.main.TestCaseMain.startTestSuite(TestCaseMain.java:180)
	at TempTestSuite1719146657080.run(TempTestSuite1719146657080.groovy:35)
	at java.base/jdk.internal.reflect.NativeMethodAccessorImpl.invoke0(Native Method)
	at java.base/jdk.internal.reflect.NativeMethodAccessorImpl.invoke(NativeMethodAccessorImpl.java:77)
	at java.base/jdk.internal.reflect.DelegatingMethodAccessorImpl.invoke(DelegatingMethodAccessorImpl.java:43)
)

23-06-2024T20:45:12 - [TEST_STEP][PASSED] - Start listener action : sampleAfterTestCase: null]]></system-out>
         <system-err><![CDATA[23-06-2024T20:44:44 - [TEST_CASE][FAILED] - Test Cases/admin/account_management/page_accessible_logged_out: Test Cases/admin/account_management/page_accessible_logged_out FAILED.
Reason:
com.kms.katalon.core.exception.StepFailedException: Unable to verify match between actual text 'http://localhost/SAD/ArtLens/index.php' and expected text 'http://localhost/SAD/ArtLens/admin.php' (Root cause: com.kms.katalon.core.exception.StepFailedException: Actual text 'http://localhost/SAD/ArtLens/index.php' and expected text 'http://localhost/SAD/ArtLens/admin.php' are not matched
	at com.kms.katalon.core.keyword.builtin.VerifyMatchKeyword$_verifyMatch_closure1.doCall(VerifyMatchKeyword.groovy:57)
	at com.kms.katalon.core.keyword.builtin.VerifyMatchKeyword$_verifyMatch_closure1.call(VerifyMatchKeyword.groovy)
	at com.kms.katalon.core.keyword.internal.KeywordMain.runKeyword(KeywordMain.groovy:75)
	at com.kms.katalon.core.keyword.builtin.VerifyMatchKeyword.verifyMatch(VerifyMatchKeyword.groovy:60)
	at com.kms.katalon.core.keyword.builtin.VerifyMatchKeyword.execute(VerifyMatchKeyword.groovy:45)
	at com.kms.katalon.core.keyword.internal.KeywordExecutor.executeKeywordForPlatform(KeywordExecutor.groovy:74)
	at com.kms.katalon.core.keyword.BuiltinKeywords.verifyMatch(BuiltinKeywords.groovy:60)
	at java.base/jdk.internal.reflect.NativeMethodAccessorImpl.invoke0(Native Method)
	at java.base/jdk.internal.reflect.NativeMethodAccessorImpl.invoke(NativeMethodAccessorImpl.java:77)
	at java.base/jdk.internal.reflect.DelegatingMethodAccessorImpl.invoke(DelegatingMethodAccessorImpl.java:43)
	at com.artlens.utils.AdminUtils.verifyPageAccessLoggedOut(AdminUtils.groovy:112)
	at page_accessible_logged_out.run(page_accessible_logged_out:24)
	at com.kms.katalon.core.main.ScriptEngine.run(ScriptEngine.java:194)
	at com.kms.katalon.core.main.ScriptEngine.runScriptAsRawText(ScriptEngine.java:119)
	at com.kms.katalon.core.main.TestCaseExecutor.runScript(TestCaseExecutor.java:448)
	at com.kms.katalon.core.main.TestCaseExecutor.doExecute(TestCaseExecutor.java:439)
	at com.kms.katalon.core.main.TestCaseExecutor.processExecutionPhase(TestCaseExecutor.java:418)
	at com.kms.katalon.core.main.TestCaseExecutor.accessMainPhase(TestCaseExecutor.java:410)
	at com.kms.katalon.core.main.TestCaseExecutor.execute(TestCaseExecutor.java:285)
	at com.kms.katalon.core.common.CommonExecutor.accessTestCaseMainPhase(CommonExecutor.java:65)
	at com.kms.katalon.core.main.TestSuiteExecutor.accessTestSuiteMainPhase(TestSuiteExecutor.java:150)
	at com.kms.katalon.core.main.TestSuiteExecutor.execute(TestSuiteExecutor.java:106)
	at com.kms.katalon.core.main.TestCaseMain.startTestSuite(TestCaseMain.java:180)
	at TempTestSuite1719146657080.run(TempTestSuite1719146657080.groovy:35)
	at java.base/jdk.internal.reflect.NativeMethodAccessorImpl.invoke0(Native Method)
	at java.base/jdk.internal.reflect.NativeMethodAccessorImpl.invoke(NativeMethodAccessorImpl.java:77)
	at java.base/jdk.internal.reflect.DelegatingMethodAccessorImpl.invoke(DelegatingMethodAccessorImpl.java:43)
)
	at com.kms.katalon.core.keyword.internal.KeywordMain.stepFailed(KeywordMain.groovy:39)
	at com.kms.katalon.core.keyword.internal.KeywordMain.stepFailed(KeywordMain.groovy)
	at com.kms.katalon.core.keyword.internal.KeywordMain.runKeyword(KeywordMain.groovy:77)
	at com.kms.katalon.core.keyword.builtin.VerifyMatchKeyword.verifyMatch(VerifyMatchKeyword.groovy:60)
	at com.kms.katalon.core.keyword.builtin.VerifyMatchKeyword.execute(VerifyMatchKeyword.groovy:45)
	at com.kms.katalon.core.keyword.internal.KeywordExecutor.executeKeywordForPlatform(KeywordExecutor.groovy:74)
	at com.kms.katalon.core.keyword.BuiltinKeywords.verifyMatch(BuiltinKeywords.groovy:60)
	at java.base/jdk.internal.reflect.NativeMethodAccessorImpl.invoke0(Native Method)
	at java.base/jdk.internal.reflect.NativeMethodAccessorImpl.invoke(NativeMethodAccessorImpl.java:77)
	at java.base/jdk.internal.reflect.DelegatingMethodAccessorImpl.invoke(DelegatingMethodAccessorImpl.java:43)
	at com.artlens.utils.AdminUtils.verifyPageAccessLoggedOut(AdminUtils.groovy:112)
	at page_accessible_logged_out.run(page_accessible_logged_out:24)
	at com.kms.katalon.core.main.ScriptEngine.run(ScriptEngine.java:194)
	at com.kms.katalon.core.main.ScriptEngine.runScriptAsRawText(ScriptEngine.java:119)
	at com.kms.katalon.core.main.TestCaseExecutor.runScript(TestCaseExecutor.java:448)
	at com.kms.katalon.core.main.TestCaseExecutor.doExecute(TestCaseExecutor.java:439)
	at com.kms.katalon.core.main.TestCaseExecutor.processExecutionPhase(TestCaseExecutor.java:418)
	at com.kms.katalon.core.main.TestCaseExecutor.accessMainPhase(TestCaseExecutor.java:410)
	at com.kms.katalon.core.main.TestCaseExecutor.execute(TestCaseExecutor.java:285)
	at com.kms.katalon.core.common.CommonExecutor.accessTestCaseMainPhase(CommonExecutor.java:65)
	at com.kms.katalon.core.main.TestSuiteExecutor.accessTestSuiteMainPhase(TestSuiteExecutor.java:150)
	at com.kms.katalon.core.main.TestSuiteExecutor.execute(TestSuiteExecutor.java:106)
	at com.kms.katalon.core.main.TestCaseMain.startTestSuite(TestCaseMain.java:180)
	at TempTestSuite1719146657080.run(TempTestSuite1719146657080.groovy:35)
	at java.base/jdk.internal.reflect.NativeMethodAccessorImpl.invoke0(Native Method)
	at java.base/jdk.internal.reflect.NativeMethodAccessorImpl.invoke(NativeMethodAccessorImpl.java:77)
	at java.base/jdk.internal.reflect.DelegatingMethodAccessorImpl.invoke(DelegatingMethodAccessorImpl.java:43)
Caused by: com.kms.katalon.core.exception.StepFailedException: Actual text 'http://localhost/SAD/ArtLens/index.php' and expected text 'http://localhost/SAD/ArtLens/admin.php' are not matched
	at com.kms.katalon.core.keyword.builtin.VerifyMatchKeyword$_verifyMatch_closure1.doCall(VerifyMatchKeyword.groovy:57)
	at com.kms.katalon.core.keyword.builtin.VerifyMatchKeyword$_verifyMatch_closure1.call(VerifyMatchKeyword.groovy)
	at com.kms.katalon.core.keyword.internal.KeywordMain.runKeyword(KeywordMain.groovy:75)
	... 24 more]]></system-err>
      </testcase>
      <testcase name="Test Cases/admin/announcement_management/page_accessible_logged_out" time="9.932" classname="Test Cases/admin/announcement_management/page_accessible_logged_out" status="FAILED">
         <failure type="FAILED" message="Test Cases/admin/announcement_management/page_accessible_logged_out FAILED.&#xa;Reason:&#xa;com.kms.katalon.core.exception.StepFailedException: Unable to verify match between actual text 'http://localhost/SAD/ArtLens/index.php' and expected text 'http://localhost/SAD/ArtLens/admin.php' (Root cause: com.kms.katalon.core.exception.StepFailedException: Actual text 'http://localhost/SAD/ArtLens/index.php' and expected text 'http://localhost/SAD/ArtLens/admin.php' are not matched&#xa;	at com.kms.katalon.core.keyword.builtin.VerifyMatchKeyword$_verifyMatch_closure1.doCall(VerifyMatchKeyword.groovy:57)&#xa;	at com.kms.katalon.core.keyword.builtin.VerifyMatchKeyword$_verifyMatch_closure1.call(VerifyMatchKeyword.groovy)&#xa;	at com.kms.katalon.core.keyword.internal.KeywordMain.runKeyword(KeywordMain.groovy:75)&#xa;	at com.kms.katalon.core.keyword.builtin.VerifyMatchKeyword.verifyMatch(VerifyMatchKeyword.groovy:60)&#xa;	at com.kms.katalon.core.keyword.builtin.VerifyMatchKeyword.execute(VerifyMatchKeyword.groovy:45)&#xa;	at com.kms.katalon.core.keyword.internal.KeywordExecutor.executeKeywordForPlatform(KeywordExecutor.groovy:74)&#xa;	at com.kms.katalon.core.keyword.BuiltinKeywords.verifyMatch(BuiltinKeywords.groovy:60)&#xa;	at java.base/jdk.internal.reflect.NativeMethodAccessorImpl.invoke0(Native Method)&#xa;	at java.base/jdk.internal.reflect.NativeMethodAccessorImpl.invoke(NativeMethodAccessorImpl.java:77)&#xa;	at java.base/jdk.internal.reflect.DelegatingMethodAccessorImpl.invoke(DelegatingMethodAccessorImpl.java:43)&#xa;	at com.artlens.utils.AdminUtils.verifyPageAccessLoggedOut(AdminUtils.groovy:112)&#xa;	at page_accessible_logged_out.run(page_accessible_logged_out:24)&#xa;	at com.kms.katalon.core.main.ScriptEngine.run(ScriptEngine.java:194)&#xa;	at com.kms.katalon.core.main.ScriptEngine.runScriptAsRawText(ScriptEngine.java:119)&#xa;	at com.kms.katalon.core.main.TestCaseExecutor.runScript(TestCaseExecutor.java:448)&#xa;	at com.kms.katalon.core.main.TestCaseExecutor.doExecute(TestCaseExecutor.java:439)&#xa;	at com.kms.katalon.core.main.TestCaseExecutor.processExecutionPhase(TestCaseExecutor.java:418)&#xa;	at com.kms.katalon.core.main.TestCaseExecutor.accessMainPhase(TestCaseExecutor.java:410)&#xa;	at com.kms.katalon.core.main.TestCaseExecutor.execute(TestCaseExecutor.java:285)&#xa;	at com.kms.katalon.core.common.CommonExecutor.accessTestCaseMainPhase(CommonExecutor.java:65)&#xa;	at com.kms.katalon.core.main.TestSuiteExecutor.accessTestSuiteMainPhase(TestSuiteExecutor.java:150)&#xa;	at com.kms.katalon.core.main.TestSuiteExecutor.execute(TestSuiteExecutor.java:106)&#xa;	at com.kms.katalon.core.main.TestCaseMain.startTestSuite(TestCaseMain.java:180)&#xa;	at TempTestSuite1719146657080.run(TempTestSuite1719146657080.groovy:35)&#xa;	at java.base/jdk.internal.reflect.NativeMethodAccessorImpl.invoke0(Native Method)&#xa;	at java.base/jdk.internal.reflect.NativeMethodAccessorImpl.invoke(NativeMethodAccessorImpl.java:77)&#xa;	at java.base/jdk.internal.reflect.DelegatingMethodAccessorImpl.invoke(DelegatingMethodAccessorImpl.java:43)&#xa;)&#xa;	at com.kms.katalon.core.keyword.internal.KeywordMain.stepFailed(KeywordMain.groovy:39)&#xa;	at com.kms.katalon.core.keyword.internal.KeywordMain.stepFailed(KeywordMain.groovy)&#xa;	at com.kms.katalon.core.keyword.internal.KeywordMain.runKeyword(KeywordMain.groovy:77)&#xa;	at com.kms.katalon.core.keyword.builtin.VerifyMatchKeyword.verifyMatch(VerifyMatchKeyword.groovy:60)&#xa;	at com.kms.katalon.core.keyword.builtin.VerifyMatchKeyword.execute(VerifyMatchKeyword.groovy:45)&#xa;	at com.kms.katalon.core.keyword.internal.KeywordExecutor.executeKeywordForPlatform(KeywordExecutor.groovy:74)&#xa;	at com.kms.katalon.core.keyword.BuiltinKeywords.verifyMatch(BuiltinKeywords.groovy:60)&#xa;	at java.base/jdk.internal.reflect.NativeMethodAccessorImpl.invoke0(Native Method)&#xa;	at java.base/jdk.internal.reflect.NativeMethodAccessorImpl.invoke(NativeMethodAccessorImpl.java:77)&#xa;	at java.base/jdk.internal.reflect.DelegatingMethodAccessorImpl.invoke(DelegatingMethodAccessorImpl.java:43)&#xa;	at com.artlens.utils.AdminUtils.verifyPageAccessLoggedOut(AdminUtils.groovy:112)&#xa;	at page_accessible_logged_out.run(page_accessible_logged_out:24)&#xa;	at com.kms.katalon.core.main.ScriptEngine.run(ScriptEngine.java:194)&#xa;	at com.kms.katalon.core.main.ScriptEngine.runScriptAsRawText(ScriptEngine.java:119)&#xa;	at com.kms.katalon.core.main.TestCaseExecutor.runScript(TestCaseExecutor.java:448)&#xa;	at com.kms.katalon.core.main.TestCaseExecutor.doExecute(TestCaseExecutor.java:439)&#xa;	at com.kms.katalon.core.main.TestCaseExecutor.processExecutionPhase(TestCaseExecutor.java:418)&#xa;	at com.kms.katalon.core.main.TestCaseExecutor.accessMainPhase(TestCaseExecutor.java:410)&#xa;	at com.kms.katalon.core.main.TestCaseExecutor.execute(TestCaseExecutor.java:285)&#xa;	at com.kms.katalon.core.common.CommonExecutor.accessTestCaseMainPhase(CommonExecutor.java:65)&#xa;	at com.kms.katalon.core.main.TestSuiteExecutor.accessTestSuiteMainPhase(TestSuiteExecutor.java:150)&#xa;	at com.kms.katalon.core.main.TestSuiteExecutor.execute(TestSuiteExecutor.java:106)&#xa;	at com.kms.katalon.core.main.TestCaseMain.startTestSuite(TestCaseMain.java:180)&#xa;	at TempTestSuite1719146657080.run(TempTestSuite1719146657080.groovy:35)&#xa;	at java.base/jdk.internal.reflect.NativeMethodAccessorImpl.invoke0(Native Method)&#xa;	at java.base/jdk.internal.reflect.NativeMethodAccessorImpl.invoke(NativeMethodAccessorImpl.java:77)&#xa;	at java.base/jdk.internal.reflect.DelegatingMethodAccessorImpl.invoke(DelegatingMethodAccessorImpl.java:43)&#xa;Caused by: com.kms.katalon.core.exception.StepFailedException: Actual text 'http://localhost/SAD/ArtLens/index.php' and expected text 'http://localhost/SAD/ArtLens/admin.php' are not matched&#xa;	at com.kms.katalon.core.keyword.builtin.VerifyMatchKeyword$_verifyMatch_closure1.doCall(VerifyMatchKeyword.groovy:57)&#xa;	at com.kms.katalon.core.keyword.builtin.VerifyMatchKeyword$_verifyMatch_closure1.call(VerifyMatchKeyword.groovy)&#xa;	at com.kms.katalon.core.keyword.internal.KeywordMain.runKeyword(KeywordMain.groovy:75)&#xa;	... 24 more&#xa;"/>
         <system-out><![CDATA[23-06-2024T20:45:12 - [TEST_CASE][FAILED] - Test Cases/admin/announcement_management/page_accessible_logged_out: Test Cases/admin/announcement_management/page_accessible_logged_out FAILED.
Reason:
com.kms.katalon.core.exception.StepFailedException: Unable to verify match between actual text 'http://localhost/SAD/ArtLens/index.php' and expected text 'http://localhost/SAD/ArtLens/admin.php' (Root cause: com.kms.katalon.core.exception.StepFailedException: Actual text 'http://localhost/SAD/ArtLens/index.php' and expected text 'http://localhost/SAD/ArtLens/admin.php' are not matched
	at com.kms.katalon.core.keyword.builtin.VerifyMatchKeyword$_verifyMatch_closure1.doCall(VerifyMatchKeyword.groovy:57)
	at com.kms.katalon.core.keyword.builtin.VerifyMatchKeyword$_verifyMatch_closure1.call(VerifyMatchKeyword.groovy)
	at com.kms.katalon.core.keyword.internal.KeywordMain.runKeyword(KeywordMain.groovy:75)
	at com.kms.katalon.core.keyword.builtin.VerifyMatchKeyword.verifyMatch(VerifyMatchKeyword.groovy:60)
	at com.kms.katalon.core.keyword.builtin.VerifyMatchKeyword.execute(VerifyMatchKeyword.groovy:45)
	at com.kms.katalon.core.keyword.internal.KeywordExecutor.executeKeywordForPlatform(KeywordExecutor.groovy:74)
	at com.kms.katalon.core.keyword.BuiltinKeywords.verifyMatch(BuiltinKeywords.groovy:60)
	at java.base/jdk.internal.reflect.NativeMethodAccessorImpl.invoke0(Native Method)
	at java.base/jdk.internal.reflect.NativeMethodAccessorImpl.invoke(NativeMethodAccessorImpl.java:77)
	at java.base/jdk.internal.reflect.DelegatingMethodAccessorImpl.invoke(DelegatingMethodAccessorImpl.java:43)
	at com.artlens.utils.AdminUtils.verifyPageAccessLoggedOut(AdminUtils.groovy:112)
	at page_accessible_logged_out.run(page_accessible_logged_out:24)
	at com.kms.katalon.core.main.ScriptEngine.run(ScriptEngine.java:194)
	at com.kms.katalon.core.main.ScriptEngine.runScriptAsRawText(ScriptEngine.java:119)
	at com.kms.katalon.core.main.TestCaseExecutor.runScript(TestCaseExecutor.java:448)
	at com.kms.katalon.core.main.TestCaseExecutor.doExecute(TestCaseExecutor.java:439)
	at com.kms.katalon.core.main.TestCaseExecutor.processExecutionPhase(TestCaseExecutor.java:418)
	at com.kms.katalon.core.main.TestCaseExecutor.accessMainPhase(TestCaseExecutor.java:410)
	at com.kms.katalon.core.main.TestCaseExecutor.execute(TestCaseExecutor.java:285)
	at com.kms.katalon.core.common.CommonExecutor.accessTestCaseMainPhase(CommonExecutor.java:65)
	at com.kms.katalon.core.main.TestSuiteExecutor.accessTestSuiteMainPhase(TestSuiteExecutor.java:150)
	at com.kms.katalon.core.main.TestSuiteExecutor.execute(TestSuiteExecutor.java:106)
	at com.kms.katalon.core.main.TestCaseMain.startTestSuite(TestCaseMain.java:180)
	at TempTestSuite1719146657080.run(TempTestSuite1719146657080.groovy:35)
	at java.base/jdk.internal.reflect.NativeMethodAccessorImpl.invoke0(Native Method)
	at java.base/jdk.internal.reflect.NativeMethodAccessorImpl.invoke(NativeMethodAccessorImpl.java:77)
	at java.base/jdk.internal.reflect.DelegatingMethodAccessorImpl.invoke(DelegatingMethodAccessorImpl.java:43)
)
	at com.kms.katalon.core.keyword.internal.KeywordMain.stepFailed(KeywordMain.groovy:39)
	at com.kms.katalon.core.keyword.internal.KeywordMain.stepFailed(KeywordMain.groovy)
	at com.kms.katalon.core.keyword.internal.KeywordMain.runKeyword(KeywordMain.groovy:77)
	at com.kms.katalon.core.keyword.builtin.VerifyMatchKeyword.verifyMatch(VerifyMatchKeyword.groovy:60)
	at com.kms.katalon.core.keyword.builtin.VerifyMatchKeyword.execute(VerifyMatchKeyword.groovy:45)
	at com.kms.katalon.core.keyword.internal.KeywordExecutor.executeKeywordForPlatform(KeywordExecutor.groovy:74)
	at com.kms.katalon.core.keyword.BuiltinKeywords.verifyMatch(BuiltinKeywords.groovy:60)
	at java.base/jdk.internal.reflect.NativeMethodAccessorImpl.invoke0(Native Method)
	at java.base/jdk.internal.reflect.NativeMethodAccessorImpl.invoke(NativeMethodAccessorImpl.java:77)
	at java.base/jdk.internal.reflect.DelegatingMethodAccessorImpl.invoke(DelegatingMethodAccessorImpl.java:43)
	at com.artlens.utils.AdminUtils.verifyPageAccessLoggedOut(AdminUtils.groovy:112)
	at page_accessible_logged_out.run(page_accessible_logged_out:24)
	at com.kms.katalon.core.main.ScriptEngine.run(ScriptEngine.java:194)
	at com.kms.katalon.core.main.ScriptEngine.runScriptAsRawText(ScriptEngine.java:119)
	at com.kms.katalon.core.main.TestCaseExecutor.runScript(TestCaseExecutor.java:448)
	at com.kms.katalon.core.main.TestCaseExecutor.doExecute(TestCaseExecutor.java:439)
	at com.kms.katalon.core.main.TestCaseExecutor.processExecutionPhase(TestCaseExecutor.java:418)
	at com.kms.katalon.core.main.TestCaseExecutor.accessMainPhase(TestCaseExecutor.java:410)
	at com.kms.katalon.core.main.TestCaseExecutor.execute(TestCaseExecutor.java:285)
	at com.kms.katalon.core.common.CommonExecutor.accessTestCaseMainPhase(CommonExecutor.java:65)
	at com.kms.katalon.core.main.TestSuiteExecutor.accessTestSuiteMainPhase(TestSuiteExecutor.java:150)
	at com.kms.katalon.core.main.TestSuiteExecutor.execute(TestSuiteExecutor.java:106)
	at com.kms.katalon.core.main.TestCaseMain.startTestSuite(TestCaseMain.java:180)
	at TempTestSuite1719146657080.run(TempTestSuite1719146657080.groovy:35)
	at java.base/jdk.internal.reflect.NativeMethodAccessorImpl.invoke0(Native Method)
	at java.base/jdk.internal.reflect.NativeMethodAccessorImpl.invoke(NativeMethodAccessorImpl.java:77)
	at java.base/jdk.internal.reflect.DelegatingMethodAccessorImpl.invoke(DelegatingMethodAccessorImpl.java:43)
Caused by: com.kms.katalon.core.exception.StepFailedException: Actual text 'http://localhost/SAD/ArtLens/index.php' and expected text 'http://localhost/SAD/ArtLens/admin.php' are not matched
	at com.kms.katalon.core.keyword.builtin.VerifyMatchKeyword$_verifyMatch_closure1.doCall(VerifyMatchKeyword.groovy:57)
	at com.kms.katalon.core.keyword.builtin.VerifyMatchKeyword$_verifyMatch_closure1.call(VerifyMatchKeyword.groovy)
	at com.kms.katalon.core.keyword.internal.KeywordMain.runKeyword(KeywordMain.groovy:75)
	... 24 more


23-06-2024T20:45:12 - [TEST_STEP][PASSED] - Start listener action : sampleBeforeTestCase: Browser is opened with url: ''

23-06-2024T20:45:12 - [TEST_STEP][PASSED] - println(testCaseContext.getTestCaseId()): null

23-06-2024T20:45:12 - [TEST_STEP][PASSED] - openBrowser(""): Browser is opened with url: ''

23-06-2024T20:45:12 - [MESSAGE][WARNING] - A browser is already opened. Closing browser and opening a new one

23-06-2024T20:45:15 - [MESSAGE][INFO] - Starting 'Firefox (headless)' driver

23-06-2024T20:45:15 - [MESSAGE][INFO] - Action delay is set to 0 milliseconds

23-06-2024T20:45:21 - [MESSAGE][PASSED] - Browser is opened with url: ''

23-06-2024T20:45:21 - [TEST_STEP][FAILED] - try: Unable to verify match between actual text 'http://localhost/SAD/ArtLens/index.php' and expected text 'http://localhost/SAD/ArtLens/admin.php' (Root cause: com.kms.katalon.core.exception.StepFailedException: Actual text 'http://localhost/SAD/ArtLens/index.php' and expected text 'http://localhost/SAD/ArtLens/admin.php' are not matched
	at com.kms.katalon.core.keyword.builtin.VerifyMatchKeyword$_verifyMatch_closure1.doCall(VerifyMatchKeyword.groovy:57)
	at com.kms.katalon.core.keyword.builtin.VerifyMatchKeyword$_verifyMatch_closure1.call(VerifyMatchKeyword.groovy)
	at com.kms.katalon.core.keyword.internal.KeywordMain.runKeyword(KeywordMain.groovy:75)
	at com.kms.katalon.core.keyword.builtin.VerifyMatchKeyword.verifyMatch(VerifyMatchKeyword.groovy:60)
	at com.kms.katalon.core.keyword.builtin.VerifyMatchKeyword.execute(VerifyMatchKeyword.groovy:45)
	at com.kms.katalon.core.keyword.internal.KeywordExecutor.executeKeywordForPlatform(KeywordExecutor.groovy:74)
	at com.kms.katalon.core.keyword.BuiltinKeywords.verifyMatch(BuiltinKeywords.groovy:60)
	at java.base/jdk.internal.reflect.NativeMethodAccessorImpl.invoke0(Native Method)
	at java.base/jdk.internal.reflect.NativeMethodAccessorImpl.invoke(NativeMethodAccessorImpl.java:77)
	at java.base/jdk.internal.reflect.DelegatingMethodAccessorImpl.invoke(DelegatingMethodAccessorImpl.java:43)
	at com.artlens.utils.AdminUtils.verifyPageAccessLoggedOut(AdminUtils.groovy:112)
	at page_accessible_logged_out.run(page_accessible_logged_out:24)
	at com.kms.katalon.core.main.ScriptEngine.run(ScriptEngine.java:194)
	at com.kms.katalon.core.main.ScriptEngine.runScriptAsRawText(ScriptEngine.java:119)
	at com.kms.katalon.core.main.TestCaseExecutor.runScript(TestCaseExecutor.java:448)
	at com.kms.katalon.core.main.TestCaseExecutor.doExecute(TestCaseExecutor.java:439)
	at com.kms.katalon.core.main.TestCaseExecutor.processExecutionPhase(TestCaseExecutor.java:418)
	at com.kms.katalon.core.main.TestCaseExecutor.accessMainPhase(TestCaseExecutor.java:410)
	at com.kms.katalon.core.main.TestCaseExecutor.execute(TestCaseExecutor.java:285)
	at com.kms.katalon.core.common.CommonExecutor.accessTestCaseMainPhase(CommonExecutor.java:65)
	at com.kms.katalon.core.main.TestSuiteExecutor.accessTestSuiteMainPhase(TestSuiteExecutor.java:150)
	at com.kms.katalon.core.main.TestSuiteExecutor.execute(TestSuiteExecutor.java:106)
	at com.kms.katalon.core.main.TestCaseMain.startTestSuite(TestCaseMain.java:180)
	at TempTestSuite1719146657080.run(TempTestSuite1719146657080.groovy:35)
	at java.base/jdk.internal.reflect.NativeMethodAccessorImpl.invoke0(Native Method)
	at java.base/jdk.internal.reflect.NativeMethodAccessorImpl.invoke(NativeMethodAccessorImpl.java:77)
	at java.base/jdk.internal.reflect.DelegatingMethodAccessorImpl.invoke(DelegatingMethodAccessorImpl.java:43)
)

23-06-2024T20:45:21 - [TEST_STEP][FAILED] - AdminUtils.verifyPageAccessLoggedOut("adminindex.php"): Unable to verify match between actual text 'http://localhost/SAD/ArtLens/index.php' and expected text 'http://localhost/SAD/ArtLens/admin.php' (Root cause: com.kms.katalon.core.exception.StepFailedException: Actual text 'http://localhost/SAD/ArtLens/index.php' and expected text 'http://localhost/SAD/ArtLens/admin.php' are not matched
	at com.kms.katalon.core.keyword.builtin.VerifyMatchKeyword$_verifyMatch_closure1.doCall(VerifyMatchKeyword.groovy:57)
	at com.kms.katalon.core.keyword.builtin.VerifyMatchKeyword$_verifyMatch_closure1.call(VerifyMatchKeyword.groovy)
	at com.kms.katalon.core.keyword.internal.KeywordMain.runKeyword(KeywordMain.groovy:75)
	at com.kms.katalon.core.keyword.builtin.VerifyMatchKeyword.verifyMatch(VerifyMatchKeyword.groovy:60)
	at com.kms.katalon.core.keyword.builtin.VerifyMatchKeyword.execute(VerifyMatchKeyword.groovy:45)
	at com.kms.katalon.core.keyword.internal.KeywordExecutor.executeKeywordForPlatform(KeywordExecutor.groovy:74)
	at com.kms.katalon.core.keyword.BuiltinKeywords.verifyMatch(BuiltinKeywords.groovy:60)
	at java.base/jdk.internal.reflect.NativeMethodAccessorImpl.invoke0(Native Method)
	at java.base/jdk.internal.reflect.NativeMethodAccessorImpl.invoke(NativeMethodAccessorImpl.java:77)
	at java.base/jdk.internal.reflect.DelegatingMethodAccessorImpl.invoke(DelegatingMethodAccessorImpl.java:43)
	at com.artlens.utils.AdminUtils.verifyPageAccessLoggedOut(AdminUtils.groovy:112)
	at page_accessible_logged_out.run(page_accessible_logged_out:24)
	at com.kms.katalon.core.main.ScriptEngine.run(ScriptEngine.java:194)
	at com.kms.katalon.core.main.ScriptEngine.runScriptAsRawText(ScriptEngine.java:119)
	at com.kms.katalon.core.main.TestCaseExecutor.runScript(TestCaseExecutor.java:448)
	at com.kms.katalon.core.main.TestCaseExecutor.doExecute(TestCaseExecutor.java:439)
	at com.kms.katalon.core.main.TestCaseExecutor.processExecutionPhase(TestCaseExecutor.java:418)
	at com.kms.katalon.core.main.TestCaseExecutor.accessMainPhase(TestCaseExecutor.java:410)
	at com.kms.katalon.core.main.TestCaseExecutor.execute(TestCaseExecutor.java:285)
	at com.kms.katalon.core.common.CommonExecutor.accessTestCaseMainPhase(CommonExecutor.java:65)
	at com.kms.katalon.core.main.TestSuiteExecutor.accessTestSuiteMainPhase(TestSuiteExecutor.java:150)
	at com.kms.katalon.core.main.TestSuiteExecutor.execute(TestSuiteExecutor.java:106)
	at com.kms.katalon.core.main.TestCaseMain.startTestSuite(TestCaseMain.java:180)
	at TempTestSuite1719146657080.run(TempTestSuite1719146657080.groovy:35)
	at java.base/jdk.internal.reflect.NativeMethodAccessorImpl.invoke0(Native Method)
	at java.base/jdk.internal.reflect.NativeMethodAccessorImpl.invoke(NativeMethodAccessorImpl.java:77)
	at java.base/jdk.internal.reflect.DelegatingMethodAccessorImpl.invoke(DelegatingMethodAccessorImpl.java:43)
)

23-06-2024T20:45:21 - [MESSAGE][INFO] - HAR: C:\DevPackage\xampp\htdocs\SAD\ArtLens\Reports\20240623_204104\Test_Admin_Pages_Authentication\20240623_204417\requests\main\2.har

23-06-2024T20:45:21 - [MESSAGE][PASSED] - Send request successfully

23-06-2024T20:45:21 - [MESSAGE][PASSED] - All links are accessible

23-06-2024T20:45:22 - [MESSAGE][PASSED] - Navigate to 'http://localhost/SAD/ArtLens/adminindex.php' successfully

23-06-2024T20:45:22 - [MESSAGE][PASSED] - Current window's url is: 'http://localhost/SAD/ArtLens/index.php'

23-06-2024T20:45:22 - [MESSAGE][INFO] - HAR: C:\DevPackage\xampp\htdocs\SAD\ArtLens\Reports\20240623_204104\Test_Admin_Pages_Authentication\20240623_204417\requests\main\3.har

23-06-2024T20:45:22 - [MESSAGE][PASSED] - Send request successfully

23-06-2024T20:45:22 - [MESSAGE][PASSED] - All links are accessible

23-06-2024T20:45:22 - [MESSAGE][PASSED] - Actual text 'http://localhost/SAD/ArtLens/index.php' and expected text 'http://localhost/SAD/ArtLens/adminindex.php' are not matched 

23-06-2024T20:45:22 - [MESSAGE][FAILED] - Unable to verify match between actual text 'http://localhost/SAD/ArtLens/index.php' and expected text 'http://localhost/SAD/ArtLens/admin.php' (Root cause: com.kms.katalon.core.exception.StepFailedException: Actual text 'http://localhost/SAD/ArtLens/index.php' and expected text 'http://localhost/SAD/ArtLens/admin.php' are not matched
	at com.kms.katalon.core.keyword.builtin.VerifyMatchKeyword$_verifyMatch_closure1.doCall(VerifyMatchKeyword.groovy:57)
	at com.kms.katalon.core.keyword.builtin.VerifyMatchKeyword$_verifyMatch_closure1.call(VerifyMatchKeyword.groovy)
	at com.kms.katalon.core.keyword.internal.KeywordMain.runKeyword(KeywordMain.groovy:75)
	at com.kms.katalon.core.keyword.builtin.VerifyMatchKeyword.verifyMatch(VerifyMatchKeyword.groovy:60)
	at com.kms.katalon.core.keyword.builtin.VerifyMatchKeyword.execute(VerifyMatchKeyword.groovy:45)
	at com.kms.katalon.core.keyword.internal.KeywordExecutor.executeKeywordForPlatform(KeywordExecutor.groovy:74)
	at com.kms.katalon.core.keyword.BuiltinKeywords.verifyMatch(BuiltinKeywords.groovy:60)
	at java.base/jdk.internal.reflect.NativeMethodAccessorImpl.invoke0(Native Method)
	at java.base/jdk.internal.reflect.NativeMethodAccessorImpl.invoke(NativeMethodAccessorImpl.java:77)
	at java.base/jdk.internal.reflect.DelegatingMethodAccessorImpl.invoke(DelegatingMethodAccessorImpl.java:43)
	at com.artlens.utils.AdminUtils.verifyPageAccessLoggedOut(AdminUtils.groovy:112)
	at page_accessible_logged_out.run(page_accessible_logged_out:24)
	at com.kms.katalon.core.main.ScriptEngine.run(ScriptEngine.java:194)
	at com.kms.katalon.core.main.ScriptEngine.runScriptAsRawText(ScriptEngine.java:119)
	at com.kms.katalon.core.main.TestCaseExecutor.runScript(TestCaseExecutor.java:448)
	at com.kms.katalon.core.main.TestCaseExecutor.doExecute(TestCaseExecutor.java:439)
	at com.kms.katalon.core.main.TestCaseExecutor.processExecutionPhase(TestCaseExecutor.java:418)
	at com.kms.katalon.core.main.TestCaseExecutor.accessMainPhase(TestCaseExecutor.java:410)
	at com.kms.katalon.core.main.TestCaseExecutor.execute(TestCaseExecutor.java:285)
	at com.kms.katalon.core.common.CommonExecutor.accessTestCaseMainPhase(CommonExecutor.java:65)
	at com.kms.katalon.core.main.TestSuiteExecutor.accessTestSuiteMainPhase(TestSuiteExecutor.java:150)
	at com.kms.katalon.core.main.TestSuiteExecutor.execute(TestSuiteExecutor.java:106)
	at com.kms.katalon.core.main.TestCaseMain.startTestSuite(TestCaseMain.java:180)
	at TempTestSuite1719146657080.run(TempTestSuite1719146657080.groovy:35)
	at java.base/jdk.internal.reflect.NativeMethodAccessorImpl.invoke0(Native Method)
	at java.base/jdk.internal.reflect.NativeMethodAccessorImpl.invoke(NativeMethodAccessorImpl.java:77)
	at java.base/jdk.internal.reflect.DelegatingMethodAccessorImpl.invoke(DelegatingMethodAccessorImpl.java:43)
)

23-06-2024T20:45:22 - [TEST_STEP][PASSED] - Start listener action : sampleAfterTestCase: null]]></system-out>
         <system-err><![CDATA[23-06-2024T20:45:12 - [TEST_CASE][FAILED] - Test Cases/admin/announcement_management/page_accessible_logged_out: Test Cases/admin/announcement_management/page_accessible_logged_out FAILED.
Reason:
com.kms.katalon.core.exception.StepFailedException: Unable to verify match between actual text 'http://localhost/SAD/ArtLens/index.php' and expected text 'http://localhost/SAD/ArtLens/admin.php' (Root cause: com.kms.katalon.core.exception.StepFailedException: Actual text 'http://localhost/SAD/ArtLens/index.php' and expected text 'http://localhost/SAD/ArtLens/admin.php' are not matched
	at com.kms.katalon.core.keyword.builtin.VerifyMatchKeyword$_verifyMatch_closure1.doCall(VerifyMatchKeyword.groovy:57)
	at com.kms.katalon.core.keyword.builtin.VerifyMatchKeyword$_verifyMatch_closure1.call(VerifyMatchKeyword.groovy)
	at com.kms.katalon.core.keyword.internal.KeywordMain.runKeyword(KeywordMain.groovy:75)
	at com.kms.katalon.core.keyword.builtin.VerifyMatchKeyword.verifyMatch(VerifyMatchKeyword.groovy:60)
	at com.kms.katalon.core.keyword.builtin.VerifyMatchKeyword.execute(VerifyMatchKeyword.groovy:45)
	at com.kms.katalon.core.keyword.internal.KeywordExecutor.executeKeywordForPlatform(KeywordExecutor.groovy:74)
	at com.kms.katalon.core.keyword.BuiltinKeywords.verifyMatch(BuiltinKeywords.groovy:60)
	at java.base/jdk.internal.reflect.NativeMethodAccessorImpl.invoke0(Native Method)
	at java.base/jdk.internal.reflect.NativeMethodAccessorImpl.invoke(NativeMethodAccessorImpl.java:77)
	at java.base/jdk.internal.reflect.DelegatingMethodAccessorImpl.invoke(DelegatingMethodAccessorImpl.java:43)
	at com.artlens.utils.AdminUtils.verifyPageAccessLoggedOut(AdminUtils.groovy:112)
	at page_accessible_logged_out.run(page_accessible_logged_out:24)
	at com.kms.katalon.core.main.ScriptEngine.run(ScriptEngine.java:194)
	at com.kms.katalon.core.main.ScriptEngine.runScriptAsRawText(ScriptEngine.java:119)
	at com.kms.katalon.core.main.TestCaseExecutor.runScript(TestCaseExecutor.java:448)
	at com.kms.katalon.core.main.TestCaseExecutor.doExecute(TestCaseExecutor.java:439)
	at com.kms.katalon.core.main.TestCaseExecutor.processExecutionPhase(TestCaseExecutor.java:418)
	at com.kms.katalon.core.main.TestCaseExecutor.accessMainPhase(TestCaseExecutor.java:410)
	at com.kms.katalon.core.main.TestCaseExecutor.execute(TestCaseExecutor.java:285)
	at com.kms.katalon.core.common.CommonExecutor.accessTestCaseMainPhase(CommonExecutor.java:65)
	at com.kms.katalon.core.main.TestSuiteExecutor.accessTestSuiteMainPhase(TestSuiteExecutor.java:150)
	at com.kms.katalon.core.main.TestSuiteExecutor.execute(TestSuiteExecutor.java:106)
	at com.kms.katalon.core.main.TestCaseMain.startTestSuite(TestCaseMain.java:180)
	at TempTestSuite1719146657080.run(TempTestSuite1719146657080.groovy:35)
	at java.base/jdk.internal.reflect.NativeMethodAccessorImpl.invoke0(Native Method)
	at java.base/jdk.internal.reflect.NativeMethodAccessorImpl.invoke(NativeMethodAccessorImpl.java:77)
	at java.base/jdk.internal.reflect.DelegatingMethodAccessorImpl.invoke(DelegatingMethodAccessorImpl.java:43)
)
	at com.kms.katalon.core.keyword.internal.KeywordMain.stepFailed(KeywordMain.groovy:39)
	at com.kms.katalon.core.keyword.internal.KeywordMain.stepFailed(KeywordMain.groovy)
	at com.kms.katalon.core.keyword.internal.KeywordMain.runKeyword(KeywordMain.groovy:77)
	at com.kms.katalon.core.keyword.builtin.VerifyMatchKeyword.verifyMatch(VerifyMatchKeyword.groovy:60)
	at com.kms.katalon.core.keyword.builtin.VerifyMatchKeyword.execute(VerifyMatchKeyword.groovy:45)
	at com.kms.katalon.core.keyword.internal.KeywordExecutor.executeKeywordForPlatform(KeywordExecutor.groovy:74)
	at com.kms.katalon.core.keyword.BuiltinKeywords.verifyMatch(BuiltinKeywords.groovy:60)
	at java.base/jdk.internal.reflect.NativeMethodAccessorImpl.invoke0(Native Method)
	at java.base/jdk.internal.reflect.NativeMethodAccessorImpl.invoke(NativeMethodAccessorImpl.java:77)
	at java.base/jdk.internal.reflect.DelegatingMethodAccessorImpl.invoke(DelegatingMethodAccessorImpl.java:43)
	at com.artlens.utils.AdminUtils.verifyPageAccessLoggedOut(AdminUtils.groovy:112)
	at page_accessible_logged_out.run(page_accessible_logged_out:24)
	at com.kms.katalon.core.main.ScriptEngine.run(ScriptEngine.java:194)
	at com.kms.katalon.core.main.ScriptEngine.runScriptAsRawText(ScriptEngine.java:119)
	at com.kms.katalon.core.main.TestCaseExecutor.runScript(TestCaseExecutor.java:448)
	at com.kms.katalon.core.main.TestCaseExecutor.doExecute(TestCaseExecutor.java:439)
	at com.kms.katalon.core.main.TestCaseExecutor.processExecutionPhase(TestCaseExecutor.java:418)
	at com.kms.katalon.core.main.TestCaseExecutor.accessMainPhase(TestCaseExecutor.java:410)
	at com.kms.katalon.core.main.TestCaseExecutor.execute(TestCaseExecutor.java:285)
	at com.kms.katalon.core.common.CommonExecutor.accessTestCaseMainPhase(CommonExecutor.java:65)
	at com.kms.katalon.core.main.TestSuiteExecutor.accessTestSuiteMainPhase(TestSuiteExecutor.java:150)
	at com.kms.katalon.core.main.TestSuiteExecutor.execute(TestSuiteExecutor.java:106)
	at com.kms.katalon.core.main.TestCaseMain.startTestSuite(TestCaseMain.java:180)
	at TempTestSuite1719146657080.run(TempTestSuite1719146657080.groovy:35)
	at java.base/jdk.internal.reflect.NativeMethodAccessorImpl.invoke0(Native Method)
	at java.base/jdk.internal.reflect.NativeMethodAccessorImpl.invoke(NativeMethodAccessorImpl.java:77)
	at java.base/jdk.internal.reflect.DelegatingMethodAccessorImpl.invoke(DelegatingMethodAccessorImpl.java:43)
Caused by: com.kms.katalon.core.exception.StepFailedException: Actual text 'http://localhost/SAD/ArtLens/index.php' and expected text 'http://localhost/SAD/ArtLens/admin.php' are not matched
	at com.kms.katalon.core.keyword.builtin.VerifyMatchKeyword$_verifyMatch_closure1.doCall(VerifyMatchKeyword.groovy:57)
	at com.kms.katalon.core.keyword.builtin.VerifyMatchKeyword$_verifyMatch_closure1.call(VerifyMatchKeyword.groovy)
	at com.kms.katalon.core.keyword.internal.KeywordMain.runKeyword(KeywordMain.groovy:75)
	... 24 more]]></system-err>
      </testcase>
      <testcase name="Test Cases/admin/artwork_management/page_accessible_logged_out" time="15.172" classname="Test Cases/admin/artwork_management/page_accessible_logged_out" status="FAILED">
         <failure type="FAILED" message="Test Cases/admin/artwork_management/page_accessible_logged_out FAILED.&#xa;Reason:&#xa;com.kms.katalon.core.exception.StepFailedException: Unable to verify match between actual text 'http://localhost/SAD/ArtLens/index.php' and expected text 'http://localhost/SAD/ArtLens/admin.php' (Root cause: com.kms.katalon.core.exception.StepFailedException: Actual text 'http://localhost/SAD/ArtLens/index.php' and expected text 'http://localhost/SAD/ArtLens/admin.php' are not matched&#xa;	at com.kms.katalon.core.keyword.builtin.VerifyMatchKeyword$_verifyMatch_closure1.doCall(VerifyMatchKeyword.groovy:57)&#xa;	at com.kms.katalon.core.keyword.builtin.VerifyMatchKeyword$_verifyMatch_closure1.call(VerifyMatchKeyword.groovy)&#xa;	at com.kms.katalon.core.keyword.internal.KeywordMain.runKeyword(KeywordMain.groovy:75)&#xa;	at com.kms.katalon.core.keyword.builtin.VerifyMatchKeyword.verifyMatch(VerifyMatchKeyword.groovy:60)&#xa;	at com.kms.katalon.core.keyword.builtin.VerifyMatchKeyword.execute(VerifyMatchKeyword.groovy:45)&#xa;	at com.kms.katalon.core.keyword.internal.KeywordExecutor.executeKeywordForPlatform(KeywordExecutor.groovy:74)&#xa;	at com.kms.katalon.core.keyword.BuiltinKeywords.verifyMatch(BuiltinKeywords.groovy:60)&#xa;	at java.base/jdk.internal.reflect.NativeMethodAccessorImpl.invoke0(Native Method)&#xa;	at java.base/jdk.internal.reflect.NativeMethodAccessorImpl.invoke(NativeMethodAccessorImpl.java:77)&#xa;	at java.base/jdk.internal.reflect.DelegatingMethodAccessorImpl.invoke(DelegatingMethodAccessorImpl.java:43)&#xa;	at com.artlens.utils.AdminUtils.verifyPageAccessLoggedOut(AdminUtils.groovy:112)&#xa;	at page_accessible_logged_out.run(page_accessible_logged_out:24)&#xa;	at com.kms.katalon.core.main.ScriptEngine.run(ScriptEngine.java:194)&#xa;	at com.kms.katalon.core.main.ScriptEngine.runScriptAsRawText(ScriptEngine.java:119)&#xa;	at com.kms.katalon.core.main.TestCaseExecutor.runScript(TestCaseExecutor.java:448)&#xa;	at com.kms.katalon.core.main.TestCaseExecutor.doExecute(TestCaseExecutor.java:439)&#xa;	at com.kms.katalon.core.main.TestCaseExecutor.processExecutionPhase(TestCaseExecutor.java:418)&#xa;	at com.kms.katalon.core.main.TestCaseExecutor.accessMainPhase(TestCaseExecutor.java:410)&#xa;	at com.kms.katalon.core.main.TestCaseExecutor.execute(TestCaseExecutor.java:285)&#xa;	at com.kms.katalon.core.common.CommonExecutor.accessTestCaseMainPhase(CommonExecutor.java:65)&#xa;	at com.kms.katalon.core.main.TestSuiteExecutor.accessTestSuiteMainPhase(TestSuiteExecutor.java:150)&#xa;	at com.kms.katalon.core.main.TestSuiteExecutor.execute(TestSuiteExecutor.java:106)&#xa;	at com.kms.katalon.core.main.TestCaseMain.startTestSuite(TestCaseMain.java:180)&#xa;	at TempTestSuite1719146657080.run(TempTestSuite1719146657080.groovy:35)&#xa;	at java.base/jdk.internal.reflect.NativeMethodAccessorImpl.invoke0(Native Method)&#xa;	at java.base/jdk.internal.reflect.NativeMethodAccessorImpl.invoke(NativeMethodAccessorImpl.java:77)&#xa;	at java.base/jdk.internal.reflect.DelegatingMethodAccessorImpl.invoke(DelegatingMethodAccessorImpl.java:43)&#xa;)&#xa;	at com.kms.katalon.core.keyword.internal.KeywordMain.stepFailed(KeywordMain.groovy:39)&#xa;	at com.kms.katalon.core.keyword.internal.KeywordMain.stepFailed(KeywordMain.groovy)&#xa;	at com.kms.katalon.core.keyword.internal.KeywordMain.runKeyword(KeywordMain.groovy:77)&#xa;	at com.kms.katalon.core.keyword.builtin.VerifyMatchKeyword.verifyMatch(VerifyMatchKeyword.groovy:60)&#xa;	at com.kms.katalon.core.keyword.builtin.VerifyMatchKeyword.execute(VerifyMatchKeyword.groovy:45)&#xa;	at com.kms.katalon.core.keyword.internal.KeywordExecutor.executeKeywordForPlatform(KeywordExecutor.groovy:74)&#xa;	at com.kms.katalon.core.keyword.BuiltinKeywords.verifyMatch(BuiltinKeywords.groovy:60)&#xa;	at java.base/jdk.internal.reflect.NativeMethodAccessorImpl.invoke0(Native Method)&#xa;	at java.base/jdk.internal.reflect.NativeMethodAccessorImpl.invoke(NativeMethodAccessorImpl.java:77)&#xa;	at java.base/jdk.internal.reflect.DelegatingMethodAccessorImpl.invoke(DelegatingMethodAccessorImpl.java:43)&#xa;	at com.artlens.utils.AdminUtils.verifyPageAccessLoggedOut(AdminUtils.groovy:112)&#xa;	at page_accessible_logged_out.run(page_accessible_logged_out:24)&#xa;	at com.kms.katalon.core.main.ScriptEngine.run(ScriptEngine.java:194)&#xa;	at com.kms.katalon.core.main.ScriptEngine.runScriptAsRawText(ScriptEngine.java:119)&#xa;	at com.kms.katalon.core.main.TestCaseExecutor.runScript(TestCaseExecutor.java:448)&#xa;	at com.kms.katalon.core.main.TestCaseExecutor.doExecute(TestCaseExecutor.java:439)&#xa;	at com.kms.katalon.core.main.TestCaseExecutor.processExecutionPhase(TestCaseExecutor.java:418)&#xa;	at com.kms.katalon.core.main.TestCaseExecutor.accessMainPhase(TestCaseExecutor.java:410)&#xa;	at com.kms.katalon.core.main.TestCaseExecutor.execute(TestCaseExecutor.java:285)&#xa;	at com.kms.katalon.core.common.CommonExecutor.accessTestCaseMainPhase(CommonExecutor.java:65)&#xa;	at com.kms.katalon.core.main.TestSuiteExecutor.accessTestSuiteMainPhase(TestSuiteExecutor.java:150)&#xa;	at com.kms.katalon.core.main.TestSuiteExecutor.execute(TestSuiteExecutor.java:106)&#xa;	at com.kms.katalon.core.main.TestCaseMain.startTestSuite(TestCaseMain.java:180)&#xa;	at TempTestSuite1719146657080.run(TempTestSuite1719146657080.groovy:35)&#xa;	at java.base/jdk.internal.reflect.NativeMethodAccessorImpl.invoke0(Native Method)&#xa;	at java.base/jdk.internal.reflect.NativeMethodAccessorImpl.invoke(NativeMethodAccessorImpl.java:77)&#xa;	at java.base/jdk.internal.reflect.DelegatingMethodAccessorImpl.invoke(DelegatingMethodAccessorImpl.java:43)&#xa;Caused by: com.kms.katalon.core.exception.StepFailedException: Actual text 'http://localhost/SAD/ArtLens/index.php' and expected text 'http://localhost/SAD/ArtLens/admin.php' are not matched&#xa;	at com.kms.katalon.core.keyword.builtin.VerifyMatchKeyword$_verifyMatch_closure1.doCall(VerifyMatchKeyword.groovy:57)&#xa;	at com.kms.katalon.core.keyword.builtin.VerifyMatchKeyword$_verifyMatch_closure1.call(VerifyMatchKeyword.groovy)&#xa;	at com.kms.katalon.core.keyword.internal.KeywordMain.runKeyword(KeywordMain.groovy:75)&#xa;	... 24 more&#xa;"/>
         <system-out><![CDATA[23-06-2024T20:45:22 - [TEST_CASE][FAILED] - Test Cases/admin/artwork_management/page_accessible_logged_out: Test Cases/admin/artwork_management/page_accessible_logged_out FAILED.
Reason:
com.kms.katalon.core.exception.StepFailedException: Unable to verify match between actual text 'http://localhost/SAD/ArtLens/index.php' and expected text 'http://localhost/SAD/ArtLens/admin.php' (Root cause: com.kms.katalon.core.exception.StepFailedException: Actual text 'http://localhost/SAD/ArtLens/index.php' and expected text 'http://localhost/SAD/ArtLens/admin.php' are not matched
	at com.kms.katalon.core.keyword.builtin.VerifyMatchKeyword$_verifyMatch_closure1.doCall(VerifyMatchKeyword.groovy:57)
	at com.kms.katalon.core.keyword.builtin.VerifyMatchKeyword$_verifyMatch_closure1.call(VerifyMatchKeyword.groovy)
	at com.kms.katalon.core.keyword.internal.KeywordMain.runKeyword(KeywordMain.groovy:75)
	at com.kms.katalon.core.keyword.builtin.VerifyMatchKeyword.verifyMatch(VerifyMatchKeyword.groovy:60)
	at com.kms.katalon.core.keyword.builtin.VerifyMatchKeyword.execute(VerifyMatchKeyword.groovy:45)
	at com.kms.katalon.core.keyword.internal.KeywordExecutor.executeKeywordForPlatform(KeywordExecutor.groovy:74)
	at com.kms.katalon.core.keyword.BuiltinKeywords.verifyMatch(BuiltinKeywords.groovy:60)
	at java.base/jdk.internal.reflect.NativeMethodAccessorImpl.invoke0(Native Method)
	at java.base/jdk.internal.reflect.NativeMethodAccessorImpl.invoke(NativeMethodAccessorImpl.java:77)
	at java.base/jdk.internal.reflect.DelegatingMethodAccessorImpl.invoke(DelegatingMethodAccessorImpl.java:43)
	at com.artlens.utils.AdminUtils.verifyPageAccessLoggedOut(AdminUtils.groovy:112)
	at page_accessible_logged_out.run(page_accessible_logged_out:24)
	at com.kms.katalon.core.main.ScriptEngine.run(ScriptEngine.java:194)
	at com.kms.katalon.core.main.ScriptEngine.runScriptAsRawText(ScriptEngine.java:119)
	at com.kms.katalon.core.main.TestCaseExecutor.runScript(TestCaseExecutor.java:448)
	at com.kms.katalon.core.main.TestCaseExecutor.doExecute(TestCaseExecutor.java:439)
	at com.kms.katalon.core.main.TestCaseExecutor.processExecutionPhase(TestCaseExecutor.java:418)
	at com.kms.katalon.core.main.TestCaseExecutor.accessMainPhase(TestCaseExecutor.java:410)
	at com.kms.katalon.core.main.TestCaseExecutor.execute(TestCaseExecutor.java:285)
	at com.kms.katalon.core.common.CommonExecutor.accessTestCaseMainPhase(CommonExecutor.java:65)
	at com.kms.katalon.core.main.TestSuiteExecutor.accessTestSuiteMainPhase(TestSuiteExecutor.java:150)
	at com.kms.katalon.core.main.TestSuiteExecutor.execute(TestSuiteExecutor.java:106)
	at com.kms.katalon.core.main.TestCaseMain.startTestSuite(TestCaseMain.java:180)
	at TempTestSuite1719146657080.run(TempTestSuite1719146657080.groovy:35)
	at java.base/jdk.internal.reflect.NativeMethodAccessorImpl.invoke0(Native Method)
	at java.base/jdk.internal.reflect.NativeMethodAccessorImpl.invoke(NativeMethodAccessorImpl.java:77)
	at java.base/jdk.internal.reflect.DelegatingMethodAccessorImpl.invoke(DelegatingMethodAccessorImpl.java:43)
)
	at com.kms.katalon.core.keyword.internal.KeywordMain.stepFailed(KeywordMain.groovy:39)
	at com.kms.katalon.core.keyword.internal.KeywordMain.stepFailed(KeywordMain.groovy)
	at com.kms.katalon.core.keyword.internal.KeywordMain.runKeyword(KeywordMain.groovy:77)
	at com.kms.katalon.core.keyword.builtin.VerifyMatchKeyword.verifyMatch(VerifyMatchKeyword.groovy:60)
	at com.kms.katalon.core.keyword.builtin.VerifyMatchKeyword.execute(VerifyMatchKeyword.groovy:45)
	at com.kms.katalon.core.keyword.internal.KeywordExecutor.executeKeywordForPlatform(KeywordExecutor.groovy:74)
	at com.kms.katalon.core.keyword.BuiltinKeywords.verifyMatch(BuiltinKeywords.groovy:60)
	at java.base/jdk.internal.reflect.NativeMethodAccessorImpl.invoke0(Native Method)
	at java.base/jdk.internal.reflect.NativeMethodAccessorImpl.invoke(NativeMethodAccessorImpl.java:77)
	at java.base/jdk.internal.reflect.DelegatingMethodAccessorImpl.invoke(DelegatingMethodAccessorImpl.java:43)
	at com.artlens.utils.AdminUtils.verifyPageAccessLoggedOut(AdminUtils.groovy:112)
	at page_accessible_logged_out.run(page_accessible_logged_out:24)
	at com.kms.katalon.core.main.ScriptEngine.run(ScriptEngine.java:194)
	at com.kms.katalon.core.main.ScriptEngine.runScriptAsRawText(ScriptEngine.java:119)
	at com.kms.katalon.core.main.TestCaseExecutor.runScript(TestCaseExecutor.java:448)
	at com.kms.katalon.core.main.TestCaseExecutor.doExecute(TestCaseExecutor.java:439)
	at com.kms.katalon.core.main.TestCaseExecutor.processExecutionPhase(TestCaseExecutor.java:418)
	at com.kms.katalon.core.main.TestCaseExecutor.accessMainPhase(TestCaseExecutor.java:410)
	at com.kms.katalon.core.main.TestCaseExecutor.execute(TestCaseExecutor.java:285)
	at com.kms.katalon.core.common.CommonExecutor.accessTestCaseMainPhase(CommonExecutor.java:65)
	at com.kms.katalon.core.main.TestSuiteExecutor.accessTestSuiteMainPhase(TestSuiteExecutor.java:150)
	at com.kms.katalon.core.main.TestSuiteExecutor.execute(TestSuiteExecutor.java:106)
	at com.kms.katalon.core.main.TestCaseMain.startTestSuite(TestCaseMain.java:180)
	at TempTestSuite1719146657080.run(TempTestSuite1719146657080.groovy:35)
	at java.base/jdk.internal.reflect.NativeMethodAccessorImpl.invoke0(Native Method)
	at java.base/jdk.internal.reflect.NativeMethodAccessorImpl.invoke(NativeMethodAccessorImpl.java:77)
	at java.base/jdk.internal.reflect.DelegatingMethodAccessorImpl.invoke(DelegatingMethodAccessorImpl.java:43)
Caused by: com.kms.katalon.core.exception.StepFailedException: Actual text 'http://localhost/SAD/ArtLens/index.php' and expected text 'http://localhost/SAD/ArtLens/admin.php' are not matched
	at com.kms.katalon.core.keyword.builtin.VerifyMatchKeyword$_verifyMatch_closure1.doCall(VerifyMatchKeyword.groovy:57)
	at com.kms.katalon.core.keyword.builtin.VerifyMatchKeyword$_verifyMatch_closure1.call(VerifyMatchKeyword.groovy)
	at com.kms.katalon.core.keyword.internal.KeywordMain.runKeyword(KeywordMain.groovy:75)
	... 24 more


23-06-2024T20:45:22 - [TEST_STEP][PASSED] - Start listener action : sampleBeforeTestCase: Browser is opened with url: ''

23-06-2024T20:45:22 - [TEST_STEP][PASSED] - println(testCaseContext.getTestCaseId()): null

23-06-2024T20:45:22 - [TEST_STEP][PASSED] - openBrowser(""): Browser is opened with url: ''

23-06-2024T20:45:22 - [MESSAGE][WARNING] - A browser is already opened. Closing browser and opening a new one

23-06-2024T20:45:26 - [MESSAGE][INFO] - Starting 'Firefox (headless)' driver

23-06-2024T20:45:26 - [MESSAGE][INFO] - Action delay is set to 0 milliseconds

23-06-2024T20:45:33 - [MESSAGE][PASSED] - Browser is opened with url: ''

23-06-2024T20:45:34 - [TEST_STEP][FAILED] - try: Unable to verify match between actual text 'http://localhost/SAD/ArtLens/index.php' and expected text 'http://localhost/SAD/ArtLens/admin.php' (Root cause: com.kms.katalon.core.exception.StepFailedException: Actual text 'http://localhost/SAD/ArtLens/index.php' and expected text 'http://localhost/SAD/ArtLens/admin.php' are not matched
	at com.kms.katalon.core.keyword.builtin.VerifyMatchKeyword$_verifyMatch_closure1.doCall(VerifyMatchKeyword.groovy:57)
	at com.kms.katalon.core.keyword.builtin.VerifyMatchKeyword$_verifyMatch_closure1.call(VerifyMatchKeyword.groovy)
	at com.kms.katalon.core.keyword.internal.KeywordMain.runKeyword(KeywordMain.groovy:75)
	at com.kms.katalon.core.keyword.builtin.VerifyMatchKeyword.verifyMatch(VerifyMatchKeyword.groovy:60)
	at com.kms.katalon.core.keyword.builtin.VerifyMatchKeyword.execute(VerifyMatchKeyword.groovy:45)
	at com.kms.katalon.core.keyword.internal.KeywordExecutor.executeKeywordForPlatform(KeywordExecutor.groovy:74)
	at com.kms.katalon.core.keyword.BuiltinKeywords.verifyMatch(BuiltinKeywords.groovy:60)
	at java.base/jdk.internal.reflect.NativeMethodAccessorImpl.invoke0(Native Method)
	at java.base/jdk.internal.reflect.NativeMethodAccessorImpl.invoke(NativeMethodAccessorImpl.java:77)
	at java.base/jdk.internal.reflect.DelegatingMethodAccessorImpl.invoke(DelegatingMethodAccessorImpl.java:43)
	at com.artlens.utils.AdminUtils.verifyPageAccessLoggedOut(AdminUtils.groovy:112)
	at page_accessible_logged_out.run(page_accessible_logged_out:24)
	at com.kms.katalon.core.main.ScriptEngine.run(ScriptEngine.java:194)
	at com.kms.katalon.core.main.ScriptEngine.runScriptAsRawText(ScriptEngine.java:119)
	at com.kms.katalon.core.main.TestCaseExecutor.runScript(TestCaseExecutor.java:448)
	at com.kms.katalon.core.main.TestCaseExecutor.doExecute(TestCaseExecutor.java:439)
	at com.kms.katalon.core.main.TestCaseExecutor.processExecutionPhase(TestCaseExecutor.java:418)
	at com.kms.katalon.core.main.TestCaseExecutor.accessMainPhase(TestCaseExecutor.java:410)
	at com.kms.katalon.core.main.TestCaseExecutor.execute(TestCaseExecutor.java:285)
	at com.kms.katalon.core.common.CommonExecutor.accessTestCaseMainPhase(CommonExecutor.java:65)
	at com.kms.katalon.core.main.TestSuiteExecutor.accessTestSuiteMainPhase(TestSuiteExecutor.java:150)
	at com.kms.katalon.core.main.TestSuiteExecutor.execute(TestSuiteExecutor.java:106)
	at com.kms.katalon.core.main.TestCaseMain.startTestSuite(TestCaseMain.java:180)
	at TempTestSuite1719146657080.run(TempTestSuite1719146657080.groovy:35)
	at java.base/jdk.internal.reflect.NativeMethodAccessorImpl.invoke0(Native Method)
	at java.base/jdk.internal.reflect.NativeMethodAccessorImpl.invoke(NativeMethodAccessorImpl.java:77)
	at java.base/jdk.internal.reflect.DelegatingMethodAccessorImpl.invoke(DelegatingMethodAccessorImpl.java:43)
)

23-06-2024T20:45:34 - [TEST_STEP][FAILED] - AdminUtils.verifyPageAccessLoggedOut("adminartwork.php"): Unable to verify match between actual text 'http://localhost/SAD/ArtLens/index.php' and expected text 'http://localhost/SAD/ArtLens/admin.php' (Root cause: com.kms.katalon.core.exception.StepFailedException: Actual text 'http://localhost/SAD/ArtLens/index.php' and expected text 'http://localhost/SAD/ArtLens/admin.php' are not matched
	at com.kms.katalon.core.keyword.builtin.VerifyMatchKeyword$_verifyMatch_closure1.doCall(VerifyMatchKeyword.groovy:57)
	at com.kms.katalon.core.keyword.builtin.VerifyMatchKeyword$_verifyMatch_closure1.call(VerifyMatchKeyword.groovy)
	at com.kms.katalon.core.keyword.internal.KeywordMain.runKeyword(KeywordMain.groovy:75)
	at com.kms.katalon.core.keyword.builtin.VerifyMatchKeyword.verifyMatch(VerifyMatchKeyword.groovy:60)
	at com.kms.katalon.core.keyword.builtin.VerifyMatchKeyword.execute(VerifyMatchKeyword.groovy:45)
	at com.kms.katalon.core.keyword.internal.KeywordExecutor.executeKeywordForPlatform(KeywordExecutor.groovy:74)
	at com.kms.katalon.core.keyword.BuiltinKeywords.verifyMatch(BuiltinKeywords.groovy:60)
	at java.base/jdk.internal.reflect.NativeMethodAccessorImpl.invoke0(Native Method)
	at java.base/jdk.internal.reflect.NativeMethodAccessorImpl.invoke(NativeMethodAccessorImpl.java:77)
	at java.base/jdk.internal.reflect.DelegatingMethodAccessorImpl.invoke(DelegatingMethodAccessorImpl.java:43)
	at com.artlens.utils.AdminUtils.verifyPageAccessLoggedOut(AdminUtils.groovy:112)
	at page_accessible_logged_out.run(page_accessible_logged_out:24)
	at com.kms.katalon.core.main.ScriptEngine.run(ScriptEngine.java:194)
	at com.kms.katalon.core.main.ScriptEngine.runScriptAsRawText(ScriptEngine.java:119)
	at com.kms.katalon.core.main.TestCaseExecutor.runScript(TestCaseExecutor.java:448)
	at com.kms.katalon.core.main.TestCaseExecutor.doExecute(TestCaseExecutor.java:439)
	at com.kms.katalon.core.main.TestCaseExecutor.processExecutionPhase(TestCaseExecutor.java:418)
	at com.kms.katalon.core.main.TestCaseExecutor.accessMainPhase(TestCaseExecutor.java:410)
	at com.kms.katalon.core.main.TestCaseExecutor.execute(TestCaseExecutor.java:285)
	at com.kms.katalon.core.common.CommonExecutor.accessTestCaseMainPhase(CommonExecutor.java:65)
	at com.kms.katalon.core.main.TestSuiteExecutor.accessTestSuiteMainPhase(TestSuiteExecutor.java:150)
	at com.kms.katalon.core.main.TestSuiteExecutor.execute(TestSuiteExecutor.java:106)
	at com.kms.katalon.core.main.TestCaseMain.startTestSuite(TestCaseMain.java:180)
	at TempTestSuite1719146657080.run(TempTestSuite1719146657080.groovy:35)
	at java.base/jdk.internal.reflect.NativeMethodAccessorImpl.invoke0(Native Method)
	at java.base/jdk.internal.reflect.NativeMethodAccessorImpl.invoke(NativeMethodAccessorImpl.java:77)
	at java.base/jdk.internal.reflect.DelegatingMethodAccessorImpl.invoke(DelegatingMethodAccessorImpl.java:43)
)

23-06-2024T20:45:35 - [MESSAGE][INFO] - HAR: C:\DevPackage\xampp\htdocs\SAD\ArtLens\Reports\20240623_204104\Test_Admin_Pages_Authentication\20240623_204417\requests\main\4.har

23-06-2024T20:45:35 - [MESSAGE][PASSED] - Send request successfully

23-06-2024T20:45:35 - [MESSAGE][PASSED] - All links are accessible

23-06-2024T20:45:37 - [MESSAGE][PASSED] - Navigate to 'http://localhost/SAD/ArtLens/adminartwork.php' successfully

23-06-2024T20:45:37 - [MESSAGE][PASSED] - Current window's url is: 'http://localhost/SAD/ArtLens/index.php'

23-06-2024T20:45:37 - [MESSAGE][INFO] - HAR: C:\DevPackage\xampp\htdocs\SAD\ArtLens\Reports\20240623_204104\Test_Admin_Pages_Authentication\20240623_204417\requests\main\5.har

23-06-2024T20:45:37 - [MESSAGE][PASSED] - Send request successfully

23-06-2024T20:45:37 - [MESSAGE][PASSED] - All links are accessible

23-06-2024T20:45:37 - [MESSAGE][PASSED] - Actual text 'http://localhost/SAD/ArtLens/index.php' and expected text 'http://localhost/SAD/ArtLens/adminartwork.php' are not matched 

23-06-2024T20:45:37 - [MESSAGE][FAILED] - Unable to verify match between actual text 'http://localhost/SAD/ArtLens/index.php' and expected text 'http://localhost/SAD/ArtLens/admin.php' (Root cause: com.kms.katalon.core.exception.StepFailedException: Actual text 'http://localhost/SAD/ArtLens/index.php' and expected text 'http://localhost/SAD/ArtLens/admin.php' are not matched
	at com.kms.katalon.core.keyword.builtin.VerifyMatchKeyword$_verifyMatch_closure1.doCall(VerifyMatchKeyword.groovy:57)
	at com.kms.katalon.core.keyword.builtin.VerifyMatchKeyword$_verifyMatch_closure1.call(VerifyMatchKeyword.groovy)
	at com.kms.katalon.core.keyword.internal.KeywordMain.runKeyword(KeywordMain.groovy:75)
	at com.kms.katalon.core.keyword.builtin.VerifyMatchKeyword.verifyMatch(VerifyMatchKeyword.groovy:60)
	at com.kms.katalon.core.keyword.builtin.VerifyMatchKeyword.execute(VerifyMatchKeyword.groovy:45)
	at com.kms.katalon.core.keyword.internal.KeywordExecutor.executeKeywordForPlatform(KeywordExecutor.groovy:74)
	at com.kms.katalon.core.keyword.BuiltinKeywords.verifyMatch(BuiltinKeywords.groovy:60)
	at java.base/jdk.internal.reflect.NativeMethodAccessorImpl.invoke0(Native Method)
	at java.base/jdk.internal.reflect.NativeMethodAccessorImpl.invoke(NativeMethodAccessorImpl.java:77)
	at java.base/jdk.internal.reflect.DelegatingMethodAccessorImpl.invoke(DelegatingMethodAccessorImpl.java:43)
	at com.artlens.utils.AdminUtils.verifyPageAccessLoggedOut(AdminUtils.groovy:112)
	at page_accessible_logged_out.run(page_accessible_logged_out:24)
	at com.kms.katalon.core.main.ScriptEngine.run(ScriptEngine.java:194)
	at com.kms.katalon.core.main.ScriptEngine.runScriptAsRawText(ScriptEngine.java:119)
	at com.kms.katalon.core.main.TestCaseExecutor.runScript(TestCaseExecutor.java:448)
	at com.kms.katalon.core.main.TestCaseExecutor.doExecute(TestCaseExecutor.java:439)
	at com.kms.katalon.core.main.TestCaseExecutor.processExecutionPhase(TestCaseExecutor.java:418)
	at com.kms.katalon.core.main.TestCaseExecutor.accessMainPhase(TestCaseExecutor.java:410)
	at com.kms.katalon.core.main.TestCaseExecutor.execute(TestCaseExecutor.java:285)
	at com.kms.katalon.core.common.CommonExecutor.accessTestCaseMainPhase(CommonExecutor.java:65)
	at com.kms.katalon.core.main.TestSuiteExecutor.accessTestSuiteMainPhase(TestSuiteExecutor.java:150)
	at com.kms.katalon.core.main.TestSuiteExecutor.execute(TestSuiteExecutor.java:106)
	at com.kms.katalon.core.main.TestCaseMain.startTestSuite(TestCaseMain.java:180)
	at TempTestSuite1719146657080.run(TempTestSuite1719146657080.groovy:35)
	at java.base/jdk.internal.reflect.NativeMethodAccessorImpl.invoke0(Native Method)
	at java.base/jdk.internal.reflect.NativeMethodAccessorImpl.invoke(NativeMethodAccessorImpl.java:77)
	at java.base/jdk.internal.reflect.DelegatingMethodAccessorImpl.invoke(DelegatingMethodAccessorImpl.java:43)
)

23-06-2024T20:45:37 - [TEST_STEP][PASSED] - Start listener action : sampleAfterTestCase: null]]></system-out>
         <system-err><![CDATA[23-06-2024T20:45:22 - [TEST_CASE][FAILED] - Test Cases/admin/artwork_management/page_accessible_logged_out: Test Cases/admin/artwork_management/page_accessible_logged_out FAILED.
Reason:
com.kms.katalon.core.exception.StepFailedException: Unable to verify match between actual text 'http://localhost/SAD/ArtLens/index.php' and expected text 'http://localhost/SAD/ArtLens/admin.php' (Root cause: com.kms.katalon.core.exception.StepFailedException: Actual text 'http://localhost/SAD/ArtLens/index.php' and expected text 'http://localhost/SAD/ArtLens/admin.php' are not matched
	at com.kms.katalon.core.keyword.builtin.VerifyMatchKeyword$_verifyMatch_closure1.doCall(VerifyMatchKeyword.groovy:57)
	at com.kms.katalon.core.keyword.builtin.VerifyMatchKeyword$_verifyMatch_closure1.call(VerifyMatchKeyword.groovy)
	at com.kms.katalon.core.keyword.internal.KeywordMain.runKeyword(KeywordMain.groovy:75)
	at com.kms.katalon.core.keyword.builtin.VerifyMatchKeyword.verifyMatch(VerifyMatchKeyword.groovy:60)
	at com.kms.katalon.core.keyword.builtin.VerifyMatchKeyword.execute(VerifyMatchKeyword.groovy:45)
	at com.kms.katalon.core.keyword.internal.KeywordExecutor.executeKeywordForPlatform(KeywordExecutor.groovy:74)
	at com.kms.katalon.core.keyword.BuiltinKeywords.verifyMatch(BuiltinKeywords.groovy:60)
	at java.base/jdk.internal.reflect.NativeMethodAccessorImpl.invoke0(Native Method)
	at java.base/jdk.internal.reflect.NativeMethodAccessorImpl.invoke(NativeMethodAccessorImpl.java:77)
	at java.base/jdk.internal.reflect.DelegatingMethodAccessorImpl.invoke(DelegatingMethodAccessorImpl.java:43)
	at com.artlens.utils.AdminUtils.verifyPageAccessLoggedOut(AdminUtils.groovy:112)
	at page_accessible_logged_out.run(page_accessible_logged_out:24)
	at com.kms.katalon.core.main.ScriptEngine.run(ScriptEngine.java:194)
	at com.kms.katalon.core.main.ScriptEngine.runScriptAsRawText(ScriptEngine.java:119)
	at com.kms.katalon.core.main.TestCaseExecutor.runScript(TestCaseExecutor.java:448)
	at com.kms.katalon.core.main.TestCaseExecutor.doExecute(TestCaseExecutor.java:439)
	at com.kms.katalon.core.main.TestCaseExecutor.processExecutionPhase(TestCaseExecutor.java:418)
	at com.kms.katalon.core.main.TestCaseExecutor.accessMainPhase(TestCaseExecutor.java:410)
	at com.kms.katalon.core.main.TestCaseExecutor.execute(TestCaseExecutor.java:285)
	at com.kms.katalon.core.common.CommonExecutor.accessTestCaseMainPhase(CommonExecutor.java:65)
	at com.kms.katalon.core.main.TestSuiteExecutor.accessTestSuiteMainPhase(TestSuiteExecutor.java:150)
	at com.kms.katalon.core.main.TestSuiteExecutor.execute(TestSuiteExecutor.java:106)
	at com.kms.katalon.core.main.TestCaseMain.startTestSuite(TestCaseMain.java:180)
	at TempTestSuite1719146657080.run(TempTestSuite1719146657080.groovy:35)
	at java.base/jdk.internal.reflect.NativeMethodAccessorImpl.invoke0(Native Method)
	at java.base/jdk.internal.reflect.NativeMethodAccessorImpl.invoke(NativeMethodAccessorImpl.java:77)
	at java.base/jdk.internal.reflect.DelegatingMethodAccessorImpl.invoke(DelegatingMethodAccessorImpl.java:43)
)
	at com.kms.katalon.core.keyword.internal.KeywordMain.stepFailed(KeywordMain.groovy:39)
	at com.kms.katalon.core.keyword.internal.KeywordMain.stepFailed(KeywordMain.groovy)
	at com.kms.katalon.core.keyword.internal.KeywordMain.runKeyword(KeywordMain.groovy:77)
	at com.kms.katalon.core.keyword.builtin.VerifyMatchKeyword.verifyMatch(VerifyMatchKeyword.groovy:60)
	at com.kms.katalon.core.keyword.builtin.VerifyMatchKeyword.execute(VerifyMatchKeyword.groovy:45)
	at com.kms.katalon.core.keyword.internal.KeywordExecutor.executeKeywordForPlatform(KeywordExecutor.groovy:74)
	at com.kms.katalon.core.keyword.BuiltinKeywords.verifyMatch(BuiltinKeywords.groovy:60)
	at java.base/jdk.internal.reflect.NativeMethodAccessorImpl.invoke0(Native Method)
	at java.base/jdk.internal.reflect.NativeMethodAccessorImpl.invoke(NativeMethodAccessorImpl.java:77)
	at java.base/jdk.internal.reflect.DelegatingMethodAccessorImpl.invoke(DelegatingMethodAccessorImpl.java:43)
	at com.artlens.utils.AdminUtils.verifyPageAccessLoggedOut(AdminUtils.groovy:112)
	at page_accessible_logged_out.run(page_accessible_logged_out:24)
	at com.kms.katalon.core.main.ScriptEngine.run(ScriptEngine.java:194)
	at com.kms.katalon.core.main.ScriptEngine.runScriptAsRawText(ScriptEngine.java:119)
	at com.kms.katalon.core.main.TestCaseExecutor.runScript(TestCaseExecutor.java:448)
	at com.kms.katalon.core.main.TestCaseExecutor.doExecute(TestCaseExecutor.java:439)
	at com.kms.katalon.core.main.TestCaseExecutor.processExecutionPhase(TestCaseExecutor.java:418)
	at com.kms.katalon.core.main.TestCaseExecutor.accessMainPhase(TestCaseExecutor.java:410)
	at com.kms.katalon.core.main.TestCaseExecutor.execute(TestCaseExecutor.java:285)
	at com.kms.katalon.core.common.CommonExecutor.accessTestCaseMainPhase(CommonExecutor.java:65)
	at com.kms.katalon.core.main.TestSuiteExecutor.accessTestSuiteMainPhase(TestSuiteExecutor.java:150)
	at com.kms.katalon.core.main.TestSuiteExecutor.execute(TestSuiteExecutor.java:106)
	at com.kms.katalon.core.main.TestCaseMain.startTestSuite(TestCaseMain.java:180)
	at TempTestSuite1719146657080.run(TempTestSuite1719146657080.groovy:35)
	at java.base/jdk.internal.reflect.NativeMethodAccessorImpl.invoke0(Native Method)
	at java.base/jdk.internal.reflect.NativeMethodAccessorImpl.invoke(NativeMethodAccessorImpl.java:77)
	at java.base/jdk.internal.reflect.DelegatingMethodAccessorImpl.invoke(DelegatingMethodAccessorImpl.java:43)
Caused by: com.kms.katalon.core.exception.StepFailedException: Actual text 'http://localhost/SAD/ArtLens/index.php' and expected text 'http://localhost/SAD/ArtLens/admin.php' are not matched
	at com.kms.katalon.core.keyword.builtin.VerifyMatchKeyword$_verifyMatch_closure1.doCall(VerifyMatchKeyword.groovy:57)
	at com.kms.katalon.core.keyword.builtin.VerifyMatchKeyword$_verifyMatch_closure1.call(VerifyMatchKeyword.groovy)
	at com.kms.katalon.core.keyword.internal.KeywordMain.runKeyword(KeywordMain.groovy:75)
	... 24 more]]></system-err>
      </testcase>
      <testcase name="Test Cases/admin/booking_management/page_accessible_logged_out" time="11.492" classname="Test Cases/admin/booking_management/page_accessible_logged_out" status="FAILED">
         <failure type="FAILED" message="Test Cases/admin/booking_management/page_accessible_logged_out FAILED.&#xa;Reason:&#xa;com.kms.katalon.core.exception.StepFailedException: Unable to verify match between actual text 'http://localhost/SAD/ArtLens/index.php' and expected text 'http://localhost/SAD/ArtLens/admin.php' (Root cause: com.kms.katalon.core.exception.StepFailedException: Actual text 'http://localhost/SAD/ArtLens/index.php' and expected text 'http://localhost/SAD/ArtLens/admin.php' are not matched&#xa;	at com.kms.katalon.core.keyword.builtin.VerifyMatchKeyword$_verifyMatch_closure1.doCall(VerifyMatchKeyword.groovy:57)&#xa;	at com.kms.katalon.core.keyword.builtin.VerifyMatchKeyword$_verifyMatch_closure1.call(VerifyMatchKeyword.groovy)&#xa;	at com.kms.katalon.core.keyword.internal.KeywordMain.runKeyword(KeywordMain.groovy:75)&#xa;	at com.kms.katalon.core.keyword.builtin.VerifyMatchKeyword.verifyMatch(VerifyMatchKeyword.groovy:60)&#xa;	at com.kms.katalon.core.keyword.builtin.VerifyMatchKeyword.execute(VerifyMatchKeyword.groovy:45)&#xa;	at com.kms.katalon.core.keyword.internal.KeywordExecutor.executeKeywordForPlatform(KeywordExecutor.groovy:74)&#xa;	at com.kms.katalon.core.keyword.BuiltinKeywords.verifyMatch(BuiltinKeywords.groovy:60)&#xa;	at java.base/jdk.internal.reflect.NativeMethodAccessorImpl.invoke0(Native Method)&#xa;	at java.base/jdk.internal.reflect.NativeMethodAccessorImpl.invoke(NativeMethodAccessorImpl.java:77)&#xa;	at java.base/jdk.internal.reflect.DelegatingMethodAccessorImpl.invoke(DelegatingMethodAccessorImpl.java:43)&#xa;	at com.artlens.utils.AdminUtils.verifyPageAccessLoggedOut(AdminUtils.groovy:112)&#xa;	at page_accessible_logged_out.run(page_accessible_logged_out:24)&#xa;	at com.kms.katalon.core.main.ScriptEngine.run(ScriptEngine.java:194)&#xa;	at com.kms.katalon.core.main.ScriptEngine.runScriptAsRawText(ScriptEngine.java:119)&#xa;	at com.kms.katalon.core.main.TestCaseExecutor.runScript(TestCaseExecutor.java:448)&#xa;	at com.kms.katalon.core.main.TestCaseExecutor.doExecute(TestCaseExecutor.java:439)&#xa;	at com.kms.katalon.core.main.TestCaseExecutor.processExecutionPhase(TestCaseExecutor.java:418)&#xa;	at com.kms.katalon.core.main.TestCaseExecutor.accessMainPhase(TestCaseExecutor.java:410)&#xa;	at com.kms.katalon.core.main.TestCaseExecutor.execute(TestCaseExecutor.java:285)&#xa;	at com.kms.katalon.core.common.CommonExecutor.accessTestCaseMainPhase(CommonExecutor.java:65)&#xa;	at com.kms.katalon.core.main.TestSuiteExecutor.accessTestSuiteMainPhase(TestSuiteExecutor.java:150)&#xa;	at com.kms.katalon.core.main.TestSuiteExecutor.execute(TestSuiteExecutor.java:106)&#xa;	at com.kms.katalon.core.main.TestCaseMain.startTestSuite(TestCaseMain.java:180)&#xa;	at TempTestSuite1719146657080.run(TempTestSuite1719146657080.groovy:35)&#xa;	at java.base/jdk.internal.reflect.NativeMethodAccessorImpl.invoke0(Native Method)&#xa;	at java.base/jdk.internal.reflect.NativeMethodAccessorImpl.invoke(NativeMethodAccessorImpl.java:77)&#xa;	at java.base/jdk.internal.reflect.DelegatingMethodAccessorImpl.invoke(DelegatingMethodAccessorImpl.java:43)&#xa;)&#xa;	at com.kms.katalon.core.keyword.internal.KeywordMain.stepFailed(KeywordMain.groovy:39)&#xa;	at com.kms.katalon.core.keyword.internal.KeywordMain.stepFailed(KeywordMain.groovy)&#xa;	at com.kms.katalon.core.keyword.internal.KeywordMain.runKeyword(KeywordMain.groovy:77)&#xa;	at com.kms.katalon.core.keyword.builtin.VerifyMatchKeyword.verifyMatch(VerifyMatchKeyword.groovy:60)&#xa;	at com.kms.katalon.core.keyword.builtin.VerifyMatchKeyword.execute(VerifyMatchKeyword.groovy:45)&#xa;	at com.kms.katalon.core.keyword.internal.KeywordExecutor.executeKeywordForPlatform(KeywordExecutor.groovy:74)&#xa;	at com.kms.katalon.core.keyword.BuiltinKeywords.verifyMatch(BuiltinKeywords.groovy:60)&#xa;	at java.base/jdk.internal.reflect.NativeMethodAccessorImpl.invoke0(Native Method)&#xa;	at java.base/jdk.internal.reflect.NativeMethodAccessorImpl.invoke(NativeMethodAccessorImpl.java:77)&#xa;	at java.base/jdk.internal.reflect.DelegatingMethodAccessorImpl.invoke(DelegatingMethodAccessorImpl.java:43)&#xa;	at com.artlens.utils.AdminUtils.verifyPageAccessLoggedOut(AdminUtils.groovy:112)&#xa;	at page_accessible_logged_out.run(page_accessible_logged_out:24)&#xa;	at com.kms.katalon.core.main.ScriptEngine.run(ScriptEngine.java:194)&#xa;	at com.kms.katalon.core.main.ScriptEngine.runScriptAsRawText(ScriptEngine.java:119)&#xa;	at com.kms.katalon.core.main.TestCaseExecutor.runScript(TestCaseExecutor.java:448)&#xa;	at com.kms.katalon.core.main.TestCaseExecutor.doExecute(TestCaseExecutor.java:439)&#xa;	at com.kms.katalon.core.main.TestCaseExecutor.processExecutionPhase(TestCaseExecutor.java:418)&#xa;	at com.kms.katalon.core.main.TestCaseExecutor.accessMainPhase(TestCaseExecutor.java:410)&#xa;	at com.kms.katalon.core.main.TestCaseExecutor.execute(TestCaseExecutor.java:285)&#xa;	at com.kms.katalon.core.common.CommonExecutor.accessTestCaseMainPhase(CommonExecutor.java:65)&#xa;	at com.kms.katalon.core.main.TestSuiteExecutor.accessTestSuiteMainPhase(TestSuiteExecutor.java:150)&#xa;	at com.kms.katalon.core.main.TestSuiteExecutor.execute(TestSuiteExecutor.java:106)&#xa;	at com.kms.katalon.core.main.TestCaseMain.startTestSuite(TestCaseMain.java:180)&#xa;	at TempTestSuite1719146657080.run(TempTestSuite1719146657080.groovy:35)&#xa;	at java.base/jdk.internal.reflect.NativeMethodAccessorImpl.invoke0(Native Method)&#xa;	at java.base/jdk.internal.reflect.NativeMethodAccessorImpl.invoke(NativeMethodAccessorImpl.java:77)&#xa;	at java.base/jdk.internal.reflect.DelegatingMethodAccessorImpl.invoke(DelegatingMethodAccessorImpl.java:43)&#xa;Caused by: com.kms.katalon.core.exception.StepFailedException: Actual text 'http://localhost/SAD/ArtLens/index.php' and expected text 'http://localhost/SAD/ArtLens/admin.php' are not matched&#xa;	at com.kms.katalon.core.keyword.builtin.VerifyMatchKeyword$_verifyMatch_closure1.doCall(VerifyMatchKeyword.groovy:57)&#xa;	at com.kms.katalon.core.keyword.builtin.VerifyMatchKeyword$_verifyMatch_closure1.call(VerifyMatchKeyword.groovy)&#xa;	at com.kms.katalon.core.keyword.internal.KeywordMain.runKeyword(KeywordMain.groovy:75)&#xa;	... 24 more&#xa;"/>
         <system-out><![CDATA[23-06-2024T20:45:37 - [TEST_CASE][FAILED] - Test Cases/admin/booking_management/page_accessible_logged_out: Test Cases/admin/booking_management/page_accessible_logged_out FAILED.
Reason:
com.kms.katalon.core.exception.StepFailedException: Unable to verify match between actual text 'http://localhost/SAD/ArtLens/index.php' and expected text 'http://localhost/SAD/ArtLens/admin.php' (Root cause: com.kms.katalon.core.exception.StepFailedException: Actual text 'http://localhost/SAD/ArtLens/index.php' and expected text 'http://localhost/SAD/ArtLens/admin.php' are not matched
	at com.kms.katalon.core.keyword.builtin.VerifyMatchKeyword$_verifyMatch_closure1.doCall(VerifyMatchKeyword.groovy:57)
	at com.kms.katalon.core.keyword.builtin.VerifyMatchKeyword$_verifyMatch_closure1.call(VerifyMatchKeyword.groovy)
	at com.kms.katalon.core.keyword.internal.KeywordMain.runKeyword(KeywordMain.groovy:75)
	at com.kms.katalon.core.keyword.builtin.VerifyMatchKeyword.verifyMatch(VerifyMatchKeyword.groovy:60)
	at com.kms.katalon.core.keyword.builtin.VerifyMatchKeyword.execute(VerifyMatchKeyword.groovy:45)
	at com.kms.katalon.core.keyword.internal.KeywordExecutor.executeKeywordForPlatform(KeywordExecutor.groovy:74)
	at com.kms.katalon.core.keyword.BuiltinKeywords.verifyMatch(BuiltinKeywords.groovy:60)
	at java.base/jdk.internal.reflect.NativeMethodAccessorImpl.invoke0(Native Method)
	at java.base/jdk.internal.reflect.NativeMethodAccessorImpl.invoke(NativeMethodAccessorImpl.java:77)
	at java.base/jdk.internal.reflect.DelegatingMethodAccessorImpl.invoke(DelegatingMethodAccessorImpl.java:43)
	at com.artlens.utils.AdminUtils.verifyPageAccessLoggedOut(AdminUtils.groovy:112)
	at page_accessible_logged_out.run(page_accessible_logged_out:24)
	at com.kms.katalon.core.main.ScriptEngine.run(ScriptEngine.java:194)
	at com.kms.katalon.core.main.ScriptEngine.runScriptAsRawText(ScriptEngine.java:119)
	at com.kms.katalon.core.main.TestCaseExecutor.runScript(TestCaseExecutor.java:448)
	at com.kms.katalon.core.main.TestCaseExecutor.doExecute(TestCaseExecutor.java:439)
	at com.kms.katalon.core.main.TestCaseExecutor.processExecutionPhase(TestCaseExecutor.java:418)
	at com.kms.katalon.core.main.TestCaseExecutor.accessMainPhase(TestCaseExecutor.java:410)
	at com.kms.katalon.core.main.TestCaseExecutor.execute(TestCaseExecutor.java:285)
	at com.kms.katalon.core.common.CommonExecutor.accessTestCaseMainPhase(CommonExecutor.java:65)
	at com.kms.katalon.core.main.TestSuiteExecutor.accessTestSuiteMainPhase(TestSuiteExecutor.java:150)
	at com.kms.katalon.core.main.TestSuiteExecutor.execute(TestSuiteExecutor.java:106)
	at com.kms.katalon.core.main.TestCaseMain.startTestSuite(TestCaseMain.java:180)
	at TempTestSuite1719146657080.run(TempTestSuite1719146657080.groovy:35)
	at java.base/jdk.internal.reflect.NativeMethodAccessorImpl.invoke0(Native Method)
	at java.base/jdk.internal.reflect.NativeMethodAccessorImpl.invoke(NativeMethodAccessorImpl.java:77)
	at java.base/jdk.internal.reflect.DelegatingMethodAccessorImpl.invoke(DelegatingMethodAccessorImpl.java:43)
)
	at com.kms.katalon.core.keyword.internal.KeywordMain.stepFailed(KeywordMain.groovy:39)
	at com.kms.katalon.core.keyword.internal.KeywordMain.stepFailed(KeywordMain.groovy)
	at com.kms.katalon.core.keyword.internal.KeywordMain.runKeyword(KeywordMain.groovy:77)
	at com.kms.katalon.core.keyword.builtin.VerifyMatchKeyword.verifyMatch(VerifyMatchKeyword.groovy:60)
	at com.kms.katalon.core.keyword.builtin.VerifyMatchKeyword.execute(VerifyMatchKeyword.groovy:45)
	at com.kms.katalon.core.keyword.internal.KeywordExecutor.executeKeywordForPlatform(KeywordExecutor.groovy:74)
	at com.kms.katalon.core.keyword.BuiltinKeywords.verifyMatch(BuiltinKeywords.groovy:60)
	at java.base/jdk.internal.reflect.NativeMethodAccessorImpl.invoke0(Native Method)
	at java.base/jdk.internal.reflect.NativeMethodAccessorImpl.invoke(NativeMethodAccessorImpl.java:77)
	at java.base/jdk.internal.reflect.DelegatingMethodAccessorImpl.invoke(DelegatingMethodAccessorImpl.java:43)
	at com.artlens.utils.AdminUtils.verifyPageAccessLoggedOut(AdminUtils.groovy:112)
	at page_accessible_logged_out.run(page_accessible_logged_out:24)
	at com.kms.katalon.core.main.ScriptEngine.run(ScriptEngine.java:194)
	at com.kms.katalon.core.main.ScriptEngine.runScriptAsRawText(ScriptEngine.java:119)
	at com.kms.katalon.core.main.TestCaseExecutor.runScript(TestCaseExecutor.java:448)
	at com.kms.katalon.core.main.TestCaseExecutor.doExecute(TestCaseExecutor.java:439)
	at com.kms.katalon.core.main.TestCaseExecutor.processExecutionPhase(TestCaseExecutor.java:418)
	at com.kms.katalon.core.main.TestCaseExecutor.accessMainPhase(TestCaseExecutor.java:410)
	at com.kms.katalon.core.main.TestCaseExecutor.execute(TestCaseExecutor.java:285)
	at com.kms.katalon.core.common.CommonExecutor.accessTestCaseMainPhase(CommonExecutor.java:65)
	at com.kms.katalon.core.main.TestSuiteExecutor.accessTestSuiteMainPhase(TestSuiteExecutor.java:150)
	at com.kms.katalon.core.main.TestSuiteExecutor.execute(TestSuiteExecutor.java:106)
	at com.kms.katalon.core.main.TestCaseMain.startTestSuite(TestCaseMain.java:180)
	at TempTestSuite1719146657080.run(TempTestSuite1719146657080.groovy:35)
	at java.base/jdk.internal.reflect.NativeMethodAccessorImpl.invoke0(Native Method)
	at java.base/jdk.internal.reflect.NativeMethodAccessorImpl.invoke(NativeMethodAccessorImpl.java:77)
	at java.base/jdk.internal.reflect.DelegatingMethodAccessorImpl.invoke(DelegatingMethodAccessorImpl.java:43)
Caused by: com.kms.katalon.core.exception.StepFailedException: Actual text 'http://localhost/SAD/ArtLens/index.php' and expected text 'http://localhost/SAD/ArtLens/admin.php' are not matched
	at com.kms.katalon.core.keyword.builtin.VerifyMatchKeyword$_verifyMatch_closure1.doCall(VerifyMatchKeyword.groovy:57)
	at com.kms.katalon.core.keyword.builtin.VerifyMatchKeyword$_verifyMatch_closure1.call(VerifyMatchKeyword.groovy)
	at com.kms.katalon.core.keyword.internal.KeywordMain.runKeyword(KeywordMain.groovy:75)
	... 24 more


23-06-2024T20:45:37 - [TEST_STEP][PASSED] - Start listener action : sampleBeforeTestCase: Browser is opened with url: ''

23-06-2024T20:45:37 - [TEST_STEP][PASSED] - println(testCaseContext.getTestCaseId()): null

23-06-2024T20:45:37 - [TEST_STEP][PASSED] - openBrowser(""): Browser is opened with url: ''

23-06-2024T20:45:37 - [MESSAGE][WARNING] - A browser is already opened. Closing browser and opening a new one

23-06-2024T20:45:41 - [MESSAGE][INFO] - Starting 'Firefox (headless)' driver

23-06-2024T20:45:41 - [MESSAGE][INFO] - Action delay is set to 0 milliseconds

23-06-2024T20:45:47 - [MESSAGE][PASSED] - Browser is opened with url: ''

23-06-2024T20:45:47 - [TEST_STEP][FAILED] - try: Unable to verify match between actual text 'http://localhost/SAD/ArtLens/index.php' and expected text 'http://localhost/SAD/ArtLens/admin.php' (Root cause: com.kms.katalon.core.exception.StepFailedException: Actual text 'http://localhost/SAD/ArtLens/index.php' and expected text 'http://localhost/SAD/ArtLens/admin.php' are not matched
	at com.kms.katalon.core.keyword.builtin.VerifyMatchKeyword$_verifyMatch_closure1.doCall(VerifyMatchKeyword.groovy:57)
	at com.kms.katalon.core.keyword.builtin.VerifyMatchKeyword$_verifyMatch_closure1.call(VerifyMatchKeyword.groovy)
	at com.kms.katalon.core.keyword.internal.KeywordMain.runKeyword(KeywordMain.groovy:75)
	at com.kms.katalon.core.keyword.builtin.VerifyMatchKeyword.verifyMatch(VerifyMatchKeyword.groovy:60)
	at com.kms.katalon.core.keyword.builtin.VerifyMatchKeyword.execute(VerifyMatchKeyword.groovy:45)
	at com.kms.katalon.core.keyword.internal.KeywordExecutor.executeKeywordForPlatform(KeywordExecutor.groovy:74)
	at com.kms.katalon.core.keyword.BuiltinKeywords.verifyMatch(BuiltinKeywords.groovy:60)
	at java.base/jdk.internal.reflect.NativeMethodAccessorImpl.invoke0(Native Method)
	at java.base/jdk.internal.reflect.NativeMethodAccessorImpl.invoke(NativeMethodAccessorImpl.java:77)
	at java.base/jdk.internal.reflect.DelegatingMethodAccessorImpl.invoke(DelegatingMethodAccessorImpl.java:43)
	at com.artlens.utils.AdminUtils.verifyPageAccessLoggedOut(AdminUtils.groovy:112)
	at page_accessible_logged_out.run(page_accessible_logged_out:24)
	at com.kms.katalon.core.main.ScriptEngine.run(ScriptEngine.java:194)
	at com.kms.katalon.core.main.ScriptEngine.runScriptAsRawText(ScriptEngine.java:119)
	at com.kms.katalon.core.main.TestCaseExecutor.runScript(TestCaseExecutor.java:448)
	at com.kms.katalon.core.main.TestCaseExecutor.doExecute(TestCaseExecutor.java:439)
	at com.kms.katalon.core.main.TestCaseExecutor.processExecutionPhase(TestCaseExecutor.java:418)
	at com.kms.katalon.core.main.TestCaseExecutor.accessMainPhase(TestCaseExecutor.java:410)
	at com.kms.katalon.core.main.TestCaseExecutor.execute(TestCaseExecutor.java:285)
	at com.kms.katalon.core.common.CommonExecutor.accessTestCaseMainPhase(CommonExecutor.java:65)
	at com.kms.katalon.core.main.TestSuiteExecutor.accessTestSuiteMainPhase(TestSuiteExecutor.java:150)
	at com.kms.katalon.core.main.TestSuiteExecutor.execute(TestSuiteExecutor.java:106)
	at com.kms.katalon.core.main.TestCaseMain.startTestSuite(TestCaseMain.java:180)
	at TempTestSuite1719146657080.run(TempTestSuite1719146657080.groovy:35)
	at java.base/jdk.internal.reflect.NativeMethodAccessorImpl.invoke0(Native Method)
	at java.base/jdk.internal.reflect.NativeMethodAccessorImpl.invoke(NativeMethodAccessorImpl.java:77)
	at java.base/jdk.internal.reflect.DelegatingMethodAccessorImpl.invoke(DelegatingMethodAccessorImpl.java:43)
)

23-06-2024T20:45:47 - [TEST_STEP][FAILED] - AdminUtils.verifyPageAccessLoggedOut("adminbooking.php"): Unable to verify match between actual text 'http://localhost/SAD/ArtLens/index.php' and expected text 'http://localhost/SAD/ArtLens/admin.php' (Root cause: com.kms.katalon.core.exception.StepFailedException: Actual text 'http://localhost/SAD/ArtLens/index.php' and expected text 'http://localhost/SAD/ArtLens/admin.php' are not matched
	at com.kms.katalon.core.keyword.builtin.VerifyMatchKeyword$_verifyMatch_closure1.doCall(VerifyMatchKeyword.groovy:57)
	at com.kms.katalon.core.keyword.builtin.VerifyMatchKeyword$_verifyMatch_closure1.call(VerifyMatchKeyword.groovy)
	at com.kms.katalon.core.keyword.internal.KeywordMain.runKeyword(KeywordMain.groovy:75)
	at com.kms.katalon.core.keyword.builtin.VerifyMatchKeyword.verifyMatch(VerifyMatchKeyword.groovy:60)
	at com.kms.katalon.core.keyword.builtin.VerifyMatchKeyword.execute(VerifyMatchKeyword.groovy:45)
	at com.kms.katalon.core.keyword.internal.KeywordExecutor.executeKeywordForPlatform(KeywordExecutor.groovy:74)
	at com.kms.katalon.core.keyword.BuiltinKeywords.verifyMatch(BuiltinKeywords.groovy:60)
	at java.base/jdk.internal.reflect.NativeMethodAccessorImpl.invoke0(Native Method)
	at java.base/jdk.internal.reflect.NativeMethodAccessorImpl.invoke(NativeMethodAccessorImpl.java:77)
	at java.base/jdk.internal.reflect.DelegatingMethodAccessorImpl.invoke(DelegatingMethodAccessorImpl.java:43)
	at com.artlens.utils.AdminUtils.verifyPageAccessLoggedOut(AdminUtils.groovy:112)
	at page_accessible_logged_out.run(page_accessible_logged_out:24)
	at com.kms.katalon.core.main.ScriptEngine.run(ScriptEngine.java:194)
	at com.kms.katalon.core.main.ScriptEngine.runScriptAsRawText(ScriptEngine.java:119)
	at com.kms.katalon.core.main.TestCaseExecutor.runScript(TestCaseExecutor.java:448)
	at com.kms.katalon.core.main.TestCaseExecutor.doExecute(TestCaseExecutor.java:439)
	at com.kms.katalon.core.main.TestCaseExecutor.processExecutionPhase(TestCaseExecutor.java:418)
	at com.kms.katalon.core.main.TestCaseExecutor.accessMainPhase(TestCaseExecutor.java:410)
	at com.kms.katalon.core.main.TestCaseExecutor.execute(TestCaseExecutor.java:285)
	at com.kms.katalon.core.common.CommonExecutor.accessTestCaseMainPhase(CommonExecutor.java:65)
	at com.kms.katalon.core.main.TestSuiteExecutor.accessTestSuiteMainPhase(TestSuiteExecutor.java:150)
	at com.kms.katalon.core.main.TestSuiteExecutor.execute(TestSuiteExecutor.java:106)
	at com.kms.katalon.core.main.TestCaseMain.startTestSuite(TestCaseMain.java:180)
	at TempTestSuite1719146657080.run(TempTestSuite1719146657080.groovy:35)
	at java.base/jdk.internal.reflect.NativeMethodAccessorImpl.invoke0(Native Method)
	at java.base/jdk.internal.reflect.NativeMethodAccessorImpl.invoke(NativeMethodAccessorImpl.java:77)
	at java.base/jdk.internal.reflect.DelegatingMethodAccessorImpl.invoke(DelegatingMethodAccessorImpl.java:43)
)

23-06-2024T20:45:47 - [MESSAGE][INFO] - HAR: C:\DevPackage\xampp\htdocs\SAD\ArtLens\Reports\20240623_204104\Test_Admin_Pages_Authentication\20240623_204417\requests\main\6.har

23-06-2024T20:45:47 - [MESSAGE][PASSED] - Send request successfully

23-06-2024T20:45:47 - [MESSAGE][PASSED] - All links are accessible

23-06-2024T20:45:49 - [MESSAGE][PASSED] - Navigate to 'http://localhost/SAD/ArtLens/adminbooking.php' successfully

23-06-2024T20:45:49 - [MESSAGE][PASSED] - Current window's url is: 'http://localhost/SAD/ArtLens/index.php'

23-06-2024T20:45:49 - [MESSAGE][INFO] - HAR: C:\DevPackage\xampp\htdocs\SAD\ArtLens\Reports\20240623_204104\Test_Admin_Pages_Authentication\20240623_204417\requests\main\7.har

23-06-2024T20:45:49 - [MESSAGE][PASSED] - Send request successfully

23-06-2024T20:45:49 - [MESSAGE][PASSED] - All links are accessible

23-06-2024T20:45:49 - [MESSAGE][PASSED] - Actual text 'http://localhost/SAD/ArtLens/index.php' and expected text 'http://localhost/SAD/ArtLens/adminbooking.php' are not matched 

23-06-2024T20:45:49 - [MESSAGE][FAILED] - Unable to verify match between actual text 'http://localhost/SAD/ArtLens/index.php' and expected text 'http://localhost/SAD/ArtLens/admin.php' (Root cause: com.kms.katalon.core.exception.StepFailedException: Actual text 'http://localhost/SAD/ArtLens/index.php' and expected text 'http://localhost/SAD/ArtLens/admin.php' are not matched
	at com.kms.katalon.core.keyword.builtin.VerifyMatchKeyword$_verifyMatch_closure1.doCall(VerifyMatchKeyword.groovy:57)
	at com.kms.katalon.core.keyword.builtin.VerifyMatchKeyword$_verifyMatch_closure1.call(VerifyMatchKeyword.groovy)
	at com.kms.katalon.core.keyword.internal.KeywordMain.runKeyword(KeywordMain.groovy:75)
	at com.kms.katalon.core.keyword.builtin.VerifyMatchKeyword.verifyMatch(VerifyMatchKeyword.groovy:60)
	at com.kms.katalon.core.keyword.builtin.VerifyMatchKeyword.execute(VerifyMatchKeyword.groovy:45)
	at com.kms.katalon.core.keyword.internal.KeywordExecutor.executeKeywordForPlatform(KeywordExecutor.groovy:74)
	at com.kms.katalon.core.keyword.BuiltinKeywords.verifyMatch(BuiltinKeywords.groovy:60)
	at java.base/jdk.internal.reflect.NativeMethodAccessorImpl.invoke0(Native Method)
	at java.base/jdk.internal.reflect.NativeMethodAccessorImpl.invoke(NativeMethodAccessorImpl.java:77)
	at java.base/jdk.internal.reflect.DelegatingMethodAccessorImpl.invoke(DelegatingMethodAccessorImpl.java:43)
	at com.artlens.utils.AdminUtils.verifyPageAccessLoggedOut(AdminUtils.groovy:112)
	at page_accessible_logged_out.run(page_accessible_logged_out:24)
	at com.kms.katalon.core.main.ScriptEngine.run(ScriptEngine.java:194)
	at com.kms.katalon.core.main.ScriptEngine.runScriptAsRawText(ScriptEngine.java:119)
	at com.kms.katalon.core.main.TestCaseExecutor.runScript(TestCaseExecutor.java:448)
	at com.kms.katalon.core.main.TestCaseExecutor.doExecute(TestCaseExecutor.java:439)
	at com.kms.katalon.core.main.TestCaseExecutor.processExecutionPhase(TestCaseExecutor.java:418)
	at com.kms.katalon.core.main.TestCaseExecutor.accessMainPhase(TestCaseExecutor.java:410)
	at com.kms.katalon.core.main.TestCaseExecutor.execute(TestCaseExecutor.java:285)
	at com.kms.katalon.core.common.CommonExecutor.accessTestCaseMainPhase(CommonExecutor.java:65)
	at com.kms.katalon.core.main.TestSuiteExecutor.accessTestSuiteMainPhase(TestSuiteExecutor.java:150)
	at com.kms.katalon.core.main.TestSuiteExecutor.execute(TestSuiteExecutor.java:106)
	at com.kms.katalon.core.main.TestCaseMain.startTestSuite(TestCaseMain.java:180)
	at TempTestSuite1719146657080.run(TempTestSuite1719146657080.groovy:35)
	at java.base/jdk.internal.reflect.NativeMethodAccessorImpl.invoke0(Native Method)
	at java.base/jdk.internal.reflect.NativeMethodAccessorImpl.invoke(NativeMethodAccessorImpl.java:77)
	at java.base/jdk.internal.reflect.DelegatingMethodAccessorImpl.invoke(DelegatingMethodAccessorImpl.java:43)
)

23-06-2024T20:45:49 - [TEST_STEP][PASSED] - Start listener action : sampleAfterTestCase: null]]></system-out>
         <system-err><![CDATA[23-06-2024T20:45:37 - [TEST_CASE][FAILED] - Test Cases/admin/booking_management/page_accessible_logged_out: Test Cases/admin/booking_management/page_accessible_logged_out FAILED.
Reason:
com.kms.katalon.core.exception.StepFailedException: Unable to verify match between actual text 'http://localhost/SAD/ArtLens/index.php' and expected text 'http://localhost/SAD/ArtLens/admin.php' (Root cause: com.kms.katalon.core.exception.StepFailedException: Actual text 'http://localhost/SAD/ArtLens/index.php' and expected text 'http://localhost/SAD/ArtLens/admin.php' are not matched
	at com.kms.katalon.core.keyword.builtin.VerifyMatchKeyword$_verifyMatch_closure1.doCall(VerifyMatchKeyword.groovy:57)
	at com.kms.katalon.core.keyword.builtin.VerifyMatchKeyword$_verifyMatch_closure1.call(VerifyMatchKeyword.groovy)
	at com.kms.katalon.core.keyword.internal.KeywordMain.runKeyword(KeywordMain.groovy:75)
	at com.kms.katalon.core.keyword.builtin.VerifyMatchKeyword.verifyMatch(VerifyMatchKeyword.groovy:60)
	at com.kms.katalon.core.keyword.builtin.VerifyMatchKeyword.execute(VerifyMatchKeyword.groovy:45)
	at com.kms.katalon.core.keyword.internal.KeywordExecutor.executeKeywordForPlatform(KeywordExecutor.groovy:74)
	at com.kms.katalon.core.keyword.BuiltinKeywords.verifyMatch(BuiltinKeywords.groovy:60)
	at java.base/jdk.internal.reflect.NativeMethodAccessorImpl.invoke0(Native Method)
	at java.base/jdk.internal.reflect.NativeMethodAccessorImpl.invoke(NativeMethodAccessorImpl.java:77)
	at java.base/jdk.internal.reflect.DelegatingMethodAccessorImpl.invoke(DelegatingMethodAccessorImpl.java:43)
	at com.artlens.utils.AdminUtils.verifyPageAccessLoggedOut(AdminUtils.groovy:112)
	at page_accessible_logged_out.run(page_accessible_logged_out:24)
	at com.kms.katalon.core.main.ScriptEngine.run(ScriptEngine.java:194)
	at com.kms.katalon.core.main.ScriptEngine.runScriptAsRawText(ScriptEngine.java:119)
	at com.kms.katalon.core.main.TestCaseExecutor.runScript(TestCaseExecutor.java:448)
	at com.kms.katalon.core.main.TestCaseExecutor.doExecute(TestCaseExecutor.java:439)
	at com.kms.katalon.core.main.TestCaseExecutor.processExecutionPhase(TestCaseExecutor.java:418)
	at com.kms.katalon.core.main.TestCaseExecutor.accessMainPhase(TestCaseExecutor.java:410)
	at com.kms.katalon.core.main.TestCaseExecutor.execute(TestCaseExecutor.java:285)
	at com.kms.katalon.core.common.CommonExecutor.accessTestCaseMainPhase(CommonExecutor.java:65)
	at com.kms.katalon.core.main.TestSuiteExecutor.accessTestSuiteMainPhase(TestSuiteExecutor.java:150)
	at com.kms.katalon.core.main.TestSuiteExecutor.execute(TestSuiteExecutor.java:106)
	at com.kms.katalon.core.main.TestCaseMain.startTestSuite(TestCaseMain.java:180)
	at TempTestSuite1719146657080.run(TempTestSuite1719146657080.groovy:35)
	at java.base/jdk.internal.reflect.NativeMethodAccessorImpl.invoke0(Native Method)
	at java.base/jdk.internal.reflect.NativeMethodAccessorImpl.invoke(NativeMethodAccessorImpl.java:77)
	at java.base/jdk.internal.reflect.DelegatingMethodAccessorImpl.invoke(DelegatingMethodAccessorImpl.java:43)
)
	at com.kms.katalon.core.keyword.internal.KeywordMain.stepFailed(KeywordMain.groovy:39)
	at com.kms.katalon.core.keyword.internal.KeywordMain.stepFailed(KeywordMain.groovy)
	at com.kms.katalon.core.keyword.internal.KeywordMain.runKeyword(KeywordMain.groovy:77)
	at com.kms.katalon.core.keyword.builtin.VerifyMatchKeyword.verifyMatch(VerifyMatchKeyword.groovy:60)
	at com.kms.katalon.core.keyword.builtin.VerifyMatchKeyword.execute(VerifyMatchKeyword.groovy:45)
	at com.kms.katalon.core.keyword.internal.KeywordExecutor.executeKeywordForPlatform(KeywordExecutor.groovy:74)
	at com.kms.katalon.core.keyword.BuiltinKeywords.verifyMatch(BuiltinKeywords.groovy:60)
	at java.base/jdk.internal.reflect.NativeMethodAccessorImpl.invoke0(Native Method)
	at java.base/jdk.internal.reflect.NativeMethodAccessorImpl.invoke(NativeMethodAccessorImpl.java:77)
	at java.base/jdk.internal.reflect.DelegatingMethodAccessorImpl.invoke(DelegatingMethodAccessorImpl.java:43)
	at com.artlens.utils.AdminUtils.verifyPageAccessLoggedOut(AdminUtils.groovy:112)
	at page_accessible_logged_out.run(page_accessible_logged_out:24)
	at com.kms.katalon.core.main.ScriptEngine.run(ScriptEngine.java:194)
	at com.kms.katalon.core.main.ScriptEngine.runScriptAsRawText(ScriptEngine.java:119)
	at com.kms.katalon.core.main.TestCaseExecutor.runScript(TestCaseExecutor.java:448)
	at com.kms.katalon.core.main.TestCaseExecutor.doExecute(TestCaseExecutor.java:439)
	at com.kms.katalon.core.main.TestCaseExecutor.processExecutionPhase(TestCaseExecutor.java:418)
	at com.kms.katalon.core.main.TestCaseExecutor.accessMainPhase(TestCaseExecutor.java:410)
	at com.kms.katalon.core.main.TestCaseExecutor.execute(TestCaseExecutor.java:285)
	at com.kms.katalon.core.common.CommonExecutor.accessTestCaseMainPhase(CommonExecutor.java:65)
	at com.kms.katalon.core.main.TestSuiteExecutor.accessTestSuiteMainPhase(TestSuiteExecutor.java:150)
	at com.kms.katalon.core.main.TestSuiteExecutor.execute(TestSuiteExecutor.java:106)
	at com.kms.katalon.core.main.TestCaseMain.startTestSuite(TestCaseMain.java:180)
	at TempTestSuite1719146657080.run(TempTestSuite1719146657080.groovy:35)
	at java.base/jdk.internal.reflect.NativeMethodAccessorImpl.invoke0(Native Method)
	at java.base/jdk.internal.reflect.NativeMethodAccessorImpl.invoke(NativeMethodAccessorImpl.java:77)
	at java.base/jdk.internal.reflect.DelegatingMethodAccessorImpl.invoke(DelegatingMethodAccessorImpl.java:43)
Caused by: com.kms.katalon.core.exception.StepFailedException: Actual text 'http://localhost/SAD/ArtLens/index.php' and expected text 'http://localhost/SAD/ArtLens/admin.php' are not matched
	at com.kms.katalon.core.keyword.builtin.VerifyMatchKeyword$_verifyMatch_closure1.doCall(VerifyMatchKeyword.groovy:57)
	at com.kms.katalon.core.keyword.builtin.VerifyMatchKeyword$_verifyMatch_closure1.call(VerifyMatchKeyword.groovy)
	at com.kms.katalon.core.keyword.internal.KeywordMain.runKeyword(KeywordMain.groovy:75)
	... 24 more]]></system-err>
      </testcase>
      <testcase name="Test Cases/admin/dashboard/page_accessible_logged_out" time="12.789" classname="Test Cases/admin/dashboard/page_accessible_logged_out" status="FAILED">
         <failure type="FAILED" message="Test Cases/admin/dashboard/page_accessible_logged_out FAILED.&#xa;Reason:&#xa;com.kms.katalon.core.exception.StepFailedException: Unable to verify match between actual text 'http://localhost/SAD/ArtLens/index.php' and expected text 'http://localhost/SAD/ArtLens/admin.php' (Root cause: com.kms.katalon.core.exception.StepFailedException: Actual text 'http://localhost/SAD/ArtLens/index.php' and expected text 'http://localhost/SAD/ArtLens/admin.php' are not matched&#xa;	at com.kms.katalon.core.keyword.builtin.VerifyMatchKeyword$_verifyMatch_closure1.doCall(VerifyMatchKeyword.groovy:57)&#xa;	at com.kms.katalon.core.keyword.builtin.VerifyMatchKeyword$_verifyMatch_closure1.call(VerifyMatchKeyword.groovy)&#xa;	at com.kms.katalon.core.keyword.internal.KeywordMain.runKeyword(KeywordMain.groovy:75)&#xa;	at com.kms.katalon.core.keyword.builtin.VerifyMatchKeyword.verifyMatch(VerifyMatchKeyword.groovy:60)&#xa;	at com.kms.katalon.core.keyword.builtin.VerifyMatchKeyword.execute(VerifyMatchKeyword.groovy:45)&#xa;	at com.kms.katalon.core.keyword.internal.KeywordExecutor.executeKeywordForPlatform(KeywordExecutor.groovy:74)&#xa;	at com.kms.katalon.core.keyword.BuiltinKeywords.verifyMatch(BuiltinKeywords.groovy:60)&#xa;	at java.base/jdk.internal.reflect.NativeMethodAccessorImpl.invoke0(Native Method)&#xa;	at java.base/jdk.internal.reflect.NativeMethodAccessorImpl.invoke(NativeMethodAccessorImpl.java:77)&#xa;	at java.base/jdk.internal.reflect.DelegatingMethodAccessorImpl.invoke(DelegatingMethodAccessorImpl.java:43)&#xa;	at com.artlens.utils.AdminUtils.verifyPageAccessLoggedOut(AdminUtils.groovy:112)&#xa;	at page_accessible_logged_out.run(page_accessible_logged_out:24)&#xa;	at com.kms.katalon.core.main.ScriptEngine.run(ScriptEngine.java:194)&#xa;	at com.kms.katalon.core.main.ScriptEngine.runScriptAsRawText(ScriptEngine.java:119)&#xa;	at com.kms.katalon.core.main.TestCaseExecutor.runScript(TestCaseExecutor.java:448)&#xa;	at com.kms.katalon.core.main.TestCaseExecutor.doExecute(TestCaseExecutor.java:439)&#xa;	at com.kms.katalon.core.main.TestCaseExecutor.processExecutionPhase(TestCaseExecutor.java:418)&#xa;	at com.kms.katalon.core.main.TestCaseExecutor.accessMainPhase(TestCaseExecutor.java:410)&#xa;	at com.kms.katalon.core.main.TestCaseExecutor.execute(TestCaseExecutor.java:285)&#xa;	at com.kms.katalon.core.common.CommonExecutor.accessTestCaseMainPhase(CommonExecutor.java:65)&#xa;	at com.kms.katalon.core.main.TestSuiteExecutor.accessTestSuiteMainPhase(TestSuiteExecutor.java:150)&#xa;	at com.kms.katalon.core.main.TestSuiteExecutor.execute(TestSuiteExecutor.java:106)&#xa;	at com.kms.katalon.core.main.TestCaseMain.startTestSuite(TestCaseMain.java:180)&#xa;	at TempTestSuite1719146657080.run(TempTestSuite1719146657080.groovy:35)&#xa;	at java.base/jdk.internal.reflect.NativeMethodAccessorImpl.invoke0(Native Method)&#xa;	at java.base/jdk.internal.reflect.NativeMethodAccessorImpl.invoke(NativeMethodAccessorImpl.java:77)&#xa;	at java.base/jdk.internal.reflect.DelegatingMethodAccessorImpl.invoke(DelegatingMethodAccessorImpl.java:43)&#xa;)&#xa;	at com.kms.katalon.core.keyword.internal.KeywordMain.stepFailed(KeywordMain.groovy:39)&#xa;	at com.kms.katalon.core.keyword.internal.KeywordMain.stepFailed(KeywordMain.groovy)&#xa;	at com.kms.katalon.core.keyword.internal.KeywordMain.runKeyword(KeywordMain.groovy:77)&#xa;	at com.kms.katalon.core.keyword.builtin.VerifyMatchKeyword.verifyMatch(VerifyMatchKeyword.groovy:60)&#xa;	at com.kms.katalon.core.keyword.builtin.VerifyMatchKeyword.execute(VerifyMatchKeyword.groovy:45)&#xa;	at com.kms.katalon.core.keyword.internal.KeywordExecutor.executeKeywordForPlatform(KeywordExecutor.groovy:74)&#xa;	at com.kms.katalon.core.keyword.BuiltinKeywords.verifyMatch(BuiltinKeywords.groovy:60)&#xa;	at java.base/jdk.internal.reflect.NativeMethodAccessorImpl.invoke0(Native Method)&#xa;	at java.base/jdk.internal.reflect.NativeMethodAccessorImpl.invoke(NativeMethodAccessorImpl.java:77)&#xa;	at java.base/jdk.internal.reflect.DelegatingMethodAccessorImpl.invoke(DelegatingMethodAccessorImpl.java:43)&#xa;	at com.artlens.utils.AdminUtils.verifyPageAccessLoggedOut(AdminUtils.groovy:112)&#xa;	at page_accessible_logged_out.run(page_accessible_logged_out:24)&#xa;	at com.kms.katalon.core.main.ScriptEngine.run(ScriptEngine.java:194)&#xa;	at com.kms.katalon.core.main.ScriptEngine.runScriptAsRawText(ScriptEngine.java:119)&#xa;	at com.kms.katalon.core.main.TestCaseExecutor.runScript(TestCaseExecutor.java:448)&#xa;	at com.kms.katalon.core.main.TestCaseExecutor.doExecute(TestCaseExecutor.java:439)&#xa;	at com.kms.katalon.core.main.TestCaseExecutor.processExecutionPhase(TestCaseExecutor.java:418)&#xa;	at com.kms.katalon.core.main.TestCaseExecutor.accessMainPhase(TestCaseExecutor.java:410)&#xa;	at com.kms.katalon.core.main.TestCaseExecutor.execute(TestCaseExecutor.java:285)&#xa;	at com.kms.katalon.core.common.CommonExecutor.accessTestCaseMainPhase(CommonExecutor.java:65)&#xa;	at com.kms.katalon.core.main.TestSuiteExecutor.accessTestSuiteMainPhase(TestSuiteExecutor.java:150)&#xa;	at com.kms.katalon.core.main.TestSuiteExecutor.execute(TestSuiteExecutor.java:106)&#xa;	at com.kms.katalon.core.main.TestCaseMain.startTestSuite(TestCaseMain.java:180)&#xa;	at TempTestSuite1719146657080.run(TempTestSuite1719146657080.groovy:35)&#xa;	at java.base/jdk.internal.reflect.NativeMethodAccessorImpl.invoke0(Native Method)&#xa;	at java.base/jdk.internal.reflect.NativeMethodAccessorImpl.invoke(NativeMethodAccessorImpl.java:77)&#xa;	at java.base/jdk.internal.reflect.DelegatingMethodAccessorImpl.invoke(DelegatingMethodAccessorImpl.java:43)&#xa;Caused by: com.kms.katalon.core.exception.StepFailedException: Actual text 'http://localhost/SAD/ArtLens/index.php' and expected text 'http://localhost/SAD/ArtLens/admin.php' are not matched&#xa;	at com.kms.katalon.core.keyword.builtin.VerifyMatchKeyword$_verifyMatch_closure1.doCall(VerifyMatchKeyword.groovy:57)&#xa;	at com.kms.katalon.core.keyword.builtin.VerifyMatchKeyword$_verifyMatch_closure1.call(VerifyMatchKeyword.groovy)&#xa;	at com.kms.katalon.core.keyword.internal.KeywordMain.runKeyword(KeywordMain.groovy:75)&#xa;	... 24 more&#xa;"/>
         <system-out><![CDATA[23-06-2024T20:45:49 - [TEST_CASE][FAILED] - Test Cases/admin/dashboard/page_accessible_logged_out: Test Cases/admin/dashboard/page_accessible_logged_out FAILED.
Reason:
com.kms.katalon.core.exception.StepFailedException: Unable to verify match between actual text 'http://localhost/SAD/ArtLens/index.php' and expected text 'http://localhost/SAD/ArtLens/admin.php' (Root cause: com.kms.katalon.core.exception.StepFailedException: Actual text 'http://localhost/SAD/ArtLens/index.php' and expected text 'http://localhost/SAD/ArtLens/admin.php' are not matched
	at com.kms.katalon.core.keyword.builtin.VerifyMatchKeyword$_verifyMatch_closure1.doCall(VerifyMatchKeyword.groovy:57)
	at com.kms.katalon.core.keyword.builtin.VerifyMatchKeyword$_verifyMatch_closure1.call(VerifyMatchKeyword.groovy)
	at com.kms.katalon.core.keyword.internal.KeywordMain.runKeyword(KeywordMain.groovy:75)
	at com.kms.katalon.core.keyword.builtin.VerifyMatchKeyword.verifyMatch(VerifyMatchKeyword.groovy:60)
	at com.kms.katalon.core.keyword.builtin.VerifyMatchKeyword.execute(VerifyMatchKeyword.groovy:45)
	at com.kms.katalon.core.keyword.internal.KeywordExecutor.executeKeywordForPlatform(KeywordExecutor.groovy:74)
	at com.kms.katalon.core.keyword.BuiltinKeywords.verifyMatch(BuiltinKeywords.groovy:60)
	at java.base/jdk.internal.reflect.NativeMethodAccessorImpl.invoke0(Native Method)
	at java.base/jdk.internal.reflect.NativeMethodAccessorImpl.invoke(NativeMethodAccessorImpl.java:77)
	at java.base/jdk.internal.reflect.DelegatingMethodAccessorImpl.invoke(DelegatingMethodAccessorImpl.java:43)
	at com.artlens.utils.AdminUtils.verifyPageAccessLoggedOut(AdminUtils.groovy:112)
	at page_accessible_logged_out.run(page_accessible_logged_out:24)
	at com.kms.katalon.core.main.ScriptEngine.run(ScriptEngine.java:194)
	at com.kms.katalon.core.main.ScriptEngine.runScriptAsRawText(ScriptEngine.java:119)
	at com.kms.katalon.core.main.TestCaseExecutor.runScript(TestCaseExecutor.java:448)
	at com.kms.katalon.core.main.TestCaseExecutor.doExecute(TestCaseExecutor.java:439)
	at com.kms.katalon.core.main.TestCaseExecutor.processExecutionPhase(TestCaseExecutor.java:418)
	at com.kms.katalon.core.main.TestCaseExecutor.accessMainPhase(TestCaseExecutor.java:410)
	at com.kms.katalon.core.main.TestCaseExecutor.execute(TestCaseExecutor.java:285)
	at com.kms.katalon.core.common.CommonExecutor.accessTestCaseMainPhase(CommonExecutor.java:65)
	at com.kms.katalon.core.main.TestSuiteExecutor.accessTestSuiteMainPhase(TestSuiteExecutor.java:150)
	at com.kms.katalon.core.main.TestSuiteExecutor.execute(TestSuiteExecutor.java:106)
	at com.kms.katalon.core.main.TestCaseMain.startTestSuite(TestCaseMain.java:180)
	at TempTestSuite1719146657080.run(TempTestSuite1719146657080.groovy:35)
	at java.base/jdk.internal.reflect.NativeMethodAccessorImpl.invoke0(Native Method)
	at java.base/jdk.internal.reflect.NativeMethodAccessorImpl.invoke(NativeMethodAccessorImpl.java:77)
	at java.base/jdk.internal.reflect.DelegatingMethodAccessorImpl.invoke(DelegatingMethodAccessorImpl.java:43)
)
	at com.kms.katalon.core.keyword.internal.KeywordMain.stepFailed(KeywordMain.groovy:39)
	at com.kms.katalon.core.keyword.internal.KeywordMain.stepFailed(KeywordMain.groovy)
	at com.kms.katalon.core.keyword.internal.KeywordMain.runKeyword(KeywordMain.groovy:77)
	at com.kms.katalon.core.keyword.builtin.VerifyMatchKeyword.verifyMatch(VerifyMatchKeyword.groovy:60)
	at com.kms.katalon.core.keyword.builtin.VerifyMatchKeyword.execute(VerifyMatchKeyword.groovy:45)
	at com.kms.katalon.core.keyword.internal.KeywordExecutor.executeKeywordForPlatform(KeywordExecutor.groovy:74)
	at com.kms.katalon.core.keyword.BuiltinKeywords.verifyMatch(BuiltinKeywords.groovy:60)
	at java.base/jdk.internal.reflect.NativeMethodAccessorImpl.invoke0(Native Method)
	at java.base/jdk.internal.reflect.NativeMethodAccessorImpl.invoke(NativeMethodAccessorImpl.java:77)
	at java.base/jdk.internal.reflect.DelegatingMethodAccessorImpl.invoke(DelegatingMethodAccessorImpl.java:43)
	at com.artlens.utils.AdminUtils.verifyPageAccessLoggedOut(AdminUtils.groovy:112)
	at page_accessible_logged_out.run(page_accessible_logged_out:24)
	at com.kms.katalon.core.main.ScriptEngine.run(ScriptEngine.java:194)
	at com.kms.katalon.core.main.ScriptEngine.runScriptAsRawText(ScriptEngine.java:119)
	at com.kms.katalon.core.main.TestCaseExecutor.runScript(TestCaseExecutor.java:448)
	at com.kms.katalon.core.main.TestCaseExecutor.doExecute(TestCaseExecutor.java:439)
	at com.kms.katalon.core.main.TestCaseExecutor.processExecutionPhase(TestCaseExecutor.java:418)
	at com.kms.katalon.core.main.TestCaseExecutor.accessMainPhase(TestCaseExecutor.java:410)
	at com.kms.katalon.core.main.TestCaseExecutor.execute(TestCaseExecutor.java:285)
	at com.kms.katalon.core.common.CommonExecutor.accessTestCaseMainPhase(CommonExecutor.java:65)
	at com.kms.katalon.core.main.TestSuiteExecutor.accessTestSuiteMainPhase(TestSuiteExecutor.java:150)
	at com.kms.katalon.core.main.TestSuiteExecutor.execute(TestSuiteExecutor.java:106)
	at com.kms.katalon.core.main.TestCaseMain.startTestSuite(TestCaseMain.java:180)
	at TempTestSuite1719146657080.run(TempTestSuite1719146657080.groovy:35)
	at java.base/jdk.internal.reflect.NativeMethodAccessorImpl.invoke0(Native Method)
	at java.base/jdk.internal.reflect.NativeMethodAccessorImpl.invoke(NativeMethodAccessorImpl.java:77)
	at java.base/jdk.internal.reflect.DelegatingMethodAccessorImpl.invoke(DelegatingMethodAccessorImpl.java:43)
Caused by: com.kms.katalon.core.exception.StepFailedException: Actual text 'http://localhost/SAD/ArtLens/index.php' and expected text 'http://localhost/SAD/ArtLens/admin.php' are not matched
	at com.kms.katalon.core.keyword.builtin.VerifyMatchKeyword$_verifyMatch_closure1.doCall(VerifyMatchKeyword.groovy:57)
	at com.kms.katalon.core.keyword.builtin.VerifyMatchKeyword$_verifyMatch_closure1.call(VerifyMatchKeyword.groovy)
	at com.kms.katalon.core.keyword.internal.KeywordMain.runKeyword(KeywordMain.groovy:75)
	... 24 more


23-06-2024T20:45:49 - [TEST_STEP][PASSED] - Start listener action : sampleBeforeTestCase: Browser is opened with url: ''

23-06-2024T20:45:49 - [TEST_STEP][PASSED] - println(testCaseContext.getTestCaseId()): null

23-06-2024T20:45:49 - [TEST_STEP][PASSED] - openBrowser(""): Browser is opened with url: ''

23-06-2024T20:45:49 - [MESSAGE][WARNING] - A browser is already opened. Closing browser and opening a new one

23-06-2024T20:45:53 - [MESSAGE][INFO] - Starting 'Firefox (headless)' driver

23-06-2024T20:45:53 - [MESSAGE][INFO] - Action delay is set to 0 milliseconds

23-06-2024T20:46:01 - [MESSAGE][PASSED] - Browser is opened with url: ''

23-06-2024T20:46:01 - [TEST_STEP][FAILED] - try: Unable to verify match between actual text 'http://localhost/SAD/ArtLens/index.php' and expected text 'http://localhost/SAD/ArtLens/admin.php' (Root cause: com.kms.katalon.core.exception.StepFailedException: Actual text 'http://localhost/SAD/ArtLens/index.php' and expected text 'http://localhost/SAD/ArtLens/admin.php' are not matched
	at com.kms.katalon.core.keyword.builtin.VerifyMatchKeyword$_verifyMatch_closure1.doCall(VerifyMatchKeyword.groovy:57)
	at com.kms.katalon.core.keyword.builtin.VerifyMatchKeyword$_verifyMatch_closure1.call(VerifyMatchKeyword.groovy)
	at com.kms.katalon.core.keyword.internal.KeywordMain.runKeyword(KeywordMain.groovy:75)
	at com.kms.katalon.core.keyword.builtin.VerifyMatchKeyword.verifyMatch(VerifyMatchKeyword.groovy:60)
	at com.kms.katalon.core.keyword.builtin.VerifyMatchKeyword.execute(VerifyMatchKeyword.groovy:45)
	at com.kms.katalon.core.keyword.internal.KeywordExecutor.executeKeywordForPlatform(KeywordExecutor.groovy:74)
	at com.kms.katalon.core.keyword.BuiltinKeywords.verifyMatch(BuiltinKeywords.groovy:60)
	at java.base/jdk.internal.reflect.NativeMethodAccessorImpl.invoke0(Native Method)
	at java.base/jdk.internal.reflect.NativeMethodAccessorImpl.invoke(NativeMethodAccessorImpl.java:77)
	at java.base/jdk.internal.reflect.DelegatingMethodAccessorImpl.invoke(DelegatingMethodAccessorImpl.java:43)
	at com.artlens.utils.AdminUtils.verifyPageAccessLoggedOut(AdminUtils.groovy:112)
	at page_accessible_logged_out.run(page_accessible_logged_out:24)
	at com.kms.katalon.core.main.ScriptEngine.run(ScriptEngine.java:194)
	at com.kms.katalon.core.main.ScriptEngine.runScriptAsRawText(ScriptEngine.java:119)
	at com.kms.katalon.core.main.TestCaseExecutor.runScript(TestCaseExecutor.java:448)
	at com.kms.katalon.core.main.TestCaseExecutor.doExecute(TestCaseExecutor.java:439)
	at com.kms.katalon.core.main.TestCaseExecutor.processExecutionPhase(TestCaseExecutor.java:418)
	at com.kms.katalon.core.main.TestCaseExecutor.accessMainPhase(TestCaseExecutor.java:410)
	at com.kms.katalon.core.main.TestCaseExecutor.execute(TestCaseExecutor.java:285)
	at com.kms.katalon.core.common.CommonExecutor.accessTestCaseMainPhase(CommonExecutor.java:65)
	at com.kms.katalon.core.main.TestSuiteExecutor.accessTestSuiteMainPhase(TestSuiteExecutor.java:150)
	at com.kms.katalon.core.main.TestSuiteExecutor.execute(TestSuiteExecutor.java:106)
	at com.kms.katalon.core.main.TestCaseMain.startTestSuite(TestCaseMain.java:180)
	at TempTestSuite1719146657080.run(TempTestSuite1719146657080.groovy:35)
	at java.base/jdk.internal.reflect.NativeMethodAccessorImpl.invoke0(Native Method)
	at java.base/jdk.internal.reflect.NativeMethodAccessorImpl.invoke(NativeMethodAccessorImpl.java:77)
	at java.base/jdk.internal.reflect.DelegatingMethodAccessorImpl.invoke(DelegatingMethodAccessorImpl.java:43)
)

23-06-2024T20:46:01 - [TEST_STEP][FAILED] - AdminUtils.verifyPageAccessLoggedOut("adminindex.php"): Unable to verify match between actual text 'http://localhost/SAD/ArtLens/index.php' and expected text 'http://localhost/SAD/ArtLens/admin.php' (Root cause: com.kms.katalon.core.exception.StepFailedException: Actual text 'http://localhost/SAD/ArtLens/index.php' and expected text 'http://localhost/SAD/ArtLens/admin.php' are not matched
	at com.kms.katalon.core.keyword.builtin.VerifyMatchKeyword$_verifyMatch_closure1.doCall(VerifyMatchKeyword.groovy:57)
	at com.kms.katalon.core.keyword.builtin.VerifyMatchKeyword$_verifyMatch_closure1.call(VerifyMatchKeyword.groovy)
	at com.kms.katalon.core.keyword.internal.KeywordMain.runKeyword(KeywordMain.groovy:75)
	at com.kms.katalon.core.keyword.builtin.VerifyMatchKeyword.verifyMatch(VerifyMatchKeyword.groovy:60)
	at com.kms.katalon.core.keyword.builtin.VerifyMatchKeyword.execute(VerifyMatchKeyword.groovy:45)
	at com.kms.katalon.core.keyword.internal.KeywordExecutor.executeKeywordForPlatform(KeywordExecutor.groovy:74)
	at com.kms.katalon.core.keyword.BuiltinKeywords.verifyMatch(BuiltinKeywords.groovy:60)
	at java.base/jdk.internal.reflect.NativeMethodAccessorImpl.invoke0(Native Method)
	at java.base/jdk.internal.reflect.NativeMethodAccessorImpl.invoke(NativeMethodAccessorImpl.java:77)
	at java.base/jdk.internal.reflect.DelegatingMethodAccessorImpl.invoke(DelegatingMethodAccessorImpl.java:43)
	at com.artlens.utils.AdminUtils.verifyPageAccessLoggedOut(AdminUtils.groovy:112)
	at page_accessible_logged_out.run(page_accessible_logged_out:24)
	at com.kms.katalon.core.main.ScriptEngine.run(ScriptEngine.java:194)
	at com.kms.katalon.core.main.ScriptEngine.runScriptAsRawText(ScriptEngine.java:119)
	at com.kms.katalon.core.main.TestCaseExecutor.runScript(TestCaseExecutor.java:448)
	at com.kms.katalon.core.main.TestCaseExecutor.doExecute(TestCaseExecutor.java:439)
	at com.kms.katalon.core.main.TestCaseExecutor.processExecutionPhase(TestCaseExecutor.java:418)
	at com.kms.katalon.core.main.TestCaseExecutor.accessMainPhase(TestCaseExecutor.java:410)
	at com.kms.katalon.core.main.TestCaseExecutor.execute(TestCaseExecutor.java:285)
	at com.kms.katalon.core.common.CommonExecutor.accessTestCaseMainPhase(CommonExecutor.java:65)
	at com.kms.katalon.core.main.TestSuiteExecutor.accessTestSuiteMainPhase(TestSuiteExecutor.java:150)
	at com.kms.katalon.core.main.TestSuiteExecutor.execute(TestSuiteExecutor.java:106)
	at com.kms.katalon.core.main.TestCaseMain.startTestSuite(TestCaseMain.java:180)
	at TempTestSuite1719146657080.run(TempTestSuite1719146657080.groovy:35)
	at java.base/jdk.internal.reflect.NativeMethodAccessorImpl.invoke0(Native Method)
	at java.base/jdk.internal.reflect.NativeMethodAccessorImpl.invoke(NativeMethodAccessorImpl.java:77)
	at java.base/jdk.internal.reflect.DelegatingMethodAccessorImpl.invoke(DelegatingMethodAccessorImpl.java:43)
)

23-06-2024T20:46:01 - [MESSAGE][INFO] - HAR: C:\DevPackage\xampp\htdocs\SAD\ArtLens\Reports\20240623_204104\Test_Admin_Pages_Authentication\20240623_204417\requests\main\8.har

23-06-2024T20:46:01 - [MESSAGE][PASSED] - Send request successfully

23-06-2024T20:46:01 - [MESSAGE][PASSED] - All links are accessible

23-06-2024T20:46:02 - [MESSAGE][PASSED] - Navigate to 'http://localhost/SAD/ArtLens/adminindex.php' successfully

23-06-2024T20:46:02 - [MESSAGE][PASSED] - Current window's url is: 'http://localhost/SAD/ArtLens/index.php'

23-06-2024T20:46:02 - [MESSAGE][INFO] - HAR: C:\DevPackage\xampp\htdocs\SAD\ArtLens\Reports\20240623_204104\Test_Admin_Pages_Authentication\20240623_204417\requests\main\9.har

23-06-2024T20:46:02 - [MESSAGE][PASSED] - Send request successfully

23-06-2024T20:46:02 - [MESSAGE][PASSED] - All links are accessible

23-06-2024T20:46:02 - [MESSAGE][PASSED] - Actual text 'http://localhost/SAD/ArtLens/index.php' and expected text 'http://localhost/SAD/ArtLens/adminindex.php' are not matched 

23-06-2024T20:46:02 - [MESSAGE][FAILED] - Unable to verify match between actual text 'http://localhost/SAD/ArtLens/index.php' and expected text 'http://localhost/SAD/ArtLens/admin.php' (Root cause: com.kms.katalon.core.exception.StepFailedException: Actual text 'http://localhost/SAD/ArtLens/index.php' and expected text 'http://localhost/SAD/ArtLens/admin.php' are not matched
	at com.kms.katalon.core.keyword.builtin.VerifyMatchKeyword$_verifyMatch_closure1.doCall(VerifyMatchKeyword.groovy:57)
	at com.kms.katalon.core.keyword.builtin.VerifyMatchKeyword$_verifyMatch_closure1.call(VerifyMatchKeyword.groovy)
	at com.kms.katalon.core.keyword.internal.KeywordMain.runKeyword(KeywordMain.groovy:75)
	at com.kms.katalon.core.keyword.builtin.VerifyMatchKeyword.verifyMatch(VerifyMatchKeyword.groovy:60)
	at com.kms.katalon.core.keyword.builtin.VerifyMatchKeyword.execute(VerifyMatchKeyword.groovy:45)
	at com.kms.katalon.core.keyword.internal.KeywordExecutor.executeKeywordForPlatform(KeywordExecutor.groovy:74)
	at com.kms.katalon.core.keyword.BuiltinKeywords.verifyMatch(BuiltinKeywords.groovy:60)
	at java.base/jdk.internal.reflect.NativeMethodAccessorImpl.invoke0(Native Method)
	at java.base/jdk.internal.reflect.NativeMethodAccessorImpl.invoke(NativeMethodAccessorImpl.java:77)
	at java.base/jdk.internal.reflect.DelegatingMethodAccessorImpl.invoke(DelegatingMethodAccessorImpl.java:43)
	at com.artlens.utils.AdminUtils.verifyPageAccessLoggedOut(AdminUtils.groovy:112)
	at page_accessible_logged_out.run(page_accessible_logged_out:24)
	at com.kms.katalon.core.main.ScriptEngine.run(ScriptEngine.java:194)
	at com.kms.katalon.core.main.ScriptEngine.runScriptAsRawText(ScriptEngine.java:119)
	at com.kms.katalon.core.main.TestCaseExecutor.runScript(TestCaseExecutor.java:448)
	at com.kms.katalon.core.main.TestCaseExecutor.doExecute(TestCaseExecutor.java:439)
	at com.kms.katalon.core.main.TestCaseExecutor.processExecutionPhase(TestCaseExecutor.java:418)
	at com.kms.katalon.core.main.TestCaseExecutor.accessMainPhase(TestCaseExecutor.java:410)
	at com.kms.katalon.core.main.TestCaseExecutor.execute(TestCaseExecutor.java:285)
	at com.kms.katalon.core.common.CommonExecutor.accessTestCaseMainPhase(CommonExecutor.java:65)
	at com.kms.katalon.core.main.TestSuiteExecutor.accessTestSuiteMainPhase(TestSuiteExecutor.java:150)
	at com.kms.katalon.core.main.TestSuiteExecutor.execute(TestSuiteExecutor.java:106)
	at com.kms.katalon.core.main.TestCaseMain.startTestSuite(TestCaseMain.java:180)
	at TempTestSuite1719146657080.run(TempTestSuite1719146657080.groovy:35)
	at java.base/jdk.internal.reflect.NativeMethodAccessorImpl.invoke0(Native Method)
	at java.base/jdk.internal.reflect.NativeMethodAccessorImpl.invoke(NativeMethodAccessorImpl.java:77)
	at java.base/jdk.internal.reflect.DelegatingMethodAccessorImpl.invoke(DelegatingMethodAccessorImpl.java:43)
)

23-06-2024T20:46:02 - [TEST_STEP][PASSED] - Start listener action : sampleAfterTestCase: null]]></system-out>
         <system-err><![CDATA[23-06-2024T20:45:49 - [TEST_CASE][FAILED] - Test Cases/admin/dashboard/page_accessible_logged_out: Test Cases/admin/dashboard/page_accessible_logged_out FAILED.
Reason:
com.kms.katalon.core.exception.StepFailedException: Unable to verify match between actual text 'http://localhost/SAD/ArtLens/index.php' and expected text 'http://localhost/SAD/ArtLens/admin.php' (Root cause: com.kms.katalon.core.exception.StepFailedException: Actual text 'http://localhost/SAD/ArtLens/index.php' and expected text 'http://localhost/SAD/ArtLens/admin.php' are not matched
	at com.kms.katalon.core.keyword.builtin.VerifyMatchKeyword$_verifyMatch_closure1.doCall(VerifyMatchKeyword.groovy:57)
	at com.kms.katalon.core.keyword.builtin.VerifyMatchKeyword$_verifyMatch_closure1.call(VerifyMatchKeyword.groovy)
	at com.kms.katalon.core.keyword.internal.KeywordMain.runKeyword(KeywordMain.groovy:75)
	at com.kms.katalon.core.keyword.builtin.VerifyMatchKeyword.verifyMatch(VerifyMatchKeyword.groovy:60)
	at com.kms.katalon.core.keyword.builtin.VerifyMatchKeyword.execute(VerifyMatchKeyword.groovy:45)
	at com.kms.katalon.core.keyword.internal.KeywordExecutor.executeKeywordForPlatform(KeywordExecutor.groovy:74)
	at com.kms.katalon.core.keyword.BuiltinKeywords.verifyMatch(BuiltinKeywords.groovy:60)
	at java.base/jdk.internal.reflect.NativeMethodAccessorImpl.invoke0(Native Method)
	at java.base/jdk.internal.reflect.NativeMethodAccessorImpl.invoke(NativeMethodAccessorImpl.java:77)
	at java.base/jdk.internal.reflect.DelegatingMethodAccessorImpl.invoke(DelegatingMethodAccessorImpl.java:43)
	at com.artlens.utils.AdminUtils.verifyPageAccessLoggedOut(AdminUtils.groovy:112)
	at page_accessible_logged_out.run(page_accessible_logged_out:24)
	at com.kms.katalon.core.main.ScriptEngine.run(ScriptEngine.java:194)
	at com.kms.katalon.core.main.ScriptEngine.runScriptAsRawText(ScriptEngine.java:119)
	at com.kms.katalon.core.main.TestCaseExecutor.runScript(TestCaseExecutor.java:448)
	at com.kms.katalon.core.main.TestCaseExecutor.doExecute(TestCaseExecutor.java:439)
	at com.kms.katalon.core.main.TestCaseExecutor.processExecutionPhase(TestCaseExecutor.java:418)
	at com.kms.katalon.core.main.TestCaseExecutor.accessMainPhase(TestCaseExecutor.java:410)
	at com.kms.katalon.core.main.TestCaseExecutor.execute(TestCaseExecutor.java:285)
	at com.kms.katalon.core.common.CommonExecutor.accessTestCaseMainPhase(CommonExecutor.java:65)
	at com.kms.katalon.core.main.TestSuiteExecutor.accessTestSuiteMainPhase(TestSuiteExecutor.java:150)
	at com.kms.katalon.core.main.TestSuiteExecutor.execute(TestSuiteExecutor.java:106)
	at com.kms.katalon.core.main.TestCaseMain.startTestSuite(TestCaseMain.java:180)
	at TempTestSuite1719146657080.run(TempTestSuite1719146657080.groovy:35)
	at java.base/jdk.internal.reflect.NativeMethodAccessorImpl.invoke0(Native Method)
	at java.base/jdk.internal.reflect.NativeMethodAccessorImpl.invoke(NativeMethodAccessorImpl.java:77)
	at java.base/jdk.internal.reflect.DelegatingMethodAccessorImpl.invoke(DelegatingMethodAccessorImpl.java:43)
)
	at com.kms.katalon.core.keyword.internal.KeywordMain.stepFailed(KeywordMain.groovy:39)
	at com.kms.katalon.core.keyword.internal.KeywordMain.stepFailed(KeywordMain.groovy)
	at com.kms.katalon.core.keyword.internal.KeywordMain.runKeyword(KeywordMain.groovy:77)
	at com.kms.katalon.core.keyword.builtin.VerifyMatchKeyword.verifyMatch(VerifyMatchKeyword.groovy:60)
	at com.kms.katalon.core.keyword.builtin.VerifyMatchKeyword.execute(VerifyMatchKeyword.groovy:45)
	at com.kms.katalon.core.keyword.internal.KeywordExecutor.executeKeywordForPlatform(KeywordExecutor.groovy:74)
	at com.kms.katalon.core.keyword.BuiltinKeywords.verifyMatch(BuiltinKeywords.groovy:60)
	at java.base/jdk.internal.reflect.NativeMethodAccessorImpl.invoke0(Native Method)
	at java.base/jdk.internal.reflect.NativeMethodAccessorImpl.invoke(NativeMethodAccessorImpl.java:77)
	at java.base/jdk.internal.reflect.DelegatingMethodAccessorImpl.invoke(DelegatingMethodAccessorImpl.java:43)
	at com.artlens.utils.AdminUtils.verifyPageAccessLoggedOut(AdminUtils.groovy:112)
	at page_accessible_logged_out.run(page_accessible_logged_out:24)
	at com.kms.katalon.core.main.ScriptEngine.run(ScriptEngine.java:194)
	at com.kms.katalon.core.main.ScriptEngine.runScriptAsRawText(ScriptEngine.java:119)
	at com.kms.katalon.core.main.TestCaseExecutor.runScript(TestCaseExecutor.java:448)
	at com.kms.katalon.core.main.TestCaseExecutor.doExecute(TestCaseExecutor.java:439)
	at com.kms.katalon.core.main.TestCaseExecutor.processExecutionPhase(TestCaseExecutor.java:418)
	at com.kms.katalon.core.main.TestCaseExecutor.accessMainPhase(TestCaseExecutor.java:410)
	at com.kms.katalon.core.main.TestCaseExecutor.execute(TestCaseExecutor.java:285)
	at com.kms.katalon.core.common.CommonExecutor.accessTestCaseMainPhase(CommonExecutor.java:65)
	at com.kms.katalon.core.main.TestSuiteExecutor.accessTestSuiteMainPhase(TestSuiteExecutor.java:150)
	at com.kms.katalon.core.main.TestSuiteExecutor.execute(TestSuiteExecutor.java:106)
	at com.kms.katalon.core.main.TestCaseMain.startTestSuite(TestCaseMain.java:180)
	at TempTestSuite1719146657080.run(TempTestSuite1719146657080.groovy:35)
	at java.base/jdk.internal.reflect.NativeMethodAccessorImpl.invoke0(Native Method)
	at java.base/jdk.internal.reflect.NativeMethodAccessorImpl.invoke(NativeMethodAccessorImpl.java:77)
	at java.base/jdk.internal.reflect.DelegatingMethodAccessorImpl.invoke(DelegatingMethodAccessorImpl.java:43)
Caused by: com.kms.katalon.core.exception.StepFailedException: Actual text 'http://localhost/SAD/ArtLens/index.php' and expected text 'http://localhost/SAD/ArtLens/admin.php' are not matched
	at com.kms.katalon.core.keyword.builtin.VerifyMatchKeyword$_verifyMatch_closure1.doCall(VerifyMatchKeyword.groovy:57)
	at com.kms.katalon.core.keyword.builtin.VerifyMatchKeyword$_verifyMatch_closure1.call(VerifyMatchKeyword.groovy)
	at com.kms.katalon.core.keyword.internal.KeywordMain.runKeyword(KeywordMain.groovy:75)
	... 24 more]]></system-err>
      </testcase>
      <testcase name="Test Cases/admin/quiz_management/page_accessible_logged_out" time="11.457" classname="Test Cases/admin/quiz_management/page_accessible_logged_out" status="FAILED">
         <failure type="FAILED" message="Test Cases/admin/quiz_management/page_accessible_logged_out FAILED.&#xa;Reason:&#xa;com.kms.katalon.core.exception.StepFailedException: Unable to verify match between actual text 'http://localhost/SAD/ArtLens/index.php' and expected text 'http://localhost/SAD/ArtLens/admin.php' (Root cause: com.kms.katalon.core.exception.StepFailedException: Actual text 'http://localhost/SAD/ArtLens/index.php' and expected text 'http://localhost/SAD/ArtLens/admin.php' are not matched&#xa;	at com.kms.katalon.core.keyword.builtin.VerifyMatchKeyword$_verifyMatch_closure1.doCall(VerifyMatchKeyword.groovy:57)&#xa;	at com.kms.katalon.core.keyword.builtin.VerifyMatchKeyword$_verifyMatch_closure1.call(VerifyMatchKeyword.groovy)&#xa;	at com.kms.katalon.core.keyword.internal.KeywordMain.runKeyword(KeywordMain.groovy:75)&#xa;	at com.kms.katalon.core.keyword.builtin.VerifyMatchKeyword.verifyMatch(VerifyMatchKeyword.groovy:60)&#xa;	at com.kms.katalon.core.keyword.builtin.VerifyMatchKeyword.execute(VerifyMatchKeyword.groovy:45)&#xa;	at com.kms.katalon.core.keyword.internal.KeywordExecutor.executeKeywordForPlatform(KeywordExecutor.groovy:74)&#xa;	at com.kms.katalon.core.keyword.BuiltinKeywords.verifyMatch(BuiltinKeywords.groovy:60)&#xa;	at java.base/jdk.internal.reflect.NativeMethodAccessorImpl.invoke0(Native Method)&#xa;	at java.base/jdk.internal.reflect.NativeMethodAccessorImpl.invoke(NativeMethodAccessorImpl.java:77)&#xa;	at java.base/jdk.internal.reflect.DelegatingMethodAccessorImpl.invoke(DelegatingMethodAccessorImpl.java:43)&#xa;	at com.artlens.utils.AdminUtils.verifyPageAccessLoggedOut(AdminUtils.groovy:112)&#xa;	at page_accessible_logged_out.run(page_accessible_logged_out:24)&#xa;	at com.kms.katalon.core.main.ScriptEngine.run(ScriptEngine.java:194)&#xa;	at com.kms.katalon.core.main.ScriptEngine.runScriptAsRawText(ScriptEngine.java:119)&#xa;	at com.kms.katalon.core.main.TestCaseExecutor.runScript(TestCaseExecutor.java:448)&#xa;	at com.kms.katalon.core.main.TestCaseExecutor.doExecute(TestCaseExecutor.java:439)&#xa;	at com.kms.katalon.core.main.TestCaseExecutor.processExecutionPhase(TestCaseExecutor.java:418)&#xa;	at com.kms.katalon.core.main.TestCaseExecutor.accessMainPhase(TestCaseExecutor.java:410)&#xa;	at com.kms.katalon.core.main.TestCaseExecutor.execute(TestCaseExecutor.java:285)&#xa;	at com.kms.katalon.core.common.CommonExecutor.accessTestCaseMainPhase(CommonExecutor.java:65)&#xa;	at com.kms.katalon.core.main.TestSuiteExecutor.accessTestSuiteMainPhase(TestSuiteExecutor.java:150)&#xa;	at com.kms.katalon.core.main.TestSuiteExecutor.execute(TestSuiteExecutor.java:106)&#xa;	at com.kms.katalon.core.main.TestCaseMain.startTestSuite(TestCaseMain.java:180)&#xa;	at TempTestSuite1719146657080.run(TempTestSuite1719146657080.groovy:35)&#xa;	at java.base/jdk.internal.reflect.NativeMethodAccessorImpl.invoke0(Native Method)&#xa;	at java.base/jdk.internal.reflect.NativeMethodAccessorImpl.invoke(NativeMethodAccessorImpl.java:77)&#xa;	at java.base/jdk.internal.reflect.DelegatingMethodAccessorImpl.invoke(DelegatingMethodAccessorImpl.java:43)&#xa;)&#xa;	at com.kms.katalon.core.keyword.internal.KeywordMain.stepFailed(KeywordMain.groovy:39)&#xa;	at com.kms.katalon.core.keyword.internal.KeywordMain.stepFailed(KeywordMain.groovy)&#xa;	at com.kms.katalon.core.keyword.internal.KeywordMain.runKeyword(KeywordMain.groovy:77)&#xa;	at com.kms.katalon.core.keyword.builtin.VerifyMatchKeyword.verifyMatch(VerifyMatchKeyword.groovy:60)&#xa;	at com.kms.katalon.core.keyword.builtin.VerifyMatchKeyword.execute(VerifyMatchKeyword.groovy:45)&#xa;	at com.kms.katalon.core.keyword.internal.KeywordExecutor.executeKeywordForPlatform(KeywordExecutor.groovy:74)&#xa;	at com.kms.katalon.core.keyword.BuiltinKeywords.verifyMatch(BuiltinKeywords.groovy:60)&#xa;	at java.base/jdk.internal.reflect.NativeMethodAccessorImpl.invoke0(Native Method)&#xa;	at java.base/jdk.internal.reflect.NativeMethodAccessorImpl.invoke(NativeMethodAccessorImpl.java:77)&#xa;	at java.base/jdk.internal.reflect.DelegatingMethodAccessorImpl.invoke(DelegatingMethodAccessorImpl.java:43)&#xa;	at com.artlens.utils.AdminUtils.verifyPageAccessLoggedOut(AdminUtils.groovy:112)&#xa;	at page_accessible_logged_out.run(page_accessible_logged_out:24)&#xa;	at com.kms.katalon.core.main.ScriptEngine.run(ScriptEngine.java:194)&#xa;	at com.kms.katalon.core.main.ScriptEngine.runScriptAsRawText(ScriptEngine.java:119)&#xa;	at com.kms.katalon.core.main.TestCaseExecutor.runScript(TestCaseExecutor.java:448)&#xa;	at com.kms.katalon.core.main.TestCaseExecutor.doExecute(TestCaseExecutor.java:439)&#xa;	at com.kms.katalon.core.main.TestCaseExecutor.processExecutionPhase(TestCaseExecutor.java:418)&#xa;	at com.kms.katalon.core.main.TestCaseExecutor.accessMainPhase(TestCaseExecutor.java:410)&#xa;	at com.kms.katalon.core.main.TestCaseExecutor.execute(TestCaseExecutor.java:285)&#xa;	at com.kms.katalon.core.common.CommonExecutor.accessTestCaseMainPhase(CommonExecutor.java:65)&#xa;	at com.kms.katalon.core.main.TestSuiteExecutor.accessTestSuiteMainPhase(TestSuiteExecutor.java:150)&#xa;	at com.kms.katalon.core.main.TestSuiteExecutor.execute(TestSuiteExecutor.java:106)&#xa;	at com.kms.katalon.core.main.TestCaseMain.startTestSuite(TestCaseMain.java:180)&#xa;	at TempTestSuite1719146657080.run(TempTestSuite1719146657080.groovy:35)&#xa;	at java.base/jdk.internal.reflect.NativeMethodAccessorImpl.invoke0(Native Method)&#xa;	at java.base/jdk.internal.reflect.NativeMethodAccessorImpl.invoke(NativeMethodAccessorImpl.java:77)&#xa;	at java.base/jdk.internal.reflect.DelegatingMethodAccessorImpl.invoke(DelegatingMethodAccessorImpl.java:43)&#xa;Caused by: com.kms.katalon.core.exception.StepFailedException: Actual text 'http://localhost/SAD/ArtLens/index.php' and expected text 'http://localhost/SAD/ArtLens/admin.php' are not matched&#xa;	at com.kms.katalon.core.keyword.builtin.VerifyMatchKeyword$_verifyMatch_closure1.doCall(VerifyMatchKeyword.groovy:57)&#xa;	at com.kms.katalon.core.keyword.builtin.VerifyMatchKeyword$_verifyMatch_closure1.call(VerifyMatchKeyword.groovy)&#xa;	at com.kms.katalon.core.keyword.internal.KeywordMain.runKeyword(KeywordMain.groovy:75)&#xa;	... 24 more&#xa;"/>
         <system-out><![CDATA[23-06-2024T20:46:02 - [TEST_CASE][FAILED] - Test Cases/admin/quiz_management/page_accessible_logged_out: Test Cases/admin/quiz_management/page_accessible_logged_out FAILED.
Reason:
com.kms.katalon.core.exception.StepFailedException: Unable to verify match between actual text 'http://localhost/SAD/ArtLens/index.php' and expected text 'http://localhost/SAD/ArtLens/admin.php' (Root cause: com.kms.katalon.core.exception.StepFailedException: Actual text 'http://localhost/SAD/ArtLens/index.php' and expected text 'http://localhost/SAD/ArtLens/admin.php' are not matched
	at com.kms.katalon.core.keyword.builtin.VerifyMatchKeyword$_verifyMatch_closure1.doCall(VerifyMatchKeyword.groovy:57)
	at com.kms.katalon.core.keyword.builtin.VerifyMatchKeyword$_verifyMatch_closure1.call(VerifyMatchKeyword.groovy)
	at com.kms.katalon.core.keyword.internal.KeywordMain.runKeyword(KeywordMain.groovy:75)
	at com.kms.katalon.core.keyword.builtin.VerifyMatchKeyword.verifyMatch(VerifyMatchKeyword.groovy:60)
	at com.kms.katalon.core.keyword.builtin.VerifyMatchKeyword.execute(VerifyMatchKeyword.groovy:45)
	at com.kms.katalon.core.keyword.internal.KeywordExecutor.executeKeywordForPlatform(KeywordExecutor.groovy:74)
	at com.kms.katalon.core.keyword.BuiltinKeywords.verifyMatch(BuiltinKeywords.groovy:60)
	at java.base/jdk.internal.reflect.NativeMethodAccessorImpl.invoke0(Native Method)
	at java.base/jdk.internal.reflect.NativeMethodAccessorImpl.invoke(NativeMethodAccessorImpl.java:77)
	at java.base/jdk.internal.reflect.DelegatingMethodAccessorImpl.invoke(DelegatingMethodAccessorImpl.java:43)
	at com.artlens.utils.AdminUtils.verifyPageAccessLoggedOut(AdminUtils.groovy:112)
	at page_accessible_logged_out.run(page_accessible_logged_out:24)
	at com.kms.katalon.core.main.ScriptEngine.run(ScriptEngine.java:194)
	at com.kms.katalon.core.main.ScriptEngine.runScriptAsRawText(ScriptEngine.java:119)
	at com.kms.katalon.core.main.TestCaseExecutor.runScript(TestCaseExecutor.java:448)
	at com.kms.katalon.core.main.TestCaseExecutor.doExecute(TestCaseExecutor.java:439)
	at com.kms.katalon.core.main.TestCaseExecutor.processExecutionPhase(TestCaseExecutor.java:418)
	at com.kms.katalon.core.main.TestCaseExecutor.accessMainPhase(TestCaseExecutor.java:410)
	at com.kms.katalon.core.main.TestCaseExecutor.execute(TestCaseExecutor.java:285)
	at com.kms.katalon.core.common.CommonExecutor.accessTestCaseMainPhase(CommonExecutor.java:65)
	at com.kms.katalon.core.main.TestSuiteExecutor.accessTestSuiteMainPhase(TestSuiteExecutor.java:150)
	at com.kms.katalon.core.main.TestSuiteExecutor.execute(TestSuiteExecutor.java:106)
	at com.kms.katalon.core.main.TestCaseMain.startTestSuite(TestCaseMain.java:180)
	at TempTestSuite1719146657080.run(TempTestSuite1719146657080.groovy:35)
	at java.base/jdk.internal.reflect.NativeMethodAccessorImpl.invoke0(Native Method)
	at java.base/jdk.internal.reflect.NativeMethodAccessorImpl.invoke(NativeMethodAccessorImpl.java:77)
	at java.base/jdk.internal.reflect.DelegatingMethodAccessorImpl.invoke(DelegatingMethodAccessorImpl.java:43)
)
	at com.kms.katalon.core.keyword.internal.KeywordMain.stepFailed(KeywordMain.groovy:39)
	at com.kms.katalon.core.keyword.internal.KeywordMain.stepFailed(KeywordMain.groovy)
	at com.kms.katalon.core.keyword.internal.KeywordMain.runKeyword(KeywordMain.groovy:77)
	at com.kms.katalon.core.keyword.builtin.VerifyMatchKeyword.verifyMatch(VerifyMatchKeyword.groovy:60)
	at com.kms.katalon.core.keyword.builtin.VerifyMatchKeyword.execute(VerifyMatchKeyword.groovy:45)
	at com.kms.katalon.core.keyword.internal.KeywordExecutor.executeKeywordForPlatform(KeywordExecutor.groovy:74)
	at com.kms.katalon.core.keyword.BuiltinKeywords.verifyMatch(BuiltinKeywords.groovy:60)
	at java.base/jdk.internal.reflect.NativeMethodAccessorImpl.invoke0(Native Method)
	at java.base/jdk.internal.reflect.NativeMethodAccessorImpl.invoke(NativeMethodAccessorImpl.java:77)
	at java.base/jdk.internal.reflect.DelegatingMethodAccessorImpl.invoke(DelegatingMethodAccessorImpl.java:43)
	at com.artlens.utils.AdminUtils.verifyPageAccessLoggedOut(AdminUtils.groovy:112)
	at page_accessible_logged_out.run(page_accessible_logged_out:24)
	at com.kms.katalon.core.main.ScriptEngine.run(ScriptEngine.java:194)
	at com.kms.katalon.core.main.ScriptEngine.runScriptAsRawText(ScriptEngine.java:119)
	at com.kms.katalon.core.main.TestCaseExecutor.runScript(TestCaseExecutor.java:448)
	at com.kms.katalon.core.main.TestCaseExecutor.doExecute(TestCaseExecutor.java:439)
	at com.kms.katalon.core.main.TestCaseExecutor.processExecutionPhase(TestCaseExecutor.java:418)
	at com.kms.katalon.core.main.TestCaseExecutor.accessMainPhase(TestCaseExecutor.java:410)
	at com.kms.katalon.core.main.TestCaseExecutor.execute(TestCaseExecutor.java:285)
	at com.kms.katalon.core.common.CommonExecutor.accessTestCaseMainPhase(CommonExecutor.java:65)
	at com.kms.katalon.core.main.TestSuiteExecutor.accessTestSuiteMainPhase(TestSuiteExecutor.java:150)
	at com.kms.katalon.core.main.TestSuiteExecutor.execute(TestSuiteExecutor.java:106)
	at com.kms.katalon.core.main.TestCaseMain.startTestSuite(TestCaseMain.java:180)
	at TempTestSuite1719146657080.run(TempTestSuite1719146657080.groovy:35)
	at java.base/jdk.internal.reflect.NativeMethodAccessorImpl.invoke0(Native Method)
	at java.base/jdk.internal.reflect.NativeMethodAccessorImpl.invoke(NativeMethodAccessorImpl.java:77)
	at java.base/jdk.internal.reflect.DelegatingMethodAccessorImpl.invoke(DelegatingMethodAccessorImpl.java:43)
Caused by: com.kms.katalon.core.exception.StepFailedException: Actual text 'http://localhost/SAD/ArtLens/index.php' and expected text 'http://localhost/SAD/ArtLens/admin.php' are not matched
	at com.kms.katalon.core.keyword.builtin.VerifyMatchKeyword$_verifyMatch_closure1.doCall(VerifyMatchKeyword.groovy:57)
	at com.kms.katalon.core.keyword.builtin.VerifyMatchKeyword$_verifyMatch_closure1.call(VerifyMatchKeyword.groovy)
	at com.kms.katalon.core.keyword.internal.KeywordMain.runKeyword(KeywordMain.groovy:75)
	... 24 more


23-06-2024T20:46:02 - [TEST_STEP][PASSED] - Start listener action : sampleBeforeTestCase: Browser is opened with url: ''

23-06-2024T20:46:02 - [TEST_STEP][PASSED] - println(testCaseContext.getTestCaseId()): null

23-06-2024T20:46:02 - [TEST_STEP][PASSED] - openBrowser(""): Browser is opened with url: ''

23-06-2024T20:46:02 - [MESSAGE][WARNING] - A browser is already opened. Closing browser and opening a new one

23-06-2024T20:46:05 - [MESSAGE][INFO] - Starting 'Firefox (headless)' driver

23-06-2024T20:46:05 - [MESSAGE][INFO] - Action delay is set to 0 milliseconds

23-06-2024T20:46:10 - [MESSAGE][PASSED] - Browser is opened with url: ''

23-06-2024T20:46:11 - [TEST_STEP][FAILED] - try: Unable to verify match between actual text 'http://localhost/SAD/ArtLens/index.php' and expected text 'http://localhost/SAD/ArtLens/admin.php' (Root cause: com.kms.katalon.core.exception.StepFailedException: Actual text 'http://localhost/SAD/ArtLens/index.php' and expected text 'http://localhost/SAD/ArtLens/admin.php' are not matched
	at com.kms.katalon.core.keyword.builtin.VerifyMatchKeyword$_verifyMatch_closure1.doCall(VerifyMatchKeyword.groovy:57)
	at com.kms.katalon.core.keyword.builtin.VerifyMatchKeyword$_verifyMatch_closure1.call(VerifyMatchKeyword.groovy)
	at com.kms.katalon.core.keyword.internal.KeywordMain.runKeyword(KeywordMain.groovy:75)
	at com.kms.katalon.core.keyword.builtin.VerifyMatchKeyword.verifyMatch(VerifyMatchKeyword.groovy:60)
	at com.kms.katalon.core.keyword.builtin.VerifyMatchKeyword.execute(VerifyMatchKeyword.groovy:45)
	at com.kms.katalon.core.keyword.internal.KeywordExecutor.executeKeywordForPlatform(KeywordExecutor.groovy:74)
	at com.kms.katalon.core.keyword.BuiltinKeywords.verifyMatch(BuiltinKeywords.groovy:60)
	at java.base/jdk.internal.reflect.NativeMethodAccessorImpl.invoke0(Native Method)
	at java.base/jdk.internal.reflect.NativeMethodAccessorImpl.invoke(NativeMethodAccessorImpl.java:77)
	at java.base/jdk.internal.reflect.DelegatingMethodAccessorImpl.invoke(DelegatingMethodAccessorImpl.java:43)
	at com.artlens.utils.AdminUtils.verifyPageAccessLoggedOut(AdminUtils.groovy:112)
	at page_accessible_logged_out.run(page_accessible_logged_out:24)
	at com.kms.katalon.core.main.ScriptEngine.run(ScriptEngine.java:194)
	at com.kms.katalon.core.main.ScriptEngine.runScriptAsRawText(ScriptEngine.java:119)
	at com.kms.katalon.core.main.TestCaseExecutor.runScript(TestCaseExecutor.java:448)
	at com.kms.katalon.core.main.TestCaseExecutor.doExecute(TestCaseExecutor.java:439)
	at com.kms.katalon.core.main.TestCaseExecutor.processExecutionPhase(TestCaseExecutor.java:418)
	at com.kms.katalon.core.main.TestCaseExecutor.accessMainPhase(TestCaseExecutor.java:410)
	at com.kms.katalon.core.main.TestCaseExecutor.execute(TestCaseExecutor.java:285)
	at com.kms.katalon.core.common.CommonExecutor.accessTestCaseMainPhase(CommonExecutor.java:65)
	at com.kms.katalon.core.main.TestSuiteExecutor.accessTestSuiteMainPhase(TestSuiteExecutor.java:150)
	at com.kms.katalon.core.main.TestSuiteExecutor.execute(TestSuiteExecutor.java:106)
	at com.kms.katalon.core.main.TestCaseMain.startTestSuite(TestCaseMain.java:180)
	at TempTestSuite1719146657080.run(TempTestSuite1719146657080.groovy:35)
	at java.base/jdk.internal.reflect.NativeMethodAccessorImpl.invoke0(Native Method)
	at java.base/jdk.internal.reflect.NativeMethodAccessorImpl.invoke(NativeMethodAccessorImpl.java:77)
	at java.base/jdk.internal.reflect.DelegatingMethodAccessorImpl.invoke(DelegatingMethodAccessorImpl.java:43)
)

23-06-2024T20:46:11 - [TEST_STEP][FAILED] - AdminUtils.verifyPageAccessLoggedOut("adminquiz.php"): Unable to verify match between actual text 'http://localhost/SAD/ArtLens/index.php' and expected text 'http://localhost/SAD/ArtLens/admin.php' (Root cause: com.kms.katalon.core.exception.StepFailedException: Actual text 'http://localhost/SAD/ArtLens/index.php' and expected text 'http://localhost/SAD/ArtLens/admin.php' are not matched
	at com.kms.katalon.core.keyword.builtin.VerifyMatchKeyword$_verifyMatch_closure1.doCall(VerifyMatchKeyword.groovy:57)
	at com.kms.katalon.core.keyword.builtin.VerifyMatchKeyword$_verifyMatch_closure1.call(VerifyMatchKeyword.groovy)
	at com.kms.katalon.core.keyword.internal.KeywordMain.runKeyword(KeywordMain.groovy:75)
	at com.kms.katalon.core.keyword.builtin.VerifyMatchKeyword.verifyMatch(VerifyMatchKeyword.groovy:60)
	at com.kms.katalon.core.keyword.builtin.VerifyMatchKeyword.execute(VerifyMatchKeyword.groovy:45)
	at com.kms.katalon.core.keyword.internal.KeywordExecutor.executeKeywordForPlatform(KeywordExecutor.groovy:74)
	at com.kms.katalon.core.keyword.BuiltinKeywords.verifyMatch(BuiltinKeywords.groovy:60)
	at java.base/jdk.internal.reflect.NativeMethodAccessorImpl.invoke0(Native Method)
	at java.base/jdk.internal.reflect.NativeMethodAccessorImpl.invoke(NativeMethodAccessorImpl.java:77)
	at java.base/jdk.internal.reflect.DelegatingMethodAccessorImpl.invoke(DelegatingMethodAccessorImpl.java:43)
	at com.artlens.utils.AdminUtils.verifyPageAccessLoggedOut(AdminUtils.groovy:112)
	at page_accessible_logged_out.run(page_accessible_logged_out:24)
	at com.kms.katalon.core.main.ScriptEngine.run(ScriptEngine.java:194)
	at com.kms.katalon.core.main.ScriptEngine.runScriptAsRawText(ScriptEngine.java:119)
	at com.kms.katalon.core.main.TestCaseExecutor.runScript(TestCaseExecutor.java:448)
	at com.kms.katalon.core.main.TestCaseExecutor.doExecute(TestCaseExecutor.java:439)
	at com.kms.katalon.core.main.TestCaseExecutor.processExecutionPhase(TestCaseExecutor.java:418)
	at com.kms.katalon.core.main.TestCaseExecutor.accessMainPhase(TestCaseExecutor.java:410)
	at com.kms.katalon.core.main.TestCaseExecutor.execute(TestCaseExecutor.java:285)
	at com.kms.katalon.core.common.CommonExecutor.accessTestCaseMainPhase(CommonExecutor.java:65)
	at com.kms.katalon.core.main.TestSuiteExecutor.accessTestSuiteMainPhase(TestSuiteExecutor.java:150)
	at com.kms.katalon.core.main.TestSuiteExecutor.execute(TestSuiteExecutor.java:106)
	at com.kms.katalon.core.main.TestCaseMain.startTestSuite(TestCaseMain.java:180)
	at TempTestSuite1719146657080.run(TempTestSuite1719146657080.groovy:35)
	at java.base/jdk.internal.reflect.NativeMethodAccessorImpl.invoke0(Native Method)
	at java.base/jdk.internal.reflect.NativeMethodAccessorImpl.invoke(NativeMethodAccessorImpl.java:77)
	at java.base/jdk.internal.reflect.DelegatingMethodAccessorImpl.invoke(DelegatingMethodAccessorImpl.java:43)
)

23-06-2024T20:46:11 - [MESSAGE][INFO] - HAR: C:\DevPackage\xampp\htdocs\SAD\ArtLens\Reports\20240623_204104\Test_Admin_Pages_Authentication\20240623_204417\requests\main\10.har

23-06-2024T20:46:11 - [MESSAGE][PASSED] - Send request successfully

23-06-2024T20:46:11 - [MESSAGE][PASSED] - All links are accessible

23-06-2024T20:46:13 - [MESSAGE][PASSED] - Navigate to 'http://localhost/SAD/ArtLens/adminquiz.php' successfully

23-06-2024T20:46:13 - [MESSAGE][PASSED] - Current window's url is: 'http://localhost/SAD/ArtLens/index.php'

23-06-2024T20:46:13 - [MESSAGE][INFO] - HAR: C:\DevPackage\xampp\htdocs\SAD\ArtLens\Reports\20240623_204104\Test_Admin_Pages_Authentication\20240623_204417\requests\main\11.har

23-06-2024T20:46:13 - [MESSAGE][PASSED] - Send request successfully

23-06-2024T20:46:13 - [MESSAGE][PASSED] - All links are accessible

23-06-2024T20:46:13 - [MESSAGE][PASSED] - Actual text 'http://localhost/SAD/ArtLens/index.php' and expected text 'http://localhost/SAD/ArtLens/adminquiz.php' are not matched 

23-06-2024T20:46:13 - [MESSAGE][FAILED] - Unable to verify match between actual text 'http://localhost/SAD/ArtLens/index.php' and expected text 'http://localhost/SAD/ArtLens/admin.php' (Root cause: com.kms.katalon.core.exception.StepFailedException: Actual text 'http://localhost/SAD/ArtLens/index.php' and expected text 'http://localhost/SAD/ArtLens/admin.php' are not matched
	at com.kms.katalon.core.keyword.builtin.VerifyMatchKeyword$_verifyMatch_closure1.doCall(VerifyMatchKeyword.groovy:57)
	at com.kms.katalon.core.keyword.builtin.VerifyMatchKeyword$_verifyMatch_closure1.call(VerifyMatchKeyword.groovy)
	at com.kms.katalon.core.keyword.internal.KeywordMain.runKeyword(KeywordMain.groovy:75)
	at com.kms.katalon.core.keyword.builtin.VerifyMatchKeyword.verifyMatch(VerifyMatchKeyword.groovy:60)
	at com.kms.katalon.core.keyword.builtin.VerifyMatchKeyword.execute(VerifyMatchKeyword.groovy:45)
	at com.kms.katalon.core.keyword.internal.KeywordExecutor.executeKeywordForPlatform(KeywordExecutor.groovy:74)
	at com.kms.katalon.core.keyword.BuiltinKeywords.verifyMatch(BuiltinKeywords.groovy:60)
	at java.base/jdk.internal.reflect.NativeMethodAccessorImpl.invoke0(Native Method)
	at java.base/jdk.internal.reflect.NativeMethodAccessorImpl.invoke(NativeMethodAccessorImpl.java:77)
	at java.base/jdk.internal.reflect.DelegatingMethodAccessorImpl.invoke(DelegatingMethodAccessorImpl.java:43)
	at com.artlens.utils.AdminUtils.verifyPageAccessLoggedOut(AdminUtils.groovy:112)
	at page_accessible_logged_out.run(page_accessible_logged_out:24)
	at com.kms.katalon.core.main.ScriptEngine.run(ScriptEngine.java:194)
	at com.kms.katalon.core.main.ScriptEngine.runScriptAsRawText(ScriptEngine.java:119)
	at com.kms.katalon.core.main.TestCaseExecutor.runScript(TestCaseExecutor.java:448)
	at com.kms.katalon.core.main.TestCaseExecutor.doExecute(TestCaseExecutor.java:439)
	at com.kms.katalon.core.main.TestCaseExecutor.processExecutionPhase(TestCaseExecutor.java:418)
	at com.kms.katalon.core.main.TestCaseExecutor.accessMainPhase(TestCaseExecutor.java:410)
	at com.kms.katalon.core.main.TestCaseExecutor.execute(TestCaseExecutor.java:285)
	at com.kms.katalon.core.common.CommonExecutor.accessTestCaseMainPhase(CommonExecutor.java:65)
	at com.kms.katalon.core.main.TestSuiteExecutor.accessTestSuiteMainPhase(TestSuiteExecutor.java:150)
	at com.kms.katalon.core.main.TestSuiteExecutor.execute(TestSuiteExecutor.java:106)
	at com.kms.katalon.core.main.TestCaseMain.startTestSuite(TestCaseMain.java:180)
	at TempTestSuite1719146657080.run(TempTestSuite1719146657080.groovy:35)
	at java.base/jdk.internal.reflect.NativeMethodAccessorImpl.invoke0(Native Method)
	at java.base/jdk.internal.reflect.NativeMethodAccessorImpl.invoke(NativeMethodAccessorImpl.java:77)
	at java.base/jdk.internal.reflect.DelegatingMethodAccessorImpl.invoke(DelegatingMethodAccessorImpl.java:43)
)

23-06-2024T20:46:13 - [TEST_STEP][PASSED] - Start listener action : sampleAfterTestCase: null]]></system-out>
         <system-err><![CDATA[23-06-2024T20:46:02 - [TEST_CASE][FAILED] - Test Cases/admin/quiz_management/page_accessible_logged_out: Test Cases/admin/quiz_management/page_accessible_logged_out FAILED.
Reason:
com.kms.katalon.core.exception.StepFailedException: Unable to verify match between actual text 'http://localhost/SAD/ArtLens/index.php' and expected text 'http://localhost/SAD/ArtLens/admin.php' (Root cause: com.kms.katalon.core.exception.StepFailedException: Actual text 'http://localhost/SAD/ArtLens/index.php' and expected text 'http://localhost/SAD/ArtLens/admin.php' are not matched
	at com.kms.katalon.core.keyword.builtin.VerifyMatchKeyword$_verifyMatch_closure1.doCall(VerifyMatchKeyword.groovy:57)
	at com.kms.katalon.core.keyword.builtin.VerifyMatchKeyword$_verifyMatch_closure1.call(VerifyMatchKeyword.groovy)
	at com.kms.katalon.core.keyword.internal.KeywordMain.runKeyword(KeywordMain.groovy:75)
	at com.kms.katalon.core.keyword.builtin.VerifyMatchKeyword.verifyMatch(VerifyMatchKeyword.groovy:60)
	at com.kms.katalon.core.keyword.builtin.VerifyMatchKeyword.execute(VerifyMatchKeyword.groovy:45)
	at com.kms.katalon.core.keyword.internal.KeywordExecutor.executeKeywordForPlatform(KeywordExecutor.groovy:74)
	at com.kms.katalon.core.keyword.BuiltinKeywords.verifyMatch(BuiltinKeywords.groovy:60)
	at java.base/jdk.internal.reflect.NativeMethodAccessorImpl.invoke0(Native Method)
	at java.base/jdk.internal.reflect.NativeMethodAccessorImpl.invoke(NativeMethodAccessorImpl.java:77)
	at java.base/jdk.internal.reflect.DelegatingMethodAccessorImpl.invoke(DelegatingMethodAccessorImpl.java:43)
	at com.artlens.utils.AdminUtils.verifyPageAccessLoggedOut(AdminUtils.groovy:112)
	at page_accessible_logged_out.run(page_accessible_logged_out:24)
	at com.kms.katalon.core.main.ScriptEngine.run(ScriptEngine.java:194)
	at com.kms.katalon.core.main.ScriptEngine.runScriptAsRawText(ScriptEngine.java:119)
	at com.kms.katalon.core.main.TestCaseExecutor.runScript(TestCaseExecutor.java:448)
	at com.kms.katalon.core.main.TestCaseExecutor.doExecute(TestCaseExecutor.java:439)
	at com.kms.katalon.core.main.TestCaseExecutor.processExecutionPhase(TestCaseExecutor.java:418)
	at com.kms.katalon.core.main.TestCaseExecutor.accessMainPhase(TestCaseExecutor.java:410)
	at com.kms.katalon.core.main.TestCaseExecutor.execute(TestCaseExecutor.java:285)
	at com.kms.katalon.core.common.CommonExecutor.accessTestCaseMainPhase(CommonExecutor.java:65)
	at com.kms.katalon.core.main.TestSuiteExecutor.accessTestSuiteMainPhase(TestSuiteExecutor.java:150)
	at com.kms.katalon.core.main.TestSuiteExecutor.execute(TestSuiteExecutor.java:106)
	at com.kms.katalon.core.main.TestCaseMain.startTestSuite(TestCaseMain.java:180)
	at TempTestSuite1719146657080.run(TempTestSuite1719146657080.groovy:35)
	at java.base/jdk.internal.reflect.NativeMethodAccessorImpl.invoke0(Native Method)
	at java.base/jdk.internal.reflect.NativeMethodAccessorImpl.invoke(NativeMethodAccessorImpl.java:77)
	at java.base/jdk.internal.reflect.DelegatingMethodAccessorImpl.invoke(DelegatingMethodAccessorImpl.java:43)
)
	at com.kms.katalon.core.keyword.internal.KeywordMain.stepFailed(KeywordMain.groovy:39)
	at com.kms.katalon.core.keyword.internal.KeywordMain.stepFailed(KeywordMain.groovy)
	at com.kms.katalon.core.keyword.internal.KeywordMain.runKeyword(KeywordMain.groovy:77)
	at com.kms.katalon.core.keyword.builtin.VerifyMatchKeyword.verifyMatch(VerifyMatchKeyword.groovy:60)
	at com.kms.katalon.core.keyword.builtin.VerifyMatchKeyword.execute(VerifyMatchKeyword.groovy:45)
	at com.kms.katalon.core.keyword.internal.KeywordExecutor.executeKeywordForPlatform(KeywordExecutor.groovy:74)
	at com.kms.katalon.core.keyword.BuiltinKeywords.verifyMatch(BuiltinKeywords.groovy:60)
	at java.base/jdk.internal.reflect.NativeMethodAccessorImpl.invoke0(Native Method)
	at java.base/jdk.internal.reflect.NativeMethodAccessorImpl.invoke(NativeMethodAccessorImpl.java:77)
	at java.base/jdk.internal.reflect.DelegatingMethodAccessorImpl.invoke(DelegatingMethodAccessorImpl.java:43)
	at com.artlens.utils.AdminUtils.verifyPageAccessLoggedOut(AdminUtils.groovy:112)
	at page_accessible_logged_out.run(page_accessible_logged_out:24)
	at com.kms.katalon.core.main.ScriptEngine.run(ScriptEngine.java:194)
	at com.kms.katalon.core.main.ScriptEngine.runScriptAsRawText(ScriptEngine.java:119)
	at com.kms.katalon.core.main.TestCaseExecutor.runScript(TestCaseExecutor.java:448)
	at com.kms.katalon.core.main.TestCaseExecutor.doExecute(TestCaseExecutor.java:439)
	at com.kms.katalon.core.main.TestCaseExecutor.processExecutionPhase(TestCaseExecutor.java:418)
	at com.kms.katalon.core.main.TestCaseExecutor.accessMainPhase(TestCaseExecutor.java:410)
	at com.kms.katalon.core.main.TestCaseExecutor.execute(TestCaseExecutor.java:285)
	at com.kms.katalon.core.common.CommonExecutor.accessTestCaseMainPhase(CommonExecutor.java:65)
	at com.kms.katalon.core.main.TestSuiteExecutor.accessTestSuiteMainPhase(TestSuiteExecutor.java:150)
	at com.kms.katalon.core.main.TestSuiteExecutor.execute(TestSuiteExecutor.java:106)
	at com.kms.katalon.core.main.TestCaseMain.startTestSuite(TestCaseMain.java:180)
	at TempTestSuite1719146657080.run(TempTestSuite1719146657080.groovy:35)
	at java.base/jdk.internal.reflect.NativeMethodAccessorImpl.invoke0(Native Method)
	at java.base/jdk.internal.reflect.NativeMethodAccessorImpl.invoke(NativeMethodAccessorImpl.java:77)
	at java.base/jdk.internal.reflect.DelegatingMethodAccessorImpl.invoke(DelegatingMethodAccessorImpl.java:43)
Caused by: com.kms.katalon.core.exception.StepFailedException: Actual text 'http://localhost/SAD/ArtLens/index.php' and expected text 'http://localhost/SAD/ArtLens/admin.php' are not matched
	at com.kms.katalon.core.keyword.builtin.VerifyMatchKeyword$_verifyMatch_closure1.doCall(VerifyMatchKeyword.groovy:57)
	at com.kms.katalon.core.keyword.builtin.VerifyMatchKeyword$_verifyMatch_closure1.call(VerifyMatchKeyword.groovy)
	at com.kms.katalon.core.keyword.internal.KeywordMain.runKeyword(KeywordMain.groovy:75)
	... 24 more]]></system-err>
      </testcase>
      <testcase name="Test Cases/admin/visitor_log_management/page_accessible_logged_out" time="12.452" classname="Test Cases/admin/visitor_log_management/page_accessible_logged_out" status="FAILED">
         <failure type="FAILED" message="Test Cases/admin/visitor_log_management/page_accessible_logged_out FAILED.&#xa;Reason:&#xa;com.kms.katalon.core.exception.StepFailedException: Unable to verify match between actual text 'http://localhost/SAD/ArtLens/index.php' and expected text 'http://localhost/SAD/ArtLens/admin.php' (Root cause: com.kms.katalon.core.exception.StepFailedException: Actual text 'http://localhost/SAD/ArtLens/index.php' and expected text 'http://localhost/SAD/ArtLens/admin.php' are not matched&#xa;	at com.kms.katalon.core.keyword.builtin.VerifyMatchKeyword$_verifyMatch_closure1.doCall(VerifyMatchKeyword.groovy:57)&#xa;	at com.kms.katalon.core.keyword.builtin.VerifyMatchKeyword$_verifyMatch_closure1.call(VerifyMatchKeyword.groovy)&#xa;	at com.kms.katalon.core.keyword.internal.KeywordMain.runKeyword(KeywordMain.groovy:75)&#xa;	at com.kms.katalon.core.keyword.builtin.VerifyMatchKeyword.verifyMatch(VerifyMatchKeyword.groovy:60)&#xa;	at com.kms.katalon.core.keyword.builtin.VerifyMatchKeyword.execute(VerifyMatchKeyword.groovy:45)&#xa;	at com.kms.katalon.core.keyword.internal.KeywordExecutor.executeKeywordForPlatform(KeywordExecutor.groovy:74)&#xa;	at com.kms.katalon.core.keyword.BuiltinKeywords.verifyMatch(BuiltinKeywords.groovy:60)&#xa;	at java.base/jdk.internal.reflect.NativeMethodAccessorImpl.invoke0(Native Method)&#xa;	at java.base/jdk.internal.reflect.NativeMethodAccessorImpl.invoke(NativeMethodAccessorImpl.java:77)&#xa;	at java.base/jdk.internal.reflect.DelegatingMethodAccessorImpl.invoke(DelegatingMethodAccessorImpl.java:43)&#xa;	at com.artlens.utils.AdminUtils.verifyPageAccessLoggedOut(AdminUtils.groovy:112)&#xa;	at page_accessible_logged_out.run(page_accessible_logged_out:24)&#xa;	at com.kms.katalon.core.main.ScriptEngine.run(ScriptEngine.java:194)&#xa;	at com.kms.katalon.core.main.ScriptEngine.runScriptAsRawText(ScriptEngine.java:119)&#xa;	at com.kms.katalon.core.main.TestCaseExecutor.runScript(TestCaseExecutor.java:448)&#xa;	at com.kms.katalon.core.main.TestCaseExecutor.doExecute(TestCaseExecutor.java:439)&#xa;	at com.kms.katalon.core.main.TestCaseExecutor.processExecutionPhase(TestCaseExecutor.java:418)&#xa;	at com.kms.katalon.core.main.TestCaseExecutor.accessMainPhase(TestCaseExecutor.java:410)&#xa;	at com.kms.katalon.core.main.TestCaseExecutor.execute(TestCaseExecutor.java:285)&#xa;	at com.kms.katalon.core.common.CommonExecutor.accessTestCaseMainPhase(CommonExecutor.java:65)&#xa;	at com.kms.katalon.core.main.TestSuiteExecutor.accessTestSuiteMainPhase(TestSuiteExecutor.java:150)&#xa;	at com.kms.katalon.core.main.TestSuiteExecutor.execute(TestSuiteExecutor.java:106)&#xa;	at com.kms.katalon.core.main.TestCaseMain.startTestSuite(TestCaseMain.java:180)&#xa;	at TempTestSuite1719146657080.run(TempTestSuite1719146657080.groovy:35)&#xa;	at java.base/jdk.internal.reflect.NativeMethodAccessorImpl.invoke0(Native Method)&#xa;	at java.base/jdk.internal.reflect.NativeMethodAccessorImpl.invoke(NativeMethodAccessorImpl.java:77)&#xa;	at java.base/jdk.internal.reflect.DelegatingMethodAccessorImpl.invoke(DelegatingMethodAccessorImpl.java:43)&#xa;)&#xa;	at com.kms.katalon.core.keyword.internal.KeywordMain.stepFailed(KeywordMain.groovy:39)&#xa;	at com.kms.katalon.core.keyword.internal.KeywordMain.stepFailed(KeywordMain.groovy)&#xa;	at com.kms.katalon.core.keyword.internal.KeywordMain.runKeyword(KeywordMain.groovy:77)&#xa;	at com.kms.katalon.core.keyword.builtin.VerifyMatchKeyword.verifyMatch(VerifyMatchKeyword.groovy:60)&#xa;	at com.kms.katalon.core.keyword.builtin.VerifyMatchKeyword.execute(VerifyMatchKeyword.groovy:45)&#xa;	at com.kms.katalon.core.keyword.internal.KeywordExecutor.executeKeywordForPlatform(KeywordExecutor.groovy:74)&#xa;	at com.kms.katalon.core.keyword.BuiltinKeywords.verifyMatch(BuiltinKeywords.groovy:60)&#xa;	at java.base/jdk.internal.reflect.NativeMethodAccessorImpl.invoke0(Native Method)&#xa;	at java.base/jdk.internal.reflect.NativeMethodAccessorImpl.invoke(NativeMethodAccessorImpl.java:77)&#xa;	at java.base/jdk.internal.reflect.DelegatingMethodAccessorImpl.invoke(DelegatingMethodAccessorImpl.java:43)&#xa;	at com.artlens.utils.AdminUtils.verifyPageAccessLoggedOut(AdminUtils.groovy:112)&#xa;	at page_accessible_logged_out.run(page_accessible_logged_out:24)&#xa;	at com.kms.katalon.core.main.ScriptEngine.run(ScriptEngine.java:194)&#xa;	at com.kms.katalon.core.main.ScriptEngine.runScriptAsRawText(ScriptEngine.java:119)&#xa;	at com.kms.katalon.core.main.TestCaseExecutor.runScript(TestCaseExecutor.java:448)&#xa;	at com.kms.katalon.core.main.TestCaseExecutor.doExecute(TestCaseExecutor.java:439)&#xa;	at com.kms.katalon.core.main.TestCaseExecutor.processExecutionPhase(TestCaseExecutor.java:418)&#xa;	at com.kms.katalon.core.main.TestCaseExecutor.accessMainPhase(TestCaseExecutor.java:410)&#xa;	at com.kms.katalon.core.main.TestCaseExecutor.execute(TestCaseExecutor.java:285)&#xa;	at com.kms.katalon.core.common.CommonExecutor.accessTestCaseMainPhase(CommonExecutor.java:65)&#xa;	at com.kms.katalon.core.main.TestSuiteExecutor.accessTestSuiteMainPhase(TestSuiteExecutor.java:150)&#xa;	at com.kms.katalon.core.main.TestSuiteExecutor.execute(TestSuiteExecutor.java:106)&#xa;	at com.kms.katalon.core.main.TestCaseMain.startTestSuite(TestCaseMain.java:180)&#xa;	at TempTestSuite1719146657080.run(TempTestSuite1719146657080.groovy:35)&#xa;	at java.base/jdk.internal.reflect.NativeMethodAccessorImpl.invoke0(Native Method)&#xa;	at java.base/jdk.internal.reflect.NativeMethodAccessorImpl.invoke(NativeMethodAccessorImpl.java:77)&#xa;	at java.base/jdk.internal.reflect.DelegatingMethodAccessorImpl.invoke(DelegatingMethodAccessorImpl.java:43)&#xa;Caused by: com.kms.katalon.core.exception.StepFailedException: Actual text 'http://localhost/SAD/ArtLens/index.php' and expected text 'http://localhost/SAD/ArtLens/admin.php' are not matched&#xa;	at com.kms.katalon.core.keyword.builtin.VerifyMatchKeyword$_verifyMatch_closure1.doCall(VerifyMatchKeyword.groovy:57)&#xa;	at com.kms.katalon.core.keyword.builtin.VerifyMatchKeyword$_verifyMatch_closure1.call(VerifyMatchKeyword.groovy)&#xa;	at com.kms.katalon.core.keyword.internal.KeywordMain.runKeyword(KeywordMain.groovy:75)&#xa;	... 24 more&#xa;"/>
         <system-out><![CDATA[23-06-2024T20:46:13 - [TEST_CASE][FAILED] - Test Cases/admin/visitor_log_management/page_accessible_logged_out: Test Cases/admin/visitor_log_management/page_accessible_logged_out FAILED.
Reason:
com.kms.katalon.core.exception.StepFailedException: Unable to verify match between actual text 'http://localhost/SAD/ArtLens/index.php' and expected text 'http://localhost/SAD/ArtLens/admin.php' (Root cause: com.kms.katalon.core.exception.StepFailedException: Actual text 'http://localhost/SAD/ArtLens/index.php' and expected text 'http://localhost/SAD/ArtLens/admin.php' are not matched
	at com.kms.katalon.core.keyword.builtin.VerifyMatchKeyword$_verifyMatch_closure1.doCall(VerifyMatchKeyword.groovy:57)
	at com.kms.katalon.core.keyword.builtin.VerifyMatchKeyword$_verifyMatch_closure1.call(VerifyMatchKeyword.groovy)
	at com.kms.katalon.core.keyword.internal.KeywordMain.runKeyword(KeywordMain.groovy:75)
	at com.kms.katalon.core.keyword.builtin.VerifyMatchKeyword.verifyMatch(VerifyMatchKeyword.groovy:60)
	at com.kms.katalon.core.keyword.builtin.VerifyMatchKeyword.execute(VerifyMatchKeyword.groovy:45)
	at com.kms.katalon.core.keyword.internal.KeywordExecutor.executeKeywordForPlatform(KeywordExecutor.groovy:74)
	at com.kms.katalon.core.keyword.BuiltinKeywords.verifyMatch(BuiltinKeywords.groovy:60)
	at java.base/jdk.internal.reflect.NativeMethodAccessorImpl.invoke0(Native Method)
	at java.base/jdk.internal.reflect.NativeMethodAccessorImpl.invoke(NativeMethodAccessorImpl.java:77)
	at java.base/jdk.internal.reflect.DelegatingMethodAccessorImpl.invoke(DelegatingMethodAccessorImpl.java:43)
	at com.artlens.utils.AdminUtils.verifyPageAccessLoggedOut(AdminUtils.groovy:112)
	at page_accessible_logged_out.run(page_accessible_logged_out:24)
	at com.kms.katalon.core.main.ScriptEngine.run(ScriptEngine.java:194)
	at com.kms.katalon.core.main.ScriptEngine.runScriptAsRawText(ScriptEngine.java:119)
	at com.kms.katalon.core.main.TestCaseExecutor.runScript(TestCaseExecutor.java:448)
	at com.kms.katalon.core.main.TestCaseExecutor.doExecute(TestCaseExecutor.java:439)
	at com.kms.katalon.core.main.TestCaseExecutor.processExecutionPhase(TestCaseExecutor.java:418)
	at com.kms.katalon.core.main.TestCaseExecutor.accessMainPhase(TestCaseExecutor.java:410)
	at com.kms.katalon.core.main.TestCaseExecutor.execute(TestCaseExecutor.java:285)
	at com.kms.katalon.core.common.CommonExecutor.accessTestCaseMainPhase(CommonExecutor.java:65)
	at com.kms.katalon.core.main.TestSuiteExecutor.accessTestSuiteMainPhase(TestSuiteExecutor.java:150)
	at com.kms.katalon.core.main.TestSuiteExecutor.execute(TestSuiteExecutor.java:106)
	at com.kms.katalon.core.main.TestCaseMain.startTestSuite(TestCaseMain.java:180)
	at TempTestSuite1719146657080.run(TempTestSuite1719146657080.groovy:35)
	at java.base/jdk.internal.reflect.NativeMethodAccessorImpl.invoke0(Native Method)
	at java.base/jdk.internal.reflect.NativeMethodAccessorImpl.invoke(NativeMethodAccessorImpl.java:77)
	at java.base/jdk.internal.reflect.DelegatingMethodAccessorImpl.invoke(DelegatingMethodAccessorImpl.java:43)
)
	at com.kms.katalon.core.keyword.internal.KeywordMain.stepFailed(KeywordMain.groovy:39)
	at com.kms.katalon.core.keyword.internal.KeywordMain.stepFailed(KeywordMain.groovy)
	at com.kms.katalon.core.keyword.internal.KeywordMain.runKeyword(KeywordMain.groovy:77)
	at com.kms.katalon.core.keyword.builtin.VerifyMatchKeyword.verifyMatch(VerifyMatchKeyword.groovy:60)
	at com.kms.katalon.core.keyword.builtin.VerifyMatchKeyword.execute(VerifyMatchKeyword.groovy:45)
	at com.kms.katalon.core.keyword.internal.KeywordExecutor.executeKeywordForPlatform(KeywordExecutor.groovy:74)
	at com.kms.katalon.core.keyword.BuiltinKeywords.verifyMatch(BuiltinKeywords.groovy:60)
	at java.base/jdk.internal.reflect.NativeMethodAccessorImpl.invoke0(Native Method)
	at java.base/jdk.internal.reflect.NativeMethodAccessorImpl.invoke(NativeMethodAccessorImpl.java:77)
	at java.base/jdk.internal.reflect.DelegatingMethodAccessorImpl.invoke(DelegatingMethodAccessorImpl.java:43)
	at com.artlens.utils.AdminUtils.verifyPageAccessLoggedOut(AdminUtils.groovy:112)
	at page_accessible_logged_out.run(page_accessible_logged_out:24)
	at com.kms.katalon.core.main.ScriptEngine.run(ScriptEngine.java:194)
	at com.kms.katalon.core.main.ScriptEngine.runScriptAsRawText(ScriptEngine.java:119)
	at com.kms.katalon.core.main.TestCaseExecutor.runScript(TestCaseExecutor.java:448)
	at com.kms.katalon.core.main.TestCaseExecutor.doExecute(TestCaseExecutor.java:439)
	at com.kms.katalon.core.main.TestCaseExecutor.processExecutionPhase(TestCaseExecutor.java:418)
	at com.kms.katalon.core.main.TestCaseExecutor.accessMainPhase(TestCaseExecutor.java:410)
	at com.kms.katalon.core.main.TestCaseExecutor.execute(TestCaseExecutor.java:285)
	at com.kms.katalon.core.common.CommonExecutor.accessTestCaseMainPhase(CommonExecutor.java:65)
	at com.kms.katalon.core.main.TestSuiteExecutor.accessTestSuiteMainPhase(TestSuiteExecutor.java:150)
	at com.kms.katalon.core.main.TestSuiteExecutor.execute(TestSuiteExecutor.java:106)
	at com.kms.katalon.core.main.TestCaseMain.startTestSuite(TestCaseMain.java:180)
	at TempTestSuite1719146657080.run(TempTestSuite1719146657080.groovy:35)
	at java.base/jdk.internal.reflect.NativeMethodAccessorImpl.invoke0(Native Method)
	at java.base/jdk.internal.reflect.NativeMethodAccessorImpl.invoke(NativeMethodAccessorImpl.java:77)
	at java.base/jdk.internal.reflect.DelegatingMethodAccessorImpl.invoke(DelegatingMethodAccessorImpl.java:43)
Caused by: com.kms.katalon.core.exception.StepFailedException: Actual text 'http://localhost/SAD/ArtLens/index.php' and expected text 'http://localhost/SAD/ArtLens/admin.php' are not matched
	at com.kms.katalon.core.keyword.builtin.VerifyMatchKeyword$_verifyMatch_closure1.doCall(VerifyMatchKeyword.groovy:57)
	at com.kms.katalon.core.keyword.builtin.VerifyMatchKeyword$_verifyMatch_closure1.call(VerifyMatchKeyword.groovy)
	at com.kms.katalon.core.keyword.internal.KeywordMain.runKeyword(KeywordMain.groovy:75)
	... 24 more


23-06-2024T20:46:13 - [TEST_STEP][PASSED] - Start listener action : sampleBeforeTestCase: Browser is opened with url: ''

23-06-2024T20:46:13 - [TEST_STEP][PASSED] - println(testCaseContext.getTestCaseId()): null

23-06-2024T20:46:13 - [TEST_STEP][PASSED] - openBrowser(""): Browser is opened with url: ''

23-06-2024T20:46:13 - [MESSAGE][WARNING] - A browser is already opened. Closing browser and opening a new one

23-06-2024T20:46:16 - [MESSAGE][INFO] - Starting 'Firefox (headless)' driver

23-06-2024T20:46:17 - [MESSAGE][INFO] - Action delay is set to 0 milliseconds

23-06-2024T20:46:23 - [MESSAGE][PASSED] - Browser is opened with url: ''

23-06-2024T20:46:23 - [TEST_STEP][FAILED] - try: Unable to verify match between actual text 'http://localhost/SAD/ArtLens/index.php' and expected text 'http://localhost/SAD/ArtLens/admin.php' (Root cause: com.kms.katalon.core.exception.StepFailedException: Actual text 'http://localhost/SAD/ArtLens/index.php' and expected text 'http://localhost/SAD/ArtLens/admin.php' are not matched
	at com.kms.katalon.core.keyword.builtin.VerifyMatchKeyword$_verifyMatch_closure1.doCall(VerifyMatchKeyword.groovy:57)
	at com.kms.katalon.core.keyword.builtin.VerifyMatchKeyword$_verifyMatch_closure1.call(VerifyMatchKeyword.groovy)
	at com.kms.katalon.core.keyword.internal.KeywordMain.runKeyword(KeywordMain.groovy:75)
	at com.kms.katalon.core.keyword.builtin.VerifyMatchKeyword.verifyMatch(VerifyMatchKeyword.groovy:60)
	at com.kms.katalon.core.keyword.builtin.VerifyMatchKeyword.execute(VerifyMatchKeyword.groovy:45)
	at com.kms.katalon.core.keyword.internal.KeywordExecutor.executeKeywordForPlatform(KeywordExecutor.groovy:74)
	at com.kms.katalon.core.keyword.BuiltinKeywords.verifyMatch(BuiltinKeywords.groovy:60)
	at java.base/jdk.internal.reflect.NativeMethodAccessorImpl.invoke0(Native Method)
	at java.base/jdk.internal.reflect.NativeMethodAccessorImpl.invoke(NativeMethodAccessorImpl.java:77)
	at java.base/jdk.internal.reflect.DelegatingMethodAccessorImpl.invoke(DelegatingMethodAccessorImpl.java:43)
	at com.artlens.utils.AdminUtils.verifyPageAccessLoggedOut(AdminUtils.groovy:112)
	at page_accessible_logged_out.run(page_accessible_logged_out:24)
	at com.kms.katalon.core.main.ScriptEngine.run(ScriptEngine.java:194)
	at com.kms.katalon.core.main.ScriptEngine.runScriptAsRawText(ScriptEngine.java:119)
	at com.kms.katalon.core.main.TestCaseExecutor.runScript(TestCaseExecutor.java:448)
	at com.kms.katalon.core.main.TestCaseExecutor.doExecute(TestCaseExecutor.java:439)
	at com.kms.katalon.core.main.TestCaseExecutor.processExecutionPhase(TestCaseExecutor.java:418)
	at com.kms.katalon.core.main.TestCaseExecutor.accessMainPhase(TestCaseExecutor.java:410)
	at com.kms.katalon.core.main.TestCaseExecutor.execute(TestCaseExecutor.java:285)
	at com.kms.katalon.core.common.CommonExecutor.accessTestCaseMainPhase(CommonExecutor.java:65)
	at com.kms.katalon.core.main.TestSuiteExecutor.accessTestSuiteMainPhase(TestSuiteExecutor.java:150)
	at com.kms.katalon.core.main.TestSuiteExecutor.execute(TestSuiteExecutor.java:106)
	at com.kms.katalon.core.main.TestCaseMain.startTestSuite(TestCaseMain.java:180)
	at TempTestSuite1719146657080.run(TempTestSuite1719146657080.groovy:35)
	at java.base/jdk.internal.reflect.NativeMethodAccessorImpl.invoke0(Native Method)
	at java.base/jdk.internal.reflect.NativeMethodAccessorImpl.invoke(NativeMethodAccessorImpl.java:77)
	at java.base/jdk.internal.reflect.DelegatingMethodAccessorImpl.invoke(DelegatingMethodAccessorImpl.java:43)
)

23-06-2024T20:46:23 - [TEST_STEP][FAILED] - AdminUtils.verifyPageAccessLoggedOut("adminvisitorlog.php"): Unable to verify match between actual text 'http://localhost/SAD/ArtLens/index.php' and expected text 'http://localhost/SAD/ArtLens/admin.php' (Root cause: com.kms.katalon.core.exception.StepFailedException: Actual text 'http://localhost/SAD/ArtLens/index.php' and expected text 'http://localhost/SAD/ArtLens/admin.php' are not matched
	at com.kms.katalon.core.keyword.builtin.VerifyMatchKeyword$_verifyMatch_closure1.doCall(VerifyMatchKeyword.groovy:57)
	at com.kms.katalon.core.keyword.builtin.VerifyMatchKeyword$_verifyMatch_closure1.call(VerifyMatchKeyword.groovy)
	at com.kms.katalon.core.keyword.internal.KeywordMain.runKeyword(KeywordMain.groovy:75)
	at com.kms.katalon.core.keyword.builtin.VerifyMatchKeyword.verifyMatch(VerifyMatchKeyword.groovy:60)
	at com.kms.katalon.core.keyword.builtin.VerifyMatchKeyword.execute(VerifyMatchKeyword.groovy:45)
	at com.kms.katalon.core.keyword.internal.KeywordExecutor.executeKeywordForPlatform(KeywordExecutor.groovy:74)
	at com.kms.katalon.core.keyword.BuiltinKeywords.verifyMatch(BuiltinKeywords.groovy:60)
	at java.base/jdk.internal.reflect.NativeMethodAccessorImpl.invoke0(Native Method)
	at java.base/jdk.internal.reflect.NativeMethodAccessorImpl.invoke(NativeMethodAccessorImpl.java:77)
	at java.base/jdk.internal.reflect.DelegatingMethodAccessorImpl.invoke(DelegatingMethodAccessorImpl.java:43)
	at com.artlens.utils.AdminUtils.verifyPageAccessLoggedOut(AdminUtils.groovy:112)
	at page_accessible_logged_out.run(page_accessible_logged_out:24)
	at com.kms.katalon.core.main.ScriptEngine.run(ScriptEngine.java:194)
	at com.kms.katalon.core.main.ScriptEngine.runScriptAsRawText(ScriptEngine.java:119)
	at com.kms.katalon.core.main.TestCaseExecutor.runScript(TestCaseExecutor.java:448)
	at com.kms.katalon.core.main.TestCaseExecutor.doExecute(TestCaseExecutor.java:439)
	at com.kms.katalon.core.main.TestCaseExecutor.processExecutionPhase(TestCaseExecutor.java:418)
	at com.kms.katalon.core.main.TestCaseExecutor.accessMainPhase(TestCaseExecutor.java:410)
	at com.kms.katalon.core.main.TestCaseExecutor.execute(TestCaseExecutor.java:285)
	at com.kms.katalon.core.common.CommonExecutor.accessTestCaseMainPhase(CommonExecutor.java:65)
	at com.kms.katalon.core.main.TestSuiteExecutor.accessTestSuiteMainPhase(TestSuiteExecutor.java:150)
	at com.kms.katalon.core.main.TestSuiteExecutor.execute(TestSuiteExecutor.java:106)
	at com.kms.katalon.core.main.TestCaseMain.startTestSuite(TestCaseMain.java:180)
	at TempTestSuite1719146657080.run(TempTestSuite1719146657080.groovy:35)
	at java.base/jdk.internal.reflect.NativeMethodAccessorImpl.invoke0(Native Method)
	at java.base/jdk.internal.reflect.NativeMethodAccessorImpl.invoke(NativeMethodAccessorImpl.java:77)
	at java.base/jdk.internal.reflect.DelegatingMethodAccessorImpl.invoke(DelegatingMethodAccessorImpl.java:43)
)

23-06-2024T20:46:24 - [MESSAGE][INFO] - HAR: C:\DevPackage\xampp\htdocs\SAD\ArtLens\Reports\20240623_204104\Test_Admin_Pages_Authentication\20240623_204417\requests\main\12.har

23-06-2024T20:46:24 - [MESSAGE][PASSED] - Send request successfully

23-06-2024T20:46:24 - [MESSAGE][PASSED] - All links are accessible

23-06-2024T20:46:25 - [MESSAGE][PASSED] - Navigate to 'http://localhost/SAD/ArtLens/adminvisitorlog.php' successfully

23-06-2024T20:46:25 - [MESSAGE][PASSED] - Current window's url is: 'http://localhost/SAD/ArtLens/index.php'

23-06-2024T20:46:26 - [MESSAGE][INFO] - HAR: C:\DevPackage\xampp\htdocs\SAD\ArtLens\Reports\20240623_204104\Test_Admin_Pages_Authentication\20240623_204417\requests\main\13.har

23-06-2024T20:46:26 - [MESSAGE][PASSED] - Send request successfully

23-06-2024T20:46:26 - [MESSAGE][PASSED] - All links are accessible

23-06-2024T20:46:26 - [MESSAGE][PASSED] - Actual text 'http://localhost/SAD/ArtLens/index.php' and expected text 'http://localhost/SAD/ArtLens/adminvisitorlog.php' are not matched 

23-06-2024T20:46:26 - [MESSAGE][FAILED] - Unable to verify match between actual text 'http://localhost/SAD/ArtLens/index.php' and expected text 'http://localhost/SAD/ArtLens/admin.php' (Root cause: com.kms.katalon.core.exception.StepFailedException: Actual text 'http://localhost/SAD/ArtLens/index.php' and expected text 'http://localhost/SAD/ArtLens/admin.php' are not matched
	at com.kms.katalon.core.keyword.builtin.VerifyMatchKeyword$_verifyMatch_closure1.doCall(VerifyMatchKeyword.groovy:57)
	at com.kms.katalon.core.keyword.builtin.VerifyMatchKeyword$_verifyMatch_closure1.call(VerifyMatchKeyword.groovy)
	at com.kms.katalon.core.keyword.internal.KeywordMain.runKeyword(KeywordMain.groovy:75)
	at com.kms.katalon.core.keyword.builtin.VerifyMatchKeyword.verifyMatch(VerifyMatchKeyword.groovy:60)
	at com.kms.katalon.core.keyword.builtin.VerifyMatchKeyword.execute(VerifyMatchKeyword.groovy:45)
	at com.kms.katalon.core.keyword.internal.KeywordExecutor.executeKeywordForPlatform(KeywordExecutor.groovy:74)
	at com.kms.katalon.core.keyword.BuiltinKeywords.verifyMatch(BuiltinKeywords.groovy:60)
	at java.base/jdk.internal.reflect.NativeMethodAccessorImpl.invoke0(Native Method)
	at java.base/jdk.internal.reflect.NativeMethodAccessorImpl.invoke(NativeMethodAccessorImpl.java:77)
	at java.base/jdk.internal.reflect.DelegatingMethodAccessorImpl.invoke(DelegatingMethodAccessorImpl.java:43)
	at com.artlens.utils.AdminUtils.verifyPageAccessLoggedOut(AdminUtils.groovy:112)
	at page_accessible_logged_out.run(page_accessible_logged_out:24)
	at com.kms.katalon.core.main.ScriptEngine.run(ScriptEngine.java:194)
	at com.kms.katalon.core.main.ScriptEngine.runScriptAsRawText(ScriptEngine.java:119)
	at com.kms.katalon.core.main.TestCaseExecutor.runScript(TestCaseExecutor.java:448)
	at com.kms.katalon.core.main.TestCaseExecutor.doExecute(TestCaseExecutor.java:439)
	at com.kms.katalon.core.main.TestCaseExecutor.processExecutionPhase(TestCaseExecutor.java:418)
	at com.kms.katalon.core.main.TestCaseExecutor.accessMainPhase(TestCaseExecutor.java:410)
	at com.kms.katalon.core.main.TestCaseExecutor.execute(TestCaseExecutor.java:285)
	at com.kms.katalon.core.common.CommonExecutor.accessTestCaseMainPhase(CommonExecutor.java:65)
	at com.kms.katalon.core.main.TestSuiteExecutor.accessTestSuiteMainPhase(TestSuiteExecutor.java:150)
	at com.kms.katalon.core.main.TestSuiteExecutor.execute(TestSuiteExecutor.java:106)
	at com.kms.katalon.core.main.TestCaseMain.startTestSuite(TestCaseMain.java:180)
	at TempTestSuite1719146657080.run(TempTestSuite1719146657080.groovy:35)
	at java.base/jdk.internal.reflect.NativeMethodAccessorImpl.invoke0(Native Method)
	at java.base/jdk.internal.reflect.NativeMethodAccessorImpl.invoke(NativeMethodAccessorImpl.java:77)
	at java.base/jdk.internal.reflect.DelegatingMethodAccessorImpl.invoke(DelegatingMethodAccessorImpl.java:43)
)

23-06-2024T20:46:26 - [TEST_STEP][PASSED] - Start listener action : sampleAfterTestCase: null]]></system-out>
         <system-err><![CDATA[23-06-2024T20:46:13 - [TEST_CASE][FAILED] - Test Cases/admin/visitor_log_management/page_accessible_logged_out: Test Cases/admin/visitor_log_management/page_accessible_logged_out FAILED.
Reason:
com.kms.katalon.core.exception.StepFailedException: Unable to verify match between actual text 'http://localhost/SAD/ArtLens/index.php' and expected text 'http://localhost/SAD/ArtLens/admin.php' (Root cause: com.kms.katalon.core.exception.StepFailedException: Actual text 'http://localhost/SAD/ArtLens/index.php' and expected text 'http://localhost/SAD/ArtLens/admin.php' are not matched
	at com.kms.katalon.core.keyword.builtin.VerifyMatchKeyword$_verifyMatch_closure1.doCall(VerifyMatchKeyword.groovy:57)
	at com.kms.katalon.core.keyword.builtin.VerifyMatchKeyword$_verifyMatch_closure1.call(VerifyMatchKeyword.groovy)
	at com.kms.katalon.core.keyword.internal.KeywordMain.runKeyword(KeywordMain.groovy:75)
	at com.kms.katalon.core.keyword.builtin.VerifyMatchKeyword.verifyMatch(VerifyMatchKeyword.groovy:60)
	at com.kms.katalon.core.keyword.builtin.VerifyMatchKeyword.execute(VerifyMatchKeyword.groovy:45)
	at com.kms.katalon.core.keyword.internal.KeywordExecutor.executeKeywordForPlatform(KeywordExecutor.groovy:74)
	at com.kms.katalon.core.keyword.BuiltinKeywords.verifyMatch(BuiltinKeywords.groovy:60)
	at java.base/jdk.internal.reflect.NativeMethodAccessorImpl.invoke0(Native Method)
	at java.base/jdk.internal.reflect.NativeMethodAccessorImpl.invoke(NativeMethodAccessorImpl.java:77)
	at java.base/jdk.internal.reflect.DelegatingMethodAccessorImpl.invoke(DelegatingMethodAccessorImpl.java:43)
	at com.artlens.utils.AdminUtils.verifyPageAccessLoggedOut(AdminUtils.groovy:112)
	at page_accessible_logged_out.run(page_accessible_logged_out:24)
	at com.kms.katalon.core.main.ScriptEngine.run(ScriptEngine.java:194)
	at com.kms.katalon.core.main.ScriptEngine.runScriptAsRawText(ScriptEngine.java:119)
	at com.kms.katalon.core.main.TestCaseExecutor.runScript(TestCaseExecutor.java:448)
	at com.kms.katalon.core.main.TestCaseExecutor.doExecute(TestCaseExecutor.java:439)
	at com.kms.katalon.core.main.TestCaseExecutor.processExecutionPhase(TestCaseExecutor.java:418)
	at com.kms.katalon.core.main.TestCaseExecutor.accessMainPhase(TestCaseExecutor.java:410)
	at com.kms.katalon.core.main.TestCaseExecutor.execute(TestCaseExecutor.java:285)
	at com.kms.katalon.core.common.CommonExecutor.accessTestCaseMainPhase(CommonExecutor.java:65)
	at com.kms.katalon.core.main.TestSuiteExecutor.accessTestSuiteMainPhase(TestSuiteExecutor.java:150)
	at com.kms.katalon.core.main.TestSuiteExecutor.execute(TestSuiteExecutor.java:106)
	at com.kms.katalon.core.main.TestCaseMain.startTestSuite(TestCaseMain.java:180)
	at TempTestSuite1719146657080.run(TempTestSuite1719146657080.groovy:35)
	at java.base/jdk.internal.reflect.NativeMethodAccessorImpl.invoke0(Native Method)
	at java.base/jdk.internal.reflect.NativeMethodAccessorImpl.invoke(NativeMethodAccessorImpl.java:77)
	at java.base/jdk.internal.reflect.DelegatingMethodAccessorImpl.invoke(DelegatingMethodAccessorImpl.java:43)
)
	at com.kms.katalon.core.keyword.internal.KeywordMain.stepFailed(KeywordMain.groovy:39)
	at com.kms.katalon.core.keyword.internal.KeywordMain.stepFailed(KeywordMain.groovy)
	at com.kms.katalon.core.keyword.internal.KeywordMain.runKeyword(KeywordMain.groovy:77)
	at com.kms.katalon.core.keyword.builtin.VerifyMatchKeyword.verifyMatch(VerifyMatchKeyword.groovy:60)
	at com.kms.katalon.core.keyword.builtin.VerifyMatchKeyword.execute(VerifyMatchKeyword.groovy:45)
	at com.kms.katalon.core.keyword.internal.KeywordExecutor.executeKeywordForPlatform(KeywordExecutor.groovy:74)
	at com.kms.katalon.core.keyword.BuiltinKeywords.verifyMatch(BuiltinKeywords.groovy:60)
	at java.base/jdk.internal.reflect.NativeMethodAccessorImpl.invoke0(Native Method)
	at java.base/jdk.internal.reflect.NativeMethodAccessorImpl.invoke(NativeMethodAccessorImpl.java:77)
	at java.base/jdk.internal.reflect.DelegatingMethodAccessorImpl.invoke(DelegatingMethodAccessorImpl.java:43)
	at com.artlens.utils.AdminUtils.verifyPageAccessLoggedOut(AdminUtils.groovy:112)
	at page_accessible_logged_out.run(page_accessible_logged_out:24)
	at com.kms.katalon.core.main.ScriptEngine.run(ScriptEngine.java:194)
	at com.kms.katalon.core.main.ScriptEngine.runScriptAsRawText(ScriptEngine.java:119)
	at com.kms.katalon.core.main.TestCaseExecutor.runScript(TestCaseExecutor.java:448)
	at com.kms.katalon.core.main.TestCaseExecutor.doExecute(TestCaseExecutor.java:439)
	at com.kms.katalon.core.main.TestCaseExecutor.processExecutionPhase(TestCaseExecutor.java:418)
	at com.kms.katalon.core.main.TestCaseExecutor.accessMainPhase(TestCaseExecutor.java:410)
	at com.kms.katalon.core.main.TestCaseExecutor.execute(TestCaseExecutor.java:285)
	at com.kms.katalon.core.common.CommonExecutor.accessTestCaseMainPhase(CommonExecutor.java:65)
	at com.kms.katalon.core.main.TestSuiteExecutor.accessTestSuiteMainPhase(TestSuiteExecutor.java:150)
	at com.kms.katalon.core.main.TestSuiteExecutor.execute(TestSuiteExecutor.java:106)
	at com.kms.katalon.core.main.TestCaseMain.startTestSuite(TestCaseMain.java:180)
	at TempTestSuite1719146657080.run(TempTestSuite1719146657080.groovy:35)
	at java.base/jdk.internal.reflect.NativeMethodAccessorImpl.invoke0(Native Method)
	at java.base/jdk.internal.reflect.NativeMethodAccessorImpl.invoke(NativeMethodAccessorImpl.java:77)
	at java.base/jdk.internal.reflect.DelegatingMethodAccessorImpl.invoke(DelegatingMethodAccessorImpl.java:43)
Caused by: com.kms.katalon.core.exception.StepFailedException: Actual text 'http://localhost/SAD/ArtLens/index.php' and expected text 'http://localhost/SAD/ArtLens/admin.php' are not matched
	at com.kms.katalon.core.keyword.builtin.VerifyMatchKeyword$_verifyMatch_closure1.doCall(VerifyMatchKeyword.groovy:57)
	at com.kms.katalon.core.keyword.builtin.VerifyMatchKeyword$_verifyMatch_closure1.call(VerifyMatchKeyword.groovy)
	at com.kms.katalon.core.keyword.internal.KeywordMain.runKeyword(KeywordMain.groovy:75)
	... 24 more]]></system-err>
      </testcase>
      <system-out><![CDATA[23-06-2024T20:44:43 - [TEST_SUITE][FAILED] - Test_Admin_Pages_Authentication: Test Cases/admin/account_management/page_accessible_logged_out FAILED.
Reason:
com.kms.katalon.core.exception.StepFailedException: Unable to verify match between actual text 'http://localhost/SAD/ArtLens/index.php' and expected text 'http://localhost/SAD/ArtLens/admin.php' (Root cause: com.kms.katalon.core.exception.StepFailedException: Actual text 'http://localhost/SAD/ArtLens/index.php' and expected text 'http://localhost/SAD/ArtLens/admin.php' are not matched
	at com.kms.katalon.core.keyword.builtin.VerifyMatchKeyword$_verifyMatch_closure1.doCall(VerifyMatchKeyword.groovy:57)
	at com.kms.katalon.core.keyword.builtin.VerifyMatchKeyword$_verifyMatch_closure1.call(VerifyMatchKeyword.groovy)
	at com.kms.katalon.core.keyword.internal.KeywordMain.runKeyword(KeywordMain.groovy:75)
	at com.kms.katalon.core.keyword.builtin.VerifyMatchKeyword.verifyMatch(VerifyMatchKeyword.groovy:60)
	at com.kms.katalon.core.keyword.builtin.VerifyMatchKeyword.execute(VerifyMatchKeyword.groovy:45)
	at com.kms.katalon.core.keyword.internal.KeywordExecutor.executeKeywordForPlatform(KeywordExecutor.groovy:74)
	at com.kms.katalon.core.keyword.BuiltinKeywords.verifyMatch(BuiltinKeywords.groovy:60)
	at java.base/jdk.internal.reflect.NativeMethodAccessorImpl.invoke0(Native Method)
	at java.base/jdk.internal.reflect.NativeMethodAccessorImpl.invoke(NativeMethodAccessorImpl.java:77)
	at java.base/jdk.internal.reflect.DelegatingMethodAccessorImpl.invoke(DelegatingMethodAccessorImpl.java:43)
	at com.artlens.utils.AdminUtils.verifyPageAccessLoggedOut(AdminUtils.groovy:112)
	at page_accessible_logged_out.run(page_accessible_logged_out:24)
	at com.kms.katalon.core.main.ScriptEngine.run(ScriptEngine.java:194)
	at com.kms.katalon.core.main.ScriptEngine.runScriptAsRawText(ScriptEngine.java:119)
	at com.kms.katalon.core.main.TestCaseExecutor.runScript(TestCaseExecutor.java:448)
	at com.kms.katalon.core.main.TestCaseExecutor.doExecute(TestCaseExecutor.java:439)
	at com.kms.katalon.core.main.TestCaseExecutor.processExecutionPhase(TestCaseExecutor.java:418)
	at com.kms.katalon.core.main.TestCaseExecutor.accessMainPhase(TestCaseExecutor.java:410)
	at com.kms.katalon.core.main.TestCaseExecutor.execute(TestCaseExecutor.java:285)
	at com.kms.katalon.core.common.CommonExecutor.accessTestCaseMainPhase(CommonExecutor.java:65)
	at com.kms.katalon.core.main.TestSuiteExecutor.accessTestSuiteMainPhase(TestSuiteExecutor.java:150)
	at com.kms.katalon.core.main.TestSuiteExecutor.execute(TestSuiteExecutor.java:106)
	at com.kms.katalon.core.main.TestCaseMain.startTestSuite(TestCaseMain.java:180)
	at TempTestSuite1719146657080.run(TempTestSuite1719146657080.groovy:35)
	at java.base/jdk.internal.reflect.NativeMethodAccessorImpl.invoke0(Native Method)
	at java.base/jdk.internal.reflect.NativeMethodAccessorImpl.invoke(NativeMethodAccessorImpl.java:77)
	at java.base/jdk.internal.reflect.DelegatingMethodAccessorImpl.invoke(DelegatingMethodAccessorImpl.java:43)
)
	at com.kms.katalon.core.keyword.internal.KeywordMain.stepFailed(KeywordMain.groovy:39)
	at com.kms.katalon.core.keyword.internal.KeywordMain.stepFailed(KeywordMain.groovy)
	at com.kms.katalon.core.keyword.internal.KeywordMain.runKeyword(KeywordMain.groovy:77)
	at com.kms.katalon.core.keyword.builtin.VerifyMatchKeyword.verifyMatch(VerifyMatchKeyword.groovy:60)
	at com.kms.katalon.core.keyword.builtin.VerifyMatchKeyword.execute(VerifyMatchKeyword.groovy:45)
	at com.kms.katalon.core.keyword.internal.KeywordExecutor.executeKeywordForPlatform(KeywordExecutor.groovy:74)
	at com.kms.katalon.core.keyword.BuiltinKeywords.verifyMatch(BuiltinKeywords.groovy:60)
	at java.base/jdk.internal.reflect.NativeMethodAccessorImpl.invoke0(Native Method)
	at java.base/jdk.internal.reflect.NativeMethodAccessorImpl.invoke(NativeMethodAccessorImpl.java:77)
	at java.base/jdk.internal.reflect.DelegatingMethodAccessorImpl.invoke(DelegatingMethodAccessorImpl.java:43)
	at com.artlens.utils.AdminUtils.verifyPageAccessLoggedOut(AdminUtils.groovy:112)
	at page_accessible_logged_out.run(page_accessible_logged_out:24)
	at com.kms.katalon.core.main.ScriptEngine.run(ScriptEngine.java:194)
	at com.kms.katalon.core.main.ScriptEngine.runScriptAsRawText(ScriptEngine.java:119)
	at com.kms.katalon.core.main.TestCaseExecutor.runScript(TestCaseExecutor.java:448)
	at com.kms.katalon.core.main.TestCaseExecutor.doExecute(TestCaseExecutor.java:439)
	at com.kms.katalon.core.main.TestCaseExecutor.processExecutionPhase(TestCaseExecutor.java:418)
	at com.kms.katalon.core.main.TestCaseExecutor.accessMainPhase(TestCaseExecutor.java:410)
	at com.kms.katalon.core.main.TestCaseExecutor.execute(TestCaseExecutor.java:285)
	at com.kms.katalon.core.common.CommonExecutor.accessTestCaseMainPhase(CommonExecutor.java:65)
	at com.kms.katalon.core.main.TestSuiteExecutor.accessTestSuiteMainPhase(TestSuiteExecutor.java:150)
	at com.kms.katalon.core.main.TestSuiteExecutor.execute(TestSuiteExecutor.java:106)
	at com.kms.katalon.core.main.TestCaseMain.startTestSuite(TestCaseMain.java:180)
	at TempTestSuite1719146657080.run(TempTestSuite1719146657080.groovy:35)
	at java.base/jdk.internal.reflect.NativeMethodAccessorImpl.invoke0(Native Method)
	at java.base/jdk.internal.reflect.NativeMethodAccessorImpl.invoke(NativeMethodAccessorImpl.java:77)
	at java.base/jdk.internal.reflect.DelegatingMethodAccessorImpl.invoke(DelegatingMethodAccessorImpl.java:43)
Caused by: com.kms.katalon.core.exception.StepFailedException: Actual text 'http://localhost/SAD/ArtLens/index.php' and expected text 'http://localhost/SAD/ArtLens/admin.php' are not matched
	at com.kms.katalon.core.keyword.builtin.VerifyMatchKeyword$_verifyMatch_closure1.doCall(VerifyMatchKeyword.groovy:57)
	at com.kms.katalon.core.keyword.builtin.VerifyMatchKeyword$_verifyMatch_closure1.call(VerifyMatchKeyword.groovy)
	at com.kms.katalon.core.keyword.internal.KeywordMain.runKeyword(KeywordMain.groovy:75)
	... 24 more]]></system-out>
      <system-err><![CDATA[23-06-2024T20:44:43 - [TEST_SUITE][FAILED] - Test_Admin_Pages_Authentication: Test Cases/admin/account_management/page_accessible_logged_out FAILED.
Reason:
com.kms.katalon.core.exception.StepFailedException: Unable to verify match between actual text 'http://localhost/SAD/ArtLens/index.php' and expected text 'http://localhost/SAD/ArtLens/admin.php' (Root cause: com.kms.katalon.core.exception.StepFailedException: Actual text 'http://localhost/SAD/ArtLens/index.php' and expected text 'http://localhost/SAD/ArtLens/admin.php' are not matched
	at com.kms.katalon.core.keyword.builtin.VerifyMatchKeyword$_verifyMatch_closure1.doCall(VerifyMatchKeyword.groovy:57)
	at com.kms.katalon.core.keyword.builtin.VerifyMatchKeyword$_verifyMatch_closure1.call(VerifyMatchKeyword.groovy)
	at com.kms.katalon.core.keyword.internal.KeywordMain.runKeyword(KeywordMain.groovy:75)
	at com.kms.katalon.core.keyword.builtin.VerifyMatchKeyword.verifyMatch(VerifyMatchKeyword.groovy:60)
	at com.kms.katalon.core.keyword.builtin.VerifyMatchKeyword.execute(VerifyMatchKeyword.groovy:45)
	at com.kms.katalon.core.keyword.internal.KeywordExecutor.executeKeywordForPlatform(KeywordExecutor.groovy:74)
	at com.kms.katalon.core.keyword.BuiltinKeywords.verifyMatch(BuiltinKeywords.groovy:60)
	at java.base/jdk.internal.reflect.NativeMethodAccessorImpl.invoke0(Native Method)
	at java.base/jdk.internal.reflect.NativeMethodAccessorImpl.invoke(NativeMethodAccessorImpl.java:77)
	at java.base/jdk.internal.reflect.DelegatingMethodAccessorImpl.invoke(DelegatingMethodAccessorImpl.java:43)
	at com.artlens.utils.AdminUtils.verifyPageAccessLoggedOut(AdminUtils.groovy:112)
	at page_accessible_logged_out.run(page_accessible_logged_out:24)
	at com.kms.katalon.core.main.ScriptEngine.run(ScriptEngine.java:194)
	at com.kms.katalon.core.main.ScriptEngine.runScriptAsRawText(ScriptEngine.java:119)
	at com.kms.katalon.core.main.TestCaseExecutor.runScript(TestCaseExecutor.java:448)
	at com.kms.katalon.core.main.TestCaseExecutor.doExecute(TestCaseExecutor.java:439)
	at com.kms.katalon.core.main.TestCaseExecutor.processExecutionPhase(TestCaseExecutor.java:418)
	at com.kms.katalon.core.main.TestCaseExecutor.accessMainPhase(TestCaseExecutor.java:410)
	at com.kms.katalon.core.main.TestCaseExecutor.execute(TestCaseExecutor.java:285)
	at com.kms.katalon.core.common.CommonExecutor.accessTestCaseMainPhase(CommonExecutor.java:65)
	at com.kms.katalon.core.main.TestSuiteExecutor.accessTestSuiteMainPhase(TestSuiteExecutor.java:150)
	at com.kms.katalon.core.main.TestSuiteExecutor.execute(TestSuiteExecutor.java:106)
	at com.kms.katalon.core.main.TestCaseMain.startTestSuite(TestCaseMain.java:180)
	at TempTestSuite1719146657080.run(TempTestSuite1719146657080.groovy:35)
	at java.base/jdk.internal.reflect.NativeMethodAccessorImpl.invoke0(Native Method)
	at java.base/jdk.internal.reflect.NativeMethodAccessorImpl.invoke(NativeMethodAccessorImpl.java:77)
	at java.base/jdk.internal.reflect.DelegatingMethodAccessorImpl.invoke(DelegatingMethodAccessorImpl.java:43)
)
	at com.kms.katalon.core.keyword.internal.KeywordMain.stepFailed(KeywordMain.groovy:39)
	at com.kms.katalon.core.keyword.internal.KeywordMain.stepFailed(KeywordMain.groovy)
	at com.kms.katalon.core.keyword.internal.KeywordMain.runKeyword(KeywordMain.groovy:77)
	at com.kms.katalon.core.keyword.builtin.VerifyMatchKeyword.verifyMatch(VerifyMatchKeyword.groovy:60)
	at com.kms.katalon.core.keyword.builtin.VerifyMatchKeyword.execute(VerifyMatchKeyword.groovy:45)
	at com.kms.katalon.core.keyword.internal.KeywordExecutor.executeKeywordForPlatform(KeywordExecutor.groovy:74)
	at com.kms.katalon.core.keyword.BuiltinKeywords.verifyMatch(BuiltinKeywords.groovy:60)
	at java.base/jdk.internal.reflect.NativeMethodAccessorImpl.invoke0(Native Method)
	at java.base/jdk.internal.reflect.NativeMethodAccessorImpl.invoke(NativeMethodAccessorImpl.java:77)
	at java.base/jdk.internal.reflect.DelegatingMethodAccessorImpl.invoke(DelegatingMethodAccessorImpl.java:43)
	at com.artlens.utils.AdminUtils.verifyPageAccessLoggedOut(AdminUtils.groovy:112)
	at page_accessible_logged_out.run(page_accessible_logged_out:24)
	at com.kms.katalon.core.main.ScriptEngine.run(ScriptEngine.java:194)
	at com.kms.katalon.core.main.ScriptEngine.runScriptAsRawText(ScriptEngine.java:119)
	at com.kms.katalon.core.main.TestCaseExecutor.runScript(TestCaseExecutor.java:448)
	at com.kms.katalon.core.main.TestCaseExecutor.doExecute(TestCaseExecutor.java:439)
	at com.kms.katalon.core.main.TestCaseExecutor.processExecutionPhase(TestCaseExecutor.java:418)
	at com.kms.katalon.core.main.TestCaseExecutor.accessMainPhase(TestCaseExecutor.java:410)
	at com.kms.katalon.core.main.TestCaseExecutor.execute(TestCaseExecutor.java:285)
	at com.kms.katalon.core.common.CommonExecutor.accessTestCaseMainPhase(CommonExecutor.java:65)
	at com.kms.katalon.core.main.TestSuiteExecutor.accessTestSuiteMainPhase(TestSuiteExecutor.java:150)
	at com.kms.katalon.core.main.TestSuiteExecutor.execute(TestSuiteExecutor.java:106)
	at com.kms.katalon.core.main.TestCaseMain.startTestSuite(TestCaseMain.java:180)
	at TempTestSuite1719146657080.run(TempTestSuite1719146657080.groovy:35)
	at java.base/jdk.internal.reflect.NativeMethodAccessorImpl.invoke0(Native Method)
	at java.base/jdk.internal.reflect.NativeMethodAccessorImpl.invoke(NativeMethodAccessorImpl.java:77)
	at java.base/jdk.internal.reflect.DelegatingMethodAccessorImpl.invoke(DelegatingMethodAccessorImpl.java:43)
Caused by: com.kms.katalon.core.exception.StepFailedException: Actual text 'http://localhost/SAD/ArtLens/index.php' and expected text 'http://localhost/SAD/ArtLens/admin.php' are not matched
	at com.kms.katalon.core.keyword.builtin.VerifyMatchKeyword$_verifyMatch_closure1.doCall(VerifyMatchKeyword.groovy:57)
	at com.kms.katalon.core.keyword.builtin.VerifyMatchKeyword$_verifyMatch_closure1.call(VerifyMatchKeyword.groovy)
	at com.kms.katalon.core.keyword.internal.KeywordMain.runKeyword(KeywordMain.groovy:75)
	... 24 more]]></system-err>
   </testsuite>
   <testsuite name="Test_Admin_Logout" tests="7" failures="7" errors="0" time="123.067" skipped="0" timestamp="23-06-2024T20:45:07" hostname="Summer - DESKTOP-KG5V3HF" id="Test Suites/Test_Admin_Logout">
      <properties>
         <property name="deviceName" value=""/>
         <property name="devicePlatform"/>
         <property name="logFolder" value="C:\\DevPackage\\xampp\\htdocs\\SAD\\ArtLens\\Reports\\20240623_204104\\Test_Admin_Logout\\20240623_204449"/>
         <property name="logFiles" value="C:\\DevPackage\\xampp\\htdocs\\SAD\\ArtLens\\Reports\\20240623_204104\\Test_Admin_Logout\\20240623_204449\\execution0.log"/>
         <property name="attachments" value=""/>
         <property name="hostName" value="Summer - DESKTOP-KG5V3HF"/>
         <property name="os" value="Windows 10 64bit"/>
         <property name="katalonVersion" value="9.6.0.217"/>
         <property name="browser" value="Firefox 128.0"/>
         <property name="hostAddress" value="192.200.100.56"/>
         <property name="sessionId" value="e167a7b6-de18-44cc-8c00-642be3d734a1"/>
         <property name="seleniumVersion" value="3.141.59"/>
         <property name="proxyInformation" value="ProxyInformation { proxyOption=NO_PROXY, proxyServerType=HTTP, username=, password=********, proxyServerAddress=, proxyServerPort=0, executionList=&quot;&quot;, isApplyToDesiredCapabilities=true }"/>
         <property name="platform" value="Windows 10"/>
      </properties>
      <testcase name="Test Cases/admin/account_management/logout" time="33.104" classname="Test Cases/admin/account_management/logout" status="FAILED">
         <failure type="FAILED" message="Test Cases/admin/account_management/logout FAILED.&#xa;Reason:&#xa;com.kms.katalon.core.exception.StepFailedException: An error occurred: Actual text 'http://localhost/SAD/ArtLens/index.php' and expected text 'http://localhost/SAD/ArtLens/admin.php' are not matched&#xa;	at com.kms.katalon.core.util.KeywordUtil.markFailed(KeywordUtil.java:19)&#xa;	at logout.run(logout:36)&#xa;	at com.kms.katalon.core.main.ScriptEngine.run(ScriptEngine.java:194)&#xa;	at com.kms.katalon.core.main.ScriptEngine.runScriptAsRawText(ScriptEngine.java:119)&#xa;	at com.kms.katalon.core.main.TestCaseExecutor.runScript(TestCaseExecutor.java:448)&#xa;	at com.kms.katalon.core.main.TestCaseExecutor.doExecute(TestCaseExecutor.java:439)&#xa;	at com.kms.katalon.core.main.TestCaseExecutor.processExecutionPhase(TestCaseExecutor.java:418)&#xa;	at com.kms.katalon.core.main.TestCaseExecutor.accessMainPhase(TestCaseExecutor.java:410)&#xa;	at com.kms.katalon.core.main.TestCaseExecutor.execute(TestCaseExecutor.java:285)&#xa;	at com.kms.katalon.core.common.CommonExecutor.accessTestCaseMainPhase(CommonExecutor.java:65)&#xa;	at com.kms.katalon.core.main.TestSuiteExecutor.accessTestSuiteMainPhase(TestSuiteExecutor.java:150)&#xa;	at com.kms.katalon.core.main.TestSuiteExecutor.execute(TestSuiteExecutor.java:106)&#xa;	at com.kms.katalon.core.main.TestCaseMain.startTestSuite(TestCaseMain.java:180)&#xa;	at TempTestSuite1719146689802.run(TempTestSuite1719146689802.groovy:35)&#xa;	at java.base/jdk.internal.reflect.NativeMethodAccessorImpl.invoke0(Native Method)&#xa;	at java.base/jdk.internal.reflect.NativeMethodAccessorImpl.invoke(NativeMethodAccessorImpl.java:77)&#xa;	at java.base/jdk.internal.reflect.DelegatingMethodAccessorImpl.invoke(DelegatingMethodAccessorImpl.java:43)&#xa;"/>
         <system-out><![CDATA[23-06-2024T20:45:08 - [TEST_CASE][FAILED] - Test Cases/admin/account_management/logout: Test Cases/admin/account_management/logout FAILED.
Reason:
com.kms.katalon.core.exception.StepFailedException: An error occurred: Actual text 'http://localhost/SAD/ArtLens/index.php' and expected text 'http://localhost/SAD/ArtLens/admin.php' are not matched
	at com.kms.katalon.core.util.KeywordUtil.markFailed(KeywordUtil.java:19)
	at logout.run(logout:36)
	at com.kms.katalon.core.main.ScriptEngine.run(ScriptEngine.java:194)
	at com.kms.katalon.core.main.ScriptEngine.runScriptAsRawText(ScriptEngine.java:119)
	at com.kms.katalon.core.main.TestCaseExecutor.runScript(TestCaseExecutor.java:448)
	at com.kms.katalon.core.main.TestCaseExecutor.doExecute(TestCaseExecutor.java:439)
	at com.kms.katalon.core.main.TestCaseExecutor.processExecutionPhase(TestCaseExecutor.java:418)
	at com.kms.katalon.core.main.TestCaseExecutor.accessMainPhase(TestCaseExecutor.java:410)
	at com.kms.katalon.core.main.TestCaseExecutor.execute(TestCaseExecutor.java:285)
	at com.kms.katalon.core.common.CommonExecutor.accessTestCaseMainPhase(CommonExecutor.java:65)
	at com.kms.katalon.core.main.TestSuiteExecutor.accessTestSuiteMainPhase(TestSuiteExecutor.java:150)
	at com.kms.katalon.core.main.TestSuiteExecutor.execute(TestSuiteExecutor.java:106)
	at com.kms.katalon.core.main.TestCaseMain.startTestSuite(TestCaseMain.java:180)
	at TempTestSuite1719146689802.run(TempTestSuite1719146689802.groovy:35)
	at java.base/jdk.internal.reflect.NativeMethodAccessorImpl.invoke0(Native Method)
	at java.base/jdk.internal.reflect.NativeMethodAccessorImpl.invoke(NativeMethodAccessorImpl.java:77)
	at java.base/jdk.internal.reflect.DelegatingMethodAccessorImpl.invoke(DelegatingMethodAccessorImpl.java:43)


23-06-2024T20:45:08 - [TEST_STEP][PASSED] - Start listener action : sampleBeforeTestCase: Browser is opened with url: ''

23-06-2024T20:45:08 - [TEST_STEP][PASSED] - println(testCaseContext.getTestCaseId()): null

23-06-2024T20:45:08 - [TEST_STEP][PASSED] - openBrowser(""): Browser is opened with url: ''

23-06-2024T20:45:10 - [MESSAGE][INFO] - Starting 'Firefox (headless)' driver

23-06-2024T20:45:11 - [MESSAGE][INFO] - Action delay is set to 0 milliseconds

23-06-2024T20:45:19 - [MESSAGE][PASSED] - Browser is opened with url: ''

23-06-2024T20:45:19 - [TEST_STEP][FAILED] - try: Unable to verify match between actual text 'http://localhost/SAD/ArtLens/index.php' and expected text 'http://localhost/SAD/ArtLens/admin.php' (Root cause: com.kms.katalon.core.exception.StepFailedException: Actual text 'http://localhost/SAD/ArtLens/index.php' and expected text 'http://localhost/SAD/ArtLens/admin.php' are not matched
	at com.kms.katalon.core.keyword.builtin.VerifyMatchKeyword$_verifyMatch_closure1.doCall(VerifyMatchKeyword.groovy:57)
	at com.kms.katalon.core.keyword.builtin.VerifyMatchKeyword$_verifyMatch_closure1.call(VerifyMatchKeyword.groovy)
	at com.kms.katalon.core.keyword.internal.KeywordMain.runKeyword(KeywordMain.groovy:75)
	at com.kms.katalon.core.keyword.builtin.VerifyMatchKeyword.verifyMatch(VerifyMatchKeyword.groovy:60)
	at com.kms.katalon.core.keyword.builtin.VerifyMatchKeyword.execute(VerifyMatchKeyword.groovy:45)
	at com.kms.katalon.core.keyword.internal.KeywordExecutor.executeKeywordForPlatform(KeywordExecutor.groovy:74)
	at com.kms.katalon.core.keyword.BuiltinKeywords.verifyMatch(BuiltinKeywords.groovy:78)
	at java.base/jdk.internal.reflect.NativeMethodAccessorImpl.invoke0(Native Method)
	at java.base/jdk.internal.reflect.NativeMethodAccessorImpl.invoke(NativeMethodAccessorImpl.java:77)
	at java.base/jdk.internal.reflect.DelegatingMethodAccessorImpl.invoke(DelegatingMethodAccessorImpl.java:43)
	at com.artlens.utils.AdminUtils.adminLogout(AdminUtils.groovy:78)
	at logout.run(logout:30)
	at com.kms.katalon.core.main.ScriptEngine.run(ScriptEngine.java:194)
	at com.kms.katalon.core.main.ScriptEngine.runScriptAsRawText(ScriptEngine.java:119)
	at com.kms.katalon.core.main.TestCaseExecutor.runScript(TestCaseExecutor.java:448)
	at com.kms.katalon.core.main.TestCaseExecutor.doExecute(TestCaseExecutor.java:439)
	at com.kms.katalon.core.main.TestCaseExecutor.processExecutionPhase(TestCaseExecutor.java:418)
	at com.kms.katalon.core.main.TestCaseExecutor.accessMainPhase(TestCaseExecutor.java:410)
	at com.kms.katalon.core.main.TestCaseExecutor.execute(TestCaseExecutor.java:285)
	at com.kms.katalon.core.common.CommonExecutor.accessTestCaseMainPhase(CommonExecutor.java:65)
	at com.kms.katalon.core.main.TestSuiteExecutor.accessTestSuiteMainPhase(TestSuiteExecutor.java:150)
	at com.kms.katalon.core.main.TestSuiteExecutor.execute(TestSuiteExecutor.java:106)
	at com.kms.katalon.core.main.TestCaseMain.startTestSuite(TestCaseMain.java:180)
	at TempTestSuite1719146689802.run(TempTestSuite1719146689802.groovy:35)
	at java.base/jdk.internal.reflect.NativeMethodAccessorImpl.invoke0(Native Method)
	at java.base/jdk.internal.reflect.NativeMethodAccessorImpl.invoke(NativeMethodAccessorImpl.java:77)
	at java.base/jdk.internal.reflect.DelegatingMethodAccessorImpl.invoke(DelegatingMethodAccessorImpl.java:43)
)

23-06-2024T20:45:19 - [TEST_STEP][PASSED] - callTestCase(findTestCase("Common_TestCases/admin_login_all_valid"), [:], STOP_ON_FAILURE): Call Test Case 'Test Cases/Common_TestCases/admin_login_all_valid' successfully

23-06-2024T20:45:20 - [TEST_CASE][PASSED] - Test Cases/Common_TestCases/admin_login_all_valid: Test Cases/Common_TestCases/admin_login_all_valid

23-06-2024T20:45:20 - [TEST_STEP][PASSED] - try: The URL is correct: http://localhost/SAD/ArtLens/adminindex.php

23-06-2024T20:45:20 - [TEST_STEP][PASSED] - userIndex = userIndex: null

23-06-2024T20:45:21 - [TEST_STEP][PASSED] - callTestCase(findTestCase("admin/landing_page/header_bar_visible"), [:], STOP_ON_FAILURE): Call Test Case 'Test Cases/admin/landing_page/header_bar_visible' successfully

23-06-2024T20:45:21 - [TEST_CASE][PASSED] - Test Cases/admin/landing_page/header_bar_visible: Test Cases/admin/landing_page/header_bar_visible

23-06-2024T20:45:22 - [TEST_STEP][PASSED] - callTestCase(findTestCase("admin/landing_page/page_acessible"), [:], STOP_ON_FAILURE): Call Test Case 'Test Cases/admin/landing_page/page_acessible' successfully

23-06-2024T20:45:22 - [TEST_CASE][PASSED] - Test Cases/admin/landing_page/page_acessible: Test Cases/admin/landing_page/page_acessible

23-06-2024T20:45:22 - [TEST_STEP][PASSED] - AdminUtils.openWebPage("admin.php"): Navigate to 'http://localhost/SAD/ArtLens/admin.php' successfully

23-06-2024T20:45:28 - [MESSAGE][INFO] - HAR: C:\DevPackage\xampp\htdocs\SAD\ArtLens\Reports\20240623_204104\Test_Admin_Logout\20240623_204449\requests\main\0.har

23-06-2024T20:45:28 - [MESSAGE][PASSED] - Send request successfully

23-06-2024T20:45:28 - [MESSAGE][PASSED] - All links are accessible

23-06-2024T20:45:29 - [MESSAGE][PASSED] - Navigate to 'http://localhost/SAD/ArtLens/admin.php' successfully

23-06-2024T20:45:29 - [MESSAGE][PASSED] - Call Test Case 'Test Cases/admin/landing_page/page_acessible' successfully

23-06-2024T20:45:29 - [TEST_STEP][PASSED] - verifyElementPresent(findTestObject("admin/landing_page/nav_ArtLens            Admin Login"), 0): Object 'Object Repository/admin/landing_page/nav_ArtLens            Admin Login' is present

23-06-2024T20:45:30 - [MESSAGE][WARNING] - Timeout '0' is invalid. Using default page load timeout: '30'

23-06-2024T20:45:30 - [MESSAGE][PASSED] - Object 'Object Repository/admin/landing_page/nav_ArtLens            Admin Login' is present

23-06-2024T20:45:30 - [TEST_STEP][PASSED] - verifyElementVisible(findTestObject("admin/landing_page/nav_ArtLens            Admin Login")): Object 'Object Repository/admin/landing_page/nav_ArtLens            Admin Login' is visible

23-06-2024T20:45:30 - [MESSAGE][PASSED] - Object 'Object Repository/admin/landing_page/nav_ArtLens            Admin Login' is visible

23-06-2024T20:45:30 - [MESSAGE][PASSED] - Call Test Case 'Test Cases/admin/landing_page/header_bar_visible' successfully

23-06-2024T20:45:30 - [TEST_STEP][PASSED] - AdminUtils.adminLogin(ValidUsernameCredentials[userIndex], ValidPasswordCredentials[userIndex]): Object: 'Object Repository/admin/landing_page/button_Login' is clicked on

23-06-2024T20:45:30 - [MESSAGE][WARNING] - Timeout '0' is invalid. Using default page load timeout: '30'

23-06-2024T20:45:30 - [MESSAGE][PASSED] - Object 'Object Repository/admin/landing_page/a_Admin Login' is present

23-06-2024T20:45:30 - [MESSAGE][PASSED] - Object 'Object Repository/admin/landing_page/a_Admin Login' is visible

23-06-2024T20:45:32 - [MESSAGE][PASSED] - Object: 'Object Repository/admin/landing_page/a_Admin Login' is clicked on

23-06-2024T20:45:32 - [MESSAGE][PASSED] - Text 'admin@gmail.com' is set on object 'Object Repository/admin/landing_page/input_ARTLENS_uname'

23-06-2024T20:45:32 - [MESSAGE][PASSED] - Object: 'Object Repository/admin/landing_page/button_Show' is clicked on

23-06-2024T20:45:32 - [MESSAGE][PASSED] - Text '@Helloword' is set on object 'Object Repository/admin/landing_page/input_ARTLENS_pass_1'

23-06-2024T20:45:33 - [MESSAGE][WARNING] - Timeout '0' is invalid. Using default page load timeout: '30'

23-06-2024T20:45:33 - [MESSAGE][PASSED] - Object 'Object Repository/admin/landing_page/button_Login' is present

23-06-2024T20:45:33 - [MESSAGE][PASSED] - Object 'Object Repository/admin/landing_page/button_Login' is visible

23-06-2024T20:45:38 - [MESSAGE][PASSED] - Object: 'Object Repository/admin/landing_page/button_Login' is clicked on

23-06-2024T20:45:38 - [TEST_STEP][PASSED] - currentUrl = getUrl(): Current window's url is: 'http://localhost/SAD/ArtLens/adminindex.php'

23-06-2024T20:45:38 - [MESSAGE][PASSED] - Current window's url is: 'http://localhost/SAD/ArtLens/adminindex.php'

23-06-2024T20:45:38 - [TEST_STEP][PASSED] - expectedUrl = $GlobalVariable.appBaseLinkadminindex.php: null

23-06-2024T20:45:38 - [TEST_STEP][PASSED] - isUrlCorrect = verifyMatch(currentUrl, expectedUrl, false): Actual text 'http://localhost/SAD/ArtLens/adminindex.php' and expected text 'http://localhost/SAD/ArtLens/adminindex.php' are matched 

23-06-2024T20:45:38 - [MESSAGE][PASSED] - Actual text 'http://localhost/SAD/ArtLens/adminindex.php' and expected text 'http://localhost/SAD/ArtLens/adminindex.php' are matched 

23-06-2024T20:45:38 - [TEST_STEP][PASSED] - if (isUrlCorrect): The URL is correct: http://localhost/SAD/ArtLens/adminindex.php

23-06-2024T20:45:38 - [TEST_STEP][PASSED] - markPassed("The URL is correct: " + currentUrl): The URL is correct: http://localhost/SAD/ArtLens/adminindex.php

23-06-2024T20:45:38 - [MESSAGE][PASSED] - The URL is correct: http://localhost/SAD/ArtLens/adminindex.php

23-06-2024T20:45:38 - [TEST_STEP][PASSED] - Finally: null

23-06-2024T20:45:38 - [MESSAGE][PASSED] - Call Test Case 'Test Cases/Common_TestCases/admin_login_all_valid' successfully

23-06-2024T20:45:38 - [TEST_STEP][PASSED] - verifyElementPresent(findTestObject("Object Repository/admin/components/top_navbar/i_Logout_bi bi-person-circle fs-3 mr-3"), 0): Object 'Object Repository/admin/components/top_navbar/i_Logout_bi bi-person-circle fs-3 mr-3' is present

23-06-2024T20:45:40 - [MESSAGE][WARNING] - Timeout '0' is invalid. Using default page load timeout: '30'

23-06-2024T20:45:40 - [MESSAGE][PASSED] - Object 'Object Repository/admin/components/top_navbar/i_Logout_bi bi-person-circle fs-3 mr-3' is present

23-06-2024T20:45:40 - [TEST_STEP][PASSED] - verifyElementVisible(findTestObject("Object Repository/admin/components/top_navbar/i_Logout_bi bi-person-circle fs-3 mr-3"), STOP_ON_FAILURE): Object 'Object Repository/admin/components/top_navbar/i_Logout_bi bi-person-circle fs-3 mr-3' is visible

23-06-2024T20:45:40 - [MESSAGE][PASSED] - Object 'Object Repository/admin/components/top_navbar/i_Logout_bi bi-person-circle fs-3 mr-3' is visible

23-06-2024T20:45:40 - [TEST_STEP][PASSED] - click(findTestObject("Object Repository/admin/components/top_navbar/i_Logout_bi bi-person-circle fs-3 mr-3")): Object: 'Object Repository/admin/components/top_navbar/i_Logout_bi bi-person-circle fs-3 mr-3' is clicked on

23-06-2024T20:45:40 - [MESSAGE][PASSED] - Object: 'Object Repository/admin/components/top_navbar/i_Logout_bi bi-person-circle fs-3 mr-3' is clicked on

23-06-2024T20:45:40 - [TEST_STEP][FAILED] - AdminUtils.adminLogout(): Unable to verify match between actual text 'http://localhost/SAD/ArtLens/index.php' and expected text 'http://localhost/SAD/ArtLens/admin.php' (Root cause: com.kms.katalon.core.exception.StepFailedException: Actual text 'http://localhost/SAD/ArtLens/index.php' and expected text 'http://localhost/SAD/ArtLens/admin.php' are not matched
	at com.kms.katalon.core.keyword.builtin.VerifyMatchKeyword$_verifyMatch_closure1.doCall(VerifyMatchKeyword.groovy:57)
	at com.kms.katalon.core.keyword.builtin.VerifyMatchKeyword$_verifyMatch_closure1.call(VerifyMatchKeyword.groovy)
	at com.kms.katalon.core.keyword.internal.KeywordMain.runKeyword(KeywordMain.groovy:75)
	at com.kms.katalon.core.keyword.builtin.VerifyMatchKeyword.verifyMatch(VerifyMatchKeyword.groovy:60)
	at com.kms.katalon.core.keyword.builtin.VerifyMatchKeyword.execute(VerifyMatchKeyword.groovy:45)
	at com.kms.katalon.core.keyword.internal.KeywordExecutor.executeKeywordForPlatform(KeywordExecutor.groovy:74)
	at com.kms.katalon.core.keyword.BuiltinKeywords.verifyMatch(BuiltinKeywords.groovy:78)
	at java.base/jdk.internal.reflect.NativeMethodAccessorImpl.invoke0(Native Method)
	at java.base/jdk.internal.reflect.NativeMethodAccessorImpl.invoke(NativeMethodAccessorImpl.java:77)
	at java.base/jdk.internal.reflect.DelegatingMethodAccessorImpl.invoke(DelegatingMethodAccessorImpl.java:43)
	at com.artlens.utils.AdminUtils.adminLogout(AdminUtils.groovy:78)
	at logout.run(logout:30)
	at com.kms.katalon.core.main.ScriptEngine.run(ScriptEngine.java:194)
	at com.kms.katalon.core.main.ScriptEngine.runScriptAsRawText(ScriptEngine.java:119)
	at com.kms.katalon.core.main.TestCaseExecutor.runScript(TestCaseExecutor.java:448)
	at com.kms.katalon.core.main.TestCaseExecutor.doExecute(TestCaseExecutor.java:439)
	at com.kms.katalon.core.main.TestCaseExecutor.processExecutionPhase(TestCaseExecutor.java:418)
	at com.kms.katalon.core.main.TestCaseExecutor.accessMainPhase(TestCaseExecutor.java:410)
	at com.kms.katalon.core.main.TestCaseExecutor.execute(TestCaseExecutor.java:285)
	at com.kms.katalon.core.common.CommonExecutor.accessTestCaseMainPhase(CommonExecutor.java:65)
	at com.kms.katalon.core.main.TestSuiteExecutor.accessTestSuiteMainPhase(TestSuiteExecutor.java:150)
	at com.kms.katalon.core.main.TestSuiteExecutor.execute(TestSuiteExecutor.java:106)
	at com.kms.katalon.core.main.TestCaseMain.startTestSuite(TestCaseMain.java:180)
	at TempTestSuite1719146689802.run(TempTestSuite1719146689802.groovy:35)
	at java.base/jdk.internal.reflect.NativeMethodAccessorImpl.invoke0(Native Method)
	at java.base/jdk.internal.reflect.NativeMethodAccessorImpl.invoke(NativeMethodAccessorImpl.java:77)
	at java.base/jdk.internal.reflect.DelegatingMethodAccessorImpl.invoke(DelegatingMethodAccessorImpl.java:43)
)

23-06-2024T20:45:40 - [MESSAGE][PASSED] - Object: 'Object Repository/admin/components/side_nav_drawer/a_Logout' is clicked on

23-06-2024T20:45:40 - [MESSAGE][PASSED] - Current window's url is: 'http://localhost/SAD/ArtLens/index.php'

23-06-2024T20:45:41 - [MESSAGE][FAILED] - Unable to verify match between actual text 'http://localhost/SAD/ArtLens/index.php' and expected text 'http://localhost/SAD/ArtLens/admin.php' (Root cause: com.kms.katalon.core.exception.StepFailedException: Actual text 'http://localhost/SAD/ArtLens/index.php' and expected text 'http://localhost/SAD/ArtLens/admin.php' are not matched
	at com.kms.katalon.core.keyword.builtin.VerifyMatchKeyword$_verifyMatch_closure1.doCall(VerifyMatchKeyword.groovy:57)
	at com.kms.katalon.core.keyword.builtin.VerifyMatchKeyword$_verifyMatch_closure1.call(VerifyMatchKeyword.groovy)
	at com.kms.katalon.core.keyword.internal.KeywordMain.runKeyword(KeywordMain.groovy:75)
	at com.kms.katalon.core.keyword.builtin.VerifyMatchKeyword.verifyMatch(VerifyMatchKeyword.groovy:60)
	at com.kms.katalon.core.keyword.builtin.VerifyMatchKeyword.execute(VerifyMatchKeyword.groovy:45)
	at com.kms.katalon.core.keyword.internal.KeywordExecutor.executeKeywordForPlatform(KeywordExecutor.groovy:74)
	at com.kms.katalon.core.keyword.BuiltinKeywords.verifyMatch(BuiltinKeywords.groovy:78)
	at java.base/jdk.internal.reflect.NativeMethodAccessorImpl.invoke0(Native Method)
	at java.base/jdk.internal.reflect.NativeMethodAccessorImpl.invoke(NativeMethodAccessorImpl.java:77)
	at java.base/jdk.internal.reflect.DelegatingMethodAccessorImpl.invoke(DelegatingMethodAccessorImpl.java:43)
	at com.artlens.utils.AdminUtils.adminLogout(AdminUtils.groovy:78)
	at logout.run(logout:30)
	at com.kms.katalon.core.main.ScriptEngine.run(ScriptEngine.java:194)
	at com.kms.katalon.core.main.ScriptEngine.runScriptAsRawText(ScriptEngine.java:119)
	at com.kms.katalon.core.main.TestCaseExecutor.runScript(TestCaseExecutor.java:448)
	at com.kms.katalon.core.main.TestCaseExecutor.doExecute(TestCaseExecutor.java:439)
	at com.kms.katalon.core.main.TestCaseExecutor.processExecutionPhase(TestCaseExecutor.java:418)
	at com.kms.katalon.core.main.TestCaseExecutor.accessMainPhase(TestCaseExecutor.java:410)
	at com.kms.katalon.core.main.TestCaseExecutor.execute(TestCaseExecutor.java:285)
	at com.kms.katalon.core.common.CommonExecutor.accessTestCaseMainPhase(CommonExecutor.java:65)
	at com.kms.katalon.core.main.TestSuiteExecutor.accessTestSuiteMainPhase(TestSuiteExecutor.java:150)
	at com.kms.katalon.core.main.TestSuiteExecutor.execute(TestSuiteExecutor.java:106)
	at com.kms.katalon.core.main.TestCaseMain.startTestSuite(TestCaseMain.java:180)
	at TempTestSuite1719146689802.run(TempTestSuite1719146689802.groovy:35)
	at java.base/jdk.internal.reflect.NativeMethodAccessorImpl.invoke0(Native Method)
	at java.base/jdk.internal.reflect.NativeMethodAccessorImpl.invoke(NativeMethodAccessorImpl.java:77)
	at java.base/jdk.internal.reflect.DelegatingMethodAccessorImpl.invoke(DelegatingMethodAccessorImpl.java:43)
)

23-06-2024T20:45:41 - [TEST_STEP][FAILED] - catch (Exception e): An error occurred: Actual text 'http://localhost/SAD/ArtLens/index.php' and expected text 'http://localhost/SAD/ArtLens/admin.php' are not matched

23-06-2024T20:45:41 - [TEST_STEP][FAILED] - markFailed("An error occurred: " + message): An error occurred: Actual text 'http://localhost/SAD/ArtLens/index.php' and expected text 'http://localhost/SAD/ArtLens/admin.php' are not matched

23-06-2024T20:45:41 - [MESSAGE][FAILED] - An error occurred: Actual text 'http://localhost/SAD/ArtLens/index.php' and expected text 'http://localhost/SAD/ArtLens/admin.php' are not matched

23-06-2024T20:45:41 - [TEST_STEP][PASSED] - Finally: null

23-06-2024T20:45:41 - [TEST_STEP][PASSED] - Start listener action : sampleAfterTestCase: null]]></system-out>
         <system-err><![CDATA[23-06-2024T20:45:08 - [TEST_CASE][FAILED] - Test Cases/admin/account_management/logout: Test Cases/admin/account_management/logout FAILED.
Reason:
com.kms.katalon.core.exception.StepFailedException: An error occurred: Actual text 'http://localhost/SAD/ArtLens/index.php' and expected text 'http://localhost/SAD/ArtLens/admin.php' are not matched
	at com.kms.katalon.core.util.KeywordUtil.markFailed(KeywordUtil.java:19)
	at logout.run(logout:36)
	at com.kms.katalon.core.main.ScriptEngine.run(ScriptEngine.java:194)
	at com.kms.katalon.core.main.ScriptEngine.runScriptAsRawText(ScriptEngine.java:119)
	at com.kms.katalon.core.main.TestCaseExecutor.runScript(TestCaseExecutor.java:448)
	at com.kms.katalon.core.main.TestCaseExecutor.doExecute(TestCaseExecutor.java:439)
	at com.kms.katalon.core.main.TestCaseExecutor.processExecutionPhase(TestCaseExecutor.java:418)
	at com.kms.katalon.core.main.TestCaseExecutor.accessMainPhase(TestCaseExecutor.java:410)
	at com.kms.katalon.core.main.TestCaseExecutor.execute(TestCaseExecutor.java:285)
	at com.kms.katalon.core.common.CommonExecutor.accessTestCaseMainPhase(CommonExecutor.java:65)
	at com.kms.katalon.core.main.TestSuiteExecutor.accessTestSuiteMainPhase(TestSuiteExecutor.java:150)
	at com.kms.katalon.core.main.TestSuiteExecutor.execute(TestSuiteExecutor.java:106)
	at com.kms.katalon.core.main.TestCaseMain.startTestSuite(TestCaseMain.java:180)
	at TempTestSuite1719146689802.run(TempTestSuite1719146689802.groovy:35)
	at java.base/jdk.internal.reflect.NativeMethodAccessorImpl.invoke0(Native Method)
	at java.base/jdk.internal.reflect.NativeMethodAccessorImpl.invoke(NativeMethodAccessorImpl.java:77)
	at java.base/jdk.internal.reflect.DelegatingMethodAccessorImpl.invoke(DelegatingMethodAccessorImpl.java:43)]]></system-err>
      </testcase>
      <testcase name="Test Cases/admin/announcement_management/logout" time="16.736" classname="Test Cases/admin/announcement_management/logout" status="FAILED">
         <failure type="FAILED" message="Test Cases/admin/announcement_management/logout FAILED.&#xa;Reason:&#xa;com.kms.katalon.core.exception.StepFailedException: An error occurred: Actual text 'http://localhost/SAD/ArtLens/index.php' and expected text 'http://localhost/SAD/ArtLens/admin.php' are not matched&#xa;	at com.kms.katalon.core.util.KeywordUtil.markFailed(KeywordUtil.java:19)&#xa;	at logout.run(logout:36)&#xa;	at com.kms.katalon.core.main.ScriptEngine.run(ScriptEngine.java:194)&#xa;	at com.kms.katalon.core.main.ScriptEngine.runScriptAsRawText(ScriptEngine.java:119)&#xa;	at com.kms.katalon.core.main.TestCaseExecutor.runScript(TestCaseExecutor.java:448)&#xa;	at com.kms.katalon.core.main.TestCaseExecutor.doExecute(TestCaseExecutor.java:439)&#xa;	at com.kms.katalon.core.main.TestCaseExecutor.processExecutionPhase(TestCaseExecutor.java:418)&#xa;	at com.kms.katalon.core.main.TestCaseExecutor.accessMainPhase(TestCaseExecutor.java:410)&#xa;	at com.kms.katalon.core.main.TestCaseExecutor.execute(TestCaseExecutor.java:285)&#xa;	at com.kms.katalon.core.common.CommonExecutor.accessTestCaseMainPhase(CommonExecutor.java:65)&#xa;	at com.kms.katalon.core.main.TestSuiteExecutor.accessTestSuiteMainPhase(TestSuiteExecutor.java:150)&#xa;	at com.kms.katalon.core.main.TestSuiteExecutor.execute(TestSuiteExecutor.java:106)&#xa;	at com.kms.katalon.core.main.TestCaseMain.startTestSuite(TestCaseMain.java:180)&#xa;	at TempTestSuite1719146689802.run(TempTestSuite1719146689802.groovy:35)&#xa;	at java.base/jdk.internal.reflect.NativeMethodAccessorImpl.invoke0(Native Method)&#xa;	at java.base/jdk.internal.reflect.NativeMethodAccessorImpl.invoke(NativeMethodAccessorImpl.java:77)&#xa;	at java.base/jdk.internal.reflect.DelegatingMethodAccessorImpl.invoke(DelegatingMethodAccessorImpl.java:43)&#xa;"/>
         <system-out><![CDATA[23-06-2024T20:45:41 - [TEST_CASE][FAILED] - Test Cases/admin/announcement_management/logout: Test Cases/admin/announcement_management/logout FAILED.
Reason:
com.kms.katalon.core.exception.StepFailedException: An error occurred: Actual text 'http://localhost/SAD/ArtLens/index.php' and expected text 'http://localhost/SAD/ArtLens/admin.php' are not matched
	at com.kms.katalon.core.util.KeywordUtil.markFailed(KeywordUtil.java:19)
	at logout.run(logout:36)
	at com.kms.katalon.core.main.ScriptEngine.run(ScriptEngine.java:194)
	at com.kms.katalon.core.main.ScriptEngine.runScriptAsRawText(ScriptEngine.java:119)
	at com.kms.katalon.core.main.TestCaseExecutor.runScript(TestCaseExecutor.java:448)
	at com.kms.katalon.core.main.TestCaseExecutor.doExecute(TestCaseExecutor.java:439)
	at com.kms.katalon.core.main.TestCaseExecutor.processExecutionPhase(TestCaseExecutor.java:418)
	at com.kms.katalon.core.main.TestCaseExecutor.accessMainPhase(TestCaseExecutor.java:410)
	at com.kms.katalon.core.main.TestCaseExecutor.execute(TestCaseExecutor.java:285)
	at com.kms.katalon.core.common.CommonExecutor.accessTestCaseMainPhase(CommonExecutor.java:65)
	at com.kms.katalon.core.main.TestSuiteExecutor.accessTestSuiteMainPhase(TestSuiteExecutor.java:150)
	at com.kms.katalon.core.main.TestSuiteExecutor.execute(TestSuiteExecutor.java:106)
	at com.kms.katalon.core.main.TestCaseMain.startTestSuite(TestCaseMain.java:180)
	at TempTestSuite1719146689802.run(TempTestSuite1719146689802.groovy:35)
	at java.base/jdk.internal.reflect.NativeMethodAccessorImpl.invoke0(Native Method)
	at java.base/jdk.internal.reflect.NativeMethodAccessorImpl.invoke(NativeMethodAccessorImpl.java:77)
	at java.base/jdk.internal.reflect.DelegatingMethodAccessorImpl.invoke(DelegatingMethodAccessorImpl.java:43)


23-06-2024T20:45:41 - [TEST_STEP][PASSED] - Start listener action : sampleBeforeTestCase: Browser is opened with url: ''

23-06-2024T20:45:41 - [TEST_STEP][PASSED] - println(testCaseContext.getTestCaseId()): null

23-06-2024T20:45:41 - [TEST_STEP][PASSED] - openBrowser(""): Browser is opened with url: ''

23-06-2024T20:45:41 - [MESSAGE][WARNING] - A browser is already opened. Closing browser and opening a new one

23-06-2024T20:45:43 - [MESSAGE][INFO] - Starting 'Firefox (headless)' driver

23-06-2024T20:45:43 - [MESSAGE][INFO] - Action delay is set to 0 milliseconds

23-06-2024T20:45:51 - [MESSAGE][PASSED] - Browser is opened with url: ''

23-06-2024T20:45:51 - [TEST_STEP][FAILED] - try: Unable to verify match between actual text 'http://localhost/SAD/ArtLens/index.php' and expected text 'http://localhost/SAD/ArtLens/admin.php' (Root cause: com.kms.katalon.core.exception.StepFailedException: Actual text 'http://localhost/SAD/ArtLens/index.php' and expected text 'http://localhost/SAD/ArtLens/admin.php' are not matched
	at com.kms.katalon.core.keyword.builtin.VerifyMatchKeyword$_verifyMatch_closure1.doCall(VerifyMatchKeyword.groovy:57)
	at com.kms.katalon.core.keyword.builtin.VerifyMatchKeyword$_verifyMatch_closure1.call(VerifyMatchKeyword.groovy)
	at com.kms.katalon.core.keyword.internal.KeywordMain.runKeyword(KeywordMain.groovy:75)
	at com.kms.katalon.core.keyword.builtin.VerifyMatchKeyword.verifyMatch(VerifyMatchKeyword.groovy:60)
	at com.kms.katalon.core.keyword.builtin.VerifyMatchKeyword.execute(VerifyMatchKeyword.groovy:45)
	at com.kms.katalon.core.keyword.internal.KeywordExecutor.executeKeywordForPlatform(KeywordExecutor.groovy:74)
	at com.kms.katalon.core.keyword.BuiltinKeywords.verifyMatch(BuiltinKeywords.groovy:78)
	at java.base/jdk.internal.reflect.NativeMethodAccessorImpl.invoke0(Native Method)
	at java.base/jdk.internal.reflect.NativeMethodAccessorImpl.invoke(NativeMethodAccessorImpl.java:77)
	at java.base/jdk.internal.reflect.DelegatingMethodAccessorImpl.invoke(DelegatingMethodAccessorImpl.java:43)
	at com.artlens.utils.AdminUtils.adminLogout(AdminUtils.groovy:78)
	at logout.run(logout:30)
	at com.kms.katalon.core.main.ScriptEngine.run(ScriptEngine.java:194)
	at com.kms.katalon.core.main.ScriptEngine.runScriptAsRawText(ScriptEngine.java:119)
	at com.kms.katalon.core.main.TestCaseExecutor.runScript(TestCaseExecutor.java:448)
	at com.kms.katalon.core.main.TestCaseExecutor.doExecute(TestCaseExecutor.java:439)
	at com.kms.katalon.core.main.TestCaseExecutor.processExecutionPhase(TestCaseExecutor.java:418)
	at com.kms.katalon.core.main.TestCaseExecutor.accessMainPhase(TestCaseExecutor.java:410)
	at com.kms.katalon.core.main.TestCaseExecutor.execute(TestCaseExecutor.java:285)
	at com.kms.katalon.core.common.CommonExecutor.accessTestCaseMainPhase(CommonExecutor.java:65)
	at com.kms.katalon.core.main.TestSuiteExecutor.accessTestSuiteMainPhase(TestSuiteExecutor.java:150)
	at com.kms.katalon.core.main.TestSuiteExecutor.execute(TestSuiteExecutor.java:106)
	at com.kms.katalon.core.main.TestCaseMain.startTestSuite(TestCaseMain.java:180)
	at TempTestSuite1719146689802.run(TempTestSuite1719146689802.groovy:35)
	at java.base/jdk.internal.reflect.NativeMethodAccessorImpl.invoke0(Native Method)
	at java.base/jdk.internal.reflect.NativeMethodAccessorImpl.invoke(NativeMethodAccessorImpl.java:77)
	at java.base/jdk.internal.reflect.DelegatingMethodAccessorImpl.invoke(DelegatingMethodAccessorImpl.java:43)
)

23-06-2024T20:45:51 - [TEST_STEP][PASSED] - callTestCase(findTestCase("Common_TestCases/admin_login_all_valid"), [:], STOP_ON_FAILURE): Call Test Case 'Test Cases/Common_TestCases/admin_login_all_valid' successfully

23-06-2024T20:45:51 - [TEST_CASE][PASSED] - Test Cases/Common_TestCases/admin_login_all_valid: Test Cases/Common_TestCases/admin_login_all_valid

23-06-2024T20:45:51 - [TEST_STEP][PASSED] - try: The URL is correct: http://localhost/SAD/ArtLens/adminindex.php

23-06-2024T20:45:51 - [TEST_STEP][PASSED] - userIndex = userIndex: null

23-06-2024T20:45:51 - [TEST_STEP][PASSED] - callTestCase(findTestCase("admin/landing_page/header_bar_visible"), [:], STOP_ON_FAILURE): Call Test Case 'Test Cases/admin/landing_page/header_bar_visible' successfully

23-06-2024T20:45:51 - [TEST_CASE][PASSED] - Test Cases/admin/landing_page/header_bar_visible: Test Cases/admin/landing_page/header_bar_visible

23-06-2024T20:45:51 - [TEST_STEP][PASSED] - callTestCase(findTestCase("admin/landing_page/page_acessible"), [:], STOP_ON_FAILURE): Call Test Case 'Test Cases/admin/landing_page/page_acessible' successfully

23-06-2024T20:45:51 - [TEST_CASE][PASSED] - Test Cases/admin/landing_page/page_acessible: Test Cases/admin/landing_page/page_acessible

23-06-2024T20:45:52 - [TEST_STEP][PASSED] - AdminUtils.openWebPage("admin.php"): Navigate to 'http://localhost/SAD/ArtLens/admin.php' successfully

23-06-2024T20:45:52 - [MESSAGE][INFO] - HAR: C:\DevPackage\xampp\htdocs\SAD\ArtLens\Reports\20240623_204104\Test_Admin_Logout\20240623_204449\requests\main\1.har

23-06-2024T20:45:52 - [MESSAGE][PASSED] - Send request successfully

23-06-2024T20:45:52 - [MESSAGE][PASSED] - All links are accessible

23-06-2024T20:45:52 - [MESSAGE][PASSED] - Navigate to 'http://localhost/SAD/ArtLens/admin.php' successfully

23-06-2024T20:45:52 - [MESSAGE][PASSED] - Call Test Case 'Test Cases/admin/landing_page/page_acessible' successfully

23-06-2024T20:45:52 - [TEST_STEP][PASSED] - verifyElementPresent(findTestObject("admin/landing_page/nav_ArtLens            Admin Login"), 0): Object 'Object Repository/admin/landing_page/nav_ArtLens            Admin Login' is present

23-06-2024T20:45:52 - [MESSAGE][WARNING] - Timeout '0' is invalid. Using default page load timeout: '30'

23-06-2024T20:45:52 - [MESSAGE][PASSED] - Object 'Object Repository/admin/landing_page/nav_ArtLens            Admin Login' is present

23-06-2024T20:45:52 - [TEST_STEP][PASSED] - verifyElementVisible(findTestObject("admin/landing_page/nav_ArtLens            Admin Login")): Object 'Object Repository/admin/landing_page/nav_ArtLens            Admin Login' is visible

23-06-2024T20:45:53 - [MESSAGE][PASSED] - Object 'Object Repository/admin/landing_page/nav_ArtLens            Admin Login' is visible

23-06-2024T20:45:53 - [MESSAGE][PASSED] - Call Test Case 'Test Cases/admin/landing_page/header_bar_visible' successfully

23-06-2024T20:45:53 - [TEST_STEP][PASSED] - AdminUtils.adminLogin(ValidUsernameCredentials[userIndex], ValidPasswordCredentials[userIndex]): Object: 'Object Repository/admin/landing_page/button_Login' is clicked on

23-06-2024T20:45:53 - [MESSAGE][WARNING] - Timeout '0' is invalid. Using default page load timeout: '30'

23-06-2024T20:45:53 - [MESSAGE][PASSED] - Object 'Object Repository/admin/landing_page/a_Admin Login' is present

23-06-2024T20:45:53 - [MESSAGE][PASSED] - Object 'Object Repository/admin/landing_page/a_Admin Login' is visible

23-06-2024T20:45:54 - [MESSAGE][PASSED] - Object: 'Object Repository/admin/landing_page/a_Admin Login' is clicked on

23-06-2024T20:45:55 - [MESSAGE][PASSED] - Text 'admin@gmail.com' is set on object 'Object Repository/admin/landing_page/input_ARTLENS_uname'

23-06-2024T20:45:55 - [MESSAGE][PASSED] - Object: 'Object Repository/admin/landing_page/button_Show' is clicked on

23-06-2024T20:45:55 - [MESSAGE][PASSED] - Text '@Helloword' is set on object 'Object Repository/admin/landing_page/input_ARTLENS_pass_1'

23-06-2024T20:45:55 - [MESSAGE][WARNING] - Timeout '0' is invalid. Using default page load timeout: '30'

23-06-2024T20:45:55 - [MESSAGE][PASSED] - Object 'Object Repository/admin/landing_page/button_Login' is present

23-06-2024T20:45:55 - [MESSAGE][PASSED] - Object 'Object Repository/admin/landing_page/button_Login' is visible

23-06-2024T20:45:57 - [MESSAGE][PASSED] - Object: 'Object Repository/admin/landing_page/button_Login' is clicked on

23-06-2024T20:45:57 - [TEST_STEP][PASSED] - currentUrl = getUrl(): Current window's url is: 'http://localhost/SAD/ArtLens/adminindex.php'

23-06-2024T20:45:57 - [MESSAGE][PASSED] - Current window's url is: 'http://localhost/SAD/ArtLens/adminindex.php'

23-06-2024T20:45:57 - [TEST_STEP][PASSED] - expectedUrl = $GlobalVariable.appBaseLinkadminindex.php: null

23-06-2024T20:45:57 - [TEST_STEP][PASSED] - isUrlCorrect = verifyMatch(currentUrl, expectedUrl, false): Actual text 'http://localhost/SAD/ArtLens/adminindex.php' and expected text 'http://localhost/SAD/ArtLens/adminindex.php' are matched 

23-06-2024T20:45:57 - [MESSAGE][PASSED] - Actual text 'http://localhost/SAD/ArtLens/adminindex.php' and expected text 'http://localhost/SAD/ArtLens/adminindex.php' are matched 

23-06-2024T20:45:57 - [TEST_STEP][PASSED] - if (isUrlCorrect): The URL is correct: http://localhost/SAD/ArtLens/adminindex.php

23-06-2024T20:45:57 - [TEST_STEP][PASSED] - markPassed("The URL is correct: " + currentUrl): The URL is correct: http://localhost/SAD/ArtLens/adminindex.php

23-06-2024T20:45:57 - [MESSAGE][PASSED] - The URL is correct: http://localhost/SAD/ArtLens/adminindex.php

23-06-2024T20:45:57 - [TEST_STEP][PASSED] - Finally: null

23-06-2024T20:45:57 - [MESSAGE][PASSED] - Call Test Case 'Test Cases/Common_TestCases/admin_login_all_valid' successfully

23-06-2024T20:45:57 - [TEST_STEP][PASSED] - verifyElementPresent(findTestObject("Object Repository/admin/components/side_nav_drawer/a_Announcements"), 0): Object 'Object Repository/admin/components/side_nav_drawer/a_Announcements' is present

23-06-2024T20:45:57 - [MESSAGE][WARNING] - Timeout '0' is invalid. Using default page load timeout: '30'

23-06-2024T20:45:57 - [MESSAGE][PASSED] - Object 'Object Repository/admin/components/side_nav_drawer/a_Announcements' is present

23-06-2024T20:45:57 - [TEST_STEP][PASSED] - verifyElementVisible(findTestObject("Object Repository/admin/components/side_nav_drawer/a_Announcements"), STOP_ON_FAILURE): Object 'Object Repository/admin/components/side_nav_drawer/a_Announcements' is visible

23-06-2024T20:45:57 - [MESSAGE][PASSED] - Object 'Object Repository/admin/components/side_nav_drawer/a_Announcements' is visible

23-06-2024T20:45:57 - [TEST_STEP][PASSED] - click(findTestObject("Object Repository/admin/components/side_nav_drawer/a_Announcements")): Object: 'Object Repository/admin/components/side_nav_drawer/a_Announcements' is clicked on

23-06-2024T20:45:57 - [MESSAGE][PASSED] - Object: 'Object Repository/admin/components/side_nav_drawer/a_Announcements' is clicked on

23-06-2024T20:45:57 - [TEST_STEP][FAILED] - AdminUtils.adminLogout(): Unable to verify match between actual text 'http://localhost/SAD/ArtLens/index.php' and expected text 'http://localhost/SAD/ArtLens/admin.php' (Root cause: com.kms.katalon.core.exception.StepFailedException: Actual text 'http://localhost/SAD/ArtLens/index.php' and expected text 'http://localhost/SAD/ArtLens/admin.php' are not matched
	at com.kms.katalon.core.keyword.builtin.VerifyMatchKeyword$_verifyMatch_closure1.doCall(VerifyMatchKeyword.groovy:57)
	at com.kms.katalon.core.keyword.builtin.VerifyMatchKeyword$_verifyMatch_closure1.call(VerifyMatchKeyword.groovy)
	at com.kms.katalon.core.keyword.internal.KeywordMain.runKeyword(KeywordMain.groovy:75)
	at com.kms.katalon.core.keyword.builtin.VerifyMatchKeyword.verifyMatch(VerifyMatchKeyword.groovy:60)
	at com.kms.katalon.core.keyword.builtin.VerifyMatchKeyword.execute(VerifyMatchKeyword.groovy:45)
	at com.kms.katalon.core.keyword.internal.KeywordExecutor.executeKeywordForPlatform(KeywordExecutor.groovy:74)
	at com.kms.katalon.core.keyword.BuiltinKeywords.verifyMatch(BuiltinKeywords.groovy:78)
	at java.base/jdk.internal.reflect.NativeMethodAccessorImpl.invoke0(Native Method)
	at java.base/jdk.internal.reflect.NativeMethodAccessorImpl.invoke(NativeMethodAccessorImpl.java:77)
	at java.base/jdk.internal.reflect.DelegatingMethodAccessorImpl.invoke(DelegatingMethodAccessorImpl.java:43)
	at com.artlens.utils.AdminUtils.adminLogout(AdminUtils.groovy:78)
	at logout.run(logout:30)
	at com.kms.katalon.core.main.ScriptEngine.run(ScriptEngine.java:194)
	at com.kms.katalon.core.main.ScriptEngine.runScriptAsRawText(ScriptEngine.java:119)
	at com.kms.katalon.core.main.TestCaseExecutor.runScript(TestCaseExecutor.java:448)
	at com.kms.katalon.core.main.TestCaseExecutor.doExecute(TestCaseExecutor.java:439)
	at com.kms.katalon.core.main.TestCaseExecutor.processExecutionPhase(TestCaseExecutor.java:418)
	at com.kms.katalon.core.main.TestCaseExecutor.accessMainPhase(TestCaseExecutor.java:410)
	at com.kms.katalon.core.main.TestCaseExecutor.execute(TestCaseExecutor.java:285)
	at com.kms.katalon.core.common.CommonExecutor.accessTestCaseMainPhase(CommonExecutor.java:65)
	at com.kms.katalon.core.main.TestSuiteExecutor.accessTestSuiteMainPhase(TestSuiteExecutor.java:150)
	at com.kms.katalon.core.main.TestSuiteExecutor.execute(TestSuiteExecutor.java:106)
	at com.kms.katalon.core.main.TestCaseMain.startTestSuite(TestCaseMain.java:180)
	at TempTestSuite1719146689802.run(TempTestSuite1719146689802.groovy:35)
	at java.base/jdk.internal.reflect.NativeMethodAccessorImpl.invoke0(Native Method)
	at java.base/jdk.internal.reflect.NativeMethodAccessorImpl.invoke(NativeMethodAccessorImpl.java:77)
	at java.base/jdk.internal.reflect.DelegatingMethodAccessorImpl.invoke(DelegatingMethodAccessorImpl.java:43)
)

23-06-2024T20:45:57 - [MESSAGE][PASSED] - Object: 'Object Repository/admin/components/side_nav_drawer/a_Logout' is clicked on

23-06-2024T20:45:57 - [MESSAGE][PASSED] - Current window's url is: 'http://localhost/SAD/ArtLens/index.php'

23-06-2024T20:45:57 - [MESSAGE][FAILED] - Unable to verify match between actual text 'http://localhost/SAD/ArtLens/index.php' and expected text 'http://localhost/SAD/ArtLens/admin.php' (Root cause: com.kms.katalon.core.exception.StepFailedException: Actual text 'http://localhost/SAD/ArtLens/index.php' and expected text 'http://localhost/SAD/ArtLens/admin.php' are not matched
	at com.kms.katalon.core.keyword.builtin.VerifyMatchKeyword$_verifyMatch_closure1.doCall(VerifyMatchKeyword.groovy:57)
	at com.kms.katalon.core.keyword.builtin.VerifyMatchKeyword$_verifyMatch_closure1.call(VerifyMatchKeyword.groovy)
	at com.kms.katalon.core.keyword.internal.KeywordMain.runKeyword(KeywordMain.groovy:75)
	at com.kms.katalon.core.keyword.builtin.VerifyMatchKeyword.verifyMatch(VerifyMatchKeyword.groovy:60)
	at com.kms.katalon.core.keyword.builtin.VerifyMatchKeyword.execute(VerifyMatchKeyword.groovy:45)
	at com.kms.katalon.core.keyword.internal.KeywordExecutor.executeKeywordForPlatform(KeywordExecutor.groovy:74)
	at com.kms.katalon.core.keyword.BuiltinKeywords.verifyMatch(BuiltinKeywords.groovy:78)
	at java.base/jdk.internal.reflect.NativeMethodAccessorImpl.invoke0(Native Method)
	at java.base/jdk.internal.reflect.NativeMethodAccessorImpl.invoke(NativeMethodAccessorImpl.java:77)
	at java.base/jdk.internal.reflect.DelegatingMethodAccessorImpl.invoke(DelegatingMethodAccessorImpl.java:43)
	at com.artlens.utils.AdminUtils.adminLogout(AdminUtils.groovy:78)
	at logout.run(logout:30)
	at com.kms.katalon.core.main.ScriptEngine.run(ScriptEngine.java:194)
	at com.kms.katalon.core.main.ScriptEngine.runScriptAsRawText(ScriptEngine.java:119)
	at com.kms.katalon.core.main.TestCaseExecutor.runScript(TestCaseExecutor.java:448)
	at com.kms.katalon.core.main.TestCaseExecutor.doExecute(TestCaseExecutor.java:439)
	at com.kms.katalon.core.main.TestCaseExecutor.processExecutionPhase(TestCaseExecutor.java:418)
	at com.kms.katalon.core.main.TestCaseExecutor.accessMainPhase(TestCaseExecutor.java:410)
	at com.kms.katalon.core.main.TestCaseExecutor.execute(TestCaseExecutor.java:285)
	at com.kms.katalon.core.common.CommonExecutor.accessTestCaseMainPhase(CommonExecutor.java:65)
	at com.kms.katalon.core.main.TestSuiteExecutor.accessTestSuiteMainPhase(TestSuiteExecutor.java:150)
	at com.kms.katalon.core.main.TestSuiteExecutor.execute(TestSuiteExecutor.java:106)
	at com.kms.katalon.core.main.TestCaseMain.startTestSuite(TestCaseMain.java:180)
	at TempTestSuite1719146689802.run(TempTestSuite1719146689802.groovy:35)
	at java.base/jdk.internal.reflect.NativeMethodAccessorImpl.invoke0(Native Method)
	at java.base/jdk.internal.reflect.NativeMethodAccessorImpl.invoke(NativeMethodAccessorImpl.java:77)
	at java.base/jdk.internal.reflect.DelegatingMethodAccessorImpl.invoke(DelegatingMethodAccessorImpl.java:43)
)

23-06-2024T20:45:57 - [TEST_STEP][FAILED] - catch (Exception e): An error occurred: Actual text 'http://localhost/SAD/ArtLens/index.php' and expected text 'http://localhost/SAD/ArtLens/admin.php' are not matched

23-06-2024T20:45:57 - [TEST_STEP][FAILED] - markFailed("An error occurred: " + message): An error occurred: Actual text 'http://localhost/SAD/ArtLens/index.php' and expected text 'http://localhost/SAD/ArtLens/admin.php' are not matched

23-06-2024T20:45:57 - [MESSAGE][FAILED] - An error occurred: Actual text 'http://localhost/SAD/ArtLens/index.php' and expected text 'http://localhost/SAD/ArtLens/admin.php' are not matched

23-06-2024T20:45:57 - [TEST_STEP][PASSED] - Finally: null

23-06-2024T20:45:57 - [TEST_STEP][PASSED] - Start listener action : sampleAfterTestCase: null]]></system-out>
         <system-err><![CDATA[23-06-2024T20:45:41 - [TEST_CASE][FAILED] - Test Cases/admin/announcement_management/logout: Test Cases/admin/announcement_management/logout FAILED.
Reason:
com.kms.katalon.core.exception.StepFailedException: An error occurred: Actual text 'http://localhost/SAD/ArtLens/index.php' and expected text 'http://localhost/SAD/ArtLens/admin.php' are not matched
	at com.kms.katalon.core.util.KeywordUtil.markFailed(KeywordUtil.java:19)
	at logout.run(logout:36)
	at com.kms.katalon.core.main.ScriptEngine.run(ScriptEngine.java:194)
	at com.kms.katalon.core.main.ScriptEngine.runScriptAsRawText(ScriptEngine.java:119)
	at com.kms.katalon.core.main.TestCaseExecutor.runScript(TestCaseExecutor.java:448)
	at com.kms.katalon.core.main.TestCaseExecutor.doExecute(TestCaseExecutor.java:439)
	at com.kms.katalon.core.main.TestCaseExecutor.processExecutionPhase(TestCaseExecutor.java:418)
	at com.kms.katalon.core.main.TestCaseExecutor.accessMainPhase(TestCaseExecutor.java:410)
	at com.kms.katalon.core.main.TestCaseExecutor.execute(TestCaseExecutor.java:285)
	at com.kms.katalon.core.common.CommonExecutor.accessTestCaseMainPhase(CommonExecutor.java:65)
	at com.kms.katalon.core.main.TestSuiteExecutor.accessTestSuiteMainPhase(TestSuiteExecutor.java:150)
	at com.kms.katalon.core.main.TestSuiteExecutor.execute(TestSuiteExecutor.java:106)
	at com.kms.katalon.core.main.TestCaseMain.startTestSuite(TestCaseMain.java:180)
	at TempTestSuite1719146689802.run(TempTestSuite1719146689802.groovy:35)
	at java.base/jdk.internal.reflect.NativeMethodAccessorImpl.invoke0(Native Method)
	at java.base/jdk.internal.reflect.NativeMethodAccessorImpl.invoke(NativeMethodAccessorImpl.java:77)
	at java.base/jdk.internal.reflect.DelegatingMethodAccessorImpl.invoke(DelegatingMethodAccessorImpl.java:43)]]></system-err>
      </testcase>
      <testcase name="Test Cases/admin/artwork_management/logout" time="15.349" classname="Test Cases/admin/artwork_management/logout" status="FAILED">
         <failure type="FAILED" message="Test Cases/admin/artwork_management/logout FAILED.&#xa;Reason:&#xa;com.kms.katalon.core.exception.StepFailedException: An error occurred: Actual text 'http://localhost/SAD/ArtLens/index.php' and expected text 'http://localhost/SAD/ArtLens/admin.php' are not matched&#xa;	at com.kms.katalon.core.util.KeywordUtil.markFailed(KeywordUtil.java:19)&#xa;	at logout.run(logout:36)&#xa;	at com.kms.katalon.core.main.ScriptEngine.run(ScriptEngine.java:194)&#xa;	at com.kms.katalon.core.main.ScriptEngine.runScriptAsRawText(ScriptEngine.java:119)&#xa;	at com.kms.katalon.core.main.TestCaseExecutor.runScript(TestCaseExecutor.java:448)&#xa;	at com.kms.katalon.core.main.TestCaseExecutor.doExecute(TestCaseExecutor.java:439)&#xa;	at com.kms.katalon.core.main.TestCaseExecutor.processExecutionPhase(TestCaseExecutor.java:418)&#xa;	at com.kms.katalon.core.main.TestCaseExecutor.accessMainPhase(TestCaseExecutor.java:410)&#xa;	at com.kms.katalon.core.main.TestCaseExecutor.execute(TestCaseExecutor.java:285)&#xa;	at com.kms.katalon.core.common.CommonExecutor.accessTestCaseMainPhase(CommonExecutor.java:65)&#xa;	at com.kms.katalon.core.main.TestSuiteExecutor.accessTestSuiteMainPhase(TestSuiteExecutor.java:150)&#xa;	at com.kms.katalon.core.main.TestSuiteExecutor.execute(TestSuiteExecutor.java:106)&#xa;	at com.kms.katalon.core.main.TestCaseMain.startTestSuite(TestCaseMain.java:180)&#xa;	at TempTestSuite1719146689802.run(TempTestSuite1719146689802.groovy:35)&#xa;	at java.base/jdk.internal.reflect.NativeMethodAccessorImpl.invoke0(Native Method)&#xa;	at java.base/jdk.internal.reflect.NativeMethodAccessorImpl.invoke(NativeMethodAccessorImpl.java:77)&#xa;	at java.base/jdk.internal.reflect.DelegatingMethodAccessorImpl.invoke(DelegatingMethodAccessorImpl.java:43)&#xa;"/>
         <system-out><![CDATA[23-06-2024T20:45:57 - [TEST_CASE][FAILED] - Test Cases/admin/artwork_management/logout: Test Cases/admin/artwork_management/logout FAILED.
Reason:
com.kms.katalon.core.exception.StepFailedException: An error occurred: Actual text 'http://localhost/SAD/ArtLens/index.php' and expected text 'http://localhost/SAD/ArtLens/admin.php' are not matched
	at com.kms.katalon.core.util.KeywordUtil.markFailed(KeywordUtil.java:19)
	at logout.run(logout:36)
	at com.kms.katalon.core.main.ScriptEngine.run(ScriptEngine.java:194)
	at com.kms.katalon.core.main.ScriptEngine.runScriptAsRawText(ScriptEngine.java:119)
	at com.kms.katalon.core.main.TestCaseExecutor.runScript(TestCaseExecutor.java:448)
	at com.kms.katalon.core.main.TestCaseExecutor.doExecute(TestCaseExecutor.java:439)
	at com.kms.katalon.core.main.TestCaseExecutor.processExecutionPhase(TestCaseExecutor.java:418)
	at com.kms.katalon.core.main.TestCaseExecutor.accessMainPhase(TestCaseExecutor.java:410)
	at com.kms.katalon.core.main.TestCaseExecutor.execute(TestCaseExecutor.java:285)
	at com.kms.katalon.core.common.CommonExecutor.accessTestCaseMainPhase(CommonExecutor.java:65)
	at com.kms.katalon.core.main.TestSuiteExecutor.accessTestSuiteMainPhase(TestSuiteExecutor.java:150)
	at com.kms.katalon.core.main.TestSuiteExecutor.execute(TestSuiteExecutor.java:106)
	at com.kms.katalon.core.main.TestCaseMain.startTestSuite(TestCaseMain.java:180)
	at TempTestSuite1719146689802.run(TempTestSuite1719146689802.groovy:35)
	at java.base/jdk.internal.reflect.NativeMethodAccessorImpl.invoke0(Native Method)
	at java.base/jdk.internal.reflect.NativeMethodAccessorImpl.invoke(NativeMethodAccessorImpl.java:77)
	at java.base/jdk.internal.reflect.DelegatingMethodAccessorImpl.invoke(DelegatingMethodAccessorImpl.java:43)


23-06-2024T20:45:57 - [TEST_STEP][PASSED] - Start listener action : sampleBeforeTestCase: Browser is opened with url: ''

23-06-2024T20:45:57 - [TEST_STEP][PASSED] - println(testCaseContext.getTestCaseId()): null

23-06-2024T20:45:57 - [TEST_STEP][PASSED] - openBrowser(""): Browser is opened with url: ''

23-06-2024T20:45:57 - [MESSAGE][WARNING] - A browser is already opened. Closing browser and opening a new one

23-06-2024T20:46:00 - [MESSAGE][INFO] - Starting 'Firefox (headless)' driver

23-06-2024T20:46:00 - [MESSAGE][INFO] - Action delay is set to 0 milliseconds

23-06-2024T20:46:06 - [MESSAGE][PASSED] - Browser is opened with url: ''

23-06-2024T20:46:07 - [TEST_STEP][FAILED] - try: Unable to verify match between actual text 'http://localhost/SAD/ArtLens/index.php' and expected text 'http://localhost/SAD/ArtLens/admin.php' (Root cause: com.kms.katalon.core.exception.StepFailedException: Actual text 'http://localhost/SAD/ArtLens/index.php' and expected text 'http://localhost/SAD/ArtLens/admin.php' are not matched
	at com.kms.katalon.core.keyword.builtin.VerifyMatchKeyword$_verifyMatch_closure1.doCall(VerifyMatchKeyword.groovy:57)
	at com.kms.katalon.core.keyword.builtin.VerifyMatchKeyword$_verifyMatch_closure1.call(VerifyMatchKeyword.groovy)
	at com.kms.katalon.core.keyword.internal.KeywordMain.runKeyword(KeywordMain.groovy:75)
	at com.kms.katalon.core.keyword.builtin.VerifyMatchKeyword.verifyMatch(VerifyMatchKeyword.groovy:60)
	at com.kms.katalon.core.keyword.builtin.VerifyMatchKeyword.execute(VerifyMatchKeyword.groovy:45)
	at com.kms.katalon.core.keyword.internal.KeywordExecutor.executeKeywordForPlatform(KeywordExecutor.groovy:74)
	at com.kms.katalon.core.keyword.BuiltinKeywords.verifyMatch(BuiltinKeywords.groovy:78)
	at java.base/jdk.internal.reflect.NativeMethodAccessorImpl.invoke0(Native Method)
	at java.base/jdk.internal.reflect.NativeMethodAccessorImpl.invoke(NativeMethodAccessorImpl.java:77)
	at java.base/jdk.internal.reflect.DelegatingMethodAccessorImpl.invoke(DelegatingMethodAccessorImpl.java:43)
	at com.artlens.utils.AdminUtils.adminLogout(AdminUtils.groovy:78)
	at logout.run(logout:30)
	at com.kms.katalon.core.main.ScriptEngine.run(ScriptEngine.java:194)
	at com.kms.katalon.core.main.ScriptEngine.runScriptAsRawText(ScriptEngine.java:119)
	at com.kms.katalon.core.main.TestCaseExecutor.runScript(TestCaseExecutor.java:448)
	at com.kms.katalon.core.main.TestCaseExecutor.doExecute(TestCaseExecutor.java:439)
	at com.kms.katalon.core.main.TestCaseExecutor.processExecutionPhase(TestCaseExecutor.java:418)
	at com.kms.katalon.core.main.TestCaseExecutor.accessMainPhase(TestCaseExecutor.java:410)
	at com.kms.katalon.core.main.TestCaseExecutor.execute(TestCaseExecutor.java:285)
	at com.kms.katalon.core.common.CommonExecutor.accessTestCaseMainPhase(CommonExecutor.java:65)
	at com.kms.katalon.core.main.TestSuiteExecutor.accessTestSuiteMainPhase(TestSuiteExecutor.java:150)
	at com.kms.katalon.core.main.TestSuiteExecutor.execute(TestSuiteExecutor.java:106)
	at com.kms.katalon.core.main.TestCaseMain.startTestSuite(TestCaseMain.java:180)
	at TempTestSuite1719146689802.run(TempTestSuite1719146689802.groovy:35)
	at java.base/jdk.internal.reflect.NativeMethodAccessorImpl.invoke0(Native Method)
	at java.base/jdk.internal.reflect.NativeMethodAccessorImpl.invoke(NativeMethodAccessorImpl.java:77)
	at java.base/jdk.internal.reflect.DelegatingMethodAccessorImpl.invoke(DelegatingMethodAccessorImpl.java:43)
)

23-06-2024T20:46:07 - [TEST_STEP][PASSED] - callTestCase(findTestCase("Common_TestCases/admin_login_all_valid"), [:], STOP_ON_FAILURE): Call Test Case 'Test Cases/Common_TestCases/admin_login_all_valid' successfully

23-06-2024T20:46:07 - [TEST_CASE][PASSED] - Test Cases/Common_TestCases/admin_login_all_valid: Test Cases/Common_TestCases/admin_login_all_valid

23-06-2024T20:46:07 - [TEST_STEP][PASSED] - try: The URL is correct: http://localhost/SAD/ArtLens/adminindex.php

23-06-2024T20:46:07 - [TEST_STEP][PASSED] - userIndex = userIndex: null

23-06-2024T20:46:07 - [TEST_STEP][PASSED] - callTestCase(findTestCase("admin/landing_page/header_bar_visible"), [:], STOP_ON_FAILURE): Call Test Case 'Test Cases/admin/landing_page/header_bar_visible' successfully

23-06-2024T20:46:07 - [TEST_CASE][PASSED] - Test Cases/admin/landing_page/header_bar_visible: Test Cases/admin/landing_page/header_bar_visible

23-06-2024T20:46:07 - [TEST_STEP][PASSED] - callTestCase(findTestCase("admin/landing_page/page_acessible"), [:], STOP_ON_FAILURE): Call Test Case 'Test Cases/admin/landing_page/page_acessible' successfully

23-06-2024T20:46:07 - [TEST_CASE][PASSED] - Test Cases/admin/landing_page/page_acessible: Test Cases/admin/landing_page/page_acessible

23-06-2024T20:46:07 - [TEST_STEP][PASSED] - AdminUtils.openWebPage("admin.php"): Navigate to 'http://localhost/SAD/ArtLens/admin.php' successfully

23-06-2024T20:46:07 - [MESSAGE][INFO] - HAR: C:\DevPackage\xampp\htdocs\SAD\ArtLens\Reports\20240623_204104\Test_Admin_Logout\20240623_204449\requests\main\2.har

23-06-2024T20:46:07 - [MESSAGE][PASSED] - Send request successfully

23-06-2024T20:46:07 - [MESSAGE][PASSED] - All links are accessible

23-06-2024T20:46:08 - [MESSAGE][PASSED] - Navigate to 'http://localhost/SAD/ArtLens/admin.php' successfully

23-06-2024T20:46:08 - [MESSAGE][PASSED] - Call Test Case 'Test Cases/admin/landing_page/page_acessible' successfully

23-06-2024T20:46:08 - [TEST_STEP][PASSED] - verifyElementPresent(findTestObject("admin/landing_page/nav_ArtLens            Admin Login"), 0): Object 'Object Repository/admin/landing_page/nav_ArtLens            Admin Login' is present

23-06-2024T20:46:08 - [MESSAGE][WARNING] - Timeout '0' is invalid. Using default page load timeout: '30'

23-06-2024T20:46:08 - [MESSAGE][PASSED] - Object 'Object Repository/admin/landing_page/nav_ArtLens            Admin Login' is present

23-06-2024T20:46:08 - [TEST_STEP][PASSED] - verifyElementVisible(findTestObject("admin/landing_page/nav_ArtLens            Admin Login")): Object 'Object Repository/admin/landing_page/nav_ArtLens            Admin Login' is visible

23-06-2024T20:46:08 - [MESSAGE][PASSED] - Object 'Object Repository/admin/landing_page/nav_ArtLens            Admin Login' is visible

23-06-2024T20:46:08 - [MESSAGE][PASSED] - Call Test Case 'Test Cases/admin/landing_page/header_bar_visible' successfully

23-06-2024T20:46:08 - [TEST_STEP][PASSED] - AdminUtils.adminLogin(ValidUsernameCredentials[userIndex], ValidPasswordCredentials[userIndex]): Object: 'Object Repository/admin/landing_page/button_Login' is clicked on

23-06-2024T20:46:08 - [MESSAGE][WARNING] - Timeout '0' is invalid. Using default page load timeout: '30'

23-06-2024T20:46:08 - [MESSAGE][PASSED] - Object 'Object Repository/admin/landing_page/a_Admin Login' is present

23-06-2024T20:46:08 - [MESSAGE][PASSED] - Object 'Object Repository/admin/landing_page/a_Admin Login' is visible

23-06-2024T20:46:09 - [MESSAGE][PASSED] - Object: 'Object Repository/admin/landing_page/a_Admin Login' is clicked on

23-06-2024T20:46:10 - [MESSAGE][PASSED] - Text 'admin@gmail.com' is set on object 'Object Repository/admin/landing_page/input_ARTLENS_uname'

23-06-2024T20:46:10 - [MESSAGE][PASSED] - Object: 'Object Repository/admin/landing_page/button_Show' is clicked on

23-06-2024T20:46:10 - [MESSAGE][PASSED] - Text '@Helloword' is set on object 'Object Repository/admin/landing_page/input_ARTLENS_pass_1'

23-06-2024T20:46:10 - [MESSAGE][WARNING] - Timeout '0' is invalid. Using default page load timeout: '30'

23-06-2024T20:46:10 - [MESSAGE][PASSED] - Object 'Object Repository/admin/landing_page/button_Login' is present

23-06-2024T20:46:10 - [MESSAGE][PASSED] - Object 'Object Repository/admin/landing_page/button_Login' is visible

23-06-2024T20:46:11 - [MESSAGE][PASSED] - Object: 'Object Repository/admin/landing_page/button_Login' is clicked on

23-06-2024T20:46:11 - [TEST_STEP][PASSED] - currentUrl = getUrl(): Current window's url is: 'http://localhost/SAD/ArtLens/adminindex.php'

23-06-2024T20:46:11 - [MESSAGE][PASSED] - Current window's url is: 'http://localhost/SAD/ArtLens/adminindex.php'

23-06-2024T20:46:11 - [TEST_STEP][PASSED] - expectedUrl = $GlobalVariable.appBaseLinkadminindex.php: null

23-06-2024T20:46:11 - [TEST_STEP][PASSED] - isUrlCorrect = verifyMatch(currentUrl, expectedUrl, false): Actual text 'http://localhost/SAD/ArtLens/adminindex.php' and expected text 'http://localhost/SAD/ArtLens/adminindex.php' are matched 

23-06-2024T20:46:11 - [MESSAGE][PASSED] - Actual text 'http://localhost/SAD/ArtLens/adminindex.php' and expected text 'http://localhost/SAD/ArtLens/adminindex.php' are matched 

23-06-2024T20:46:11 - [TEST_STEP][PASSED] - if (isUrlCorrect): The URL is correct: http://localhost/SAD/ArtLens/adminindex.php

23-06-2024T20:46:11 - [TEST_STEP][PASSED] - markPassed("The URL is correct: " + currentUrl): The URL is correct: http://localhost/SAD/ArtLens/adminindex.php

23-06-2024T20:46:11 - [MESSAGE][PASSED] - The URL is correct: http://localhost/SAD/ArtLens/adminindex.php

23-06-2024T20:46:11 - [TEST_STEP][PASSED] - Finally: null

23-06-2024T20:46:11 - [MESSAGE][PASSED] - Call Test Case 'Test Cases/Common_TestCases/admin_login_all_valid' successfully

23-06-2024T20:46:11 - [TEST_STEP][PASSED] - verifyElementPresent(findTestObject("Object Repository/admin/components/side_nav_drawer/a_Artworks"), 0): Object 'Object Repository/admin/components/side_nav_drawer/a_Artworks' is present

23-06-2024T20:46:11 - [MESSAGE][WARNING] - Timeout '0' is invalid. Using default page load timeout: '30'

23-06-2024T20:46:11 - [MESSAGE][PASSED] - Object 'Object Repository/admin/components/side_nav_drawer/a_Artworks' is present

23-06-2024T20:46:11 - [TEST_STEP][PASSED] - verifyElementVisible(findTestObject("Object Repository/admin/components/side_nav_drawer/a_Artworks"), STOP_ON_FAILURE): Object 'Object Repository/admin/components/side_nav_drawer/a_Artworks' is visible

23-06-2024T20:46:11 - [MESSAGE][PASSED] - Object 'Object Repository/admin/components/side_nav_drawer/a_Artworks' is visible

23-06-2024T20:46:11 - [TEST_STEP][PASSED] - click(findTestObject("Object Repository/admin/components/side_nav_drawer/a_Artworks")): Object: 'Object Repository/admin/components/side_nav_drawer/a_Artworks' is clicked on

23-06-2024T20:46:12 - [MESSAGE][PASSED] - Object: 'Object Repository/admin/components/side_nav_drawer/a_Artworks' is clicked on

23-06-2024T20:46:12 - [TEST_STEP][FAILED] - AdminUtils.adminLogout(): Unable to verify match between actual text 'http://localhost/SAD/ArtLens/index.php' and expected text 'http://localhost/SAD/ArtLens/admin.php' (Root cause: com.kms.katalon.core.exception.StepFailedException: Actual text 'http://localhost/SAD/ArtLens/index.php' and expected text 'http://localhost/SAD/ArtLens/admin.php' are not matched
	at com.kms.katalon.core.keyword.builtin.VerifyMatchKeyword$_verifyMatch_closure1.doCall(VerifyMatchKeyword.groovy:57)
	at com.kms.katalon.core.keyword.builtin.VerifyMatchKeyword$_verifyMatch_closure1.call(VerifyMatchKeyword.groovy)
	at com.kms.katalon.core.keyword.internal.KeywordMain.runKeyword(KeywordMain.groovy:75)
	at com.kms.katalon.core.keyword.builtin.VerifyMatchKeyword.verifyMatch(VerifyMatchKeyword.groovy:60)
	at com.kms.katalon.core.keyword.builtin.VerifyMatchKeyword.execute(VerifyMatchKeyword.groovy:45)
	at com.kms.katalon.core.keyword.internal.KeywordExecutor.executeKeywordForPlatform(KeywordExecutor.groovy:74)
	at com.kms.katalon.core.keyword.BuiltinKeywords.verifyMatch(BuiltinKeywords.groovy:78)
	at java.base/jdk.internal.reflect.NativeMethodAccessorImpl.invoke0(Native Method)
	at java.base/jdk.internal.reflect.NativeMethodAccessorImpl.invoke(NativeMethodAccessorImpl.java:77)
	at java.base/jdk.internal.reflect.DelegatingMethodAccessorImpl.invoke(DelegatingMethodAccessorImpl.java:43)
	at com.artlens.utils.AdminUtils.adminLogout(AdminUtils.groovy:78)
	at logout.run(logout:30)
	at com.kms.katalon.core.main.ScriptEngine.run(ScriptEngine.java:194)
	at com.kms.katalon.core.main.ScriptEngine.runScriptAsRawText(ScriptEngine.java:119)
	at com.kms.katalon.core.main.TestCaseExecutor.runScript(TestCaseExecutor.java:448)
	at com.kms.katalon.core.main.TestCaseExecutor.doExecute(TestCaseExecutor.java:439)
	at com.kms.katalon.core.main.TestCaseExecutor.processExecutionPhase(TestCaseExecutor.java:418)
	at com.kms.katalon.core.main.TestCaseExecutor.accessMainPhase(TestCaseExecutor.java:410)
	at com.kms.katalon.core.main.TestCaseExecutor.execute(TestCaseExecutor.java:285)
	at com.kms.katalon.core.common.CommonExecutor.accessTestCaseMainPhase(CommonExecutor.java:65)
	at com.kms.katalon.core.main.TestSuiteExecutor.accessTestSuiteMainPhase(TestSuiteExecutor.java:150)
	at com.kms.katalon.core.main.TestSuiteExecutor.execute(TestSuiteExecutor.java:106)
	at com.kms.katalon.core.main.TestCaseMain.startTestSuite(TestCaseMain.java:180)
	at TempTestSuite1719146689802.run(TempTestSuite1719146689802.groovy:35)
	at java.base/jdk.internal.reflect.NativeMethodAccessorImpl.invoke0(Native Method)
	at java.base/jdk.internal.reflect.NativeMethodAccessorImpl.invoke(NativeMethodAccessorImpl.java:77)
	at java.base/jdk.internal.reflect.DelegatingMethodAccessorImpl.invoke(DelegatingMethodAccessorImpl.java:43)
)

23-06-2024T20:46:13 - [MESSAGE][PASSED] - Object: 'Object Repository/admin/components/side_nav_drawer/a_Logout' is clicked on

23-06-2024T20:46:13 - [MESSAGE][PASSED] - Current window's url is: 'http://localhost/SAD/ArtLens/index.php'

23-06-2024T20:46:13 - [MESSAGE][FAILED] - Unable to verify match between actual text 'http://localhost/SAD/ArtLens/index.php' and expected text 'http://localhost/SAD/ArtLens/admin.php' (Root cause: com.kms.katalon.core.exception.StepFailedException: Actual text 'http://localhost/SAD/ArtLens/index.php' and expected text 'http://localhost/SAD/ArtLens/admin.php' are not matched
	at com.kms.katalon.core.keyword.builtin.VerifyMatchKeyword$_verifyMatch_closure1.doCall(VerifyMatchKeyword.groovy:57)
	at com.kms.katalon.core.keyword.builtin.VerifyMatchKeyword$_verifyMatch_closure1.call(VerifyMatchKeyword.groovy)
	at com.kms.katalon.core.keyword.internal.KeywordMain.runKeyword(KeywordMain.groovy:75)
	at com.kms.katalon.core.keyword.builtin.VerifyMatchKeyword.verifyMatch(VerifyMatchKeyword.groovy:60)
	at com.kms.katalon.core.keyword.builtin.VerifyMatchKeyword.execute(VerifyMatchKeyword.groovy:45)
	at com.kms.katalon.core.keyword.internal.KeywordExecutor.executeKeywordForPlatform(KeywordExecutor.groovy:74)
	at com.kms.katalon.core.keyword.BuiltinKeywords.verifyMatch(BuiltinKeywords.groovy:78)
	at java.base/jdk.internal.reflect.NativeMethodAccessorImpl.invoke0(Native Method)
	at java.base/jdk.internal.reflect.NativeMethodAccessorImpl.invoke(NativeMethodAccessorImpl.java:77)
	at java.base/jdk.internal.reflect.DelegatingMethodAccessorImpl.invoke(DelegatingMethodAccessorImpl.java:43)
	at com.artlens.utils.AdminUtils.adminLogout(AdminUtils.groovy:78)
	at logout.run(logout:30)
	at com.kms.katalon.core.main.ScriptEngine.run(ScriptEngine.java:194)
	at com.kms.katalon.core.main.ScriptEngine.runScriptAsRawText(ScriptEngine.java:119)
	at com.kms.katalon.core.main.TestCaseExecutor.runScript(TestCaseExecutor.java:448)
	at com.kms.katalon.core.main.TestCaseExecutor.doExecute(TestCaseExecutor.java:439)
	at com.kms.katalon.core.main.TestCaseExecutor.processExecutionPhase(TestCaseExecutor.java:418)
	at com.kms.katalon.core.main.TestCaseExecutor.accessMainPhase(TestCaseExecutor.java:410)
	at com.kms.katalon.core.main.TestCaseExecutor.execute(TestCaseExecutor.java:285)
	at com.kms.katalon.core.common.CommonExecutor.accessTestCaseMainPhase(CommonExecutor.java:65)
	at com.kms.katalon.core.main.TestSuiteExecutor.accessTestSuiteMainPhase(TestSuiteExecutor.java:150)
	at com.kms.katalon.core.main.TestSuiteExecutor.execute(TestSuiteExecutor.java:106)
	at com.kms.katalon.core.main.TestCaseMain.startTestSuite(TestCaseMain.java:180)
	at TempTestSuite1719146689802.run(TempTestSuite1719146689802.groovy:35)
	at java.base/jdk.internal.reflect.NativeMethodAccessorImpl.invoke0(Native Method)
	at java.base/jdk.internal.reflect.NativeMethodAccessorImpl.invoke(NativeMethodAccessorImpl.java:77)
	at java.base/jdk.internal.reflect.DelegatingMethodAccessorImpl.invoke(DelegatingMethodAccessorImpl.java:43)
)

23-06-2024T20:46:13 - [TEST_STEP][FAILED] - catch (Exception e): An error occurred: Actual text 'http://localhost/SAD/ArtLens/index.php' and expected text 'http://localhost/SAD/ArtLens/admin.php' are not matched

23-06-2024T20:46:13 - [TEST_STEP][FAILED] - markFailed("An error occurred: " + message): An error occurred: Actual text 'http://localhost/SAD/ArtLens/index.php' and expected text 'http://localhost/SAD/ArtLens/admin.php' are not matched

23-06-2024T20:46:13 - [MESSAGE][FAILED] - An error occurred: Actual text 'http://localhost/SAD/ArtLens/index.php' and expected text 'http://localhost/SAD/ArtLens/admin.php' are not matched

23-06-2024T20:46:13 - [TEST_STEP][PASSED] - Finally: null

23-06-2024T20:46:13 - [TEST_STEP][PASSED] - Start listener action : sampleAfterTestCase: null]]></system-out>
         <system-err><![CDATA[23-06-2024T20:45:57 - [TEST_CASE][FAILED] - Test Cases/admin/artwork_management/logout: Test Cases/admin/artwork_management/logout FAILED.
Reason:
com.kms.katalon.core.exception.StepFailedException: An error occurred: Actual text 'http://localhost/SAD/ArtLens/index.php' and expected text 'http://localhost/SAD/ArtLens/admin.php' are not matched
	at com.kms.katalon.core.util.KeywordUtil.markFailed(KeywordUtil.java:19)
	at logout.run(logout:36)
	at com.kms.katalon.core.main.ScriptEngine.run(ScriptEngine.java:194)
	at com.kms.katalon.core.main.ScriptEngine.runScriptAsRawText(ScriptEngine.java:119)
	at com.kms.katalon.core.main.TestCaseExecutor.runScript(TestCaseExecutor.java:448)
	at com.kms.katalon.core.main.TestCaseExecutor.doExecute(TestCaseExecutor.java:439)
	at com.kms.katalon.core.main.TestCaseExecutor.processExecutionPhase(TestCaseExecutor.java:418)
	at com.kms.katalon.core.main.TestCaseExecutor.accessMainPhase(TestCaseExecutor.java:410)
	at com.kms.katalon.core.main.TestCaseExecutor.execute(TestCaseExecutor.java:285)
	at com.kms.katalon.core.common.CommonExecutor.accessTestCaseMainPhase(CommonExecutor.java:65)
	at com.kms.katalon.core.main.TestSuiteExecutor.accessTestSuiteMainPhase(TestSuiteExecutor.java:150)
	at com.kms.katalon.core.main.TestSuiteExecutor.execute(TestSuiteExecutor.java:106)
	at com.kms.katalon.core.main.TestCaseMain.startTestSuite(TestCaseMain.java:180)
	at TempTestSuite1719146689802.run(TempTestSuite1719146689802.groovy:35)
	at java.base/jdk.internal.reflect.NativeMethodAccessorImpl.invoke0(Native Method)
	at java.base/jdk.internal.reflect.NativeMethodAccessorImpl.invoke(NativeMethodAccessorImpl.java:77)
	at java.base/jdk.internal.reflect.DelegatingMethodAccessorImpl.invoke(DelegatingMethodAccessorImpl.java:43)]]></system-err>
      </testcase>
      <testcase name="Test Cases/admin/booking_management/logout" time="16.924" classname="Test Cases/admin/booking_management/logout" status="FAILED">
         <failure type="FAILED" message="Test Cases/admin/booking_management/logout FAILED.&#xa;Reason:&#xa;com.kms.katalon.core.exception.StepFailedException: An error occurred: Actual text 'http://localhost/SAD/ArtLens/index.php' and expected text 'http://localhost/SAD/ArtLens/admin.php' are not matched&#xa;	at com.kms.katalon.core.util.KeywordUtil.markFailed(KeywordUtil.java:19)&#xa;	at logout.run(logout:36)&#xa;	at com.kms.katalon.core.main.ScriptEngine.run(ScriptEngine.java:194)&#xa;	at com.kms.katalon.core.main.ScriptEngine.runScriptAsRawText(ScriptEngine.java:119)&#xa;	at com.kms.katalon.core.main.TestCaseExecutor.runScript(TestCaseExecutor.java:448)&#xa;	at com.kms.katalon.core.main.TestCaseExecutor.doExecute(TestCaseExecutor.java:439)&#xa;	at com.kms.katalon.core.main.TestCaseExecutor.processExecutionPhase(TestCaseExecutor.java:418)&#xa;	at com.kms.katalon.core.main.TestCaseExecutor.accessMainPhase(TestCaseExecutor.java:410)&#xa;	at com.kms.katalon.core.main.TestCaseExecutor.execute(TestCaseExecutor.java:285)&#xa;	at com.kms.katalon.core.common.CommonExecutor.accessTestCaseMainPhase(CommonExecutor.java:65)&#xa;	at com.kms.katalon.core.main.TestSuiteExecutor.accessTestSuiteMainPhase(TestSuiteExecutor.java:150)&#xa;	at com.kms.katalon.core.main.TestSuiteExecutor.execute(TestSuiteExecutor.java:106)&#xa;	at com.kms.katalon.core.main.TestCaseMain.startTestSuite(TestCaseMain.java:180)&#xa;	at TempTestSuite1719146689802.run(TempTestSuite1719146689802.groovy:35)&#xa;	at java.base/jdk.internal.reflect.NativeMethodAccessorImpl.invoke0(Native Method)&#xa;	at java.base/jdk.internal.reflect.NativeMethodAccessorImpl.invoke(NativeMethodAccessorImpl.java:77)&#xa;	at java.base/jdk.internal.reflect.DelegatingMethodAccessorImpl.invoke(DelegatingMethodAccessorImpl.java:43)&#xa;"/>
         <system-out><![CDATA[23-06-2024T20:46:13 - [TEST_CASE][FAILED] - Test Cases/admin/booking_management/logout: Test Cases/admin/booking_management/logout FAILED.
Reason:
com.kms.katalon.core.exception.StepFailedException: An error occurred: Actual text 'http://localhost/SAD/ArtLens/index.php' and expected text 'http://localhost/SAD/ArtLens/admin.php' are not matched
	at com.kms.katalon.core.util.KeywordUtil.markFailed(KeywordUtil.java:19)
	at logout.run(logout:36)
	at com.kms.katalon.core.main.ScriptEngine.run(ScriptEngine.java:194)
	at com.kms.katalon.core.main.ScriptEngine.runScriptAsRawText(ScriptEngine.java:119)
	at com.kms.katalon.core.main.TestCaseExecutor.runScript(TestCaseExecutor.java:448)
	at com.kms.katalon.core.main.TestCaseExecutor.doExecute(TestCaseExecutor.java:439)
	at com.kms.katalon.core.main.TestCaseExecutor.processExecutionPhase(TestCaseExecutor.java:418)
	at com.kms.katalon.core.main.TestCaseExecutor.accessMainPhase(TestCaseExecutor.java:410)
	at com.kms.katalon.core.main.TestCaseExecutor.execute(TestCaseExecutor.java:285)
	at com.kms.katalon.core.common.CommonExecutor.accessTestCaseMainPhase(CommonExecutor.java:65)
	at com.kms.katalon.core.main.TestSuiteExecutor.accessTestSuiteMainPhase(TestSuiteExecutor.java:150)
	at com.kms.katalon.core.main.TestSuiteExecutor.execute(TestSuiteExecutor.java:106)
	at com.kms.katalon.core.main.TestCaseMain.startTestSuite(TestCaseMain.java:180)
	at TempTestSuite1719146689802.run(TempTestSuite1719146689802.groovy:35)
	at java.base/jdk.internal.reflect.NativeMethodAccessorImpl.invoke0(Native Method)
	at java.base/jdk.internal.reflect.NativeMethodAccessorImpl.invoke(NativeMethodAccessorImpl.java:77)
	at java.base/jdk.internal.reflect.DelegatingMethodAccessorImpl.invoke(DelegatingMethodAccessorImpl.java:43)


23-06-2024T20:46:13 - [TEST_STEP][PASSED] - Start listener action : sampleBeforeTestCase: Browser is opened with url: ''

23-06-2024T20:46:13 - [TEST_STEP][PASSED] - println(testCaseContext.getTestCaseId()): null

23-06-2024T20:46:13 - [TEST_STEP][PASSED] - openBrowser(""): Browser is opened with url: ''

23-06-2024T20:46:13 - [MESSAGE][WARNING] - A browser is already opened. Closing browser and opening a new one

23-06-2024T20:46:16 - [MESSAGE][INFO] - Starting 'Firefox (headless)' driver

23-06-2024T20:46:16 - [MESSAGE][INFO] - Action delay is set to 0 milliseconds

23-06-2024T20:46:21 - [MESSAGE][PASSED] - Browser is opened with url: ''

23-06-2024T20:46:21 - [TEST_STEP][FAILED] - try: Unable to verify match between actual text 'http://localhost/SAD/ArtLens/index.php' and expected text 'http://localhost/SAD/ArtLens/admin.php' (Root cause: com.kms.katalon.core.exception.StepFailedException: Actual text 'http://localhost/SAD/ArtLens/index.php' and expected text 'http://localhost/SAD/ArtLens/admin.php' are not matched
	at com.kms.katalon.core.keyword.builtin.VerifyMatchKeyword$_verifyMatch_closure1.doCall(VerifyMatchKeyword.groovy:57)
	at com.kms.katalon.core.keyword.builtin.VerifyMatchKeyword$_verifyMatch_closure1.call(VerifyMatchKeyword.groovy)
	at com.kms.katalon.core.keyword.internal.KeywordMain.runKeyword(KeywordMain.groovy:75)
	at com.kms.katalon.core.keyword.builtin.VerifyMatchKeyword.verifyMatch(VerifyMatchKeyword.groovy:60)
	at com.kms.katalon.core.keyword.builtin.VerifyMatchKeyword.execute(VerifyMatchKeyword.groovy:45)
	at com.kms.katalon.core.keyword.internal.KeywordExecutor.executeKeywordForPlatform(KeywordExecutor.groovy:74)
	at com.kms.katalon.core.keyword.BuiltinKeywords.verifyMatch(BuiltinKeywords.groovy:78)
	at java.base/jdk.internal.reflect.NativeMethodAccessorImpl.invoke0(Native Method)
	at java.base/jdk.internal.reflect.NativeMethodAccessorImpl.invoke(NativeMethodAccessorImpl.java:77)
	at java.base/jdk.internal.reflect.DelegatingMethodAccessorImpl.invoke(DelegatingMethodAccessorImpl.java:43)
	at com.artlens.utils.AdminUtils.adminLogout(AdminUtils.groovy:78)
	at logout.run(logout:30)
	at com.kms.katalon.core.main.ScriptEngine.run(ScriptEngine.java:194)
	at com.kms.katalon.core.main.ScriptEngine.runScriptAsRawText(ScriptEngine.java:119)
	at com.kms.katalon.core.main.TestCaseExecutor.runScript(TestCaseExecutor.java:448)
	at com.kms.katalon.core.main.TestCaseExecutor.doExecute(TestCaseExecutor.java:439)
	at com.kms.katalon.core.main.TestCaseExecutor.processExecutionPhase(TestCaseExecutor.java:418)
	at com.kms.katalon.core.main.TestCaseExecutor.accessMainPhase(TestCaseExecutor.java:410)
	at com.kms.katalon.core.main.TestCaseExecutor.execute(TestCaseExecutor.java:285)
	at com.kms.katalon.core.common.CommonExecutor.accessTestCaseMainPhase(CommonExecutor.java:65)
	at com.kms.katalon.core.main.TestSuiteExecutor.accessTestSuiteMainPhase(TestSuiteExecutor.java:150)
	at com.kms.katalon.core.main.TestSuiteExecutor.execute(TestSuiteExecutor.java:106)
	at com.kms.katalon.core.main.TestCaseMain.startTestSuite(TestCaseMain.java:180)
	at TempTestSuite1719146689802.run(TempTestSuite1719146689802.groovy:35)
	at java.base/jdk.internal.reflect.NativeMethodAccessorImpl.invoke0(Native Method)
	at java.base/jdk.internal.reflect.NativeMethodAccessorImpl.invoke(NativeMethodAccessorImpl.java:77)
	at java.base/jdk.internal.reflect.DelegatingMethodAccessorImpl.invoke(DelegatingMethodAccessorImpl.java:43)
)

23-06-2024T20:46:21 - [TEST_STEP][PASSED] - callTestCase(findTestCase("Common_TestCases/admin_login_all_valid"), [:], STOP_ON_FAILURE): Call Test Case 'Test Cases/Common_TestCases/admin_login_all_valid' successfully

23-06-2024T20:46:21 - [TEST_CASE][PASSED] - Test Cases/Common_TestCases/admin_login_all_valid: Test Cases/Common_TestCases/admin_login_all_valid

23-06-2024T20:46:21 - [TEST_STEP][PASSED] - try: The URL is correct: http://localhost/SAD/ArtLens/adminindex.php

23-06-2024T20:46:21 - [TEST_STEP][PASSED] - userIndex = userIndex: null

23-06-2024T20:46:21 - [TEST_STEP][PASSED] - callTestCase(findTestCase("admin/landing_page/header_bar_visible"), [:], STOP_ON_FAILURE): Call Test Case 'Test Cases/admin/landing_page/header_bar_visible' successfully

23-06-2024T20:46:21 - [TEST_CASE][PASSED] - Test Cases/admin/landing_page/header_bar_visible: Test Cases/admin/landing_page/header_bar_visible

23-06-2024T20:46:21 - [TEST_STEP][PASSED] - callTestCase(findTestCase("admin/landing_page/page_acessible"), [:], STOP_ON_FAILURE): Call Test Case 'Test Cases/admin/landing_page/page_acessible' successfully

23-06-2024T20:46:21 - [TEST_CASE][PASSED] - Test Cases/admin/landing_page/page_acessible: Test Cases/admin/landing_page/page_acessible

23-06-2024T20:46:21 - [TEST_STEP][PASSED] - AdminUtils.openWebPage("admin.php"): Navigate to 'http://localhost/SAD/ArtLens/admin.php' successfully

23-06-2024T20:46:21 - [MESSAGE][INFO] - HAR: C:\DevPackage\xampp\htdocs\SAD\ArtLens\Reports\20240623_204104\Test_Admin_Logout\20240623_204449\requests\main\3.har

23-06-2024T20:46:21 - [MESSAGE][PASSED] - Send request successfully

23-06-2024T20:46:21 - [MESSAGE][PASSED] - All links are accessible

23-06-2024T20:46:24 - [MESSAGE][PASSED] - Navigate to 'http://localhost/SAD/ArtLens/admin.php' successfully

23-06-2024T20:46:24 - [MESSAGE][PASSED] - Call Test Case 'Test Cases/admin/landing_page/page_acessible' successfully

23-06-2024T20:46:24 - [TEST_STEP][PASSED] - verifyElementPresent(findTestObject("admin/landing_page/nav_ArtLens            Admin Login"), 0): Object 'Object Repository/admin/landing_page/nav_ArtLens            Admin Login' is present

23-06-2024T20:46:24 - [MESSAGE][WARNING] - Timeout '0' is invalid. Using default page load timeout: '30'

23-06-2024T20:46:24 - [MESSAGE][PASSED] - Object 'Object Repository/admin/landing_page/nav_ArtLens            Admin Login' is present

23-06-2024T20:46:24 - [TEST_STEP][PASSED] - verifyElementVisible(findTestObject("admin/landing_page/nav_ArtLens            Admin Login")): Object 'Object Repository/admin/landing_page/nav_ArtLens            Admin Login' is visible

23-06-2024T20:46:24 - [MESSAGE][PASSED] - Object 'Object Repository/admin/landing_page/nav_ArtLens            Admin Login' is visible

23-06-2024T20:46:24 - [MESSAGE][PASSED] - Call Test Case 'Test Cases/admin/landing_page/header_bar_visible' successfully

23-06-2024T20:46:24 - [TEST_STEP][PASSED] - AdminUtils.adminLogin(ValidUsernameCredentials[userIndex], ValidPasswordCredentials[userIndex]): Object: 'Object Repository/admin/landing_page/button_Login' is clicked on

23-06-2024T20:46:24 - [MESSAGE][WARNING] - Timeout '0' is invalid. Using default page load timeout: '30'

23-06-2024T20:46:25 - [MESSAGE][PASSED] - Object 'Object Repository/admin/landing_page/a_Admin Login' is present

23-06-2024T20:46:25 - [MESSAGE][PASSED] - Object 'Object Repository/admin/landing_page/a_Admin Login' is visible

23-06-2024T20:46:26 - [MESSAGE][PASSED] - Object: 'Object Repository/admin/landing_page/a_Admin Login' is clicked on

23-06-2024T20:46:26 - [MESSAGE][PASSED] - Text 'admin@gmail.com' is set on object 'Object Repository/admin/landing_page/input_ARTLENS_uname'

23-06-2024T20:46:26 - [MESSAGE][PASSED] - Object: 'Object Repository/admin/landing_page/button_Show' is clicked on

23-06-2024T20:46:27 - [MESSAGE][PASSED] - Text '@Helloword' is set on object 'Object Repository/admin/landing_page/input_ARTLENS_pass_1'

23-06-2024T20:46:27 - [MESSAGE][WARNING] - Timeout '0' is invalid. Using default page load timeout: '30'

23-06-2024T20:46:27 - [MESSAGE][PASSED] - Object 'Object Repository/admin/landing_page/button_Login' is present

23-06-2024T20:46:27 - [MESSAGE][PASSED] - Object 'Object Repository/admin/landing_page/button_Login' is visible

23-06-2024T20:46:28 - [MESSAGE][PASSED] - Object: 'Object Repository/admin/landing_page/button_Login' is clicked on

23-06-2024T20:46:28 - [TEST_STEP][PASSED] - currentUrl = getUrl(): Current window's url is: 'http://localhost/SAD/ArtLens/adminindex.php'

23-06-2024T20:46:28 - [MESSAGE][PASSED] - Current window's url is: 'http://localhost/SAD/ArtLens/adminindex.php'

23-06-2024T20:46:28 - [TEST_STEP][PASSED] - expectedUrl = $GlobalVariable.appBaseLinkadminindex.php: null

23-06-2024T20:46:28 - [TEST_STEP][PASSED] - isUrlCorrect = verifyMatch(currentUrl, expectedUrl, false): Actual text 'http://localhost/SAD/ArtLens/adminindex.php' and expected text 'http://localhost/SAD/ArtLens/adminindex.php' are matched 

23-06-2024T20:46:28 - [MESSAGE][PASSED] - Actual text 'http://localhost/SAD/ArtLens/adminindex.php' and expected text 'http://localhost/SAD/ArtLens/adminindex.php' are matched 

23-06-2024T20:46:28 - [TEST_STEP][PASSED] - if (isUrlCorrect): The URL is correct: http://localhost/SAD/ArtLens/adminindex.php

23-06-2024T20:46:28 - [TEST_STEP][PASSED] - markPassed("The URL is correct: " + currentUrl): The URL is correct: http://localhost/SAD/ArtLens/adminindex.php

23-06-2024T20:46:28 - [MESSAGE][PASSED] - The URL is correct: http://localhost/SAD/ArtLens/adminindex.php

23-06-2024T20:46:28 - [TEST_STEP][PASSED] - Finally: null

23-06-2024T20:46:28 - [MESSAGE][PASSED] - Call Test Case 'Test Cases/Common_TestCases/admin_login_all_valid' successfully

23-06-2024T20:46:28 - [TEST_STEP][PASSED] - verifyElementPresent(findTestObject("Object Repository/admin/components/side_nav_drawer/a_Booking"), 0): Object 'Object Repository/admin/components/side_nav_drawer/a_Booking' is present

23-06-2024T20:46:28 - [MESSAGE][WARNING] - Timeout '0' is invalid. Using default page load timeout: '30'

23-06-2024T20:46:28 - [MESSAGE][PASSED] - Object 'Object Repository/admin/components/side_nav_drawer/a_Booking' is present

23-06-2024T20:46:28 - [TEST_STEP][PASSED] - verifyElementVisible(findTestObject("Object Repository/admin/components/side_nav_drawer/a_Booking"), STOP_ON_FAILURE): Object 'Object Repository/admin/components/side_nav_drawer/a_Booking' is visible

23-06-2024T20:46:28 - [MESSAGE][PASSED] - Object 'Object Repository/admin/components/side_nav_drawer/a_Booking' is visible

23-06-2024T20:46:28 - [TEST_STEP][PASSED] - click(findTestObject("Object Repository/admin/components/side_nav_drawer/a_Booking")): Object: 'Object Repository/admin/components/side_nav_drawer/a_Booking' is clicked on

23-06-2024T20:46:29 - [MESSAGE][PASSED] - Object: 'Object Repository/admin/components/side_nav_drawer/a_Booking' is clicked on

23-06-2024T20:46:29 - [TEST_STEP][FAILED] - AdminUtils.adminLogout(): Unable to verify match between actual text 'http://localhost/SAD/ArtLens/index.php' and expected text 'http://localhost/SAD/ArtLens/admin.php' (Root cause: com.kms.katalon.core.exception.StepFailedException: Actual text 'http://localhost/SAD/ArtLens/index.php' and expected text 'http://localhost/SAD/ArtLens/admin.php' are not matched
	at com.kms.katalon.core.keyword.builtin.VerifyMatchKeyword$_verifyMatch_closure1.doCall(VerifyMatchKeyword.groovy:57)
	at com.kms.katalon.core.keyword.builtin.VerifyMatchKeyword$_verifyMatch_closure1.call(VerifyMatchKeyword.groovy)
	at com.kms.katalon.core.keyword.internal.KeywordMain.runKeyword(KeywordMain.groovy:75)
	at com.kms.katalon.core.keyword.builtin.VerifyMatchKeyword.verifyMatch(VerifyMatchKeyword.groovy:60)
	at com.kms.katalon.core.keyword.builtin.VerifyMatchKeyword.execute(VerifyMatchKeyword.groovy:45)
	at com.kms.katalon.core.keyword.internal.KeywordExecutor.executeKeywordForPlatform(KeywordExecutor.groovy:74)
	at com.kms.katalon.core.keyword.BuiltinKeywords.verifyMatch(BuiltinKeywords.groovy:78)
	at java.base/jdk.internal.reflect.NativeMethodAccessorImpl.invoke0(Native Method)
	at java.base/jdk.internal.reflect.NativeMethodAccessorImpl.invoke(NativeMethodAccessorImpl.java:77)
	at java.base/jdk.internal.reflect.DelegatingMethodAccessorImpl.invoke(DelegatingMethodAccessorImpl.java:43)
	at com.artlens.utils.AdminUtils.adminLogout(AdminUtils.groovy:78)
	at logout.run(logout:30)
	at com.kms.katalon.core.main.ScriptEngine.run(ScriptEngine.java:194)
	at com.kms.katalon.core.main.ScriptEngine.runScriptAsRawText(ScriptEngine.java:119)
	at com.kms.katalon.core.main.TestCaseExecutor.runScript(TestCaseExecutor.java:448)
	at com.kms.katalon.core.main.TestCaseExecutor.doExecute(TestCaseExecutor.java:439)
	at com.kms.katalon.core.main.TestCaseExecutor.processExecutionPhase(TestCaseExecutor.java:418)
	at com.kms.katalon.core.main.TestCaseExecutor.accessMainPhase(TestCaseExecutor.java:410)
	at com.kms.katalon.core.main.TestCaseExecutor.execute(TestCaseExecutor.java:285)
	at com.kms.katalon.core.common.CommonExecutor.accessTestCaseMainPhase(CommonExecutor.java:65)
	at com.kms.katalon.core.main.TestSuiteExecutor.accessTestSuiteMainPhase(TestSuiteExecutor.java:150)
	at com.kms.katalon.core.main.TestSuiteExecutor.execute(TestSuiteExecutor.java:106)
	at com.kms.katalon.core.main.TestCaseMain.startTestSuite(TestCaseMain.java:180)
	at TempTestSuite1719146689802.run(TempTestSuite1719146689802.groovy:35)
	at java.base/jdk.internal.reflect.NativeMethodAccessorImpl.invoke0(Native Method)
	at java.base/jdk.internal.reflect.NativeMethodAccessorImpl.invoke(NativeMethodAccessorImpl.java:77)
	at java.base/jdk.internal.reflect.DelegatingMethodAccessorImpl.invoke(DelegatingMethodAccessorImpl.java:43)
)

23-06-2024T20:46:30 - [MESSAGE][PASSED] - Object: 'Object Repository/admin/components/side_nav_drawer/a_Logout' is clicked on

23-06-2024T20:46:30 - [MESSAGE][PASSED] - Current window's url is: 'http://localhost/SAD/ArtLens/index.php'

23-06-2024T20:46:30 - [MESSAGE][FAILED] - Unable to verify match between actual text 'http://localhost/SAD/ArtLens/index.php' and expected text 'http://localhost/SAD/ArtLens/admin.php' (Root cause: com.kms.katalon.core.exception.StepFailedException: Actual text 'http://localhost/SAD/ArtLens/index.php' and expected text 'http://localhost/SAD/ArtLens/admin.php' are not matched
	at com.kms.katalon.core.keyword.builtin.VerifyMatchKeyword$_verifyMatch_closure1.doCall(VerifyMatchKeyword.groovy:57)
	at com.kms.katalon.core.keyword.builtin.VerifyMatchKeyword$_verifyMatch_closure1.call(VerifyMatchKeyword.groovy)
	at com.kms.katalon.core.keyword.internal.KeywordMain.runKeyword(KeywordMain.groovy:75)
	at com.kms.katalon.core.keyword.builtin.VerifyMatchKeyword.verifyMatch(VerifyMatchKeyword.groovy:60)
	at com.kms.katalon.core.keyword.builtin.VerifyMatchKeyword.execute(VerifyMatchKeyword.groovy:45)
	at com.kms.katalon.core.keyword.internal.KeywordExecutor.executeKeywordForPlatform(KeywordExecutor.groovy:74)
	at com.kms.katalon.core.keyword.BuiltinKeywords.verifyMatch(BuiltinKeywords.groovy:78)
	at java.base/jdk.internal.reflect.NativeMethodAccessorImpl.invoke0(Native Method)
	at java.base/jdk.internal.reflect.NativeMethodAccessorImpl.invoke(NativeMethodAccessorImpl.java:77)
	at java.base/jdk.internal.reflect.DelegatingMethodAccessorImpl.invoke(DelegatingMethodAccessorImpl.java:43)
	at com.artlens.utils.AdminUtils.adminLogout(AdminUtils.groovy:78)
	at logout.run(logout:30)
	at com.kms.katalon.core.main.ScriptEngine.run(ScriptEngine.java:194)
	at com.kms.katalon.core.main.ScriptEngine.runScriptAsRawText(ScriptEngine.java:119)
	at com.kms.katalon.core.main.TestCaseExecutor.runScript(TestCaseExecutor.java:448)
	at com.kms.katalon.core.main.TestCaseExecutor.doExecute(TestCaseExecutor.java:439)
	at com.kms.katalon.core.main.TestCaseExecutor.processExecutionPhase(TestCaseExecutor.java:418)
	at com.kms.katalon.core.main.TestCaseExecutor.accessMainPhase(TestCaseExecutor.java:410)
	at com.kms.katalon.core.main.TestCaseExecutor.execute(TestCaseExecutor.java:285)
	at com.kms.katalon.core.common.CommonExecutor.accessTestCaseMainPhase(CommonExecutor.java:65)
	at com.kms.katalon.core.main.TestSuiteExecutor.accessTestSuiteMainPhase(TestSuiteExecutor.java:150)
	at com.kms.katalon.core.main.TestSuiteExecutor.execute(TestSuiteExecutor.java:106)
	at com.kms.katalon.core.main.TestCaseMain.startTestSuite(TestCaseMain.java:180)
	at TempTestSuite1719146689802.run(TempTestSuite1719146689802.groovy:35)
	at java.base/jdk.internal.reflect.NativeMethodAccessorImpl.invoke0(Native Method)
	at java.base/jdk.internal.reflect.NativeMethodAccessorImpl.invoke(NativeMethodAccessorImpl.java:77)
	at java.base/jdk.internal.reflect.DelegatingMethodAccessorImpl.invoke(DelegatingMethodAccessorImpl.java:43)
)

23-06-2024T20:46:30 - [TEST_STEP][FAILED] - catch (Exception e): An error occurred: Actual text 'http://localhost/SAD/ArtLens/index.php' and expected text 'http://localhost/SAD/ArtLens/admin.php' are not matched

23-06-2024T20:46:30 - [TEST_STEP][FAILED] - markFailed("An error occurred: " + message): An error occurred: Actual text 'http://localhost/SAD/ArtLens/index.php' and expected text 'http://localhost/SAD/ArtLens/admin.php' are not matched

23-06-2024T20:46:30 - [MESSAGE][FAILED] - An error occurred: Actual text 'http://localhost/SAD/ArtLens/index.php' and expected text 'http://localhost/SAD/ArtLens/admin.php' are not matched

23-06-2024T20:46:30 - [TEST_STEP][PASSED] - Finally: null

23-06-2024T20:46:30 - [TEST_STEP][PASSED] - Start listener action : sampleAfterTestCase: null]]></system-out>
         <system-err><![CDATA[23-06-2024T20:46:13 - [TEST_CASE][FAILED] - Test Cases/admin/booking_management/logout: Test Cases/admin/booking_management/logout FAILED.
Reason:
com.kms.katalon.core.exception.StepFailedException: An error occurred: Actual text 'http://localhost/SAD/ArtLens/index.php' and expected text 'http://localhost/SAD/ArtLens/admin.php' are not matched
	at com.kms.katalon.core.util.KeywordUtil.markFailed(KeywordUtil.java:19)
	at logout.run(logout:36)
	at com.kms.katalon.core.main.ScriptEngine.run(ScriptEngine.java:194)
	at com.kms.katalon.core.main.ScriptEngine.runScriptAsRawText(ScriptEngine.java:119)
	at com.kms.katalon.core.main.TestCaseExecutor.runScript(TestCaseExecutor.java:448)
	at com.kms.katalon.core.main.TestCaseExecutor.doExecute(TestCaseExecutor.java:439)
	at com.kms.katalon.core.main.TestCaseExecutor.processExecutionPhase(TestCaseExecutor.java:418)
	at com.kms.katalon.core.main.TestCaseExecutor.accessMainPhase(TestCaseExecutor.java:410)
	at com.kms.katalon.core.main.TestCaseExecutor.execute(TestCaseExecutor.java:285)
	at com.kms.katalon.core.common.CommonExecutor.accessTestCaseMainPhase(CommonExecutor.java:65)
	at com.kms.katalon.core.main.TestSuiteExecutor.accessTestSuiteMainPhase(TestSuiteExecutor.java:150)
	at com.kms.katalon.core.main.TestSuiteExecutor.execute(TestSuiteExecutor.java:106)
	at com.kms.katalon.core.main.TestCaseMain.startTestSuite(TestCaseMain.java:180)
	at TempTestSuite1719146689802.run(TempTestSuite1719146689802.groovy:35)
	at java.base/jdk.internal.reflect.NativeMethodAccessorImpl.invoke0(Native Method)
	at java.base/jdk.internal.reflect.NativeMethodAccessorImpl.invoke(NativeMethodAccessorImpl.java:77)
	at java.base/jdk.internal.reflect.DelegatingMethodAccessorImpl.invoke(DelegatingMethodAccessorImpl.java:43)]]></system-err>
      </testcase>
      <testcase name="Test Cases/admin/dashboard/logout" time="12.764" classname="Test Cases/admin/dashboard/logout" status="FAILED">
         <failure type="FAILED" message="Test Cases/admin/dashboard/logout FAILED.&#xa;Reason:&#xa;com.kms.katalon.core.exception.StepFailedException: An error occurred: Actual text 'http://localhost/SAD/ArtLens/index.php' and expected text 'http://localhost/SAD/ArtLens/admin.php' are not matched&#xa;	at com.kms.katalon.core.util.KeywordUtil.markFailed(KeywordUtil.java:19)&#xa;	at logout.run(logout:32)&#xa;	at com.kms.katalon.core.main.ScriptEngine.run(ScriptEngine.java:194)&#xa;	at com.kms.katalon.core.main.ScriptEngine.runScriptAsRawText(ScriptEngine.java:119)&#xa;	at com.kms.katalon.core.main.TestCaseExecutor.runScript(TestCaseExecutor.java:448)&#xa;	at com.kms.katalon.core.main.TestCaseExecutor.doExecute(TestCaseExecutor.java:439)&#xa;	at com.kms.katalon.core.main.TestCaseExecutor.processExecutionPhase(TestCaseExecutor.java:418)&#xa;	at com.kms.katalon.core.main.TestCaseExecutor.accessMainPhase(TestCaseExecutor.java:410)&#xa;	at com.kms.katalon.core.main.TestCaseExecutor.execute(TestCaseExecutor.java:285)&#xa;	at com.kms.katalon.core.common.CommonExecutor.accessTestCaseMainPhase(CommonExecutor.java:65)&#xa;	at com.kms.katalon.core.main.TestSuiteExecutor.accessTestSuiteMainPhase(TestSuiteExecutor.java:150)&#xa;	at com.kms.katalon.core.main.TestSuiteExecutor.execute(TestSuiteExecutor.java:106)&#xa;	at com.kms.katalon.core.main.TestCaseMain.startTestSuite(TestCaseMain.java:180)&#xa;	at TempTestSuite1719146689802.run(TempTestSuite1719146689802.groovy:35)&#xa;	at java.base/jdk.internal.reflect.NativeMethodAccessorImpl.invoke0(Native Method)&#xa;	at java.base/jdk.internal.reflect.NativeMethodAccessorImpl.invoke(NativeMethodAccessorImpl.java:77)&#xa;	at java.base/jdk.internal.reflect.DelegatingMethodAccessorImpl.invoke(DelegatingMethodAccessorImpl.java:43)&#xa;"/>
         <system-out><![CDATA[23-06-2024T20:46:30 - [TEST_CASE][FAILED] - Test Cases/admin/dashboard/logout: Test Cases/admin/dashboard/logout FAILED.
Reason:
com.kms.katalon.core.exception.StepFailedException: An error occurred: Actual text 'http://localhost/SAD/ArtLens/index.php' and expected text 'http://localhost/SAD/ArtLens/admin.php' are not matched
	at com.kms.katalon.core.util.KeywordUtil.markFailed(KeywordUtil.java:19)
	at logout.run(logout:32)
	at com.kms.katalon.core.main.ScriptEngine.run(ScriptEngine.java:194)
	at com.kms.katalon.core.main.ScriptEngine.runScriptAsRawText(ScriptEngine.java:119)
	at com.kms.katalon.core.main.TestCaseExecutor.runScript(TestCaseExecutor.java:448)
	at com.kms.katalon.core.main.TestCaseExecutor.doExecute(TestCaseExecutor.java:439)
	at com.kms.katalon.core.main.TestCaseExecutor.processExecutionPhase(TestCaseExecutor.java:418)
	at com.kms.katalon.core.main.TestCaseExecutor.accessMainPhase(TestCaseExecutor.java:410)
	at com.kms.katalon.core.main.TestCaseExecutor.execute(TestCaseExecutor.java:285)
	at com.kms.katalon.core.common.CommonExecutor.accessTestCaseMainPhase(CommonExecutor.java:65)
	at com.kms.katalon.core.main.TestSuiteExecutor.accessTestSuiteMainPhase(TestSuiteExecutor.java:150)
	at com.kms.katalon.core.main.TestSuiteExecutor.execute(TestSuiteExecutor.java:106)
	at com.kms.katalon.core.main.TestCaseMain.startTestSuite(TestCaseMain.java:180)
	at TempTestSuite1719146689802.run(TempTestSuite1719146689802.groovy:35)
	at java.base/jdk.internal.reflect.NativeMethodAccessorImpl.invoke0(Native Method)
	at java.base/jdk.internal.reflect.NativeMethodAccessorImpl.invoke(NativeMethodAccessorImpl.java:77)
	at java.base/jdk.internal.reflect.DelegatingMethodAccessorImpl.invoke(DelegatingMethodAccessorImpl.java:43)


23-06-2024T20:46:30 - [TEST_STEP][PASSED] - Start listener action : sampleBeforeTestCase: Browser is opened with url: ''

23-06-2024T20:46:30 - [TEST_STEP][PASSED] - println(testCaseContext.getTestCaseId()): null

23-06-2024T20:46:30 - [TEST_STEP][PASSED] - openBrowser(""): Browser is opened with url: ''

23-06-2024T20:46:30 - [MESSAGE][WARNING] - A browser is already opened. Closing browser and opening a new one

23-06-2024T20:46:34 - [MESSAGE][INFO] - Starting 'Firefox (headless)' driver

23-06-2024T20:46:34 - [MESSAGE][INFO] - Action delay is set to 0 milliseconds

23-06-2024T20:46:38 - [MESSAGE][PASSED] - Browser is opened with url: ''

23-06-2024T20:46:38 - [TEST_STEP][FAILED] - try: Unable to verify match between actual text 'http://localhost/SAD/ArtLens/index.php' and expected text 'http://localhost/SAD/ArtLens/admin.php' (Root cause: com.kms.katalon.core.exception.StepFailedException: Actual text 'http://localhost/SAD/ArtLens/index.php' and expected text 'http://localhost/SAD/ArtLens/admin.php' are not matched
	at com.kms.katalon.core.keyword.builtin.VerifyMatchKeyword$_verifyMatch_closure1.doCall(VerifyMatchKeyword.groovy:57)
	at com.kms.katalon.core.keyword.builtin.VerifyMatchKeyword$_verifyMatch_closure1.call(VerifyMatchKeyword.groovy)
	at com.kms.katalon.core.keyword.internal.KeywordMain.runKeyword(KeywordMain.groovy:75)
	at com.kms.katalon.core.keyword.builtin.VerifyMatchKeyword.verifyMatch(VerifyMatchKeyword.groovy:60)
	at com.kms.katalon.core.keyword.builtin.VerifyMatchKeyword.execute(VerifyMatchKeyword.groovy:45)
	at com.kms.katalon.core.keyword.internal.KeywordExecutor.executeKeywordForPlatform(KeywordExecutor.groovy:74)
	at com.kms.katalon.core.keyword.BuiltinKeywords.verifyMatch(BuiltinKeywords.groovy:78)
	at java.base/jdk.internal.reflect.NativeMethodAccessorImpl.invoke0(Native Method)
	at java.base/jdk.internal.reflect.NativeMethodAccessorImpl.invoke(NativeMethodAccessorImpl.java:77)
	at java.base/jdk.internal.reflect.DelegatingMethodAccessorImpl.invoke(DelegatingMethodAccessorImpl.java:43)
	at com.artlens.utils.AdminUtils.adminLogout(AdminUtils.groovy:78)
	at logout.run(logout:26)
	at com.kms.katalon.core.main.ScriptEngine.run(ScriptEngine.java:194)
	at com.kms.katalon.core.main.ScriptEngine.runScriptAsRawText(ScriptEngine.java:119)
	at com.kms.katalon.core.main.TestCaseExecutor.runScript(TestCaseExecutor.java:448)
	at com.kms.katalon.core.main.TestCaseExecutor.doExecute(TestCaseExecutor.java:439)
	at com.kms.katalon.core.main.TestCaseExecutor.processExecutionPhase(TestCaseExecutor.java:418)
	at com.kms.katalon.core.main.TestCaseExecutor.accessMainPhase(TestCaseExecutor.java:410)
	at com.kms.katalon.core.main.TestCaseExecutor.execute(TestCaseExecutor.java:285)
	at com.kms.katalon.core.common.CommonExecutor.accessTestCaseMainPhase(CommonExecutor.java:65)
	at com.kms.katalon.core.main.TestSuiteExecutor.accessTestSuiteMainPhase(TestSuiteExecutor.java:150)
	at com.kms.katalon.core.main.TestSuiteExecutor.execute(TestSuiteExecutor.java:106)
	at com.kms.katalon.core.main.TestCaseMain.startTestSuite(TestCaseMain.java:180)
	at TempTestSuite1719146689802.run(TempTestSuite1719146689802.groovy:35)
	at java.base/jdk.internal.reflect.NativeMethodAccessorImpl.invoke0(Native Method)
	at java.base/jdk.internal.reflect.NativeMethodAccessorImpl.invoke(NativeMethodAccessorImpl.java:77)
	at java.base/jdk.internal.reflect.DelegatingMethodAccessorImpl.invoke(DelegatingMethodAccessorImpl.java:43)
)

23-06-2024T20:46:38 - [TEST_STEP][PASSED] - callTestCase(findTestCase("Common_TestCases/admin_login_all_valid"), [:], STOP_ON_FAILURE): Call Test Case 'Test Cases/Common_TestCases/admin_login_all_valid' successfully

23-06-2024T20:46:38 - [TEST_CASE][PASSED] - Test Cases/Common_TestCases/admin_login_all_valid: Test Cases/Common_TestCases/admin_login_all_valid

23-06-2024T20:46:38 - [TEST_STEP][PASSED] - try: The URL is correct: http://localhost/SAD/ArtLens/adminindex.php

23-06-2024T20:46:38 - [TEST_STEP][PASSED] - userIndex = userIndex: null

23-06-2024T20:46:38 - [TEST_STEP][PASSED] - callTestCase(findTestCase("admin/landing_page/header_bar_visible"), [:], STOP_ON_FAILURE): Call Test Case 'Test Cases/admin/landing_page/header_bar_visible' successfully

23-06-2024T20:46:39 - [TEST_CASE][PASSED] - Test Cases/admin/landing_page/header_bar_visible: Test Cases/admin/landing_page/header_bar_visible

23-06-2024T20:46:39 - [TEST_STEP][PASSED] - callTestCase(findTestCase("admin/landing_page/page_acessible"), [:], STOP_ON_FAILURE): Call Test Case 'Test Cases/admin/landing_page/page_acessible' successfully

23-06-2024T20:46:39 - [TEST_CASE][PASSED] - Test Cases/admin/landing_page/page_acessible: Test Cases/admin/landing_page/page_acessible

23-06-2024T20:46:39 - [TEST_STEP][PASSED] - AdminUtils.openWebPage("admin.php"): Navigate to 'http://localhost/SAD/ArtLens/admin.php' successfully

23-06-2024T20:46:39 - [MESSAGE][INFO] - HAR: C:\DevPackage\xampp\htdocs\SAD\ArtLens\Reports\20240623_204104\Test_Admin_Logout\20240623_204449\requests\main\4.har

23-06-2024T20:46:39 - [MESSAGE][PASSED] - Send request successfully

23-06-2024T20:46:39 - [MESSAGE][PASSED] - All links are accessible

23-06-2024T20:46:39 - [MESSAGE][PASSED] - Navigate to 'http://localhost/SAD/ArtLens/admin.php' successfully

23-06-2024T20:46:39 - [MESSAGE][PASSED] - Call Test Case 'Test Cases/admin/landing_page/page_acessible' successfully

23-06-2024T20:46:39 - [TEST_STEP][PASSED] - verifyElementPresent(findTestObject("admin/landing_page/nav_ArtLens            Admin Login"), 0): Object 'Object Repository/admin/landing_page/nav_ArtLens            Admin Login' is present

23-06-2024T20:46:39 - [MESSAGE][WARNING] - Timeout '0' is invalid. Using default page load timeout: '30'

23-06-2024T20:46:40 - [MESSAGE][PASSED] - Object 'Object Repository/admin/landing_page/nav_ArtLens            Admin Login' is present

23-06-2024T20:46:40 - [TEST_STEP][PASSED] - verifyElementVisible(findTestObject("admin/landing_page/nav_ArtLens            Admin Login")): Object 'Object Repository/admin/landing_page/nav_ArtLens            Admin Login' is visible

23-06-2024T20:46:40 - [MESSAGE][PASSED] - Object 'Object Repository/admin/landing_page/nav_ArtLens            Admin Login' is visible

23-06-2024T20:46:40 - [MESSAGE][PASSED] - Call Test Case 'Test Cases/admin/landing_page/header_bar_visible' successfully

23-06-2024T20:46:40 - [TEST_STEP][PASSED] - AdminUtils.adminLogin(ValidUsernameCredentials[userIndex], ValidPasswordCredentials[userIndex]): Object: 'Object Repository/admin/landing_page/button_Login' is clicked on

23-06-2024T20:46:40 - [MESSAGE][WARNING] - Timeout '0' is invalid. Using default page load timeout: '30'

23-06-2024T20:46:40 - [MESSAGE][PASSED] - Object 'Object Repository/admin/landing_page/a_Admin Login' is present

23-06-2024T20:46:40 - [MESSAGE][PASSED] - Object 'Object Repository/admin/landing_page/a_Admin Login' is visible

23-06-2024T20:46:41 - [MESSAGE][PASSED] - Object: 'Object Repository/admin/landing_page/a_Admin Login' is clicked on

23-06-2024T20:46:41 - [MESSAGE][PASSED] - Text 'admin@gmail.com' is set on object 'Object Repository/admin/landing_page/input_ARTLENS_uname'

23-06-2024T20:46:42 - [MESSAGE][PASSED] - Object: 'Object Repository/admin/landing_page/button_Show' is clicked on

23-06-2024T20:46:42 - [MESSAGE][PASSED] - Text '@Helloword' is set on object 'Object Repository/admin/landing_page/input_ARTLENS_pass_1'

23-06-2024T20:46:42 - [MESSAGE][WARNING] - Timeout '0' is invalid. Using default page load timeout: '30'

23-06-2024T20:46:42 - [MESSAGE][PASSED] - Object 'Object Repository/admin/landing_page/button_Login' is present

23-06-2024T20:46:42 - [MESSAGE][PASSED] - Object 'Object Repository/admin/landing_page/button_Login' is visible

23-06-2024T20:46:42 - [MESSAGE][PASSED] - Object: 'Object Repository/admin/landing_page/button_Login' is clicked on

23-06-2024T20:46:42 - [TEST_STEP][PASSED] - currentUrl = getUrl(): Current window's url is: 'http://localhost/SAD/ArtLens/adminindex.php'

23-06-2024T20:46:42 - [MESSAGE][PASSED] - Current window's url is: 'http://localhost/SAD/ArtLens/adminindex.php'

23-06-2024T20:46:42 - [TEST_STEP][PASSED] - expectedUrl = $GlobalVariable.appBaseLinkadminindex.php: null

23-06-2024T20:46:42 - [TEST_STEP][PASSED] - isUrlCorrect = verifyMatch(currentUrl, expectedUrl, false): Actual text 'http://localhost/SAD/ArtLens/adminindex.php' and expected text 'http://localhost/SAD/ArtLens/adminindex.php' are matched 

23-06-2024T20:46:42 - [MESSAGE][PASSED] - Actual text 'http://localhost/SAD/ArtLens/adminindex.php' and expected text 'http://localhost/SAD/ArtLens/adminindex.php' are matched 

23-06-2024T20:46:42 - [TEST_STEP][PASSED] - if (isUrlCorrect): The URL is correct: http://localhost/SAD/ArtLens/adminindex.php

23-06-2024T20:46:42 - [TEST_STEP][PASSED] - markPassed("The URL is correct: " + currentUrl): The URL is correct: http://localhost/SAD/ArtLens/adminindex.php

23-06-2024T20:46:42 - [MESSAGE][PASSED] - The URL is correct: http://localhost/SAD/ArtLens/adminindex.php

23-06-2024T20:46:42 - [TEST_STEP][PASSED] - Finally: null

23-06-2024T20:46:42 - [MESSAGE][PASSED] - Call Test Case 'Test Cases/Common_TestCases/admin_login_all_valid' successfully

23-06-2024T20:46:42 - [TEST_STEP][FAILED] - AdminUtils.adminLogout(): Unable to verify match between actual text 'http://localhost/SAD/ArtLens/index.php' and expected text 'http://localhost/SAD/ArtLens/admin.php' (Root cause: com.kms.katalon.core.exception.StepFailedException: Actual text 'http://localhost/SAD/ArtLens/index.php' and expected text 'http://localhost/SAD/ArtLens/admin.php' are not matched
	at com.kms.katalon.core.keyword.builtin.VerifyMatchKeyword$_verifyMatch_closure1.doCall(VerifyMatchKeyword.groovy:57)
	at com.kms.katalon.core.keyword.builtin.VerifyMatchKeyword$_verifyMatch_closure1.call(VerifyMatchKeyword.groovy)
	at com.kms.katalon.core.keyword.internal.KeywordMain.runKeyword(KeywordMain.groovy:75)
	at com.kms.katalon.core.keyword.builtin.VerifyMatchKeyword.verifyMatch(VerifyMatchKeyword.groovy:60)
	at com.kms.katalon.core.keyword.builtin.VerifyMatchKeyword.execute(VerifyMatchKeyword.groovy:45)
	at com.kms.katalon.core.keyword.internal.KeywordExecutor.executeKeywordForPlatform(KeywordExecutor.groovy:74)
	at com.kms.katalon.core.keyword.BuiltinKeywords.verifyMatch(BuiltinKeywords.groovy:78)
	at java.base/jdk.internal.reflect.NativeMethodAccessorImpl.invoke0(Native Method)
	at java.base/jdk.internal.reflect.NativeMethodAccessorImpl.invoke(NativeMethodAccessorImpl.java:77)
	at java.base/jdk.internal.reflect.DelegatingMethodAccessorImpl.invoke(DelegatingMethodAccessorImpl.java:43)
	at com.artlens.utils.AdminUtils.adminLogout(AdminUtils.groovy:78)
	at logout.run(logout:26)
	at com.kms.katalon.core.main.ScriptEngine.run(ScriptEngine.java:194)
	at com.kms.katalon.core.main.ScriptEngine.runScriptAsRawText(ScriptEngine.java:119)
	at com.kms.katalon.core.main.TestCaseExecutor.runScript(TestCaseExecutor.java:448)
	at com.kms.katalon.core.main.TestCaseExecutor.doExecute(TestCaseExecutor.java:439)
	at com.kms.katalon.core.main.TestCaseExecutor.processExecutionPhase(TestCaseExecutor.java:418)
	at com.kms.katalon.core.main.TestCaseExecutor.accessMainPhase(TestCaseExecutor.java:410)
	at com.kms.katalon.core.main.TestCaseExecutor.execute(TestCaseExecutor.java:285)
	at com.kms.katalon.core.common.CommonExecutor.accessTestCaseMainPhase(CommonExecutor.java:65)
	at com.kms.katalon.core.main.TestSuiteExecutor.accessTestSuiteMainPhase(TestSuiteExecutor.java:150)
	at com.kms.katalon.core.main.TestSuiteExecutor.execute(TestSuiteExecutor.java:106)
	at com.kms.katalon.core.main.TestCaseMain.startTestSuite(TestCaseMain.java:180)
	at TempTestSuite1719146689802.run(TempTestSuite1719146689802.groovy:35)
	at java.base/jdk.internal.reflect.NativeMethodAccessorImpl.invoke0(Native Method)
	at java.base/jdk.internal.reflect.NativeMethodAccessorImpl.invoke(NativeMethodAccessorImpl.java:77)
	at java.base/jdk.internal.reflect.DelegatingMethodAccessorImpl.invoke(DelegatingMethodAccessorImpl.java:43)
)

23-06-2024T20:46:42 - [MESSAGE][PASSED] - Object: 'Object Repository/admin/components/side_nav_drawer/a_Logout' is clicked on

23-06-2024T20:46:42 - [MESSAGE][PASSED] - Current window's url is: 'http://localhost/SAD/ArtLens/index.php'

23-06-2024T20:46:42 - [MESSAGE][FAILED] - Unable to verify match between actual text 'http://localhost/SAD/ArtLens/index.php' and expected text 'http://localhost/SAD/ArtLens/admin.php' (Root cause: com.kms.katalon.core.exception.StepFailedException: Actual text 'http://localhost/SAD/ArtLens/index.php' and expected text 'http://localhost/SAD/ArtLens/admin.php' are not matched
	at com.kms.katalon.core.keyword.builtin.VerifyMatchKeyword$_verifyMatch_closure1.doCall(VerifyMatchKeyword.groovy:57)
	at com.kms.katalon.core.keyword.builtin.VerifyMatchKeyword$_verifyMatch_closure1.call(VerifyMatchKeyword.groovy)
	at com.kms.katalon.core.keyword.internal.KeywordMain.runKeyword(KeywordMain.groovy:75)
	at com.kms.katalon.core.keyword.builtin.VerifyMatchKeyword.verifyMatch(VerifyMatchKeyword.groovy:60)
	at com.kms.katalon.core.keyword.builtin.VerifyMatchKeyword.execute(VerifyMatchKeyword.groovy:45)
	at com.kms.katalon.core.keyword.internal.KeywordExecutor.executeKeywordForPlatform(KeywordExecutor.groovy:74)
	at com.kms.katalon.core.keyword.BuiltinKeywords.verifyMatch(BuiltinKeywords.groovy:78)
	at java.base/jdk.internal.reflect.NativeMethodAccessorImpl.invoke0(Native Method)
	at java.base/jdk.internal.reflect.NativeMethodAccessorImpl.invoke(NativeMethodAccessorImpl.java:77)
	at java.base/jdk.internal.reflect.DelegatingMethodAccessorImpl.invoke(DelegatingMethodAccessorImpl.java:43)
	at com.artlens.utils.AdminUtils.adminLogout(AdminUtils.groovy:78)
	at logout.run(logout:26)
	at com.kms.katalon.core.main.ScriptEngine.run(ScriptEngine.java:194)
	at com.kms.katalon.core.main.ScriptEngine.runScriptAsRawText(ScriptEngine.java:119)
	at com.kms.katalon.core.main.TestCaseExecutor.runScript(TestCaseExecutor.java:448)
	at com.kms.katalon.core.main.TestCaseExecutor.doExecute(TestCaseExecutor.java:439)
	at com.kms.katalon.core.main.TestCaseExecutor.processExecutionPhase(TestCaseExecutor.java:418)
	at com.kms.katalon.core.main.TestCaseExecutor.accessMainPhase(TestCaseExecutor.java:410)
	at com.kms.katalon.core.main.TestCaseExecutor.execute(TestCaseExecutor.java:285)
	at com.kms.katalon.core.common.CommonExecutor.accessTestCaseMainPhase(CommonExecutor.java:65)
	at com.kms.katalon.core.main.TestSuiteExecutor.accessTestSuiteMainPhase(TestSuiteExecutor.java:150)
	at com.kms.katalon.core.main.TestSuiteExecutor.execute(TestSuiteExecutor.java:106)
	at com.kms.katalon.core.main.TestCaseMain.startTestSuite(TestCaseMain.java:180)
	at TempTestSuite1719146689802.run(TempTestSuite1719146689802.groovy:35)
	at java.base/jdk.internal.reflect.NativeMethodAccessorImpl.invoke0(Native Method)
	at java.base/jdk.internal.reflect.NativeMethodAccessorImpl.invoke(NativeMethodAccessorImpl.java:77)
	at java.base/jdk.internal.reflect.DelegatingMethodAccessorImpl.invoke(DelegatingMethodAccessorImpl.java:43)
)

23-06-2024T20:46:42 - [TEST_STEP][FAILED] - catch (Exception e): An error occurred: Actual text 'http://localhost/SAD/ArtLens/index.php' and expected text 'http://localhost/SAD/ArtLens/admin.php' are not matched

23-06-2024T20:46:42 - [TEST_STEP][FAILED] - markFailed("An error occurred: " + message): An error occurred: Actual text 'http://localhost/SAD/ArtLens/index.php' and expected text 'http://localhost/SAD/ArtLens/admin.php' are not matched

23-06-2024T20:46:42 - [MESSAGE][FAILED] - An error occurred: Actual text 'http://localhost/SAD/ArtLens/index.php' and expected text 'http://localhost/SAD/ArtLens/admin.php' are not matched

23-06-2024T20:46:42 - [TEST_STEP][PASSED] - Finally: null

23-06-2024T20:46:42 - [TEST_STEP][PASSED] - Start listener action : sampleAfterTestCase: null]]></system-out>
         <system-err><![CDATA[23-06-2024T20:46:30 - [TEST_CASE][FAILED] - Test Cases/admin/dashboard/logout: Test Cases/admin/dashboard/logout FAILED.
Reason:
com.kms.katalon.core.exception.StepFailedException: An error occurred: Actual text 'http://localhost/SAD/ArtLens/index.php' and expected text 'http://localhost/SAD/ArtLens/admin.php' are not matched
	at com.kms.katalon.core.util.KeywordUtil.markFailed(KeywordUtil.java:19)
	at logout.run(logout:32)
	at com.kms.katalon.core.main.ScriptEngine.run(ScriptEngine.java:194)
	at com.kms.katalon.core.main.ScriptEngine.runScriptAsRawText(ScriptEngine.java:119)
	at com.kms.katalon.core.main.TestCaseExecutor.runScript(TestCaseExecutor.java:448)
	at com.kms.katalon.core.main.TestCaseExecutor.doExecute(TestCaseExecutor.java:439)
	at com.kms.katalon.core.main.TestCaseExecutor.processExecutionPhase(TestCaseExecutor.java:418)
	at com.kms.katalon.core.main.TestCaseExecutor.accessMainPhase(TestCaseExecutor.java:410)
	at com.kms.katalon.core.main.TestCaseExecutor.execute(TestCaseExecutor.java:285)
	at com.kms.katalon.core.common.CommonExecutor.accessTestCaseMainPhase(CommonExecutor.java:65)
	at com.kms.katalon.core.main.TestSuiteExecutor.accessTestSuiteMainPhase(TestSuiteExecutor.java:150)
	at com.kms.katalon.core.main.TestSuiteExecutor.execute(TestSuiteExecutor.java:106)
	at com.kms.katalon.core.main.TestCaseMain.startTestSuite(TestCaseMain.java:180)
	at TempTestSuite1719146689802.run(TempTestSuite1719146689802.groovy:35)
	at java.base/jdk.internal.reflect.NativeMethodAccessorImpl.invoke0(Native Method)
	at java.base/jdk.internal.reflect.NativeMethodAccessorImpl.invoke(NativeMethodAccessorImpl.java:77)
	at java.base/jdk.internal.reflect.DelegatingMethodAccessorImpl.invoke(DelegatingMethodAccessorImpl.java:43)]]></system-err>
      </testcase>
      <testcase name="Test Cases/admin/quiz_management/logout" time="12.278" classname="Test Cases/admin/quiz_management/logout" status="FAILED">
         <failure type="FAILED" message="Test Cases/admin/quiz_management/logout FAILED.&#xa;Reason:&#xa;com.kms.katalon.core.exception.StepFailedException: An error occurred: Actual text 'http://localhost/SAD/ArtLens/index.php' and expected text 'http://localhost/SAD/ArtLens/admin.php' are not matched&#xa;	at com.kms.katalon.core.util.KeywordUtil.markFailed(KeywordUtil.java:19)&#xa;	at logout.run(logout:36)&#xa;	at com.kms.katalon.core.main.ScriptEngine.run(ScriptEngine.java:194)&#xa;	at com.kms.katalon.core.main.ScriptEngine.runScriptAsRawText(ScriptEngine.java:119)&#xa;	at com.kms.katalon.core.main.TestCaseExecutor.runScript(TestCaseExecutor.java:448)&#xa;	at com.kms.katalon.core.main.TestCaseExecutor.doExecute(TestCaseExecutor.java:439)&#xa;	at com.kms.katalon.core.main.TestCaseExecutor.processExecutionPhase(TestCaseExecutor.java:418)&#xa;	at com.kms.katalon.core.main.TestCaseExecutor.accessMainPhase(TestCaseExecutor.java:410)&#xa;	at com.kms.katalon.core.main.TestCaseExecutor.execute(TestCaseExecutor.java:285)&#xa;	at com.kms.katalon.core.common.CommonExecutor.accessTestCaseMainPhase(CommonExecutor.java:65)&#xa;	at com.kms.katalon.core.main.TestSuiteExecutor.accessTestSuiteMainPhase(TestSuiteExecutor.java:150)&#xa;	at com.kms.katalon.core.main.TestSuiteExecutor.execute(TestSuiteExecutor.java:106)&#xa;	at com.kms.katalon.core.main.TestCaseMain.startTestSuite(TestCaseMain.java:180)&#xa;	at TempTestSuite1719146689802.run(TempTestSuite1719146689802.groovy:35)&#xa;	at java.base/jdk.internal.reflect.NativeMethodAccessorImpl.invoke0(Native Method)&#xa;	at java.base/jdk.internal.reflect.NativeMethodAccessorImpl.invoke(NativeMethodAccessorImpl.java:77)&#xa;	at java.base/jdk.internal.reflect.DelegatingMethodAccessorImpl.invoke(DelegatingMethodAccessorImpl.java:43)&#xa;"/>
         <system-out><![CDATA[23-06-2024T20:46:42 - [TEST_CASE][FAILED] - Test Cases/admin/quiz_management/logout: Test Cases/admin/quiz_management/logout FAILED.
Reason:
com.kms.katalon.core.exception.StepFailedException: An error occurred: Actual text 'http://localhost/SAD/ArtLens/index.php' and expected text 'http://localhost/SAD/ArtLens/admin.php' are not matched
	at com.kms.katalon.core.util.KeywordUtil.markFailed(KeywordUtil.java:19)
	at logout.run(logout:36)
	at com.kms.katalon.core.main.ScriptEngine.run(ScriptEngine.java:194)
	at com.kms.katalon.core.main.ScriptEngine.runScriptAsRawText(ScriptEngine.java:119)
	at com.kms.katalon.core.main.TestCaseExecutor.runScript(TestCaseExecutor.java:448)
	at com.kms.katalon.core.main.TestCaseExecutor.doExecute(TestCaseExecutor.java:439)
	at com.kms.katalon.core.main.TestCaseExecutor.processExecutionPhase(TestCaseExecutor.java:418)
	at com.kms.katalon.core.main.TestCaseExecutor.accessMainPhase(TestCaseExecutor.java:410)
	at com.kms.katalon.core.main.TestCaseExecutor.execute(TestCaseExecutor.java:285)
	at com.kms.katalon.core.common.CommonExecutor.accessTestCaseMainPhase(CommonExecutor.java:65)
	at com.kms.katalon.core.main.TestSuiteExecutor.accessTestSuiteMainPhase(TestSuiteExecutor.java:150)
	at com.kms.katalon.core.main.TestSuiteExecutor.execute(TestSuiteExecutor.java:106)
	at com.kms.katalon.core.main.TestCaseMain.startTestSuite(TestCaseMain.java:180)
	at TempTestSuite1719146689802.run(TempTestSuite1719146689802.groovy:35)
	at java.base/jdk.internal.reflect.NativeMethodAccessorImpl.invoke0(Native Method)
	at java.base/jdk.internal.reflect.NativeMethodAccessorImpl.invoke(NativeMethodAccessorImpl.java:77)
	at java.base/jdk.internal.reflect.DelegatingMethodAccessorImpl.invoke(DelegatingMethodAccessorImpl.java:43)


23-06-2024T20:46:43 - [TEST_STEP][PASSED] - Start listener action : sampleBeforeTestCase: Browser is opened with url: ''

23-06-2024T20:46:43 - [TEST_STEP][PASSED] - println(testCaseContext.getTestCaseId()): null

23-06-2024T20:46:43 - [TEST_STEP][PASSED] - openBrowser(""): Browser is opened with url: ''

23-06-2024T20:46:43 - [MESSAGE][WARNING] - A browser is already opened. Closing browser and opening a new one

23-06-2024T20:46:45 - [MESSAGE][INFO] - Starting 'Firefox (headless)' driver

23-06-2024T20:46:45 - [MESSAGE][INFO] - Action delay is set to 0 milliseconds

23-06-2024T20:46:50 - [MESSAGE][PASSED] - Browser is opened with url: ''

23-06-2024T20:46:50 - [TEST_STEP][FAILED] - try: Unable to verify match between actual text 'http://localhost/SAD/ArtLens/index.php' and expected text 'http://localhost/SAD/ArtLens/admin.php' (Root cause: com.kms.katalon.core.exception.StepFailedException: Actual text 'http://localhost/SAD/ArtLens/index.php' and expected text 'http://localhost/SAD/ArtLens/admin.php' are not matched
	at com.kms.katalon.core.keyword.builtin.VerifyMatchKeyword$_verifyMatch_closure1.doCall(VerifyMatchKeyword.groovy:57)
	at com.kms.katalon.core.keyword.builtin.VerifyMatchKeyword$_verifyMatch_closure1.call(VerifyMatchKeyword.groovy)
	at com.kms.katalon.core.keyword.internal.KeywordMain.runKeyword(KeywordMain.groovy:75)
	at com.kms.katalon.core.keyword.builtin.VerifyMatchKeyword.verifyMatch(VerifyMatchKeyword.groovy:60)
	at com.kms.katalon.core.keyword.builtin.VerifyMatchKeyword.execute(VerifyMatchKeyword.groovy:45)
	at com.kms.katalon.core.keyword.internal.KeywordExecutor.executeKeywordForPlatform(KeywordExecutor.groovy:74)
	at com.kms.katalon.core.keyword.BuiltinKeywords.verifyMatch(BuiltinKeywords.groovy:78)
	at java.base/jdk.internal.reflect.NativeMethodAccessorImpl.invoke0(Native Method)
	at java.base/jdk.internal.reflect.NativeMethodAccessorImpl.invoke(NativeMethodAccessorImpl.java:77)
	at java.base/jdk.internal.reflect.DelegatingMethodAccessorImpl.invoke(DelegatingMethodAccessorImpl.java:43)
	at com.artlens.utils.AdminUtils.adminLogout(AdminUtils.groovy:78)
	at logout.run(logout:30)
	at com.kms.katalon.core.main.ScriptEngine.run(ScriptEngine.java:194)
	at com.kms.katalon.core.main.ScriptEngine.runScriptAsRawText(ScriptEngine.java:119)
	at com.kms.katalon.core.main.TestCaseExecutor.runScript(TestCaseExecutor.java:448)
	at com.kms.katalon.core.main.TestCaseExecutor.doExecute(TestCaseExecutor.java:439)
	at com.kms.katalon.core.main.TestCaseExecutor.processExecutionPhase(TestCaseExecutor.java:418)
	at com.kms.katalon.core.main.TestCaseExecutor.accessMainPhase(TestCaseExecutor.java:410)
	at com.kms.katalon.core.main.TestCaseExecutor.execute(TestCaseExecutor.java:285)
	at com.kms.katalon.core.common.CommonExecutor.accessTestCaseMainPhase(CommonExecutor.java:65)
	at com.kms.katalon.core.main.TestSuiteExecutor.accessTestSuiteMainPhase(TestSuiteExecutor.java:150)
	at com.kms.katalon.core.main.TestSuiteExecutor.execute(TestSuiteExecutor.java:106)
	at com.kms.katalon.core.main.TestCaseMain.startTestSuite(TestCaseMain.java:180)
	at TempTestSuite1719146689802.run(TempTestSuite1719146689802.groovy:35)
	at java.base/jdk.internal.reflect.NativeMethodAccessorImpl.invoke0(Native Method)
	at java.base/jdk.internal.reflect.NativeMethodAccessorImpl.invoke(NativeMethodAccessorImpl.java:77)
	at java.base/jdk.internal.reflect.DelegatingMethodAccessorImpl.invoke(DelegatingMethodAccessorImpl.java:43)
)

23-06-2024T20:46:50 - [TEST_STEP][PASSED] - callTestCase(findTestCase("Common_TestCases/admin_login_all_valid"), [:], STOP_ON_FAILURE): Call Test Case 'Test Cases/Common_TestCases/admin_login_all_valid' successfully

23-06-2024T20:46:51 - [TEST_CASE][PASSED] - Test Cases/Common_TestCases/admin_login_all_valid: Test Cases/Common_TestCases/admin_login_all_valid

23-06-2024T20:46:51 - [TEST_STEP][PASSED] - try: The URL is correct: http://localhost/SAD/ArtLens/adminindex.php

23-06-2024T20:46:51 - [TEST_STEP][PASSED] - userIndex = userIndex: null

23-06-2024T20:46:51 - [TEST_STEP][PASSED] - callTestCase(findTestCase("admin/landing_page/header_bar_visible"), [:], STOP_ON_FAILURE): Call Test Case 'Test Cases/admin/landing_page/header_bar_visible' successfully

23-06-2024T20:46:51 - [TEST_CASE][PASSED] - Test Cases/admin/landing_page/header_bar_visible: Test Cases/admin/landing_page/header_bar_visible

23-06-2024T20:46:51 - [TEST_STEP][PASSED] - callTestCase(findTestCase("admin/landing_page/page_acessible"), [:], STOP_ON_FAILURE): Call Test Case 'Test Cases/admin/landing_page/page_acessible' successfully

23-06-2024T20:46:51 - [TEST_CASE][PASSED] - Test Cases/admin/landing_page/page_acessible: Test Cases/admin/landing_page/page_acessible

23-06-2024T20:46:51 - [TEST_STEP][PASSED] - AdminUtils.openWebPage("admin.php"): Navigate to 'http://localhost/SAD/ArtLens/admin.php' successfully

23-06-2024T20:46:51 - [MESSAGE][INFO] - HAR: C:\DevPackage\xampp\htdocs\SAD\ArtLens\Reports\20240623_204104\Test_Admin_Logout\20240623_204449\requests\main\5.har

23-06-2024T20:46:51 - [MESSAGE][PASSED] - Send request successfully

23-06-2024T20:46:51 - [MESSAGE][PASSED] - All links are accessible

23-06-2024T20:46:51 - [MESSAGE][PASSED] - Navigate to 'http://localhost/SAD/ArtLens/admin.php' successfully

23-06-2024T20:46:51 - [MESSAGE][PASSED] - Call Test Case 'Test Cases/admin/landing_page/page_acessible' successfully

23-06-2024T20:46:51 - [TEST_STEP][PASSED] - verifyElementPresent(findTestObject("admin/landing_page/nav_ArtLens            Admin Login"), 0): Object 'Object Repository/admin/landing_page/nav_ArtLens            Admin Login' is present

23-06-2024T20:46:52 - [MESSAGE][WARNING] - Timeout '0' is invalid. Using default page load timeout: '30'

23-06-2024T20:46:52 - [MESSAGE][PASSED] - Object 'Object Repository/admin/landing_page/nav_ArtLens            Admin Login' is present

23-06-2024T20:46:52 - [TEST_STEP][PASSED] - verifyElementVisible(findTestObject("admin/landing_page/nav_ArtLens            Admin Login")): Object 'Object Repository/admin/landing_page/nav_ArtLens            Admin Login' is visible

23-06-2024T20:46:52 - [MESSAGE][PASSED] - Object 'Object Repository/admin/landing_page/nav_ArtLens            Admin Login' is visible

23-06-2024T20:46:52 - [MESSAGE][PASSED] - Call Test Case 'Test Cases/admin/landing_page/header_bar_visible' successfully

23-06-2024T20:46:52 - [TEST_STEP][PASSED] - AdminUtils.adminLogin(ValidUsernameCredentials[userIndex], ValidPasswordCredentials[userIndex]): Object: 'Object Repository/admin/landing_page/button_Login' is clicked on

23-06-2024T20:46:52 - [MESSAGE][WARNING] - Timeout '0' is invalid. Using default page load timeout: '30'

23-06-2024T20:46:52 - [MESSAGE][PASSED] - Object 'Object Repository/admin/landing_page/a_Admin Login' is present

23-06-2024T20:46:52 - [MESSAGE][PASSED] - Object 'Object Repository/admin/landing_page/a_Admin Login' is visible

23-06-2024T20:46:53 - [MESSAGE][PASSED] - Object: 'Object Repository/admin/landing_page/a_Admin Login' is clicked on

23-06-2024T20:46:53 - [MESSAGE][PASSED] - Text 'admin@gmail.com' is set on object 'Object Repository/admin/landing_page/input_ARTLENS_uname'

23-06-2024T20:46:53 - [MESSAGE][PASSED] - Object: 'Object Repository/admin/landing_page/button_Show' is clicked on

23-06-2024T20:46:54 - [MESSAGE][PASSED] - Text '@Helloword' is set on object 'Object Repository/admin/landing_page/input_ARTLENS_pass_1'

23-06-2024T20:46:54 - [MESSAGE][WARNING] - Timeout '0' is invalid. Using default page load timeout: '30'

23-06-2024T20:46:54 - [MESSAGE][PASSED] - Object 'Object Repository/admin/landing_page/button_Login' is present

23-06-2024T20:46:54 - [MESSAGE][PASSED] - Object 'Object Repository/admin/landing_page/button_Login' is visible

23-06-2024T20:46:54 - [MESSAGE][PASSED] - Object: 'Object Repository/admin/landing_page/button_Login' is clicked on

23-06-2024T20:46:54 - [TEST_STEP][PASSED] - currentUrl = getUrl(): Current window's url is: 'http://localhost/SAD/ArtLens/adminindex.php'

23-06-2024T20:46:54 - [MESSAGE][PASSED] - Current window's url is: 'http://localhost/SAD/ArtLens/adminindex.php'

23-06-2024T20:46:54 - [TEST_STEP][PASSED] - expectedUrl = $GlobalVariable.appBaseLinkadminindex.php: null

23-06-2024T20:46:54 - [TEST_STEP][PASSED] - isUrlCorrect = verifyMatch(currentUrl, expectedUrl, false): Actual text 'http://localhost/SAD/ArtLens/adminindex.php' and expected text 'http://localhost/SAD/ArtLens/adminindex.php' are matched 

23-06-2024T20:46:54 - [MESSAGE][PASSED] - Actual text 'http://localhost/SAD/ArtLens/adminindex.php' and expected text 'http://localhost/SAD/ArtLens/adminindex.php' are matched 

23-06-2024T20:46:54 - [TEST_STEP][PASSED] - if (isUrlCorrect): The URL is correct: http://localhost/SAD/ArtLens/adminindex.php

23-06-2024T20:46:54 - [TEST_STEP][PASSED] - markPassed("The URL is correct: " + currentUrl): The URL is correct: http://localhost/SAD/ArtLens/adminindex.php

23-06-2024T20:46:54 - [MESSAGE][PASSED] - The URL is correct: http://localhost/SAD/ArtLens/adminindex.php

23-06-2024T20:46:54 - [TEST_STEP][PASSED] - Finally: null

23-06-2024T20:46:54 - [MESSAGE][PASSED] - Call Test Case 'Test Cases/Common_TestCases/admin_login_all_valid' successfully

23-06-2024T20:46:54 - [TEST_STEP][PASSED] - verifyElementPresent(findTestObject("Object Repository/admin/components/side_nav_drawer/a_Quiz"), 0): Object 'Object Repository/admin/components/side_nav_drawer/a_Quiz' is present

23-06-2024T20:46:54 - [MESSAGE][WARNING] - Timeout '0' is invalid. Using default page load timeout: '30'

23-06-2024T20:46:54 - [MESSAGE][PASSED] - Object 'Object Repository/admin/components/side_nav_drawer/a_Quiz' is present

23-06-2024T20:46:54 - [TEST_STEP][PASSED] - verifyElementVisible(findTestObject("Object Repository/admin/components/side_nav_drawer/a_Quiz"), STOP_ON_FAILURE): Object 'Object Repository/admin/components/side_nav_drawer/a_Quiz' is visible

23-06-2024T20:46:54 - [MESSAGE][PASSED] - Object 'Object Repository/admin/components/side_nav_drawer/a_Quiz' is visible

23-06-2024T20:46:54 - [TEST_STEP][PASSED] - click(findTestObject("Object Repository/admin/components/side_nav_drawer/a_Quiz")): Object: 'Object Repository/admin/components/side_nav_drawer/a_Quiz' is clicked on

23-06-2024T20:46:55 - [MESSAGE][PASSED] - Object: 'Object Repository/admin/components/side_nav_drawer/a_Quiz' is clicked on

23-06-2024T20:46:55 - [TEST_STEP][FAILED] - AdminUtils.adminLogout(): Unable to verify match between actual text 'http://localhost/SAD/ArtLens/index.php' and expected text 'http://localhost/SAD/ArtLens/admin.php' (Root cause: com.kms.katalon.core.exception.StepFailedException: Actual text 'http://localhost/SAD/ArtLens/index.php' and expected text 'http://localhost/SAD/ArtLens/admin.php' are not matched
	at com.kms.katalon.core.keyword.builtin.VerifyMatchKeyword$_verifyMatch_closure1.doCall(VerifyMatchKeyword.groovy:57)
	at com.kms.katalon.core.keyword.builtin.VerifyMatchKeyword$_verifyMatch_closure1.call(VerifyMatchKeyword.groovy)
	at com.kms.katalon.core.keyword.internal.KeywordMain.runKeyword(KeywordMain.groovy:75)
	at com.kms.katalon.core.keyword.builtin.VerifyMatchKeyword.verifyMatch(VerifyMatchKeyword.groovy:60)
	at com.kms.katalon.core.keyword.builtin.VerifyMatchKeyword.execute(VerifyMatchKeyword.groovy:45)
	at com.kms.katalon.core.keyword.internal.KeywordExecutor.executeKeywordForPlatform(KeywordExecutor.groovy:74)
	at com.kms.katalon.core.keyword.BuiltinKeywords.verifyMatch(BuiltinKeywords.groovy:78)
	at java.base/jdk.internal.reflect.NativeMethodAccessorImpl.invoke0(Native Method)
	at java.base/jdk.internal.reflect.NativeMethodAccessorImpl.invoke(NativeMethodAccessorImpl.java:77)
	at java.base/jdk.internal.reflect.DelegatingMethodAccessorImpl.invoke(DelegatingMethodAccessorImpl.java:43)
	at com.artlens.utils.AdminUtils.adminLogout(AdminUtils.groovy:78)
	at logout.run(logout:30)
	at com.kms.katalon.core.main.ScriptEngine.run(ScriptEngine.java:194)
	at com.kms.katalon.core.main.ScriptEngine.runScriptAsRawText(ScriptEngine.java:119)
	at com.kms.katalon.core.main.TestCaseExecutor.runScript(TestCaseExecutor.java:448)
	at com.kms.katalon.core.main.TestCaseExecutor.doExecute(TestCaseExecutor.java:439)
	at com.kms.katalon.core.main.TestCaseExecutor.processExecutionPhase(TestCaseExecutor.java:418)
	at com.kms.katalon.core.main.TestCaseExecutor.accessMainPhase(TestCaseExecutor.java:410)
	at com.kms.katalon.core.main.TestCaseExecutor.execute(TestCaseExecutor.java:285)
	at com.kms.katalon.core.common.CommonExecutor.accessTestCaseMainPhase(CommonExecutor.java:65)
	at com.kms.katalon.core.main.TestSuiteExecutor.accessTestSuiteMainPhase(TestSuiteExecutor.java:150)
	at com.kms.katalon.core.main.TestSuiteExecutor.execute(TestSuiteExecutor.java:106)
	at com.kms.katalon.core.main.TestCaseMain.startTestSuite(TestCaseMain.java:180)
	at TempTestSuite1719146689802.run(TempTestSuite1719146689802.groovy:35)
	at java.base/jdk.internal.reflect.NativeMethodAccessorImpl.invoke0(Native Method)
	at java.base/jdk.internal.reflect.NativeMethodAccessorImpl.invoke(NativeMethodAccessorImpl.java:77)
	at java.base/jdk.internal.reflect.DelegatingMethodAccessorImpl.invoke(DelegatingMethodAccessorImpl.java:43)
)

23-06-2024T20:46:55 - [MESSAGE][PASSED] - Object: 'Object Repository/admin/components/side_nav_drawer/a_Logout' is clicked on

23-06-2024T20:46:55 - [MESSAGE][PASSED] - Current window's url is: 'http://localhost/SAD/ArtLens/index.php'

23-06-2024T20:46:55 - [MESSAGE][FAILED] - Unable to verify match between actual text 'http://localhost/SAD/ArtLens/index.php' and expected text 'http://localhost/SAD/ArtLens/admin.php' (Root cause: com.kms.katalon.core.exception.StepFailedException: Actual text 'http://localhost/SAD/ArtLens/index.php' and expected text 'http://localhost/SAD/ArtLens/admin.php' are not matched
	at com.kms.katalon.core.keyword.builtin.VerifyMatchKeyword$_verifyMatch_closure1.doCall(VerifyMatchKeyword.groovy:57)
	at com.kms.katalon.core.keyword.builtin.VerifyMatchKeyword$_verifyMatch_closure1.call(VerifyMatchKeyword.groovy)
	at com.kms.katalon.core.keyword.internal.KeywordMain.runKeyword(KeywordMain.groovy:75)
	at com.kms.katalon.core.keyword.builtin.VerifyMatchKeyword.verifyMatch(VerifyMatchKeyword.groovy:60)
	at com.kms.katalon.core.keyword.builtin.VerifyMatchKeyword.execute(VerifyMatchKeyword.groovy:45)
	at com.kms.katalon.core.keyword.internal.KeywordExecutor.executeKeywordForPlatform(KeywordExecutor.groovy:74)
	at com.kms.katalon.core.keyword.BuiltinKeywords.verifyMatch(BuiltinKeywords.groovy:78)
	at java.base/jdk.internal.reflect.NativeMethodAccessorImpl.invoke0(Native Method)
	at java.base/jdk.internal.reflect.NativeMethodAccessorImpl.invoke(NativeMethodAccessorImpl.java:77)
	at java.base/jdk.internal.reflect.DelegatingMethodAccessorImpl.invoke(DelegatingMethodAccessorImpl.java:43)
	at com.artlens.utils.AdminUtils.adminLogout(AdminUtils.groovy:78)
	at logout.run(logout:30)
	at com.kms.katalon.core.main.ScriptEngine.run(ScriptEngine.java:194)
	at com.kms.katalon.core.main.ScriptEngine.runScriptAsRawText(ScriptEngine.java:119)
	at com.kms.katalon.core.main.TestCaseExecutor.runScript(TestCaseExecutor.java:448)
	at com.kms.katalon.core.main.TestCaseExecutor.doExecute(TestCaseExecutor.java:439)
	at com.kms.katalon.core.main.TestCaseExecutor.processExecutionPhase(TestCaseExecutor.java:418)
	at com.kms.katalon.core.main.TestCaseExecutor.accessMainPhase(TestCaseExecutor.java:410)
	at com.kms.katalon.core.main.TestCaseExecutor.execute(TestCaseExecutor.java:285)
	at com.kms.katalon.core.common.CommonExecutor.accessTestCaseMainPhase(CommonExecutor.java:65)
	at com.kms.katalon.core.main.TestSuiteExecutor.accessTestSuiteMainPhase(TestSuiteExecutor.java:150)
	at com.kms.katalon.core.main.TestSuiteExecutor.execute(TestSuiteExecutor.java:106)
	at com.kms.katalon.core.main.TestCaseMain.startTestSuite(TestCaseMain.java:180)
	at TempTestSuite1719146689802.run(TempTestSuite1719146689802.groovy:35)
	at java.base/jdk.internal.reflect.NativeMethodAccessorImpl.invoke0(Native Method)
	at java.base/jdk.internal.reflect.NativeMethodAccessorImpl.invoke(NativeMethodAccessorImpl.java:77)
	at java.base/jdk.internal.reflect.DelegatingMethodAccessorImpl.invoke(DelegatingMethodAccessorImpl.java:43)
)

23-06-2024T20:46:55 - [TEST_STEP][FAILED] - catch (Exception e): An error occurred: Actual text 'http://localhost/SAD/ArtLens/index.php' and expected text 'http://localhost/SAD/ArtLens/admin.php' are not matched

23-06-2024T20:46:55 - [TEST_STEP][FAILED] - markFailed("An error occurred: " + message): An error occurred: Actual text 'http://localhost/SAD/ArtLens/index.php' and expected text 'http://localhost/SAD/ArtLens/admin.php' are not matched

23-06-2024T20:46:55 - [MESSAGE][FAILED] - An error occurred: Actual text 'http://localhost/SAD/ArtLens/index.php' and expected text 'http://localhost/SAD/ArtLens/admin.php' are not matched

23-06-2024T20:46:55 - [TEST_STEP][PASSED] - Finally: null

23-06-2024T20:46:55 - [TEST_STEP][PASSED] - Start listener action : sampleAfterTestCase: null]]></system-out>
         <system-err><![CDATA[23-06-2024T20:46:42 - [TEST_CASE][FAILED] - Test Cases/admin/quiz_management/logout: Test Cases/admin/quiz_management/logout FAILED.
Reason:
com.kms.katalon.core.exception.StepFailedException: An error occurred: Actual text 'http://localhost/SAD/ArtLens/index.php' and expected text 'http://localhost/SAD/ArtLens/admin.php' are not matched
	at com.kms.katalon.core.util.KeywordUtil.markFailed(KeywordUtil.java:19)
	at logout.run(logout:36)
	at com.kms.katalon.core.main.ScriptEngine.run(ScriptEngine.java:194)
	at com.kms.katalon.core.main.ScriptEngine.runScriptAsRawText(ScriptEngine.java:119)
	at com.kms.katalon.core.main.TestCaseExecutor.runScript(TestCaseExecutor.java:448)
	at com.kms.katalon.core.main.TestCaseExecutor.doExecute(TestCaseExecutor.java:439)
	at com.kms.katalon.core.main.TestCaseExecutor.processExecutionPhase(TestCaseExecutor.java:418)
	at com.kms.katalon.core.main.TestCaseExecutor.accessMainPhase(TestCaseExecutor.java:410)
	at com.kms.katalon.core.main.TestCaseExecutor.execute(TestCaseExecutor.java:285)
	at com.kms.katalon.core.common.CommonExecutor.accessTestCaseMainPhase(CommonExecutor.java:65)
	at com.kms.katalon.core.main.TestSuiteExecutor.accessTestSuiteMainPhase(TestSuiteExecutor.java:150)
	at com.kms.katalon.core.main.TestSuiteExecutor.execute(TestSuiteExecutor.java:106)
	at com.kms.katalon.core.main.TestCaseMain.startTestSuite(TestCaseMain.java:180)
	at TempTestSuite1719146689802.run(TempTestSuite1719146689802.groovy:35)
	at java.base/jdk.internal.reflect.NativeMethodAccessorImpl.invoke0(Native Method)
	at java.base/jdk.internal.reflect.NativeMethodAccessorImpl.invoke(NativeMethodAccessorImpl.java:77)
	at java.base/jdk.internal.reflect.DelegatingMethodAccessorImpl.invoke(DelegatingMethodAccessorImpl.java:43)]]></system-err>
      </testcase>
      <testcase name="Test Cases/admin/visitor_log_management/logout" time="15.274" classname="Test Cases/admin/visitor_log_management/logout" status="FAILED">
         <failure type="FAILED" message="Test Cases/admin/visitor_log_management/logout FAILED.&#xa;Reason:&#xa;com.kms.katalon.core.exception.StepFailedException: An error occurred: Actual text 'http://localhost/SAD/ArtLens/index.php' and expected text 'http://localhost/SAD/ArtLens/admin.php' are not matched&#xa;	at com.kms.katalon.core.util.KeywordUtil.markFailed(KeywordUtil.java:19)&#xa;	at logout.run(logout:36)&#xa;	at com.kms.katalon.core.main.ScriptEngine.run(ScriptEngine.java:194)&#xa;	at com.kms.katalon.core.main.ScriptEngine.runScriptAsRawText(ScriptEngine.java:119)&#xa;	at com.kms.katalon.core.main.TestCaseExecutor.runScript(TestCaseExecutor.java:448)&#xa;	at com.kms.katalon.core.main.TestCaseExecutor.doExecute(TestCaseExecutor.java:439)&#xa;	at com.kms.katalon.core.main.TestCaseExecutor.processExecutionPhase(TestCaseExecutor.java:418)&#xa;	at com.kms.katalon.core.main.TestCaseExecutor.accessMainPhase(TestCaseExecutor.java:410)&#xa;	at com.kms.katalon.core.main.TestCaseExecutor.execute(TestCaseExecutor.java:285)&#xa;	at com.kms.katalon.core.common.CommonExecutor.accessTestCaseMainPhase(CommonExecutor.java:65)&#xa;	at com.kms.katalon.core.main.TestSuiteExecutor.accessTestSuiteMainPhase(TestSuiteExecutor.java:150)&#xa;	at com.kms.katalon.core.main.TestSuiteExecutor.execute(TestSuiteExecutor.java:106)&#xa;	at com.kms.katalon.core.main.TestCaseMain.startTestSuite(TestCaseMain.java:180)&#xa;	at TempTestSuite1719146689802.run(TempTestSuite1719146689802.groovy:35)&#xa;	at java.base/jdk.internal.reflect.NativeMethodAccessorImpl.invoke0(Native Method)&#xa;	at java.base/jdk.internal.reflect.NativeMethodAccessorImpl.invoke(NativeMethodAccessorImpl.java:77)&#xa;	at java.base/jdk.internal.reflect.DelegatingMethodAccessorImpl.invoke(DelegatingMethodAccessorImpl.java:43)&#xa;"/>
         <system-out><![CDATA[23-06-2024T20:46:55 - [TEST_CASE][FAILED] - Test Cases/admin/visitor_log_management/logout: Test Cases/admin/visitor_log_management/logout FAILED.
Reason:
com.kms.katalon.core.exception.StepFailedException: An error occurred: Actual text 'http://localhost/SAD/ArtLens/index.php' and expected text 'http://localhost/SAD/ArtLens/admin.php' are not matched
	at com.kms.katalon.core.util.KeywordUtil.markFailed(KeywordUtil.java:19)
	at logout.run(logout:36)
	at com.kms.katalon.core.main.ScriptEngine.run(ScriptEngine.java:194)
	at com.kms.katalon.core.main.ScriptEngine.runScriptAsRawText(ScriptEngine.java:119)
	at com.kms.katalon.core.main.TestCaseExecutor.runScript(TestCaseExecutor.java:448)
	at com.kms.katalon.core.main.TestCaseExecutor.doExecute(TestCaseExecutor.java:439)
	at com.kms.katalon.core.main.TestCaseExecutor.processExecutionPhase(TestCaseExecutor.java:418)
	at com.kms.katalon.core.main.TestCaseExecutor.accessMainPhase(TestCaseExecutor.java:410)
	at com.kms.katalon.core.main.TestCaseExecutor.execute(TestCaseExecutor.java:285)
	at com.kms.katalon.core.common.CommonExecutor.accessTestCaseMainPhase(CommonExecutor.java:65)
	at com.kms.katalon.core.main.TestSuiteExecutor.accessTestSuiteMainPhase(TestSuiteExecutor.java:150)
	at com.kms.katalon.core.main.TestSuiteExecutor.execute(TestSuiteExecutor.java:106)
	at com.kms.katalon.core.main.TestCaseMain.startTestSuite(TestCaseMain.java:180)
	at TempTestSuite1719146689802.run(TempTestSuite1719146689802.groovy:35)
	at java.base/jdk.internal.reflect.NativeMethodAccessorImpl.invoke0(Native Method)
	at java.base/jdk.internal.reflect.NativeMethodAccessorImpl.invoke(NativeMethodAccessorImpl.java:77)
	at java.base/jdk.internal.reflect.DelegatingMethodAccessorImpl.invoke(DelegatingMethodAccessorImpl.java:43)


23-06-2024T20:46:55 - [TEST_STEP][PASSED] - Start listener action : sampleBeforeTestCase: Browser is opened with url: ''

23-06-2024T20:46:55 - [TEST_STEP][PASSED] - println(testCaseContext.getTestCaseId()): null

23-06-2024T20:46:55 - [TEST_STEP][PASSED] - openBrowser(""): Browser is opened with url: ''

23-06-2024T20:46:55 - [MESSAGE][WARNING] - A browser is already opened. Closing browser and opening a new one

23-06-2024T20:46:57 - [MESSAGE][INFO] - Starting 'Firefox (headless)' driver

23-06-2024T20:46:57 - [MESSAGE][INFO] - Action delay is set to 0 milliseconds

23-06-2024T20:47:02 - [MESSAGE][PASSED] - Browser is opened with url: ''

23-06-2024T20:47:04 - [TEST_STEP][FAILED] - try: Unable to verify match between actual text 'http://localhost/SAD/ArtLens/index.php' and expected text 'http://localhost/SAD/ArtLens/admin.php' (Root cause: com.kms.katalon.core.exception.StepFailedException: Actual text 'http://localhost/SAD/ArtLens/index.php' and expected text 'http://localhost/SAD/ArtLens/admin.php' are not matched
	at com.kms.katalon.core.keyword.builtin.VerifyMatchKeyword$_verifyMatch_closure1.doCall(VerifyMatchKeyword.groovy:57)
	at com.kms.katalon.core.keyword.builtin.VerifyMatchKeyword$_verifyMatch_closure1.call(VerifyMatchKeyword.groovy)
	at com.kms.katalon.core.keyword.internal.KeywordMain.runKeyword(KeywordMain.groovy:75)
	at com.kms.katalon.core.keyword.builtin.VerifyMatchKeyword.verifyMatch(VerifyMatchKeyword.groovy:60)
	at com.kms.katalon.core.keyword.builtin.VerifyMatchKeyword.execute(VerifyMatchKeyword.groovy:45)
	at com.kms.katalon.core.keyword.internal.KeywordExecutor.executeKeywordForPlatform(KeywordExecutor.groovy:74)
	at com.kms.katalon.core.keyword.BuiltinKeywords.verifyMatch(BuiltinKeywords.groovy:78)
	at java.base/jdk.internal.reflect.NativeMethodAccessorImpl.invoke0(Native Method)
	at java.base/jdk.internal.reflect.NativeMethodAccessorImpl.invoke(NativeMethodAccessorImpl.java:77)
	at java.base/jdk.internal.reflect.DelegatingMethodAccessorImpl.invoke(DelegatingMethodAccessorImpl.java:43)
	at com.artlens.utils.AdminUtils.adminLogout(AdminUtils.groovy:78)
	at logout.run(logout:30)
	at com.kms.katalon.core.main.ScriptEngine.run(ScriptEngine.java:194)
	at com.kms.katalon.core.main.ScriptEngine.runScriptAsRawText(ScriptEngine.java:119)
	at com.kms.katalon.core.main.TestCaseExecutor.runScript(TestCaseExecutor.java:448)
	at com.kms.katalon.core.main.TestCaseExecutor.doExecute(TestCaseExecutor.java:439)
	at com.kms.katalon.core.main.TestCaseExecutor.processExecutionPhase(TestCaseExecutor.java:418)
	at com.kms.katalon.core.main.TestCaseExecutor.accessMainPhase(TestCaseExecutor.java:410)
	at com.kms.katalon.core.main.TestCaseExecutor.execute(TestCaseExecutor.java:285)
	at com.kms.katalon.core.common.CommonExecutor.accessTestCaseMainPhase(CommonExecutor.java:65)
	at com.kms.katalon.core.main.TestSuiteExecutor.accessTestSuiteMainPhase(TestSuiteExecutor.java:150)
	at com.kms.katalon.core.main.TestSuiteExecutor.execute(TestSuiteExecutor.java:106)
	at com.kms.katalon.core.main.TestCaseMain.startTestSuite(TestCaseMain.java:180)
	at TempTestSuite1719146689802.run(TempTestSuite1719146689802.groovy:35)
	at java.base/jdk.internal.reflect.NativeMethodAccessorImpl.invoke0(Native Method)
	at java.base/jdk.internal.reflect.NativeMethodAccessorImpl.invoke(NativeMethodAccessorImpl.java:77)
	at java.base/jdk.internal.reflect.DelegatingMethodAccessorImpl.invoke(DelegatingMethodAccessorImpl.java:43)
)

23-06-2024T20:47:04 - [TEST_STEP][PASSED] - callTestCase(findTestCase("Common_TestCases/admin_login_all_valid"), [:], STOP_ON_FAILURE): Call Test Case 'Test Cases/Common_TestCases/admin_login_all_valid' successfully

23-06-2024T20:47:04 - [TEST_CASE][PASSED] - Test Cases/Common_TestCases/admin_login_all_valid: Test Cases/Common_TestCases/admin_login_all_valid

23-06-2024T20:47:04 - [TEST_STEP][PASSED] - try: The URL is correct: http://localhost/SAD/ArtLens/adminindex.php

23-06-2024T20:47:04 - [TEST_STEP][PASSED] - userIndex = userIndex: null

23-06-2024T20:47:04 - [TEST_STEP][PASSED] - callTestCase(findTestCase("admin/landing_page/header_bar_visible"), [:], STOP_ON_FAILURE): Call Test Case 'Test Cases/admin/landing_page/header_bar_visible' successfully

23-06-2024T20:47:04 - [TEST_CASE][PASSED] - Test Cases/admin/landing_page/header_bar_visible: Test Cases/admin/landing_page/header_bar_visible

23-06-2024T20:47:04 - [TEST_STEP][PASSED] - callTestCase(findTestCase("admin/landing_page/page_acessible"), [:], STOP_ON_FAILURE): Call Test Case 'Test Cases/admin/landing_page/page_acessible' successfully

23-06-2024T20:47:04 - [TEST_CASE][PASSED] - Test Cases/admin/landing_page/page_acessible: Test Cases/admin/landing_page/page_acessible

23-06-2024T20:47:04 - [TEST_STEP][PASSED] - AdminUtils.openWebPage("admin.php"): Navigate to 'http://localhost/SAD/ArtLens/admin.php' successfully

23-06-2024T20:47:04 - [MESSAGE][INFO] - HAR: C:\DevPackage\xampp\htdocs\SAD\ArtLens\Reports\20240623_204104\Test_Admin_Logout\20240623_204449\requests\main\6.har

23-06-2024T20:47:04 - [MESSAGE][PASSED] - Send request successfully

23-06-2024T20:47:04 - [MESSAGE][PASSED] - All links are accessible

23-06-2024T20:47:05 - [MESSAGE][PASSED] - Navigate to 'http://localhost/SAD/ArtLens/admin.php' successfully

23-06-2024T20:47:05 - [MESSAGE][PASSED] - Call Test Case 'Test Cases/admin/landing_page/page_acessible' successfully

23-06-2024T20:47:05 - [TEST_STEP][PASSED] - verifyElementPresent(findTestObject("admin/landing_page/nav_ArtLens            Admin Login"), 0): Object 'Object Repository/admin/landing_page/nav_ArtLens            Admin Login' is present

23-06-2024T20:47:05 - [MESSAGE][WARNING] - Timeout '0' is invalid. Using default page load timeout: '30'

23-06-2024T20:47:05 - [MESSAGE][PASSED] - Object 'Object Repository/admin/landing_page/nav_ArtLens            Admin Login' is present

23-06-2024T20:47:05 - [TEST_STEP][PASSED] - verifyElementVisible(findTestObject("admin/landing_page/nav_ArtLens            Admin Login")): Object 'Object Repository/admin/landing_page/nav_ArtLens            Admin Login' is visible

23-06-2024T20:47:05 - [MESSAGE][PASSED] - Object 'Object Repository/admin/landing_page/nav_ArtLens            Admin Login' is visible

23-06-2024T20:47:05 - [MESSAGE][PASSED] - Call Test Case 'Test Cases/admin/landing_page/header_bar_visible' successfully

23-06-2024T20:47:05 - [TEST_STEP][PASSED] - AdminUtils.adminLogin(ValidUsernameCredentials[userIndex], ValidPasswordCredentials[userIndex]): Object: 'Object Repository/admin/landing_page/button_Login' is clicked on

23-06-2024T20:47:05 - [MESSAGE][WARNING] - Timeout '0' is invalid. Using default page load timeout: '30'

23-06-2024T20:47:05 - [MESSAGE][PASSED] - Object 'Object Repository/admin/landing_page/a_Admin Login' is present

23-06-2024T20:47:05 - [MESSAGE][PASSED] - Object 'Object Repository/admin/landing_page/a_Admin Login' is visible

23-06-2024T20:47:07 - [MESSAGE][PASSED] - Object: 'Object Repository/admin/landing_page/a_Admin Login' is clicked on

23-06-2024T20:47:07 - [MESSAGE][PASSED] - Text 'admin@gmail.com' is set on object 'Object Repository/admin/landing_page/input_ARTLENS_uname'

23-06-2024T20:47:07 - [MESSAGE][PASSED] - Object: 'Object Repository/admin/landing_page/button_Show' is clicked on

23-06-2024T20:47:07 - [MESSAGE][PASSED] - Text '@Helloword' is set on object 'Object Repository/admin/landing_page/input_ARTLENS_pass_1'

23-06-2024T20:47:07 - [MESSAGE][WARNING] - Timeout '0' is invalid. Using default page load timeout: '30'

23-06-2024T20:47:07 - [MESSAGE][PASSED] - Object 'Object Repository/admin/landing_page/button_Login' is present

23-06-2024T20:47:07 - [MESSAGE][PASSED] - Object 'Object Repository/admin/landing_page/button_Login' is visible

23-06-2024T20:47:09 - [MESSAGE][PASSED] - Object: 'Object Repository/admin/landing_page/button_Login' is clicked on

23-06-2024T20:47:09 - [TEST_STEP][PASSED] - currentUrl = getUrl(): Current window's url is: 'http://localhost/SAD/ArtLens/adminindex.php'

23-06-2024T20:47:09 - [MESSAGE][PASSED] - Current window's url is: 'http://localhost/SAD/ArtLens/adminindex.php'

23-06-2024T20:47:09 - [TEST_STEP][PASSED] - expectedUrl = $GlobalVariable.appBaseLinkadminindex.php: null

23-06-2024T20:47:09 - [TEST_STEP][PASSED] - isUrlCorrect = verifyMatch(currentUrl, expectedUrl, false): Actual text 'http://localhost/SAD/ArtLens/adminindex.php' and expected text 'http://localhost/SAD/ArtLens/adminindex.php' are matched 

23-06-2024T20:47:09 - [MESSAGE][PASSED] - Actual text 'http://localhost/SAD/ArtLens/adminindex.php' and expected text 'http://localhost/SAD/ArtLens/adminindex.php' are matched 

23-06-2024T20:47:09 - [TEST_STEP][PASSED] - if (isUrlCorrect): The URL is correct: http://localhost/SAD/ArtLens/adminindex.php

23-06-2024T20:47:09 - [TEST_STEP][PASSED] - markPassed("The URL is correct: " + currentUrl): The URL is correct: http://localhost/SAD/ArtLens/adminindex.php

23-06-2024T20:47:09 - [MESSAGE][PASSED] - The URL is correct: http://localhost/SAD/ArtLens/adminindex.php

23-06-2024T20:47:09 - [TEST_STEP][PASSED] - Finally: null

23-06-2024T20:47:09 - [MESSAGE][PASSED] - Call Test Case 'Test Cases/Common_TestCases/admin_login_all_valid' successfully

23-06-2024T20:47:09 - [TEST_STEP][PASSED] - verifyElementPresent(findTestObject("Object Repository/admin/components/side_nav_drawer/a_Visitor Log"), 0): Object 'Object Repository/admin/components/side_nav_drawer/a_Visitor Log' is present

23-06-2024T20:47:09 - [MESSAGE][WARNING] - Timeout '0' is invalid. Using default page load timeout: '30'

23-06-2024T20:47:09 - [MESSAGE][PASSED] - Object 'Object Repository/admin/components/side_nav_drawer/a_Visitor Log' is present

23-06-2024T20:47:09 - [TEST_STEP][PASSED] - verifyElementVisible(findTestObject("Object Repository/admin/components/side_nav_drawer/a_Visitor Log"), STOP_ON_FAILURE): Object 'Object Repository/admin/components/side_nav_drawer/a_Visitor Log' is visible

23-06-2024T20:47:09 - [MESSAGE][PASSED] - Object 'Object Repository/admin/components/side_nav_drawer/a_Visitor Log' is visible

23-06-2024T20:47:09 - [TEST_STEP][PASSED] - click(findTestObject("Object Repository/admin/components/side_nav_drawer/a_Visitor Log")): Object: 'Object Repository/admin/components/side_nav_drawer/a_Visitor Log' is clicked on

23-06-2024T20:47:10 - [MESSAGE][PASSED] - Object: 'Object Repository/admin/components/side_nav_drawer/a_Visitor Log' is clicked on

23-06-2024T20:47:10 - [TEST_STEP][FAILED] - AdminUtils.adminLogout(): Unable to verify match between actual text 'http://localhost/SAD/ArtLens/index.php' and expected text 'http://localhost/SAD/ArtLens/admin.php' (Root cause: com.kms.katalon.core.exception.StepFailedException: Actual text 'http://localhost/SAD/ArtLens/index.php' and expected text 'http://localhost/SAD/ArtLens/admin.php' are not matched
	at com.kms.katalon.core.keyword.builtin.VerifyMatchKeyword$_verifyMatch_closure1.doCall(VerifyMatchKeyword.groovy:57)
	at com.kms.katalon.core.keyword.builtin.VerifyMatchKeyword$_verifyMatch_closure1.call(VerifyMatchKeyword.groovy)
	at com.kms.katalon.core.keyword.internal.KeywordMain.runKeyword(KeywordMain.groovy:75)
	at com.kms.katalon.core.keyword.builtin.VerifyMatchKeyword.verifyMatch(VerifyMatchKeyword.groovy:60)
	at com.kms.katalon.core.keyword.builtin.VerifyMatchKeyword.execute(VerifyMatchKeyword.groovy:45)
	at com.kms.katalon.core.keyword.internal.KeywordExecutor.executeKeywordForPlatform(KeywordExecutor.groovy:74)
	at com.kms.katalon.core.keyword.BuiltinKeywords.verifyMatch(BuiltinKeywords.groovy:78)
	at java.base/jdk.internal.reflect.NativeMethodAccessorImpl.invoke0(Native Method)
	at java.base/jdk.internal.reflect.NativeMethodAccessorImpl.invoke(NativeMethodAccessorImpl.java:77)
	at java.base/jdk.internal.reflect.DelegatingMethodAccessorImpl.invoke(DelegatingMethodAccessorImpl.java:43)
	at com.artlens.utils.AdminUtils.adminLogout(AdminUtils.groovy:78)
	at logout.run(logout:30)
	at com.kms.katalon.core.main.ScriptEngine.run(ScriptEngine.java:194)
	at com.kms.katalon.core.main.ScriptEngine.runScriptAsRawText(ScriptEngine.java:119)
	at com.kms.katalon.core.main.TestCaseExecutor.runScript(TestCaseExecutor.java:448)
	at com.kms.katalon.core.main.TestCaseExecutor.doExecute(TestCaseExecutor.java:439)
	at com.kms.katalon.core.main.TestCaseExecutor.processExecutionPhase(TestCaseExecutor.java:418)
	at com.kms.katalon.core.main.TestCaseExecutor.accessMainPhase(TestCaseExecutor.java:410)
	at com.kms.katalon.core.main.TestCaseExecutor.execute(TestCaseExecutor.java:285)
	at com.kms.katalon.core.common.CommonExecutor.accessTestCaseMainPhase(CommonExecutor.java:65)
	at com.kms.katalon.core.main.TestSuiteExecutor.accessTestSuiteMainPhase(TestSuiteExecutor.java:150)
	at com.kms.katalon.core.main.TestSuiteExecutor.execute(TestSuiteExecutor.java:106)
	at com.kms.katalon.core.main.TestCaseMain.startTestSuite(TestCaseMain.java:180)
	at TempTestSuite1719146689802.run(TempTestSuite1719146689802.groovy:35)
	at java.base/jdk.internal.reflect.NativeMethodAccessorImpl.invoke0(Native Method)
	at java.base/jdk.internal.reflect.NativeMethodAccessorImpl.invoke(NativeMethodAccessorImpl.java:77)
	at java.base/jdk.internal.reflect.DelegatingMethodAccessorImpl.invoke(DelegatingMethodAccessorImpl.java:43)
)

23-06-2024T20:47:10 - [MESSAGE][PASSED] - Object: 'Object Repository/admin/components/side_nav_drawer/a_Logout' is clicked on

23-06-2024T20:47:10 - [MESSAGE][PASSED] - Current window's url is: 'http://localhost/SAD/ArtLens/index.php'

23-06-2024T20:47:10 - [MESSAGE][FAILED] - Unable to verify match between actual text 'http://localhost/SAD/ArtLens/index.php' and expected text 'http://localhost/SAD/ArtLens/admin.php' (Root cause: com.kms.katalon.core.exception.StepFailedException: Actual text 'http://localhost/SAD/ArtLens/index.php' and expected text 'http://localhost/SAD/ArtLens/admin.php' are not matched
	at com.kms.katalon.core.keyword.builtin.VerifyMatchKeyword$_verifyMatch_closure1.doCall(VerifyMatchKeyword.groovy:57)
	at com.kms.katalon.core.keyword.builtin.VerifyMatchKeyword$_verifyMatch_closure1.call(VerifyMatchKeyword.groovy)
	at com.kms.katalon.core.keyword.internal.KeywordMain.runKeyword(KeywordMain.groovy:75)
	at com.kms.katalon.core.keyword.builtin.VerifyMatchKeyword.verifyMatch(VerifyMatchKeyword.groovy:60)
	at com.kms.katalon.core.keyword.builtin.VerifyMatchKeyword.execute(VerifyMatchKeyword.groovy:45)
	at com.kms.katalon.core.keyword.internal.KeywordExecutor.executeKeywordForPlatform(KeywordExecutor.groovy:74)
	at com.kms.katalon.core.keyword.BuiltinKeywords.verifyMatch(BuiltinKeywords.groovy:78)
	at java.base/jdk.internal.reflect.NativeMethodAccessorImpl.invoke0(Native Method)
	at java.base/jdk.internal.reflect.NativeMethodAccessorImpl.invoke(NativeMethodAccessorImpl.java:77)
	at java.base/jdk.internal.reflect.DelegatingMethodAccessorImpl.invoke(DelegatingMethodAccessorImpl.java:43)
	at com.artlens.utils.AdminUtils.adminLogout(AdminUtils.groovy:78)
	at logout.run(logout:30)
	at com.kms.katalon.core.main.ScriptEngine.run(ScriptEngine.java:194)
	at com.kms.katalon.core.main.ScriptEngine.runScriptAsRawText(ScriptEngine.java:119)
	at com.kms.katalon.core.main.TestCaseExecutor.runScript(TestCaseExecutor.java:448)
	at com.kms.katalon.core.main.TestCaseExecutor.doExecute(TestCaseExecutor.java:439)
	at com.kms.katalon.core.main.TestCaseExecutor.processExecutionPhase(TestCaseExecutor.java:418)
	at com.kms.katalon.core.main.TestCaseExecutor.accessMainPhase(TestCaseExecutor.java:410)
	at com.kms.katalon.core.main.TestCaseExecutor.execute(TestCaseExecutor.java:285)
	at com.kms.katalon.core.common.CommonExecutor.accessTestCaseMainPhase(CommonExecutor.java:65)
	at com.kms.katalon.core.main.TestSuiteExecutor.accessTestSuiteMainPhase(TestSuiteExecutor.java:150)
	at com.kms.katalon.core.main.TestSuiteExecutor.execute(TestSuiteExecutor.java:106)
	at com.kms.katalon.core.main.TestCaseMain.startTestSuite(TestCaseMain.java:180)
	at TempTestSuite1719146689802.run(TempTestSuite1719146689802.groovy:35)
	at java.base/jdk.internal.reflect.NativeMethodAccessorImpl.invoke0(Native Method)
	at java.base/jdk.internal.reflect.NativeMethodAccessorImpl.invoke(NativeMethodAccessorImpl.java:77)
	at java.base/jdk.internal.reflect.DelegatingMethodAccessorImpl.invoke(DelegatingMethodAccessorImpl.java:43)
)

23-06-2024T20:47:10 - [TEST_STEP][FAILED] - catch (Exception e): An error occurred: Actual text 'http://localhost/SAD/ArtLens/index.php' and expected text 'http://localhost/SAD/ArtLens/admin.php' are not matched

23-06-2024T20:47:10 - [TEST_STEP][FAILED] - markFailed("An error occurred: " + message): An error occurred: Actual text 'http://localhost/SAD/ArtLens/index.php' and expected text 'http://localhost/SAD/ArtLens/admin.php' are not matched

23-06-2024T20:47:10 - [MESSAGE][FAILED] - An error occurred: Actual text 'http://localhost/SAD/ArtLens/index.php' and expected text 'http://localhost/SAD/ArtLens/admin.php' are not matched

23-06-2024T20:47:10 - [TEST_STEP][PASSED] - Finally: null

23-06-2024T20:47:10 - [TEST_STEP][PASSED] - Start listener action : sampleAfterTestCase: null]]></system-out>
         <system-err><![CDATA[23-06-2024T20:46:55 - [TEST_CASE][FAILED] - Test Cases/admin/visitor_log_management/logout: Test Cases/admin/visitor_log_management/logout FAILED.
Reason:
com.kms.katalon.core.exception.StepFailedException: An error occurred: Actual text 'http://localhost/SAD/ArtLens/index.php' and expected text 'http://localhost/SAD/ArtLens/admin.php' are not matched
	at com.kms.katalon.core.util.KeywordUtil.markFailed(KeywordUtil.java:19)
	at logout.run(logout:36)
	at com.kms.katalon.core.main.ScriptEngine.run(ScriptEngine.java:194)
	at com.kms.katalon.core.main.ScriptEngine.runScriptAsRawText(ScriptEngine.java:119)
	at com.kms.katalon.core.main.TestCaseExecutor.runScript(TestCaseExecutor.java:448)
	at com.kms.katalon.core.main.TestCaseExecutor.doExecute(TestCaseExecutor.java:439)
	at com.kms.katalon.core.main.TestCaseExecutor.processExecutionPhase(TestCaseExecutor.java:418)
	at com.kms.katalon.core.main.TestCaseExecutor.accessMainPhase(TestCaseExecutor.java:410)
	at com.kms.katalon.core.main.TestCaseExecutor.execute(TestCaseExecutor.java:285)
	at com.kms.katalon.core.common.CommonExecutor.accessTestCaseMainPhase(CommonExecutor.java:65)
	at com.kms.katalon.core.main.TestSuiteExecutor.accessTestSuiteMainPhase(TestSuiteExecutor.java:150)
	at com.kms.katalon.core.main.TestSuiteExecutor.execute(TestSuiteExecutor.java:106)
	at com.kms.katalon.core.main.TestCaseMain.startTestSuite(TestCaseMain.java:180)
	at TempTestSuite1719146689802.run(TempTestSuite1719146689802.groovy:35)
	at java.base/jdk.internal.reflect.NativeMethodAccessorImpl.invoke0(Native Method)
	at java.base/jdk.internal.reflect.NativeMethodAccessorImpl.invoke(NativeMethodAccessorImpl.java:77)
	at java.base/jdk.internal.reflect.DelegatingMethodAccessorImpl.invoke(DelegatingMethodAccessorImpl.java:43)]]></system-err>
      </testcase>
      <system-out><![CDATA[23-06-2024T20:45:07 - [TEST_SUITE][FAILED] - Test_Admin_Logout: Test Cases/admin/account_management/logout FAILED.
Reason:
com.kms.katalon.core.exception.StepFailedException: An error occurred: Actual text 'http://localhost/SAD/ArtLens/index.php' and expected text 'http://localhost/SAD/ArtLens/admin.php' are not matched
	at com.kms.katalon.core.util.KeywordUtil.markFailed(KeywordUtil.java:19)
	at logout.run(logout:36)
	at com.kms.katalon.core.main.ScriptEngine.run(ScriptEngine.java:194)
	at com.kms.katalon.core.main.ScriptEngine.runScriptAsRawText(ScriptEngine.java:119)
	at com.kms.katalon.core.main.TestCaseExecutor.runScript(TestCaseExecutor.java:448)
	at com.kms.katalon.core.main.TestCaseExecutor.doExecute(TestCaseExecutor.java:439)
	at com.kms.katalon.core.main.TestCaseExecutor.processExecutionPhase(TestCaseExecutor.java:418)
	at com.kms.katalon.core.main.TestCaseExecutor.accessMainPhase(TestCaseExecutor.java:410)
	at com.kms.katalon.core.main.TestCaseExecutor.execute(TestCaseExecutor.java:285)
	at com.kms.katalon.core.common.CommonExecutor.accessTestCaseMainPhase(CommonExecutor.java:65)
	at com.kms.katalon.core.main.TestSuiteExecutor.accessTestSuiteMainPhase(TestSuiteExecutor.java:150)
	at com.kms.katalon.core.main.TestSuiteExecutor.execute(TestSuiteExecutor.java:106)
	at com.kms.katalon.core.main.TestCaseMain.startTestSuite(TestCaseMain.java:180)
	at TempTestSuite1719146689802.run(TempTestSuite1719146689802.groovy:35)
	at java.base/jdk.internal.reflect.NativeMethodAccessorImpl.invoke0(Native Method)
	at java.base/jdk.internal.reflect.NativeMethodAccessorImpl.invoke(NativeMethodAccessorImpl.java:77)
	at java.base/jdk.internal.reflect.DelegatingMethodAccessorImpl.invoke(DelegatingMethodAccessorImpl.java:43)]]></system-out>
      <system-err><![CDATA[23-06-2024T20:45:07 - [TEST_SUITE][FAILED] - Test_Admin_Logout: Test Cases/admin/account_management/logout FAILED.
Reason:
com.kms.katalon.core.exception.StepFailedException: An error occurred: Actual text 'http://localhost/SAD/ArtLens/index.php' and expected text 'http://localhost/SAD/ArtLens/admin.php' are not matched
	at com.kms.katalon.core.util.KeywordUtil.markFailed(KeywordUtil.java:19)
	at logout.run(logout:36)
	at com.kms.katalon.core.main.ScriptEngine.run(ScriptEngine.java:194)
	at com.kms.katalon.core.main.ScriptEngine.runScriptAsRawText(ScriptEngine.java:119)
	at com.kms.katalon.core.main.TestCaseExecutor.runScript(TestCaseExecutor.java:448)
	at com.kms.katalon.core.main.TestCaseExecutor.doExecute(TestCaseExecutor.java:439)
	at com.kms.katalon.core.main.TestCaseExecutor.processExecutionPhase(TestCaseExecutor.java:418)
	at com.kms.katalon.core.main.TestCaseExecutor.accessMainPhase(TestCaseExecutor.java:410)
	at com.kms.katalon.core.main.TestCaseExecutor.execute(TestCaseExecutor.java:285)
	at com.kms.katalon.core.common.CommonExecutor.accessTestCaseMainPhase(CommonExecutor.java:65)
	at com.kms.katalon.core.main.TestSuiteExecutor.accessTestSuiteMainPhase(TestSuiteExecutor.java:150)
	at com.kms.katalon.core.main.TestSuiteExecutor.execute(TestSuiteExecutor.java:106)
	at com.kms.katalon.core.main.TestCaseMain.startTestSuite(TestCaseMain.java:180)
	at TempTestSuite1719146689802.run(TempTestSuite1719146689802.groovy:35)
	at java.base/jdk.internal.reflect.NativeMethodAccessorImpl.invoke0(Native Method)
	at java.base/jdk.internal.reflect.NativeMethodAccessorImpl.invoke(NativeMethodAccessorImpl.java:77)
	at java.base/jdk.internal.reflect.DelegatingMethodAccessorImpl.invoke(DelegatingMethodAccessorImpl.java:43)]]></system-err>
   </testsuite>
   <testsuite name="Test_Admin_Login" tests="4" failures="4" errors="0" time="72.053" skipped="0" timestamp="23-06-2024T20:45:37" hostname="Summer - DESKTOP-KG5V3HF" id="Test Suites/Test_Admin_Login">
      <properties>
         <property name="deviceName" value=""/>
         <property name="devicePlatform"/>
         <property name="logFolder" value="C:\\DevPackage\\xampp\\htdocs\\SAD\\ArtLens\\Reports\\20240623_204104\\Test_Admin_Login\\20240623_204520"/>
         <property name="logFiles" value="C:\\DevPackage\\xampp\\htdocs\\SAD\\ArtLens\\Reports\\20240623_204104\\Test_Admin_Login\\20240623_204520\\execution0.log"/>
         <property name="attachments" value=""/>
         <property name="hostName" value="Summer - DESKTOP-KG5V3HF"/>
         <property name="os" value="Windows 10 64bit"/>
         <property name="katalonVersion" value="9.6.0.217"/>
         <property name="browser" value="Firefox 128.0"/>
         <property name="hostAddress" value="192.200.100.56"/>
         <property name="sessionId" value="bdc5cbcb-701b-4160-a34a-9b48aac2ed52"/>
         <property name="seleniumVersion" value="3.141.59"/>
         <property name="proxyInformation" value="ProxyInformation { proxyOption=NO_PROXY, proxyServerType=HTTP, username=, password=********, proxyServerAddress=, proxyServerPort=0, executionList=&quot;&quot;, isApplyToDesiredCapabilities=true }"/>
         <property name="platform" value="Windows 10"/>
      </properties>
      <testcase name="Test Cases/admin/landing_page/login_username_password_space_only" time="26.301" classname="Test Cases/admin/landing_page/login_username_password_space_only" status="FAILED">
         <failure type="FAILED" message="Test Cases/admin/landing_page/login_username_password_space_only FAILED.&#xa;Reason:&#xa;com.kms.katalon.core.exception.StepFailedException: Validation failed. Username has no invalid feedback: &#xa;	at com.kms.katalon.core.util.KeywordUtil.markFailed(KeywordUtil.java:19)&#xa;	at Script1718796904306$1.execute(Script1718796904306.groovy:39)&#xa;	at com.artlens.utils.AdminUtils.adminLogin(AdminUtils.groovy:60)&#xa;	at login_username_password_space_only.run(login_username_password_space_only:28)&#xa;	at com.kms.katalon.core.main.ScriptEngine.run(ScriptEngine.java:194)&#xa;	at com.kms.katalon.core.main.ScriptEngine.runScriptAsRawText(ScriptEngine.java:119)&#xa;	at com.kms.katalon.core.main.TestCaseExecutor.runScript(TestCaseExecutor.java:448)&#xa;	at com.kms.katalon.core.main.TestCaseExecutor.doExecute(TestCaseExecutor.java:439)&#xa;	at com.kms.katalon.core.main.TestCaseExecutor.processExecutionPhase(TestCaseExecutor.java:418)&#xa;	at com.kms.katalon.core.main.TestCaseExecutor.accessMainPhase(TestCaseExecutor.java:410)&#xa;	at com.kms.katalon.core.main.TestCaseExecutor.execute(TestCaseExecutor.java:285)&#xa;	at com.kms.katalon.core.common.CommonExecutor.accessTestCaseMainPhase(CommonExecutor.java:65)&#xa;	at com.kms.katalon.core.main.TestSuiteExecutor.accessTestSuiteMainPhase(TestSuiteExecutor.java:150)&#xa;	at com.kms.katalon.core.main.TestSuiteExecutor.execute(TestSuiteExecutor.java:106)&#xa;	at com.kms.katalon.core.main.TestCaseMain.startTestSuite(TestCaseMain.java:180)&#xa;	at TempTestSuite1719146720018.run(TempTestSuite1719146720018.groovy:35)&#xa;	at java.base/jdk.internal.reflect.NativeMethodAccessorImpl.invoke0(Native Method)&#xa;	at java.base/jdk.internal.reflect.NativeMethodAccessorImpl.invoke(NativeMethodAccessorImpl.java:77)&#xa;	at java.base/jdk.internal.reflect.DelegatingMethodAccessorImpl.invoke(DelegatingMethodAccessorImpl.java:43)&#xa;"/>
         <system-out><![CDATA[23-06-2024T20:45:37 - [TEST_CASE][FAILED] - Test Cases/admin/landing_page/login_username_password_space_only: Test Cases/admin/landing_page/login_username_password_space_only FAILED.
Reason:
com.kms.katalon.core.exception.StepFailedException: Validation failed. Username has no invalid feedback: 
	at com.kms.katalon.core.util.KeywordUtil.markFailed(KeywordUtil.java:19)
	at Script1718796904306$1.execute(Script1718796904306.groovy:39)
	at com.artlens.utils.AdminUtils.adminLogin(AdminUtils.groovy:60)
	at login_username_password_space_only.run(login_username_password_space_only:28)
	at com.kms.katalon.core.main.ScriptEngine.run(ScriptEngine.java:194)
	at com.kms.katalon.core.main.ScriptEngine.runScriptAsRawText(ScriptEngine.java:119)
	at com.kms.katalon.core.main.TestCaseExecutor.runScript(TestCaseExecutor.java:448)
	at com.kms.katalon.core.main.TestCaseExecutor.doExecute(TestCaseExecutor.java:439)
	at com.kms.katalon.core.main.TestCaseExecutor.processExecutionPhase(TestCaseExecutor.java:418)
	at com.kms.katalon.core.main.TestCaseExecutor.accessMainPhase(TestCaseExecutor.java:410)
	at com.kms.katalon.core.main.TestCaseExecutor.execute(TestCaseExecutor.java:285)
	at com.kms.katalon.core.common.CommonExecutor.accessTestCaseMainPhase(CommonExecutor.java:65)
	at com.kms.katalon.core.main.TestSuiteExecutor.accessTestSuiteMainPhase(TestSuiteExecutor.java:150)
	at com.kms.katalon.core.main.TestSuiteExecutor.execute(TestSuiteExecutor.java:106)
	at com.kms.katalon.core.main.TestCaseMain.startTestSuite(TestCaseMain.java:180)
	at TempTestSuite1719146720018.run(TempTestSuite1719146720018.groovy:35)
	at java.base/jdk.internal.reflect.NativeMethodAccessorImpl.invoke0(Native Method)
	at java.base/jdk.internal.reflect.NativeMethodAccessorImpl.invoke(NativeMethodAccessorImpl.java:77)
	at java.base/jdk.internal.reflect.DelegatingMethodAccessorImpl.invoke(DelegatingMethodAccessorImpl.java:43)


23-06-2024T20:45:38 - [TEST_STEP][PASSED] - Start listener action : sampleBeforeTestCase: Browser is opened with url: ''

23-06-2024T20:45:38 - [TEST_STEP][PASSED] - println(testCaseContext.getTestCaseId()): null

23-06-2024T20:45:38 - [TEST_STEP][PASSED] - openBrowser(""): Browser is opened with url: ''

23-06-2024T20:45:41 - [MESSAGE][INFO] - Starting 'Firefox (headless)' driver

23-06-2024T20:45:41 - [MESSAGE][INFO] - Action delay is set to 0 milliseconds

23-06-2024T20:45:50 - [MESSAGE][PASSED] - Browser is opened with url: ''

23-06-2024T20:45:51 - [TEST_STEP][PASSED] - try: Text '@Helloword' is set on object 'Object Repository/admin/landing_page/input_ARTLENS_pass_1'

23-06-2024T20:45:51 - [TEST_STEP][PASSED] - userIndex = userIndex: null

23-06-2024T20:45:51 - [TEST_STEP][PASSED] - callTestCase(findTestCase("admin/landing_page/header_bar_visible"), [:], STOP_ON_FAILURE): Call Test Case 'Test Cases/admin/landing_page/header_bar_visible' successfully

23-06-2024T20:45:52 - [TEST_CASE][PASSED] - Test Cases/admin/landing_page/header_bar_visible: Test Cases/admin/landing_page/header_bar_visible

23-06-2024T20:45:52 - [TEST_STEP][PASSED] - callTestCase(findTestCase("admin/landing_page/page_acessible"), [:], STOP_ON_FAILURE): Call Test Case 'Test Cases/admin/landing_page/page_acessible' successfully

23-06-2024T20:45:52 - [TEST_CASE][PASSED] - Test Cases/admin/landing_page/page_acessible: Test Cases/admin/landing_page/page_acessible

23-06-2024T20:45:52 - [TEST_STEP][PASSED] - AdminUtils.openWebPage("admin.php"): Navigate to 'http://localhost/SAD/ArtLens/admin.php' successfully

23-06-2024T20:45:57 - [MESSAGE][INFO] - HAR: C:\DevPackage\xampp\htdocs\SAD\ArtLens\Reports\20240623_204104\Test_Admin_Login\20240623_204520\requests\main\0.har

23-06-2024T20:45:57 - [MESSAGE][PASSED] - Send request successfully

23-06-2024T20:45:57 - [MESSAGE][PASSED] - All links are accessible

23-06-2024T20:45:59 - [MESSAGE][PASSED] - Navigate to 'http://localhost/SAD/ArtLens/admin.php' successfully

23-06-2024T20:45:59 - [MESSAGE][PASSED] - Call Test Case 'Test Cases/admin/landing_page/page_acessible' successfully

23-06-2024T20:45:59 - [TEST_STEP][PASSED] - verifyElementPresent(findTestObject("admin/landing_page/nav_ArtLens            Admin Login"), 0): Object 'Object Repository/admin/landing_page/nav_ArtLens            Admin Login' is present

23-06-2024T20:45:59 - [MESSAGE][WARNING] - Timeout '0' is invalid. Using default page load timeout: '30'

23-06-2024T20:45:59 - [MESSAGE][PASSED] - Object 'Object Repository/admin/landing_page/nav_ArtLens            Admin Login' is present

23-06-2024T20:45:59 - [TEST_STEP][PASSED] - verifyElementVisible(findTestObject("admin/landing_page/nav_ArtLens            Admin Login")): Object 'Object Repository/admin/landing_page/nav_ArtLens            Admin Login' is visible

23-06-2024T20:45:59 - [MESSAGE][PASSED] - Object 'Object Repository/admin/landing_page/nav_ArtLens            Admin Login' is visible

23-06-2024T20:45:59 - [MESSAGE][PASSED] - Call Test Case 'Test Cases/admin/landing_page/header_bar_visible' successfully

23-06-2024T20:45:59 - [TEST_STEP][PASSED] - AdminUtils.adminLogin(" ", ValidPasswordCredentials[userIndex], new Script1718796904306$1(this)): Text '@Helloword' is set on object 'Object Repository/admin/landing_page/input_ARTLENS_pass_1'

23-06-2024T20:45:59 - [MESSAGE][WARNING] - Timeout '0' is invalid. Using default page load timeout: '30'

23-06-2024T20:45:59 - [MESSAGE][PASSED] - Object 'Object Repository/admin/landing_page/a_Admin Login' is present

23-06-2024T20:46:00 - [MESSAGE][PASSED] - Object 'Object Repository/admin/landing_page/a_Admin Login' is visible

23-06-2024T20:46:01 - [MESSAGE][PASSED] - Object: 'Object Repository/admin/landing_page/a_Admin Login' is clicked on

23-06-2024T20:46:02 - [MESSAGE][PASSED] - Text ' ' is set on object 'Object Repository/admin/landing_page/input_ARTLENS_uname'

23-06-2024T20:46:02 - [MESSAGE][PASSED] - Object: 'Object Repository/admin/landing_page/button_Show' is clicked on

23-06-2024T20:46:02 - [MESSAGE][PASSED] - Text '@Helloword' is set on object 'Object Repository/admin/landing_page/input_ARTLENS_pass_1'

23-06-2024T20:46:02 - [TEST_STEP][PASSED] - click(findTestObject("admin/landing_page/div_ARTLENS_Modal_Login_Form")): Object: 'Object Repository/admin/landing_page/div_ARTLENS_Modal_Login_Form' is clicked on

23-06-2024T20:46:02 - [MESSAGE][PASSED] - Object: 'Object Repository/admin/landing_page/div_ARTLENS_Modal_Login_Form' is clicked on

23-06-2024T20:46:02 - [TEST_STEP][PASSED] - Thread.sleep(500): null

23-06-2024T20:46:03 - [TEST_STEP][PASSED] - isUsernameInvalid = AdminUtils.containsClass(findTestObject("Object Repository/admin/landing_page/input_ARTLENS_uname"), "is-invalid"): Attribute 'class' of object 'Object Repository/admin/landing_page/input_ARTLENS_uname' is: 'form-control input1'

23-06-2024T20:46:03 - [MESSAGE][PASSED] - Attribute 'class' of object 'Object Repository/admin/landing_page/input_ARTLENS_uname' is: 'form-control input1'

23-06-2024T20:46:03 - [TEST_STEP][PASSED] - if (!(isUsernameInvalid)): The URL is correct: http://localhost/SAD/ArtLens/admin.php

23-06-2024T20:46:03 - [TEST_STEP][PASSED] - markFailed("Validation failed. Username has no invalid feedback: "): Object: 'Object Repository/admin/landing_page/button_Login' is clicked on

23-06-2024T20:46:03 - [MESSAGE][FAILED] - Validation failed. Username has no invalid feedback: 

23-06-2024T20:46:03 - [MESSAGE][WARNING] - Timeout '0' is invalid. Using default page load timeout: '30'

23-06-2024T20:46:03 - [MESSAGE][PASSED] - Object 'Object Repository/admin/landing_page/button_Login' is present

23-06-2024T20:46:03 - [MESSAGE][PASSED] - Object 'Object Repository/admin/landing_page/button_Login' is visible

23-06-2024T20:46:04 - [MESSAGE][PASSED] - Object: 'Object Repository/admin/landing_page/button_Login' is clicked on

23-06-2024T20:46:04 - [TEST_STEP][PASSED] - currentUrl = getUrl(): Current window's url is: 'http://localhost/SAD/ArtLens/admin.php'

23-06-2024T20:46:04 - [MESSAGE][PASSED] - Current window's url is: 'http://localhost/SAD/ArtLens/admin.php'

23-06-2024T20:46:04 - [TEST_STEP][PASSED] - expectedUrl = $GlobalVariable.appBaseLinkadmin.php: null

23-06-2024T20:46:04 - [TEST_STEP][PASSED] - isUrlCorrect = verifyMatch(currentUrl, expectedUrl, false): Actual text 'http://localhost/SAD/ArtLens/admin.php' and expected text 'http://localhost/SAD/ArtLens/admin.php' are matched 

23-06-2024T20:46:04 - [MESSAGE][PASSED] - Actual text 'http://localhost/SAD/ArtLens/admin.php' and expected text 'http://localhost/SAD/ArtLens/admin.php' are matched 

23-06-2024T20:46:04 - [TEST_STEP][PASSED] - if (isUrlCorrect): The URL is correct: http://localhost/SAD/ArtLens/admin.php

23-06-2024T20:46:04 - [TEST_STEP][PASSED] - markPassed("The URL is correct: " + currentUrl): The URL is correct: http://localhost/SAD/ArtLens/admin.php

23-06-2024T20:46:04 - [MESSAGE][PASSED] - The URL is correct: http://localhost/SAD/ArtLens/admin.php

23-06-2024T20:46:04 - [TEST_STEP][PASSED] - Finally: null

23-06-2024T20:46:04 - [TEST_STEP][PASSED] - Start listener action : sampleAfterTestCase: null]]></system-out>
         <system-err><![CDATA[23-06-2024T20:45:37 - [TEST_CASE][FAILED] - Test Cases/admin/landing_page/login_username_password_space_only: Test Cases/admin/landing_page/login_username_password_space_only FAILED.
Reason:
com.kms.katalon.core.exception.StepFailedException: Validation failed. Username has no invalid feedback: 
	at com.kms.katalon.core.util.KeywordUtil.markFailed(KeywordUtil.java:19)
	at Script1718796904306$1.execute(Script1718796904306.groovy:39)
	at com.artlens.utils.AdminUtils.adminLogin(AdminUtils.groovy:60)
	at login_username_password_space_only.run(login_username_password_space_only:28)
	at com.kms.katalon.core.main.ScriptEngine.run(ScriptEngine.java:194)
	at com.kms.katalon.core.main.ScriptEngine.runScriptAsRawText(ScriptEngine.java:119)
	at com.kms.katalon.core.main.TestCaseExecutor.runScript(TestCaseExecutor.java:448)
	at com.kms.katalon.core.main.TestCaseExecutor.doExecute(TestCaseExecutor.java:439)
	at com.kms.katalon.core.main.TestCaseExecutor.processExecutionPhase(TestCaseExecutor.java:418)
	at com.kms.katalon.core.main.TestCaseExecutor.accessMainPhase(TestCaseExecutor.java:410)
	at com.kms.katalon.core.main.TestCaseExecutor.execute(TestCaseExecutor.java:285)
	at com.kms.katalon.core.common.CommonExecutor.accessTestCaseMainPhase(CommonExecutor.java:65)
	at com.kms.katalon.core.main.TestSuiteExecutor.accessTestSuiteMainPhase(TestSuiteExecutor.java:150)
	at com.kms.katalon.core.main.TestSuiteExecutor.execute(TestSuiteExecutor.java:106)
	at com.kms.katalon.core.main.TestCaseMain.startTestSuite(TestCaseMain.java:180)
	at TempTestSuite1719146720018.run(TempTestSuite1719146720018.groovy:35)
	at java.base/jdk.internal.reflect.NativeMethodAccessorImpl.invoke0(Native Method)
	at java.base/jdk.internal.reflect.NativeMethodAccessorImpl.invoke(NativeMethodAccessorImpl.java:77)
	at java.base/jdk.internal.reflect.DelegatingMethodAccessorImpl.invoke(DelegatingMethodAccessorImpl.java:43)]]></system-err>
      </testcase>
      <testcase name="Test Cases/admin/landing_page/login_username_space_only" time="14.198" classname="Test Cases/admin/landing_page/login_username_space_only" status="FAILED">
         <failure type="FAILED" message="Test Cases/admin/landing_page/login_username_space_only FAILED.&#xa;Reason:&#xa;com.kms.katalon.core.exception.StepFailedException&#xa;	at com.kms.katalon.core.util.KeywordUtil.markFailed(KeywordUtil.java:19)&#xa;	at Script1718796813888$1.execute(Script1718796813888.groovy:41)&#xa;	at com.artlens.utils.AdminUtils.adminLogin(AdminUtils.groovy:60)&#xa;	at login_username_space_only.run(login_username_space_only:31)&#xa;	at com.kms.katalon.core.main.ScriptEngine.run(ScriptEngine.java:194)&#xa;	at com.kms.katalon.core.main.ScriptEngine.runScriptAsRawText(ScriptEngine.java:119)&#xa;	at com.kms.katalon.core.main.TestCaseExecutor.runScript(TestCaseExecutor.java:448)&#xa;	at com.kms.katalon.core.main.TestCaseExecutor.doExecute(TestCaseExecutor.java:439)&#xa;	at com.kms.katalon.core.main.TestCaseExecutor.processExecutionPhase(TestCaseExecutor.java:418)&#xa;	at com.kms.katalon.core.main.TestCaseExecutor.accessMainPhase(TestCaseExecutor.java:410)&#xa;	at com.kms.katalon.core.main.TestCaseExecutor.execute(TestCaseExecutor.java:285)&#xa;	at com.kms.katalon.core.common.CommonExecutor.accessTestCaseMainPhase(CommonExecutor.java:65)&#xa;	at com.kms.katalon.core.main.TestSuiteExecutor.accessTestSuiteMainPhase(TestSuiteExecutor.java:150)&#xa;	at com.kms.katalon.core.main.TestSuiteExecutor.execute(TestSuiteExecutor.java:106)&#xa;	at com.kms.katalon.core.main.TestCaseMain.startTestSuite(TestCaseMain.java:180)&#xa;	at TempTestSuite1719146720018.run(TempTestSuite1719146720018.groovy:35)&#xa;	at java.base/jdk.internal.reflect.NativeMethodAccessorImpl.invoke0(Native Method)&#xa;	at java.base/jdk.internal.reflect.NativeMethodAccessorImpl.invoke(NativeMethodAccessorImpl.java:77)&#xa;	at java.base/jdk.internal.reflect.DelegatingMethodAccessorImpl.invoke(DelegatingMethodAccessorImpl.java:43)&#xa;"/>
         <system-out><![CDATA[23-06-2024T20:46:04 - [TEST_CASE][FAILED] - Test Cases/admin/landing_page/login_username_space_only: Test Cases/admin/landing_page/login_username_space_only FAILED.
Reason:
com.kms.katalon.core.exception.StepFailedException
	at com.kms.katalon.core.util.KeywordUtil.markFailed(KeywordUtil.java:19)
	at Script1718796813888$1.execute(Script1718796813888.groovy:41)
	at com.artlens.utils.AdminUtils.adminLogin(AdminUtils.groovy:60)
	at login_username_space_only.run(login_username_space_only:31)
	at com.kms.katalon.core.main.ScriptEngine.run(ScriptEngine.java:194)
	at com.kms.katalon.core.main.ScriptEngine.runScriptAsRawText(ScriptEngine.java:119)
	at com.kms.katalon.core.main.TestCaseExecutor.runScript(TestCaseExecutor.java:448)
	at com.kms.katalon.core.main.TestCaseExecutor.doExecute(TestCaseExecutor.java:439)
	at com.kms.katalon.core.main.TestCaseExecutor.processExecutionPhase(TestCaseExecutor.java:418)
	at com.kms.katalon.core.main.TestCaseExecutor.accessMainPhase(TestCaseExecutor.java:410)
	at com.kms.katalon.core.main.TestCaseExecutor.execute(TestCaseExecutor.java:285)
	at com.kms.katalon.core.common.CommonExecutor.accessTestCaseMainPhase(CommonExecutor.java:65)
	at com.kms.katalon.core.main.TestSuiteExecutor.accessTestSuiteMainPhase(TestSuiteExecutor.java:150)
	at com.kms.katalon.core.main.TestSuiteExecutor.execute(TestSuiteExecutor.java:106)
	at com.kms.katalon.core.main.TestCaseMain.startTestSuite(TestCaseMain.java:180)
	at TempTestSuite1719146720018.run(TempTestSuite1719146720018.groovy:35)
	at java.base/jdk.internal.reflect.NativeMethodAccessorImpl.invoke0(Native Method)
	at java.base/jdk.internal.reflect.NativeMethodAccessorImpl.invoke(NativeMethodAccessorImpl.java:77)
	at java.base/jdk.internal.reflect.DelegatingMethodAccessorImpl.invoke(DelegatingMethodAccessorImpl.java:43)


23-06-2024T20:46:04 - [TEST_STEP][PASSED] - Start listener action : sampleBeforeTestCase: Browser is opened with url: ''

23-06-2024T20:46:04 - [TEST_STEP][PASSED] - println(testCaseContext.getTestCaseId()): null

23-06-2024T20:46:04 - [TEST_STEP][PASSED] - openBrowser(""): Browser is opened with url: ''

23-06-2024T20:46:04 - [MESSAGE][WARNING] - A browser is already opened. Closing browser and opening a new one

23-06-2024T20:46:06 - [MESSAGE][INFO] - Starting 'Firefox (headless)' driver

23-06-2024T20:46:06 - [MESSAGE][INFO] - Action delay is set to 0 milliseconds

23-06-2024T20:46:11 - [MESSAGE][PASSED] - Browser is opened with url: ''

23-06-2024T20:46:13 - [TEST_STEP][PASSED] - try: Text '@Helloword' is set on object 'Object Repository/admin/landing_page/input_ARTLENS_pass_1'

23-06-2024T20:46:13 - [TEST_STEP][PASSED] - userIndex = userIndex: null

23-06-2024T20:46:13 - [TEST_STEP][PASSED] - callTestCase(findTestCase("admin/landing_page/header_bar_visible"), [:], STOP_ON_FAILURE): Call Test Case 'Test Cases/admin/landing_page/header_bar_visible' successfully

23-06-2024T20:46:13 - [TEST_CASE][PASSED] - Test Cases/admin/landing_page/header_bar_visible: Test Cases/admin/landing_page/header_bar_visible

23-06-2024T20:46:13 - [TEST_STEP][PASSED] - callTestCase(findTestCase("admin/landing_page/page_acessible"), [:], STOP_ON_FAILURE): Call Test Case 'Test Cases/admin/landing_page/page_acessible' successfully

23-06-2024T20:46:13 - [TEST_CASE][PASSED] - Test Cases/admin/landing_page/page_acessible: Test Cases/admin/landing_page/page_acessible

23-06-2024T20:46:13 - [TEST_STEP][PASSED] - AdminUtils.openWebPage("admin.php"): Navigate to 'http://localhost/SAD/ArtLens/admin.php' successfully

23-06-2024T20:46:13 - [MESSAGE][INFO] - HAR: C:\DevPackage\xampp\htdocs\SAD\ArtLens\Reports\20240623_204104\Test_Admin_Login\20240623_204520\requests\main\1.har

23-06-2024T20:46:13 - [MESSAGE][PASSED] - Send request successfully

23-06-2024T20:46:13 - [MESSAGE][PASSED] - All links are accessible

23-06-2024T20:46:14 - [MESSAGE][PASSED] - Navigate to 'http://localhost/SAD/ArtLens/admin.php' successfully

23-06-2024T20:46:14 - [MESSAGE][PASSED] - Call Test Case 'Test Cases/admin/landing_page/page_acessible' successfully

23-06-2024T20:46:14 - [TEST_STEP][PASSED] - verifyElementPresent(findTestObject("admin/landing_page/nav_ArtLens            Admin Login"), 0): Object 'Object Repository/admin/landing_page/nav_ArtLens            Admin Login' is present

23-06-2024T20:46:14 - [MESSAGE][WARNING] - Timeout '0' is invalid. Using default page load timeout: '30'

23-06-2024T20:46:14 - [MESSAGE][PASSED] - Object 'Object Repository/admin/landing_page/nav_ArtLens            Admin Login' is present

23-06-2024T20:46:14 - [TEST_STEP][PASSED] - verifyElementVisible(findTestObject("admin/landing_page/nav_ArtLens            Admin Login")): Object 'Object Repository/admin/landing_page/nav_ArtLens            Admin Login' is visible

23-06-2024T20:46:14 - [MESSAGE][PASSED] - Object 'Object Repository/admin/landing_page/nav_ArtLens            Admin Login' is visible

23-06-2024T20:46:14 - [MESSAGE][PASSED] - Call Test Case 'Test Cases/admin/landing_page/header_bar_visible' successfully

23-06-2024T20:46:14 - [TEST_STEP][PASSED] - AdminUtils.adminLogin(" ", ValidPasswordCredentials[userIndex], new Script1718796813888$1(this)): Text '@Helloword' is set on object 'Object Repository/admin/landing_page/input_ARTLENS_pass_1'

23-06-2024T20:46:14 - [MESSAGE][WARNING] - Timeout '0' is invalid. Using default page load timeout: '30'

23-06-2024T20:46:15 - [MESSAGE][PASSED] - Object 'Object Repository/admin/landing_page/a_Admin Login' is present

23-06-2024T20:46:15 - [MESSAGE][PASSED] - Object 'Object Repository/admin/landing_page/a_Admin Login' is visible

23-06-2024T20:46:16 - [MESSAGE][PASSED] - Object: 'Object Repository/admin/landing_page/a_Admin Login' is clicked on

23-06-2024T20:46:16 - [MESSAGE][PASSED] - Text ' ' is set on object 'Object Repository/admin/landing_page/input_ARTLENS_uname'

23-06-2024T20:46:16 - [MESSAGE][PASSED] - Object: 'Object Repository/admin/landing_page/button_Show' is clicked on

23-06-2024T20:46:17 - [MESSAGE][PASSED] - Text '@Helloword' is set on object 'Object Repository/admin/landing_page/input_ARTLENS_pass_1'

23-06-2024T20:46:17 - [TEST_STEP][PASSED] - click(findTestObject("admin/landing_page/div_ARTLENS_Modal_Login_Form")): Object: 'Object Repository/admin/landing_page/div_ARTLENS_Modal_Login_Form' is clicked on

23-06-2024T20:46:17 - [MESSAGE][PASSED] - Object: 'Object Repository/admin/landing_page/div_ARTLENS_Modal_Login_Form' is clicked on

23-06-2024T20:46:17 - [TEST_STEP][PASSED] - Thread.sleep(500): null

23-06-2024T20:46:17 - [TEST_STEP][PASSED] - isUsernameInvalid = AdminUtils.containsClass(findTestObject("Object Repository/admin/landing_page/input_ARTLENS_uname"), "is-invalid"): Attribute 'class' of object 'Object Repository/admin/landing_page/input_ARTLENS_uname' is: 'form-control input1'

23-06-2024T20:46:17 - [MESSAGE][PASSED] - Attribute 'class' of object 'Object Repository/admin/landing_page/input_ARTLENS_uname' is: 'form-control input1'

23-06-2024T20:46:17 - [TEST_STEP][FAILED] - if (!(isUsernameInvalid)): 

23-06-2024T20:46:17 - [TEST_STEP][PASSED] - markFailed(): Object: 'Object Repository/admin/landing_page/button_Login' is clicked on

23-06-2024T20:46:17 - [MESSAGE][FAILED] - 

23-06-2024T20:46:17 - [MESSAGE][WARNING] - Timeout '0' is invalid. Using default page load timeout: '30'

23-06-2024T20:46:17 - [MESSAGE][PASSED] - Object 'Object Repository/admin/landing_page/button_Login' is present

23-06-2024T20:46:18 - [MESSAGE][PASSED] - Object 'Object Repository/admin/landing_page/button_Login' is visible

23-06-2024T20:46:18 - [MESSAGE][PASSED] - Object: 'Object Repository/admin/landing_page/button_Login' is clicked on

23-06-2024T20:46:18 - [TEST_STEP][PASSED] - currentUrl = getUrl(): Current window's url is: 'http://localhost/SAD/ArtLens/admin.php'

23-06-2024T20:46:18 - [MESSAGE][PASSED] - Current window's url is: 'http://localhost/SAD/ArtLens/admin.php'

23-06-2024T20:46:18 - [TEST_STEP][PASSED] - expectedUrl = $GlobalVariable.appBaseLinkadmin.php: null

23-06-2024T20:46:18 - [TEST_STEP][PASSED] - isUrlCorrect = verifyMatch(currentUrl, expectedUrl, false): Actual text 'http://localhost/SAD/ArtLens/admin.php' and expected text 'http://localhost/SAD/ArtLens/admin.php' are matched 

23-06-2024T20:46:18 - [MESSAGE][PASSED] - Actual text 'http://localhost/SAD/ArtLens/admin.php' and expected text 'http://localhost/SAD/ArtLens/admin.php' are matched 

23-06-2024T20:46:18 - [TEST_STEP][FAILED] - if (isUrlCorrect): 

23-06-2024T20:46:18 - [TEST_STEP][PASSED] - markPassed("The URL is correct: " + currentUrl): The URL is correct: http://localhost/SAD/ArtLens/admin.php

23-06-2024T20:46:18 - [MESSAGE][PASSED] - The URL is correct: http://localhost/SAD/ArtLens/admin.php

23-06-2024T20:46:18 - [TEST_STEP][PASSED] - isUsernameInvalid = AdminUtils.containsClass(findTestObject("Object Repository/admin/landing_page/input_ARTLENS_uname"), "is-invalid"): Attribute 'class' of object 'Object Repository/admin/landing_page/input_ARTLENS_uname' is: 'form-control input1'

23-06-2024T20:46:18 - [MESSAGE][PASSED] - Attribute 'class' of object 'Object Repository/admin/landing_page/input_ARTLENS_uname' is: 'form-control input1'

23-06-2024T20:46:18 - [TEST_STEP][FAILED] - if (!(isUsernameInvalid)): 

23-06-2024T20:46:18 - [TEST_STEP][FAILED] - markFailed(): 

23-06-2024T20:46:18 - [MESSAGE][FAILED] - 

23-06-2024T20:46:18 - [TEST_STEP][PASSED] - Finally: null

23-06-2024T20:46:18 - [TEST_STEP][PASSED] - Start listener action : sampleAfterTestCase: null]]></system-out>
         <system-err><![CDATA[23-06-2024T20:46:04 - [TEST_CASE][FAILED] - Test Cases/admin/landing_page/login_username_space_only: Test Cases/admin/landing_page/login_username_space_only FAILED.
Reason:
com.kms.katalon.core.exception.StepFailedException
	at com.kms.katalon.core.util.KeywordUtil.markFailed(KeywordUtil.java:19)
	at Script1718796813888$1.execute(Script1718796813888.groovy:41)
	at com.artlens.utils.AdminUtils.adminLogin(AdminUtils.groovy:60)
	at login_username_space_only.run(login_username_space_only:31)
	at com.kms.katalon.core.main.ScriptEngine.run(ScriptEngine.java:194)
	at com.kms.katalon.core.main.ScriptEngine.runScriptAsRawText(ScriptEngine.java:119)
	at com.kms.katalon.core.main.TestCaseExecutor.runScript(TestCaseExecutor.java:448)
	at com.kms.katalon.core.main.TestCaseExecutor.doExecute(TestCaseExecutor.java:439)
	at com.kms.katalon.core.main.TestCaseExecutor.processExecutionPhase(TestCaseExecutor.java:418)
	at com.kms.katalon.core.main.TestCaseExecutor.accessMainPhase(TestCaseExecutor.java:410)
	at com.kms.katalon.core.main.TestCaseExecutor.execute(TestCaseExecutor.java:285)
	at com.kms.katalon.core.common.CommonExecutor.accessTestCaseMainPhase(CommonExecutor.java:65)
	at com.kms.katalon.core.main.TestSuiteExecutor.accessTestSuiteMainPhase(TestSuiteExecutor.java:150)
	at com.kms.katalon.core.main.TestSuiteExecutor.execute(TestSuiteExecutor.java:106)
	at com.kms.katalon.core.main.TestCaseMain.startTestSuite(TestCaseMain.java:180)
	at TempTestSuite1719146720018.run(TempTestSuite1719146720018.groovy:35)
	at java.base/jdk.internal.reflect.NativeMethodAccessorImpl.invoke0(Native Method)
	at java.base/jdk.internal.reflect.NativeMethodAccessorImpl.invoke(NativeMethodAccessorImpl.java:77)
	at java.base/jdk.internal.reflect.DelegatingMethodAccessorImpl.invoke(DelegatingMethodAccessorImpl.java:43)]]></system-err>
      </testcase>
      <testcase name="Test Cases/admin/landing_page/login_all_valid_email_case_incorrect" time="19.111" classname="Test Cases/admin/landing_page/login_all_valid_email_case_incorrect" status="FAILED">
         <failure type="FAILED" message="Test Cases/admin/landing_page/login_all_valid_email_case_incorrect FAILED.&#xa;Reason:&#xa;com.kms.katalon.core.exception.StepFailedException: An error occurred: Actual text 'http://localhost/SAD/ArtLens/adminindex.php' and expected text 'http://localhost/SAD/ArtLens/admin.php' are not matched&#xa;	at com.kms.katalon.core.util.KeywordUtil.markFailed(KeywordUtil.java:19)&#xa;	at login_all_valid_email_case_incorrect.run(login_all_valid_email_case_incorrect:72)&#xa;	at com.kms.katalon.core.main.ScriptEngine.run(ScriptEngine.java:194)&#xa;	at com.kms.katalon.core.main.ScriptEngine.runScriptAsRawText(ScriptEngine.java:119)&#xa;	at com.kms.katalon.core.main.TestCaseExecutor.runScript(TestCaseExecutor.java:448)&#xa;	at com.kms.katalon.core.main.TestCaseExecutor.doExecute(TestCaseExecutor.java:439)&#xa;	at com.kms.katalon.core.main.TestCaseExecutor.processExecutionPhase(TestCaseExecutor.java:418)&#xa;	at com.kms.katalon.core.main.TestCaseExecutor.accessMainPhase(TestCaseExecutor.java:410)&#xa;	at com.kms.katalon.core.main.TestCaseExecutor.execute(TestCaseExecutor.java:285)&#xa;	at com.kms.katalon.core.common.CommonExecutor.accessTestCaseMainPhase(CommonExecutor.java:65)&#xa;	at com.kms.katalon.core.main.TestSuiteExecutor.accessTestSuiteMainPhase(TestSuiteExecutor.java:150)&#xa;	at com.kms.katalon.core.main.TestSuiteExecutor.execute(TestSuiteExecutor.java:106)&#xa;	at com.kms.katalon.core.main.TestCaseMain.startTestSuite(TestCaseMain.java:180)&#xa;	at TempTestSuite1719146720018.run(TempTestSuite1719146720018.groovy:35)&#xa;	at java.base/jdk.internal.reflect.NativeMethodAccessorImpl.invoke0(Native Method)&#xa;	at java.base/jdk.internal.reflect.NativeMethodAccessorImpl.invoke(NativeMethodAccessorImpl.java:77)&#xa;	at java.base/jdk.internal.reflect.DelegatingMethodAccessorImpl.invoke(DelegatingMethodAccessorImpl.java:43)&#xa;"/>
         <system-out><![CDATA[23-06-2024T20:46:18 - [TEST_CASE][FAILED] - Test Cases/admin/landing_page/login_all_valid_email_case_incorrect: Test Cases/admin/landing_page/login_all_valid_email_case_incorrect FAILED.
Reason:
com.kms.katalon.core.exception.StepFailedException: An error occurred: Actual text 'http://localhost/SAD/ArtLens/adminindex.php' and expected text 'http://localhost/SAD/ArtLens/admin.php' are not matched
	at com.kms.katalon.core.util.KeywordUtil.markFailed(KeywordUtil.java:19)
	at login_all_valid_email_case_incorrect.run(login_all_valid_email_case_incorrect:72)
	at com.kms.katalon.core.main.ScriptEngine.run(ScriptEngine.java:194)
	at com.kms.katalon.core.main.ScriptEngine.runScriptAsRawText(ScriptEngine.java:119)
	at com.kms.katalon.core.main.TestCaseExecutor.runScript(TestCaseExecutor.java:448)
	at com.kms.katalon.core.main.TestCaseExecutor.doExecute(TestCaseExecutor.java:439)
	at com.kms.katalon.core.main.TestCaseExecutor.processExecutionPhase(TestCaseExecutor.java:418)
	at com.kms.katalon.core.main.TestCaseExecutor.accessMainPhase(TestCaseExecutor.java:410)
	at com.kms.katalon.core.main.TestCaseExecutor.execute(TestCaseExecutor.java:285)
	at com.kms.katalon.core.common.CommonExecutor.accessTestCaseMainPhase(CommonExecutor.java:65)
	at com.kms.katalon.core.main.TestSuiteExecutor.accessTestSuiteMainPhase(TestSuiteExecutor.java:150)
	at com.kms.katalon.core.main.TestSuiteExecutor.execute(TestSuiteExecutor.java:106)
	at com.kms.katalon.core.main.TestCaseMain.startTestSuite(TestCaseMain.java:180)
	at TempTestSuite1719146720018.run(TempTestSuite1719146720018.groovy:35)
	at java.base/jdk.internal.reflect.NativeMethodAccessorImpl.invoke0(Native Method)
	at java.base/jdk.internal.reflect.NativeMethodAccessorImpl.invoke(NativeMethodAccessorImpl.java:77)
	at java.base/jdk.internal.reflect.DelegatingMethodAccessorImpl.invoke(DelegatingMethodAccessorImpl.java:43)


23-06-2024T20:46:18 - [TEST_STEP][PASSED] - Start listener action : sampleBeforeTestCase: Browser is opened with url: ''

23-06-2024T20:46:18 - [TEST_STEP][PASSED] - println(testCaseContext.getTestCaseId()): null

23-06-2024T20:46:18 - [TEST_STEP][PASSED] - openBrowser(""): Browser is opened with url: ''

23-06-2024T20:46:18 - [MESSAGE][WARNING] - A browser is already opened. Closing browser and opening a new one

23-06-2024T20:46:21 - [MESSAGE][INFO] - Starting 'Firefox (headless)' driver

23-06-2024T20:46:21 - [MESSAGE][INFO] - Action delay is set to 0 milliseconds

23-06-2024T20:46:30 - [MESSAGE][PASSED] - Browser is opened with url: ''

23-06-2024T20:46:31 - [TEST_STEP][FAILED] - try: Unable to verify match between actual text 'http://localhost/SAD/ArtLens/adminindex.php' and expected text 'http://localhost/SAD/ArtLens/admin.php' (Root cause: com.kms.katalon.core.exception.StepFailedException: Actual text 'http://localhost/SAD/ArtLens/adminindex.php' and expected text 'http://localhost/SAD/ArtLens/admin.php' are not matched
	at com.kms.katalon.core.keyword.builtin.VerifyMatchKeyword$_verifyMatch_closure1.doCall(VerifyMatchKeyword.groovy:57)
	at com.kms.katalon.core.keyword.builtin.VerifyMatchKeyword$_verifyMatch_closure1.call(VerifyMatchKeyword.groovy)
	at com.kms.katalon.core.keyword.internal.KeywordMain.runKeyword(KeywordMain.groovy:75)
	at com.kms.katalon.core.keyword.builtin.VerifyMatchKeyword.verifyMatch(VerifyMatchKeyword.groovy:60)
	at com.kms.katalon.core.keyword.builtin.VerifyMatchKeyword.execute(VerifyMatchKeyword.groovy:45)
	at com.kms.katalon.core.keyword.internal.KeywordExecutor.executeKeywordForPlatform(KeywordExecutor.groovy:74)
	at com.kms.katalon.core.keyword.BuiltinKeywords.verifyMatch(BuiltinKeywords.groovy:78)
	at java.base/jdk.internal.reflect.NativeMethodAccessorImpl.invoke0(Native Method)
	at java.base/jdk.internal.reflect.NativeMethodAccessorImpl.invoke(NativeMethodAccessorImpl.java:77)
	at java.base/jdk.internal.reflect.DelegatingMethodAccessorImpl.invoke(DelegatingMethodAccessorImpl.java:43)
	at login_all_valid_email_case_incorrect.run(login_all_valid_email_case_incorrect:62)
	at com.kms.katalon.core.main.ScriptEngine.run(ScriptEngine.java:194)
	at com.kms.katalon.core.main.ScriptEngine.runScriptAsRawText(ScriptEngine.java:119)
	at com.kms.katalon.core.main.TestCaseExecutor.runScript(TestCaseExecutor.java:448)
	at com.kms.katalon.core.main.TestCaseExecutor.doExecute(TestCaseExecutor.java:439)
	at com.kms.katalon.core.main.TestCaseExecutor.processExecutionPhase(TestCaseExecutor.java:418)
	at com.kms.katalon.core.main.TestCaseExecutor.accessMainPhase(TestCaseExecutor.java:410)
	at com.kms.katalon.core.main.TestCaseExecutor.execute(TestCaseExecutor.java:285)
	at com.kms.katalon.core.common.CommonExecutor.accessTestCaseMainPhase(CommonExecutor.java:65)
	at com.kms.katalon.core.main.TestSuiteExecutor.accessTestSuiteMainPhase(TestSuiteExecutor.java:150)
	at com.kms.katalon.core.main.TestSuiteExecutor.execute(TestSuiteExecutor.java:106)
	at com.kms.katalon.core.main.TestCaseMain.startTestSuite(TestCaseMain.java:180)
	at TempTestSuite1719146720018.run(TempTestSuite1719146720018.groovy:35)
	at java.base/jdk.internal.reflect.NativeMethodAccessorImpl.invoke0(Native Method)
	at java.base/jdk.internal.reflect.NativeMethodAccessorImpl.invoke(NativeMethodAccessorImpl.java:77)
	at java.base/jdk.internal.reflect.DelegatingMethodAccessorImpl.invoke(DelegatingMethodAccessorImpl.java:43)
)

23-06-2024T20:46:31 - [TEST_STEP][PASSED] - userIndex = userIndex: null

23-06-2024T20:46:31 - [TEST_STEP][PASSED] - callTestCase(findTestCase("admin/landing_page/header_bar_visible"), [:], STOP_ON_FAILURE): Call Test Case 'Test Cases/admin/landing_page/header_bar_visible' successfully

23-06-2024T20:46:31 - [TEST_CASE][PASSED] - Test Cases/admin/landing_page/header_bar_visible: Test Cases/admin/landing_page/header_bar_visible

23-06-2024T20:46:31 - [TEST_STEP][PASSED] - callTestCase(findTestCase("admin/landing_page/page_acessible"), [:], STOP_ON_FAILURE): Call Test Case 'Test Cases/admin/landing_page/page_acessible' successfully

23-06-2024T20:46:31 - [TEST_CASE][PASSED] - Test Cases/admin/landing_page/page_acessible: Test Cases/admin/landing_page/page_acessible

23-06-2024T20:46:31 - [TEST_STEP][PASSED] - AdminUtils.openWebPage("admin.php"): Navigate to 'http://localhost/SAD/ArtLens/admin.php' successfully

23-06-2024T20:46:31 - [MESSAGE][INFO] - HAR: C:\DevPackage\xampp\htdocs\SAD\ArtLens\Reports\20240623_204104\Test_Admin_Login\20240623_204520\requests\main\2.har

23-06-2024T20:46:31 - [MESSAGE][PASSED] - Send request successfully

23-06-2024T20:46:31 - [MESSAGE][PASSED] - All links are accessible

23-06-2024T20:46:34 - [MESSAGE][PASSED] - Navigate to 'http://localhost/SAD/ArtLens/admin.php' successfully

23-06-2024T20:46:34 - [MESSAGE][PASSED] - Call Test Case 'Test Cases/admin/landing_page/page_acessible' successfully

23-06-2024T20:46:34 - [TEST_STEP][PASSED] - verifyElementPresent(findTestObject("admin/landing_page/nav_ArtLens            Admin Login"), 0): Object 'Object Repository/admin/landing_page/nav_ArtLens            Admin Login' is present

23-06-2024T20:46:34 - [MESSAGE][WARNING] - Timeout '0' is invalid. Using default page load timeout: '30'

23-06-2024T20:46:34 - [MESSAGE][PASSED] - Object 'Object Repository/admin/landing_page/nav_ArtLens            Admin Login' is present

23-06-2024T20:46:34 - [TEST_STEP][PASSED] - verifyElementVisible(findTestObject("admin/landing_page/nav_ArtLens            Admin Login")): Object 'Object Repository/admin/landing_page/nav_ArtLens            Admin Login' is visible

23-06-2024T20:46:34 - [MESSAGE][PASSED] - Object 'Object Repository/admin/landing_page/nav_ArtLens            Admin Login' is visible

23-06-2024T20:46:34 - [MESSAGE][PASSED] - Call Test Case 'Test Cases/admin/landing_page/header_bar_visible' successfully

23-06-2024T20:46:34 - [TEST_STEP][PASSED] - email = ValidUsernameCredentials[userIndex]: null

23-06-2024T20:46:34 - [TEST_STEP][PASSED] - parts = email.split("@"): null

23-06-2024T20:46:34 - [TEST_STEP][PASSED] - usernamePart = parts[0]: null

23-06-2024T20:46:34 - [TEST_STEP][PASSED] - domainPart = parts[1]: null

23-06-2024T20:46:34 - [TEST_STEP][PASSED] - if (Character.isUpperCase(usernamePart.charAt(0))): null

23-06-2024T20:46:34 - [TEST_STEP][PASSED] - else: null

23-06-2024T20:46:34 - [TEST_STEP][PASSED] - usernamePart = usernamePart.toUpperCase(): null

23-06-2024T20:46:34 - [TEST_STEP][PASSED] - modifiedEmail = usernamePart + "@" + domainPart: null

23-06-2024T20:46:34 - [TEST_STEP][PASSED] - logInfo("Modified Email: " + modifiedEmail): Modified Email: ADMIN@gmail.com

23-06-2024T20:46:34 - [MESSAGE][INFO] - Modified Email: ADMIN@gmail.com

23-06-2024T20:46:34 - [TEST_STEP][PASSED] - password = ValidPasswordCredentials[userIndex]: null

23-06-2024T20:46:34 - [TEST_STEP][PASSED] - AdminUtils.adminLogin(modifiedEmail, password): Object: 'Object Repository/admin/landing_page/button_Login' is clicked on

23-06-2024T20:46:34 - [MESSAGE][WARNING] - Timeout '0' is invalid. Using default page load timeout: '30'

23-06-2024T20:46:34 - [MESSAGE][PASSED] - Object 'Object Repository/admin/landing_page/a_Admin Login' is present

23-06-2024T20:46:34 - [MESSAGE][PASSED] - Object 'Object Repository/admin/landing_page/a_Admin Login' is visible

23-06-2024T20:46:36 - [MESSAGE][PASSED] - Object: 'Object Repository/admin/landing_page/a_Admin Login' is clicked on

23-06-2024T20:46:36 - [MESSAGE][PASSED] - Text 'ADMIN@gmail.com' is set on object 'Object Repository/admin/landing_page/input_ARTLENS_uname'

23-06-2024T20:46:36 - [MESSAGE][PASSED] - Object: 'Object Repository/admin/landing_page/button_Show' is clicked on

23-06-2024T20:46:36 - [MESSAGE][PASSED] - Text '@Helloword' is set on object 'Object Repository/admin/landing_page/input_ARTLENS_pass_1'

23-06-2024T20:46:36 - [MESSAGE][WARNING] - Timeout '0' is invalid. Using default page load timeout: '30'

23-06-2024T20:46:36 - [MESSAGE][PASSED] - Object 'Object Repository/admin/landing_page/button_Login' is present

23-06-2024T20:46:36 - [MESSAGE][PASSED] - Object 'Object Repository/admin/landing_page/button_Login' is visible

23-06-2024T20:46:37 - [MESSAGE][PASSED] - Object: 'Object Repository/admin/landing_page/button_Login' is clicked on

23-06-2024T20:46:37 - [TEST_STEP][PASSED] - currentUrl = getUrl(): Current window's url is: 'http://localhost/SAD/ArtLens/adminindex.php'

23-06-2024T20:46:37 - [MESSAGE][PASSED] - Current window's url is: 'http://localhost/SAD/ArtLens/adminindex.php'

23-06-2024T20:46:37 - [TEST_STEP][PASSED] - expectedUrl = $GlobalVariable.appBaseLinkadmin.php: null

23-06-2024T20:46:37 - [TEST_STEP][FAILED] - isUrlCorrect = verifyMatch(currentUrl, expectedUrl, false): Unable to verify match between actual text 'http://localhost/SAD/ArtLens/adminindex.php' and expected text 'http://localhost/SAD/ArtLens/admin.php' (Root cause: com.kms.katalon.core.exception.StepFailedException: Actual text 'http://localhost/SAD/ArtLens/adminindex.php' and expected text 'http://localhost/SAD/ArtLens/admin.php' are not matched
	at com.kms.katalon.core.keyword.builtin.VerifyMatchKeyword$_verifyMatch_closure1.doCall(VerifyMatchKeyword.groovy:57)
	at com.kms.katalon.core.keyword.builtin.VerifyMatchKeyword$_verifyMatch_closure1.call(VerifyMatchKeyword.groovy)
	at com.kms.katalon.core.keyword.internal.KeywordMain.runKeyword(KeywordMain.groovy:75)
	at com.kms.katalon.core.keyword.builtin.VerifyMatchKeyword.verifyMatch(VerifyMatchKeyword.groovy:60)
	at com.kms.katalon.core.keyword.builtin.VerifyMatchKeyword.execute(VerifyMatchKeyword.groovy:45)
	at com.kms.katalon.core.keyword.internal.KeywordExecutor.executeKeywordForPlatform(KeywordExecutor.groovy:74)
	at com.kms.katalon.core.keyword.BuiltinKeywords.verifyMatch(BuiltinKeywords.groovy:78)
	at java.base/jdk.internal.reflect.NativeMethodAccessorImpl.invoke0(Native Method)
	at java.base/jdk.internal.reflect.NativeMethodAccessorImpl.invoke(NativeMethodAccessorImpl.java:77)
	at java.base/jdk.internal.reflect.DelegatingMethodAccessorImpl.invoke(DelegatingMethodAccessorImpl.java:43)
	at login_all_valid_email_case_incorrect.run(login_all_valid_email_case_incorrect:62)
	at com.kms.katalon.core.main.ScriptEngine.run(ScriptEngine.java:194)
	at com.kms.katalon.core.main.ScriptEngine.runScriptAsRawText(ScriptEngine.java:119)
	at com.kms.katalon.core.main.TestCaseExecutor.runScript(TestCaseExecutor.java:448)
	at com.kms.katalon.core.main.TestCaseExecutor.doExecute(TestCaseExecutor.java:439)
	at com.kms.katalon.core.main.TestCaseExecutor.processExecutionPhase(TestCaseExecutor.java:418)
	at com.kms.katalon.core.main.TestCaseExecutor.accessMainPhase(TestCaseExecutor.java:410)
	at com.kms.katalon.core.main.TestCaseExecutor.execute(TestCaseExecutor.java:285)
	at com.kms.katalon.core.common.CommonExecutor.accessTestCaseMainPhase(CommonExecutor.java:65)
	at com.kms.katalon.core.main.TestSuiteExecutor.accessTestSuiteMainPhase(TestSuiteExecutor.java:150)
	at com.kms.katalon.core.main.TestSuiteExecutor.execute(TestSuiteExecutor.java:106)
	at com.kms.katalon.core.main.TestCaseMain.startTestSuite(TestCaseMain.java:180)
	at TempTestSuite1719146720018.run(TempTestSuite1719146720018.groovy:35)
	at java.base/jdk.internal.reflect.NativeMethodAccessorImpl.invoke0(Native Method)
	at java.base/jdk.internal.reflect.NativeMethodAccessorImpl.invoke(NativeMethodAccessorImpl.java:77)
	at java.base/jdk.internal.reflect.DelegatingMethodAccessorImpl.invoke(DelegatingMethodAccessorImpl.java:43)
)

23-06-2024T20:46:37 - [MESSAGE][FAILED] - Unable to verify match between actual text 'http://localhost/SAD/ArtLens/adminindex.php' and expected text 'http://localhost/SAD/ArtLens/admin.php' (Root cause: com.kms.katalon.core.exception.StepFailedException: Actual text 'http://localhost/SAD/ArtLens/adminindex.php' and expected text 'http://localhost/SAD/ArtLens/admin.php' are not matched
	at com.kms.katalon.core.keyword.builtin.VerifyMatchKeyword$_verifyMatch_closure1.doCall(VerifyMatchKeyword.groovy:57)
	at com.kms.katalon.core.keyword.builtin.VerifyMatchKeyword$_verifyMatch_closure1.call(VerifyMatchKeyword.groovy)
	at com.kms.katalon.core.keyword.internal.KeywordMain.runKeyword(KeywordMain.groovy:75)
	at com.kms.katalon.core.keyword.builtin.VerifyMatchKeyword.verifyMatch(VerifyMatchKeyword.groovy:60)
	at com.kms.katalon.core.keyword.builtin.VerifyMatchKeyword.execute(VerifyMatchKeyword.groovy:45)
	at com.kms.katalon.core.keyword.internal.KeywordExecutor.executeKeywordForPlatform(KeywordExecutor.groovy:74)
	at com.kms.katalon.core.keyword.BuiltinKeywords.verifyMatch(BuiltinKeywords.groovy:78)
	at java.base/jdk.internal.reflect.NativeMethodAccessorImpl.invoke0(Native Method)
	at java.base/jdk.internal.reflect.NativeMethodAccessorImpl.invoke(NativeMethodAccessorImpl.java:77)
	at java.base/jdk.internal.reflect.DelegatingMethodAccessorImpl.invoke(DelegatingMethodAccessorImpl.java:43)
	at login_all_valid_email_case_incorrect.run(login_all_valid_email_case_incorrect:62)
	at com.kms.katalon.core.main.ScriptEngine.run(ScriptEngine.java:194)
	at com.kms.katalon.core.main.ScriptEngine.runScriptAsRawText(ScriptEngine.java:119)
	at com.kms.katalon.core.main.TestCaseExecutor.runScript(TestCaseExecutor.java:448)
	at com.kms.katalon.core.main.TestCaseExecutor.doExecute(TestCaseExecutor.java:439)
	at com.kms.katalon.core.main.TestCaseExecutor.processExecutionPhase(TestCaseExecutor.java:418)
	at com.kms.katalon.core.main.TestCaseExecutor.accessMainPhase(TestCaseExecutor.java:410)
	at com.kms.katalon.core.main.TestCaseExecutor.execute(TestCaseExecutor.java:285)
	at com.kms.katalon.core.common.CommonExecutor.accessTestCaseMainPhase(CommonExecutor.java:65)
	at com.kms.katalon.core.main.TestSuiteExecutor.accessTestSuiteMainPhase(TestSuiteExecutor.java:150)
	at com.kms.katalon.core.main.TestSuiteExecutor.execute(TestSuiteExecutor.java:106)
	at com.kms.katalon.core.main.TestCaseMain.startTestSuite(TestCaseMain.java:180)
	at TempTestSuite1719146720018.run(TempTestSuite1719146720018.groovy:35)
	at java.base/jdk.internal.reflect.NativeMethodAccessorImpl.invoke0(Native Method)
	at java.base/jdk.internal.reflect.NativeMethodAccessorImpl.invoke(NativeMethodAccessorImpl.java:77)
	at java.base/jdk.internal.reflect.DelegatingMethodAccessorImpl.invoke(DelegatingMethodAccessorImpl.java:43)
)

23-06-2024T20:46:37 - [TEST_STEP][FAILED] - catch (Exception e): An error occurred: Actual text 'http://localhost/SAD/ArtLens/adminindex.php' and expected text 'http://localhost/SAD/ArtLens/admin.php' are not matched

23-06-2024T20:46:37 - [TEST_STEP][FAILED] - markFailed("An error occurred: " + message): An error occurred: Actual text 'http://localhost/SAD/ArtLens/adminindex.php' and expected text 'http://localhost/SAD/ArtLens/admin.php' are not matched

23-06-2024T20:46:37 - [MESSAGE][FAILED] - An error occurred: Actual text 'http://localhost/SAD/ArtLens/adminindex.php' and expected text 'http://localhost/SAD/ArtLens/admin.php' are not matched

23-06-2024T20:46:37 - [TEST_STEP][PASSED] - Finally: null

23-06-2024T20:46:37 - [TEST_STEP][PASSED] - Start listener action : sampleAfterTestCase: null]]></system-out>
         <system-err><![CDATA[23-06-2024T20:46:18 - [TEST_CASE][FAILED] - Test Cases/admin/landing_page/login_all_valid_email_case_incorrect: Test Cases/admin/landing_page/login_all_valid_email_case_incorrect FAILED.
Reason:
com.kms.katalon.core.exception.StepFailedException: An error occurred: Actual text 'http://localhost/SAD/ArtLens/adminindex.php' and expected text 'http://localhost/SAD/ArtLens/admin.php' are not matched
	at com.kms.katalon.core.util.KeywordUtil.markFailed(KeywordUtil.java:19)
	at login_all_valid_email_case_incorrect.run(login_all_valid_email_case_incorrect:72)
	at com.kms.katalon.core.main.ScriptEngine.run(ScriptEngine.java:194)
	at com.kms.katalon.core.main.ScriptEngine.runScriptAsRawText(ScriptEngine.java:119)
	at com.kms.katalon.core.main.TestCaseExecutor.runScript(TestCaseExecutor.java:448)
	at com.kms.katalon.core.main.TestCaseExecutor.doExecute(TestCaseExecutor.java:439)
	at com.kms.katalon.core.main.TestCaseExecutor.processExecutionPhase(TestCaseExecutor.java:418)
	at com.kms.katalon.core.main.TestCaseExecutor.accessMainPhase(TestCaseExecutor.java:410)
	at com.kms.katalon.core.main.TestCaseExecutor.execute(TestCaseExecutor.java:285)
	at com.kms.katalon.core.common.CommonExecutor.accessTestCaseMainPhase(CommonExecutor.java:65)
	at com.kms.katalon.core.main.TestSuiteExecutor.accessTestSuiteMainPhase(TestSuiteExecutor.java:150)
	at com.kms.katalon.core.main.TestSuiteExecutor.execute(TestSuiteExecutor.java:106)
	at com.kms.katalon.core.main.TestCaseMain.startTestSuite(TestCaseMain.java:180)
	at TempTestSuite1719146720018.run(TempTestSuite1719146720018.groovy:35)
	at java.base/jdk.internal.reflect.NativeMethodAccessorImpl.invoke0(Native Method)
	at java.base/jdk.internal.reflect.NativeMethodAccessorImpl.invoke(NativeMethodAccessorImpl.java:77)
	at java.base/jdk.internal.reflect.DelegatingMethodAccessorImpl.invoke(DelegatingMethodAccessorImpl.java:43)]]></system-err>
      </testcase>
      <testcase name="Test Cases/admin/landing_page/login_all_valid_passwords_case_incorrect" time="11.846" classname="Test Cases/admin/landing_page/login_all_valid_passwords_case_incorrect" status="FAILED">
         <failure type="FAILED" message="Test Cases/admin/landing_page/login_all_valid_passwords_case_incorrect FAILED.&#xa;Reason:&#xa;com.kms.katalon.core.exception.StepFailedException: An error occurred: Actual text 'http://localhost/SAD/ArtLens/adminindex.php' and expected text 'http://localhost/SAD/ArtLens/admin.php' are not matched&#xa;	at com.kms.katalon.core.util.KeywordUtil.markFailed(KeywordUtil.java:19)&#xa;	at login_all_valid_passwords_case_incorrect.run(login_all_valid_passwords_case_incorrect:79)&#xa;	at com.kms.katalon.core.main.ScriptEngine.run(ScriptEngine.java:194)&#xa;	at com.kms.katalon.core.main.ScriptEngine.runScriptAsRawText(ScriptEngine.java:119)&#xa;	at com.kms.katalon.core.main.TestCaseExecutor.runScript(TestCaseExecutor.java:448)&#xa;	at com.kms.katalon.core.main.TestCaseExecutor.doExecute(TestCaseExecutor.java:439)&#xa;	at com.kms.katalon.core.main.TestCaseExecutor.processExecutionPhase(TestCaseExecutor.java:418)&#xa;	at com.kms.katalon.core.main.TestCaseExecutor.accessMainPhase(TestCaseExecutor.java:410)&#xa;	at com.kms.katalon.core.main.TestCaseExecutor.execute(TestCaseExecutor.java:285)&#xa;	at com.kms.katalon.core.common.CommonExecutor.accessTestCaseMainPhase(CommonExecutor.java:65)&#xa;	at com.kms.katalon.core.main.TestSuiteExecutor.accessTestSuiteMainPhase(TestSuiteExecutor.java:150)&#xa;	at com.kms.katalon.core.main.TestSuiteExecutor.execute(TestSuiteExecutor.java:106)&#xa;	at com.kms.katalon.core.main.TestCaseMain.startTestSuite(TestCaseMain.java:180)&#xa;	at TempTestSuite1719146720018.run(TempTestSuite1719146720018.groovy:35)&#xa;	at java.base/jdk.internal.reflect.NativeMethodAccessorImpl.invoke0(Native Method)&#xa;	at java.base/jdk.internal.reflect.NativeMethodAccessorImpl.invoke(NativeMethodAccessorImpl.java:77)&#xa;	at java.base/jdk.internal.reflect.DelegatingMethodAccessorImpl.invoke(DelegatingMethodAccessorImpl.java:43)&#xa;"/>
         <system-out><![CDATA[23-06-2024T20:46:37 - [TEST_CASE][FAILED] - Test Cases/admin/landing_page/login_all_valid_passwords_case_incorrect: Test Cases/admin/landing_page/login_all_valid_passwords_case_incorrect FAILED.
Reason:
com.kms.katalon.core.exception.StepFailedException: An error occurred: Actual text 'http://localhost/SAD/ArtLens/adminindex.php' and expected text 'http://localhost/SAD/ArtLens/admin.php' are not matched
	at com.kms.katalon.core.util.KeywordUtil.markFailed(KeywordUtil.java:19)
	at login_all_valid_passwords_case_incorrect.run(login_all_valid_passwords_case_incorrect:79)
	at com.kms.katalon.core.main.ScriptEngine.run(ScriptEngine.java:194)
	at com.kms.katalon.core.main.ScriptEngine.runScriptAsRawText(ScriptEngine.java:119)
	at com.kms.katalon.core.main.TestCaseExecutor.runScript(TestCaseExecutor.java:448)
	at com.kms.katalon.core.main.TestCaseExecutor.doExecute(TestCaseExecutor.java:439)
	at com.kms.katalon.core.main.TestCaseExecutor.processExecutionPhase(TestCaseExecutor.java:418)
	at com.kms.katalon.core.main.TestCaseExecutor.accessMainPhase(TestCaseExecutor.java:410)
	at com.kms.katalon.core.main.TestCaseExecutor.execute(TestCaseExecutor.java:285)
	at com.kms.katalon.core.common.CommonExecutor.accessTestCaseMainPhase(CommonExecutor.java:65)
	at com.kms.katalon.core.main.TestSuiteExecutor.accessTestSuiteMainPhase(TestSuiteExecutor.java:150)
	at com.kms.katalon.core.main.TestSuiteExecutor.execute(TestSuiteExecutor.java:106)
	at com.kms.katalon.core.main.TestCaseMain.startTestSuite(TestCaseMain.java:180)
	at TempTestSuite1719146720018.run(TempTestSuite1719146720018.groovy:35)
	at java.base/jdk.internal.reflect.NativeMethodAccessorImpl.invoke0(Native Method)
	at java.base/jdk.internal.reflect.NativeMethodAccessorImpl.invoke(NativeMethodAccessorImpl.java:77)
	at java.base/jdk.internal.reflect.DelegatingMethodAccessorImpl.invoke(DelegatingMethodAccessorImpl.java:43)


23-06-2024T20:46:37 - [TEST_STEP][PASSED] - Start listener action : sampleBeforeTestCase: Browser is opened with url: ''

23-06-2024T20:46:37 - [TEST_STEP][PASSED] - println(testCaseContext.getTestCaseId()): null

23-06-2024T20:46:37 - [TEST_STEP][PASSED] - openBrowser(""): Browser is opened with url: ''

23-06-2024T20:46:37 - [MESSAGE][WARNING] - A browser is already opened. Closing browser and opening a new one

23-06-2024T20:46:39 - [MESSAGE][INFO] - Starting 'Firefox (headless)' driver

23-06-2024T20:46:39 - [MESSAGE][INFO] - Action delay is set to 0 milliseconds

23-06-2024T20:46:44 - [MESSAGE][PASSED] - Browser is opened with url: ''

23-06-2024T20:46:44 - [TEST_STEP][FAILED] - try: Unable to verify match between actual text 'http://localhost/SAD/ArtLens/adminindex.php' and expected text 'http://localhost/SAD/ArtLens/admin.php' (Root cause: com.kms.katalon.core.exception.StepFailedException: Actual text 'http://localhost/SAD/ArtLens/adminindex.php' and expected text 'http://localhost/SAD/ArtLens/admin.php' are not matched
	at com.kms.katalon.core.keyword.builtin.VerifyMatchKeyword$_verifyMatch_closure1.doCall(VerifyMatchKeyword.groovy:57)
	at com.kms.katalon.core.keyword.builtin.VerifyMatchKeyword$_verifyMatch_closure1.call(VerifyMatchKeyword.groovy)
	at com.kms.katalon.core.keyword.internal.KeywordMain.runKeyword(KeywordMain.groovy:75)
	at com.kms.katalon.core.keyword.builtin.VerifyMatchKeyword.verifyMatch(VerifyMatchKeyword.groovy:60)
	at com.kms.katalon.core.keyword.builtin.VerifyMatchKeyword.execute(VerifyMatchKeyword.groovy:45)
	at com.kms.katalon.core.keyword.internal.KeywordExecutor.executeKeywordForPlatform(KeywordExecutor.groovy:74)
	at com.kms.katalon.core.keyword.BuiltinKeywords.verifyMatch(BuiltinKeywords.groovy:78)
	at java.base/jdk.internal.reflect.NativeMethodAccessorImpl.invoke0(Native Method)
	at java.base/jdk.internal.reflect.NativeMethodAccessorImpl.invoke(NativeMethodAccessorImpl.java:77)
	at java.base/jdk.internal.reflect.DelegatingMethodAccessorImpl.invoke(DelegatingMethodAccessorImpl.java:43)
	at login_all_valid_passwords_case_incorrect.run(login_all_valid_passwords_case_incorrect:69)
	at com.kms.katalon.core.main.ScriptEngine.run(ScriptEngine.java:194)
	at com.kms.katalon.core.main.ScriptEngine.runScriptAsRawText(ScriptEngine.java:119)
	at com.kms.katalon.core.main.TestCaseExecutor.runScript(TestCaseExecutor.java:448)
	at com.kms.katalon.core.main.TestCaseExecutor.doExecute(TestCaseExecutor.java:439)
	at com.kms.katalon.core.main.TestCaseExecutor.processExecutionPhase(TestCaseExecutor.java:418)
	at com.kms.katalon.core.main.TestCaseExecutor.accessMainPhase(TestCaseExecutor.java:410)
	at com.kms.katalon.core.main.TestCaseExecutor.execute(TestCaseExecutor.java:285)
	at com.kms.katalon.core.common.CommonExecutor.accessTestCaseMainPhase(CommonExecutor.java:65)
	at com.kms.katalon.core.main.TestSuiteExecutor.accessTestSuiteMainPhase(TestSuiteExecutor.java:150)
	at com.kms.katalon.core.main.TestSuiteExecutor.execute(TestSuiteExecutor.java:106)
	at com.kms.katalon.core.main.TestCaseMain.startTestSuite(TestCaseMain.java:180)
	at TempTestSuite1719146720018.run(TempTestSuite1719146720018.groovy:35)
	at java.base/jdk.internal.reflect.NativeMethodAccessorImpl.invoke0(Native Method)
	at java.base/jdk.internal.reflect.NativeMethodAccessorImpl.invoke(NativeMethodAccessorImpl.java:77)
	at java.base/jdk.internal.reflect.DelegatingMethodAccessorImpl.invoke(DelegatingMethodAccessorImpl.java:43)
)

23-06-2024T20:46:44 - [TEST_STEP][PASSED] - userIndex = userIndex: null

23-06-2024T20:46:44 - [TEST_STEP][PASSED] - callTestCase(findTestCase("admin/landing_page/header_bar_visible"), [:], STOP_ON_FAILURE): Call Test Case 'Test Cases/admin/landing_page/header_bar_visible' successfully

23-06-2024T20:46:44 - [TEST_CASE][PASSED] - Test Cases/admin/landing_page/header_bar_visible: Test Cases/admin/landing_page/header_bar_visible

23-06-2024T20:46:44 - [TEST_STEP][PASSED] - callTestCase(findTestCase("admin/landing_page/page_acessible"), [:], STOP_ON_FAILURE): Call Test Case 'Test Cases/admin/landing_page/page_acessible' successfully

23-06-2024T20:46:44 - [TEST_CASE][PASSED] - Test Cases/admin/landing_page/page_acessible: Test Cases/admin/landing_page/page_acessible

23-06-2024T20:46:45 - [TEST_STEP][PASSED] - AdminUtils.openWebPage("admin.php"): Navigate to 'http://localhost/SAD/ArtLens/admin.php' successfully

23-06-2024T20:46:45 - [MESSAGE][INFO] - HAR: C:\DevPackage\xampp\htdocs\SAD\ArtLens\Reports\20240623_204104\Test_Admin_Login\20240623_204520\requests\main\3.har

23-06-2024T20:46:45 - [MESSAGE][PASSED] - Send request successfully

23-06-2024T20:46:45 - [MESSAGE][PASSED] - All links are accessible

23-06-2024T20:46:45 - [MESSAGE][PASSED] - Navigate to 'http://localhost/SAD/ArtLens/admin.php' successfully

23-06-2024T20:46:45 - [MESSAGE][PASSED] - Call Test Case 'Test Cases/admin/landing_page/page_acessible' successfully

23-06-2024T20:46:45 - [TEST_STEP][PASSED] - verifyElementPresent(findTestObject("admin/landing_page/nav_ArtLens            Admin Login"), 0): Object 'Object Repository/admin/landing_page/nav_ArtLens            Admin Login' is present

23-06-2024T20:46:45 - [MESSAGE][WARNING] - Timeout '0' is invalid. Using default page load timeout: '30'

23-06-2024T20:46:46 - [MESSAGE][PASSED] - Object 'Object Repository/admin/landing_page/nav_ArtLens            Admin Login' is present

23-06-2024T20:46:46 - [TEST_STEP][PASSED] - verifyElementVisible(findTestObject("admin/landing_page/nav_ArtLens            Admin Login")): Object 'Object Repository/admin/landing_page/nav_ArtLens            Admin Login' is visible

23-06-2024T20:46:46 - [MESSAGE][PASSED] - Object 'Object Repository/admin/landing_page/nav_ArtLens            Admin Login' is visible

23-06-2024T20:46:46 - [MESSAGE][PASSED] - Call Test Case 'Test Cases/admin/landing_page/header_bar_visible' successfully

23-06-2024T20:46:46 - [TEST_STEP][PASSED] - password = ValidPasswordCredentials[userIndex]: null

23-06-2024T20:46:46 - [TEST_STEP][PASSED] - passwordChars = password.toCharArray(): null

23-06-2024T20:46:46 - [TEST_STEP][PASSED] - caseChanged = false: null

23-06-2024T20:46:46 - [TEST_STEP][PASSED] - for ([i = 0, i < length, (i++)]): null

23-06-2024T20:46:46 - [TEST_STEP][PASSED] - currentChar = passwordChars[i]: null

23-06-2024T20:46:46 - [TEST_STEP][PASSED] - if (Character.isLetter(currentChar)): null

23-06-2024T20:46:46 - [TEST_STEP][PASSED] - currentChar = passwordChars[i]: null

23-06-2024T20:46:46 - [TEST_STEP][PASSED] - if (Character.isLetter(currentChar)): null

23-06-2024T20:46:46 - [TEST_STEP][PASSED] - if (Character.isUpperCase(currentChar)): null

23-06-2024T20:46:46 - [TEST_STEP][PASSED] - passwordChars[i] = Character.toLowerCase(currentChar): null

23-06-2024T20:46:46 - [TEST_STEP][PASSED] - caseChanged = true: null

23-06-2024T20:46:46 - [TEST_STEP][PASSED] - break: null

23-06-2024T20:46:46 - [TEST_STEP][PASSED] - if (!(caseChanged) && length > 0): null

23-06-2024T20:46:46 - [TEST_STEP][PASSED] - password = new java.lang.String(passwordChars): null

23-06-2024T20:46:46 - [TEST_STEP][PASSED] - logInfo("Modified Password: " + password): Modified Password: @helloword

23-06-2024T20:46:46 - [MESSAGE][INFO] - Modified Password: @helloword

23-06-2024T20:46:46 - [TEST_STEP][PASSED] - AdminUtils.adminLogin(ValidUsernameCredentials[userIndex], password): Object: 'Object Repository/admin/landing_page/button_Login' is clicked on

23-06-2024T20:46:46 - [MESSAGE][WARNING] - Timeout '0' is invalid. Using default page load timeout: '30'

23-06-2024T20:46:46 - [MESSAGE][PASSED] - Object 'Object Repository/admin/landing_page/a_Admin Login' is present

23-06-2024T20:46:46 - [MESSAGE][PASSED] - Object 'Object Repository/admin/landing_page/a_Admin Login' is visible

23-06-2024T20:46:47 - [MESSAGE][PASSED] - Object: 'Object Repository/admin/landing_page/a_Admin Login' is clicked on

23-06-2024T20:46:47 - [MESSAGE][PASSED] - Text 'admin@gmail.com' is set on object 'Object Repository/admin/landing_page/input_ARTLENS_uname'

23-06-2024T20:46:47 - [MESSAGE][PASSED] - Object: 'Object Repository/admin/landing_page/button_Show' is clicked on

23-06-2024T20:46:48 - [MESSAGE][PASSED] - Text '@helloword' is set on object 'Object Repository/admin/landing_page/input_ARTLENS_pass_1'

23-06-2024T20:46:48 - [MESSAGE][WARNING] - Timeout '0' is invalid. Using default page load timeout: '30'

23-06-2024T20:46:48 - [MESSAGE][PASSED] - Object 'Object Repository/admin/landing_page/button_Login' is present

23-06-2024T20:46:48 - [MESSAGE][PASSED] - Object 'Object Repository/admin/landing_page/button_Login' is visible

23-06-2024T20:46:49 - [MESSAGE][PASSED] - Object: 'Object Repository/admin/landing_page/button_Login' is clicked on

23-06-2024T20:46:49 - [TEST_STEP][PASSED] - currentUrl = getUrl(): Current window's url is: 'http://localhost/SAD/ArtLens/adminindex.php'

23-06-2024T20:46:49 - [MESSAGE][PASSED] - Current window's url is: 'http://localhost/SAD/ArtLens/adminindex.php'

23-06-2024T20:46:49 - [TEST_STEP][PASSED] - expectedUrl = $GlobalVariable.appBaseLinkadmin.php: null

23-06-2024T20:46:49 - [TEST_STEP][FAILED] - isUrlCorrect = verifyMatch(currentUrl, expectedUrl, false): Unable to verify match between actual text 'http://localhost/SAD/ArtLens/adminindex.php' and expected text 'http://localhost/SAD/ArtLens/admin.php' (Root cause: com.kms.katalon.core.exception.StepFailedException: Actual text 'http://localhost/SAD/ArtLens/adminindex.php' and expected text 'http://localhost/SAD/ArtLens/admin.php' are not matched
	at com.kms.katalon.core.keyword.builtin.VerifyMatchKeyword$_verifyMatch_closure1.doCall(VerifyMatchKeyword.groovy:57)
	at com.kms.katalon.core.keyword.builtin.VerifyMatchKeyword$_verifyMatch_closure1.call(VerifyMatchKeyword.groovy)
	at com.kms.katalon.core.keyword.internal.KeywordMain.runKeyword(KeywordMain.groovy:75)
	at com.kms.katalon.core.keyword.builtin.VerifyMatchKeyword.verifyMatch(VerifyMatchKeyword.groovy:60)
	at com.kms.katalon.core.keyword.builtin.VerifyMatchKeyword.execute(VerifyMatchKeyword.groovy:45)
	at com.kms.katalon.core.keyword.internal.KeywordExecutor.executeKeywordForPlatform(KeywordExecutor.groovy:74)
	at com.kms.katalon.core.keyword.BuiltinKeywords.verifyMatch(BuiltinKeywords.groovy:78)
	at java.base/jdk.internal.reflect.NativeMethodAccessorImpl.invoke0(Native Method)
	at java.base/jdk.internal.reflect.NativeMethodAccessorImpl.invoke(NativeMethodAccessorImpl.java:77)
	at java.base/jdk.internal.reflect.DelegatingMethodAccessorImpl.invoke(DelegatingMethodAccessorImpl.java:43)
	at login_all_valid_passwords_case_incorrect.run(login_all_valid_passwords_case_incorrect:69)
	at com.kms.katalon.core.main.ScriptEngine.run(ScriptEngine.java:194)
	at com.kms.katalon.core.main.ScriptEngine.runScriptAsRawText(ScriptEngine.java:119)
	at com.kms.katalon.core.main.TestCaseExecutor.runScript(TestCaseExecutor.java:448)
	at com.kms.katalon.core.main.TestCaseExecutor.doExecute(TestCaseExecutor.java:439)
	at com.kms.katalon.core.main.TestCaseExecutor.processExecutionPhase(TestCaseExecutor.java:418)
	at com.kms.katalon.core.main.TestCaseExecutor.accessMainPhase(TestCaseExecutor.java:410)
	at com.kms.katalon.core.main.TestCaseExecutor.execute(TestCaseExecutor.java:285)
	at com.kms.katalon.core.common.CommonExecutor.accessTestCaseMainPhase(CommonExecutor.java:65)
	at com.kms.katalon.core.main.TestSuiteExecutor.accessTestSuiteMainPhase(TestSuiteExecutor.java:150)
	at com.kms.katalon.core.main.TestSuiteExecutor.execute(TestSuiteExecutor.java:106)
	at com.kms.katalon.core.main.TestCaseMain.startTestSuite(TestCaseMain.java:180)
	at TempTestSuite1719146720018.run(TempTestSuite1719146720018.groovy:35)
	at java.base/jdk.internal.reflect.NativeMethodAccessorImpl.invoke0(Native Method)
	at java.base/jdk.internal.reflect.NativeMethodAccessorImpl.invoke(NativeMethodAccessorImpl.java:77)
	at java.base/jdk.internal.reflect.DelegatingMethodAccessorImpl.invoke(DelegatingMethodAccessorImpl.java:43)
)

23-06-2024T20:46:49 - [MESSAGE][FAILED] - Unable to verify match between actual text 'http://localhost/SAD/ArtLens/adminindex.php' and expected text 'http://localhost/SAD/ArtLens/admin.php' (Root cause: com.kms.katalon.core.exception.StepFailedException: Actual text 'http://localhost/SAD/ArtLens/adminindex.php' and expected text 'http://localhost/SAD/ArtLens/admin.php' are not matched
	at com.kms.katalon.core.keyword.builtin.VerifyMatchKeyword$_verifyMatch_closure1.doCall(VerifyMatchKeyword.groovy:57)
	at com.kms.katalon.core.keyword.builtin.VerifyMatchKeyword$_verifyMatch_closure1.call(VerifyMatchKeyword.groovy)
	at com.kms.katalon.core.keyword.internal.KeywordMain.runKeyword(KeywordMain.groovy:75)
	at com.kms.katalon.core.keyword.builtin.VerifyMatchKeyword.verifyMatch(VerifyMatchKeyword.groovy:60)
	at com.kms.katalon.core.keyword.builtin.VerifyMatchKeyword.execute(VerifyMatchKeyword.groovy:45)
	at com.kms.katalon.core.keyword.internal.KeywordExecutor.executeKeywordForPlatform(KeywordExecutor.groovy:74)
	at com.kms.katalon.core.keyword.BuiltinKeywords.verifyMatch(BuiltinKeywords.groovy:78)
	at java.base/jdk.internal.reflect.NativeMethodAccessorImpl.invoke0(Native Method)
	at java.base/jdk.internal.reflect.NativeMethodAccessorImpl.invoke(NativeMethodAccessorImpl.java:77)
	at java.base/jdk.internal.reflect.DelegatingMethodAccessorImpl.invoke(DelegatingMethodAccessorImpl.java:43)
	at login_all_valid_passwords_case_incorrect.run(login_all_valid_passwords_case_incorrect:69)
	at com.kms.katalon.core.main.ScriptEngine.run(ScriptEngine.java:194)
	at com.kms.katalon.core.main.ScriptEngine.runScriptAsRawText(ScriptEngine.java:119)
	at com.kms.katalon.core.main.TestCaseExecutor.runScript(TestCaseExecutor.java:448)
	at com.kms.katalon.core.main.TestCaseExecutor.doExecute(TestCaseExecutor.java:439)
	at com.kms.katalon.core.main.TestCaseExecutor.processExecutionPhase(TestCaseExecutor.java:418)
	at com.kms.katalon.core.main.TestCaseExecutor.accessMainPhase(TestCaseExecutor.java:410)
	at com.kms.katalon.core.main.TestCaseExecutor.execute(TestCaseExecutor.java:285)
	at com.kms.katalon.core.common.CommonExecutor.accessTestCaseMainPhase(CommonExecutor.java:65)
	at com.kms.katalon.core.main.TestSuiteExecutor.accessTestSuiteMainPhase(TestSuiteExecutor.java:150)
	at com.kms.katalon.core.main.TestSuiteExecutor.execute(TestSuiteExecutor.java:106)
	at com.kms.katalon.core.main.TestCaseMain.startTestSuite(TestCaseMain.java:180)
	at TempTestSuite1719146720018.run(TempTestSuite1719146720018.groovy:35)
	at java.base/jdk.internal.reflect.NativeMethodAccessorImpl.invoke0(Native Method)
	at java.base/jdk.internal.reflect.NativeMethodAccessorImpl.invoke(NativeMethodAccessorImpl.java:77)
	at java.base/jdk.internal.reflect.DelegatingMethodAccessorImpl.invoke(DelegatingMethodAccessorImpl.java:43)
)

23-06-2024T20:46:49 - [TEST_STEP][FAILED] - catch (Exception e): An error occurred: Actual text 'http://localhost/SAD/ArtLens/adminindex.php' and expected text 'http://localhost/SAD/ArtLens/admin.php' are not matched

23-06-2024T20:46:49 - [TEST_STEP][FAILED] - markFailed("An error occurred: " + message): An error occurred: Actual text 'http://localhost/SAD/ArtLens/adminindex.php' and expected text 'http://localhost/SAD/ArtLens/admin.php' are not matched

23-06-2024T20:46:49 - [MESSAGE][FAILED] - An error occurred: Actual text 'http://localhost/SAD/ArtLens/adminindex.php' and expected text 'http://localhost/SAD/ArtLens/admin.php' are not matched

23-06-2024T20:46:49 - [TEST_STEP][PASSED] - Finally: null

23-06-2024T20:46:49 - [TEST_STEP][PASSED] - Start listener action : sampleAfterTestCase: null]]></system-out>
         <system-err><![CDATA[23-06-2024T20:46:37 - [TEST_CASE][FAILED] - Test Cases/admin/landing_page/login_all_valid_passwords_case_incorrect: Test Cases/admin/landing_page/login_all_valid_passwords_case_incorrect FAILED.
Reason:
com.kms.katalon.core.exception.StepFailedException: An error occurred: Actual text 'http://localhost/SAD/ArtLens/adminindex.php' and expected text 'http://localhost/SAD/ArtLens/admin.php' are not matched
	at com.kms.katalon.core.util.KeywordUtil.markFailed(KeywordUtil.java:19)
	at login_all_valid_passwords_case_incorrect.run(login_all_valid_passwords_case_incorrect:79)
	at com.kms.katalon.core.main.ScriptEngine.run(ScriptEngine.java:194)
	at com.kms.katalon.core.main.ScriptEngine.runScriptAsRawText(ScriptEngine.java:119)
	at com.kms.katalon.core.main.TestCaseExecutor.runScript(TestCaseExecutor.java:448)
	at com.kms.katalon.core.main.TestCaseExecutor.doExecute(TestCaseExecutor.java:439)
	at com.kms.katalon.core.main.TestCaseExecutor.processExecutionPhase(TestCaseExecutor.java:418)
	at com.kms.katalon.core.main.TestCaseExecutor.accessMainPhase(TestCaseExecutor.java:410)
	at com.kms.katalon.core.main.TestCaseExecutor.execute(TestCaseExecutor.java:285)
	at com.kms.katalon.core.common.CommonExecutor.accessTestCaseMainPhase(CommonExecutor.java:65)
	at com.kms.katalon.core.main.TestSuiteExecutor.accessTestSuiteMainPhase(TestSuiteExecutor.java:150)
	at com.kms.katalon.core.main.TestSuiteExecutor.execute(TestSuiteExecutor.java:106)
	at com.kms.katalon.core.main.TestCaseMain.startTestSuite(TestCaseMain.java:180)
	at TempTestSuite1719146720018.run(TempTestSuite1719146720018.groovy:35)
	at java.base/jdk.internal.reflect.NativeMethodAccessorImpl.invoke0(Native Method)
	at java.base/jdk.internal.reflect.NativeMethodAccessorImpl.invoke(NativeMethodAccessorImpl.java:77)
	at java.base/jdk.internal.reflect.DelegatingMethodAccessorImpl.invoke(DelegatingMethodAccessorImpl.java:43)]]></system-err>
      </testcase>
      <system-out><![CDATA[23-06-2024T20:45:37 - [TEST_SUITE][FAILED] - Test_Admin_Login: Test Cases/admin/landing_page/login_username_password_space_only FAILED.
Reason:
com.kms.katalon.core.exception.StepFailedException: Validation failed. Username has no invalid feedback: 
	at com.kms.katalon.core.util.KeywordUtil.markFailed(KeywordUtil.java:19)
	at Script1718796904306$1.execute(Script1718796904306.groovy:39)
	at com.artlens.utils.AdminUtils.adminLogin(AdminUtils.groovy:60)
	at login_username_password_space_only.run(login_username_password_space_only:28)
	at com.kms.katalon.core.main.ScriptEngine.run(ScriptEngine.java:194)
	at com.kms.katalon.core.main.ScriptEngine.runScriptAsRawText(ScriptEngine.java:119)
	at com.kms.katalon.core.main.TestCaseExecutor.runScript(TestCaseExecutor.java:448)
	at com.kms.katalon.core.main.TestCaseExecutor.doExecute(TestCaseExecutor.java:439)
	at com.kms.katalon.core.main.TestCaseExecutor.processExecutionPhase(TestCaseExecutor.java:418)
	at com.kms.katalon.core.main.TestCaseExecutor.accessMainPhase(TestCaseExecutor.java:410)
	at com.kms.katalon.core.main.TestCaseExecutor.execute(TestCaseExecutor.java:285)
	at com.kms.katalon.core.common.CommonExecutor.accessTestCaseMainPhase(CommonExecutor.java:65)
	at com.kms.katalon.core.main.TestSuiteExecutor.accessTestSuiteMainPhase(TestSuiteExecutor.java:150)
	at com.kms.katalon.core.main.TestSuiteExecutor.execute(TestSuiteExecutor.java:106)
	at com.kms.katalon.core.main.TestCaseMain.startTestSuite(TestCaseMain.java:180)
	at TempTestSuite1719146720018.run(TempTestSuite1719146720018.groovy:35)
	at java.base/jdk.internal.reflect.NativeMethodAccessorImpl.invoke0(Native Method)
	at java.base/jdk.internal.reflect.NativeMethodAccessorImpl.invoke(NativeMethodAccessorImpl.java:77)
	at java.base/jdk.internal.reflect.DelegatingMethodAccessorImpl.invoke(DelegatingMethodAccessorImpl.java:43)]]></system-out>
      <system-err><![CDATA[23-06-2024T20:45:37 - [TEST_SUITE][FAILED] - Test_Admin_Login: Test Cases/admin/landing_page/login_username_password_space_only FAILED.
Reason:
com.kms.katalon.core.exception.StepFailedException: Validation failed. Username has no invalid feedback: 
	at com.kms.katalon.core.util.KeywordUtil.markFailed(KeywordUtil.java:19)
	at Script1718796904306$1.execute(Script1718796904306.groovy:39)
	at com.artlens.utils.AdminUtils.adminLogin(AdminUtils.groovy:60)
	at login_username_password_space_only.run(login_username_password_space_only:28)
	at com.kms.katalon.core.main.ScriptEngine.run(ScriptEngine.java:194)
	at com.kms.katalon.core.main.ScriptEngine.runScriptAsRawText(ScriptEngine.java:119)
	at com.kms.katalon.core.main.TestCaseExecutor.runScript(TestCaseExecutor.java:448)
	at com.kms.katalon.core.main.TestCaseExecutor.doExecute(TestCaseExecutor.java:439)
	at com.kms.katalon.core.main.TestCaseExecutor.processExecutionPhase(TestCaseExecutor.java:418)
	at com.kms.katalon.core.main.TestCaseExecutor.accessMainPhase(TestCaseExecutor.java:410)
	at com.kms.katalon.core.main.TestCaseExecutor.execute(TestCaseExecutor.java:285)
	at com.kms.katalon.core.common.CommonExecutor.accessTestCaseMainPhase(CommonExecutor.java:65)
	at com.kms.katalon.core.main.TestSuiteExecutor.accessTestSuiteMainPhase(TestSuiteExecutor.java:150)
	at com.kms.katalon.core.main.TestSuiteExecutor.execute(TestSuiteExecutor.java:106)
	at com.kms.katalon.core.main.TestCaseMain.startTestSuite(TestCaseMain.java:180)
	at TempTestSuite1719146720018.run(TempTestSuite1719146720018.groovy:35)
	at java.base/jdk.internal.reflect.NativeMethodAccessorImpl.invoke0(Native Method)
	at java.base/jdk.internal.reflect.NativeMethodAccessorImpl.invoke(NativeMethodAccessorImpl.java:77)
	at java.base/jdk.internal.reflect.DelegatingMethodAccessorImpl.invoke(DelegatingMethodAccessorImpl.java:43)]]></system-err>
   </testsuite>
   <testsuite name="Test_Admin_Login" tests="4" failures="4" errors="0" time="41.05" skipped="0" timestamp="23-06-2024T20:47:14" hostname="Summer - DESKTOP-KG5V3HF" id="Test Suites/Test_Admin_Login">
      <properties>
         <property name="deviceName" value=""/>
         <property name="devicePlatform"/>
         <property name="logFolder" value="C:\\DevPackage\\xampp\\htdocs\\SAD\\ArtLens\\Reports\\20240623_204104\\Test_Admin_Login\\20240623_204655"/>
         <property name="logFiles" value="C:\\DevPackage\\xampp\\htdocs\\SAD\\ArtLens\\Reports\\20240623_204104\\Test_Admin_Login\\20240623_204655\\execution0.log"/>
         <property name="attachments" value=""/>
         <property name="hostName" value="Summer - DESKTOP-KG5V3HF"/>
         <property name="os" value="Windows 10 64bit"/>
         <property name="katalonVersion" value="9.6.0.217"/>
         <property name="browser" value="Firefox 128.0"/>
         <property name="hostAddress" value="192.200.100.56"/>
         <property name="sessionId" value="dc407482-0aac-485f-89c4-47bb93eabc19"/>
         <property name="seleniumVersion" value="3.141.59"/>
         <property name="proxyInformation" value="ProxyInformation { proxyOption=NO_PROXY, proxyServerType=HTTP, username=, password=********, proxyServerAddress=, proxyServerPort=0, executionList=&quot;&quot;, isApplyToDesiredCapabilities=true }"/>
         <property name="platform" value="Windows 10"/>
      </properties>
      <testcase name="Test Cases/admin/landing_page/login_username_password_space_only" time="15.75" classname="Test Cases/admin/landing_page/login_username_password_space_only" status="FAILED">
         <failure type="FAILED" message="Test Cases/admin/landing_page/login_username_password_space_only FAILED.&#xa;Reason:&#xa;com.kms.katalon.core.exception.StepFailedException: Validation failed. Username has no invalid feedback: &#xa;	at com.kms.katalon.core.util.KeywordUtil.markFailed(KeywordUtil.java:19)&#xa;	at Script1718796904306$1.execute(Script1718796904306.groovy:39)&#xa;	at com.artlens.utils.AdminUtils.adminLogin(AdminUtils.groovy:60)&#xa;	at login_username_password_space_only.run(login_username_password_space_only:28)&#xa;	at com.kms.katalon.core.main.ScriptEngine.run(ScriptEngine.java:194)&#xa;	at com.kms.katalon.core.main.ScriptEngine.runScriptAsRawText(ScriptEngine.java:119)&#xa;	at com.kms.katalon.core.main.TestCaseExecutor.runScript(TestCaseExecutor.java:448)&#xa;	at com.kms.katalon.core.main.TestCaseExecutor.doExecute(TestCaseExecutor.java:439)&#xa;	at com.kms.katalon.core.main.TestCaseExecutor.processExecutionPhase(TestCaseExecutor.java:418)&#xa;	at com.kms.katalon.core.main.TestCaseExecutor.accessMainPhase(TestCaseExecutor.java:410)&#xa;	at com.kms.katalon.core.main.TestCaseExecutor.execute(TestCaseExecutor.java:285)&#xa;	at com.kms.katalon.core.common.CommonExecutor.accessTestCaseMainPhase(CommonExecutor.java:65)&#xa;	at com.kms.katalon.core.main.TestSuiteExecutor.accessTestSuiteMainPhase(TestSuiteExecutor.java:150)&#xa;	at com.kms.katalon.core.main.TestSuiteExecutor.execute(TestSuiteExecutor.java:106)&#xa;	at com.kms.katalon.core.main.TestCaseMain.startTestSuite(TestCaseMain.java:180)&#xa;	at TempTestSuite1719146815888.run(TempTestSuite1719146815888.groovy:35)&#xa;	at java.base/jdk.internal.reflect.NativeMethodAccessorImpl.invoke0(Native Method)&#xa;	at java.base/jdk.internal.reflect.NativeMethodAccessorImpl.invoke(NativeMethodAccessorImpl.java:77)&#xa;	at java.base/jdk.internal.reflect.DelegatingMethodAccessorImpl.invoke(DelegatingMethodAccessorImpl.java:43)&#xa;"/>
         <system-out><![CDATA[23-06-2024T20:47:14 - [TEST_CASE][FAILED] - Test Cases/admin/landing_page/login_username_password_space_only: Test Cases/admin/landing_page/login_username_password_space_only FAILED.
Reason:
com.kms.katalon.core.exception.StepFailedException: Validation failed. Username has no invalid feedback: 
	at com.kms.katalon.core.util.KeywordUtil.markFailed(KeywordUtil.java:19)
	at Script1718796904306$1.execute(Script1718796904306.groovy:39)
	at com.artlens.utils.AdminUtils.adminLogin(AdminUtils.groovy:60)
	at login_username_password_space_only.run(login_username_password_space_only:28)
	at com.kms.katalon.core.main.ScriptEngine.run(ScriptEngine.java:194)
	at com.kms.katalon.core.main.ScriptEngine.runScriptAsRawText(ScriptEngine.java:119)
	at com.kms.katalon.core.main.TestCaseExecutor.runScript(TestCaseExecutor.java:448)
	at com.kms.katalon.core.main.TestCaseExecutor.doExecute(TestCaseExecutor.java:439)
	at com.kms.katalon.core.main.TestCaseExecutor.processExecutionPhase(TestCaseExecutor.java:418)
	at com.kms.katalon.core.main.TestCaseExecutor.accessMainPhase(TestCaseExecutor.java:410)
	at com.kms.katalon.core.main.TestCaseExecutor.execute(TestCaseExecutor.java:285)
	at com.kms.katalon.core.common.CommonExecutor.accessTestCaseMainPhase(CommonExecutor.java:65)
	at com.kms.katalon.core.main.TestSuiteExecutor.accessTestSuiteMainPhase(TestSuiteExecutor.java:150)
	at com.kms.katalon.core.main.TestSuiteExecutor.execute(TestSuiteExecutor.java:106)
	at com.kms.katalon.core.main.TestCaseMain.startTestSuite(TestCaseMain.java:180)
	at TempTestSuite1719146815888.run(TempTestSuite1719146815888.groovy:35)
	at java.base/jdk.internal.reflect.NativeMethodAccessorImpl.invoke0(Native Method)
	at java.base/jdk.internal.reflect.NativeMethodAccessorImpl.invoke(NativeMethodAccessorImpl.java:77)
	at java.base/jdk.internal.reflect.DelegatingMethodAccessorImpl.invoke(DelegatingMethodAccessorImpl.java:43)


23-06-2024T20:47:14 - [TEST_STEP][PASSED] - Start listener action : sampleBeforeTestCase: Browser is opened with url: ''

23-06-2024T20:47:14 - [TEST_STEP][PASSED] - println(testCaseContext.getTestCaseId()): null

23-06-2024T20:47:14 - [TEST_STEP][PASSED] - openBrowser(""): Browser is opened with url: ''

23-06-2024T20:47:15 - [MESSAGE][INFO] - Starting 'Firefox (headless)' driver

23-06-2024T20:47:16 - [MESSAGE][INFO] - Action delay is set to 0 milliseconds

23-06-2024T20:47:22 - [MESSAGE][PASSED] - Browser is opened with url: ''

23-06-2024T20:47:23 - [TEST_STEP][PASSED] - try: Text '@Helloword' is set on object 'Object Repository/admin/landing_page/input_ARTLENS_pass_1'

23-06-2024T20:47:23 - [TEST_STEP][PASSED] - userIndex = userIndex: null

23-06-2024T20:47:23 - [TEST_STEP][PASSED] - callTestCase(findTestCase("admin/landing_page/header_bar_visible"), [:], STOP_ON_FAILURE): Call Test Case 'Test Cases/admin/landing_page/header_bar_visible' successfully

23-06-2024T20:47:23 - [TEST_CASE][PASSED] - Test Cases/admin/landing_page/header_bar_visible: Test Cases/admin/landing_page/header_bar_visible

23-06-2024T20:47:23 - [TEST_STEP][PASSED] - callTestCase(findTestCase("admin/landing_page/page_acessible"), [:], STOP_ON_FAILURE): Call Test Case 'Test Cases/admin/landing_page/page_acessible' successfully

23-06-2024T20:47:23 - [TEST_CASE][PASSED] - Test Cases/admin/landing_page/page_acessible: Test Cases/admin/landing_page/page_acessible

23-06-2024T20:47:24 - [TEST_STEP][PASSED] - AdminUtils.openWebPage("admin.php"): Navigate to 'http://localhost/SAD/ArtLens/admin.php' successfully

23-06-2024T20:47:25 - [MESSAGE][INFO] - HAR: C:\DevPackage\xampp\htdocs\SAD\ArtLens\Reports\20240623_204104\Test_Admin_Login\20240623_204655\requests\main\0.har

23-06-2024T20:47:26 - [MESSAGE][PASSED] - Send request successfully

23-06-2024T20:47:26 - [MESSAGE][PASSED] - All links are accessible

23-06-2024T20:47:26 - [MESSAGE][PASSED] - Navigate to 'http://localhost/SAD/ArtLens/admin.php' successfully

23-06-2024T20:47:26 - [MESSAGE][PASSED] - Call Test Case 'Test Cases/admin/landing_page/page_acessible' successfully

23-06-2024T20:47:26 - [TEST_STEP][PASSED] - verifyElementPresent(findTestObject("admin/landing_page/nav_ArtLens            Admin Login"), 0): Object 'Object Repository/admin/landing_page/nav_ArtLens            Admin Login' is present

23-06-2024T20:47:26 - [MESSAGE][WARNING] - Timeout '0' is invalid. Using default page load timeout: '30'

23-06-2024T20:47:26 - [MESSAGE][PASSED] - Object 'Object Repository/admin/landing_page/nav_ArtLens            Admin Login' is present

23-06-2024T20:47:26 - [TEST_STEP][PASSED] - verifyElementVisible(findTestObject("admin/landing_page/nav_ArtLens            Admin Login")): Object 'Object Repository/admin/landing_page/nav_ArtLens            Admin Login' is visible

23-06-2024T20:47:27 - [MESSAGE][PASSED] - Object 'Object Repository/admin/landing_page/nav_ArtLens            Admin Login' is visible

23-06-2024T20:47:27 - [MESSAGE][PASSED] - Call Test Case 'Test Cases/admin/landing_page/header_bar_visible' successfully

23-06-2024T20:47:27 - [TEST_STEP][PASSED] - AdminUtils.adminLogin(" ", ValidPasswordCredentials[userIndex], new Script1718796904306$1(this)): Text '@Helloword' is set on object 'Object Repository/admin/landing_page/input_ARTLENS_pass_1'

23-06-2024T20:47:27 - [MESSAGE][WARNING] - Timeout '0' is invalid. Using default page load timeout: '30'

23-06-2024T20:47:27 - [MESSAGE][PASSED] - Object 'Object Repository/admin/landing_page/a_Admin Login' is present

23-06-2024T20:47:27 - [MESSAGE][PASSED] - Object 'Object Repository/admin/landing_page/a_Admin Login' is visible

23-06-2024T20:47:28 - [MESSAGE][PASSED] - Object: 'Object Repository/admin/landing_page/a_Admin Login' is clicked on

23-06-2024T20:47:28 - [MESSAGE][PASSED] - Text ' ' is set on object 'Object Repository/admin/landing_page/input_ARTLENS_uname'

23-06-2024T20:47:29 - [MESSAGE][PASSED] - Object: 'Object Repository/admin/landing_page/button_Show' is clicked on

23-06-2024T20:47:29 - [MESSAGE][PASSED] - Text '@Helloword' is set on object 'Object Repository/admin/landing_page/input_ARTLENS_pass_1'

23-06-2024T20:47:29 - [TEST_STEP][PASSED] - click(findTestObject("admin/landing_page/div_ARTLENS_Modal_Login_Form")): Object: 'Object Repository/admin/landing_page/div_ARTLENS_Modal_Login_Form' is clicked on

23-06-2024T20:47:29 - [MESSAGE][PASSED] - Object: 'Object Repository/admin/landing_page/div_ARTLENS_Modal_Login_Form' is clicked on

23-06-2024T20:47:29 - [TEST_STEP][PASSED] - Thread.sleep(500): null

23-06-2024T20:47:29 - [TEST_STEP][PASSED] - isUsernameInvalid = AdminUtils.containsClass(findTestObject("Object Repository/admin/landing_page/input_ARTLENS_uname"), "is-invalid"): Attribute 'class' of object 'Object Repository/admin/landing_page/input_ARTLENS_uname' is: 'form-control input1'

23-06-2024T20:47:29 - [MESSAGE][PASSED] - Attribute 'class' of object 'Object Repository/admin/landing_page/input_ARTLENS_uname' is: 'form-control input1'

23-06-2024T20:47:29 - [TEST_STEP][PASSED] - if (!(isUsernameInvalid)): The URL is correct: http://localhost/SAD/ArtLens/admin.php

23-06-2024T20:47:29 - [TEST_STEP][PASSED] - markFailed("Validation failed. Username has no invalid feedback: "): Object: 'Object Repository/admin/landing_page/button_Login' is clicked on

23-06-2024T20:47:30 - [MESSAGE][FAILED] - Validation failed. Username has no invalid feedback: 

23-06-2024T20:47:30 - [MESSAGE][WARNING] - Timeout '0' is invalid. Using default page load timeout: '30'

23-06-2024T20:47:30 - [MESSAGE][PASSED] - Object 'Object Repository/admin/landing_page/button_Login' is present

23-06-2024T20:47:30 - [MESSAGE][PASSED] - Object 'Object Repository/admin/landing_page/button_Login' is visible

23-06-2024T20:47:30 - [MESSAGE][PASSED] - Object: 'Object Repository/admin/landing_page/button_Login' is clicked on

23-06-2024T20:47:30 - [TEST_STEP][PASSED] - currentUrl = getUrl(): Current window's url is: 'http://localhost/SAD/ArtLens/admin.php'

23-06-2024T20:47:30 - [MESSAGE][PASSED] - Current window's url is: 'http://localhost/SAD/ArtLens/admin.php'

23-06-2024T20:47:30 - [TEST_STEP][PASSED] - expectedUrl = $GlobalVariable.appBaseLinkadmin.php: null

23-06-2024T20:47:30 - [TEST_STEP][PASSED] - isUrlCorrect = verifyMatch(currentUrl, expectedUrl, false): Actual text 'http://localhost/SAD/ArtLens/admin.php' and expected text 'http://localhost/SAD/ArtLens/admin.php' are matched 

23-06-2024T20:47:30 - [MESSAGE][PASSED] - Actual text 'http://localhost/SAD/ArtLens/admin.php' and expected text 'http://localhost/SAD/ArtLens/admin.php' are matched 

23-06-2024T20:47:30 - [TEST_STEP][PASSED] - if (isUrlCorrect): The URL is correct: http://localhost/SAD/ArtLens/admin.php

23-06-2024T20:47:30 - [TEST_STEP][PASSED] - markPassed("The URL is correct: " + currentUrl): The URL is correct: http://localhost/SAD/ArtLens/admin.php

23-06-2024T20:47:30 - [MESSAGE][PASSED] - The URL is correct: http://localhost/SAD/ArtLens/admin.php

23-06-2024T20:47:30 - [TEST_STEP][PASSED] - Finally: null

23-06-2024T20:47:30 - [TEST_STEP][PASSED] - Start listener action : sampleAfterTestCase: null]]></system-out>
         <system-err><![CDATA[23-06-2024T20:47:14 - [TEST_CASE][FAILED] - Test Cases/admin/landing_page/login_username_password_space_only: Test Cases/admin/landing_page/login_username_password_space_only FAILED.
Reason:
com.kms.katalon.core.exception.StepFailedException: Validation failed. Username has no invalid feedback: 
	at com.kms.katalon.core.util.KeywordUtil.markFailed(KeywordUtil.java:19)
	at Script1718796904306$1.execute(Script1718796904306.groovy:39)
	at com.artlens.utils.AdminUtils.adminLogin(AdminUtils.groovy:60)
	at login_username_password_space_only.run(login_username_password_space_only:28)
	at com.kms.katalon.core.main.ScriptEngine.run(ScriptEngine.java:194)
	at com.kms.katalon.core.main.ScriptEngine.runScriptAsRawText(ScriptEngine.java:119)
	at com.kms.katalon.core.main.TestCaseExecutor.runScript(TestCaseExecutor.java:448)
	at com.kms.katalon.core.main.TestCaseExecutor.doExecute(TestCaseExecutor.java:439)
	at com.kms.katalon.core.main.TestCaseExecutor.processExecutionPhase(TestCaseExecutor.java:418)
	at com.kms.katalon.core.main.TestCaseExecutor.accessMainPhase(TestCaseExecutor.java:410)
	at com.kms.katalon.core.main.TestCaseExecutor.execute(TestCaseExecutor.java:285)
	at com.kms.katalon.core.common.CommonExecutor.accessTestCaseMainPhase(CommonExecutor.java:65)
	at com.kms.katalon.core.main.TestSuiteExecutor.accessTestSuiteMainPhase(TestSuiteExecutor.java:150)
	at com.kms.katalon.core.main.TestSuiteExecutor.execute(TestSuiteExecutor.java:106)
	at com.kms.katalon.core.main.TestCaseMain.startTestSuite(TestCaseMain.java:180)
	at TempTestSuite1719146815888.run(TempTestSuite1719146815888.groovy:35)
	at java.base/jdk.internal.reflect.NativeMethodAccessorImpl.invoke0(Native Method)
	at java.base/jdk.internal.reflect.NativeMethodAccessorImpl.invoke(NativeMethodAccessorImpl.java:77)
	at java.base/jdk.internal.reflect.DelegatingMethodAccessorImpl.invoke(DelegatingMethodAccessorImpl.java:43)]]></system-err>
      </testcase>
      <testcase name="Test Cases/admin/landing_page/login_username_space_only" time="8.8" classname="Test Cases/admin/landing_page/login_username_space_only" status="FAILED">
         <failure type="FAILED" message="Test Cases/admin/landing_page/login_username_space_only FAILED.&#xa;Reason:&#xa;com.kms.katalon.core.exception.StepFailedException&#xa;	at com.kms.katalon.core.util.KeywordUtil.markFailed(KeywordUtil.java:19)&#xa;	at Script1718796813888$1.execute(Script1718796813888.groovy:41)&#xa;	at com.artlens.utils.AdminUtils.adminLogin(AdminUtils.groovy:60)&#xa;	at login_username_space_only.run(login_username_space_only:31)&#xa;	at com.kms.katalon.core.main.ScriptEngine.run(ScriptEngine.java:194)&#xa;	at com.kms.katalon.core.main.ScriptEngine.runScriptAsRawText(ScriptEngine.java:119)&#xa;	at com.kms.katalon.core.main.TestCaseExecutor.runScript(TestCaseExecutor.java:448)&#xa;	at com.kms.katalon.core.main.TestCaseExecutor.doExecute(TestCaseExecutor.java:439)&#xa;	at com.kms.katalon.core.main.TestCaseExecutor.processExecutionPhase(TestCaseExecutor.java:418)&#xa;	at com.kms.katalon.core.main.TestCaseExecutor.accessMainPhase(TestCaseExecutor.java:410)&#xa;	at com.kms.katalon.core.main.TestCaseExecutor.execute(TestCaseExecutor.java:285)&#xa;	at com.kms.katalon.core.common.CommonExecutor.accessTestCaseMainPhase(CommonExecutor.java:65)&#xa;	at com.kms.katalon.core.main.TestSuiteExecutor.accessTestSuiteMainPhase(TestSuiteExecutor.java:150)&#xa;	at com.kms.katalon.core.main.TestSuiteExecutor.execute(TestSuiteExecutor.java:106)&#xa;	at com.kms.katalon.core.main.TestCaseMain.startTestSuite(TestCaseMain.java:180)&#xa;	at TempTestSuite1719146815888.run(TempTestSuite1719146815888.groovy:35)&#xa;	at java.base/jdk.internal.reflect.NativeMethodAccessorImpl.invoke0(Native Method)&#xa;	at java.base/jdk.internal.reflect.NativeMethodAccessorImpl.invoke(NativeMethodAccessorImpl.java:77)&#xa;	at java.base/jdk.internal.reflect.DelegatingMethodAccessorImpl.invoke(DelegatingMethodAccessorImpl.java:43)&#xa;"/>
         <system-out><![CDATA[23-06-2024T20:47:30 - [TEST_CASE][FAILED] - Test Cases/admin/landing_page/login_username_space_only: Test Cases/admin/landing_page/login_username_space_only FAILED.
Reason:
com.kms.katalon.core.exception.StepFailedException
	at com.kms.katalon.core.util.KeywordUtil.markFailed(KeywordUtil.java:19)
	at Script1718796813888$1.execute(Script1718796813888.groovy:41)
	at com.artlens.utils.AdminUtils.adminLogin(AdminUtils.groovy:60)
	at login_username_space_only.run(login_username_space_only:31)
	at com.kms.katalon.core.main.ScriptEngine.run(ScriptEngine.java:194)
	at com.kms.katalon.core.main.ScriptEngine.runScriptAsRawText(ScriptEngine.java:119)
	at com.kms.katalon.core.main.TestCaseExecutor.runScript(TestCaseExecutor.java:448)
	at com.kms.katalon.core.main.TestCaseExecutor.doExecute(TestCaseExecutor.java:439)
	at com.kms.katalon.core.main.TestCaseExecutor.processExecutionPhase(TestCaseExecutor.java:418)
	at com.kms.katalon.core.main.TestCaseExecutor.accessMainPhase(TestCaseExecutor.java:410)
	at com.kms.katalon.core.main.TestCaseExecutor.execute(TestCaseExecutor.java:285)
	at com.kms.katalon.core.common.CommonExecutor.accessTestCaseMainPhase(CommonExecutor.java:65)
	at com.kms.katalon.core.main.TestSuiteExecutor.accessTestSuiteMainPhase(TestSuiteExecutor.java:150)
	at com.kms.katalon.core.main.TestSuiteExecutor.execute(TestSuiteExecutor.java:106)
	at com.kms.katalon.core.main.TestCaseMain.startTestSuite(TestCaseMain.java:180)
	at TempTestSuite1719146815888.run(TempTestSuite1719146815888.groovy:35)
	at java.base/jdk.internal.reflect.NativeMethodAccessorImpl.invoke0(Native Method)
	at java.base/jdk.internal.reflect.NativeMethodAccessorImpl.invoke(NativeMethodAccessorImpl.java:77)
	at java.base/jdk.internal.reflect.DelegatingMethodAccessorImpl.invoke(DelegatingMethodAccessorImpl.java:43)


23-06-2024T20:47:30 - [TEST_STEP][PASSED] - Start listener action : sampleBeforeTestCase: Browser is opened with url: ''

23-06-2024T20:47:30 - [TEST_STEP][PASSED] - println(testCaseContext.getTestCaseId()): null

23-06-2024T20:47:30 - [TEST_STEP][PASSED] - openBrowser(""): Browser is opened with url: ''

23-06-2024T20:47:30 - [MESSAGE][WARNING] - A browser is already opened. Closing browser and opening a new one

23-06-2024T20:47:31 - [MESSAGE][INFO] - Starting 'Firefox (headless)' driver

23-06-2024T20:47:31 - [MESSAGE][INFO] - Action delay is set to 0 milliseconds

23-06-2024T20:47:34 - [MESSAGE][PASSED] - Browser is opened with url: ''

23-06-2024T20:47:35 - [TEST_STEP][PASSED] - try: Text '@Helloword' is set on object 'Object Repository/admin/landing_page/input_ARTLENS_pass_1'

23-06-2024T20:47:35 - [TEST_STEP][PASSED] - userIndex = userIndex: null

23-06-2024T20:47:35 - [TEST_STEP][PASSED] - callTestCase(findTestCase("admin/landing_page/header_bar_visible"), [:], STOP_ON_FAILURE): Call Test Case 'Test Cases/admin/landing_page/header_bar_visible' successfully

23-06-2024T20:47:35 - [TEST_CASE][PASSED] - Test Cases/admin/landing_page/header_bar_visible: Test Cases/admin/landing_page/header_bar_visible

23-06-2024T20:47:35 - [TEST_STEP][PASSED] - callTestCase(findTestCase("admin/landing_page/page_acessible"), [:], STOP_ON_FAILURE): Call Test Case 'Test Cases/admin/landing_page/page_acessible' successfully

23-06-2024T20:47:35 - [TEST_CASE][PASSED] - Test Cases/admin/landing_page/page_acessible: Test Cases/admin/landing_page/page_acessible

23-06-2024T20:47:35 - [TEST_STEP][PASSED] - AdminUtils.openWebPage("admin.php"): Navigate to 'http://localhost/SAD/ArtLens/admin.php' successfully

23-06-2024T20:47:35 - [MESSAGE][INFO] - HAR: C:\DevPackage\xampp\htdocs\SAD\ArtLens\Reports\20240623_204104\Test_Admin_Login\20240623_204655\requests\main\1.har

23-06-2024T20:47:35 - [MESSAGE][PASSED] - Send request successfully

23-06-2024T20:47:35 - [MESSAGE][PASSED] - All links are accessible

23-06-2024T20:47:35 - [MESSAGE][PASSED] - Navigate to 'http://localhost/SAD/ArtLens/admin.php' successfully

23-06-2024T20:47:35 - [MESSAGE][PASSED] - Call Test Case 'Test Cases/admin/landing_page/page_acessible' successfully

23-06-2024T20:47:35 - [TEST_STEP][PASSED] - verifyElementPresent(findTestObject("admin/landing_page/nav_ArtLens            Admin Login"), 0): Object 'Object Repository/admin/landing_page/nav_ArtLens            Admin Login' is present

23-06-2024T20:47:35 - [MESSAGE][WARNING] - Timeout '0' is invalid. Using default page load timeout: '30'

23-06-2024T20:47:36 - [MESSAGE][PASSED] - Object 'Object Repository/admin/landing_page/nav_ArtLens            Admin Login' is present

23-06-2024T20:47:36 - [TEST_STEP][PASSED] - verifyElementVisible(findTestObject("admin/landing_page/nav_ArtLens            Admin Login")): Object 'Object Repository/admin/landing_page/nav_ArtLens            Admin Login' is visible

23-06-2024T20:47:36 - [MESSAGE][PASSED] - Object 'Object Repository/admin/landing_page/nav_ArtLens            Admin Login' is visible

23-06-2024T20:47:36 - [MESSAGE][PASSED] - Call Test Case 'Test Cases/admin/landing_page/header_bar_visible' successfully

23-06-2024T20:47:36 - [TEST_STEP][PASSED] - AdminUtils.adminLogin(" ", ValidPasswordCredentials[userIndex], new Script1718796813888$1(this)): Text '@Helloword' is set on object 'Object Repository/admin/landing_page/input_ARTLENS_pass_1'

23-06-2024T20:47:36 - [MESSAGE][WARNING] - Timeout '0' is invalid. Using default page load timeout: '30'

23-06-2024T20:47:36 - [MESSAGE][PASSED] - Object 'Object Repository/admin/landing_page/a_Admin Login' is present

23-06-2024T20:47:36 - [MESSAGE][PASSED] - Object 'Object Repository/admin/landing_page/a_Admin Login' is visible

23-06-2024T20:47:37 - [MESSAGE][PASSED] - Object: 'Object Repository/admin/landing_page/a_Admin Login' is clicked on

23-06-2024T20:47:37 - [MESSAGE][PASSED] - Text ' ' is set on object 'Object Repository/admin/landing_page/input_ARTLENS_uname'

23-06-2024T20:47:38 - [MESSAGE][PASSED] - Object: 'Object Repository/admin/landing_page/button_Show' is clicked on

23-06-2024T20:47:38 - [MESSAGE][PASSED] - Text '@Helloword' is set on object 'Object Repository/admin/landing_page/input_ARTLENS_pass_1'

23-06-2024T20:47:38 - [TEST_STEP][PASSED] - click(findTestObject("admin/landing_page/div_ARTLENS_Modal_Login_Form")): Object: 'Object Repository/admin/landing_page/div_ARTLENS_Modal_Login_Form' is clicked on

23-06-2024T20:47:38 - [MESSAGE][PASSED] - Object: 'Object Repository/admin/landing_page/div_ARTLENS_Modal_Login_Form' is clicked on

23-06-2024T20:47:38 - [TEST_STEP][PASSED] - Thread.sleep(500): null

23-06-2024T20:47:38 - [TEST_STEP][PASSED] - isUsernameInvalid = AdminUtils.containsClass(findTestObject("Object Repository/admin/landing_page/input_ARTLENS_uname"), "is-invalid"): Attribute 'class' of object 'Object Repository/admin/landing_page/input_ARTLENS_uname' is: 'form-control input1'

23-06-2024T20:47:38 - [MESSAGE][PASSED] - Attribute 'class' of object 'Object Repository/admin/landing_page/input_ARTLENS_uname' is: 'form-control input1'

23-06-2024T20:47:38 - [TEST_STEP][FAILED] - if (!(isUsernameInvalid)): 

23-06-2024T20:47:38 - [TEST_STEP][PASSED] - markFailed(): Object: 'Object Repository/admin/landing_page/button_Login' is clicked on

23-06-2024T20:47:38 - [MESSAGE][FAILED] - 

23-06-2024T20:47:38 - [MESSAGE][WARNING] - Timeout '0' is invalid. Using default page load timeout: '30'

23-06-2024T20:47:38 - [MESSAGE][PASSED] - Object 'Object Repository/admin/landing_page/button_Login' is present

23-06-2024T20:47:38 - [MESSAGE][PASSED] - Object 'Object Repository/admin/landing_page/button_Login' is visible

23-06-2024T20:47:39 - [MESSAGE][PASSED] - Object: 'Object Repository/admin/landing_page/button_Login' is clicked on

23-06-2024T20:47:39 - [TEST_STEP][PASSED] - currentUrl = getUrl(): Current window's url is: 'http://localhost/SAD/ArtLens/admin.php'

23-06-2024T20:47:39 - [MESSAGE][PASSED] - Current window's url is: 'http://localhost/SAD/ArtLens/admin.php'

23-06-2024T20:47:39 - [TEST_STEP][PASSED] - expectedUrl = $GlobalVariable.appBaseLinkadmin.php: null

23-06-2024T20:47:39 - [TEST_STEP][PASSED] - isUrlCorrect = verifyMatch(currentUrl, expectedUrl, false): Actual text 'http://localhost/SAD/ArtLens/admin.php' and expected text 'http://localhost/SAD/ArtLens/admin.php' are matched 

23-06-2024T20:47:39 - [MESSAGE][PASSED] - Actual text 'http://localhost/SAD/ArtLens/admin.php' and expected text 'http://localhost/SAD/ArtLens/admin.php' are matched 

23-06-2024T20:47:39 - [TEST_STEP][FAILED] - if (isUrlCorrect): 

23-06-2024T20:47:39 - [TEST_STEP][PASSED] - markPassed("The URL is correct: " + currentUrl): The URL is correct: http://localhost/SAD/ArtLens/admin.php

23-06-2024T20:47:39 - [MESSAGE][PASSED] - The URL is correct: http://localhost/SAD/ArtLens/admin.php

23-06-2024T20:47:39 - [TEST_STEP][PASSED] - isUsernameInvalid = AdminUtils.containsClass(findTestObject("Object Repository/admin/landing_page/input_ARTLENS_uname"), "is-invalid"): Attribute 'class' of object 'Object Repository/admin/landing_page/input_ARTLENS_uname' is: 'form-control input1'

23-06-2024T20:47:39 - [MESSAGE][PASSED] - Attribute 'class' of object 'Object Repository/admin/landing_page/input_ARTLENS_uname' is: 'form-control input1'

23-06-2024T20:47:39 - [TEST_STEP][FAILED] - if (!(isUsernameInvalid)): 

23-06-2024T20:47:39 - [TEST_STEP][FAILED] - markFailed(): 

23-06-2024T20:47:39 - [MESSAGE][FAILED] - 

23-06-2024T20:47:39 - [TEST_STEP][PASSED] - Finally: null

23-06-2024T20:47:39 - [TEST_STEP][PASSED] - Start listener action : sampleAfterTestCase: null]]></system-out>
         <system-err><![CDATA[23-06-2024T20:47:30 - [TEST_CASE][FAILED] - Test Cases/admin/landing_page/login_username_space_only: Test Cases/admin/landing_page/login_username_space_only FAILED.
Reason:
com.kms.katalon.core.exception.StepFailedException
	at com.kms.katalon.core.util.KeywordUtil.markFailed(KeywordUtil.java:19)
	at Script1718796813888$1.execute(Script1718796813888.groovy:41)
	at com.artlens.utils.AdminUtils.adminLogin(AdminUtils.groovy:60)
	at login_username_space_only.run(login_username_space_only:31)
	at com.kms.katalon.core.main.ScriptEngine.run(ScriptEngine.java:194)
	at com.kms.katalon.core.main.ScriptEngine.runScriptAsRawText(ScriptEngine.java:119)
	at com.kms.katalon.core.main.TestCaseExecutor.runScript(TestCaseExecutor.java:448)
	at com.kms.katalon.core.main.TestCaseExecutor.doExecute(TestCaseExecutor.java:439)
	at com.kms.katalon.core.main.TestCaseExecutor.processExecutionPhase(TestCaseExecutor.java:418)
	at com.kms.katalon.core.main.TestCaseExecutor.accessMainPhase(TestCaseExecutor.java:410)
	at com.kms.katalon.core.main.TestCaseExecutor.execute(TestCaseExecutor.java:285)
	at com.kms.katalon.core.common.CommonExecutor.accessTestCaseMainPhase(CommonExecutor.java:65)
	at com.kms.katalon.core.main.TestSuiteExecutor.accessTestSuiteMainPhase(TestSuiteExecutor.java:150)
	at com.kms.katalon.core.main.TestSuiteExecutor.execute(TestSuiteExecutor.java:106)
	at com.kms.katalon.core.main.TestCaseMain.startTestSuite(TestCaseMain.java:180)
	at TempTestSuite1719146815888.run(TempTestSuite1719146815888.groovy:35)
	at java.base/jdk.internal.reflect.NativeMethodAccessorImpl.invoke0(Native Method)
	at java.base/jdk.internal.reflect.NativeMethodAccessorImpl.invoke(NativeMethodAccessorImpl.java:77)
	at java.base/jdk.internal.reflect.DelegatingMethodAccessorImpl.invoke(DelegatingMethodAccessorImpl.java:43)]]></system-err>
      </testcase>
      <testcase name="Test Cases/admin/landing_page/login_all_valid_email_case_incorrect" time="7.968" classname="Test Cases/admin/landing_page/login_all_valid_email_case_incorrect" status="FAILED">
         <failure type="FAILED" message="Test Cases/admin/landing_page/login_all_valid_email_case_incorrect FAILED.&#xa;Reason:&#xa;com.kms.katalon.core.exception.StepFailedException: An error occurred: Actual text 'http://localhost/SAD/ArtLens/adminindex.php' and expected text 'http://localhost/SAD/ArtLens/admin.php' are not matched&#xa;	at com.kms.katalon.core.util.KeywordUtil.markFailed(KeywordUtil.java:19)&#xa;	at login_all_valid_email_case_incorrect.run(login_all_valid_email_case_incorrect:72)&#xa;	at com.kms.katalon.core.main.ScriptEngine.run(ScriptEngine.java:194)&#xa;	at com.kms.katalon.core.main.ScriptEngine.runScriptAsRawText(ScriptEngine.java:119)&#xa;	at com.kms.katalon.core.main.TestCaseExecutor.runScript(TestCaseExecutor.java:448)&#xa;	at com.kms.katalon.core.main.TestCaseExecutor.doExecute(TestCaseExecutor.java:439)&#xa;	at com.kms.katalon.core.main.TestCaseExecutor.processExecutionPhase(TestCaseExecutor.java:418)&#xa;	at com.kms.katalon.core.main.TestCaseExecutor.accessMainPhase(TestCaseExecutor.java:410)&#xa;	at com.kms.katalon.core.main.TestCaseExecutor.execute(TestCaseExecutor.java:285)&#xa;	at com.kms.katalon.core.common.CommonExecutor.accessTestCaseMainPhase(CommonExecutor.java:65)&#xa;	at com.kms.katalon.core.main.TestSuiteExecutor.accessTestSuiteMainPhase(TestSuiteExecutor.java:150)&#xa;	at com.kms.katalon.core.main.TestSuiteExecutor.execute(TestSuiteExecutor.java:106)&#xa;	at com.kms.katalon.core.main.TestCaseMain.startTestSuite(TestCaseMain.java:180)&#xa;	at TempTestSuite1719146815888.run(TempTestSuite1719146815888.groovy:35)&#xa;	at java.base/jdk.internal.reflect.NativeMethodAccessorImpl.invoke0(Native Method)&#xa;	at java.base/jdk.internal.reflect.NativeMethodAccessorImpl.invoke(NativeMethodAccessorImpl.java:77)&#xa;	at java.base/jdk.internal.reflect.DelegatingMethodAccessorImpl.invoke(DelegatingMethodAccessorImpl.java:43)&#xa;"/>
         <system-out><![CDATA[23-06-2024T20:47:39 - [TEST_CASE][FAILED] - Test Cases/admin/landing_page/login_all_valid_email_case_incorrect: Test Cases/admin/landing_page/login_all_valid_email_case_incorrect FAILED.
Reason:
com.kms.katalon.core.exception.StepFailedException: An error occurred: Actual text 'http://localhost/SAD/ArtLens/adminindex.php' and expected text 'http://localhost/SAD/ArtLens/admin.php' are not matched
	at com.kms.katalon.core.util.KeywordUtil.markFailed(KeywordUtil.java:19)
	at login_all_valid_email_case_incorrect.run(login_all_valid_email_case_incorrect:72)
	at com.kms.katalon.core.main.ScriptEngine.run(ScriptEngine.java:194)
	at com.kms.katalon.core.main.ScriptEngine.runScriptAsRawText(ScriptEngine.java:119)
	at com.kms.katalon.core.main.TestCaseExecutor.runScript(TestCaseExecutor.java:448)
	at com.kms.katalon.core.main.TestCaseExecutor.doExecute(TestCaseExecutor.java:439)
	at com.kms.katalon.core.main.TestCaseExecutor.processExecutionPhase(TestCaseExecutor.java:418)
	at com.kms.katalon.core.main.TestCaseExecutor.accessMainPhase(TestCaseExecutor.java:410)
	at com.kms.katalon.core.main.TestCaseExecutor.execute(TestCaseExecutor.java:285)
	at com.kms.katalon.core.common.CommonExecutor.accessTestCaseMainPhase(CommonExecutor.java:65)
	at com.kms.katalon.core.main.TestSuiteExecutor.accessTestSuiteMainPhase(TestSuiteExecutor.java:150)
	at com.kms.katalon.core.main.TestSuiteExecutor.execute(TestSuiteExecutor.java:106)
	at com.kms.katalon.core.main.TestCaseMain.startTestSuite(TestCaseMain.java:180)
	at TempTestSuite1719146815888.run(TempTestSuite1719146815888.groovy:35)
	at java.base/jdk.internal.reflect.NativeMethodAccessorImpl.invoke0(Native Method)
	at java.base/jdk.internal.reflect.NativeMethodAccessorImpl.invoke(NativeMethodAccessorImpl.java:77)
	at java.base/jdk.internal.reflect.DelegatingMethodAccessorImpl.invoke(DelegatingMethodAccessorImpl.java:43)


23-06-2024T20:47:39 - [TEST_STEP][PASSED] - Start listener action : sampleBeforeTestCase: Browser is opened with url: ''

23-06-2024T20:47:39 - [TEST_STEP][PASSED] - println(testCaseContext.getTestCaseId()): null

23-06-2024T20:47:39 - [TEST_STEP][PASSED] - openBrowser(""): Browser is opened with url: ''

23-06-2024T20:47:39 - [MESSAGE][WARNING] - A browser is already opened. Closing browser and opening a new one

23-06-2024T20:47:40 - [MESSAGE][INFO] - Starting 'Firefox (headless)' driver

23-06-2024T20:47:40 - [MESSAGE][INFO] - Action delay is set to 0 milliseconds

23-06-2024T20:47:43 - [MESSAGE][PASSED] - Browser is opened with url: ''

23-06-2024T20:47:43 - [TEST_STEP][FAILED] - try: Unable to verify match between actual text 'http://localhost/SAD/ArtLens/adminindex.php' and expected text 'http://localhost/SAD/ArtLens/admin.php' (Root cause: com.kms.katalon.core.exception.StepFailedException: Actual text 'http://localhost/SAD/ArtLens/adminindex.php' and expected text 'http://localhost/SAD/ArtLens/admin.php' are not matched
	at com.kms.katalon.core.keyword.builtin.VerifyMatchKeyword$_verifyMatch_closure1.doCall(VerifyMatchKeyword.groovy:57)
	at com.kms.katalon.core.keyword.builtin.VerifyMatchKeyword$_verifyMatch_closure1.call(VerifyMatchKeyword.groovy)
	at com.kms.katalon.core.keyword.internal.KeywordMain.runKeyword(KeywordMain.groovy:75)
	at com.kms.katalon.core.keyword.builtin.VerifyMatchKeyword.verifyMatch(VerifyMatchKeyword.groovy:60)
	at com.kms.katalon.core.keyword.builtin.VerifyMatchKeyword.execute(VerifyMatchKeyword.groovy:45)
	at com.kms.katalon.core.keyword.internal.KeywordExecutor.executeKeywordForPlatform(KeywordExecutor.groovy:74)
	at com.kms.katalon.core.keyword.BuiltinKeywords.verifyMatch(BuiltinKeywords.groovy:78)
	at java.base/jdk.internal.reflect.NativeMethodAccessorImpl.invoke0(Native Method)
	at java.base/jdk.internal.reflect.NativeMethodAccessorImpl.invoke(NativeMethodAccessorImpl.java:77)
	at java.base/jdk.internal.reflect.DelegatingMethodAccessorImpl.invoke(DelegatingMethodAccessorImpl.java:43)
	at login_all_valid_email_case_incorrect.run(login_all_valid_email_case_incorrect:62)
	at com.kms.katalon.core.main.ScriptEngine.run(ScriptEngine.java:194)
	at com.kms.katalon.core.main.ScriptEngine.runScriptAsRawText(ScriptEngine.java:119)
	at com.kms.katalon.core.main.TestCaseExecutor.runScript(TestCaseExecutor.java:448)
	at com.kms.katalon.core.main.TestCaseExecutor.doExecute(TestCaseExecutor.java:439)
	at com.kms.katalon.core.main.TestCaseExecutor.processExecutionPhase(TestCaseExecutor.java:418)
	at com.kms.katalon.core.main.TestCaseExecutor.accessMainPhase(TestCaseExecutor.java:410)
	at com.kms.katalon.core.main.TestCaseExecutor.execute(TestCaseExecutor.java:285)
	at com.kms.katalon.core.common.CommonExecutor.accessTestCaseMainPhase(CommonExecutor.java:65)
	at com.kms.katalon.core.main.TestSuiteExecutor.accessTestSuiteMainPhase(TestSuiteExecutor.java:150)
	at com.kms.katalon.core.main.TestSuiteExecutor.execute(TestSuiteExecutor.java:106)
	at com.kms.katalon.core.main.TestCaseMain.startTestSuite(TestCaseMain.java:180)
	at TempTestSuite1719146815888.run(TempTestSuite1719146815888.groovy:35)
	at java.base/jdk.internal.reflect.NativeMethodAccessorImpl.invoke0(Native Method)
	at java.base/jdk.internal.reflect.NativeMethodAccessorImpl.invoke(NativeMethodAccessorImpl.java:77)
	at java.base/jdk.internal.reflect.DelegatingMethodAccessorImpl.invoke(DelegatingMethodAccessorImpl.java:43)
)

23-06-2024T20:47:43 - [TEST_STEP][PASSED] - userIndex = userIndex: null

23-06-2024T20:47:43 - [TEST_STEP][PASSED] - callTestCase(findTestCase("admin/landing_page/header_bar_visible"), [:], STOP_ON_FAILURE): Call Test Case 'Test Cases/admin/landing_page/header_bar_visible' successfully

23-06-2024T20:47:43 - [TEST_CASE][PASSED] - Test Cases/admin/landing_page/header_bar_visible: Test Cases/admin/landing_page/header_bar_visible

23-06-2024T20:47:43 - [TEST_STEP][PASSED] - callTestCase(findTestCase("admin/landing_page/page_acessible"), [:], STOP_ON_FAILURE): Call Test Case 'Test Cases/admin/landing_page/page_acessible' successfully

23-06-2024T20:47:43 - [TEST_CASE][PASSED] - Test Cases/admin/landing_page/page_acessible: Test Cases/admin/landing_page/page_acessible

23-06-2024T20:47:43 - [TEST_STEP][PASSED] - AdminUtils.openWebPage("admin.php"): Navigate to 'http://localhost/SAD/ArtLens/admin.php' successfully

23-06-2024T20:47:43 - [MESSAGE][INFO] - HAR: C:\DevPackage\xampp\htdocs\SAD\ArtLens\Reports\20240623_204104\Test_Admin_Login\20240623_204655\requests\main\2.har

23-06-2024T20:47:43 - [MESSAGE][PASSED] - Send request successfully

23-06-2024T20:47:43 - [MESSAGE][PASSED] - All links are accessible

23-06-2024T20:47:44 - [MESSAGE][PASSED] - Navigate to 'http://localhost/SAD/ArtLens/admin.php' successfully

23-06-2024T20:47:44 - [MESSAGE][PASSED] - Call Test Case 'Test Cases/admin/landing_page/page_acessible' successfully

23-06-2024T20:47:44 - [TEST_STEP][PASSED] - verifyElementPresent(findTestObject("admin/landing_page/nav_ArtLens            Admin Login"), 0): Object 'Object Repository/admin/landing_page/nav_ArtLens            Admin Login' is present

23-06-2024T20:47:44 - [MESSAGE][WARNING] - Timeout '0' is invalid. Using default page load timeout: '30'

23-06-2024T20:47:44 - [MESSAGE][PASSED] - Object 'Object Repository/admin/landing_page/nav_ArtLens            Admin Login' is present

23-06-2024T20:47:44 - [TEST_STEP][PASSED] - verifyElementVisible(findTestObject("admin/landing_page/nav_ArtLens            Admin Login")): Object 'Object Repository/admin/landing_page/nav_ArtLens            Admin Login' is visible

23-06-2024T20:47:44 - [MESSAGE][PASSED] - Object 'Object Repository/admin/landing_page/nav_ArtLens            Admin Login' is visible

23-06-2024T20:47:44 - [MESSAGE][PASSED] - Call Test Case 'Test Cases/admin/landing_page/header_bar_visible' successfully

23-06-2024T20:47:44 - [TEST_STEP][PASSED] - email = ValidUsernameCredentials[userIndex]: null

23-06-2024T20:47:44 - [TEST_STEP][PASSED] - parts = email.split("@"): null

23-06-2024T20:47:44 - [TEST_STEP][PASSED] - usernamePart = parts[0]: null

23-06-2024T20:47:44 - [TEST_STEP][PASSED] - domainPart = parts[1]: null

23-06-2024T20:47:44 - [TEST_STEP][PASSED] - if (Character.isUpperCase(usernamePart.charAt(0))): null

23-06-2024T20:47:44 - [TEST_STEP][PASSED] - else: null

23-06-2024T20:47:44 - [TEST_STEP][PASSED] - usernamePart = usernamePart.toUpperCase(): null

23-06-2024T20:47:44 - [TEST_STEP][PASSED] - modifiedEmail = usernamePart + "@" + domainPart: null

23-06-2024T20:47:44 - [TEST_STEP][PASSED] - logInfo("Modified Email: " + modifiedEmail): Modified Email: ADMIN@gmail.com

23-06-2024T20:47:44 - [MESSAGE][INFO] - Modified Email: ADMIN@gmail.com

23-06-2024T20:47:44 - [TEST_STEP][PASSED] - password = ValidPasswordCredentials[userIndex]: null

23-06-2024T20:47:44 - [TEST_STEP][PASSED] - AdminUtils.adminLogin(modifiedEmail, password): Object: 'Object Repository/admin/landing_page/button_Login' is clicked on

23-06-2024T20:47:44 - [MESSAGE][WARNING] - Timeout '0' is invalid. Using default page load timeout: '30'

23-06-2024T20:47:44 - [MESSAGE][PASSED] - Object 'Object Repository/admin/landing_page/a_Admin Login' is present

23-06-2024T20:47:44 - [MESSAGE][PASSED] - Object 'Object Repository/admin/landing_page/a_Admin Login' is visible

23-06-2024T20:47:46 - [MESSAGE][PASSED] - Object: 'Object Repository/admin/landing_page/a_Admin Login' is clicked on

23-06-2024T20:47:46 - [MESSAGE][PASSED] - Text 'ADMIN@gmail.com' is set on object 'Object Repository/admin/landing_page/input_ARTLENS_uname'

23-06-2024T20:47:46 - [MESSAGE][PASSED] - Object: 'Object Repository/admin/landing_page/button_Show' is clicked on

23-06-2024T20:47:46 - [MESSAGE][PASSED] - Text '@Helloword' is set on object 'Object Repository/admin/landing_page/input_ARTLENS_pass_1'

23-06-2024T20:47:46 - [MESSAGE][WARNING] - Timeout '0' is invalid. Using default page load timeout: '30'

23-06-2024T20:47:46 - [MESSAGE][PASSED] - Object 'Object Repository/admin/landing_page/button_Login' is present

23-06-2024T20:47:46 - [MESSAGE][PASSED] - Object 'Object Repository/admin/landing_page/button_Login' is visible

23-06-2024T20:47:47 - [MESSAGE][PASSED] - Object: 'Object Repository/admin/landing_page/button_Login' is clicked on

23-06-2024T20:47:47 - [TEST_STEP][PASSED] - currentUrl = getUrl(): Current window's url is: 'http://localhost/SAD/ArtLens/adminindex.php'

23-06-2024T20:47:47 - [MESSAGE][PASSED] - Current window's url is: 'http://localhost/SAD/ArtLens/adminindex.php'

23-06-2024T20:47:47 - [TEST_STEP][PASSED] - expectedUrl = $GlobalVariable.appBaseLinkadmin.php: null

23-06-2024T20:47:47 - [TEST_STEP][FAILED] - isUrlCorrect = verifyMatch(currentUrl, expectedUrl, false): Unable to verify match between actual text 'http://localhost/SAD/ArtLens/adminindex.php' and expected text 'http://localhost/SAD/ArtLens/admin.php' (Root cause: com.kms.katalon.core.exception.StepFailedException: Actual text 'http://localhost/SAD/ArtLens/adminindex.php' and expected text 'http://localhost/SAD/ArtLens/admin.php' are not matched
	at com.kms.katalon.core.keyword.builtin.VerifyMatchKeyword$_verifyMatch_closure1.doCall(VerifyMatchKeyword.groovy:57)
	at com.kms.katalon.core.keyword.builtin.VerifyMatchKeyword$_verifyMatch_closure1.call(VerifyMatchKeyword.groovy)
	at com.kms.katalon.core.keyword.internal.KeywordMain.runKeyword(KeywordMain.groovy:75)
	at com.kms.katalon.core.keyword.builtin.VerifyMatchKeyword.verifyMatch(VerifyMatchKeyword.groovy:60)
	at com.kms.katalon.core.keyword.builtin.VerifyMatchKeyword.execute(VerifyMatchKeyword.groovy:45)
	at com.kms.katalon.core.keyword.internal.KeywordExecutor.executeKeywordForPlatform(KeywordExecutor.groovy:74)
	at com.kms.katalon.core.keyword.BuiltinKeywords.verifyMatch(BuiltinKeywords.groovy:78)
	at java.base/jdk.internal.reflect.NativeMethodAccessorImpl.invoke0(Native Method)
	at java.base/jdk.internal.reflect.NativeMethodAccessorImpl.invoke(NativeMethodAccessorImpl.java:77)
	at java.base/jdk.internal.reflect.DelegatingMethodAccessorImpl.invoke(DelegatingMethodAccessorImpl.java:43)
	at login_all_valid_email_case_incorrect.run(login_all_valid_email_case_incorrect:62)
	at com.kms.katalon.core.main.ScriptEngine.run(ScriptEngine.java:194)
	at com.kms.katalon.core.main.ScriptEngine.runScriptAsRawText(ScriptEngine.java:119)
	at com.kms.katalon.core.main.TestCaseExecutor.runScript(TestCaseExecutor.java:448)
	at com.kms.katalon.core.main.TestCaseExecutor.doExecute(TestCaseExecutor.java:439)
	at com.kms.katalon.core.main.TestCaseExecutor.processExecutionPhase(TestCaseExecutor.java:418)
	at com.kms.katalon.core.main.TestCaseExecutor.accessMainPhase(TestCaseExecutor.java:410)
	at com.kms.katalon.core.main.TestCaseExecutor.execute(TestCaseExecutor.java:285)
	at com.kms.katalon.core.common.CommonExecutor.accessTestCaseMainPhase(CommonExecutor.java:65)
	at com.kms.katalon.core.main.TestSuiteExecutor.accessTestSuiteMainPhase(TestSuiteExecutor.java:150)
	at com.kms.katalon.core.main.TestSuiteExecutor.execute(TestSuiteExecutor.java:106)
	at com.kms.katalon.core.main.TestCaseMain.startTestSuite(TestCaseMain.java:180)
	at TempTestSuite1719146815888.run(TempTestSuite1719146815888.groovy:35)
	at java.base/jdk.internal.reflect.NativeMethodAccessorImpl.invoke0(Native Method)
	at java.base/jdk.internal.reflect.NativeMethodAccessorImpl.invoke(NativeMethodAccessorImpl.java:77)
	at java.base/jdk.internal.reflect.DelegatingMethodAccessorImpl.invoke(DelegatingMethodAccessorImpl.java:43)
)

23-06-2024T20:47:47 - [MESSAGE][FAILED] - Unable to verify match between actual text 'http://localhost/SAD/ArtLens/adminindex.php' and expected text 'http://localhost/SAD/ArtLens/admin.php' (Root cause: com.kms.katalon.core.exception.StepFailedException: Actual text 'http://localhost/SAD/ArtLens/adminindex.php' and expected text 'http://localhost/SAD/ArtLens/admin.php' are not matched
	at com.kms.katalon.core.keyword.builtin.VerifyMatchKeyword$_verifyMatch_closure1.doCall(VerifyMatchKeyword.groovy:57)
	at com.kms.katalon.core.keyword.builtin.VerifyMatchKeyword$_verifyMatch_closure1.call(VerifyMatchKeyword.groovy)
	at com.kms.katalon.core.keyword.internal.KeywordMain.runKeyword(KeywordMain.groovy:75)
	at com.kms.katalon.core.keyword.builtin.VerifyMatchKeyword.verifyMatch(VerifyMatchKeyword.groovy:60)
	at com.kms.katalon.core.keyword.builtin.VerifyMatchKeyword.execute(VerifyMatchKeyword.groovy:45)
	at com.kms.katalon.core.keyword.internal.KeywordExecutor.executeKeywordForPlatform(KeywordExecutor.groovy:74)
	at com.kms.katalon.core.keyword.BuiltinKeywords.verifyMatch(BuiltinKeywords.groovy:78)
	at java.base/jdk.internal.reflect.NativeMethodAccessorImpl.invoke0(Native Method)
	at java.base/jdk.internal.reflect.NativeMethodAccessorImpl.invoke(NativeMethodAccessorImpl.java:77)
	at java.base/jdk.internal.reflect.DelegatingMethodAccessorImpl.invoke(DelegatingMethodAccessorImpl.java:43)
	at login_all_valid_email_case_incorrect.run(login_all_valid_email_case_incorrect:62)
	at com.kms.katalon.core.main.ScriptEngine.run(ScriptEngine.java:194)
	at com.kms.katalon.core.main.ScriptEngine.runScriptAsRawText(ScriptEngine.java:119)
	at com.kms.katalon.core.main.TestCaseExecutor.runScript(TestCaseExecutor.java:448)
	at com.kms.katalon.core.main.TestCaseExecutor.doExecute(TestCaseExecutor.java:439)
	at com.kms.katalon.core.main.TestCaseExecutor.processExecutionPhase(TestCaseExecutor.java:418)
	at com.kms.katalon.core.main.TestCaseExecutor.accessMainPhase(TestCaseExecutor.java:410)
	at com.kms.katalon.core.main.TestCaseExecutor.execute(TestCaseExecutor.java:285)
	at com.kms.katalon.core.common.CommonExecutor.accessTestCaseMainPhase(CommonExecutor.java:65)
	at com.kms.katalon.core.main.TestSuiteExecutor.accessTestSuiteMainPhase(TestSuiteExecutor.java:150)
	at com.kms.katalon.core.main.TestSuiteExecutor.execute(TestSuiteExecutor.java:106)
	at com.kms.katalon.core.main.TestCaseMain.startTestSuite(TestCaseMain.java:180)
	at TempTestSuite1719146815888.run(TempTestSuite1719146815888.groovy:35)
	at java.base/jdk.internal.reflect.NativeMethodAccessorImpl.invoke0(Native Method)
	at java.base/jdk.internal.reflect.NativeMethodAccessorImpl.invoke(NativeMethodAccessorImpl.java:77)
	at java.base/jdk.internal.reflect.DelegatingMethodAccessorImpl.invoke(DelegatingMethodAccessorImpl.java:43)
)

23-06-2024T20:47:47 - [TEST_STEP][FAILED] - catch (Exception e): An error occurred: Actual text 'http://localhost/SAD/ArtLens/adminindex.php' and expected text 'http://localhost/SAD/ArtLens/admin.php' are not matched

23-06-2024T20:47:47 - [TEST_STEP][FAILED] - markFailed("An error occurred: " + message): An error occurred: Actual text 'http://localhost/SAD/ArtLens/adminindex.php' and expected text 'http://localhost/SAD/ArtLens/admin.php' are not matched

23-06-2024T20:47:47 - [MESSAGE][FAILED] - An error occurred: Actual text 'http://localhost/SAD/ArtLens/adminindex.php' and expected text 'http://localhost/SAD/ArtLens/admin.php' are not matched

23-06-2024T20:47:47 - [TEST_STEP][PASSED] - Finally: null

23-06-2024T20:47:47 - [TEST_STEP][PASSED] - Start listener action : sampleAfterTestCase: null]]></system-out>
         <system-err><![CDATA[23-06-2024T20:47:39 - [TEST_CASE][FAILED] - Test Cases/admin/landing_page/login_all_valid_email_case_incorrect: Test Cases/admin/landing_page/login_all_valid_email_case_incorrect FAILED.
Reason:
com.kms.katalon.core.exception.StepFailedException: An error occurred: Actual text 'http://localhost/SAD/ArtLens/adminindex.php' and expected text 'http://localhost/SAD/ArtLens/admin.php' are not matched
	at com.kms.katalon.core.util.KeywordUtil.markFailed(KeywordUtil.java:19)
	at login_all_valid_email_case_incorrect.run(login_all_valid_email_case_incorrect:72)
	at com.kms.katalon.core.main.ScriptEngine.run(ScriptEngine.java:194)
	at com.kms.katalon.core.main.ScriptEngine.runScriptAsRawText(ScriptEngine.java:119)
	at com.kms.katalon.core.main.TestCaseExecutor.runScript(TestCaseExecutor.java:448)
	at com.kms.katalon.core.main.TestCaseExecutor.doExecute(TestCaseExecutor.java:439)
	at com.kms.katalon.core.main.TestCaseExecutor.processExecutionPhase(TestCaseExecutor.java:418)
	at com.kms.katalon.core.main.TestCaseExecutor.accessMainPhase(TestCaseExecutor.java:410)
	at com.kms.katalon.core.main.TestCaseExecutor.execute(TestCaseExecutor.java:285)
	at com.kms.katalon.core.common.CommonExecutor.accessTestCaseMainPhase(CommonExecutor.java:65)
	at com.kms.katalon.core.main.TestSuiteExecutor.accessTestSuiteMainPhase(TestSuiteExecutor.java:150)
	at com.kms.katalon.core.main.TestSuiteExecutor.execute(TestSuiteExecutor.java:106)
	at com.kms.katalon.core.main.TestCaseMain.startTestSuite(TestCaseMain.java:180)
	at TempTestSuite1719146815888.run(TempTestSuite1719146815888.groovy:35)
	at java.base/jdk.internal.reflect.NativeMethodAccessorImpl.invoke0(Native Method)
	at java.base/jdk.internal.reflect.NativeMethodAccessorImpl.invoke(NativeMethodAccessorImpl.java:77)
	at java.base/jdk.internal.reflect.DelegatingMethodAccessorImpl.invoke(DelegatingMethodAccessorImpl.java:43)]]></system-err>
      </testcase>
      <testcase name="Test Cases/admin/landing_page/login_all_valid_passwords_case_incorrect" time="8.255" classname="Test Cases/admin/landing_page/login_all_valid_passwords_case_incorrect" status="FAILED">
         <failure type="FAILED" message="Test Cases/admin/landing_page/login_all_valid_passwords_case_incorrect FAILED.&#xa;Reason:&#xa;com.kms.katalon.core.exception.StepFailedException: An error occurred: Actual text 'http://localhost/SAD/ArtLens/adminindex.php' and expected text 'http://localhost/SAD/ArtLens/admin.php' are not matched&#xa;	at com.kms.katalon.core.util.KeywordUtil.markFailed(KeywordUtil.java:19)&#xa;	at login_all_valid_passwords_case_incorrect.run(login_all_valid_passwords_case_incorrect:79)&#xa;	at com.kms.katalon.core.main.ScriptEngine.run(ScriptEngine.java:194)&#xa;	at com.kms.katalon.core.main.ScriptEngine.runScriptAsRawText(ScriptEngine.java:119)&#xa;	at com.kms.katalon.core.main.TestCaseExecutor.runScript(TestCaseExecutor.java:448)&#xa;	at com.kms.katalon.core.main.TestCaseExecutor.doExecute(TestCaseExecutor.java:439)&#xa;	at com.kms.katalon.core.main.TestCaseExecutor.processExecutionPhase(TestCaseExecutor.java:418)&#xa;	at com.kms.katalon.core.main.TestCaseExecutor.accessMainPhase(TestCaseExecutor.java:410)&#xa;	at com.kms.katalon.core.main.TestCaseExecutor.execute(TestCaseExecutor.java:285)&#xa;	at com.kms.katalon.core.common.CommonExecutor.accessTestCaseMainPhase(CommonExecutor.java:65)&#xa;	at com.kms.katalon.core.main.TestSuiteExecutor.accessTestSuiteMainPhase(TestSuiteExecutor.java:150)&#xa;	at com.kms.katalon.core.main.TestSuiteExecutor.execute(TestSuiteExecutor.java:106)&#xa;	at com.kms.katalon.core.main.TestCaseMain.startTestSuite(TestCaseMain.java:180)&#xa;	at TempTestSuite1719146815888.run(TempTestSuite1719146815888.groovy:35)&#xa;	at java.base/jdk.internal.reflect.NativeMethodAccessorImpl.invoke0(Native Method)&#xa;	at java.base/jdk.internal.reflect.NativeMethodAccessorImpl.invoke(NativeMethodAccessorImpl.java:77)&#xa;	at java.base/jdk.internal.reflect.DelegatingMethodAccessorImpl.invoke(DelegatingMethodAccessorImpl.java:43)&#xa;"/>
         <system-out><![CDATA[23-06-2024T20:47:47 - [TEST_CASE][FAILED] - Test Cases/admin/landing_page/login_all_valid_passwords_case_incorrect: Test Cases/admin/landing_page/login_all_valid_passwords_case_incorrect FAILED.
Reason:
com.kms.katalon.core.exception.StepFailedException: An error occurred: Actual text 'http://localhost/SAD/ArtLens/adminindex.php' and expected text 'http://localhost/SAD/ArtLens/admin.php' are not matched
	at com.kms.katalon.core.util.KeywordUtil.markFailed(KeywordUtil.java:19)
	at login_all_valid_passwords_case_incorrect.run(login_all_valid_passwords_case_incorrect:79)
	at com.kms.katalon.core.main.ScriptEngine.run(ScriptEngine.java:194)
	at com.kms.katalon.core.main.ScriptEngine.runScriptAsRawText(ScriptEngine.java:119)
	at com.kms.katalon.core.main.TestCaseExecutor.runScript(TestCaseExecutor.java:448)
	at com.kms.katalon.core.main.TestCaseExecutor.doExecute(TestCaseExecutor.java:439)
	at com.kms.katalon.core.main.TestCaseExecutor.processExecutionPhase(TestCaseExecutor.java:418)
	at com.kms.katalon.core.main.TestCaseExecutor.accessMainPhase(TestCaseExecutor.java:410)
	at com.kms.katalon.core.main.TestCaseExecutor.execute(TestCaseExecutor.java:285)
	at com.kms.katalon.core.common.CommonExecutor.accessTestCaseMainPhase(CommonExecutor.java:65)
	at com.kms.katalon.core.main.TestSuiteExecutor.accessTestSuiteMainPhase(TestSuiteExecutor.java:150)
	at com.kms.katalon.core.main.TestSuiteExecutor.execute(TestSuiteExecutor.java:106)
	at com.kms.katalon.core.main.TestCaseMain.startTestSuite(TestCaseMain.java:180)
	at TempTestSuite1719146815888.run(TempTestSuite1719146815888.groovy:35)
	at java.base/jdk.internal.reflect.NativeMethodAccessorImpl.invoke0(Native Method)
	at java.base/jdk.internal.reflect.NativeMethodAccessorImpl.invoke(NativeMethodAccessorImpl.java:77)
	at java.base/jdk.internal.reflect.DelegatingMethodAccessorImpl.invoke(DelegatingMethodAccessorImpl.java:43)


23-06-2024T20:47:47 - [TEST_STEP][PASSED] - Start listener action : sampleBeforeTestCase: Browser is opened with url: ''

23-06-2024T20:47:47 - [TEST_STEP][PASSED] - println(testCaseContext.getTestCaseId()): null

23-06-2024T20:47:47 - [TEST_STEP][PASSED] - openBrowser(""): Browser is opened with url: ''

23-06-2024T20:47:47 - [MESSAGE][WARNING] - A browser is already opened. Closing browser and opening a new one

23-06-2024T20:47:48 - [MESSAGE][INFO] - Starting 'Firefox (headless)' driver

23-06-2024T20:47:48 - [MESSAGE][INFO] - Action delay is set to 0 milliseconds

23-06-2024T20:47:51 - [MESSAGE][PASSED] - Browser is opened with url: ''

23-06-2024T20:47:51 - [TEST_STEP][FAILED] - try: Unable to verify match between actual text 'http://localhost/SAD/ArtLens/adminindex.php' and expected text 'http://localhost/SAD/ArtLens/admin.php' (Root cause: com.kms.katalon.core.exception.StepFailedException: Actual text 'http://localhost/SAD/ArtLens/adminindex.php' and expected text 'http://localhost/SAD/ArtLens/admin.php' are not matched
	at com.kms.katalon.core.keyword.builtin.VerifyMatchKeyword$_verifyMatch_closure1.doCall(VerifyMatchKeyword.groovy:57)
	at com.kms.katalon.core.keyword.builtin.VerifyMatchKeyword$_verifyMatch_closure1.call(VerifyMatchKeyword.groovy)
	at com.kms.katalon.core.keyword.internal.KeywordMain.runKeyword(KeywordMain.groovy:75)
	at com.kms.katalon.core.keyword.builtin.VerifyMatchKeyword.verifyMatch(VerifyMatchKeyword.groovy:60)
	at com.kms.katalon.core.keyword.builtin.VerifyMatchKeyword.execute(VerifyMatchKeyword.groovy:45)
	at com.kms.katalon.core.keyword.internal.KeywordExecutor.executeKeywordForPlatform(KeywordExecutor.groovy:74)
	at com.kms.katalon.core.keyword.BuiltinKeywords.verifyMatch(BuiltinKeywords.groovy:78)
	at java.base/jdk.internal.reflect.NativeMethodAccessorImpl.invoke0(Native Method)
	at java.base/jdk.internal.reflect.NativeMethodAccessorImpl.invoke(NativeMethodAccessorImpl.java:77)
	at java.base/jdk.internal.reflect.DelegatingMethodAccessorImpl.invoke(DelegatingMethodAccessorImpl.java:43)
	at login_all_valid_passwords_case_incorrect.run(login_all_valid_passwords_case_incorrect:69)
	at com.kms.katalon.core.main.ScriptEngine.run(ScriptEngine.java:194)
	at com.kms.katalon.core.main.ScriptEngine.runScriptAsRawText(ScriptEngine.java:119)
	at com.kms.katalon.core.main.TestCaseExecutor.runScript(TestCaseExecutor.java:448)
	at com.kms.katalon.core.main.TestCaseExecutor.doExecute(TestCaseExecutor.java:439)
	at com.kms.katalon.core.main.TestCaseExecutor.processExecutionPhase(TestCaseExecutor.java:418)
	at com.kms.katalon.core.main.TestCaseExecutor.accessMainPhase(TestCaseExecutor.java:410)
	at com.kms.katalon.core.main.TestCaseExecutor.execute(TestCaseExecutor.java:285)
	at com.kms.katalon.core.common.CommonExecutor.accessTestCaseMainPhase(CommonExecutor.java:65)
	at com.kms.katalon.core.main.TestSuiteExecutor.accessTestSuiteMainPhase(TestSuiteExecutor.java:150)
	at com.kms.katalon.core.main.TestSuiteExecutor.execute(TestSuiteExecutor.java:106)
	at com.kms.katalon.core.main.TestCaseMain.startTestSuite(TestCaseMain.java:180)
	at TempTestSuite1719146815888.run(TempTestSuite1719146815888.groovy:35)
	at java.base/jdk.internal.reflect.NativeMethodAccessorImpl.invoke0(Native Method)
	at java.base/jdk.internal.reflect.NativeMethodAccessorImpl.invoke(NativeMethodAccessorImpl.java:77)
	at java.base/jdk.internal.reflect.DelegatingMethodAccessorImpl.invoke(DelegatingMethodAccessorImpl.java:43)
)

23-06-2024T20:47:51 - [TEST_STEP][PASSED] - userIndex = userIndex: null

23-06-2024T20:47:51 - [TEST_STEP][PASSED] - callTestCase(findTestCase("admin/landing_page/header_bar_visible"), [:], STOP_ON_FAILURE): Call Test Case 'Test Cases/admin/landing_page/header_bar_visible' successfully

23-06-2024T20:47:52 - [TEST_CASE][PASSED] - Test Cases/admin/landing_page/header_bar_visible: Test Cases/admin/landing_page/header_bar_visible

23-06-2024T20:47:52 - [TEST_STEP][PASSED] - callTestCase(findTestCase("admin/landing_page/page_acessible"), [:], STOP_ON_FAILURE): Call Test Case 'Test Cases/admin/landing_page/page_acessible' successfully

23-06-2024T20:47:52 - [TEST_CASE][PASSED] - Test Cases/admin/landing_page/page_acessible: Test Cases/admin/landing_page/page_acessible

23-06-2024T20:47:52 - [TEST_STEP][PASSED] - AdminUtils.openWebPage("admin.php"): Navigate to 'http://localhost/SAD/ArtLens/admin.php' successfully

23-06-2024T20:47:52 - [MESSAGE][INFO] - HAR: C:\DevPackage\xampp\htdocs\SAD\ArtLens\Reports\20240623_204104\Test_Admin_Login\20240623_204655\requests\main\3.har

23-06-2024T20:47:52 - [MESSAGE][PASSED] - Send request successfully

23-06-2024T20:47:52 - [MESSAGE][PASSED] - All links are accessible

23-06-2024T20:47:52 - [MESSAGE][PASSED] - Navigate to 'http://localhost/SAD/ArtLens/admin.php' successfully

23-06-2024T20:47:52 - [MESSAGE][PASSED] - Call Test Case 'Test Cases/admin/landing_page/page_acessible' successfully

23-06-2024T20:47:52 - [TEST_STEP][PASSED] - verifyElementPresent(findTestObject("admin/landing_page/nav_ArtLens            Admin Login"), 0): Object 'Object Repository/admin/landing_page/nav_ArtLens            Admin Login' is present

23-06-2024T20:47:52 - [MESSAGE][WARNING] - Timeout '0' is invalid. Using default page load timeout: '30'

23-06-2024T20:47:52 - [MESSAGE][PASSED] - Object 'Object Repository/admin/landing_page/nav_ArtLens            Admin Login' is present

23-06-2024T20:47:52 - [TEST_STEP][PASSED] - verifyElementVisible(findTestObject("admin/landing_page/nav_ArtLens            Admin Login")): Object 'Object Repository/admin/landing_page/nav_ArtLens            Admin Login' is visible

23-06-2024T20:47:53 - [MESSAGE][PASSED] - Object 'Object Repository/admin/landing_page/nav_ArtLens            Admin Login' is visible

23-06-2024T20:47:53 - [MESSAGE][PASSED] - Call Test Case 'Test Cases/admin/landing_page/header_bar_visible' successfully

23-06-2024T20:47:53 - [TEST_STEP][PASSED] - password = ValidPasswordCredentials[userIndex]: null

23-06-2024T20:47:53 - [TEST_STEP][PASSED] - passwordChars = password.toCharArray(): null

23-06-2024T20:47:53 - [TEST_STEP][PASSED] - caseChanged = false: null

23-06-2024T20:47:53 - [TEST_STEP][PASSED] - for ([i = 0, i < length, (i++)]): null

23-06-2024T20:47:53 - [TEST_STEP][PASSED] - currentChar = passwordChars[i]: null

23-06-2024T20:47:53 - [TEST_STEP][PASSED] - if (Character.isLetter(currentChar)): null

23-06-2024T20:47:53 - [TEST_STEP][PASSED] - currentChar = passwordChars[i]: null

23-06-2024T20:47:53 - [TEST_STEP][PASSED] - if (Character.isLetter(currentChar)): null

23-06-2024T20:47:53 - [TEST_STEP][PASSED] - if (Character.isUpperCase(currentChar)): null

23-06-2024T20:47:53 - [TEST_STEP][PASSED] - passwordChars[i] = Character.toLowerCase(currentChar): null

23-06-2024T20:47:53 - [TEST_STEP][PASSED] - caseChanged = true: null

23-06-2024T20:47:53 - [TEST_STEP][PASSED] - break: null

23-06-2024T20:47:53 - [TEST_STEP][PASSED] - if (!(caseChanged) && length > 0): null

23-06-2024T20:47:53 - [TEST_STEP][PASSED] - password = new java.lang.String(passwordChars): null

23-06-2024T20:47:53 - [TEST_STEP][PASSED] - logInfo("Modified Password: " + password): Modified Password: @helloword

23-06-2024T20:47:53 - [MESSAGE][INFO] - Modified Password: @helloword

23-06-2024T20:47:53 - [TEST_STEP][PASSED] - AdminUtils.adminLogin(ValidUsernameCredentials[userIndex], password): Object: 'Object Repository/admin/landing_page/button_Login' is clicked on

23-06-2024T20:47:53 - [MESSAGE][WARNING] - Timeout '0' is invalid. Using default page load timeout: '30'

23-06-2024T20:47:53 - [MESSAGE][PASSED] - Object 'Object Repository/admin/landing_page/a_Admin Login' is present

23-06-2024T20:47:53 - [MESSAGE][PASSED] - Object 'Object Repository/admin/landing_page/a_Admin Login' is visible

23-06-2024T20:47:54 - [MESSAGE][PASSED] - Object: 'Object Repository/admin/landing_page/a_Admin Login' is clicked on

23-06-2024T20:47:54 - [MESSAGE][PASSED] - Text 'admin@gmail.com' is set on object 'Object Repository/admin/landing_page/input_ARTLENS_uname'

23-06-2024T20:47:55 - [MESSAGE][PASSED] - Object: 'Object Repository/admin/landing_page/button_Show' is clicked on

23-06-2024T20:47:55 - [MESSAGE][PASSED] - Text '@helloword' is set on object 'Object Repository/admin/landing_page/input_ARTLENS_pass_1'

23-06-2024T20:47:55 - [MESSAGE][WARNING] - Timeout '0' is invalid. Using default page load timeout: '30'

23-06-2024T20:47:55 - [MESSAGE][PASSED] - Object 'Object Repository/admin/landing_page/button_Login' is present

23-06-2024T20:47:55 - [MESSAGE][PASSED] - Object 'Object Repository/admin/landing_page/button_Login' is visible

23-06-2024T20:47:55 - [MESSAGE][PASSED] - Object: 'Object Repository/admin/landing_page/button_Login' is clicked on

23-06-2024T20:47:55 - [TEST_STEP][PASSED] - currentUrl = getUrl(): Current window's url is: 'http://localhost/SAD/ArtLens/adminindex.php'

23-06-2024T20:47:55 - [MESSAGE][PASSED] - Current window's url is: 'http://localhost/SAD/ArtLens/adminindex.php'

23-06-2024T20:47:55 - [TEST_STEP][PASSED] - expectedUrl = $GlobalVariable.appBaseLinkadmin.php: null

23-06-2024T20:47:55 - [TEST_STEP][FAILED] - isUrlCorrect = verifyMatch(currentUrl, expectedUrl, false): Unable to verify match between actual text 'http://localhost/SAD/ArtLens/adminindex.php' and expected text 'http://localhost/SAD/ArtLens/admin.php' (Root cause: com.kms.katalon.core.exception.StepFailedException: Actual text 'http://localhost/SAD/ArtLens/adminindex.php' and expected text 'http://localhost/SAD/ArtLens/admin.php' are not matched
	at com.kms.katalon.core.keyword.builtin.VerifyMatchKeyword$_verifyMatch_closure1.doCall(VerifyMatchKeyword.groovy:57)
	at com.kms.katalon.core.keyword.builtin.VerifyMatchKeyword$_verifyMatch_closure1.call(VerifyMatchKeyword.groovy)
	at com.kms.katalon.core.keyword.internal.KeywordMain.runKeyword(KeywordMain.groovy:75)
	at com.kms.katalon.core.keyword.builtin.VerifyMatchKeyword.verifyMatch(VerifyMatchKeyword.groovy:60)
	at com.kms.katalon.core.keyword.builtin.VerifyMatchKeyword.execute(VerifyMatchKeyword.groovy:45)
	at com.kms.katalon.core.keyword.internal.KeywordExecutor.executeKeywordForPlatform(KeywordExecutor.groovy:74)
	at com.kms.katalon.core.keyword.BuiltinKeywords.verifyMatch(BuiltinKeywords.groovy:78)
	at java.base/jdk.internal.reflect.NativeMethodAccessorImpl.invoke0(Native Method)
	at java.base/jdk.internal.reflect.NativeMethodAccessorImpl.invoke(NativeMethodAccessorImpl.java:77)
	at java.base/jdk.internal.reflect.DelegatingMethodAccessorImpl.invoke(DelegatingMethodAccessorImpl.java:43)
	at login_all_valid_passwords_case_incorrect.run(login_all_valid_passwords_case_incorrect:69)
	at com.kms.katalon.core.main.ScriptEngine.run(ScriptEngine.java:194)
	at com.kms.katalon.core.main.ScriptEngine.runScriptAsRawText(ScriptEngine.java:119)
	at com.kms.katalon.core.main.TestCaseExecutor.runScript(TestCaseExecutor.java:448)
	at com.kms.katalon.core.main.TestCaseExecutor.doExecute(TestCaseExecutor.java:439)
	at com.kms.katalon.core.main.TestCaseExecutor.processExecutionPhase(TestCaseExecutor.java:418)
	at com.kms.katalon.core.main.TestCaseExecutor.accessMainPhase(TestCaseExecutor.java:410)
	at com.kms.katalon.core.main.TestCaseExecutor.execute(TestCaseExecutor.java:285)
	at com.kms.katalon.core.common.CommonExecutor.accessTestCaseMainPhase(CommonExecutor.java:65)
	at com.kms.katalon.core.main.TestSuiteExecutor.accessTestSuiteMainPhase(TestSuiteExecutor.java:150)
	at com.kms.katalon.core.main.TestSuiteExecutor.execute(TestSuiteExecutor.java:106)
	at com.kms.katalon.core.main.TestCaseMain.startTestSuite(TestCaseMain.java:180)
	at TempTestSuite1719146815888.run(TempTestSuite1719146815888.groovy:35)
	at java.base/jdk.internal.reflect.NativeMethodAccessorImpl.invoke0(Native Method)
	at java.base/jdk.internal.reflect.NativeMethodAccessorImpl.invoke(NativeMethodAccessorImpl.java:77)
	at java.base/jdk.internal.reflect.DelegatingMethodAccessorImpl.invoke(DelegatingMethodAccessorImpl.java:43)
)

23-06-2024T20:47:55 - [MESSAGE][FAILED] - Unable to verify match between actual text 'http://localhost/SAD/ArtLens/adminindex.php' and expected text 'http://localhost/SAD/ArtLens/admin.php' (Root cause: com.kms.katalon.core.exception.StepFailedException: Actual text 'http://localhost/SAD/ArtLens/adminindex.php' and expected text 'http://localhost/SAD/ArtLens/admin.php' are not matched
	at com.kms.katalon.core.keyword.builtin.VerifyMatchKeyword$_verifyMatch_closure1.doCall(VerifyMatchKeyword.groovy:57)
	at com.kms.katalon.core.keyword.builtin.VerifyMatchKeyword$_verifyMatch_closure1.call(VerifyMatchKeyword.groovy)
	at com.kms.katalon.core.keyword.internal.KeywordMain.runKeyword(KeywordMain.groovy:75)
	at com.kms.katalon.core.keyword.builtin.VerifyMatchKeyword.verifyMatch(VerifyMatchKeyword.groovy:60)
	at com.kms.katalon.core.keyword.builtin.VerifyMatchKeyword.execute(VerifyMatchKeyword.groovy:45)
	at com.kms.katalon.core.keyword.internal.KeywordExecutor.executeKeywordForPlatform(KeywordExecutor.groovy:74)
	at com.kms.katalon.core.keyword.BuiltinKeywords.verifyMatch(BuiltinKeywords.groovy:78)
	at java.base/jdk.internal.reflect.NativeMethodAccessorImpl.invoke0(Native Method)
	at java.base/jdk.internal.reflect.NativeMethodAccessorImpl.invoke(NativeMethodAccessorImpl.java:77)
	at java.base/jdk.internal.reflect.DelegatingMethodAccessorImpl.invoke(DelegatingMethodAccessorImpl.java:43)
	at login_all_valid_passwords_case_incorrect.run(login_all_valid_passwords_case_incorrect:69)
	at com.kms.katalon.core.main.ScriptEngine.run(ScriptEngine.java:194)
	at com.kms.katalon.core.main.ScriptEngine.runScriptAsRawText(ScriptEngine.java:119)
	at com.kms.katalon.core.main.TestCaseExecutor.runScript(TestCaseExecutor.java:448)
	at com.kms.katalon.core.main.TestCaseExecutor.doExecute(TestCaseExecutor.java:439)
	at com.kms.katalon.core.main.TestCaseExecutor.processExecutionPhase(TestCaseExecutor.java:418)
	at com.kms.katalon.core.main.TestCaseExecutor.accessMainPhase(TestCaseExecutor.java:410)
	at com.kms.katalon.core.main.TestCaseExecutor.execute(TestCaseExecutor.java:285)
	at com.kms.katalon.core.common.CommonExecutor.accessTestCaseMainPhase(CommonExecutor.java:65)
	at com.kms.katalon.core.main.TestSuiteExecutor.accessTestSuiteMainPhase(TestSuiteExecutor.java:150)
	at com.kms.katalon.core.main.TestSuiteExecutor.execute(TestSuiteExecutor.java:106)
	at com.kms.katalon.core.main.TestCaseMain.startTestSuite(TestCaseMain.java:180)
	at TempTestSuite1719146815888.run(TempTestSuite1719146815888.groovy:35)
	at java.base/jdk.internal.reflect.NativeMethodAccessorImpl.invoke0(Native Method)
	at java.base/jdk.internal.reflect.NativeMethodAccessorImpl.invoke(NativeMethodAccessorImpl.java:77)
	at java.base/jdk.internal.reflect.DelegatingMethodAccessorImpl.invoke(DelegatingMethodAccessorImpl.java:43)
)

23-06-2024T20:47:55 - [TEST_STEP][FAILED] - catch (Exception e): An error occurred: Actual text 'http://localhost/SAD/ArtLens/adminindex.php' and expected text 'http://localhost/SAD/ArtLens/admin.php' are not matched

23-06-2024T20:47:55 - [TEST_STEP][FAILED] - markFailed("An error occurred: " + message): An error occurred: Actual text 'http://localhost/SAD/ArtLens/adminindex.php' and expected text 'http://localhost/SAD/ArtLens/admin.php' are not matched

23-06-2024T20:47:55 - [MESSAGE][FAILED] - An error occurred: Actual text 'http://localhost/SAD/ArtLens/adminindex.php' and expected text 'http://localhost/SAD/ArtLens/admin.php' are not matched

23-06-2024T20:47:55 - [TEST_STEP][PASSED] - Finally: null

23-06-2024T20:47:55 - [TEST_STEP][PASSED] - Start listener action : sampleAfterTestCase: null]]></system-out>
         <system-err><![CDATA[23-06-2024T20:47:47 - [TEST_CASE][FAILED] - Test Cases/admin/landing_page/login_all_valid_passwords_case_incorrect: Test Cases/admin/landing_page/login_all_valid_passwords_case_incorrect FAILED.
Reason:
com.kms.katalon.core.exception.StepFailedException: An error occurred: Actual text 'http://localhost/SAD/ArtLens/adminindex.php' and expected text 'http://localhost/SAD/ArtLens/admin.php' are not matched
	at com.kms.katalon.core.util.KeywordUtil.markFailed(KeywordUtil.java:19)
	at login_all_valid_passwords_case_incorrect.run(login_all_valid_passwords_case_incorrect:79)
	at com.kms.katalon.core.main.ScriptEngine.run(ScriptEngine.java:194)
	at com.kms.katalon.core.main.ScriptEngine.runScriptAsRawText(ScriptEngine.java:119)
	at com.kms.katalon.core.main.TestCaseExecutor.runScript(TestCaseExecutor.java:448)
	at com.kms.katalon.core.main.TestCaseExecutor.doExecute(TestCaseExecutor.java:439)
	at com.kms.katalon.core.main.TestCaseExecutor.processExecutionPhase(TestCaseExecutor.java:418)
	at com.kms.katalon.core.main.TestCaseExecutor.accessMainPhase(TestCaseExecutor.java:410)
	at com.kms.katalon.core.main.TestCaseExecutor.execute(TestCaseExecutor.java:285)
	at com.kms.katalon.core.common.CommonExecutor.accessTestCaseMainPhase(CommonExecutor.java:65)
	at com.kms.katalon.core.main.TestSuiteExecutor.accessTestSuiteMainPhase(TestSuiteExecutor.java:150)
	at com.kms.katalon.core.main.TestSuiteExecutor.execute(TestSuiteExecutor.java:106)
	at com.kms.katalon.core.main.TestCaseMain.startTestSuite(TestCaseMain.java:180)
	at TempTestSuite1719146815888.run(TempTestSuite1719146815888.groovy:35)
	at java.base/jdk.internal.reflect.NativeMethodAccessorImpl.invoke0(Native Method)
	at java.base/jdk.internal.reflect.NativeMethodAccessorImpl.invoke(NativeMethodAccessorImpl.java:77)
	at java.base/jdk.internal.reflect.DelegatingMethodAccessorImpl.invoke(DelegatingMethodAccessorImpl.java:43)]]></system-err>
      </testcase>
      <system-out><![CDATA[23-06-2024T20:47:14 - [TEST_SUITE][FAILED] - Test_Admin_Login: Test Cases/admin/landing_page/login_username_password_space_only FAILED.
Reason:
com.kms.katalon.core.exception.StepFailedException: Validation failed. Username has no invalid feedback: 
	at com.kms.katalon.core.util.KeywordUtil.markFailed(KeywordUtil.java:19)
	at Script1718796904306$1.execute(Script1718796904306.groovy:39)
	at com.artlens.utils.AdminUtils.adminLogin(AdminUtils.groovy:60)
	at login_username_password_space_only.run(login_username_password_space_only:28)
	at com.kms.katalon.core.main.ScriptEngine.run(ScriptEngine.java:194)
	at com.kms.katalon.core.main.ScriptEngine.runScriptAsRawText(ScriptEngine.java:119)
	at com.kms.katalon.core.main.TestCaseExecutor.runScript(TestCaseExecutor.java:448)
	at com.kms.katalon.core.main.TestCaseExecutor.doExecute(TestCaseExecutor.java:439)
	at com.kms.katalon.core.main.TestCaseExecutor.processExecutionPhase(TestCaseExecutor.java:418)
	at com.kms.katalon.core.main.TestCaseExecutor.accessMainPhase(TestCaseExecutor.java:410)
	at com.kms.katalon.core.main.TestCaseExecutor.execute(TestCaseExecutor.java:285)
	at com.kms.katalon.core.common.CommonExecutor.accessTestCaseMainPhase(CommonExecutor.java:65)
	at com.kms.katalon.core.main.TestSuiteExecutor.accessTestSuiteMainPhase(TestSuiteExecutor.java:150)
	at com.kms.katalon.core.main.TestSuiteExecutor.execute(TestSuiteExecutor.java:106)
	at com.kms.katalon.core.main.TestCaseMain.startTestSuite(TestCaseMain.java:180)
	at TempTestSuite1719146815888.run(TempTestSuite1719146815888.groovy:35)
	at java.base/jdk.internal.reflect.NativeMethodAccessorImpl.invoke0(Native Method)
	at java.base/jdk.internal.reflect.NativeMethodAccessorImpl.invoke(NativeMethodAccessorImpl.java:77)
	at java.base/jdk.internal.reflect.DelegatingMethodAccessorImpl.invoke(DelegatingMethodAccessorImpl.java:43)]]></system-out>
      <system-err><![CDATA[23-06-2024T20:47:14 - [TEST_SUITE][FAILED] - Test_Admin_Login: Test Cases/admin/landing_page/login_username_password_space_only FAILED.
Reason:
com.kms.katalon.core.exception.StepFailedException: Validation failed. Username has no invalid feedback: 
	at com.kms.katalon.core.util.KeywordUtil.markFailed(KeywordUtil.java:19)
	at Script1718796904306$1.execute(Script1718796904306.groovy:39)
	at com.artlens.utils.AdminUtils.adminLogin(AdminUtils.groovy:60)
	at login_username_password_space_only.run(login_username_password_space_only:28)
	at com.kms.katalon.core.main.ScriptEngine.run(ScriptEngine.java:194)
	at com.kms.katalon.core.main.ScriptEngine.runScriptAsRawText(ScriptEngine.java:119)
	at com.kms.katalon.core.main.TestCaseExecutor.runScript(TestCaseExecutor.java:448)
	at com.kms.katalon.core.main.TestCaseExecutor.doExecute(TestCaseExecutor.java:439)
	at com.kms.katalon.core.main.TestCaseExecutor.processExecutionPhase(TestCaseExecutor.java:418)
	at com.kms.katalon.core.main.TestCaseExecutor.accessMainPhase(TestCaseExecutor.java:410)
	at com.kms.katalon.core.main.TestCaseExecutor.execute(TestCaseExecutor.java:285)
	at com.kms.katalon.core.common.CommonExecutor.accessTestCaseMainPhase(CommonExecutor.java:65)
	at com.kms.katalon.core.main.TestSuiteExecutor.accessTestSuiteMainPhase(TestSuiteExecutor.java:150)
	at com.kms.katalon.core.main.TestSuiteExecutor.execute(TestSuiteExecutor.java:106)
	at com.kms.katalon.core.main.TestCaseMain.startTestSuite(TestCaseMain.java:180)
	at TempTestSuite1719146815888.run(TempTestSuite1719146815888.groovy:35)
	at java.base/jdk.internal.reflect.NativeMethodAccessorImpl.invoke0(Native Method)
	at java.base/jdk.internal.reflect.NativeMethodAccessorImpl.invoke(NativeMethodAccessorImpl.java:77)
	at java.base/jdk.internal.reflect.DelegatingMethodAccessorImpl.invoke(DelegatingMethodAccessorImpl.java:43)]]></system-err>
   </testsuite>
</testsuites>
